============================================================
  Generated by:           Encounter(R) RTL Compiler v14.10-s022_1
  Generated on:           Jul 25 2021  12:43:32 pm
  Module:                 dsc_serial_mul_synth
  Technology library:     gscl45nm 
  Operating conditions:   typical (balanced_tree)
  Wireload mode:          enclosed
  Area mode:              timing library
============================================================

                                  Leakage    Dynamic     Total   
         Instance          Cells Power(nW)  Power(nW)  Power(nW) 
-----------------------------------------------------------------
dsc_serial_mul_synth         179  5575.935 346921.752 352497.687 
  TOP                        179  5575.935 334965.288 340541.223 
    stoch2bin                 63  2522.837 132492.341 135015.178 
    genblk1[2].genblk1.sng    39  1026.311  59144.877  60171.188 
      ctr                     24   930.125  52097.193  53027.319 
    genblk1[1].genblk1.sng    38  1006.557  69200.659  70207.216 
      ctr                     23   910.372  61576.520  62486.892 
    genblk1[0].genblk1.sng    37   989.018  68354.108  69343.126 
      ctr                     22   892.833  61706.921  62599.753 

