============================================================
  Generated by:           Encounter(R) RTL Compiler v14.10-s022_1
  Generated on:           Jul 25 2021  12:43:15 pm
  Module:                 dsc_serial_mul_synth
  Technology library:     gscl45nm 
  Operating conditions:   typical (balanced_tree)
  Wireload mode:          enclosed
  Area mode:              timing library
============================================================

                                  Leakage    Dynamic     Total   
         Instance          Cells Power(nW)  Power(nW)  Power(nW) 
-----------------------------------------------------------------
dsc_serial_mul_synth          90  2990.888 196689.994 199680.881 
  TOP                         90  2990.888 189702.546 192693.434 
    stoch2bin                 33  1345.496  70694.540  72040.036 
    genblk1[2].genblk1.sng    19   551.229  33055.917  33607.146 
      ctr                     13   520.139  30947.720  31467.860 
    genblk1[0].genblk1.sng    18   531.475  42056.052  42587.527 
      ctr                     12   500.386  39948.687  40449.072 
    genblk1[1].genblk1.sng    18   531.475  41227.070  41758.545 
      ctr                     12   500.386  39126.266  39626.652 

