============================================================
  Generated by:           Encounter(R) RTL Compiler v14.10-s022_1
  Generated on:           Jul 25 2021  12:43:07 pm
  Module:                 dsc_serial_mul_synth
  Technology library:     gscl45nm 
  Operating conditions:   typical (balanced_tree)
  Wireload mode:          enclosed
  Area mode:              timing library
============================================================

                                  Leakage    Dynamic     Total   
         Instance          Cells Power(nW)  Power(nW)  Power(nW) 
-----------------------------------------------------------------
dsc_serial_mul_synth         313  9068.963 514689.678 523758.641 
  TOP                        313  9068.963 493703.816 502772.779 
    stoch2bin                104  4097.310 212488.873 216586.184 
      inc_add_23_27_2         20   948.882  13967.467  14916.350 
    genblk1[1].genblk1.sng   110  2514.606 132071.912 134586.518 
      ctr                     64  2143.338 109500.899 111644.238 
    genblk1[0].genblk1.sng    98  2441.441 141769.315 144210.756 
      ctr                     52  2070.173 119491.942 121562.115 

