============================================================
  Generated by:           Encounter(R) RTL Compiler v14.10-s022_1
  Generated on:           Jul 25 2021  12:43:07 pm
  Module:                 dsc_serial_mul_synth
  Technology library:     gscl45nm 
  Operating conditions:   typical (balanced_tree)
  Wireload mode:          enclosed
  Area mode:              timing library
============================================================

         Instance           Cells  Cell Area  Net Area  Total Area  Wireload     
---------------------------------------------------------------------------------
dsc_serial_mul_synth          313       1175         0        1175    <none> (D) 
  TOP                         313       1175         0        1175    <none> (D) 
    stoch2bin                 104        469         0         469    <none> (D) 
      inc_add_23_27_2          20         94         0          94    <none> (D) 
    genblk1[1].genblk1.sng    110        363         0         363    <none> (D) 
      ctr                      64        260         0         260    <none> (D) 
    genblk1[0].genblk1.sng     98        340         0         340    <none> (D) 
      ctr                      52        237         0         237    <none> (D) 

 (D) = wireload is default in technology library
