============================================================
  Generated by:           Encounter(R) RTL Compiler v14.10-s022_1
  Generated on:           Jul 25 2021  12:44:47 pm
  Module:                 dsc_serial_mul_synth
  Technology library:     gscl45nm 
  Operating conditions:   typical (balanced_tree)
  Wireload mode:          enclosed
  Area mode:              timing library
============================================================

         Instance           Cells  Cell Area  Net Area  Total Area  Wireload     
---------------------------------------------------------------------------------
dsc_serial_mul_synth          175        701         0         701    <none> (D) 
  TOP                         175        701         0         701    <none> (D) 
    stoch2bin                  63        286         0         286    <none> (D) 
    genblk1[3].genblk1.sng     28        104         0         104    <none> (D) 
      ctr                      18         82         0          82    <none> (D) 
    genblk1[2].genblk1.sng     27        101         0         101    <none> (D) 
      ctr                      17         79         0          79    <none> (D) 
    genblk1[1].genblk1.sng     27        101         0         101    <none> (D) 
      ctr                      17         79         0          79    <none> (D) 
    genblk1[0].genblk1.sng     27        101         0         101    <none> (D) 
      ctr                      17         79         0          79    <none> (D) 

 (D) = wireload is default in technology library
