============================================================
  Generated by:           Encounter(R) RTL Compiler v14.10-s022_1
  Generated on:           Jul 25 2021  12:45:06 pm
  Module:                 dsc_serial_mul_synth
  Technology library:     gscl45nm 
  Operating conditions:   typical (balanced_tree)
  Wireload mode:          enclosed
  Area mode:              timing library
============================================================

         Instance           Cells  Cell Area  Net Area  Total Area  Wireload     
---------------------------------------------------------------------------------
dsc_serial_mul_synth          292       1143         0        1143    <none> (D) 
  TOP                         292       1143         0        1143    <none> (D) 
    stoch2bin                 104        469         0         469    <none> (D) 
      inc_add_23_27_1          20         94         0          94    <none> (D) 
    genblk1[3].genblk1.sng     47        168         0         168    <none> (D) 
      ctr                      28        127         0         127    <none> (D) 
    genblk1[2].genblk1.sng     46        166         0         166    <none> (D) 
      ctr                      27        124         0         124    <none> (D) 
    genblk1[1].genblk1.sng     46        166         0         166    <none> (D) 
      ctr                      27        124         0         124    <none> (D) 
    genblk1[0].genblk1.sng     46        166         0         166    <none> (D) 
      ctr                      27        124         0         124    <none> (D) 

 (D) = wireload is default in technology library
