============================================================
  Generated by:           Encounter(R) RTL Compiler v14.10-s022_1
  Generated on:           Jul 25 2021  12:47:40 pm
  Module:                 dsc_serial_mul_synth
  Technology library:     gscl45nm 
  Operating conditions:   typical (balanced_tree)
  Wireload mode:          enclosed
  Area mode:              timing library
============================================================

          Pin                Type       Fanout Load Slew Delay Arrival   
                                               (fF) (ps)  (ps)   (ps)    
-------------------------------------------------------------------------
(clock clk)                launch                                    0 R 
TOP
  stoch2bin
    countval_reg[0]/CLK                                0             0 R 
    countval_reg[0]/Q      DFFSR             1  1.5   10  +115     115 F 
    drc_bufs441/A                                           +0     115   
    drc_bufs441/Y          BUFX2             3 19.1   25   +50     165 F 
    inc_add_23_27_2/A[0] 
      g399/A                                                +0     165   
      g399/YC              HAX1              1  3.4   20   +55     220 F 
      g398/B                                                +0     220   
      g398/YC              HAX1              1  3.4   20   +50     271 F 
      g397/B                                                +0     271   
      g397/YC              HAX1              1  3.4   20   +50     321 F 
      g396/B                                                +0     321   
      g396/YC              HAX1              1  3.4   20   +50     371 F 
      g395/B                                                +0     371   
      g395/YC              HAX1              1  3.4   20   +50     421 F 
      g394/B                                                +0     421   
      g394/YC              HAX1              1  3.4   20   +50     472 F 
      g393/B                                                +0     472   
      g393/YC              HAX1              1  3.4   20   +50     522 F 
      g392/B                                                +0     522   
      g392/YC              HAX1              1  3.4   20   +50     572 F 
      g391/B                                                +0     572   
      g391/YC              HAX1              1  3.4   20   +50     622 F 
      g390/B                                                +0     622   
      g390/YC              HAX1              1  3.4   20   +50     672 F 
      g389/B                                                +0     672   
      g389/YC              HAX1              1  3.4   20   +50     722 F 
      g388/B                                                +0     722   
      g388/YC              HAX1              1  3.4   20   +50     773 F 
      g387/B                                                +0     773   
      g387/YC              HAX1              1  3.4   20   +50     823 F 
      g386/B                                                +0     823   
      g386/YC              HAX1              1  3.4   20   +50     873 F 
      g385/B                                                +0     873   
      g385/YC              HAX1              1  3.4   20   +50     923 F 
      g384/B                                                +0     923   
      g384/YC              HAX1              1  3.4   20   +50     974 F 
      g383/B                                                +0     974   
      g383/YC              HAX1              1  3.4   20   +50    1024 F 
      g382/B                                                +0    1024   
      g382/YC              HAX1              1  3.4   20   +50    1074 F 
      g381/B                                                +0    1074   
      g381/YC              HAX1              1  3.4   20   +50    1124 F 
      g380/B                                                +0    1124   
      g380/YC              HAX1              1  3.4   20   +50    1174 F 
      g379/B                                                +0    1174   
      g379/YC              HAX1              1  3.4   20   +50    1224 F 
      g378/B                                                +0    1224   
      g378/YC              HAX1              1  3.4   20   +50    1275 F 
      g377/B                                                +0    1275   
      g377/YC              HAX1              1  3.4   20   +50    1325 F 
      g376/B                                                +0    1325   
      g376/YC              HAX1              1  3.4   20   +50    1375 F 
      g375/B                                                +0    1375   
      g375/YC              HAX1              1  3.4   20   +50    1425 F 
      g374/B                                                +0    1425   
      g374/YC              HAX1              1  3.4   20   +50    1476 F 
      g373/B                                                +0    1476   
      g373/YC              HAX1              1  3.4   20   +50    1526 F 
      g372/B                                                +0    1526   
      g372/YC              HAX1              1  3.4   20   +50    1576 F 
      g371/B                                                +0    1576   
      g371/YC              HAX1              1  3.4   20   +50    1626 F 
      g370/B                                                +0    1626   
      g370/YC              HAX1              1  3.4   20   +50    1676 F 
      g369/B                                                +0    1676   
      g369/YC              HAX1              1  3.4   20   +50    1726 F 
      g368/B                                                +0    1726   
      g368/YC              HAX1              1  3.4   20   +50    1777 F 
      g367/B                                                +0    1777   
      g367/YC              HAX1              1  3.4   20   +50    1827 F 
      g366/B                                                +0    1827   
      g366/YC              HAX1              1  3.4   20   +50    1877 F 
      g365/B                                                +0    1877   
      g365/YC              HAX1              1  3.4   20   +50    1927 F 
      g364/B                                                +0    1927   
      g364/YC              HAX1              1  3.4   20   +50    1978 F 
      g363/B                                                +0    1978   
      g363/YC              HAX1              1  3.4   20   +50    2028 F 
      g362/B                                                +0    2028   
      g362/YC              HAX1              1  3.4   20   +50    2078 F 
      g361/B                                                +0    2078   
      g361/YC              HAX1              1  3.4   20   +50    2128 F 
      g360/B                                                +0    2128   
      g360/YC              HAX1              1  3.4   20   +50    2178 F 
      g359/B                                                +0    2178   
      g359/YC              HAX1              1  3.4   20   +50    2228 F 
      g358/B                                                +0    2228   
      g358/YC              HAX1              1  3.4   20   +50    2279 F 
      g357/B                                                +0    2279   
      g357/YC              HAX1              1  3.4   20   +50    2329 F 
      g356/B                                                +0    2329   
      g356/YC              HAX1              1  3.4   20   +50    2379 F 
      g355/B                                                +0    2379   
      g355/YC              HAX1              1  3.4   20   +50    2429 F 
      g354/B                                                +0    2429   
      g354/YC              HAX1              1  3.4   20   +50    2480 F 
      g353/B                                                +0    2480   
      g353/YC              HAX1              1  3.4   20   +50    2530 F 
      g352/B                                                +0    2530   
      g352/YC              HAX1              1  3.4   20   +50    2580 F 
      g351/B                                                +0    2580   
      g351/YC              HAX1              1  5.0   24   +54    2633 F 
      g350/A                                                +0    2633   
      g350/Y               XOR2X1            1  2.8   45   +36    2670 R 
    inc_add_23_27_2/Z[50] 
    g157/A                                                  +0    2670   
    g157/Y                 MUX2X1            1  1.5   79   +28    2698 F 
    g156/A                                                  +0    2698   
    g156/Y                 INVX1             1  2.0    0   +25    2723 R 
    countval_reg[50]/D     DFFSR                            +0    2723   
    countval_reg[50]/CLK   setup                       0   +70    2793 R 
- - - - - - - - - - - - - - - - - - - - - - - - - - - - - - - - - - - - -
(clock clk)                capture                                5000 R 
                           uncertainty                     -50    4950 R 
-------------------------------------------------------------------------
Cost Group   : 'clk' (path_group 'clk')
Timing slack :    2157ps 
Start-point  : TOP/stoch2bin/countval_reg[0]/CLK
End-point    : TOP/stoch2bin/countval_reg[50]/D
