============================================================
  Generated by:           Encounter(R) RTL Compiler v14.10-s022_1
  Generated on:           Jul 25 2021  12:49:52 pm
  Module:                 es_naive_mul_synth
  Technology library:     gscl45nm 
  Operating conditions:   typical (balanced_tree)
  Wireload mode:          enclosed
  Area mode:              timing library
============================================================

         Instance           Cells  Cell Area  Net Area  Total Area  Wireload     
---------------------------------------------------------------------------------
es_naive_mul_synth            300       1183         0        1183    <none> (D) 
  TOP                         300       1183         0        1183    <none> (D) 
    stoch2bin                 109        492         0         492    <none> (D) 
      inc_add_23_27_1          21         99         0          99    <none> (D) 
    genblk1[2].genblk1.sng     63        229         0         229    <none> (D) 
      ctr                      38        172         0         172    <none> (D) 
    genblk1[1].genblk1.sng     62        227         0         227    <none> (D) 
      ctr                      37        169         0         169    <none> (D) 
    genblk1[0].genblk1.sng     62        227         0         227    <none> (D) 
      ctr                      37        169         0         169    <none> (D) 

 (D) = wireload is default in technology library
