============================================================
  Generated by:           Encounter(R) RTL Compiler v14.10-s022_1
  Generated on:           Jul 25 2021  12:52:42 pm
  Module:                 es_naive_mul_synth
  Technology library:     gscl45nm 
  Operating conditions:   typical (balanced_tree)
  Wireload mode:          enclosed
  Area mode:              timing library
============================================================

                                  Leakage    Dynamic     Total   
         Instance          Cells Power(nW)  Power(nW)  Power(nW) 
-----------------------------------------------------------------
es_naive_mul_synth           442 13385.181 789355.569 802740.751 
  TOP                        442 13385.181 762634.232 776019.413 
    stoch2bin                154  6059.545 295861.100 301920.645 
      inc_add_23_27_1         30  1424.531  17420.256  18844.787 
    genblk1[4].genblk1.sng    57  1466.314  81862.570  83328.884 
      ctr                     33  1305.033  70656.258  71961.291 
    genblk1[0].genblk1.sng    56  1446.561  91997.802  93444.362 
      ctr                     32  1285.280  80757.592  82042.871 
    genblk1[1].genblk1.sng    56  1446.561  94132.761  95579.322 
      ctr                     32  1285.280  82014.375  83299.654 
    genblk1[2].genblk1.sng    56  1446.561  93955.018  95401.579 
      ctr                     32  1285.280  82008.938  83294.218 
    genblk1[3].genblk1.sng    56  1446.561  92467.220  93913.781 
      ctr                     32  1285.280  81563.913  82849.193 

