============================================================
  Generated by:           Encounter(R) RTL Compiler v14.10-s022_1
  Generated on:           Jul 25 2021  12:49:00 pm
  Module:                 es_naive_mul_synth
  Technology library:     gscl45nm 
  Operating conditions:   typical (balanced_tree)
  Wireload mode:          enclosed
  Area mode:              timing library
============================================================

                                  Leakage    Dynamic     Total   
         Instance          Cells Power(nW)  Power(nW)  Power(nW) 
-----------------------------------------------------------------
es_naive_mul_synth           315  9084.448 515989.530 525073.979 
  TOP                        315  9084.448 495003.668 504088.117 
    stoch2bin                104  4097.310 212854.476 216951.786 
      inc_add_23_27_2         20   948.882  14019.234  14968.117 
    genblk1[1].genblk1.sng   110  2514.606 130099.986 132614.593 
      ctr                     64  2143.338 108008.923 110152.261 
    genblk1[0].genblk1.sng    98  2441.441 142777.700 145219.141 
      ctr                     52  2070.173 120024.268 122094.441 

