============================================================
  Generated by:           Encounter(R) RTL Compiler v14.10-s022_1
  Generated on:           Jul 25 2021  12:51:29 pm
  Module:                 es_naive_mul_synth
  Technology library:     gscl45nm 
  Operating conditions:   typical (balanced_tree)
  Wireload mode:          enclosed
  Area mode:              timing library
============================================================

         Instance           Cells  Cell Area  Net Area  Total Area  Wireload     
---------------------------------------------------------------------------------
es_naive_mul_synth            470       1806         0        1806    <none> (D) 
  TOP                         470       1806         0        1806    <none> (D) 
    stoch2bin                 164        740         0         740    <none> (D) 
      inc_add_23_27_1          32        150         0         150    <none> (D) 
    genblk1[3].genblk1.sng     76        266         0         266    <none> (D) 
      ctr                      43        194         0         194    <none> (D) 
    genblk1[2].genblk1.sng     75        263         0         263    <none> (D) 
      ctr                      42        192         0         192    <none> (D) 
    genblk1[1].genblk1.sng     75        263         0         263    <none> (D) 
      ctr                      42        192         0         192    <none> (D) 
    genblk1[0].genblk1.sng     75        263         0         263    <none> (D) 
      ctr                      42        192         0         192    <none> (D) 

 (D) = wireload is default in technology library
