============================================================
  Generated by:           Encounter(R) RTL Compiler v14.10-s022_1
  Generated on:           Jul 25 2021  12:48:50 pm
  Module:                 es_naive_mul_synth
  Technology library:     gscl45nm 
  Operating conditions:   typical (balanced_tree)
  Wireload mode:          enclosed
  Area mode:              timing library
============================================================

                                  Leakage    Dynamic     Total   
         Instance          Cells Power(nW)  Power(nW)  Power(nW) 
-----------------------------------------------------------------
es_naive_mul_synth           275  8166.040 466338.951 474504.991 
  TOP                        275  8166.040 448288.550 456454.589 
    stoch2bin                 94  3704.863 191394.190 195099.053 
      inc_add_23_27_1         18   853.753  12516.759  13370.511 
    genblk1[1].genblk1.sng    91  2242.363 117865.015 120107.378 
      ctr                     51  1928.590 100336.640 102265.231 
    genblk1[0].genblk1.sng    87  2187.722 130704.974 132892.697 
      ctr                     47  1873.950 113342.355 115216.305 

