============================================================
  Generated by:           Encounter(R) RTL Compiler v14.10-s022_1
  Generated on:           Jul 25 2021  12:49:24 pm
  Module:                 es_naive_mul_synth
  Technology library:     gscl45nm 
  Operating conditions:   typical (balanced_tree)
  Wireload mode:          enclosed
  Area mode:              timing library
============================================================

                                  Leakage    Dynamic     Total   
         Instance          Cells Power(nW)  Power(nW)  Power(nW) 
-----------------------------------------------------------------
es_naive_mul_synth           181  5591.420 346480.682 352072.102 
  TOP                        181  5591.420 334524.218 340115.638 
    stoch2bin                 63  2522.837 131625.468 134148.305 
    genblk1[2].genblk1.sng    39  1026.311  58284.495  59310.806 
      ctr                     24   930.125  51322.411  52252.537 
    genblk1[1].genblk1.sng    38  1006.557  68269.371  69275.928 
      ctr                     23   910.372  61323.702  62234.073 
    genblk1[0].genblk1.sng    37   989.018  68983.255  69972.274 
      ctr                     22   892.833  61734.954  62627.786 

