============================================================
  Generated by:           Encounter(R) RTL Compiler v14.10-s022_1
  Generated on:           Jul 25 2021  12:52:21 pm
  Module:                 es_naive_mul_synth
  Technology library:     gscl45nm 
  Operating conditions:   typical (balanced_tree)
  Wireload mode:          enclosed
  Area mode:              timing library
============================================================

                                  Leakage    Dynamic     Total   
         Instance          Cells Power(nW)  Power(nW)  Power(nW) 
-----------------------------------------------------------------
es_naive_mul_synth           301  9205.391 567442.069 576647.460 
  TOP                        301  9205.391 549179.010 558384.400 
    stoch2bin                104  4097.310 202783.587 206880.897 
      inc_add_23_27_1         20   948.882  12328.215  13277.098 
    genblk1[4].genblk1.sng    39  1026.311  59320.092  60346.403 
      ctr                     24   930.125  52055.545  52985.671 
    genblk1[1].genblk1.sng    38  1006.557  69234.038  70240.596 
      ctr                     23   910.372  62143.184  63053.556 
    genblk1[2].genblk1.sng    38  1006.557  67454.787  68461.345 
      ctr                     23   910.372  60399.367  61309.739 
    genblk1[3].genblk1.sng    38  1006.557  69357.095  70363.652 
      ctr                     23   910.372  62441.763  63352.135 
    genblk1[0].genblk1.sng    37   989.018  69248.384  70237.402 
      ctr                     22   892.833  62354.409  63247.242 

