============================================================
  Generated by:           Encounter(R) RTL Compiler v14.10-s022_1
  Generated on:           Jul 25 2021  12:51:41 pm
  Module:                 es_naive_mul_synth
  Technology library:     gscl45nm 
  Operating conditions:   typical (balanced_tree)
  Wireload mode:          enclosed
  Area mode:              timing library
============================================================

                                  Leakage    Dynamic     Total   
         Instance          Cells Power(nW)  Power(nW)  Power(nW) 
-----------------------------------------------------------------
es_naive_mul_synth           547 16183.441 897100.019 913283.460 
  TOP                        547 16183.441 865412.766 881596.207 
    stoch2bin                184  7236.885 352019.366 359256.251 
      inc_add_23_27_1         36  1709.921  21076.848  22786.769 
    genblk1[3].genblk1.sng    91  2242.363 116378.355 118620.717 
      ctr                     51  1928.590  99185.936 101114.527 
    genblk1[1].genblk1.sng    90  2222.609 128618.104 130840.713 
      ctr                     50  1908.837 112085.020 113993.857 
    genblk1[2].genblk1.sng    90  2222.609 127282.262 129504.871 
      ctr                     50  1908.837 110337.945 112246.782 
    genblk1[0].genblk1.sng    87  2187.722 129349.279 131537.001 
      ctr                     47  1873.950 111858.835 113732.785 

