============================================================
  Generated by:           Encounter(R) RTL Compiler v14.10-s022_1
  Generated on:           Jul 25 2021  12:52:31 pm
  Module:                 es_naive_mul_synth
  Technology library:     gscl45nm 
  Operating conditions:   typical (balanced_tree)
  Wireload mode:          enclosed
  Area mode:              timing library
============================================================

                                  Leakage    Dynamic     Total   
         Instance          Cells Power(nW)  Power(nW)  Power(nW) 
-----------------------------------------------------------------
es_naive_mul_synth           367 11336.217 684117.573 695453.790 
  TOP                        367 11336.217 661700.244 673036.460 
    stoch2bin                129  5078.427 250093.508 255171.936 
      inc_add_23_27_1         25  1186.707  14973.079  16159.786 
    genblk1[4].genblk1.sng    47  1252.745  72067.848  73320.593 
      ctr                     28  1108.810  61833.154  62941.963 
    genblk1[0].genblk1.sng    46  1232.991  82795.359  84028.351 
      ctr                     27  1089.056  72370.532  73459.588 
    genblk1[1].genblk1.sng    46  1232.991  82295.347  83528.338 
      ctr                     27  1089.056  72401.005  73490.061 
    genblk1[2].genblk1.sng    46  1232.991  81025.366  82258.358 
      ctr                     27  1089.056  71155.022  72244.078 
    genblk1[3].genblk1.sng    46  1232.991  80838.907  82071.899 
      ctr                     27  1089.056  71054.863  72143.919 

