============================================================
  Generated by:           Encounter(R) RTL Compiler v14.10-s022_1
  Generated on:           Jul 25 2021  12:49:42 pm
  Module:                 es_naive_mul_synth
  Technology library:     gscl45nm 
  Operating conditions:   typical (balanced_tree)
  Wireload mode:          enclosed
  Area mode:              timing library
============================================================

         Instance           Cells  Cell Area  Net Area  Total Area  Wireload     
---------------------------------------------------------------------------------
es_naive_mul_synth            267       1031         0        1031    <none> (D) 
  TOP                         267       1031         0        1031    <none> (D) 
    stoch2bin                  94        424         0         424    <none> (D) 
      inc_add_23_27_1          18         84         0          84    <none> (D) 
    genblk1[2].genblk1.sng     57        201         0         201    <none> (D) 
      ctr                      33        149         0         149    <none> (D) 
    genblk1[1].genblk1.sng     56        199         0         199    <none> (D) 
      ctr                      32        147         0         147    <none> (D) 
    genblk1[0].genblk1.sng     56        199         0         199    <none> (D) 
      ctr                      32        147         0         147    <none> (D) 

 (D) = wireload is default in technology library
