============================================================
  Generated by:           Encounter(R) RTL Compiler v14.10-s022_1
  Generated on:           Jul 25 2021  12:51:41 pm
  Module:                 es_naive_mul_synth
  Technology library:     gscl45nm 
  Operating conditions:   typical (balanced_tree)
  Wireload mode:          enclosed
  Area mode:              timing library
============================================================

          Pin                Type       Fanout Load Slew Delay Arrival   
                                               (fF) (ps)  (ps)   (ps)    
-------------------------------------------------------------------------
(clock clk)                launch                                    0 R 
TOP
  stoch2bin
    countval_reg[0]/CLK                                0             0 R 
    countval_reg[0]/Q      DFFSR             1  1.5   10  +115     115 F 
    drc_bufs327/A                                           +0     115   
    drc_bufs327/Y          BUFX2             3 19.1   25   +50     165 F 
    inc_add_23_27_1/A[0] 
      g287/A                                                +0     165   
      g287/YC              HAX1              1  3.4   20   +55     220 F 
      g286/B                                                +0     220   
      g286/YC              HAX1              1  3.4   20   +50     271 F 
      g285/B                                                +0     271   
      g285/YC              HAX1              1  3.4   20   +50     321 F 
      g284/B                                                +0     321   
      g284/YC              HAX1              1  3.4   20   +50     371 F 
      g283/B                                                +0     371   
      g283/YC              HAX1              1  3.4   20   +50     421 F 
      g282/B                                                +0     421   
      g282/YC              HAX1              1  3.4   20   +50     472 F 
      g281/B                                                +0     472   
      g281/YC              HAX1              1  3.4   20   +50     522 F 
      g280/B                                                +0     522   
      g280/YC              HAX1              1  3.4   20   +50     572 F 
      g279/B                                                +0     572   
      g279/YC              HAX1              1  3.4   20   +50     622 F 
      g278/B                                                +0     622   
      g278/YC              HAX1              1  3.4   20   +50     672 F 
      g277/B                                                +0     672   
      g277/YC              HAX1              1  3.4   20   +50     722 F 
      g276/B                                                +0     722   
      g276/YC              HAX1              1  3.4   20   +50     773 F 
      g275/B                                                +0     773   
      g275/YC              HAX1              1  3.4   20   +50     823 F 
      g274/B                                                +0     823   
      g274/YC              HAX1              1  3.4   20   +50     873 F 
      g273/B                                                +0     873   
      g273/YC              HAX1              1  3.4   20   +50     923 F 
      g272/B                                                +0     923   
      g272/YC              HAX1              1  3.4   20   +50     974 F 
      g271/B                                                +0     974   
      g271/YC              HAX1              1  3.4   20   +50    1024 F 
      g270/B                                                +0    1024   
      g270/YC              HAX1              1  3.4   20   +50    1074 F 
      g269/B                                                +0    1074   
      g269/YC              HAX1              1  3.4   20   +50    1124 F 
      g268/B                                                +0    1124   
      g268/YC              HAX1              1  3.4   20   +50    1174 F 
      g267/B                                                +0    1174   
      g267/YC              HAX1              1  3.4   20   +50    1224 F 
      g266/B                                                +0    1224   
      g266/YC              HAX1              1  3.4   20   +50    1275 F 
      g265/B                                                +0    1275   
      g265/YC              HAX1              1  3.4   20   +50    1325 F 
      g264/B                                                +0    1325   
      g264/YC              HAX1              1  3.4   20   +50    1375 F 
      g263/B                                                +0    1375   
      g263/YC              HAX1              1  3.4   20   +50    1425 F 
      g262/B                                                +0    1425   
      g262/YC              HAX1              1  3.4   20   +50    1476 F 
      g261/B                                                +0    1476   
      g261/YC              HAX1              1  3.4   20   +50    1526 F 
      g260/B                                                +0    1526   
      g260/YC              HAX1              1  3.4   20   +50    1576 F 
      g259/B                                                +0    1576   
      g259/YC              HAX1              1  3.4   20   +50    1626 F 
      g258/B                                                +0    1626   
      g258/YC              HAX1              1  3.4   20   +50    1676 F 
      g257/B                                                +0    1676   
      g257/YC              HAX1              1  3.4   20   +50    1726 F 
      g256/B                                                +0    1726   
      g256/YC              HAX1              1  3.4   20   +50    1777 F 
      g255/B                                                +0    1777   
      g255/YC              HAX1              1  3.4   20   +50    1827 F 
      g254/B                                                +0    1827   
      g254/YC              HAX1              1  3.4   20   +50    1877 F 
      g253/B                                                +0    1877   
      g253/YC              HAX1              1  5.0   24   +54    1931 F 
      g252/A                                                +0    1931   
      g252/Y               XOR2X1            1  2.8   45   +36    1967 R 
    inc_add_23_27_1/Z[36] 
    g145/A                                                  +0    1967   
    g145/Y                 MUX2X1            1  1.5   49   +28    1995 F 
    g144/A                                                  +0    1995   
    g144/Y                 INVX1             1  2.0    0   +14    2009 R 
    countval_reg[36]/D     DFFSR                            +0    2009   
    countval_reg[36]/CLK   setup                       0   +70    2080 R 
- - - - - - - - - - - - - - - - - - - - - - - - - - - - - - - - - - - - -
(clock clk)                capture                                5000 R 
                           uncertainty                     -50    4950 R 
-------------------------------------------------------------------------
Cost Group   : 'clk' (path_group 'clk')
Timing slack :    2870ps 
Start-point  : TOP/stoch2bin/countval_reg[0]/CLK
End-point    : TOP/stoch2bin/countval_reg[36]/D
