============================================================
  Generated by:           Encounter(R) RTL Compiler v14.10-s022_1
  Generated on:           Jul 25 2021  12:50:23 pm
  Module:                 es_naive_mul_synth
  Technology library:     gscl45nm 
  Operating conditions:   typical (balanced_tree)
  Wireload mode:          enclosed
  Area mode:              timing library
============================================================

                                  Leakage    Dynamic     Total   
         Instance          Cells Power(nW)  Power(nW)  Power(nW) 
-----------------------------------------------------------------
es_naive_mul_synth           475 13557.141 765616.766 779173.907 
  TOP                        475 13557.141 736527.912 750085.053 
    stoch2bin                154  6059.545 299447.497 305507.041 
      inc_add_23_27_2         30  1424.531  17841.692  19266.224 
    genblk1[2].genblk1.sng   110  2514.606 135375.539 137890.145 
      ctr                     64  2143.338 112591.004 114734.342 
    genblk1[1].genblk1.sng   109  2494.853 146781.235 149276.088 
      ctr                     63  2123.585 124524.147 126647.731 
    genblk1[0].genblk1.sng    98  2441.441 144004.998 146446.439 
      ctr                     52  2070.173 121458.395 123528.568 

