============================================================
  Generated by:           Encounter(R) RTL Compiler v14.10-s022_1
  Generated on:           Jul 25 2021  12:51:08 pm
  Module:                 es_naive_mul_synth
  Technology library:     gscl45nm 
  Operating conditions:   typical (balanced_tree)
  Wireload mode:          enclosed
  Area mode:              timing library
============================================================

                                  Leakage    Dynamic     Total   
         Instance          Cells Power(nW)  Power(nW)  Power(nW) 
-----------------------------------------------------------------
es_naive_mul_synth           354 10750.503 643344.169 654094.672 
  TOP                        354 10750.503 621329.126 632079.630 
    stoch2bin                124  4882.204 242798.743 247680.948 
      inc_add_23_27_1         24  1139.142  14940.229  16079.371 
    genblk1[3].genblk1.sng    57  1466.314  83331.852  84798.166 
      ctr                     33  1305.033  71653.680  72958.713 
    genblk1[0].genblk1.sng    56  1446.561  93720.081  95166.642 
      ctr                     32  1285.280  82263.843  83549.123 
    genblk1[1].genblk1.sng    56  1446.561  95694.553  97141.114 
      ctr                     32  1285.280  83856.035  85141.314 
    genblk1[2].genblk1.sng    56  1446.561  95550.541  96997.102 
      ctr                     32  1285.280  83581.667  84866.946 

