============================================================
  Generated by:           Encounter(R) RTL Compiler v14.10-s022_1
  Generated on:           Jul 25 2021  12:54:57 pm
  Module:                 es_ordered_bs_mul_synth
  Technology library:     gscl45nm 
  Operating conditions:   typical (balanced_tree)
  Wireload mode:          enclosed
  Area mode:              timing library
============================================================

                                  Leakage    Dynamic     Total   
         Instance          Cells Power(nW)  Power(nW)  Power(nW) 
-----------------------------------------------------------------
es_ordered_bs_mul_synth      389  9740.880 566247.604 575988.484 
  TOP                        389  9740.880 539381.331 549122.211 
    stoch2bin                104  4097.310 212763.711 216861.021 
      inc_add_23_27_2         20   948.882  14080.146  15029.028 
    genblk1[1].genblk1.sng   147  2843.753 151531.505 154375.258 
      sng_multi              146  2828.147 150827.605 153655.752 
        ctr                   64  2143.338 109283.584 111426.922 
    genblk1[0].genblk1.sng   135  2768.725 166082.185 168850.910 
      sng_multi              134  2754.982 165621.453 168376.435 
        ctr                   52  2070.173 123171.922 125242.095 

