============================================================
  Generated by:           Encounter(R) RTL Compiler v14.10-s022_1
  Generated on:           Jul 25 2021  01:05:26 pm
  Module:                 es_ordered_cas_mul_synth
  Technology library:     gscl45nm 
  Operating conditions:   typical (balanced_tree)
  Wireload mode:          enclosed
  Area mode:              timing library
============================================================

                                       Leakage    Dynamic      Total    
            Instance            Cells Power(nW)  Power(nW)   Power(nW)  
------------------------------------------------------------------------
es_ordered_cas_mul_synth         1176 22954.965 1392579.019 1415533.984 
  TOP                            1176 22954.965 1346078.756 1369033.722 
    stoch2bin                     204  8021.779  381546.678  389568.457 
      inc_add_23_27_2              40  1900.180   22624.239   24524.420 
    cas                           541  4916.182  466929.656  471845.838 
      genblk1.ca..ax_abmincdmin   145  1326.118  141257.176  142583.294 
      genblk1.cas_abmax_cdmax     117  1056.429   98492.119   99548.548 
      genblk1.cas_abmin_cdmin     117  1056.429   97016.589   98073.018 
      genblk1.cas_a_b              81   738.603   65142.583   65881.186 
      genblk1.cas_c_d              81   738.603   65021.189   65759.792 
    genblk1[3].genblk1.sng        110  2514.606  116471.081  118985.687 
      ctr                          64  2143.338  110926.198  113069.536 
    genblk1[1].genblk1.sng        109  2494.853  129119.121  131613.974 
      ctr                          63  2123.585  123787.011  125910.596 
    genblk1[2].genblk1.sng        109  2494.853  128109.128  130603.980 
      ctr                          63  2123.585  122795.460  124919.045 
    genblk1[0].genblk1.sng         98  2441.441  123903.092  126344.533 
      ctr                          52  2070.173  118860.577  120930.750 

