============================================================
  Generated by:           Encounter(R) RTL Compiler v14.10-s022_1
  Generated on:           Jul 25 2021  12:57:38 pm
  Module:                 es_ordered_bs_mul_synth
  Technology library:     gscl45nm 
  Operating conditions:   typical (balanced_tree)
  Wireload mode:          enclosed
  Area mode:              timing library
============================================================

             Instance               Cells  Cell Area  Net Area  Total Area  Wireload     
-----------------------------------------------------------------------------------------
es_ordered_bs_mul_synth               759       2416         0        2416    <none> (D) 
  TOP                                 759       2416         0        2416    <none> (D) 
    stoch2bin                         144        650         0         650    <none> (D) 
      inc_add_23_27_1                  28        131         0         131    <none> (D) 
    genblk1[2].genblk1.genblk2.sng    155        445         0         445    <none> (D) 
      sng_multi                       148        428         0         428    <none> (D) 
        ctr                            37        169         0         169    <none> (D) 
    genblk1[3].genblk1.sng            153        439         0         439    <none> (D) 
      sng_multi                       149        431         0         431    <none> (D) 
        ctr                            38        172         0         172    <none> (D) 
    genblk1[1].genblk1.genblk1.sng    150        435         0         435    <none> (D) 
      sng_multi                       144        420         0         420    <none> (D) 
        ctr                            37        169         0         169    <none> (D) 
    genblk1[0].genblk1.sng            151        435         0         435    <none> (D) 
      sng_multi                       148        428         0         428    <none> (D) 
        ctr                            37        169         0         169    <none> (D) 

 (D) = wireload is default in technology library
