============================================================
  Generated by:           Encounter(R) RTL Compiler v14.10-s022_1
  Generated on:           Jul 25 2021  12:56:41 pm
  Module:                 es_ordered_bs_mul_synth
  Technology library:     gscl45nm 
  Operating conditions:   typical (balanced_tree)
  Wireload mode:          enclosed
  Area mode:              timing library
============================================================

                                     Leakage    Dynamic     Total   
           Instance           Cells Power(nW)  Power(nW)  Power(nW) 
--------------------------------------------------------------------
es_ordered_bs_mul_synth         205  4670.346 316982.231 321652.577 
  TOP                           205  4670.346 303907.500 308577.846 
    stoch2bin                    43  1737.943  88036.877  89774.820 
    genblk1[2]..1.genblk2.sng    41   728.873  56510.271  57239.143 
      sng_multi                  34   656.590  52169.688  52826.278 
        ctr                      12   500.386  39576.227  40076.613 
    genblk1[1]..1.genblk1.sng    40   725.075  56379.398  57104.473 
      sng_multi                  34   656.590  52058.284  52714.874 
        ctr                      12   500.386  39831.924  40332.310 
    genblk1[3].genblk1.sng       38   723.161  44603.909  45327.070 
      sng_multi                  35   676.343  42854.120  43530.464 
        ctr                      13   520.139  30551.237  31071.376 
    genblk1[0].genblk1.sng       37   697.820  53629.918  54327.738 
      sng_multi                  34   656.590  51704.319  52360.909 
        ctr                      12   500.386  39830.628  40331.014 

