============================================================
  Generated by:           Encounter(R) RTL Compiler v14.10-s022_1
  Generated on:           Jul 25 2021  12:57:13 pm
  Module:                 es_ordered_bs_mul_synth
  Technology library:     gscl45nm 
  Operating conditions:   typical (balanced_tree)
  Wireload mode:          enclosed
  Area mode:              timing library
============================================================

                                     Leakage    Dynamic     Total   
           Instance           Cells Power(nW)  Power(nW)  Power(nW) 
--------------------------------------------------------------------
es_ordered_bs_mul_synth         511 11060.901 684515.359 695576.260 
  TOP                           511 11060.901 653552.707 664613.608 
    stoch2bin                   104  4097.310 205666.608 209763.918 
      inc_add_23_27_1            20   948.882  13025.365  13974.247 
    genblk1[2]..1.genblk2.sng   103  1747.630 114424.232 116171.862 
      sng_multi                  96  1675.347 110223.802 111899.150 
        ctr                      27  1089.056  73225.166  74314.222 
    genblk1[1]..1.genblk1.sng   100  1724.326 114261.199 115985.525 
      sng_multi                  94  1655.841 110010.983 111666.824 
        ctr                      27  1089.056  73335.360  74424.416 
    genblk1[3].genblk1.sng       99  1717.583  99975.026 101692.609 
      sng_multi                  95  1675.594  97498.723  99174.317 
        ctr                      28  1108.810  61553.002  62661.812 
    genblk1[0].genblk1.sng       99  1716.578 108891.020 110607.598 
      sng_multi                  96  1675.347 107558.557 109233.904 
        ctr                      27  1089.056  72293.167  73382.223 

