============================================================
  Generated by:           Encounter(R) RTL Compiler v14.10-s022_1
  Generated on:           Jul 25 2021  12:56:07 pm
  Module:                 es_ordered_bs_mul_synth
  Technology library:     gscl45nm 
  Operating conditions:   typical (balanced_tree)
  Wireload mode:          enclosed
  Area mode:              timing library
============================================================

                                     Leakage    Dynamic     Total   
           Instance           Cells Power(nW)  Power(nW)  Power(nW) 
--------------------------------------------------------------------
es_ordered_bs_mul_synth         579 13310.414 756025.764 769336.178 
  TOP                           579 13310.414 720664.989 733975.402 
    stoch2bin                   124  4882.204 245925.486 250807.690 
      inc_add_23_27_1            24  1139.142  15130.603  16269.745 
    genblk1[2].genblk1.sng      152  2809.074 146456.227 149265.301 
      sng_multi                 149  2782.691 144921.562 147704.253 
        ctr                      43  1697.480  90140.383  91837.863 
    genblk1[1]..1.genblk1.sng   149  2802.148 158870.186 161672.335 
      sng_multi                 148  2762.938 156448.014 159210.952 
        ctr                      42  1677.726 100786.704 102464.430 
    genblk1[0].genblk1.sng      150  2770.291 158919.631 161689.922 
      sng_multi                 148  2762.938 158242.282 161005.220 
        ctr                      42  1677.726 102898.634 104576.361 

