============================================================
  Generated by:           Encounter(R) RTL Compiler v14.10-s022_1
  Generated on:           Jul 25 2021  01:07:14 pm
  Module:                 es_ordered_cas_mul_synth
  Technology library:     gscl45nm 
  Operating conditions:   typical (balanced_tree)
  Wireload mode:          enclosed
  Area mode:              timing library
============================================================

                                  Leakage    Dynamic      Total    
         Instance          Cells Power(nW)  Power(nW)   Power(nW)  
-------------------------------------------------------------------
es_ordered_cas_mul_synth    1535 28415.615 1837361.758 1865777.373 
  TOP                       1535 28415.615 1786332.239 1814747.854 
    stoch2bin                229  9002.896  428030.079  437032.975 
      inc_add_23_27_1         45  2138.005   25278.599   27416.604 
    cas                      851  8232.777  781921.642  790154.419 
      genblk1.cas8           138  1342.006  119815.599  121157.606 
      genblk1.cas5           111  1080.200   90571.134   91651.333 
      genblk1.cas6           111  1080.200   94470.720   95550.920 
      genblk1.cas7           111  1080.200  121899.370  122979.569 
      genblk1.cas0            76   730.034   59196.598   59926.632 
      genblk1.cas1            76   730.034   59285.730   60015.764 
      genblk1.cas2            76   730.034   66173.441   66903.475 
      genblk1.cas3            76   730.034   78512.132   79242.166 
      genblk1.cas4            76   730.034   91996.919   92726.953 
    genblk1[4].genblk1.sng    91  2242.363  106050.709  108293.072 
      ctr                     51  1928.590   98849.076  100777.666 
    genblk1[1].genblk1.sng    90  2222.609  119237.304  121459.913 
      ctr                     50  1908.837  112086.677  113995.513 
    genblk1[2].genblk1.sng    90  2222.609  117861.159  120083.769 
      ctr                     50  1908.837  111019.805  112928.642 
    genblk1[3].genblk1.sng    90  2222.609  117734.913  119957.522 
      ctr                     50  1908.837  110664.821  112573.657 
    genblk1[0].genblk1.sng    87  2187.722  115496.432  117684.155 
      ctr                     47  1873.950  108873.544  110747.494 

