============================================================
  Generated by:           Encounter(R) RTL Compiler v14.10-s022_1
  Generated on:           Jul 25 2021  01:04:42 pm
  Module:                 es_ordered_cas_mul_synth
  Technology library:     gscl45nm 
  Operating conditions:   typical (balanced_tree)
  Wireload mode:          enclosed
  Area mode:              timing library
============================================================

                                       Leakage    Dynamic     Total   
            Instance            Cells Power(nW)  Power(nW)  Power(nW) 
----------------------------------------------------------------------
es_ordered_cas_mul_synth          780 16274.785 975697.137 991971.922 
  TOP                             780 16274.785 943161.901 959436.686 
    stoch2bin                     144  5667.098 272916.265 278583.363 
      inc_add_23_27_1              28  1329.401  16546.210  17875.612 
    cas                           382  3780.038 300375.381 304155.419 
      genblk1.ca..ax_abmincdmin   100   972.885  86122.756  87095.641 
      genblk1.cas_abmax_cdmax      79   775.283  62795.319  63570.602 
      genblk1.cas_abmin_cdmin      79   775.283  61537.275  62312.559 
      genblk1.cas_a_b              62   628.293  46013.894  46642.188 
      genblk1.cas_c_d              62   628.293  43906.137  44534.430 
    genblk1[3].genblk1.sng         63  1706.152  83661.026  85367.178 
      ctr                          38  1501.257  81051.986  82553.242 
    genblk1[0].genblk1.sng         62  1686.398  96041.290  97727.688 
      ctr                          37  1481.503  93219.062  94700.565 
    genblk1[1].genblk1.sng         62  1686.398  95198.881  96885.279 
      ctr                          37  1481.503  92545.618  94027.121 
    genblk1[2].genblk1.sng         62  1686.398  94969.058  96655.456 
      ctr                          37  1481.503  92313.325  93794.828 

