============================================================
  Generated by:           Encounter(R) RTL Compiler v14.10-s022_1
  Generated on:           Jul 25 2021  12:54:35 pm
  Module:                 es_ordered_bs_mul_synth
  Technology library:     gscl45nm 
  Operating conditions:   typical (balanced_tree)
  Wireload mode:          enclosed
  Area mode:              timing library
============================================================

                                  Leakage    Dynamic     Total   
         Instance          Cells Power(nW)  Power(nW)  Power(nW) 
-----------------------------------------------------------------
es_ordered_bs_mul_synth      298  7908.711 456826.922 464735.633 
  TOP                        298  7908.711 436848.537 444757.247 
    stoch2bin                 84  3312.417 170958.587 174271.003 
      inc_add_23_27_1         16   758.623  11309.488  12068.110 
    genblk1[1].genblk1.sng   106  2293.410 122476.029 124769.439 
      sng_multi              105  2277.804 121875.749 124153.552 
        ctr                   43  1697.480  90269.564  91967.044 
    genblk1[0].genblk1.sng   105  2271.794 136254.372 138526.165 
      sng_multi              104  2258.050 135759.857 138017.907 
        ctr                   42  1677.726 103897.989 105575.715 

