============================================================
  Generated by:           Encounter(R) RTL Compiler v14.10-s022_1
  Generated on:           Jul 25 2021  01:01:43 pm
  Module:                 es_ordered_cas_mul_synth
  Technology library:     gscl45nm 
  Operating conditions:   typical (balanced_tree)
  Wireload mode:          enclosed
  Area mode:              timing library
============================================================

                                  Leakage    Dynamic     Total   
         Instance          Cells Power(nW)  Power(nW)  Power(nW) 
-----------------------------------------------------------------
es_ordered_cas_mul_synth     356  8252.729 431732.114 439984.844 
  TOP                        356  8252.729 412133.896 420386.625 
    stoch2bin                 84  3312.417 159738.621 163051.037 
      inc_add_23_27_1         16   758.623   9945.578  10704.200 
    genblk1[1].genblk1.sng    76  1923.857  90510.597  92434.454 
      ctr                     43  1697.480  89120.348  90817.828 
    genblk1[0].genblk1.sng    75  1904.103 101957.233 103861.336 
      ctr                     42  1677.726 100553.205 102230.932 
    cas                      118  1081.261  59927.446  61008.707 
      genblk1.cas_a_b        118  1081.261  59927.446  61008.707 

