============================================================
  Generated by:           Encounter(R) RTL Compiler v14.10-s022_1
  Generated on:           Jul 25 2021  12:59:59 pm
  Module:                 es_ordered_bs_mul_synth
  Technology library:     gscl45nm 
  Operating conditions:   typical (balanced_tree)
  Wireload mode:          enclosed
  Area mode:              timing library
============================================================

                                     Leakage    Dynamic      Total    
           Instance           Cells Power(nW)  Power(nW)   Power(nW)  
----------------------------------------------------------------------
es_ordered_bs_mul_synth        1298 25529.922 1448092.423 1473622.345 
  TOP                          1298 25529.922 1373966.386 1399496.308 
    stoch2bin                   204  8021.779  385509.521  393531.300 
      inc_add_23_27_1            40  1900.180   22712.828   24613.008 
    genblk1[2]..1.genblk2.sng   222  3547.380  195937.755  199485.135 
      sng_multi                 208  3391.612  188623.036  192014.648 
        ctr                      42  1677.726  101815.701  103493.427 
    genblk1[1]..1.genblk1.sng   218  3507.126  199635.765  203142.890 
      sng_multi                 209  3400.256  194284.873  197685.129 
        ctr                      42  1677.726  104014.087  105691.814 
    genblk1[3]..1.genblk3.sng   218  3465.576  198487.573  201953.148 
      sng_multi                 209  3379.456  193535.362  196914.818 
        ctr                      42  1677.726  104019.571  105697.298 
    genblk1[4].genblk1.sng      215  3453.746  185216.782  188670.528 
      sng_multi                 210  3420.010  182199.175  185619.185 
        ctr                      43  1697.480   93331.458   95028.938 
    genblk1[0].genblk1.sng      214  3452.286  194262.582  197714.869 
      sng_multi                 209  3400.256  192383.279  195783.535 
        ctr                      42  1677.726  103130.179  104807.905 

