============================================================
  Generated by:           Encounter(R) RTL Compiler v14.10-s022_1
  Generated on:           Jul 25 2021  12:58:08 pm
  Module:                 es_ordered_bs_mul_synth
  Technology library:     gscl45nm 
  Operating conditions:   typical (balanced_tree)
  Wireload mode:          enclosed
  Area mode:              timing library
============================================================

                                     Leakage    Dynamic      Total    
           Instance           Cells Power(nW)  Power(nW)   Power(nW)  
----------------------------------------------------------------------
es_ordered_bs_mul_synth        1024 20789.291 1181334.509 1202123.799 
  TOP                          1024 20789.291 1128813.022 1149602.313 
    stoch2bin                   184  7236.885  353581.111  360817.997 
      inc_add_23_27_1            36  1709.921   21404.096   23114.017 
    genblk1[2]..1.genblk2.sng   211  3391.565  195935.008  199326.573 
      sng_multi                 204  3319.282  192107.264  195426.546 
        ctr                      50  1908.837  115581.771  117490.607 
    genblk1[1]..1.genblk1.sng   210  3387.767  195065.667  198453.434 
      sng_multi                 204  3319.282  191323.616  194642.899 
        ctr                      50  1908.837  114900.602  116809.439 
    genblk1[3].genblk1.sng      209  3381.024  180440.798  183821.822 
      sng_multi                 205  3339.036  178500.662  181839.697 
        ctr                      51  1928.590  102616.704  104545.294 
    genblk1[0].genblk1.sng      204  3325.626  191362.162  194687.788 
      sng_multi                 201  3284.395  189977.248  193261.644 
        ctr                      47  1873.950  114534.061  116408.011 

