============================================================
  Generated by:           Encounter(R) RTL Compiler v14.10-s022_1
  Generated on:           Jul 25 2021  01:06:10 pm
  Module:                 es_ordered_cas_mul_synth
  Technology library:     gscl45nm 
  Operating conditions:   typical (balanced_tree)
  Wireload mode:          enclosed
  Area mode:              timing library
============================================================

                                  Leakage    Dynamic      Total    
         Instance          Cells Power(nW)  Power(nW)   Power(nW)  
-------------------------------------------------------------------
es_ordered_cas_mul_synth     819 15765.349 1008985.011 1024750.360 
  TOP                        819 15765.349  979560.760  995326.109 
    stoch2bin                129  5078.427  243475.891  248554.319 
      inc_add_23_27_1         25  1186.707   14904.565   16091.272 
    cas                      452  4429.132  384474.632  388903.764 
      genblk1.cas8            73   692.917   59701.185   60394.102 
      genblk1.cas5            58   547.469   40873.863   41421.331 
      genblk1.cas6            58   547.469   47683.398   48230.867 
      genblk1.cas7            58   547.469   58883.020   59430.489 
      genblk1.cas0            41   418.762   31165.261   31584.023 
      genblk1.cas1            41   418.762   28961.275   29380.037 
      genblk1.cas2            41   418.762   33967.953   34386.715 
      genblk1.cas3            41   418.762   38729.783   39148.545 
      genblk1.cas4            41   418.762   44508.893   44927.655 
    genblk1[4].genblk1.sng    47  1252.745   61270.070   62522.814 
      ctr                     28  1108.810   60549.845   61658.655 
    genblk1[0].genblk1.sng    46  1232.991   73534.960   74767.951 
      ctr                     27  1089.056   72797.587   73886.643 
    genblk1[1].genblk1.sng    46  1232.991   73133.626   74366.618 
      ctr                     27  1089.056   72370.532   73459.588 
    genblk1[2].genblk1.sng    46  1232.991   71802.766   73035.758 
      ctr                     27  1089.056   71065.394   72154.450 
    genblk1[3].genblk1.sng    46  1232.991   71868.815   73101.807 
      ctr                     27  1089.056   71155.022   72244.078 

