============================================================
  Generated by:           Encounter(R) RTL Compiler v14.10-s022_1
  Generated on:           Jul 25 2021  12:58:35 pm
  Module:                 es_ordered_bs_mul_synth
  Technology library:     gscl45nm 
  Operating conditions:   typical (balanced_tree)
  Wireload mode:          enclosed
  Area mode:              timing library
============================================================

                                     Leakage    Dynamic     Total   
           Instance           Cells Power(nW)  Power(nW)  Power(nW) 
--------------------------------------------------------------------
es_ordered_bs_mul_synth         298  6116.595 427746.930 433863.525 
  TOP                           298  6116.595 410074.653 416191.248 
    stoch2bin                    53  2130.390 105482.241 107612.631 
    genblk1[2]..1.genblk2.sng    53   847.538  66153.917  67001.456 
      sng_multi                  39   691.770  56823.876  57515.646 
        ctr                      12   500.386  40233.173  40733.559 
    genblk1[1]..1.genblk1.sng    48   798.639  63727.907  64526.546 
      sng_multi                  39   691.770  56865.036  57556.805 
        ctr                      12   500.386  40452.753  40953.138 
    genblk1[3]..1.genblk3.sng    48   777.889  62955.181  63733.070 
      sng_multi                  39   691.770  56689.125  57380.895 
        ctr                      12   500.386  40620.167  41120.553 
    genblk1[4].genblk1.sng       45   745.259  49552.961  50298.220 
      sng_multi                  40   711.523  46745.219  47456.742 
        ctr                      13   520.139  31031.233  31551.373 
    genblk1[0].genblk1.sng       44   743.800  56609.680  57353.480 
      sng_multi                  39   691.770  54170.072  54861.841 
        ctr                      12   500.386  39403.496  39903.882 

