============================================================
  Generated by:           Encounter(R) RTL Compiler v14.10-s022_1
  Generated on:           Jul 25 2021  01:04:30 pm
  Module:                 es_ordered_cas_mul_synth
  Technology library:     gscl45nm 
  Operating conditions:   typical (balanced_tree)
  Wireload mode:          enclosed
  Area mode:              timing library
============================================================

                Instance                 Cells  Cell Area  Net Area  Total Area  Wireload     
----------------------------------------------------------------------------------------------
es_ordered_cas_mul_synth                   682       2102         0        2102    <none> (D) 
  TOP                                      682       2102         0        2102    <none> (D) 
    cas                                    328        735         0         735    <none> (D) 
      genblk1.cas_abmaxcdmax_abmincdmin     88        184         0         184    <none> (D) 
      genblk1.cas_abmin_cdmin               70        153         0         153    <none> (D) 
      genblk1.cas_abmax_cdmax               70        153         0         153    <none> (D) 
      genblk1.cas_c_d                       50        122         0         122    <none> (D) 
      genblk1.cas_a_b                       50        122         0         122    <none> (D) 
    stoch2bin                              124        559         0         559    <none> (D) 
      inc_add_23_27_1                       24        113         0         113    <none> (D) 
    genblk1[3].genblk1.sng                  57        201         0         201    <none> (D) 
      ctr                                   33        149         0         149    <none> (D) 
    genblk1[2].genblk1.sng                  56        199         0         199    <none> (D) 
      ctr                                   32        147         0         147    <none> (D) 
    genblk1[1].genblk1.sng                  56        199         0         199    <none> (D) 
      ctr                                   32        147         0         147    <none> (D) 
    genblk1[0].genblk1.sng                  56        199         0         199    <none> (D) 
      ctr                                   32        147         0         147    <none> (D) 

 (D) = wireload is default in technology library
