============================================================
  Generated by:           Encounter(R) RTL Compiler v14.10-s022_1
  Generated on:           Jul 25 2021  12:53:44 pm
  Module:                 es_ordered_bs_mul_synth
  Technology library:     gscl45nm 
  Operating conditions:   typical (balanced_tree)
  Wireload mode:          enclosed
  Area mode:              timing library
============================================================

         Instance           Cells  Cell Area  Net Area  Total Area  Wireload     
---------------------------------------------------------------------------------
es_ordered_bs_mul_synth        73        276         0         276    <none> (D) 
  TOP                          73        276         0         276    <none> (D) 
    stoch2bin                  23        106         0         106    <none> (D) 
    genblk1[1].genblk1.sng     24         83         0          83    <none> (D) 
      sng_multi                23         81         0          81    <none> (D) 
        ctr                    13         59         0          59    <none> (D) 
    genblk1[0].genblk1.sng     23         81         0          81    <none> (D) 
      sng_multi                22         78         0          78    <none> (D) 
        ctr                    12         57         0          57    <none> (D) 

 (D) = wireload is default in technology library
