============================================================
  Generated by:           Encounter(R) RTL Compiler v14.10-s022_1
  Generated on:           Jul 25 2021  12:59:10 pm
  Module:                 es_ordered_bs_mul_synth
  Technology library:     gscl45nm 
  Operating conditions:   typical (balanced_tree)
  Wireload mode:          enclosed
  Area mode:              timing library
============================================================

          Pin                Type       Fanout Load Slew Delay Arrival   
                                               (fF) (ps)  (ps)   (ps)    
-------------------------------------------------------------------------
(clock clk)                launch                                    0 R 
TOP
  stoch2bin
    countval_reg[0]/CLK                                0             0 R 
    countval_reg[0]/Q      DFFSR             1  1.5   10  +115     115 F 
    drc_bufs235/A                                           +0     115   
    drc_bufs235/Y          BUFX2             3 19.1   25   +50     165 F 
    inc_add_23_27_1/A[0] 
      g199/A                                                +0     165   
      g199/YC              HAX1              1  3.4   20   +55     220 F 
      g198/B                                                +0     220   
      g198/YC              HAX1              1  3.4   20   +50     271 F 
      g197/B                                                +0     271   
      g197/YC              HAX1              1  3.4   20   +50     321 F 
      g196/B                                                +0     321   
      g196/YC              HAX1              1  3.4   20   +50     371 F 
      g195/B                                                +0     371   
      g195/YC              HAX1              1  3.4   20   +50     421 F 
      g194/B                                                +0     421   
      g194/YC              HAX1              1  3.4   20   +50     472 F 
      g193/B                                                +0     472   
      g193/YC              HAX1              1  3.4   20   +50     522 F 
      g192/B                                                +0     522   
      g192/YC              HAX1              1  3.4   20   +50     572 F 
      g191/B                                                +0     572   
      g191/YC              HAX1              1  3.4   20   +50     622 F 
      g190/B                                                +0     622   
      g190/YC              HAX1              1  3.4   20   +50     672 F 
      g189/B                                                +0     672   
      g189/YC              HAX1              1  3.4   20   +50     722 F 
      g188/B                                                +0     722   
      g188/YC              HAX1              1  3.4   20   +50     773 F 
      g187/B                                                +0     773   
      g187/YC              HAX1              1  3.4   20   +50     823 F 
      g186/B                                                +0     823   
      g186/YC              HAX1              1  3.4   20   +50     873 F 
      g185/B                                                +0     873   
      g185/YC              HAX1              1  3.4   20   +50     923 F 
      g184/B                                                +0     923   
      g184/YC              HAX1              1  3.4   20   +50     974 F 
      g183/B                                                +0     974   
      g183/YC              HAX1              1  3.4   20   +50    1024 F 
      g182/B                                                +0    1024   
      g182/YC              HAX1              1  3.4   20   +50    1074 F 
      g181/B                                                +0    1074   
      g181/YC              HAX1              1  3.4   20   +50    1124 F 
      g180/B                                                +0    1124   
      g180/YC              HAX1              1  3.4   20   +50    1174 F 
      g179/B                                                +0    1174   
      g179/YC              HAX1              1  3.4   20   +50    1224 F 
      g178/B                                                +0    1224   
      g178/YC              HAX1              1  3.4   20   +50    1275 F 
      g177/B                                                +0    1275   
      g177/YC              HAX1              1  3.4   20   +50    1325 F 
      g176/B                                                +0    1325   
      g176/YC              HAX1              1  5.0   24   +54    1378 F 
      g175/A                                                +0    1378   
      g175/Y               XOR2X1            1  2.8   45   +36    1415 R 
    inc_add_23_27_1/Z[25] 
    g127/A                                                  +0    1415   
    g127/Y                 MUX2X1            1  1.5   84   +28    1443 F 
    g126/A                                                  +0    1443   
    g126/Y                 INVX1             1  2.0    0   +26    1469 R 
    countval_reg[25]/D     DFFSR                            +0    1469   
    countval_reg[25]/CLK   setup                       0   +70    1540 R 
- - - - - - - - - - - - - - - - - - - - - - - - - - - - - - - - - - - - -
(clock clk)                capture                                5000 R 
                           uncertainty                     -50    4950 R 
-------------------------------------------------------------------------
Cost Group   : 'clk' (path_group 'clk')
Timing slack :    3410ps 
Start-point  : TOP/stoch2bin/countval_reg[0]/CLK
End-point    : TOP/stoch2bin/countval_reg[25]/D
