============================================================
  Generated by:           Encounter(R) RTL Compiler v14.10-s022_1
  Generated on:           Jul 25 2021  01:04:43 pm
  Module:                 es_ordered_cas_mul_synth
  Technology library:     gscl45nm 
  Operating conditions:   typical (balanced_tree)
  Wireload mode:          enclosed
  Area mode:              timing library
============================================================

                Instance                 Cells  Cell Area  Net Area  Total Area  Wireload     
----------------------------------------------------------------------------------------------
es_ordered_cas_mul_synth                   780       2422         0        2422    <none> (D) 
  TOP                                      780       2422         0        2422    <none> (D) 
    cas                                    382        852         0         852    <none> (D) 
      genblk1.cas_abmaxcdmax_abmincdmin    100        210         0         210    <none> (D) 
      genblk1.cas_abmin_cdmin               79        175         0         175    <none> (D) 
      genblk1.cas_abmax_cdmax               79        175         0         175    <none> (D) 
      genblk1.cas_c_d                       62        146         0         146    <none> (D) 
      genblk1.cas_a_b                       62        146         0         146    <none> (D) 
    stoch2bin                              144        650         0         650    <none> (D) 
      inc_add_23_27_1                       28        131         0         131    <none> (D) 
    genblk1[3].genblk1.sng                  63        229         0         229    <none> (D) 
      ctr                                   38        172         0         172    <none> (D) 
    genblk1[2].genblk1.sng                  62        227         0         227    <none> (D) 
      ctr                                   37        169         0         169    <none> (D) 
    genblk1[1].genblk1.sng                  62        227         0         227    <none> (D) 
      ctr                                   37        169         0         169    <none> (D) 
    genblk1[0].genblk1.sng                  62        227         0         227    <none> (D) 
      ctr                                   37        169         0         169    <none> (D) 

 (D) = wireload is default in technology library
