============================================================
  Generated by:           Encounter(R) RTL Compiler v14.10-s022_1
  Generated on:           Jul 25 2021  01:00:39 pm
  Module:                 es_ordered_bs_mul_synth
  Technology library:     gscl45nm 
  Operating conditions:   typical (balanced_tree)
  Wireload mode:          enclosed
  Area mode:              timing library
============================================================

             Instance               Cells  Cell Area  Net Area  Total Area  Wireload     
-----------------------------------------------------------------------------------------
es_ordered_bs_mul_synth              1647       4990         0        4990    <none> (D) 
  TOP                                1647       4990         0        4990    <none> (D) 
    stoch2bin                         254       1145         0        1145    <none> (D) 
      inc_add_23_27_2                  50        235         0         235    <none> (D) 
    genblk1[2].genblk1.genblk2.sng    284        780         0         780    <none> (D) 
      sng_multi                       270        748         0         748    <none> (D) 
        ctr                            66        262         0         262    <none> (D) 
    genblk1[1].genblk1.genblk1.sng    281        774         0         774    <none> (D) 
      sng_multi                       272        752         0         752    <none> (D) 
        ctr                            66        262         0         262    <none> (D) 
    genblk1[3].genblk1.genblk3.sng    280        772         0         772    <none> (D) 
      sng_multi                       271        750         0         750    <none> (D) 
        ctr                            66        262         0         262    <none> (D) 
    genblk1[4].genblk1.sng            278        765         0         765    <none> (D) 
      sng_multi                       273        755         0         755    <none> (D) 
        ctr                            67        265         0         265    <none> (D) 
    genblk1[0].genblk1.sng            263        739         0         739    <none> (D) 
      sng_multi                       258        727         0         727    <none> (D) 
        ctr                            52        237         0         237    <none> (D) 

 (D) = wireload is default in technology library
