============================================================
  Generated by:           Encounter(R) RTL Compiler v14.10-s022_1
  Generated on:           Jul 25 2021  12:56:51 pm
  Module:                 es_ordered_bs_mul_synth
  Technology library:     gscl45nm 
  Operating conditions:   typical (balanced_tree)
  Wireload mode:          enclosed
  Area mode:              timing library
============================================================

             Instance               Cells  Cell Area  Net Area  Total Area  Wireload     
-----------------------------------------------------------------------------------------
es_ordered_bs_mul_synth               305        998         0         998    <none> (D) 
  TOP                                 305        998         0         998    <none> (D) 
    stoch2bin                          63        286         0         286    <none> (D) 
    genblk1[2].genblk1.genblk2.sng     61        180         0         180    <none> (D) 
      sng_multi                        54        163         0         163    <none> (D) 
        ctr                            17         79         0          79    <none> (D) 
    genblk1[1].genblk1.genblk1.sng     59        176         0         176    <none> (D) 
      sng_multi                        53        161         0         161    <none> (D) 
        ctr                            17         79         0          79    <none> (D) 
    genblk1[3].genblk1.sng             58        172         0         172    <none> (D) 
      sng_multi                        54        163         0         163    <none> (D) 
        ctr                            18         82         0          82    <none> (D) 
    genblk1[0].genblk1.sng             58        172         0         172    <none> (D) 
      sng_multi                        55        165         0         165    <none> (D) 
        ctr                            17         79         0          79    <none> (D) 

 (D) = wireload is default in technology library
