============================================================
  Generated by:           Encounter(R) RTL Compiler v14.10-s022_1
  Generated on:           Jul 25 2021  01:00:39 pm
  Module:                 es_ordered_bs_mul_synth
  Technology library:     gscl45nm 
  Operating conditions:   typical (balanced_tree)
  Wireload mode:          enclosed
  Area mode:              timing library
============================================================

                                     Leakage    Dynamic      Total    
           Instance           Cells Power(nW)  Power(nW)   Power(nW)  
----------------------------------------------------------------------
es_ordered_bs_mul_synth        1647 30845.206 1747234.833 1778080.038 
  TOP                          1647 30845.206 1660751.633 1691596.839 
    stoch2bin                   254  9984.013  482549.216  492533.230 
      inc_add_23_27_2            50  2375.829   27656.033   30031.862 
    genblk1[2]..1.genblk2.sng   284  4201.212  237984.523  242185.735 
      sng_multi                 270  4045.443  230608.021  234653.465 
        ctr                      66  2115.645  125189.533  127305.178 
    genblk1[1]..1.genblk1.sng   281  4192.939  239902.753  244095.692 
      sng_multi                 272  4086.069  235035.431  239121.500 
        ctr                      66  2115.645  127434.524  129550.169 
    genblk1[3]..1.genblk3.sng   280  4152.827  235326.756  239479.582 
      sng_multi                 271  4066.707  230288.711  234355.418 
        ctr                      66  2115.645  125238.988  127354.633 
    genblk1[4].genblk1.sng      278  4139.559  223990.789  228130.348 
      sng_multi                 273  4105.823  221175.500  225281.322 
        ctr                      67  2135.399  114092.893  116228.291 
    genblk1[0].genblk1.sng      263  4092.627  224729.829  228822.456 
      sng_multi                 258  4040.597  222713.828  226754.426 
        ctr                      52  2070.173  119154.776  121224.949 

