============================================================
  Generated by:           Encounter(R) RTL Compiler v14.10-s022_1
  Generated on:           Jul 25 2021  01:06:24 pm
  Module:                 es_ordered_cas_mul_synth
  Technology library:     gscl45nm 
  Operating conditions:   typical (balanced_tree)
  Wireload mode:          enclosed
  Area mode:              timing library
============================================================

                                  Leakage    Dynamic      Total    
         Instance          Cells Power(nW)  Power(nW)   Power(nW)  
-------------------------------------------------------------------
es_ordered_cas_mul_synth     990 18799.786 1216663.658 1235463.443 
  TOP                        990 18799.786 1181699.687 1200499.472 
    stoch2bin                154  6059.545  290450.078  296509.623 
      inc_add_23_27_1         30  1424.531   17823.235   19247.766 
    cas                      548  5414.604  487484.792  492899.396 
      genblk1.cas8            88   837.202   74083.629   74920.831 
      genblk1.cas5            70   662.664   49954.413   50617.077 
      genblk1.cas6            70   662.664   62061.001   62723.665 
      genblk1.cas7            70   662.664   71486.261   72148.925 
      genblk1.cas0            50   517.882   39276.204   39794.086 
      genblk1.cas1            50   517.882   35892.651   36410.533 
      genblk1.cas2            50   517.882   40693.976   41211.858 
      genblk1.cas3            50   517.882   54109.343   54627.225 
      genblk1.cas4            50   517.882   59927.315   60445.197 
    genblk1[4].genblk1.sng    57  1466.314   71516.612   72982.926 
      ctr                     33  1305.033   70407.625   71712.658 
    genblk1[0].genblk1.sng    56  1446.561   83232.401   84678.961 
      ctr                     32  1285.280   82131.452   83416.731 
    genblk1[1].genblk1.sng    56  1446.561   81859.863   83306.424 
      ctr                     32  1285.280   80757.592   82042.871 
    genblk1[2].genblk1.sng    56  1446.561   84019.718   85466.278 
      ctr                     32  1285.280   82896.759   84182.038 
    genblk1[3].genblk1.sng    56  1446.561   83136.223   84582.784 
      ctr                     32  1285.280   82008.938   83294.218 

