============================================================
  Generated by:           Encounter(R) RTL Compiler v14.10-s022_1
  Generated on:           Jul 25 2021  12:57:53 pm
  Module:                 es_ordered_bs_mul_synth
  Technology library:     gscl45nm 
  Operating conditions:   typical (balanced_tree)
  Wireload mode:          enclosed
  Area mode:              timing library
============================================================

             Instance               Cells  Cell Area  Net Area  Total Area  Wireload     
-----------------------------------------------------------------------------------------
es_ordered_bs_mul_synth               895       2866         0        2866    <none> (D) 
  TOP                                 895       2866         0        2866    <none> (D) 
    stoch2bin                         164        740         0         740    <none> (D) 
      inc_add_23_27_1                  32        150         0         150    <none> (D) 
    genblk1[2].genblk1.genblk2.sng    183        533         0         533    <none> (D) 
      sng_multi                       176        516         0         516    <none> (D) 
        ctr                            42        192         0         192    <none> (D) 
    genblk1[1].genblk1.genblk1.sng    182        532         0         532    <none> (D) 
      sng_multi                       176        517         0         517    <none> (D) 
        ctr                            42        192         0         192    <none> (D) 
    genblk1[3].genblk1.sng            181        527         0         527    <none> (D) 
      sng_multi                       177        519         0         519    <none> (D) 
        ctr                            43        194         0         194    <none> (D) 
    genblk1[0].genblk1.sng            179        523         0         523    <none> (D) 
      sng_multi                       176        516         0         516    <none> (D) 
        ctr                            42        192         0         192    <none> (D) 

 (D) = wireload is default in technology library
