============================================================
  Generated by:           Encounter(R) RTL Compiler v14.10-s022_1
  Generated on:           Jul 25 2021  01:05:35 pm
  Module:                 es_ordered_cas_mul_synth
  Technology library:     gscl45nm 
  Operating conditions:   typical (balanced_tree)
  Wireload mode:          enclosed
  Area mode:              timing library
============================================================

          Pin                Type       Fanout Load Slew Delay Arrival   
                                               (fF) (ps)  (ps)   (ps)    
-------------------------------------------------------------------------
(clock clk)                launch                                    0 R 
TOP
  stoch2bin
    countval_reg[1]/CLK                                0             0 R 
    countval_reg[1]/Q      DFFSR             1  1.5   10  +115     115 F 
    drc_bufs288/A                                           +0     115   
    drc_bufs288/Y          BUFX2             3 16.6   22   +48     162 F 
    g218/A                                                  +0     162   
    g218/YC                HAX1              1  3.4   20   +54     217 F 
    g214/B                                                  +0     217   
    g214/YC                HAX1              1  3.4   20   +50     267 F 
    g210/B                                                  +0     267   
    g210/YC                HAX1              1  3.4   20   +50     317 F 
    g206/B                                                  +0     317   
    g206/YC                HAX1              1  3.4   20   +50     368 F 
    g202/B                                                  +0     368   
    g202/YC                HAX1              1  3.4   20   +50     418 F 
    g198/B                                                  +0     418   
    g198/YC                HAX1              1  3.4   20   +50     468 F 
    g194/B                                                  +0     468   
    g194/YC                HAX1              1  3.4   20   +50     518 F 
    g190/B                                                  +0     518   
    g190/YC                HAX1              1  3.4   20   +50     568 F 
    g186/B                                                  +0     568   
    g186/YC                HAX1              1  1.8   15   +47     615 F 
    g3/B                                                    +0     615   
    g3/Y                   AND2X1            1  5.0   25   +50     665 F 
    g308/A                                                  +0     665   
    g308/Y                 XOR2X1            1  2.0   42   +34     699 R 
    countval_reg[10]/D     DFFSR                            +0     699   
    countval_reg[10]/CLK   setup                       0   +84     784 R 
- - - - - - - - - - - - - - - - - - - - - - - - - - - - - - - - - - - - -
(clock clk)                capture                                5000 R 
                           uncertainty                     -50    4950 R 
-------------------------------------------------------------------------
Cost Group   : 'clk' (path_group 'clk')
Timing slack :    4166ps 
Start-point  : TOP/stoch2bin/countval_reg[1]/CLK
End-point    : TOP/stoch2bin/countval_reg[10]/D
