============================================================
  Generated by:           Encounter(R) RTL Compiler v14.10-s022_1
  Generated on:           Jul 25 2021  01:06:39 pm
  Module:                 es_ordered_cas_mul_synth
  Technology library:     gscl45nm 
  Operating conditions:   typical (balanced_tree)
  Wireload mode:          enclosed
  Area mode:              timing library
============================================================

                                  Leakage    Dynamic      Total    
         Instance          Cells Power(nW)  Power(nW)   Power(nW)  
-------------------------------------------------------------------
es_ordered_cas_mul_synth    1144 22008.610 1417069.436 1439078.046 
  TOP                       1144 22008.610 1377150.969 1399159.579 
    stoch2bin                179  7040.662  333849.782  340890.444 
      inc_add_23_27_1         35  1662.356   19492.612   21154.968 
    cas                      647  6434.175  583887.828  590322.003 
      genblk1.cas8           100   972.885   89765.214   90738.099 
      genblk1.cas5            79   775.283   64621.601   65396.884 
      genblk1.cas7            79   775.283   88093.397   88868.680 
      genblk1.cas6            79   769.258   66751.019   67520.277 
      genblk1.cas0            62   628.293   45895.941   46524.234 
      genblk1.cas1            62   628.293   44969.100   45597.393 
      genblk1.cas2            62   628.293   51462.734   52091.027 
      genblk1.cas3            62   628.293   61819.457   62447.750 
      genblk1.cas4            62   628.293   70509.365   71137.658 
    genblk1[4].genblk1.sng    63  1706.152   82664.802   84370.954 
      ctr                     38  1501.257   79997.569   81498.825 
    genblk1[0].genblk1.sng    62  1686.398   93790.450   95476.848 
      ctr                     37  1481.503   91170.358   92651.861 
    genblk1[1].genblk1.sng    62  1686.398   93428.196   95114.594 
      ctr                     37  1481.503   90864.748   92346.251 
    genblk1[2].genblk1.sng    62  1686.398   95203.586   96889.984 
      ctr                     37  1481.503   92496.457   93977.960 
    genblk1[3].genblk1.sng    62  1686.398   94326.325   96012.723 
      ctr                     37  1481.503   91648.851   93130.354 

