============================================================
  Generated by:           Encounter(R) RTL Compiler v14.10-s022_1
  Generated on:           Jul 25 2021  01:02:40 pm
  Module:                 es_ordered_cas_mul_synth
  Technology library:     gscl45nm 
  Operating conditions:   typical (balanced_tree)
  Wireload mode:          enclosed
  Area mode:              timing library
============================================================

                                      Leakage    Dynamic     Total   
           Instance            Cells Power(nW)  Power(nW)  Power(nW) 
---------------------------------------------------------------------
es_ordered_cas_mul_synth         393  8536.079 480020.621 488556.700 
  TOP                            393  8536.079 461439.143 469975.221 
    stoch2bin                     78  3111.507 149176.502 152288.010 
    cas                          172  1659.147 106788.815 108447.962 
      genblk1.cas_abmax_abminc    73   692.917  44841.176  45534.093 
      genblk1.cas_abmin_c         58   547.469  33917.247  34464.715 
      genblk1.cas_a_b             41   418.762  28030.392  28449.154 
    genblk1[2].genblk1.sng        47  1252.745  60310.959  61563.704 
      ctr                         28  1108.810  59612.170  60720.980 
    genblk1[0].genblk1.sng        46  1232.991  73066.332  74299.323 
      ctr                         27  1089.056  72367.543  73456.599 
    genblk1[1].genblk1.sng        46  1232.991  72096.534  73329.525 
      ctr                         27  1089.056  71397.745  72486.801 

