============================================================
  Generated by:           Encounter(R) RTL Compiler v14.10-s022_1
  Generated on:           Jul 25 2021  12:56:32 pm
  Module:                 es_ordered_bs_mul_synth
  Technology library:     gscl45nm 
  Operating conditions:   typical (balanced_tree)
  Wireload mode:          enclosed
  Area mode:              timing library
============================================================

                                     Leakage    Dynamic     Total   
           Instance           Cells Power(nW)  Power(nW)  Power(nW) 
--------------------------------------------------------------------
es_ordered_bs_mul_synth         750 16342.833 921874.033 938216.866 
  TOP                           750 16342.833 880884.149 897226.982 
    stoch2bin                   154  6059.545 299602.966 305662.510 
      inc_add_23_27_2            30  1424.531  17662.757  19087.288 
    genblk1[2].genblk1.sng      205  3454.989 184127.300 187582.289 
      sng_multi                 202  3428.607 182662.583 186091.189 
        ctr                      67  2135.399 113661.131 115796.530 
    genblk1[1]..1.genblk1.sng   198  3436.067 194138.251 197574.319 
      sng_multi                 197  3396.857 191798.836 195195.693 
        ctr                      66  2115.645 124615.257 126730.902 
    genblk1[0].genblk1.sng      189  3345.535 191913.109 195258.644 
      sng_multi                 187  3338.181 191208.733 194546.914 
        ctr                      52  2070.173 123596.203 125666.376 

