============================================================
  Generated by:           Encounter(R) RTL Compiler v14.10-s022_1
  Generated on:           Jul 25 2021  12:53:59 pm
  Module:                 es_ordered_bs_mul_synth
  Technology library:     gscl45nm 
  Operating conditions:   typical (balanced_tree)
  Wireload mode:          enclosed
  Area mode:              timing library
============================================================

                                  Leakage    Dynamic     Total   
         Instance          Cells Power(nW)  Power(nW)  Power(nW) 
-----------------------------------------------------------------
es_ordered_bs_mul_synth      156  4213.981 258331.696 262545.678 
  TOP                        156  4213.981 247292.639 251506.621 
    stoch2bin                 43  1737.943  95916.176  97654.120 
    genblk1[1].genblk1.sng    56  1242.051  67684.650  68926.701 
      sng_multi               55  1226.445  66886.082  68112.527 
        ctr                   24   930.125  51368.912  52299.037 
    genblk1[0].genblk1.sng    54  1202.896  78105.633  79308.529 
      sng_multi               53  1189.152  77549.240  78738.392 
        ctr                   22   892.833  61841.578  62734.411 

