============================================================
  Generated by:           Encounter(R) RTL Compiler v14.10-s022_1
  Generated on:           Jul 25 2021  01:01:07 pm
  Module:                 es_ordered_cas_mul_synth
  Technology library:     gscl45nm 
  Operating conditions:   typical (balanced_tree)
  Wireload mode:          enclosed
  Area mode:              timing library
============================================================

                                  Leakage    Dynamic     Total   
         Instance          Cells Power(nW)  Power(nW)  Power(nW) 
-----------------------------------------------------------------
es_ordered_cas_mul_synth     174  4231.118 229771.118 234002.236 
  TOP                        174  4231.118 219622.999 223854.117 
    stoch2bin                 43  1737.943  85322.753  87060.696 
    genblk1[1].genblk1.sng    39  1026.311  50677.965  51704.276 
      ctr                     24   930.125  49923.726  50853.852 
    genblk1[0].genblk1.sng    37   989.018  61492.009  62481.027 
      ctr                     22   892.833  60756.953  61649.786 
    cas                       52   446.755  22130.272  22577.027 
      genblk1.cas_a_b         52   446.755  22130.272  22577.027 

