============================================================
  Generated by:           Encounter(R) RTL Compiler v14.10-s022_1
  Generated on:           Jul 25 2021  12:58:35 pm
  Module:                 es_ordered_bs_mul_synth
  Technology library:     gscl45nm 
  Operating conditions:   typical (balanced_tree)
  Wireload mode:          enclosed
  Area mode:              timing library
============================================================

             Instance               Cells  Cell Area  Net Area  Total Area  Wireload     
-----------------------------------------------------------------------------------------
es_ordered_bs_mul_synth               298        940         0         940    <none> (D) 
  TOP                                 298        940         0         940    <none> (D) 
    stoch2bin                          53        241         0         241    <none> (D) 
    genblk1[2].genblk1.genblk2.sng     53        149         0         149    <none> (D) 
      sng_multi                        39        117         0         117    <none> (D) 
        ctr                            12         57         0          57    <none> (D) 
    genblk1[1].genblk1.genblk1.sng     48        139         0         139    <none> (D) 
      sng_multi                        39        117         0         117    <none> (D) 
        ctr                            12         57         0          57    <none> (D) 
    genblk1[3].genblk1.genblk3.sng     48        138         0         138    <none> (D) 
      sng_multi                        39        117         0         117    <none> (D) 
        ctr                            12         57         0          57    <none> (D) 
    genblk1[4].genblk1.sng             45        130         0         130    <none> (D) 
      sng_multi                        40        119         0         119    <none> (D) 
        ctr                            13         59         0          59    <none> (D) 
    genblk1[0].genblk1.sng             44        129         0         129    <none> (D) 
      sng_multi                        39        117         0         117    <none> (D) 
        ctr                            12         57         0          57    <none> (D) 

 (D) = wireload is default in technology library
