============================================================
  Generated by:           Encounter(R) RTL Compiler v14.10-s022_1
  Generated on:           Jul 25 2021  01:04:18 pm
  Module:                 es_ordered_cas_mul_synth
  Technology library:     gscl45nm 
  Operating conditions:   typical (balanced_tree)
  Wireload mode:          enclosed
  Area mode:              timing library
============================================================

                                       Leakage    Dynamic     Total   
            Instance            Cells Power(nW)  Power(nW)  Power(nW) 
----------------------------------------------------------------------
es_ordered_cas_mul_synth          565 11736.710 700631.749 712368.458 
  TOP                             565 11736.710 676672.992 688409.702 
    stoch2bin                     104  4097.310 195350.139 199447.450 
      inc_add_23_27_1              20   948.882  12066.748  13015.630 
    cas                           271  2625.378 197941.070 200566.448 
      genblk1.ca..ax_abmincdmin    73   692.917  58784.338  59477.255 
      genblk1.cas_abmax_cdmax      58   547.469  42303.742  42851.211 
      genblk1.cas_abmin_cdmin      58   547.469  40150.414  40697.883 
      genblk1.cas_a_b              41   418.762  27678.973  28097.735 
      genblk1.cas_c_d              41   418.762  29023.603  29442.365 
    genblk1[3].genblk1.sng         47  1252.745  63702.293  64955.038 
      ctr                          28  1108.810  62939.199  64048.008 
    genblk1[0].genblk1.sng         46  1232.991  73910.077  75143.068 
      ctr                          27  1089.056  73168.417  74257.474 
    genblk1[1].genblk1.sng         46  1232.991  72983.651  74216.642 
      ctr                          27  1089.056  72222.700  73311.756 
    genblk1[2].genblk1.sng         46  1232.991  72785.761  74018.752 
      ctr                          27  1089.056  72074.111  73163.167 

