============================================================
  Generated by:           Encounter(R) RTL Compiler v14.10-s022_1
  Generated on:           Jul 25 2021  01:04:56 pm
  Module:                 es_ordered_cas_mul_synth
  Technology library:     gscl45nm 
  Operating conditions:   typical (balanced_tree)
  Wireload mode:          enclosed
  Area mode:              timing library
============================================================

                                       Leakage    Dynamic      Total    
            Instance            Cells Power(nW)  Power(nW)   Power(nW)  
------------------------------------------------------------------------
es_ordered_cas_mul_synth          916 18203.471 1099460.041 1117663.512 
  TOP                             916 18203.471 1061560.421 1079763.892 
    stoch2bin                     164  6451.991  308082.113  314534.105 
      inc_add_23_27_1              32  1519.661   18349.834   19869.495 
    cas                           446  4053.010  354155.451  358208.460 
      genblk1.ca..ax_abmincdmin   118  1081.261  103252.165  104333.426 
      genblk1.cas_abmax_cdmax      94   848.544   75507.191   76355.735 
      genblk1.cas_abmin_cdmin      94   848.544   72936.483   73785.027 
      genblk1.cas_a_b              70   637.330   50916.719   51554.048 
      genblk1.cas_c_d              70   637.330   51542.894   52180.224 
    genblk1[3].genblk1.sng         76  1923.857   90812.829   92736.686 
      ctr                          43  1697.480   89395.327   91092.807 
    genblk1[0].genblk1.sng         75  1904.103  103441.393  105345.496 
      ctr                          42  1677.726  102022.801  103700.527 
    genblk1[1].genblk1.sng         75  1904.103  101433.878  103337.982 
      ctr                          42  1677.726  100103.649  101781.375 
    genblk1[2].genblk1.sng         75  1904.103  103634.757  105538.860 
      ctr                          42  1677.726  102209.905  103887.632 

