============================================================
  Generated by:           Encounter(R) RTL Compiler v14.10-s022_1
  Generated on:           Jul 25 2021  01:04:56 pm
  Module:                 es_ordered_cas_mul_synth
  Technology library:     gscl45nm 
  Operating conditions:   typical (balanced_tree)
  Wireload mode:          enclosed
  Area mode:              timing library
============================================================

          Pin                Type       Fanout Load Slew Delay Arrival   
                                               (fF) (ps)  (ps)   (ps)    
-------------------------------------------------------------------------
(clock clk)                launch                                    0 R 
TOP
  stoch2bin
    countval_reg[0]/CLK                                0             0 R 
    countval_reg[0]/Q      DFFSR             1  1.5   10  +115     115 F 
    drc_bufs294/A                                           +0     115   
    drc_bufs294/Y          BUFX2             3 19.1   25   +50     165 F 
    inc_add_23_27_1/A[0] 
      g255/A                                                +0     165   
      g255/YC              HAX1              1  3.4   20   +55     220 F 
      g254/B                                                +0     220   
      g254/YC              HAX1              1  3.4   20   +50     271 F 
      g253/B                                                +0     271   
      g253/YC              HAX1              1  3.4   20   +50     321 F 
      g252/B                                                +0     321   
      g252/YC              HAX1              1  3.4   20   +50     371 F 
      g251/B                                                +0     371   
      g251/YC              HAX1              1  3.4   20   +50     421 F 
      g250/B                                                +0     421   
      g250/YC              HAX1              1  3.4   20   +50     472 F 
      g249/B                                                +0     472   
      g249/YC              HAX1              1  3.4   20   +50     522 F 
      g248/B                                                +0     522   
      g248/YC              HAX1              1  3.4   20   +50     572 F 
      g247/B                                                +0     572   
      g247/YC              HAX1              1  3.4   20   +50     622 F 
      g246/B                                                +0     622   
      g246/YC              HAX1              1  3.4   20   +50     672 F 
      g245/B                                                +0     672   
      g245/YC              HAX1              1  3.4   20   +50     722 F 
      g244/B                                                +0     722   
      g244/YC              HAX1              1  3.4   20   +50     773 F 
      g243/B                                                +0     773   
      g243/YC              HAX1              1  3.4   20   +50     823 F 
      g242/B                                                +0     823   
      g242/YC              HAX1              1  3.4   20   +50     873 F 
      g241/B                                                +0     873   
      g241/YC              HAX1              1  3.4   20   +50     923 F 
      g240/B                                                +0     923   
      g240/YC              HAX1              1  3.4   20   +50     974 F 
      g239/B                                                +0     974   
      g239/YC              HAX1              1  3.4   20   +50    1024 F 
      g238/B                                                +0    1024   
      g238/YC              HAX1              1  3.4   20   +50    1074 F 
      g237/B                                                +0    1074   
      g237/YC              HAX1              1  3.4   20   +50    1124 F 
      g236/B                                                +0    1124   
      g236/YC              HAX1              1  3.4   20   +50    1174 F 
      g235/B                                                +0    1174   
      g235/YC              HAX1              1  3.4   20   +50    1224 F 
      g234/B                                                +0    1224   
      g234/YC              HAX1              1  3.4   20   +50    1275 F 
      g233/B                                                +0    1275   
      g233/YC              HAX1              1  3.4   20   +50    1325 F 
      g232/B                                                +0    1325   
      g232/YC              HAX1              1  3.4   20   +50    1375 F 
      g231/B                                                +0    1375   
      g231/YC              HAX1              1  3.4   20   +50    1425 F 
      g230/B                                                +0    1425   
      g230/YC              HAX1              1  3.4   20   +50    1476 F 
      g229/B                                                +0    1476   
      g229/YC              HAX1              1  3.4   20   +50    1526 F 
      g228/B                                                +0    1526   
      g228/YC              HAX1              1  3.4   20   +50    1576 F 
      g227/B                                                +0    1576   
      g227/YC              HAX1              1  3.4   20   +50    1626 F 
      g226/B                                                +0    1626   
      g226/YC              HAX1              1  3.4   20   +50    1676 F 
      g225/B                                                +0    1676   
      g225/YC              HAX1              1  5.0   24   +54    1730 F 
      g224/A                                                +0    1730   
      g224/Y               XOR2X1            1  2.8   45   +36    1766 R 
    inc_add_23_27_1/Z[32] 
    g122/A                                                  +0    1766   
    g122/Y                 MUX2X1            1  1.5  106   +28    1794 F 
    g121/A                                                  +0    1794   
    g121/Y                 INVX1             1  2.0    0   +34    1829 R 
    countval_reg[32]/D     DFFSR                            +0    1829   
    countval_reg[32]/CLK   setup                       0   +70    1899 R 
- - - - - - - - - - - - - - - - - - - - - - - - - - - - - - - - - - - - -
(clock clk)                capture                                5000 R 
                           uncertainty                     -50    4950 R 
-------------------------------------------------------------------------
Cost Group   : 'clk' (path_group 'clk')
Timing slack :    3051ps 
Start-point  : TOP/stoch2bin/countval_reg[0]/CLK
End-point    : TOP/stoch2bin/countval_reg[32]/D
