============================================================
  Generated by:           Encounter(R) RTL Compiler v14.10-s022_1
  Generated on:           Jul 25 2021  12:54:16 pm
  Module:                 es_ordered_bs_mul_synth
  Technology library:     gscl45nm 
  Operating conditions:   typical (balanced_tree)
  Wireload mode:          enclosed
  Area mode:              timing library
============================================================

                                  Leakage    Dynamic     Total   
         Instance          Cells Power(nW)  Power(nW)  Power(nW) 
-----------------------------------------------------------------
es_ordered_bs_mul_synth      221  5804.782 360565.094 366369.876 
  TOP                        221  5804.782 346166.321 351971.103 
    stoch2bin                 63  2522.837 134479.526 137002.363 
    genblk1[1].genblk1.sng    78  1636.235  97649.991  99286.226 
      sng_multi               77  1620.629  96904.046  98524.676 
        ctr                   33  1305.033  72898.040  74203.073 
    genblk1[0].genblk1.sng    77  1614.619 107623.948 109238.566 
      sng_multi               76  1600.875 107169.700 108770.576 
        ctr                   32  1285.280  82926.324  84211.603 

