============================================================
  Generated by:           Encounter(R) RTL Compiler v14.10-s022_1
  Generated on:           Jul 25 2021  12:59:10 pm
  Module:                 es_ordered_bs_mul_synth
  Technology library:     gscl45nm 
  Operating conditions:   typical (balanced_tree)
  Wireload mode:          enclosed
  Area mode:              timing library
============================================================

                                     Leakage    Dynamic     Total   
           Instance           Cells Power(nW)  Power(nW)  Power(nW) 
--------------------------------------------------------------------
es_ordered_bs_mul_synth         746 14841.578 916628.803 931470.381 
  TOP                           746 14841.578 874185.671 889027.249 
    stoch2bin                   129  5078.427 248065.163 253143.591 
      inc_add_23_27_1            25  1186.707  14362.103  15548.810 
    genblk1[1]..1.genblk1.sng   128  2063.691 129310.830 131374.521 
      sng_multi                 119  1956.822 123680.911 125637.732 
        ctr                      27  1089.056  73386.460  74475.516 
    genblk1[2]..1.genblk2.sng   123  1931.548 127099.178 129030.726 
      sng_multi                 109  1775.780 119178.609 120954.389 
        ctr                      27  1089.056  74447.825  75536.882 
    genblk1[3]..1.genblk3.sng   122  1920.517 122277.666 124198.183 
      sng_multi                 113  1834.398 117064.213 118898.611 
        ctr                      27  1089.056  72027.408  73116.464 
    genblk1[4].genblk1.sng      119  1887.887 114091.712 115979.599 
      sng_multi                 114  1854.151 110748.390 112602.541 
        ctr                      28  1108.810  63613.337  64722.146 
    genblk1[0].genblk1.sng      118  1886.428 120603.586 122490.014 
      sng_multi                 113  1834.398 118544.711 120379.109 
        ctr                      27  1089.056  72876.360  73965.416 

