============================================================
  Generated by:           Encounter(R) RTL Compiler v14.10-s022_1
  Generated on:           Jul 25 2021  01:07:33 pm
  Module:                 es_ordered_cas_mul_synth
  Technology library:     gscl45nm 
  Operating conditions:   typical (balanced_tree)
  Wireload mode:          enclosed
  Area mode:              timing library
============================================================

                                  Leakage    Dynamic      Total    
         Instance          Cells Power(nW)  Power(nW)   Power(nW)  
-------------------------------------------------------------------
es_ordered_cas_mul_synth    1697 30695.067 2055160.915 2085855.982 
  TOP                       1697 30695.067 1997992.991 2028688.058 
    stoch2bin                254  9984.013  472366.736  482350.749 
      inc_add_23_27_2         50  2375.829   27746.100   30121.929 
    cas                      901  8188.420  906161.543  914349.963 
      genblk1.cas8           145  1326.118  143621.090  144947.208 
      genblk1.cas5           117  1056.429   98956.897  100013.325 
      genblk1.cas6           117  1056.429  109590.613  110647.041 
      genblk1.cas7           117  1056.429  144220.930  145277.358 
      genblk1.cas0            81   738.603   69518.267   70256.870 
      genblk1.cas1            81   738.603   62776.425   63515.029 
      genblk1.cas2            81   738.603   76990.497   77729.100 
      genblk1.cas3            81   738.603   91078.727   91817.331 
      genblk1.cas4            81   738.603  109408.099  110146.702 
    genblk1[4].genblk1.sng   110  2514.606  115515.354  118029.960 
      ctr                     64  2143.338  109951.341  112094.680 
    genblk1[1].genblk1.sng   109  2494.853  128835.244  131330.097 
      ctr                     63  2123.585  123445.085  125568.670 
    genblk1[2].genblk1.sng   109  2494.853  123523.991  126018.843 
      ctr                     63  2123.585  118374.500  120498.085 
    genblk1[3].genblk1.sng   109  2494.853  126091.861  128586.713 
      ctr                     63  2123.585  120765.600  122889.184 
    genblk1[0].genblk1.sng    98  2441.441  125498.261  127939.702 
      ctr                     52  2070.173  120238.993  122309.166 

