============================================================
  Generated by:           Encounter(R) RTL Compiler v14.10-s022_1
  Generated on:           Jul 25 2021  01:02:51 pm
  Module:                 es_ordered_cas_mul_synth
  Technology library:     gscl45nm 
  Operating conditions:   typical (balanced_tree)
  Wireload mode:          enclosed
  Area mode:              timing library
============================================================

                                      Leakage    Dynamic     Total   
           Instance            Cells Power(nW)  Power(nW)  Power(nW) 
---------------------------------------------------------------------
es_ordered_cas_mul_synth         475 10128.744 578742.819 588871.563 
  TOP                            475 10128.744 556707.244 566835.989 
    stoch2bin                     94  3704.863 178459.719 182164.583 
      inc_add_23_27_1             18   853.753  11173.413  12027.166 
    cas                          208  2017.748 136327.103 138344.850 
      genblk1.cas_abmax_abminc    88   837.202  55922.701  56759.903 
      genblk1.cas_abmin_c         70   662.664  44002.628  44665.292 
      genblk1.cas_a_b             50   517.882  36401.774  36919.656 
    genblk1[2].genblk1.sng        57  1466.314  74233.702  75700.016 
      ctr                         33  1305.033  73025.728  74330.761 
    genblk1[0].genblk1.sng        56  1446.561  83790.459  85237.020 
      ctr                         32  1285.280  82643.768  83929.047 
    genblk1[1].genblk1.sng        56  1446.561  83896.262  85342.822 
      ctr                         32  1285.280  82785.974  84071.253 

