============================================================
  Generated by:           Encounter(R) RTL Compiler v14.10-s022_1
  Generated on:           Jul 25 2021  01:04:18 pm
  Module:                 es_ordered_cas_mul_synth
  Technology library:     gscl45nm 
  Operating conditions:   typical (balanced_tree)
  Wireload mode:          enclosed
  Area mode:              timing library
============================================================

                Instance                 Cells  Cell Area  Net Area  Total Area  Wireload     
----------------------------------------------------------------------------------------------
es_ordered_cas_mul_synth                   565       1750         0        1750    <none> (D) 
  TOP                                      565       1750         0        1750    <none> (D) 
    cas                                    271        604         0         604    <none> (D) 
      genblk1.cas_abmaxcdmax_abmincdmin     73        153         0         153    <none> (D) 
      genblk1.cas_abmin_cdmin               58        127         0         127    <none> (D) 
      genblk1.cas_abmax_cdmax               58        127         0         127    <none> (D) 
      genblk1.cas_c_d                       41         98         0          98    <none> (D) 
      genblk1.cas_a_b                       41         98         0          98    <none> (D) 
    stoch2bin                              104        469         0         469    <none> (D) 
      inc_add_23_27_1                       20         94         0          94    <none> (D) 
    genblk1[3].genblk1.sng                  47        168         0         168    <none> (D) 
      ctr                                   28        127         0         127    <none> (D) 
    genblk1[2].genblk1.sng                  46        166         0         166    <none> (D) 
      ctr                                   27        124         0         124    <none> (D) 
    genblk1[1].genblk1.sng                  46        166         0         166    <none> (D) 
      ctr                                   27        124         0         124    <none> (D) 
    genblk1[0].genblk1.sng                  46        166         0         166    <none> (D) 
      ctr                                   27        124         0         124    <none> (D) 

 (D) = wireload is default in technology library
