============================================================
  Generated by:           Encounter(R) RTL Compiler v14.10-s022_1
  Generated on:           Jul 25 2021  01:01:34 pm
  Module:                 es_ordered_cas_mul_synth
  Technology library:     gscl45nm 
  Operating conditions:   typical (balanced_tree)
  Wireload mode:          enclosed
  Area mode:              timing library
============================================================

         Instance           Cells  Cell Area  Net Area  Total Area  Wireload     
---------------------------------------------------------------------------------
es_ordered_cas_mul_synth      301       1003         0        1003    <none> (D) 
  TOP                         301       1003         0        1003    <none> (D) 
    stoch2bin                  73        331         0         331    <none> (D) 
    genblk1[1].genblk1.sng     63        229         0         229    <none> (D) 
      ctr                      38        172         0         172    <none> (D) 
    genblk1[0].genblk1.sng     62        227         0         227    <none> (D) 
      ctr                      37        169         0         169    <none> (D) 
    cas                       100        210         0         210    <none> (D) 
      genblk1.cas_a_b         100        210         0         210    <none> (D) 

 (D) = wireload is default in technology library
