============================================================
  Generated by:           Encounter(R) RTL Compiler v14.10-s022_1
  Generated on:           Jul 25 2021  01:02:12 pm
  Module:                 es_ordered_cas_mul_synth
  Technology library:     gscl45nm 
  Operating conditions:   typical (balanced_tree)
  Wireload mode:          enclosed
  Area mode:              timing library
============================================================

           Instance             Cells  Cell Area  Net Area  Total Area  Wireload     
-------------------------------------------------------------------------------------
es_ordered_cas_mul_synth          142        477         0         477    <none> (D) 
  TOP                             142        477         0         477    <none> (D) 
    stoch2bin                      33        151         0         151    <none> (D) 
    cas                            50        108         0         108    <none> (D) 
      genblk1.cas_abmax_abminc     23         47         0          47    <none> (D) 
      genblk1.cas_abmin_c          16         35         0          35    <none> (D) 
      genblk1.cas_a_b              11         27         0          27    <none> (D) 
    genblk1[2].genblk1.sng         19         71         0          71    <none> (D) 
      ctr                          13         59         0          59    <none> (D) 
    genblk1[1].genblk1.sng         18         69         0          69    <none> (D) 
      ctr                          12         57         0          57    <none> (D) 
    genblk1[0].genblk1.sng         18         69         0          69    <none> (D) 
      ctr                          12         57         0          57    <none> (D) 

 (D) = wireload is default in technology library
