============================================================
  Generated by:           Encounter(R) RTL Compiler v14.10-s022_1
  Generated on:           Jul 25 2021  01:05:11 pm
  Module:                 es_ordered_cas_mul_synth
  Technology library:     gscl45nm 
  Operating conditions:   typical (balanced_tree)
  Wireload mode:          enclosed
  Area mode:              timing library
============================================================

                                       Leakage    Dynamic      Total    
            Instance            Cells Power(nW)  Power(nW)   Power(nW)  
------------------------------------------------------------------------
es_ordered_cas_mul_synth         1059 21145.916 1258996.686 1280142.602 
  TOP                            1059 21145.916 1217486.086 1238632.002 
    stoch2bin                     184  7236.885  346313.165  353550.050 
      inc_add_23_27_1              36  1709.921   20630.536   22340.457 
    cas                           512  4962.474  411567.325  416529.799 
      genblk1.ca..ax_abmincdmin   138  1342.006  119620.396  120962.402 
      genblk1.cas_abmax_cdmax     111  1080.200   88766.299   89846.499 
      genblk1.cas_abmin_cdmin     111  1080.200   85199.249   86279.449 
      genblk1.cas_a_b              76   730.034   60372.028   61102.062 
      genblk1.cas_c_d              76   730.034   57609.353   58339.388 
    genblk1[3].genblk1.sng         91  2242.363  106350.911  108593.274 
      ctr                          51  1928.590   99216.005  101144.596 
    genblk1[1].genblk1.sng         90  2222.609  118855.516  121078.126 
      ctr                          50  1908.837  111803.359  113712.196 
    genblk1[2].genblk1.sng         90  2222.609  117451.083  119673.692 
      ctr                          50  1908.837  110578.717  112487.553 
    genblk1[0].genblk1.sng         87  2187.722  116948.086  119135.808 
      ctr                          47  1873.950  110009.010  111882.960 

