============================================================
  Generated by:           Encounter(R) RTL Compiler v14.10-s022_1
  Generated on:           Jul 25 2021  01:04:07 pm
  Module:                 es_ordered_cas_mul_synth
  Technology library:     gscl45nm 
  Operating conditions:   typical (balanced_tree)
  Wireload mode:          enclosed
  Area mode:              timing library
============================================================

                                       Leakage    Dynamic     Total   
            Instance            Cells Power(nW)  Power(nW)  Power(nW) 
----------------------------------------------------------------------
es_ordered_cas_mul_synth          433  9071.709 555806.771 564878.481 
  TOP                             433  9071.709 536590.724 545662.433 
    stoch2bin                      84  3312.417 158218.690 161531.106 
      inc_add_23_27_1              16   758.623   9853.677  10612.299 
    cas                           192  1668.546 134926.986 136595.532 
      genblk1.ca..ax_abmincdmin    52   446.755  39756.451  40203.206 
      genblk1.cas_abmax_cdmax      40   330.397  27918.757  28249.153 
      genblk1.cas_abmin_cdmin      38   309.190  25433.018  25742.208 
      genblk1.cas_a_b              31   291.102  20906.522  21197.625 
      genblk1.cas_c_d              31   291.102  20912.238  21203.341 
    genblk1[3].genblk1.sng         39  1026.311  52727.146  53753.457 
      ctr                          24   930.125  51912.966  52843.091 
    genblk1[1].genblk1.sng         38  1006.557  63987.212  64993.770 
      ctr                          23   910.372  63160.636  64071.008 
    genblk1[2].genblk1.sng         38  1006.557  63134.725  64141.282 
      ctr                          23   910.372  62312.053  63222.425 
    genblk1[0].genblk1.sng         37   989.018  63595.965  64584.983 
      ctr                          22   892.833  62763.912  63656.744 

