============================================================
  Generated by:           Encounter(R) RTL Compiler v14.10-s022_1
  Generated on:           Jul 25 2021  12:58:57 pm
  Module:                 es_ordered_bs_mul_synth
  Technology library:     gscl45nm 
  Operating conditions:   typical (balanced_tree)
  Wireload mode:          enclosed
  Area mode:              timing library
============================================================

             Instance               Cells  Cell Area  Net Area  Total Area  Wireload     
-----------------------------------------------------------------------------------------
es_ordered_bs_mul_synth               603       1891         0        1891    <none> (D) 
  TOP                                 603       1891         0        1891    <none> (D) 
    stoch2bin                         104        469         0         469    <none> (D) 
      inc_add_23_27_1                  20         94         0          94    <none> (D) 
    genblk1[2].genblk1.genblk2.sng    104        295         0         295    <none> (D) 
      sng_multi                        90        263         0         263    <none> (D) 
        ctr                            23        104         0         104    <none> (D) 
    genblk1[3].genblk1.genblk3.sng     98        280         0         280    <none> (D) 
      sng_multi                        89        259         0         259    <none> (D) 
        ctr                            23        104         0         104    <none> (D) 
    genblk1[1].genblk1.genblk1.sng     97        280         0         280    <none> (D) 
      sng_multi                        89        259         0         259    <none> (D) 
        ctr                            23        104         0         104    <none> (D) 
    genblk1[0].genblk1.sng             97        278         0         278    <none> (D) 
      sng_multi                        92        267         0         267    <none> (D) 
        ctr                            22        102         0         102    <none> (D) 
    genblk1[4].genblk1.sng             96        274         0         274    <none> (D) 
      sng_multi                        91        264         0         264    <none> (D) 
        ctr                            24        106         0         106    <none> (D) 

 (D) = wireload is default in technology library
