============================================================
  Generated by:           Encounter(R) RTL Compiler v14.10-s022_1
  Generated on:           Jul 25 2021  01:03:02 pm
  Module:                 es_ordered_cas_mul_synth
  Technology library:     gscl45nm 
  Operating conditions:   typical (balanced_tree)
  Wireload mode:          enclosed
  Area mode:              timing library
============================================================

          Pin                Type       Fanout Load Slew Delay Arrival   
                                               (fF) (ps)  (ps)   (ps)    
-------------------------------------------------------------------------
(clock clk)                launch                                    0 R 
TOP
  stoch2bin
    countval_reg[0]/CLK                                0             0 R 
    countval_reg[0]/Q      DFFSR             1  1.5   10  +115     115 F 
    drc_bufs201/A                                           +0     115   
    drc_bufs201/Y          BUFX2             3 19.1   25   +50     165 F 
    inc_add_23_27_1/A[0] 
      g167/A                                                +0     165   
      g167/YC              HAX1              1  3.4   20   +55     220 F 
      g166/B                                                +0     220   
      g166/YC              HAX1              1  3.4   20   +50     271 F 
      g165/B                                                +0     271   
      g165/YC              HAX1              1  3.4   20   +50     321 F 
      g164/B                                                +0     321   
      g164/YC              HAX1              1  3.4   20   +50     371 F 
      g163/B                                                +0     371   
      g163/YC              HAX1              1  3.4   20   +50     421 F 
      g162/B                                                +0     421   
      g162/YC              HAX1              1  3.4   20   +50     472 F 
      g161/B                                                +0     472   
      g161/YC              HAX1              1  3.4   20   +50     522 F 
      g160/B                                                +0     522   
      g160/YC              HAX1              1  3.4   20   +50     572 F 
      g159/B                                                +0     572   
      g159/YC              HAX1              1  3.4   20   +50     622 F 
      g158/B                                                +0     622   
      g158/YC              HAX1              1  3.4   20   +50     672 F 
      g157/B                                                +0     672   
      g157/YC              HAX1              1  3.4   20   +50     722 F 
      g156/B                                                +0     722   
      g156/YC              HAX1              1  3.4   20   +50     773 F 
      g155/B                                                +0     773   
      g155/YC              HAX1              1  3.4   20   +50     823 F 
      g154/B                                                +0     823   
      g154/YC              HAX1              1  3.4   20   +50     873 F 
      g153/B                                                +0     873   
      g153/YC              HAX1              1  3.4   20   +50     923 F 
      g152/B                                                +0     923   
      g152/YC              HAX1              1  3.4   20   +50     974 F 
      g151/B                                                +0     974   
      g151/YC              HAX1              1  3.4   20   +50    1024 F 
      g150/B                                                +0    1024   
      g150/YC              HAX1              1  3.4   20   +50    1074 F 
      g149/B                                                +0    1074   
      g149/YC              HAX1              1  3.4   20   +50    1124 F 
      g148/B                                                +0    1124   
      g148/YC              HAX1              1  5.0   24   +54    1178 F 
      g147/A                                                +0    1178   
      g147/Y               XOR2X1            1  2.8   45   +36    1214 R 
    inc_add_23_27_1/Z[21] 
    g93/A                                                   +0    1214   
    g93/Y                  MUX2X1            1  1.5   68   +28    1242 F 
    g92/A                                                   +0    1242   
    g92/Y                  INVX1             1  2.0    0   +21    1263 R 
    countval_reg[21]/D     DFFSR                            +0    1263   
    countval_reg[21]/CLK   setup                       0   +70    1334 R 
- - - - - - - - - - - - - - - - - - - - - - - - - - - - - - - - - - - - -
(clock clk)                capture                                5000 R 
                           uncertainty                     -50    4950 R 
-------------------------------------------------------------------------
Cost Group   : 'clk' (path_group 'clk')
Timing slack :    3616ps 
Start-point  : TOP/stoch2bin/countval_reg[0]/CLK
End-point    : TOP/stoch2bin/countval_reg[21]/D
