============================================================
  Generated by:           Encounter(R) RTL Compiler v14.10-s022_1
  Generated on:           Jul 25 2021  12:57:38 pm
  Module:                 es_ordered_bs_mul_synth
  Technology library:     gscl45nm 
  Operating conditions:   typical (balanced_tree)
  Wireload mode:          enclosed
  Area mode:              timing library
============================================================

                                     Leakage    Dynamic     Total   
           Instance           Cells Power(nW)  Power(nW)  Power(nW) 
--------------------------------------------------------------------
es_ordered_bs_mul_synth         759 16163.025 948186.197 964349.222 
  TOP                           759 16163.025 904311.900 920474.925 
    stoch2bin                   144  5667.098 279184.216 284851.313 
      inc_add_23_27_1            28  1329.401  16759.048  18088.449 
    genblk1[2]..1.genblk2.sng   155  2637.468 158636.343 161273.811 
      sng_multi                 148  2565.185 154919.729 157484.914 
        ctr                      37  1481.503  93806.908  95288.411 
    genblk1[3].genblk1.sng      153  2626.927 144562.409 147189.336 
      sng_multi                 149  2584.939 142329.158 144914.097 
        ctr                      38  1501.257  82297.433  83798.690 
    genblk1[1]..1.genblk1.sng   150  2587.776 154307.173 156894.949 
      sng_multi                 144  2519.291 150988.944 153508.235 
        ctr                      37  1481.503  93526.259  95007.762 
    genblk1[0].genblk1.sng      151  2586.282 156000.184 158586.466 
      sng_multi                 148  2565.185 154847.830 157413.016 
        ctr                      37  1481.503  93342.931  94824.434 

