============================================================
  Generated by:           Encounter(R) RTL Compiler v14.10-s022_1
  Generated on:           Jul 25 2021  12:59:41 pm
  Module:                 es_ordered_bs_mul_synth
  Technology library:     gscl45nm 
  Operating conditions:   typical (balanced_tree)
  Wireload mode:          enclosed
  Area mode:              timing library
============================================================

                                     Leakage    Dynamic      Total    
           Instance           Cells Power(nW)  Power(nW)   Power(nW)  
----------------------------------------------------------------------
es_ordered_bs_mul_synth        1091 21539.327 1250710.128 1272249.455 
  TOP                          1091 21539.327 1191000.409 1212539.737 
    stoch2bin                   179  7040.662  339784.168  346824.829 
      inc_add_23_27_1            35  1662.356   19987.056   21649.411 
    genblk1[2]..1.genblk2.sng   190  2995.949  176130.803  179126.752 
      sng_multi                 176  2840.180  168743.926  171584.107 
        ctr                      37  1481.503   93551.909   95033.412 
    genblk1[1]..1.genblk1.sng   180  2875.797  170749.543  173625.340 
      sng_multi                 171  2768.927  165559.430  168328.358 
        ctr                      37  1481.503   92528.298   94009.801 
    genblk1[4].genblk1.sng      180  2867.169  156282.905  159150.074 
      sng_multi                 175  2833.433  153709.714  156543.146 
        ctr                      38  1501.257   81080.292   82581.548 
    genblk1[3]..1.genblk3.sng   180  2856.903  168172.708  171029.611 
      sng_multi                 171  2770.784  162999.429  165770.213 
        ctr                      37  1481.503   91490.273   92971.776 
    genblk1[0].genblk1.sng      175  2820.819  167947.516  170768.336 
      sng_multi                 171  2765.845  166030.128  168795.974 
        ctr                      37  1481.503   93715.464   95196.967 

