============================================================
  Generated by:           Encounter(R) RTL Compiler v14.10-s022_1
  Generated on:           Jul 25 2021  12:57:13 pm
  Module:                 es_ordered_bs_mul_synth
  Technology library:     gscl45nm 
  Operating conditions:   typical (balanced_tree)
  Wireload mode:          enclosed
  Area mode:              timing library
============================================================

             Instance               Cells  Cell Area  Net Area  Total Area  Wireload     
-----------------------------------------------------------------------------------------
es_ordered_bs_mul_synth               511       1662         0        1662    <none> (D) 
  TOP                                 511       1662         0        1662    <none> (D) 
    stoch2bin                         104        469         0         469    <none> (D) 
      inc_add_23_27_1                  20         94         0          94    <none> (D) 
    genblk1[2].genblk1.genblk2.sng    103        301         0         301    <none> (D) 
      sng_multi                        96        284         0         284    <none> (D) 
        ctr                            27        124         0         124    <none> (D) 
    genblk1[1].genblk1.genblk1.sng    100        296         0         296    <none> (D) 
      sng_multi                        94        281         0         281    <none> (D) 
        ctr                            27        124         0         124    <none> (D) 
    genblk1[3].genblk1.sng             99        292         0         292    <none> (D) 
      sng_multi                        95        283         0         283    <none> (D) 
        ctr                            28        127         0         127    <none> (D) 
    genblk1[0].genblk1.sng             99        291         0         291    <none> (D) 
      sng_multi                        96        284         0         284    <none> (D) 
        ctr                            27        124         0         124    <none> (D) 

 (D) = wireload is default in technology library
