============================================================
  Generated by:           Encounter(R) RTL Compiler v14.10-s022_1
  Generated on:           Jul 25 2021  01:05:27 pm
  Module:                 es_ordered_cas_mul_synth
  Technology library:     gscl45nm 
  Operating conditions:   typical (balanced_tree)
  Wireload mode:          enclosed
  Area mode:              timing library
============================================================

                Instance                 Cells  Cell Area  Net Area  Total Area  Wireload     
----------------------------------------------------------------------------------------------
es_ordered_cas_mul_synth                  1176       3580         0        3580    <none> (D) 
  TOP                                     1176       3580         0        3580    <none> (D) 
    cas                                    541       1224         0        1224    <none> (D) 
      genblk1.cas_abmaxcdmax_abmincdmin    145        308         0         308    <none> (D) 
      genblk1.cas_abmin_cdmin              117        260         0         260    <none> (D) 
      genblk1.cas_abmax_cdmax              117        260         0         260    <none> (D) 
      genblk1.cas_c_d                       81        199         0         199    <none> (D) 
      genblk1.cas_a_b                       81        199         0         199    <none> (D) 
    stoch2bin                              204        920         0         920    <none> (D) 
      inc_add_23_27_2                       40        188         0         188    <none> (D) 
    genblk1[3].genblk1.sng                 110        363         0         363    <none> (D) 
      ctr                                   64        260         0         260    <none> (D) 
    genblk1[2].genblk1.sng                 109        361         0         361    <none> (D) 
      ctr                                   63        258         0         258    <none> (D) 
    genblk1[1].genblk1.sng                 109        361         0         361    <none> (D) 
      ctr                                   63        258         0         258    <none> (D) 
    genblk1[0].genblk1.sng                  98        340         0         340    <none> (D) 
      ctr                                   52        237         0         237    <none> (D) 

 (D) = wireload is default in technology library
