============================================================
  Generated by:           Encounter(R) RTL Compiler v14.10-s022_1
  Generated on:           Jul 25 2021  01:21:24 pm
  Module:                 ms_es_naive_by2_mul_synth
  Technology library:     gscl45nm 
  Operating conditions:   typical (balanced_tree)
  Wireload mode:          enclosed
  Area mode:              timing library
============================================================

         Instance           Cells  Cell Area  Net Area  Total Area  Wireload     
---------------------------------------------------------------------------------
ms_es_naive_by2_mul_synth    1053       3534         0        3534    <none> (D) 
  TOP                        1053       3534         0        3534    <none> (D) 
    genblk2.stoch2bin         566       2034         0        2034    <none> (D) 
      ctr                     511       1681         0        1681    <none> (D) 
        add_55_25             346        948         0         948    <none> (D) 
      par_ctr                  49        340         0         340    <none> (D) 
        p1                     22        150         0         150    <none> (D) 
          p1                    9         59         0          59    <none> (D) 
            p1                  3         18         0          18    <none> (D) 
              fa0               1          9         0           9    <none> (D) 
              ha1               1          5         0           5    <none> (D) 
              ha0               1          5         0           5    <none> (D) 
            p0                  3         18         0          18    <none> (D) 
              fa0               1          9         0           9    <none> (D) 
              ha1               1          5         0           5    <none> (D) 
              ha0               1          5         0           5    <none> (D) 
          p0                    9         59         0          59    <none> (D) 
            p1                  3         18         0          18    <none> (D) 
              fa0               1          9         0           9    <none> (D) 
              ha1               1          5         0           5    <none> (D) 
              ha0               1          5         0           5    <none> (D) 
            p0                  3         18         0          18    <none> (D) 
              fa0               1          9         0           9    <none> (D) 
              ha1               1          5         0           5    <none> (D) 
              ha0               1          5         0           5    <none> (D) 
        p0                     22        150         0         150    <none> (D) 
          p1                    9         59         0          59    <none> (D) 
            p1                  3         18         0          18    <none> (D) 
              fa0               1          9         0           9    <none> (D) 
              ha1               1          5         0           5    <none> (D) 
              ha0               1          5         0           5    <none> (D) 
            p0                  3         18         0          18    <none> (D) 
              fa0               1          9         0           9    <none> (D) 
              ha1               1          5         0           5    <none> (D) 
              ha0               1          5         0           5    <none> (D) 
          p0                    9         59         0          59    <none> (D) 
            p1                  3         18         0          18    <none> (D) 
              fa0               1          9         0           9    <none> (D) 
              ha1               1          5         0           5    <none> (D) 
              ha0               1          5         0           5    <none> (D) 
            p0                  3         18         0          18    <none> (D) 
              fa0               1          9         0           9    <none> (D) 
              ha1               1          5         0           5    <none> (D) 
              ha0               1          5         0           5    <none> (D) 
    genblk1[4].genblk1.sng     88        277         0         277    <none> (D) 
      ctr                      46        187         0         187    <none> (D) 
    genblk1[3].genblk1.sng     87        275         0         275    <none> (D) 
      ctr                      45        184         0         184    <none> (D) 
    genblk1[2].genblk1.sng     85        272         0         272    <none> (D) 
      ctr                      47        188         0         188    <none> (D) 
    genblk1[1].genblk1.sng     85        272         0         272    <none> (D) 
      ctr                      47        188         0         188    <none> (D) 
    genblk1[0].genblk1.sng     75        253         0         253    <none> (D) 
      ctr                      37        169         0         169    <none> (D) 

 (D) = wireload is default in technology library
