============================================================
  Generated by:           Encounter(R) RTL Compiler v14.10-s022_1
  Generated on:           Jul 25 2021  01:38:21 pm
  Module:                 ms_es_ordered_bs_by2_mul_synth
  Technology library:     gscl45nm 
  Operating conditions:   typical (balanced_tree)
  Wireload mode:          enclosed
  Area mode:              timing library
============================================================

           Pin                 Type       Fanout Load Slew Delay Arrival   
                                                 (fF) (ps)  (ps)   (ps)    
---------------------------------------------------------------------------
(clock clk_int1)             launch                                    0 R 
TOP
  genblk1[1].genblk5.genblk1.sng
    ctr
      countval_reg[2]/CLK                                0             0 R 
      countval_reg[2]/Q      DFFSR             1  1.5   10  +115     115 F 
      drc_bufs286/A                                           +0     115   
      drc_bufs286/Y          BUFX2             7 16.0   21   +47     162 F 
    ctr/countval[2] 
    genblk2[0].max_comparator/counter_in[2] 
      g1608/A                                                 +0     162   
      g1608/Y                INVX1            15 44.0  191  +140     302 R 
      g1571/A                                                 +0     302   
      g1571/Y                AOI22X1           1  1.5   34   +68     370 F 
      drc_bufs1625/A                                          +0     370   
      drc_bufs1625/Y         BUFX2             1  2.6    7   +38     408 F 
      g1534/B                                                 +0     408   
      g1534/Y                NAND3X1           1  1.5   34   +29     437 R 
      drc_bufs1639/A                                          +0     437   
      drc_bufs1639/Y         BUFX2             1  2.3    9   +35     471 R 
      g1522/B                                                 +0     471   
      g1522/Y                AND2X1            1  3.3   38   +46     517 R 
      g1518/C                                                 +0     517   
      g1518/Y                NOR3X1            2  5.4   36   +33     551 F 
      g1513/A                                                 +0     551   
      g1513/Y                OR2X1             1  1.9   12   +41     592 F 
      g1510/A                                                 +0     592   
      g1510/Y                AND2X1            3  7.8   33   +44     636 F 
      g1509/C                                                 +0     636   
      g1509/Y                NAND3X1           1  1.5   34   +33     669 R 
      drc_bufs1648/A                                          +0     669   
      drc_bufs1648/Y         BUFX2             1  1.6    8   +34     703 R 
      g1508/A                                                 +0     703   
      g1508/Y                INVX1             1  2.6   13   +16     719 F 
      g1504/B                                                 +0     719   
      g1504/Y                OAI21X1           5 10.8   83   +68     787 R 
    genblk2[0].max_comparator/sn_out 
  genblk1[1].genblk5.genblk1.sng/sn_out[0] 
  g602/A                                                      +0     787   
  g602/Y                     AND2X1            3  6.2   45   +42     829 R 
  g592/B                                                      +0     829   
  g592/Y                     AND2X1            4  9.2   63   +62     891 R 
  g562/B                                                      +0     891   
  g562/Y                     AND2X1            1 10.3   66   +64     954 R 
  genblk2.stoch2bin/data_in[21] 
    par_ctr/a[21] 
      p0/a[5] 
        p1/a[5] 
          p0/a[1] 
            fa0/a 
              g2/B                                            +0     954   
              g2/YS          FAX1              1  3.4   12   +91    1046 F 
            fa0/s 
            ha0/b 
              g17/B                                           +0    1046   
              g17/YC         HAX1              1  3.4   20   +48    1094 F 
            ha0/cout 
            ha1/a 
              g17/B                                           +0    1094   
              g17/YS         HAX1              1 10.9   38   +73    1167 F 
            ha1/s 
          p0/y[1] 
          g167/A                                              +0    1167   
          g167/YC            FAX1              1  7.1   29   +91    1258 F 
          g166/C                                              +0    1258   
          g166/YS            FAX1              1 10.3   56   +95    1354 R 
        p1/y[2] 
        g236/B                                                +0    1354   
        g236/YS              FAX1              1 12.7   67  +110    1464 R 
      p0/y[2] 
      g288/A                                                  +0    1464   
      g288/YS                FAX1              3  7.9   45  +103    1566 R 
    par_ctr/y[2] 
    ctr/data_in[2] 
      add_55_25/B[2] 
        g17124/B                                              +0    1566   
        g17124/YC            HAX1              1  2.4   21   +44    1610 R 
        g17077/C                                              +0    1610   
        g17077/Y             AOI21X1           1  1.5   15   +13    1624 F 
        drc_bufs17227/A                                       +0    1624   
        drc_bufs17227/Y      BUFX2             1  1.9    2   +33    1657 F 
        g17076/C                                              +0    1657   
        g17076/Y             OAI21X1           3 10.4   81   +41    1698 R 
        g17074/B                                              +0    1698   
        g17074/Y             NAND2X1           1  1.5   14   +30    1728 F 
        drc_bufs17210/A                                       +0    1728   
        drc_bufs17210/Y      BUFX2             1  1.8    2   +33    1761 F 
        g17070/B                                              +0    1761   
        g17070/Y             AND2X1            3  6.7   30   +52    1813 F 
        g17069/A                                              +0    1813   
        g17069/Y             INVX1             2  5.5    0   +19    1831 R 
        g17065/B                                              +0    1831   
        g17065/Y             AOI21X1           1  1.5   16   +21    1852 F 
        drc_bufs17231/A                                       +0    1852   
        drc_bufs17231/Y      BUFX2             1  1.9    2   +34    1886 F 
        g17064/C                                              +0    1886   
        g17064/Y             OAI21X1           3 10.1   79   +40    1926 R 
        g17063/B                                              +0    1926   
        g17063/Y             NAND2X1           1  1.5   14   +29    1955 F 
        drc_bufs17208/A                                       +0    1955   
        drc_bufs17208/Y      BUFX2             1  1.8    2   +33    1988 F 
        g17060/B                                              +0    1988   
        g17060/Y             AND2X1            3  6.7   30   +52    2040 F 
        g17059/A                                              +0    2040   
        g17059/Y             INVX1             2  5.5    0   +19    2059 R 
        g17055/B                                              +0    2059   
        g17055/Y             AOI21X1           1  1.5   16   +21    2080 F 
        drc_bufs17211/A                                       +0    2080   
        drc_bufs17211/Y      BUFX2             1  1.9    2   +34    2113 F 
        g17054/C                                              +0    2113   
        g17054/Y             OAI21X1           3  7.1   46   +31    2144 R 
        g17051/B                                              +0    2144   
        g17051/Y             AOI21X1           1  1.5   15   +32    2176 F 
        drc_bufs17212/A                                       +0    2176   
        drc_bufs17212/Y      BUFX2             1  1.9    2   +33    2209 F 
        g17050/C                                              +0    2209   
        g17050/Y             OAI21X1           3  7.1   46   +31    2240 R 
        g17047/B                                              +0    2240   
        g17047/Y             AOI21X1           1  1.5   15   +32    2272 F 
        drc_bufs17213/A                                       +0    2272   
        drc_bufs17213/Y      BUFX2             1  1.9    2   +33    2306 F 
        g17046/C                                              +0    2306   
        g17046/Y             OAI21X1           3  7.1   46   +31    2337 R 
        g17043/B                                              +0    2337   
        g17043/Y             AOI21X1           1  1.5   15   +32    2369 F 
        drc_bufs17214/A                                       +0    2369   
        drc_bufs17214/Y      BUFX2             1  1.9    2   +33    2402 F 
        g17042/C                                              +0    2402   
        g17042/Y             OAI21X1           3  7.1   46   +31    2433 R 
        g17039/B                                              +0    2433   
        g17039/Y             AOI21X1           1  1.5   15   +32    2465 F 
        drc_bufs17230/A                                       +0    2465   
        drc_bufs17230/Y      BUFX2             1  1.9    2   +33    2498 F 
        g17038/C                                              +0    2498   
        g17038/Y             OAI21X1           3  7.1   46   +31    2529 R 
        g17035/B                                              +0    2529   
        g17035/Y             AOI21X1           1  1.5   15   +32    2561 F 
        drc_bufs17215/A                                       +0    2561   
        drc_bufs17215/Y      BUFX2             1  1.9    2   +33    2595 F 
        g17034/C                                              +0    2595   
        g17034/Y             OAI21X1           3  7.1   46   +31    2626 R 
        g17031/B                                              +0    2626   
        g17031/Y             AOI21X1           1  1.5   15   +32    2658 F 
        drc_bufs17217/A                                       +0    2658   
        drc_bufs17217/Y      BUFX2             1  1.9    2   +33    2691 F 
        g17030/C                                              +0    2691   
        g17030/Y             OAI21X1           3  7.1   46   +31    2722 R 
        g17027/B                                              +0    2722   
        g17027/Y             AOI21X1           1  1.5   15   +32    2754 F 
        drc_bufs17226/A                                       +0    2754   
        drc_bufs17226/Y      BUFX2             1  1.9    2   +33    2787 F 
        g17026/C                                              +0    2787   
        g17026/Y             OAI21X1           3  7.1   46   +31    2818 R 
        g17023/B                                              +0    2818   
        g17023/Y             AOI21X1           1  1.5   15   +32    2850 F 
        drc_bufs17229/A                                       +0    2850   
        drc_bufs17229/Y      BUFX2             1  1.9    2   +33    2884 F 
        g17022/C                                              +0    2884   
        g17022/Y             OAI21X1           3  7.1   46   +31    2915 R 
        g17019/B                                              +0    2915   
        g17019/Y             AOI21X1           1  1.5   15   +32    2946 F 
        drc_bufs17220/A                                       +0    2946   
        drc_bufs17220/Y      BUFX2             1  1.9    2   +33    2980 F 
        g17018/C                                              +0    2980   
        g17018/Y             OAI21X1           3  7.1   46   +31    3011 R 
        g17015/B                                              +0    3011   
        g17015/Y             AOI21X1           1  1.5   15   +32    3043 F 
        drc_bufs17221/A                                       +0    3043   
        drc_bufs17221/Y      BUFX2             1  1.9    2   +33    3076 F 
        g17014/C                                              +0    3076   
        g17014/Y             OAI21X1           3 10.1   61   +40    3117 R 
        g17013/B                                              +0    3117   
        g17013/Y             NAND2X1           1  1.5   16   +25    3142 F 
        drc_bufs17206/A                                       +0    3142   
        drc_bufs17206/Y      BUFX2             1  1.8    2   +34    3175 F 
        g17010/B                                              +0    3175   
        g17010/Y             AND2X1            3  9.8   39   +58    3233 F 
        g17006/B                                              +0    3233   
        g17006/Y             OAI21X1           1  2.0   42   +45    3279 R 
        g17005/C                                              +0    3279   
        g17005/Y             OAI21X1           1  1.9    4   +22    3300 F 
        g17003/A                                              +0    3300   
        g17003/Y             AND2X1            4  9.9   39   +47    3347 F 
        g16996/C                                              +0    3347   
        g16996/Y             NOR3X1            1  3.3   56   +33    3381 R 
        g16988/C                                              +0    3381   
        g16988/Y             NOR3X1            3  6.7   39   +41    3422 F 
        g16987/A                                              +0    3422   
        g16987/Y             INVX1             3  7.8    9   +29    3451 R 
        g16982/A                                              +0    3451   
        g16982/Y             AND2X1            1  2.8   35   +32    3483 R 
        g16977/B                                              +0    3483   
        g16977/Y             OAI21X1           1  1.9    5   +20    3504 F 
        g16971/A                                              +0    3504   
        g16971/Y             AND2X1            3  8.7   35   +45    3548 F 
        g16970/A                                              +0    3548   
        g16970/Y             INVX1             1  2.0    0    +9    3558 R 
        g16964/C                                              +0    3558   
        g16964/Y             OAI21X1           1  1.9    1   +10    3568 F 
        g16958/A                                              +0    3568   
        g16958/Y             AND2X1            1  2.6   18   +31    3599 F 
        g16955/B                                              +0    3599   
        g16955/Y             OAI21X1           2  3.9   51   +47    3646 R 
        g16953/A                                              +0    3646   
        g16953/Y             INVX1             2  6.9   23   +37    3683 F 
        g16948/A                                              +0    3683   
        g16948/Y             OR2X1             3  6.4   20   +50    3732 F 
        g16943/B                                              +0    3732   
        g16943/Y             NOR2X1            1  1.5   23   +28    3760 R 
        drc_bufs17204/A                                       +0    3760   
        drc_bufs17204/Y      BUFX2             1  2.4    8   +34    3794 R 
        g16938/B                                              +0    3794   
        g16938/Y             NOR2X1            1  1.5    0   +10    3804 F 
        drc_bufs17223/A                                       +0    3804   
        drc_bufs17223/Y      BUFX2             1  1.9    0   +30    3834 F 
        g16936/C                                              +0    3834   
        g16936/Y             OAI21X1           4  9.8   75   +39    3873 R 
        g16925/B                                              +0    3873   
        g16925/Y             AOI21X1           1  1.5   14   +39    3912 F 
        drc_bufs17199/A                                       +0    3912   
        drc_bufs17199/Y      BUFX2             1  2.6    3   +34    3946 F 
        g16921/B                                              +0    3946   
        g16921/Y             OAI21X1           1  5.4   56   +48    3994 R 
        g16918/A                                              +0    3994   
        g16918/Y             XOR2X1            1  2.8   46   +41    4035 R 
      add_55_25/Z[34] 
      g138/A                                                  +0    4035   
      g138/Y                 MUX2X1            1  1.5   46   +28    4063 F 
      g137/A                                                  +0    4063   
      g137/Y                 INVX1             1  2.0    0   +13    4076 R 
      countval_reg[34]/D     DFFSR                            +0    4076   
      countval_reg[34]/CLK   setup                       0   +70    4146 R 
- - - - - - - - - - - - - - - - - - - - - - - - - - - - - - - - - - - - - -
(clock clk)                  capture                                5000 R 
                             uncertainty                     -50    4950 R 
---------------------------------------------------------------------------
Cost Group   : 'clk' (path_group 'clk')
Timing slack :     804ps 
Start-point  : TOP/genblk1[1].genblk5.genblk1.sng/ctr/countval_reg[2]/CLK
End-point    : TOP/genblk2.stoch2bin/ctr/countval_reg[34]/D
