============================================================
  Generated by:           Encounter(R) RTL Compiler v14.10-s022_1
  Generated on:           Jul 25 2021  02:12:59 pm
  Module:                 ms_es_ordered_cas_by4_mul_synth
  Technology library:     gscl45nm 
  Operating conditions:   typical (balanced_tree)
  Wireload mode:          enclosed
  Area mode:              timing library
============================================================

                                    Leakage    Dynamic      Total    
          Instance          Cells  Power(nW)  Power(nW)   Power(nW)  
---------------------------------------------------------------------
ms_es_orde..by4_mul_synth    4511 119892.806 1585556.653 1705449.460 
  TOP                        4511 119892.806 1541859.923 1661752.730 
    genblk2.stoch2bin        2303  87477.159  422998.711  510475.870 
      par_ctr                1780  76202.413       0.000   76202.413 
        p0                    885  37900.978       0.000   37900.978 
          p0                  438  18769.865       0.000   18769.865 
            p0                215   9223.914       0.000    9223.914 
              p0              104   4470.543       0.000    4470.543 
                p0             49   2113.463       0.000    2113.463 
                  p0           22    954.528       0.000     954.528 
                    p0          9    394.666       0.000     394.666 
                      p0        3    134.340       0.000     134.340 
                        ha0     1     47.565       0.000      47.565 
                        ha1     1     47.565       0.000      47.565 
                        fa0     1     39.210       0.000      39.210 
                      p1        3    134.340       0.000     134.340 
                        ha0     1     47.565       0.000      47.565 
                        ha1     1     47.565       0.000      47.565 
                        fa0     1     39.210       0.000      39.210 
                    p1          9    394.666       0.000     394.666 
                      p0        3    134.340       0.000     134.340 
                        ha0     1     47.565       0.000      47.565 
                        ha1     1     47.565       0.000      47.565 
                        fa0     1     39.210       0.000      39.210 
                      p1        3    134.340       0.000     134.340 
                        ha0     1     47.565       0.000      47.565 
                        ha1     1     47.565       0.000      47.565 
                        fa0     1     39.210       0.000      39.210 
                  p1           22    954.528       0.000     954.528 
                    p0          9    394.666       0.000     394.666 
                      p0        3    134.340       0.000     134.340 
                        ha0     1     47.565       0.000      47.565 
                        ha1     1     47.565       0.000      47.565 
                        fa0     1     39.210       0.000      39.210 
                      p1        3    134.340       0.000     134.340 
                        ha0     1     47.565       0.000      47.565 
                        ha1     1     47.565       0.000      47.565 
                        fa0     1     39.210       0.000      39.210 
                    p1          9    394.666       0.000     394.666 
                      p0        3    134.340       0.000     134.340 
                        ha0     1     47.565       0.000      47.565 
                        ha1     1     47.565       0.000      47.565 
                        fa0     1     39.210       0.000      39.210 
                      p1        3    134.340       0.000     134.340 
                        ha0     1     47.565       0.000      47.565 
                        ha1     1     47.565       0.000      47.565 
                        fa0     1     39.210       0.000      39.210 
                p1             49   2113.463       0.000    2113.463 
                  p0           22    954.528       0.000     954.528 
                    p0          9    394.666       0.000     394.666 
                      p0        3    134.340       0.000     134.340 
                        ha0     1     47.565       0.000      47.565 
                        ha1     1     47.565       0.000      47.565 
                        fa0     1     39.210       0.000      39.210 
                      p1        3    134.340       0.000     134.340 
                        ha0     1     47.565       0.000      47.565 
                        ha1     1     47.565       0.000      47.565 
                        fa0     1     39.210       0.000      39.210 
                    p1          9    394.666       0.000     394.666 
                      p0        3    134.340       0.000     134.340 
                        ha0     1     47.565       0.000      47.565 
                        ha1     1     47.565       0.000      47.565 
                        fa0     1     39.210       0.000      39.210 
                      p1        3    134.340       0.000     134.340 
                        ha0     1     47.565       0.000      47.565 
                        ha1     1     47.565       0.000      47.565 
                        fa0     1     39.210       0.000      39.210 
                  p1           22    954.528       0.000     954.528 
                    p0          9    394.666       0.000     394.666 
                      p0        3    134.340       0.000     134.340 
                        ha0     1     47.565       0.000      47.565 
                        ha1     1     47.565       0.000      47.565 
                        fa0     1     39.210       0.000      39.210 
                      p1        3    134.340       0.000     134.340 
                        ha0     1     47.565       0.000      47.565 
                        ha1     1     47.565       0.000      47.565 
                        fa0     1     39.210       0.000      39.210 
                    p1          9    394.666       0.000     394.666 
                      p0        3    134.340       0.000     134.340 
                        ha0     1     47.565       0.000      47.565 
                        ha1     1     47.565       0.000      47.565 
                        fa0     1     39.210       0.000      39.210 
                      p1        3    134.340       0.000     134.340 
                        ha0     1     47.565       0.000      47.565 
                        ha1     1     47.565       0.000      47.565 
                        fa0     1     39.210       0.000      39.210 
              p1              104   4470.543       0.000    4470.543 
                p0             49   2113.463       0.000    2113.463 
                  p0           22    954.528       0.000     954.528 
                    p0          9    394.666       0.000     394.666 
                      p0        3    134.340       0.000     134.340 
                        ha0     1     47.565       0.000      47.565 
                        ha1     1     47.565       0.000      47.565 
                        fa0     1     39.210       0.000      39.210 
                      p1        3    134.340       0.000     134.340 
                        ha0     1     47.565       0.000      47.565 
                        ha1     1     47.565       0.000      47.565 
                        fa0     1     39.210       0.000      39.210 
                    p1          9    394.666       0.000     394.666 
                      p0        3    134.340       0.000     134.340 
                        ha0     1     47.565       0.000      47.565 
                        ha1     1     47.565       0.000      47.565 
                        fa0     1     39.210       0.000      39.210 
                      p1        3    134.340       0.000     134.340 
                        ha0     1     47.565       0.000      47.565 
                        ha1     1     47.565       0.000      47.565 
                        fa0     1     39.210       0.000      39.210 
                  p1           22    954.528       0.000     954.528 
                    p0          9    394.666       0.000     394.666 
                      p0        3    134.340       0.000     134.340 
                        ha0     1     47.565       0.000      47.565 
                        ha1     1     47.565       0.000      47.565 
                        fa0     1     39.210       0.000      39.210 
                      p1        3    134.340       0.000     134.340 
                        ha0     1     47.565       0.000      47.565 
                        ha1     1     47.565       0.000      47.565 
                        fa0     1     39.210       0.000      39.210 
                    p1          9    394.666       0.000     394.666 
                      p0        3    134.340       0.000     134.340 
                        ha0     1     47.565       0.000      47.565 
                        ha1     1     47.565       0.000      47.565 
                        fa0     1     39.210       0.000      39.210 
                      p1        3    134.340       0.000     134.340 
                        ha0     1     47.565       0.000      47.565 
                        ha1     1     47.565       0.000      47.565 
                        fa0     1     39.210       0.000      39.210 
                p1             49   2113.463       0.000    2113.463 
                  p0           22    954.528       0.000     954.528 
                    p0          9    394.666       0.000     394.666 
                      p0        3    134.340       0.000     134.340 
                        ha0     1     47.565       0.000      47.565 
                        ha1     1     47.565       0.000      47.565 
                        fa0     1     39.210       0.000      39.210 
                      p1        3    134.340       0.000     134.340 
                        ha0     1     47.565       0.000      47.565 
                        ha1     1     47.565       0.000      47.565 
                        fa0     1     39.210       0.000      39.210 
                    p1          9    394.666       0.000     394.666 
                      p0        3    134.340       0.000     134.340 
                        ha0     1     47.565       0.000      47.565 
                        ha1     1     47.565       0.000      47.565 
                        fa0     1     39.210       0.000      39.210 
                      p1        3    134.340       0.000     134.340 
                        ha0     1     47.565       0.000      47.565 
                        ha1     1     47.565       0.000      47.565 
                        fa0     1     39.210       0.000      39.210 
                  p1           22    954.528       0.000     954.528 
                    p0          9    394.666       0.000     394.666 
                      p0        3    134.340       0.000     134.340 
                        ha0     1     47.565       0.000      47.565 
                        ha1     1     47.565       0.000      47.565 
                        fa0     1     39.210       0.000      39.210 
                      p1        3    134.340       0.000     134.340 
                        ha0     1     47.565       0.000      47.565 
                        ha1     1     47.565       0.000      47.565 
                        fa0     1     39.210       0.000      39.210 
                    p1          9    394.666       0.000     394.666 
                      p0        3    134.340       0.000     134.340 
                        ha0     1     47.565       0.000      47.565 
                        ha1     1     47.565       0.000      47.565 
                        fa0     1     39.210       0.000      39.210 
                      p1        3    134.340       0.000     134.340 
                        ha0     1     47.565       0.000      47.565 
                        ha1     1     47.565       0.000      47.565 
                        fa0     1     39.210       0.000      39.210 
            p1                215   9223.914       0.000    9223.914 
              p0              104   4470.543       0.000    4470.543 
                p0             49   2113.463       0.000    2113.463 
                  p0           22    954.528       0.000     954.528 
                    p0          9    394.666       0.000     394.666 
                      p0        3    134.340       0.000     134.340 
                        ha0     1     47.565       0.000      47.565 
                        ha1     1     47.565       0.000      47.565 
                        fa0     1     39.210       0.000      39.210 
                      p1        3    134.340       0.000     134.340 
                        ha0     1     47.565       0.000      47.565 
                        ha1     1     47.565       0.000      47.565 
                        fa0     1     39.210       0.000      39.210 
                    p1          9    394.666       0.000     394.666 
                      p0        3    134.340       0.000     134.340 
                        ha0     1     47.565       0.000      47.565 
                        ha1     1     47.565       0.000      47.565 
                        fa0     1     39.210       0.000      39.210 
                      p1        3    134.340       0.000     134.340 
                        ha0     1     47.565       0.000      47.565 
                        ha1     1     47.565       0.000      47.565 
                        fa0     1     39.210       0.000      39.210 
                  p1           22    954.528       0.000     954.528 
                    p0          9    394.666       0.000     394.666 
                      p0        3    134.340       0.000     134.340 
                        ha0     1     47.565       0.000      47.565 
                        ha1     1     47.565       0.000      47.565 
                        fa0     1     39.210       0.000      39.210 
                      p1        3    134.340       0.000     134.340 
                        ha0     1     47.565       0.000      47.565 
                        ha1     1     47.565       0.000      47.565 
                        fa0     1     39.210       0.000      39.210 
                    p1          9    394.666       0.000     394.666 
                      p0        3    134.340       0.000     134.340 
                        ha0     1     47.565       0.000      47.565 
                        ha1     1     47.565       0.000      47.565 
                        fa0     1     39.210       0.000      39.210 
                      p1        3    134.340       0.000     134.340 
                        ha0     1     47.565       0.000      47.565 
                        ha1     1     47.565       0.000      47.565 
                        fa0     1     39.210       0.000      39.210 
                p1             49   2113.463       0.000    2113.463 
                  p0           22    954.528       0.000     954.528 
                    p0          9    394.666       0.000     394.666 
                      p0        3    134.340       0.000     134.340 
                        ha0     1     47.565       0.000      47.565 
                        ha1     1     47.565       0.000      47.565 
                        fa0     1     39.210       0.000      39.210 
                      p1        3    134.340       0.000     134.340 
                        ha0     1     47.565       0.000      47.565 
                        ha1     1     47.565       0.000      47.565 
                        fa0     1     39.210       0.000      39.210 
                    p1          9    394.666       0.000     394.666 
                      p0        3    134.340       0.000     134.340 
                        ha0     1     47.565       0.000      47.565 
                        ha1     1     47.565       0.000      47.565 
                        fa0     1     39.210       0.000      39.210 
                      p1        3    134.340       0.000     134.340 
                        ha0     1     47.565       0.000      47.565 
                        ha1     1     47.565       0.000      47.565 
                        fa0     1     39.210       0.000      39.210 
                  p1           22    954.528       0.000     954.528 
                    p0          9    394.666       0.000     394.666 
                      p0        3    134.340       0.000     134.340 
                        ha0     1     47.565       0.000      47.565 
                        ha1     1     47.565       0.000      47.565 
                        fa0     1     39.210       0.000      39.210 
                      p1        3    134.340       0.000     134.340 
                        ha0     1     47.565       0.000      47.565 
                        ha1     1     47.565       0.000      47.565 
                        fa0     1     39.210       0.000      39.210 
                    p1          9    394.666       0.000     394.666 
                      p0        3    134.340       0.000     134.340 
                        ha0     1     47.565       0.000      47.565 
                        ha1     1     47.565       0.000      47.565 
                        fa0     1     39.210       0.000      39.210 
                      p1        3    134.340       0.000     134.340 
                        ha0     1     47.565       0.000      47.565 
                        ha1     1     47.565       0.000      47.565 
                        fa0     1     39.210       0.000      39.210 
              p1              104   4470.543       0.000    4470.543 
                p0             49   2113.463       0.000    2113.463 
                  p0           22    954.528       0.000     954.528 
                    p0          9    394.666       0.000     394.666 
                      p0        3    134.340       0.000     134.340 
                        ha0     1     47.565       0.000      47.565 
                        ha1     1     47.565       0.000      47.565 
                        fa0     1     39.210       0.000      39.210 
                      p1        3    134.340       0.000     134.340 
                        ha0     1     47.565       0.000      47.565 
                        ha1     1     47.565       0.000      47.565 
                        fa0     1     39.210       0.000      39.210 
                    p1          9    394.666       0.000     394.666 
                      p0        3    134.340       0.000     134.340 
                        ha0     1     47.565       0.000      47.565 
                        ha1     1     47.565       0.000      47.565 
                        fa0     1     39.210       0.000      39.210 
                      p1        3    134.340       0.000     134.340 
                        ha0     1     47.565       0.000      47.565 
                        ha1     1     47.565       0.000      47.565 
                        fa0     1     39.210       0.000      39.210 
                  p1           22    954.528       0.000     954.528 
                    p0          9    394.666       0.000     394.666 
                      p0        3    134.340       0.000     134.340 
                        ha0     1     47.565       0.000      47.565 
                        ha1     1     47.565       0.000      47.565 
                        fa0     1     39.210       0.000      39.210 
                      p1        3    134.340       0.000     134.340 
                        ha0     1     47.565       0.000      47.565 
                        ha1     1     47.565       0.000      47.565 
                        fa0     1     39.210       0.000      39.210 
                    p1          9    394.666       0.000     394.666 
                      p0        3    134.340       0.000     134.340 
                        ha0     1     47.565       0.000      47.565 
                        ha1     1     47.565       0.000      47.565 
                        fa0     1     39.210       0.000      39.210 
                      p1        3    134.340       0.000     134.340 
                        ha0     1     47.565       0.000      47.565 
                        ha1     1     47.565       0.000      47.565 
                        fa0     1     39.210       0.000      39.210 
                p1             49   2113.463       0.000    2113.463 
                  p0           22    954.528       0.000     954.528 
                    p0          9    394.666       0.000     394.666 
                      p0        3    134.340       0.000     134.340 
                        ha0     1     47.565       0.000      47.565 
                        ha1     1     47.565       0.000      47.565 
                        fa0     1     39.210       0.000      39.210 
                      p1        3    134.340       0.000     134.340 
                        ha0     1     47.565       0.000      47.565 
                        ha1     1     47.565       0.000      47.565 
                        fa0     1     39.210       0.000      39.210 
                    p1          9    394.666       0.000     394.666 
                      p0        3    134.340       0.000     134.340 
                        ha0     1     47.565       0.000      47.565 
                        ha1     1     47.565       0.000      47.565 
                        fa0     1     39.210       0.000      39.210 
                      p1        3    134.340       0.000     134.340 
                        ha0     1     47.565       0.000      47.565 
                        ha1     1     47.565       0.000      47.565 
                        fa0     1     39.210       0.000      39.210 
                  p1           22    954.528       0.000     954.528 
                    p0          9    394.666       0.000     394.666 
                      p0        3    134.340       0.000     134.340 
                        ha0     1     47.565       0.000      47.565 
                        ha1     1     47.565       0.000      47.565 
                        fa0     1     39.210       0.000      39.210 
                      p1        3    134.340       0.000     134.340 
                        ha0     1     47.565       0.000      47.565 
                        ha1     1     47.565       0.000      47.565 
                        fa0     1     39.210       0.000      39.210 
                    p1          9    394.666       0.000     394.666 
                      p0        3    134.340       0.000     134.340 
                        ha0     1     47.565       0.000      47.565 
                        ha1     1     47.565       0.000      47.565 
                        fa0     1     39.210       0.000      39.210 
                      p1        3    134.340       0.000     134.340 
                        ha0     1     47.565       0.000      47.565 
                        ha1     1     47.565       0.000      47.565 
                        fa0     1     39.210       0.000      39.210 
          p1                  438  18769.865       0.000   18769.865 
            p0                215   9223.914       0.000    9223.914 
              p0              104   4470.543       0.000    4470.543 
                p0             49   2113.463       0.000    2113.463 
                  p0           22    954.528       0.000     954.528 
                    p0          9    394.666       0.000     394.666 
                      p0        3    134.340       0.000     134.340 
                        ha0     1     47.565       0.000      47.565 
                        ha1     1     47.565       0.000      47.565 
                        fa0     1     39.210       0.000      39.210 
                      p1        3    134.340       0.000     134.340 
                        ha0     1     47.565       0.000      47.565 
                        ha1     1     47.565       0.000      47.565 
                        fa0     1     39.210       0.000      39.210 
                    p1          9    394.666       0.000     394.666 
                      p0        3    134.340       0.000     134.340 
                        ha0     1     47.565       0.000      47.565 
                        ha1     1     47.565       0.000      47.565 
                        fa0     1     39.210       0.000      39.210 
                      p1        3    134.340       0.000     134.340 
                        ha0     1     47.565       0.000      47.565 
                        ha1     1     47.565       0.000      47.565 
                        fa0     1     39.210       0.000      39.210 
                  p1           22    954.528       0.000     954.528 
                    p0          9    394.666       0.000     394.666 
                      p0        3    134.340       0.000     134.340 
                        ha0     1     47.565       0.000      47.565 
                        ha1     1     47.565       0.000      47.565 
                        fa0     1     39.210       0.000      39.210 
                      p1        3    134.340       0.000     134.340 
                        ha0     1     47.565       0.000      47.565 
                        ha1     1     47.565       0.000      47.565 
                        fa0     1     39.210       0.000      39.210 
                    p1          9    394.666       0.000     394.666 
                      p0        3    134.340       0.000     134.340 
                        ha0     1     47.565       0.000      47.565 
                        ha1     1     47.565       0.000      47.565 
                        fa0     1     39.210       0.000      39.210 
                      p1        3    134.340       0.000     134.340 
                        ha0     1     47.565       0.000      47.565 
                        ha1     1     47.565       0.000      47.565 
                        fa0     1     39.210       0.000      39.210 
                p1             49   2113.463       0.000    2113.463 
                  p0           22    954.528       0.000     954.528 
                    p0          9    394.666       0.000     394.666 
                      p0        3    134.340       0.000     134.340 
                        ha0     1     47.565       0.000      47.565 
                        ha1     1     47.565       0.000      47.565 
                        fa0     1     39.210       0.000      39.210 
                      p1        3    134.340       0.000     134.340 
                        ha0     1     47.565       0.000      47.565 
                        ha1     1     47.565       0.000      47.565 
                        fa0     1     39.210       0.000      39.210 
                    p1          9    394.666       0.000     394.666 
                      p0        3    134.340       0.000     134.340 
                        ha0     1     47.565       0.000      47.565 
                        ha1     1     47.565       0.000      47.565 
                        fa0     1     39.210       0.000      39.210 
                      p1        3    134.340       0.000     134.340 
                        ha0     1     47.565       0.000      47.565 
                        ha1     1     47.565       0.000      47.565 
                        fa0     1     39.210       0.000      39.210 
                  p1           22    954.528       0.000     954.528 
                    p0          9    394.666       0.000     394.666 
                      p0        3    134.340       0.000     134.340 
                        ha0     1     47.565       0.000      47.565 
                        ha1     1     47.565       0.000      47.565 
                        fa0     1     39.210       0.000      39.210 
                      p1        3    134.340       0.000     134.340 
                        ha0     1     47.565       0.000      47.565 
                        ha1     1     47.565       0.000      47.565 
                        fa0     1     39.210       0.000      39.210 
                    p1          9    394.666       0.000     394.666 
                      p0        3    134.340       0.000     134.340 
                        ha0     1     47.565       0.000      47.565 
                        ha1     1     47.565       0.000      47.565 
                        fa0     1     39.210       0.000      39.210 
                      p1        3    134.340       0.000     134.340 
                        ha0     1     47.565       0.000      47.565 
                        ha1     1     47.565       0.000      47.565 
                        fa0     1     39.210       0.000      39.210 
              p1              104   4470.543       0.000    4470.543 
                p0             49   2113.463       0.000    2113.463 
                  p0           22    954.528       0.000     954.528 
                    p0          9    394.666       0.000     394.666 
                      p0        3    134.340       0.000     134.340 
                        ha0     1     47.565       0.000      47.565 
                        ha1     1     47.565       0.000      47.565 
                        fa0     1     39.210       0.000      39.210 
                      p1        3    134.340       0.000     134.340 
                        ha0     1     47.565       0.000      47.565 
                        ha1     1     47.565       0.000      47.565 
                        fa0     1     39.210       0.000      39.210 
                    p1          9    394.666       0.000     394.666 
                      p0        3    134.340       0.000     134.340 
                        ha0     1     47.565       0.000      47.565 
                        ha1     1     47.565       0.000      47.565 
                        fa0     1     39.210       0.000      39.210 
                      p1        3    134.340       0.000     134.340 
                        ha0     1     47.565       0.000      47.565 
                        ha1     1     47.565       0.000      47.565 
                        fa0     1     39.210       0.000      39.210 
                  p1           22    954.528       0.000     954.528 
                    p0          9    394.666       0.000     394.666 
                      p0        3    134.340       0.000     134.340 
                        ha0     1     47.565       0.000      47.565 
                        ha1     1     47.565       0.000      47.565 
                        fa0     1     39.210       0.000      39.210 
                      p1        3    134.340       0.000     134.340 
                        ha0     1     47.565       0.000      47.565 
                        ha1     1     47.565       0.000      47.565 
                        fa0     1     39.210       0.000      39.210 
                    p1          9    394.666       0.000     394.666 
                      p0        3    134.340       0.000     134.340 
                        ha0     1     47.565       0.000      47.565 
                        ha1     1     47.565       0.000      47.565 
                        fa0     1     39.210       0.000      39.210 
                      p1        3    134.340       0.000     134.340 
                        ha0     1     47.565       0.000      47.565 
                        ha1     1     47.565       0.000      47.565 
                        fa0     1     39.210       0.000      39.210 
                p1             49   2113.463       0.000    2113.463 
                  p0           22    954.528       0.000     954.528 
                    p0          9    394.666       0.000     394.666 
                      p0        3    134.340       0.000     134.340 
                        ha0     1     47.565       0.000      47.565 
                        ha1     1     47.565       0.000      47.565 
                        fa0     1     39.210       0.000      39.210 
                      p1        3    134.340       0.000     134.340 
                        ha0     1     47.565       0.000      47.565 
                        ha1     1     47.565       0.000      47.565 
                        fa0     1     39.210       0.000      39.210 
                    p1          9    394.666       0.000     394.666 
                      p0        3    134.340       0.000     134.340 
                        ha0     1     47.565       0.000      47.565 
                        ha1     1     47.565       0.000      47.565 
                        fa0     1     39.210       0.000      39.210 
                      p1        3    134.340       0.000     134.340 
                        ha0     1     47.565       0.000      47.565 
                        ha1     1     47.565       0.000      47.565 
                        fa0     1     39.210       0.000      39.210 
                  p1           22    954.528       0.000     954.528 
                    p0          9    394.666       0.000     394.666 
                      p0        3    134.340       0.000     134.340 
                        ha0     1     47.565       0.000      47.565 
                        ha1     1     47.565       0.000      47.565 
                        fa0     1     39.210       0.000      39.210 
                      p1        3    134.340       0.000     134.340 
                        ha0     1     47.565       0.000      47.565 
                        ha1     1     47.565       0.000      47.565 
                        fa0     1     39.210       0.000      39.210 
                    p1          9    394.666       0.000     394.666 
                      p0        3    134.340       0.000     134.340 
                        ha0     1     47.565       0.000      47.565 
                        ha1     1     47.565       0.000      47.565 
                        fa0     1     39.210       0.000      39.210 
                      p1        3    134.340       0.000     134.340 
                        ha0     1     47.565       0.000      47.565 
                        ha1     1     47.565       0.000      47.565 
                        fa0     1     39.210       0.000      39.210 
            p1                215   9223.914       0.000    9223.914 
              p0              104   4470.543       0.000    4470.543 
                p0             49   2113.463       0.000    2113.463 
                  p0           22    954.528       0.000     954.528 
                    p0          9    394.666       0.000     394.666 
                      p0        3    134.340       0.000     134.340 
                        ha0     1     47.565       0.000      47.565 
                        ha1     1     47.565       0.000      47.565 
                        fa0     1     39.210       0.000      39.210 
                      p1        3    134.340       0.000     134.340 
                        ha0     1     47.565       0.000      47.565 
                        ha1     1     47.565       0.000      47.565 
                        fa0     1     39.210       0.000      39.210 
                    p1          9    394.666       0.000     394.666 
                      p0        3    134.340       0.000     134.340 
                        ha0     1     47.565       0.000      47.565 
                        ha1     1     47.565       0.000      47.565 
                        fa0     1     39.210       0.000      39.210 
                      p1        3    134.340       0.000     134.340 
                        ha0     1     47.565       0.000      47.565 
                        ha1     1     47.565       0.000      47.565 
                        fa0     1     39.210       0.000      39.210 
                  p1           22    954.528       0.000     954.528 
                    p0          9    394.666       0.000     394.666 
                      p0        3    134.340       0.000     134.340 
                        ha0     1     47.565       0.000      47.565 
                        ha1     1     47.565       0.000      47.565 
                        fa0     1     39.210       0.000      39.210 
                      p1        3    134.340       0.000     134.340 
                        ha0     1     47.565       0.000      47.565 
                        ha1     1     47.565       0.000      47.565 
                        fa0     1     39.210       0.000      39.210 
                    p1          9    394.666       0.000     394.666 
                      p0        3    134.340       0.000     134.340 
                        ha0     1     47.565       0.000      47.565 
                        ha1     1     47.565       0.000      47.565 
                        fa0     1     39.210       0.000      39.210 
                      p1        3    134.340       0.000     134.340 
                        ha0     1     47.565       0.000      47.565 
                        ha1     1     47.565       0.000      47.565 
                        fa0     1     39.210       0.000      39.210 
                p1             49   2113.463       0.000    2113.463 
                  p0           22    954.528       0.000     954.528 
                    p0          9    394.666       0.000     394.666 
                      p0        3    134.340       0.000     134.340 
                        ha0     1     47.565       0.000      47.565 
                        ha1     1     47.565       0.000      47.565 
                        fa0     1     39.210       0.000      39.210 
                      p1        3    134.340       0.000     134.340 
                        ha0     1     47.565       0.000      47.565 
                        ha1     1     47.565       0.000      47.565 
                        fa0     1     39.210       0.000      39.210 
                    p1          9    394.666       0.000     394.666 
                      p0        3    134.340       0.000     134.340 
                        ha0     1     47.565       0.000      47.565 
                        ha1     1     47.565       0.000      47.565 
                        fa0     1     39.210       0.000      39.210 
                      p1        3    134.340       0.000     134.340 
                        ha0     1     47.565       0.000      47.565 
                        ha1     1     47.565       0.000      47.565 
                        fa0     1     39.210       0.000      39.210 
                  p1           22    954.528       0.000     954.528 
                    p0          9    394.666       0.000     394.666 
                      p0        3    134.340       0.000     134.340 
                        ha0     1     47.565       0.000      47.565 
                        ha1     1     47.565       0.000      47.565 
                        fa0     1     39.210       0.000      39.210 
                      p1        3    134.340       0.000     134.340 
                        ha0     1     47.565       0.000      47.565 
                        ha1     1     47.565       0.000      47.565 
                        fa0     1     39.210       0.000      39.210 
                    p1          9    394.666       0.000     394.666 
                      p0        3    134.340       0.000     134.340 
                        ha0     1     47.565       0.000      47.565 
                        ha1     1     47.565       0.000      47.565 
                        fa0     1     39.210       0.000      39.210 
                      p1        3    134.340       0.000     134.340 
                        ha0     1     47.565       0.000      47.565 
                        ha1     1     47.565       0.000      47.565 
                        fa0     1     39.210       0.000      39.210 
              p1              104   4470.543       0.000    4470.543 
                p0             49   2113.463       0.000    2113.463 
                  p0           22    954.528       0.000     954.528 
                    p0          9    394.666       0.000     394.666 
                      p0        3    134.340       0.000     134.340 
                        ha0     1     47.565       0.000      47.565 
                        ha1     1     47.565       0.000      47.565 
                        fa0     1     39.210       0.000      39.210 
                      p1        3    134.340       0.000     134.340 
                        ha0     1     47.565       0.000      47.565 
                        ha1     1     47.565       0.000      47.565 
                        fa0     1     39.210       0.000      39.210 
                    p1          9    394.666       0.000     394.666 
                      p0        3    134.340       0.000     134.340 
                        ha0     1     47.565       0.000      47.565 
                        ha1     1     47.565       0.000      47.565 
                        fa0     1     39.210       0.000      39.210 
                      p1        3    134.340       0.000     134.340 
                        ha0     1     47.565       0.000      47.565 
                        ha1     1     47.565       0.000      47.565 
                        fa0     1     39.210       0.000      39.210 
                  p1           22    954.528       0.000     954.528 
                    p0          9    394.666       0.000     394.666 
                      p0        3    134.340       0.000     134.340 
                        ha0     1     47.565       0.000      47.565 
                        ha1     1     47.565       0.000      47.565 
                        fa0     1     39.210       0.000      39.210 
                      p1        3    134.340       0.000     134.340 
                        ha0     1     47.565       0.000      47.565 
                        ha1     1     47.565       0.000      47.565 
                        fa0     1     39.210       0.000      39.210 
                    p1          9    394.666       0.000     394.666 
                      p0        3    134.340       0.000     134.340 
                        ha0     1     47.565       0.000      47.565 
                        ha1     1     47.565       0.000      47.565 
                        fa0     1     39.210       0.000      39.210 
                      p1        3    134.340       0.000     134.340 
                        ha0     1     47.565       0.000      47.565 
                        ha1     1     47.565       0.000      47.565 
                        fa0     1     39.210       0.000      39.210 
                p1             49   2113.463       0.000    2113.463 
                  p0           22    954.528       0.000     954.528 
                    p0          9    394.666       0.000     394.666 
                      p0        3    134.340       0.000     134.340 
                        ha0     1     47.565       0.000      47.565 
                        ha1     1     47.565       0.000      47.565 
                        fa0     1     39.210       0.000      39.210 
                      p1        3    134.340       0.000     134.340 
                        ha0     1     47.565       0.000      47.565 
                        ha1     1     47.565       0.000      47.565 
                        fa0     1     39.210       0.000      39.210 
                    p1          9    394.666       0.000     394.666 
                      p0        3    134.340       0.000     134.340 
                        ha0     1     47.565       0.000      47.565 
                        ha1     1     47.565       0.000      47.565 
                        fa0     1     39.210       0.000      39.210 
                      p1        3    134.340       0.000     134.340 
                        ha0     1     47.565       0.000      47.565 
                        ha1     1     47.565       0.000      47.565 
                        fa0     1     39.210       0.000      39.210 
                  p1           22    954.528       0.000     954.528 
                    p0          9    394.666       0.000     394.666 
                      p0        3    134.340       0.000     134.340 
                        ha0     1     47.565       0.000      47.565 
                        ha1     1     47.565       0.000      47.565 
                        fa0     1     39.210       0.000      39.210 
                      p1        3    134.340       0.000     134.340 
                        ha0     1     47.565       0.000      47.565 
                        ha1     1     47.565       0.000      47.565 
                        fa0     1     39.210       0.000      39.210 
                    p1          9    394.666       0.000     394.666 
                      p0        3    134.340       0.000     134.340 
                        ha0     1     47.565       0.000      47.565 
                        ha1     1     47.565       0.000      47.565 
                        fa0     1     39.210       0.000      39.210 
                      p1        3    134.340       0.000     134.340 
                        ha0     1     47.565       0.000      47.565 
                        ha1     1     47.565       0.000      47.565 
                        fa0     1     39.210       0.000      39.210 
        p1                    885  37900.978       0.000   37900.978 
          p0                  438  18769.865       0.000   18769.865 
            p0                215   9223.914       0.000    9223.914 
              p0              104   4470.543       0.000    4470.543 
                p0             49   2113.463       0.000    2113.463 
                  p0           22    954.528       0.000     954.528 
                    p0          9    394.666       0.000     394.666 
                      p0        3    134.340       0.000     134.340 
                        ha0     1     47.565       0.000      47.565 
                        ha1     1     47.565       0.000      47.565 
                        fa0     1     39.210       0.000      39.210 
                      p1        3    134.340       0.000     134.340 
                        ha0     1     47.565       0.000      47.565 
                        ha1     1     47.565       0.000      47.565 
                        fa0     1     39.210       0.000      39.210 
                    p1          9    394.666       0.000     394.666 
                      p0        3    134.340       0.000     134.340 
                        ha0     1     47.565       0.000      47.565 
                        ha1     1     47.565       0.000      47.565 
                        fa0     1     39.210       0.000      39.210 
                      p1        3    134.340       0.000     134.340 
                        ha0     1     47.565       0.000      47.565 
                        ha1     1     47.565       0.000      47.565 
                        fa0     1     39.210       0.000      39.210 
                  p1           22    954.528       0.000     954.528 
                    p0          9    394.666       0.000     394.666 
                      p0        3    134.340       0.000     134.340 
                        ha0     1     47.565       0.000      47.565 
                        ha1     1     47.565       0.000      47.565 
                        fa0     1     39.210       0.000      39.210 
                      p1        3    134.340       0.000     134.340 
                        ha0     1     47.565       0.000      47.565 
                        ha1     1     47.565       0.000      47.565 
                        fa0     1     39.210       0.000      39.210 
                    p1          9    394.666       0.000     394.666 
                      p0        3    134.340       0.000     134.340 
                        ha0     1     47.565       0.000      47.565 
                        ha1     1     47.565       0.000      47.565 
                        fa0     1     39.210       0.000      39.210 
                      p1        3    134.340       0.000     134.340 
                        ha0     1     47.565       0.000      47.565 
                        ha1     1     47.565       0.000      47.565 
                        fa0     1     39.210       0.000      39.210 
                p1             49   2113.463       0.000    2113.463 
                  p0           22    954.528       0.000     954.528 
                    p0          9    394.666       0.000     394.666 
                      p0        3    134.340       0.000     134.340 
                        ha0     1     47.565       0.000      47.565 
                        ha1     1     47.565       0.000      47.565 
                        fa0     1     39.210       0.000      39.210 
                      p1        3    134.340       0.000     134.340 
                        ha0     1     47.565       0.000      47.565 
                        ha1     1     47.565       0.000      47.565 
                        fa0     1     39.210       0.000      39.210 
                    p1          9    394.666       0.000     394.666 
                      p0        3    134.340       0.000     134.340 
                        ha0     1     47.565       0.000      47.565 
                        ha1     1     47.565       0.000      47.565 
                        fa0     1     39.210       0.000      39.210 
                      p1        3    134.340       0.000     134.340 
                        ha0     1     47.565       0.000      47.565 
                        ha1     1     47.565       0.000      47.565 
                        fa0     1     39.210       0.000      39.210 
                  p1           22    954.528       0.000     954.528 
                    p0          9    394.666       0.000     394.666 
                      p0        3    134.340       0.000     134.340 
                        ha0     1     47.565       0.000      47.565 
                        ha1     1     47.565       0.000      47.565 
                        fa0     1     39.210       0.000      39.210 
                      p1        3    134.340       0.000     134.340 
                        ha0     1     47.565       0.000      47.565 
                        ha1     1     47.565       0.000      47.565 
                        fa0     1     39.210       0.000      39.210 
                    p1          9    394.666       0.000     394.666 
                      p0        3    134.340       0.000     134.340 
                        ha0     1     47.565       0.000      47.565 
                        ha1     1     47.565       0.000      47.565 
                        fa0     1     39.210       0.000      39.210 
                      p1        3    134.340       0.000     134.340 
                        ha0     1     47.565       0.000      47.565 
                        ha1     1     47.565       0.000      47.565 
                        fa0     1     39.210       0.000      39.210 
              p1              104   4470.543       0.000    4470.543 
                p0             49   2113.463       0.000    2113.463 
                  p0           22    954.528       0.000     954.528 
                    p0          9    394.666       0.000     394.666 
                      p0        3    134.340       0.000     134.340 
                        ha0     1     47.565       0.000      47.565 
                        ha1     1     47.565       0.000      47.565 
                        fa0     1     39.210       0.000      39.210 
                      p1        3    134.340       0.000     134.340 
                        ha0     1     47.565       0.000      47.565 
                        ha1     1     47.565       0.000      47.565 
                        fa0     1     39.210       0.000      39.210 
                    p1          9    394.666       0.000     394.666 
                      p0        3    134.340       0.000     134.340 
                        ha0     1     47.565       0.000      47.565 
                        ha1     1     47.565       0.000      47.565 
                        fa0     1     39.210       0.000      39.210 
                      p1        3    134.340       0.000     134.340 
                        ha0     1     47.565       0.000      47.565 
                        ha1     1     47.565       0.000      47.565 
                        fa0     1     39.210       0.000      39.210 
                  p1           22    954.528       0.000     954.528 
                    p0          9    394.666       0.000     394.666 
                      p0        3    134.340       0.000     134.340 
                        ha0     1     47.565       0.000      47.565 
                        ha1     1     47.565       0.000      47.565 
                        fa0     1     39.210       0.000      39.210 
                      p1        3    134.340       0.000     134.340 
                        ha0     1     47.565       0.000      47.565 
                        ha1     1     47.565       0.000      47.565 
                        fa0     1     39.210       0.000      39.210 
                    p1          9    394.666       0.000     394.666 
                      p0        3    134.340       0.000     134.340 
                        ha0     1     47.565       0.000      47.565 
                        ha1     1     47.565       0.000      47.565 
                        fa0     1     39.210       0.000      39.210 
                      p1        3    134.340       0.000     134.340 
                        ha0     1     47.565       0.000      47.565 
                        ha1     1     47.565       0.000      47.565 
                        fa0     1     39.210       0.000      39.210 
                p1             49   2113.463       0.000    2113.463 
                  p0           22    954.528       0.000     954.528 
                    p0          9    394.666       0.000     394.666 
                      p0        3    134.340       0.000     134.340 
                        ha0     1     47.565       0.000      47.565 
                        ha1     1     47.565       0.000      47.565 
                        fa0     1     39.210       0.000      39.210 
                      p1        3    134.340       0.000     134.340 
                        ha0     1     47.565       0.000      47.565 
                        ha1     1     47.565       0.000      47.565 
                        fa0     1     39.210       0.000      39.210 
                    p1          9    394.666       0.000     394.666 
                      p0        3    134.340       0.000     134.340 
                        ha0     1     47.565       0.000      47.565 
                        ha1     1     47.565       0.000      47.565 
                        fa0     1     39.210       0.000      39.210 
                      p1        3    134.340       0.000     134.340 
                        ha0     1     47.565       0.000      47.565 
                        ha1     1     47.565       0.000      47.565 
                        fa0     1     39.210       0.000      39.210 
                  p1           22    954.528       0.000     954.528 
                    p0          9    394.666       0.000     394.666 
                      p0        3    134.340       0.000     134.340 
                        ha0     1     47.565       0.000      47.565 
                        ha1     1     47.565       0.000      47.565 
                        fa0     1     39.210       0.000      39.210 
                      p1        3    134.340       0.000     134.340 
                        ha0     1     47.565       0.000      47.565 
                        ha1     1     47.565       0.000      47.565 
                        fa0     1     39.210       0.000      39.210 
                    p1          9    394.666       0.000     394.666 
                      p0        3    134.340       0.000     134.340 
                        ha0     1     47.565       0.000      47.565 
                        ha1     1     47.565       0.000      47.565 
                        fa0     1     39.210       0.000      39.210 
                      p1        3    134.340       0.000     134.340 
                        ha0     1     47.565       0.000      47.565 
                        ha1     1     47.565       0.000      47.565 
                        fa0     1     39.210       0.000      39.210 
            p1                215   9223.914       0.000    9223.914 
              p0              104   4470.543       0.000    4470.543 
                p0             49   2113.463       0.000    2113.463 
                  p0           22    954.528       0.000     954.528 
                    p0          9    394.666       0.000     394.666 
                      p0        3    134.340       0.000     134.340 
                        ha0     1     47.565       0.000      47.565 
                        ha1     1     47.565       0.000      47.565 
                        fa0     1     39.210       0.000      39.210 
                      p1        3    134.340       0.000     134.340 
                        ha0     1     47.565       0.000      47.565 
                        ha1     1     47.565       0.000      47.565 
                        fa0     1     39.210       0.000      39.210 
                    p1          9    394.666       0.000     394.666 
                      p0        3    134.340       0.000     134.340 
                        ha0     1     47.565       0.000      47.565 
                        ha1     1     47.565       0.000      47.565 
                        fa0     1     39.210       0.000      39.210 
                      p1        3    134.340       0.000     134.340 
                        ha0     1     47.565       0.000      47.565 
                        ha1     1     47.565       0.000      47.565 
                        fa0     1     39.210       0.000      39.210 
                  p1           22    954.528       0.000     954.528 
                    p0          9    394.666       0.000     394.666 
                      p0        3    134.340       0.000     134.340 
                        ha0     1     47.565       0.000      47.565 
                        ha1     1     47.565       0.000      47.565 
                        fa0     1     39.210       0.000      39.210 
                      p1        3    134.340       0.000     134.340 
                        ha0     1     47.565       0.000      47.565 
                        ha1     1     47.565       0.000      47.565 
                        fa0     1     39.210       0.000      39.210 
                    p1          9    394.666       0.000     394.666 
                      p0        3    134.340       0.000     134.340 
                        ha0     1     47.565       0.000      47.565 
                        ha1     1     47.565       0.000      47.565 
                        fa0     1     39.210       0.000      39.210 
                      p1        3    134.340       0.000     134.340 
                        ha0     1     47.565       0.000      47.565 
                        ha1     1     47.565       0.000      47.565 
                        fa0     1     39.210       0.000      39.210 
                p1             49   2113.463       0.000    2113.463 
                  p0           22    954.528       0.000     954.528 
                    p0          9    394.666       0.000     394.666 
                      p0        3    134.340       0.000     134.340 
                        ha0     1     47.565       0.000      47.565 
                        ha1     1     47.565       0.000      47.565 
                        fa0     1     39.210       0.000      39.210 
                      p1        3    134.340       0.000     134.340 
                        ha0     1     47.565       0.000      47.565 
                        ha1     1     47.565       0.000      47.565 
                        fa0     1     39.210       0.000      39.210 
                    p1          9    394.666       0.000     394.666 
                      p0        3    134.340       0.000     134.340 
                        ha0     1     47.565       0.000      47.565 
                        ha1     1     47.565       0.000      47.565 
                        fa0     1     39.210       0.000      39.210 
                      p1        3    134.340       0.000     134.340 
                        ha0     1     47.565       0.000      47.565 
                        ha1     1     47.565       0.000      47.565 
                        fa0     1     39.210       0.000      39.210 
                  p1           22    954.528       0.000     954.528 
                    p0          9    394.666       0.000     394.666 
                      p0        3    134.340       0.000     134.340 
                        ha0     1     47.565       0.000      47.565 
                        ha1     1     47.565       0.000      47.565 
                        fa0     1     39.210       0.000      39.210 
                      p1        3    134.340       0.000     134.340 
                        ha0     1     47.565       0.000      47.565 
                        ha1     1     47.565       0.000      47.565 
                        fa0     1     39.210       0.000      39.210 
                    p1          9    394.666       0.000     394.666 
                      p0        3    134.340       0.000     134.340 
                        ha0     1     47.565       0.000      47.565 
                        ha1     1     47.565       0.000      47.565 
                        fa0     1     39.210       0.000      39.210 
                      p1        3    134.340       0.000     134.340 
                        ha0     1     47.565       0.000      47.565 
                        ha1     1     47.565       0.000      47.565 
                        fa0     1     39.210       0.000      39.210 
              p1              104   4470.543       0.000    4470.543 
                p0             49   2113.463       0.000    2113.463 
                  p0           22    954.528       0.000     954.528 
                    p0          9    394.666       0.000     394.666 
                      p0        3    134.340       0.000     134.340 
                        ha0     1     47.565       0.000      47.565 
                        ha1     1     47.565       0.000      47.565 
                        fa0     1     39.210       0.000      39.210 
                      p1        3    134.340       0.000     134.340 
                        ha0     1     47.565       0.000      47.565 
                        ha1     1     47.565       0.000      47.565 
                        fa0     1     39.210       0.000      39.210 
                    p1          9    394.666       0.000     394.666 
                      p0        3    134.340       0.000     134.340 
                        ha0     1     47.565       0.000      47.565 
                        ha1     1     47.565       0.000      47.565 
                        fa0     1     39.210       0.000      39.210 
                      p1        3    134.340       0.000     134.340 
                        ha0     1     47.565       0.000      47.565 
                        ha1     1     47.565       0.000      47.565 
                        fa0     1     39.210       0.000      39.210 
                  p1           22    954.528       0.000     954.528 
                    p0          9    394.666       0.000     394.666 
                      p0        3    134.340       0.000     134.340 
                        ha0     1     47.565       0.000      47.565 
                        ha1     1     47.565       0.000      47.565 
                        fa0     1     39.210       0.000      39.210 
                      p1        3    134.340       0.000     134.340 
                        ha0     1     47.565       0.000      47.565 
                        ha1     1     47.565       0.000      47.565 
                        fa0     1     39.210       0.000      39.210 
                    p1          9    394.666       0.000     394.666 
                      p0        3    134.340       0.000     134.340 
                        ha0     1     47.565       0.000      47.565 
                        ha1     1     47.565       0.000      47.565 
                        fa0     1     39.210       0.000      39.210 
                      p1        3    134.340       0.000     134.340 
                        ha0     1     47.565       0.000      47.565 
                        ha1     1     47.565       0.000      47.565 
                        fa0     1     39.210       0.000      39.210 
                p1             49   2113.463       0.000    2113.463 
                  p0           22    954.528       0.000     954.528 
                    p0          9    394.666       0.000     394.666 
                      p0        3    134.340       0.000     134.340 
                        ha0     1     47.565       0.000      47.565 
                        ha1     1     47.565       0.000      47.565 
                        fa0     1     39.210       0.000      39.210 
                      p1        3    134.340       0.000     134.340 
                        ha0     1     47.565       0.000      47.565 
                        ha1     1     47.565       0.000      47.565 
                        fa0     1     39.210       0.000      39.210 
                    p1          9    394.666       0.000     394.666 
                      p0        3    134.340       0.000     134.340 
                        ha0     1     47.565       0.000      47.565 
                        ha1     1     47.565       0.000      47.565 
                        fa0     1     39.210       0.000      39.210 
                      p1        3    134.340       0.000     134.340 
                        ha0     1     47.565       0.000      47.565 
                        ha1     1     47.565       0.000      47.565 
                        fa0     1     39.210       0.000      39.210 
                  p1           22    954.528       0.000     954.528 
                    p0          9    394.666       0.000     394.666 
                      p0        3    134.340       0.000     134.340 
                        ha0     1     47.565       0.000      47.565 
                        ha1     1     47.565       0.000      47.565 
                        fa0     1     39.210       0.000      39.210 
                      p1        3    134.340       0.000     134.340 
                        ha0     1     47.565       0.000      47.565 
                        ha1     1     47.565       0.000      47.565 
                        fa0     1     39.210       0.000      39.210 
                    p1          9    394.666       0.000     394.666 
                      p0        3    134.340       0.000     134.340 
                        ha0     1     47.565       0.000      47.565 
                        ha1     1     47.565       0.000      47.565 
                        fa0     1     39.210       0.000      39.210 
                      p1        3    134.340       0.000     134.340 
                        ha0     1     47.565       0.000      47.565 
                        ha1     1     47.565       0.000      47.565 
                        fa0     1     39.210       0.000      39.210 
          p1                  438  18769.865       0.000   18769.865 
            p0                215   9223.914       0.000    9223.914 
              p0              104   4470.543       0.000    4470.543 
                p0             49   2113.463       0.000    2113.463 
                  p0           22    954.528       0.000     954.528 
                    p0          9    394.666       0.000     394.666 
                      p0        3    134.340       0.000     134.340 
                        ha0     1     47.565       0.000      47.565 
                        ha1     1     47.565       0.000      47.565 
                        fa0     1     39.210       0.000      39.210 
                      p1        3    134.340       0.000     134.340 
                        ha0     1     47.565       0.000      47.565 
                        ha1     1     47.565       0.000      47.565 
                        fa0     1     39.210       0.000      39.210 
                    p1          9    394.666       0.000     394.666 
                      p0        3    134.340       0.000     134.340 
                        ha0     1     47.565       0.000      47.565 
                        ha1     1     47.565       0.000      47.565 
                        fa0     1     39.210       0.000      39.210 
                      p1        3    134.340       0.000     134.340 
                        ha0     1     47.565       0.000      47.565 
                        ha1     1     47.565       0.000      47.565 
                        fa0     1     39.210       0.000      39.210 
                  p1           22    954.528       0.000     954.528 
                    p0          9    394.666       0.000     394.666 
                      p0        3    134.340       0.000     134.340 
                        ha0     1     47.565       0.000      47.565 
                        ha1     1     47.565       0.000      47.565 
                        fa0     1     39.210       0.000      39.210 
                      p1        3    134.340       0.000     134.340 
                        ha0     1     47.565       0.000      47.565 
                        ha1     1     47.565       0.000      47.565 
                        fa0     1     39.210       0.000      39.210 
                    p1          9    394.666       0.000     394.666 
                      p0        3    134.340       0.000     134.340 
                        ha0     1     47.565       0.000      47.565 
                        ha1     1     47.565       0.000      47.565 
                        fa0     1     39.210       0.000      39.210 
                      p1        3    134.340       0.000     134.340 
                        ha0     1     47.565       0.000      47.565 
                        ha1     1     47.565       0.000      47.565 
                        fa0     1     39.210       0.000      39.210 
                p1             49   2113.463       0.000    2113.463 
                  p0           22    954.528       0.000     954.528 
                    p0          9    394.666       0.000     394.666 
                      p0        3    134.340       0.000     134.340 
                        ha0     1     47.565       0.000      47.565 
                        ha1     1     47.565       0.000      47.565 
                        fa0     1     39.210       0.000      39.210 
                      p1        3    134.340       0.000     134.340 
                        ha0     1     47.565       0.000      47.565 
                        ha1     1     47.565       0.000      47.565 
                        fa0     1     39.210       0.000      39.210 
                    p1          9    394.666       0.000     394.666 
                      p0        3    134.340       0.000     134.340 
                        ha0     1     47.565       0.000      47.565 
                        ha1     1     47.565       0.000      47.565 
                        fa0     1     39.210       0.000      39.210 
                      p1        3    134.340       0.000     134.340 
                        ha0     1     47.565       0.000      47.565 
                        ha1     1     47.565       0.000      47.565 
                        fa0     1     39.210       0.000      39.210 
                  p1           22    954.528       0.000     954.528 
                    p0          9    394.666       0.000     394.666 
                      p0        3    134.340       0.000     134.340 
                        ha0     1     47.565       0.000      47.565 
                        ha1     1     47.565       0.000      47.565 
                        fa0     1     39.210       0.000      39.210 
                      p1        3    134.340       0.000     134.340 
                        ha0     1     47.565       0.000      47.565 
                        ha1     1     47.565       0.000      47.565 
                        fa0     1     39.210       0.000      39.210 
                    p1          9    394.666       0.000     394.666 
                      p0        3    134.340       0.000     134.340 
                        ha0     1     47.565       0.000      47.565 
                        ha1     1     47.565       0.000      47.565 
                        fa0     1     39.210       0.000      39.210 
                      p1        3    134.340       0.000     134.340 
                        ha0     1     47.565       0.000      47.565 
                        ha1     1     47.565       0.000      47.565 
                        fa0     1     39.210       0.000      39.210 
              p1              104   4470.543       0.000    4470.543 
                p0             49   2113.463       0.000    2113.463 
                  p0           22    954.528       0.000     954.528 
                    p0          9    394.666       0.000     394.666 
                      p0        3    134.340       0.000     134.340 
                        ha0     1     47.565       0.000      47.565 
                        ha1     1     47.565       0.000      47.565 
                        fa0     1     39.210       0.000      39.210 
                      p1        3    134.340       0.000     134.340 
                        ha0     1     47.565       0.000      47.565 
                        ha1     1     47.565       0.000      47.565 
                        fa0     1     39.210       0.000      39.210 
                    p1          9    394.666       0.000     394.666 
                      p0        3    134.340       0.000     134.340 
                        ha0     1     47.565       0.000      47.565 
                        ha1     1     47.565       0.000      47.565 
                        fa0     1     39.210       0.000      39.210 
                      p1        3    134.340       0.000     134.340 
                        ha0     1     47.565       0.000      47.565 
                        ha1     1     47.565       0.000      47.565 
                        fa0     1     39.210       0.000      39.210 
                  p1           22    954.528       0.000     954.528 
                    p0          9    394.666       0.000     394.666 
                      p0        3    134.340       0.000     134.340 
                        ha0     1     47.565       0.000      47.565 
                        ha1     1     47.565       0.000      47.565 
                        fa0     1     39.210       0.000      39.210 
                      p1        3    134.340       0.000     134.340 
                        ha0     1     47.565       0.000      47.565 
                        ha1     1     47.565       0.000      47.565 
                        fa0     1     39.210       0.000      39.210 
                    p1          9    394.666       0.000     394.666 
                      p0        3    134.340       0.000     134.340 
                        ha0     1     47.565       0.000      47.565 
                        ha1     1     47.565       0.000      47.565 
                        fa0     1     39.210       0.000      39.210 
                      p1        3    134.340       0.000     134.340 
                        ha0     1     47.565       0.000      47.565 
                        ha1     1     47.565       0.000      47.565 
                        fa0     1     39.210       0.000      39.210 
                p1             49   2113.463       0.000    2113.463 
                  p0           22    954.528       0.000     954.528 
                    p0          9    394.666       0.000     394.666 
                      p0        3    134.340       0.000     134.340 
                        ha0     1     47.565       0.000      47.565 
                        ha1     1     47.565       0.000      47.565 
                        fa0     1     39.210       0.000      39.210 
                      p1        3    134.340       0.000     134.340 
                        ha0     1     47.565       0.000      47.565 
                        ha1     1     47.565       0.000      47.565 
                        fa0     1     39.210       0.000      39.210 
                    p1          9    394.666       0.000     394.666 
                      p0        3    134.340       0.000     134.340 
                        ha0     1     47.565       0.000      47.565 
                        ha1     1     47.565       0.000      47.565 
                        fa0     1     39.210       0.000      39.210 
                      p1        3    134.340       0.000     134.340 
                        ha0     1     47.565       0.000      47.565 
                        ha1     1     47.565       0.000      47.565 
                        fa0     1     39.210       0.000      39.210 
                  p1           22    954.528       0.000     954.528 
                    p0          9    394.666       0.000     394.666 
                      p0        3    134.340       0.000     134.340 
                        ha0     1     47.565       0.000      47.565 
                        ha1     1     47.565       0.000      47.565 
                        fa0     1     39.210       0.000      39.210 
                      p1        3    134.340       0.000     134.340 
                        ha0     1     47.565       0.000      47.565 
                        ha1     1     47.565       0.000      47.565 
                        fa0     1     39.210       0.000      39.210 
                    p1          9    394.666       0.000     394.666 
                      p0        3    134.340       0.000     134.340 
                        ha0     1     47.565       0.000      47.565 
                        ha1     1     47.565       0.000      47.565 
                        fa0     1     39.210       0.000      39.210 
                      p1        3    134.340       0.000     134.340 
                        ha0     1     47.565       0.000      47.565 
                        ha1     1     47.565       0.000      47.565 
                        fa0     1     39.210       0.000      39.210 
            p1                215   9223.914       0.000    9223.914 
              p0              104   4470.543       0.000    4470.543 
                p0             49   2113.463       0.000    2113.463 
                  p0           22    954.528       0.000     954.528 
                    p0          9    394.666       0.000     394.666 
                      p0        3    134.340       0.000     134.340 
                        ha0     1     47.565       0.000      47.565 
                        ha1     1     47.565       0.000      47.565 
                        fa0     1     39.210       0.000      39.210 
                      p1        3    134.340       0.000     134.340 
                        ha0     1     47.565       0.000      47.565 
                        ha1     1     47.565       0.000      47.565 
                        fa0     1     39.210       0.000      39.210 
                    p1          9    394.666       0.000     394.666 
                      p0        3    134.340       0.000     134.340 
                        ha0     1     47.565       0.000      47.565 
                        ha1     1     47.565       0.000      47.565 
                        fa0     1     39.210       0.000      39.210 
                      p1        3    134.340       0.000     134.340 
                        ha0     1     47.565       0.000      47.565 
                        ha1     1     47.565       0.000      47.565 
                        fa0     1     39.210       0.000      39.210 
                  p1           22    954.528       0.000     954.528 
                    p0          9    394.666       0.000     394.666 
                      p0        3    134.340       0.000     134.340 
                        ha0     1     47.565       0.000      47.565 
                        ha1     1     47.565       0.000      47.565 
                        fa0     1     39.210       0.000      39.210 
                      p1        3    134.340       0.000     134.340 
                        ha0     1     47.565       0.000      47.565 
                        ha1     1     47.565       0.000      47.565 
                        fa0     1     39.210       0.000      39.210 
                    p1          9    394.666       0.000     394.666 
                      p0        3    134.340       0.000     134.340 
                        ha0     1     47.565       0.000      47.565 
                        ha1     1     47.565       0.000      47.565 
                        fa0     1     39.210       0.000      39.210 
                      p1        3    134.340       0.000     134.340 
                        ha0     1     47.565       0.000      47.565 
                        ha1     1     47.565       0.000      47.565 
                        fa0     1     39.210       0.000      39.210 
                p1             49   2113.463       0.000    2113.463 
                  p0           22    954.528       0.000     954.528 
                    p0          9    394.666       0.000     394.666 
                      p0        3    134.340       0.000     134.340 
                        ha0     1     47.565       0.000      47.565 
                        ha1     1     47.565       0.000      47.565 
                        fa0     1     39.210       0.000      39.210 
                      p1        3    134.340       0.000     134.340 
                        ha0     1     47.565       0.000      47.565 
                        ha1     1     47.565       0.000      47.565 
                        fa0     1     39.210       0.000      39.210 
                    p1          9    394.666       0.000     394.666 
                      p0        3    134.340       0.000     134.340 
                        ha0     1     47.565       0.000      47.565 
                        ha1     1     47.565       0.000      47.565 
                        fa0     1     39.210       0.000      39.210 
                      p1        3    134.340       0.000     134.340 
                        ha0     1     47.565       0.000      47.565 
                        ha1     1     47.565       0.000      47.565 
                        fa0     1     39.210       0.000      39.210 
                  p1           22    954.528       0.000     954.528 
                    p0          9    394.666       0.000     394.666 
                      p0        3    134.340       0.000     134.340 
                        ha0     1     47.565       0.000      47.565 
                        ha1     1     47.565       0.000      47.565 
                        fa0     1     39.210       0.000      39.210 
                      p1        3    134.340       0.000     134.340 
                        ha0     1     47.565       0.000      47.565 
                        ha1     1     47.565       0.000      47.565 
                        fa0     1     39.210       0.000      39.210 
                    p1          9    394.666       0.000     394.666 
                      p0        3    134.340       0.000     134.340 
                        ha0     1     47.565       0.000      47.565 
                        ha1     1     47.565       0.000      47.565 
                        fa0     1     39.210       0.000      39.210 
                      p1        3    134.340       0.000     134.340 
                        ha0     1     47.565       0.000      47.565 
                        ha1     1     47.565       0.000      47.565 
                        fa0     1     39.210       0.000      39.210 
              p1              104   4470.543       0.000    4470.543 
                p0             49   2113.463       0.000    2113.463 
                  p0           22    954.528       0.000     954.528 
                    p0          9    394.666       0.000     394.666 
                      p0        3    134.340       0.000     134.340 
                        ha0     1     47.565       0.000      47.565 
                        ha1     1     47.565       0.000      47.565 
                        fa0     1     39.210       0.000      39.210 
                      p1        3    134.340       0.000     134.340 
                        ha0     1     47.565       0.000      47.565 
                        ha1     1     47.565       0.000      47.565 
                        fa0     1     39.210       0.000      39.210 
                    p1          9    394.666       0.000     394.666 
                      p0        3    134.340       0.000     134.340 
                        ha0     1     47.565       0.000      47.565 
                        ha1     1     47.565       0.000      47.565 
                        fa0     1     39.210       0.000      39.210 
                      p1        3    134.340       0.000     134.340 
                        ha0     1     47.565       0.000      47.565 
                        ha1     1     47.565       0.000      47.565 
                        fa0     1     39.210       0.000      39.210 
                  p1           22    954.528       0.000     954.528 
                    p0          9    394.666       0.000     394.666 
                      p0        3    134.340       0.000     134.340 
                        ha0     1     47.565       0.000      47.565 
                        ha1     1     47.565       0.000      47.565 
                        fa0     1     39.210       0.000      39.210 
                      p1        3    134.340       0.000     134.340 
                        ha0     1     47.565       0.000      47.565 
                        ha1     1     47.565       0.000      47.565 
                        fa0     1     39.210       0.000      39.210 
                    p1          9    394.666       0.000     394.666 
                      p0        3    134.340       0.000     134.340 
                        ha0     1     47.565       0.000      47.565 
                        ha1     1     47.565       0.000      47.565 
                        fa0     1     39.210       0.000      39.210 
                      p1        3    134.340       0.000     134.340 
                        ha0     1     47.565       0.000      47.565 
                        ha1     1     47.565       0.000      47.565 
                        fa0     1     39.210       0.000      39.210 
                p1             49   2113.463       0.000    2113.463 
                  p0           22    954.528       0.000     954.528 
                    p0          9    394.666       0.000     394.666 
                      p0        3    134.340       0.000     134.340 
                        ha0     1     47.565       0.000      47.565 
                        ha1     1     47.565       0.000      47.565 
                        fa0     1     39.210       0.000      39.210 
                      p1        3    134.340       0.000     134.340 
                        ha0     1     47.565       0.000      47.565 
                        ha1     1     47.565       0.000      47.565 
                        fa0     1     39.210       0.000      39.210 
                    p1          9    394.666       0.000     394.666 
                      p0        3    134.340       0.000     134.340 
                        ha0     1     47.565       0.000      47.565 
                        ha1     1     47.565       0.000      47.565 
                        fa0     1     39.210       0.000      39.210 
                      p1        3    134.340       0.000     134.340 
                        ha0     1     47.565       0.000      47.565 
                        ha1     1     47.565       0.000      47.565 
                        fa0     1     39.210       0.000      39.210 
                  p1           22    954.528       0.000     954.528 
                    p0          9    394.666       0.000     394.666 
                      p0        3    134.340       0.000     134.340 
                        ha0     1     47.565       0.000      47.565 
                        ha1     1     47.565       0.000      47.565 
                        fa0     1     39.210       0.000      39.210 
                      p1        3    134.340       0.000     134.340 
                        ha0     1     47.565       0.000      47.565 
                        ha1     1     47.565       0.000      47.565 
                        fa0     1     39.210       0.000      39.210 
                    p1          9    394.666       0.000     394.666 
                      p0        3    134.340       0.000     134.340 
                        ha0     1     47.565       0.000      47.565 
                        ha1     1     47.565       0.000      47.565 
                        fa0     1     39.210       0.000      39.210 
                      p1        3    134.340       0.000     134.340 
                        ha0     1     47.565       0.000      47.565 
                        ha1     1     47.565       0.000      47.565 
                        fa0     1     39.210       0.000      39.210 
      ctr                     513  11148.505  422998.711  434147.216 
        add_55_25             348   5051.764   59263.512   64315.276 
    cas                       750   6813.543  690327.748  697141.291 
      genblk1.cas8            118   1081.261  106330.778  107412.039 
      genblk1.cas5             94    848.544   75223.462   76072.006 
      genblk1.cas6             94    848.544   82074.675   82923.220 
      genblk1.cas7             94    848.544  105764.940  106613.485 
      genblk1.cas0             70    637.330   52913.681   53551.011 
      genblk1.cas1             70    637.330   52268.531   52905.861 
      genblk1.cas2             70    637.330   59921.240   60558.570 
      genblk1.cas3             70    637.330   72210.978   72848.308 
      genblk1.cas4             70    637.330   83619.462   84256.791 
    genblk1[4].genblk1.sng     68   1598.810   76177.288   77776.098 
      ctr                      33   1305.033   69615.532   70920.565 
    genblk1[2].genblk1.sng     67   1597.461   88042.823   89640.284 
      ctr                      32   1285.280   81343.855   82629.135 
    genblk1[0].genblk1.sng     66   1573.241   90471.222   92044.462 
      ctr                      32   1285.280   83470.728   84756.008 
    genblk1[1].genblk1.sng     66   1573.241   87061.683   88634.924 
      ctr                      32   1285.280   80587.186   81872.465 
    genblk1[3].genblk1.sng     66   1573.241   86780.448   88353.689 
      ctr                      32   1285.280   80396.071   81681.350 

