============================================================
  Generated by:           Encounter(R) RTL Compiler v14.10-s022_1
  Generated on:           Jul 25 2021  01:25:35 pm
  Module:                 ms_es_ordered_cas_by2_mul_synth
  Technology library:     gscl45nm 
  Operating conditions:   typical (balanced_tree)
  Wireload mode:          enclosed
  Area mode:              timing library
============================================================

                Instance                 Cells  Cell Area  Net Area  Total Area  Wireload     
----------------------------------------------------------------------------------------------
ms_es_ordered_cas_by2_mul_synth            229        806         0         806    <none> (D) 
  TOP                                      229        806         0         806    <none> (D) 
    genblk2.stoch2bin                       68        372         0         372    <none> (D) 
      ctr                                   41        211         0         211    <none> (D) 
      par_ctr                               22        150         0         150    <none> (D) 
        p1                                   9         59         0          59    <none> (D) 
          p1                                 3         18         0          18    <none> (D) 
            fa0                              1          9         0           9    <none> (D) 
            ha1                              1          5         0           5    <none> (D) 
            ha0                              1          5         0           5    <none> (D) 
          p0                                 3         18         0          18    <none> (D) 
            fa0                              1          9         0           9    <none> (D) 
            ha1                              1          5         0           5    <none> (D) 
            ha0                              1          5         0           5    <none> (D) 
        p0                                   9         59         0          59    <none> (D) 
          p1                                 3         18         0          18    <none> (D) 
            fa0                              1          9         0           9    <none> (D) 
            ha1                              1          5         0           5    <none> (D) 
            ha0                              1          5         0           5    <none> (D) 
          p0                                 3         18         0          18    <none> (D) 
            fa0                              1          9         0           9    <none> (D) 
            ha1                              1          5         0           5    <none> (D) 
            ha0                              1          5         0           5    <none> (D) 
    cas                                     78        172         0         172    <none> (D) 
      genblk1.cas_abmaxcdmax_abmincdmin     23         47         0          47    <none> (D) 
      genblk1.cas_abmax_cdmax               17         37         0          37    <none> (D) 
      genblk1.cas_abmin_cdmin               16         35         0          35    <none> (D) 
      genblk1.cas_c_d                       11         27         0          27    <none> (D) 
      genblk1.cas_a_b                       11         27         0          27    <none> (D) 
    genblk1[3].genblk1.sng                  15         52         0          52    <none> (D) 
      ctr                                    8         37         0          37    <none> (D) 
    genblk1[2].genblk1.sng                  14         50         0          50    <none> (D) 
      ctr                                    7         34         0          34    <none> (D) 
    genblk1[1].genblk1.sng                  14         50         0          50    <none> (D) 
      ctr                                    7         34         0          34    <none> (D) 
    genblk1[0].genblk1.sng                  14         50         0          50    <none> (D) 
      ctr                                    7         34         0          34    <none> (D) 

 (D) = wireload is default in technology library
