============================================================
  Generated by:           Encounter(R) RTL Compiler v14.10-s022_1
  Generated on:           Jul 25 2021  02:06:38 pm
  Module:                 ms_es_ordered_cas_by4_mul_synth
  Technology library:     gscl45nm 
  Operating conditions:   typical (balanced_tree)
  Wireload mode:          enclosed
  Area mode:              timing library
============================================================

                                       Leakage    Dynamic      Total    
            Instance            Cells Power(nW)  Power(nW)   Power(nW)  
------------------------------------------------------------------------
ms_es_orde..by4_mul_synth        1816 42321.134 1075803.952 1118125.086 
  TOP                            1816 42321.134 1040620.101 1082941.235 
    genblk2.stoch2bin             799 27203.513  336044.715  363248.228 
      par_ctr                     438 18769.865       0.000   18769.865 
        p0                        215  9223.914       0.000    9223.914 
          p0                      104  4470.543       0.000    4470.543 
            p0                     49  2113.463       0.000    2113.463 
              p0                   22   954.528       0.000     954.528 
                p0                  9   394.666       0.000     394.666 
                  p0                3   134.340       0.000     134.340 
                    ha0             1    47.565       0.000      47.565 
                    ha1             1    47.565       0.000      47.565 
                    fa0             1    39.210       0.000      39.210 
                  p1                3   134.340       0.000     134.340 
                    ha0             1    47.565       0.000      47.565 
                    ha1             1    47.565       0.000      47.565 
                    fa0             1    39.210       0.000      39.210 
                p1                  9   394.666       0.000     394.666 
                  p0                3   134.340       0.000     134.340 
                    ha0             1    47.565       0.000      47.565 
                    ha1             1    47.565       0.000      47.565 
                    fa0             1    39.210       0.000      39.210 
                  p1                3   134.340       0.000     134.340 
                    ha0             1    47.565       0.000      47.565 
                    ha1             1    47.565       0.000      47.565 
                    fa0             1    39.210       0.000      39.210 
              p1                   22   954.528       0.000     954.528 
                p0                  9   394.666       0.000     394.666 
                  p0                3   134.340       0.000     134.340 
                    ha0             1    47.565       0.000      47.565 
                    ha1             1    47.565       0.000      47.565 
                    fa0             1    39.210       0.000      39.210 
                  p1                3   134.340       0.000     134.340 
                    ha0             1    47.565       0.000      47.565 
                    ha1             1    47.565       0.000      47.565 
                    fa0             1    39.210       0.000      39.210 
                p1                  9   394.666       0.000     394.666 
                  p0                3   134.340       0.000     134.340 
                    ha0             1    47.565       0.000      47.565 
                    ha1             1    47.565       0.000      47.565 
                    fa0             1    39.210       0.000      39.210 
                  p1                3   134.340       0.000     134.340 
                    ha0             1    47.565       0.000      47.565 
                    ha1             1    47.565       0.000      47.565 
                    fa0             1    39.210       0.000      39.210 
            p1                     49  2113.463       0.000    2113.463 
              p0                   22   954.528       0.000     954.528 
                p0                  9   394.666       0.000     394.666 
                  p0                3   134.340       0.000     134.340 
                    ha0             1    47.565       0.000      47.565 
                    ha1             1    47.565       0.000      47.565 
                    fa0             1    39.210       0.000      39.210 
                  p1                3   134.340       0.000     134.340 
                    ha0             1    47.565       0.000      47.565 
                    ha1             1    47.565       0.000      47.565 
                    fa0             1    39.210       0.000      39.210 
                p1                  9   394.666       0.000     394.666 
                  p0                3   134.340       0.000     134.340 
                    ha0             1    47.565       0.000      47.565 
                    ha1             1    47.565       0.000      47.565 
                    fa0             1    39.210       0.000      39.210 
                  p1                3   134.340       0.000     134.340 
                    ha0             1    47.565       0.000      47.565 
                    ha1             1    47.565       0.000      47.565 
                    fa0             1    39.210       0.000      39.210 
              p1                   22   954.528       0.000     954.528 
                p0                  9   394.666       0.000     394.666 
                  p0                3   134.340       0.000     134.340 
                    ha0             1    47.565       0.000      47.565 
                    ha1             1    47.565       0.000      47.565 
                    fa0             1    39.210       0.000      39.210 
                  p1                3   134.340       0.000     134.340 
                    ha0             1    47.565       0.000      47.565 
                    ha1             1    47.565       0.000      47.565 
                    fa0             1    39.210       0.000      39.210 
                p1                  9   394.666       0.000     394.666 
                  p0                3   134.340       0.000     134.340 
                    ha0             1    47.565       0.000      47.565 
                    ha1             1    47.565       0.000      47.565 
                    fa0             1    39.210       0.000      39.210 
                  p1                3   134.340       0.000     134.340 
                    ha0             1    47.565       0.000      47.565 
                    ha1             1    47.565       0.000      47.565 
                    fa0             1    39.210       0.000      39.210 
          p1                      104  4470.543       0.000    4470.543 
            p0                     49  2113.463       0.000    2113.463 
              p0                   22   954.528       0.000     954.528 
                p0                  9   394.666       0.000     394.666 
                  p0                3   134.340       0.000     134.340 
                    ha0             1    47.565       0.000      47.565 
                    ha1             1    47.565       0.000      47.565 
                    fa0             1    39.210       0.000      39.210 
                  p1                3   134.340       0.000     134.340 
                    ha0             1    47.565       0.000      47.565 
                    ha1             1    47.565       0.000      47.565 
                    fa0             1    39.210       0.000      39.210 
                p1                  9   394.666       0.000     394.666 
                  p0                3   134.340       0.000     134.340 
                    ha0             1    47.565       0.000      47.565 
                    ha1             1    47.565       0.000      47.565 
                    fa0             1    39.210       0.000      39.210 
                  p1                3   134.340       0.000     134.340 
                    ha0             1    47.565       0.000      47.565 
                    ha1             1    47.565       0.000      47.565 
                    fa0             1    39.210       0.000      39.210 
              p1                   22   954.528       0.000     954.528 
                p0                  9   394.666       0.000     394.666 
                  p0                3   134.340       0.000     134.340 
                    ha0             1    47.565       0.000      47.565 
                    ha1             1    47.565       0.000      47.565 
                    fa0             1    39.210       0.000      39.210 
                  p1                3   134.340       0.000     134.340 
                    ha0             1    47.565       0.000      47.565 
                    ha1             1    47.565       0.000      47.565 
                    fa0             1    39.210       0.000      39.210 
                p1                  9   394.666       0.000     394.666 
                  p0                3   134.340       0.000     134.340 
                    ha0             1    47.565       0.000      47.565 
                    ha1             1    47.565       0.000      47.565 
                    fa0             1    39.210       0.000      39.210 
                  p1                3   134.340       0.000     134.340 
                    ha0             1    47.565       0.000      47.565 
                    ha1             1    47.565       0.000      47.565 
                    fa0             1    39.210       0.000      39.210 
            p1                     49  2113.463       0.000    2113.463 
              p0                   22   954.528       0.000     954.528 
                p0                  9   394.666       0.000     394.666 
                  p0                3   134.340       0.000     134.340 
                    ha0             1    47.565       0.000      47.565 
                    ha1             1    47.565       0.000      47.565 
                    fa0             1    39.210       0.000      39.210 
                  p1                3   134.340       0.000     134.340 
                    ha0             1    47.565       0.000      47.565 
                    ha1             1    47.565       0.000      47.565 
                    fa0             1    39.210       0.000      39.210 
                p1                  9   394.666       0.000     394.666 
                  p0                3   134.340       0.000     134.340 
                    ha0             1    47.565       0.000      47.565 
                    ha1             1    47.565       0.000      47.565 
                    fa0             1    39.210       0.000      39.210 
                  p1                3   134.340       0.000     134.340 
                    ha0             1    47.565       0.000      47.565 
                    ha1             1    47.565       0.000      47.565 
                    fa0             1    39.210       0.000      39.210 
              p1                   22   954.528       0.000     954.528 
                p0                  9   394.666       0.000     394.666 
                  p0                3   134.340       0.000     134.340 
                    ha0             1    47.565       0.000      47.565 
                    ha1             1    47.565       0.000      47.565 
                    fa0             1    39.210       0.000      39.210 
                  p1                3   134.340       0.000     134.340 
                    ha0             1    47.565       0.000      47.565 
                    ha1             1    47.565       0.000      47.565 
                    fa0             1    39.210       0.000      39.210 
                p1                  9   394.666       0.000     394.666 
                  p0                3   134.340       0.000     134.340 
                    ha0             1    47.565       0.000      47.565 
                    ha1             1    47.565       0.000      47.565 
                    fa0             1    39.210       0.000      39.210 
                  p1                3   134.340       0.000     134.340 
                    ha0             1    47.565       0.000      47.565 
                    ha1             1    47.565       0.000      47.565 
                    fa0             1    39.210       0.000      39.210 
        p1                        215  9223.914       0.000    9223.914 
          p0                      104  4470.543       0.000    4470.543 
            p0                     49  2113.463       0.000    2113.463 
              p0                   22   954.528       0.000     954.528 
                p0                  9   394.666       0.000     394.666 
                  p0                3   134.340       0.000     134.340 
                    ha0             1    47.565       0.000      47.565 
                    ha1             1    47.565       0.000      47.565 
                    fa0             1    39.210       0.000      39.210 
                  p1                3   134.340       0.000     134.340 
                    ha0             1    47.565       0.000      47.565 
                    ha1             1    47.565       0.000      47.565 
                    fa0             1    39.210       0.000      39.210 
                p1                  9   394.666       0.000     394.666 
                  p0                3   134.340       0.000     134.340 
                    ha0             1    47.565       0.000      47.565 
                    ha1             1    47.565       0.000      47.565 
                    fa0             1    39.210       0.000      39.210 
                  p1                3   134.340       0.000     134.340 
                    ha0             1    47.565       0.000      47.565 
                    ha1             1    47.565       0.000      47.565 
                    fa0             1    39.210       0.000      39.210 
              p1                   22   954.528       0.000     954.528 
                p0                  9   394.666       0.000     394.666 
                  p0                3   134.340       0.000     134.340 
                    ha0             1    47.565       0.000      47.565 
                    ha1             1    47.565       0.000      47.565 
                    fa0             1    39.210       0.000      39.210 
                  p1                3   134.340       0.000     134.340 
                    ha0             1    47.565       0.000      47.565 
                    ha1             1    47.565       0.000      47.565 
                    fa0             1    39.210       0.000      39.210 
                p1                  9   394.666       0.000     394.666 
                  p0                3   134.340       0.000     134.340 
                    ha0             1    47.565       0.000      47.565 
                    ha1             1    47.565       0.000      47.565 
                    fa0             1    39.210       0.000      39.210 
                  p1                3   134.340       0.000     134.340 
                    ha0             1    47.565       0.000      47.565 
                    ha1             1    47.565       0.000      47.565 
                    fa0             1    39.210       0.000      39.210 
            p1                     49  2113.463       0.000    2113.463 
              p0                   22   954.528       0.000     954.528 
                p0                  9   394.666       0.000     394.666 
                  p0                3   134.340       0.000     134.340 
                    ha0             1    47.565       0.000      47.565 
                    ha1             1    47.565       0.000      47.565 
                    fa0             1    39.210       0.000      39.210 
                  p1                3   134.340       0.000     134.340 
                    ha0             1    47.565       0.000      47.565 
                    ha1             1    47.565       0.000      47.565 
                    fa0             1    39.210       0.000      39.210 
                p1                  9   394.666       0.000     394.666 
                  p0                3   134.340       0.000     134.340 
                    ha0             1    47.565       0.000      47.565 
                    ha1             1    47.565       0.000      47.565 
                    fa0             1    39.210       0.000      39.210 
                  p1                3   134.340       0.000     134.340 
                    ha0             1    47.565       0.000      47.565 
                    ha1             1    47.565       0.000      47.565 
                    fa0             1    39.210       0.000      39.210 
              p1                   22   954.528       0.000     954.528 
                p0                  9   394.666       0.000     394.666 
                  p0                3   134.340       0.000     134.340 
                    ha0             1    47.565       0.000      47.565 
                    ha1             1    47.565       0.000      47.565 
                    fa0             1    39.210       0.000      39.210 
                  p1                3   134.340       0.000     134.340 
                    ha0             1    47.565       0.000      47.565 
                    ha1             1    47.565       0.000      47.565 
                    fa0             1    39.210       0.000      39.210 
                p1                  9   394.666       0.000     394.666 
                  p0                3   134.340       0.000     134.340 
                    ha0             1    47.565       0.000      47.565 
                    ha1             1    47.565       0.000      47.565 
                    fa0             1    39.210       0.000      39.210 
                  p1                3   134.340       0.000     134.340 
                    ha0             1    47.565       0.000      47.565 
                    ha1             1    47.565       0.000      47.565 
                    fa0             1    39.210       0.000      39.210 
          p1                      104  4470.543       0.000    4470.543 
            p0                     49  2113.463       0.000    2113.463 
              p0                   22   954.528       0.000     954.528 
                p0                  9   394.666       0.000     394.666 
                  p0                3   134.340       0.000     134.340 
                    ha0             1    47.565       0.000      47.565 
                    ha1             1    47.565       0.000      47.565 
                    fa0             1    39.210       0.000      39.210 
                  p1                3   134.340       0.000     134.340 
                    ha0             1    47.565       0.000      47.565 
                    ha1             1    47.565       0.000      47.565 
                    fa0             1    39.210       0.000      39.210 
                p1                  9   394.666       0.000     394.666 
                  p0                3   134.340       0.000     134.340 
                    ha0             1    47.565       0.000      47.565 
                    ha1             1    47.565       0.000      47.565 
                    fa0             1    39.210       0.000      39.210 
                  p1                3   134.340       0.000     134.340 
                    ha0             1    47.565       0.000      47.565 
                    ha1             1    47.565       0.000      47.565 
                    fa0             1    39.210       0.000      39.210 
              p1                   22   954.528       0.000     954.528 
                p0                  9   394.666       0.000     394.666 
                  p0                3   134.340       0.000     134.340 
                    ha0             1    47.565       0.000      47.565 
                    ha1             1    47.565       0.000      47.565 
                    fa0             1    39.210       0.000      39.210 
                  p1                3   134.340       0.000     134.340 
                    ha0             1    47.565       0.000      47.565 
                    ha1             1    47.565       0.000      47.565 
                    fa0             1    39.210       0.000      39.210 
                p1                  9   394.666       0.000     394.666 
                  p0                3   134.340       0.000     134.340 
                    ha0             1    47.565       0.000      47.565 
                    ha1             1    47.565       0.000      47.565 
                    fa0             1    39.210       0.000      39.210 
                  p1                3   134.340       0.000     134.340 
                    ha0             1    47.565       0.000      47.565 
                    ha1             1    47.565       0.000      47.565 
                    fa0             1    39.210       0.000      39.210 
            p1                     49  2113.463       0.000    2113.463 
              p0                   22   954.528       0.000     954.528 
                p0                  9   394.666       0.000     394.666 
                  p0                3   134.340       0.000     134.340 
                    ha0             1    47.565       0.000      47.565 
                    ha1             1    47.565       0.000      47.565 
                    fa0             1    39.210       0.000      39.210 
                  p1                3   134.340       0.000     134.340 
                    ha0             1    47.565       0.000      47.565 
                    ha1             1    47.565       0.000      47.565 
                    fa0             1    39.210       0.000      39.210 
                p1                  9   394.666       0.000     394.666 
                  p0                3   134.340       0.000     134.340 
                    ha0             1    47.565       0.000      47.565 
                    ha1             1    47.565       0.000      47.565 
                    fa0             1    39.210       0.000      39.210 
                  p1                3   134.340       0.000     134.340 
                    ha0             1    47.565       0.000      47.565 
                    ha1             1    47.565       0.000      47.565 
                    fa0             1    39.210       0.000      39.210 
              p1                   22   954.528       0.000     954.528 
                p0                  9   394.666       0.000     394.666 
                  p0                3   134.340       0.000     134.340 
                    ha0             1    47.565       0.000      47.565 
                    ha1             1    47.565       0.000      47.565 
                    fa0             1    39.210       0.000      39.210 
                  p1                3   134.340       0.000     134.340 
                    ha0             1    47.565       0.000      47.565 
                    ha1             1    47.565       0.000      47.565 
                    fa0             1    39.210       0.000      39.210 
                p1                  9   394.666       0.000     394.666 
                  p0                3   134.340       0.000     134.340 
                    ha0             1    47.565       0.000      47.565 
                    ha1             1    47.565       0.000      47.565 
                    fa0             1    39.210       0.000      39.210 
                  p1                3   134.340       0.000     134.340 
                    ha0             1    47.565       0.000      47.565 
                    ha1             1    47.565       0.000      47.565 
                    fa0             1    39.210       0.000      39.210 
      ctr                         352  8321.151  336044.715  344365.866 
        add_55_25                 223  3562.337   50243.462   53805.799 
    cas                           446  4053.010  363285.739  367338.748 
      genblk1.ca..ax_abmincdmin   118  1081.261  108971.004  110052.266 
      genblk1.cas_abmax_cdmax      94   848.544   77114.587   77963.132 
      genblk1.cas_abmin_cdmin      94   848.544   72052.275   72900.819 
      genblk1.cas_a_b              70   637.330   52358.669   52995.999 
      genblk1.cas_c_d              70   637.330   52789.203   53426.532 
    genblk1[3].genblk1.sng         68  1598.810   75703.216   77302.026 
      ctr                          33  1305.033   69334.533   70639.566 
    genblk1[0].genblk1.sng         66  1573.241   87586.394   89159.634 
      ctr                          32  1285.280   80982.125   82267.405 
    genblk1[1].genblk1.sng         66  1573.241   88822.778   90396.019 
      ctr                          32  1285.280   81863.036   83148.315 
    genblk1[2].genblk1.sng         66  1573.241   89177.259   90750.500 
      ctr                          32  1285.280   82327.673   83612.953 

