============================================================
  Generated by:           Encounter(R) RTL Compiler v14.10-s022_1
  Generated on:           Jul 25 2021  01:24:57 pm
  Module:                 ms_es_ordered_cas_by2_mul_synth
  Technology library:     gscl45nm 
  Operating conditions:   typical (balanced_tree)
  Wireload mode:          enclosed
  Area mode:              timing library
============================================================

            Instance             Cells  Cell Area  Net Area  Total Area  Wireload     
--------------------------------------------------------------------------------------
ms_es_ordered_cas_by2_mul_synth    671       2151         0        2151    <none> (D) 
  TOP                              671       2151         0        2151    <none> (D) 
    genblk2.stoch2bin              133        705         0         705    <none> (D) 
      ctr                          121        639         0         639    <none> (D) 
        add_55_25                   24        210         0         210    <none> (D) 
      par_ctr                        9         59         0          59    <none> (D) 
        p1                           3         18         0          18    <none> (D) 
          fa0                        1          9         0           9    <none> (D) 
          ha1                        1          5         0           5    <none> (D) 
          ha0                        1          5         0           5    <none> (D) 
        p0                           3         18         0          18    <none> (D) 
          fa0                        1          9         0           9    <none> (D) 
          ha1                        1          5         0           5    <none> (D) 
          ha0                        1          5         0           5    <none> (D) 
    cas                            282        621         0         621    <none> (D) 
      genblk1.cas_abmax_abminc     118        248         0         248    <none> (D) 
      genblk1.cas_abmin_c           94        206         0         206    <none> (D) 
      genblk1.cas_a_b               70        167         0         167    <none> (D) 
    genblk1[2].genblk1.sng          84        271         0         271    <none> (D) 
      ctr                           46        187         0         187    <none> (D) 
    genblk1[1].genblk1.sng          83        268         0         268    <none> (D) 
      ctr                           45        185         0         185    <none> (D) 
    genblk1[0].genblk1.sng          75        253         0         253    <none> (D) 
      ctr                           37        169         0         169    <none> (D) 

 (D) = wireload is default in technology library
