============================================================
  Generated by:           Encounter(R) RTL Compiler v14.10-s022_1
  Generated on:           Jul 25 2021  01:18:34 pm
  Module:                 ms_es_naive_by2_mul_synth
  Technology library:     gscl45nm 
  Operating conditions:   typical (balanced_tree)
  Wireload mode:          enclosed
  Area mode:              timing library
============================================================

           Pin                 Type       Fanout Load Slew Delay Arrival   
                                                 (fF) (ps)  (ps)   (ps)    
---------------------------------------------------------------------------
(clock clk_int2)             launch                                    0 R 
TOP
  genblk1[2].genblk1.sng
    ctr
      countval_reg[4]/CLK                                0             0 R 
      countval_reg[4]/Q      DFFSR             1  1.5   10  +109     109 R 
      drc_bufs179/A                                           +0     109   
      drc_bufs179/Y          BUFX2             4 12.3   30   +48     157 R 
    ctr/countval[4] 
    g291/A                                                    +0     157   
    g291/Y                   INVX1             1  2.3   11   +21     178 F 
    g289/A                                                    +0     178   
    g289/Y                   OR2X1             2  4.5   19   +45     223 F 
    g286/B                                                    +0     223   
    g286/Y                   NAND3X1           1  1.5   34   +33     256 R 
    drc_bufs/A                                                +0     256   
    drc_bufs/Y               BUFX2             1  2.3    9   +35     290 R 
    g283/A                                                    +0     290   
    g283/Y                   AND2X1            1  2.0   31   +30     320 R 
    g280/C                                                    +0     320   
    g280/Y                   OAI21X1           1  2.2    5   +19     339 F 
    g277/B                                                    +0     339   
    g277/Y                   OR2X1             3  5.9   24   +55     395 F 
    g275/A                                                    +0     395   
    g275/Y                   OR2X1             2  3.6   16   +44     439 F 
  genblk1[2].genblk1.sng/sn_out[0] 
  g210/B                                                      +0     439   
  g210/Y                     AND2X1            4  7.2   31   +54     493 F 
  g203/B                                                      +0     493   
  g203/Y                     AND2X1            1  8.8   34   +60     553 F 
  genblk2.stoch2bin/data_in[13] 
    par_ctr/a[13] 
      p0/a[5] 
        p0/a[1] 
          fa0/a 
            g2/B                                              +0     553   
            g2/YS            FAX1              1  3.4   12   +88     640 F 
          fa0/s 
          ha0/b 
            g17/B                                             +0     640   
            g17/YC           HAX1              1  3.4   20   +48     688 F 
          ha0/cout 
          ha1/a 
            g17/B                                             +0     688   
            g17/YS           HAX1              1 10.9   38   +73     762 F 
          ha1/s 
        p0/y[1] 
        g167/A                                                +0     762   
        g167/YC              FAX1              1  7.1   29   +91     853 F 
        g166/C                                                +0     853   
        g166/YS              FAX1              1 12.7   67  +103     956 R 
      p0/y[2] 
      g234/A                                                  +0     956   
      g234/YS                FAX1              2 11.1   34  +108    1063 F 
    par_ctr/y[2] 
    ctr/data_in[2] 
      add_55_25/B[2] 
        g475/B                                                +0    1063   
        g475/YC              FAX1              1  7.1   29   +88    1152 F 
        g474/C                                                +0    1152   
        g474/YC              FAX1              1  7.1   29   +82    1234 F 
        g473/C                                                +0    1234   
        g473/YC              FAX1              1  7.1   29   +82    1315 F 
        g472/C                                                +0    1315   
        g472/YC              FAX1              1  7.1   26   +82    1397 F 
        g471/C                                                +0    1397   
        g471/YC              FAX1              1  7.1   27   +81    1478 F 
        g470/C                                                +0    1478   
        g470/YC              FAX1              1  7.1   27   +81    1559 F 
        g469/C                                                +0    1559   
        g469/YC              FAX1              1  7.1   27   +81    1640 F 
        g468/C                                                +0    1640   
        g468/YC              FAX1              1  7.1   27   +81    1721 F 
        g467/C                                                +0    1721   
        g467/YC              FAX1              1  7.1   27   +81    1803 F 
        g466/C                                                +0    1803   
        g466/YC              FAX1              1  7.1   27   +81    1884 F 
        g465/C                                                +0    1884   
        g465/YC              FAX1              1  7.1   27   +81    1965 F 
        g464/C                                                +0    1965   
        g464/YC              FAX1              1  7.1   27   +81    2046 F 
        g463/C                                                +0    2046   
        g463/YC              FAX1              1  7.1   27   +81    2127 F 
        g462/C                                                +0    2127   
        g462/YC              FAX1              1  7.1   27   +81    2209 F 
        g461/C                                                +0    2209   
        g461/YC              FAX1              1  7.1   27   +81    2290 F 
        g460/C                                                +0    2290   
        g460/YC              FAX1              1  7.1   27   +81    2371 F 
        g459/C                                                +0    2371   
        g459/YC              FAX1              1 10.9   37   +89    2460 F 
        g2/A                                                  +0    2460   
        g2/YS                FAX1              1  2.8   21   +84    2544 R 
      add_55_25/Z[19] 
      g72/A                                                   +0    2544   
      g72/Y                  MUX2X1            1  1.5   18   +23    2566 F 
      g71/A                                                   +0    2566   
      g71/Y                  INVX1             1  2.0    0    +3    2570 R 
      countval_reg[19]/D     DFFSR                            +0    2570   
      countval_reg[19]/CLK   setup                       0   +70    2640 R 
- - - - - - - - - - - - - - - - - - - - - - - - - - - - - - - - - - - - - -
(clock clk)                  capture                                5000 R 
                             uncertainty                     -50    4950 R 
---------------------------------------------------------------------------
Cost Group   : 'clk' (path_group 'clk')
Timing slack :    2310ps 
Start-point  : TOP/genblk1[2].genblk1.sng/ctr/countval_reg[4]/CLK
End-point    : TOP/genblk2.stoch2bin/ctr/countval_reg[19]/D
