============================================================
  Generated by:           Encounter(R) RTL Compiler v14.10-s022_1
  Generated on:           Jul 25 2021  01:38:21 pm
  Module:                 ms_es_ordered_bs_by2_mul_synth
  Technology library:     gscl45nm 
  Operating conditions:   typical (balanced_tree)
  Wireload mode:          enclosed
  Area mode:              timing library
============================================================

                                       Leakage    Dynamic      Total    
            Instance            Cells Power(nW)  Power(nW)   Power(nW)  
------------------------------------------------------------------------
ms_es_orde..by2_mul_synth        2022 32014.097 1791030.705 1823044.803 
  TOP                            2022 32014.097 1695576.717 1727590.814 
    genblk2.stoch2bin             481 11836.646  448120.277  459956.923 
      ctr                         426  9651.917  382165.194  391817.111 
        add_55_25                 281  4298.468   55168.073   59466.541 
      par_ctr                      49  2113.463   54680.685   56794.148 
        p0                         22   954.528   26455.000   27409.528 
          p0                        9   394.666   12166.303   12560.969 
            p0                      3   134.340    5027.376    5161.716 
              ha0                   1    47.565     847.001     894.566 
              ha1                   1    47.565    1738.002    1785.567 
              fa0                   1    39.210    2442.373    2481.583 
            p1                      3   134.340    4814.752    4949.092 
              ha0                   1    47.565     847.001     894.566 
              ha1                   1    47.565    1525.378    1572.943 
              fa0                   1    39.210    2442.373    2481.583 
          p1                        9   394.666   11963.494   12358.160 
            p0                      3   134.340    5020.879    5155.219 
              ha0                   1    47.565     847.001     894.566 
              ha1                   1    47.565    1738.002    1785.567 
              fa0                   1    39.210    2435.876    2475.087 
            p1                      3   134.340    4808.255    4942.596 
              ha0                   1    47.565     847.001     894.566 
              ha1                   1    47.565    1525.378    1572.943 
              fa0                   1    39.210    2435.876    2475.087 
        p1                         22   954.528   26235.158   27189.686 
          p0                        9   394.666   12144.738   12539.404 
            p0                      3   134.340    5016.593    5150.933 
              ha0                   1    47.565     846.978     894.543 
              ha1                   1    47.565    1738.002    1785.567 
              fa0                   1    39.210    2431.612    2470.823 
            p1                      3   134.340    4803.969    4938.309 
              ha0                   1    47.565     846.978     894.543 
              ha1                   1    47.565    1525.378    1572.943 
              fa0                   1    39.210    2431.612    2470.823 
          p1                        9   394.666   11955.034   12349.700 
            p0                      3   134.340    5016.649    5150.989 
              ha0                   1    47.565     847.001     894.566 
              ha1                   1    47.565    1738.002    1785.567 
              fa0                   1    39.210    2431.646    2470.857 
            p1                      3   134.340    4804.025    4938.366 
              ha0                   1    47.565     847.001     894.566 
              ha1                   1    47.565    1525.378    1572.943 
              fa0                   1    39.210    2431.646    2470.857 
    genblk1[0].genblk1.sng        292  4021.807  245619.483  249641.290 
      genblk2[1].max_comparator   141  1437.338   76049.600   77486.938 
      genblk2[0].max_comparator   119  1299.190   83030.525   84329.715 
      ctr                          32  1285.280   86539.358   87824.638 
    genblk1[3]..5.genblk3.sng     305  3954.259  236828.667  240782.927 
      genblk2[0].max_comparator   149  1474.288   79670.347   81144.635 
      ctr                          32  1285.280   87007.418   88292.697 
      genblk2[1].max_comparator   124  1194.691   70150.903   71345.594 
    genblk1[1]..5.genblk1.sng     302  3931.597  240610.314  244541.911 
      genblk2[0].max_comparator   137  1323.976   77586.286   78910.262 
      genblk2[1].max_comparator   133  1322.341   71623.662   72946.003 
      ctr                          32  1285.280   91400.366   92685.645 
    genblk1[2]..5.genblk2.sng     295  3769.681  236064.250  239833.931 
      ctr                          32  1285.280   91603.328   92888.607 
      genblk2[0].max_comparator   137  1283.259   74723.400   76006.659 
      genblk2[1].max_comparator   126  1201.142   69737.523   70938.665 
    genblk1[4].genblk2.sng        281  3766.359  224368.724  228135.083 
      ctr                          33  1305.033   78724.998   80030.031 
      genblk2[1].min_comparator   125  1272.624   73869.884   75142.508 
      genblk2[0].min_comparator   123  1188.702   71773.842   72962.544 

