============================================================
  Generated by:           Encounter(R) RTL Compiler v14.10-s022_1
  Generated on:           Jul 25 2021  01:26:35 pm
  Module:                 ms_es_ordered_cas_by2_mul_synth
  Technology library:     gscl45nm 
  Operating conditions:   typical (balanced_tree)
  Wireload mode:          enclosed
  Area mode:              timing library
============================================================

                                       Leakage    Dynamic     Total   
            Instance            Cells Power(nW)  Power(nW)  Power(nW) 
----------------------------------------------------------------------
ms_es_orde..by2_mul_synth         841 16782.199 946103.128 962885.327 
  TOP                             841 16782.199 915407.696 932189.896 
    genblk2.stoch2bin             168  6282.477 268906.109 275188.586 
      ctr                         141  5270.426 268906.109 274176.536 
        add_55_25                  28  1106.246  17649.061  18755.307 
      par_ctr                      22   954.528      0.000    954.528 
        p0                          9   394.666      0.000    394.666 
          p0                        3   134.340      0.000    134.340 
            ha0                     1    47.565      0.000     47.565 
            ha1                     1    47.565      0.000     47.565 
            fa0                     1    39.210      0.000     39.210 
          p1                        3   134.340      0.000    134.340 
            ha0                     1    47.565      0.000     47.565 
            ha1                     1    47.565      0.000     47.565 
            fa0                     1    39.210      0.000     39.210 
        p1                          9   394.666      0.000    394.666 
          p0                        3   134.340      0.000    134.340 
            ha0                     1    47.565      0.000     47.565 
            ha1                     1    47.565      0.000     47.565 
            fa0                     1    39.210      0.000     39.210 
          p1                        3   134.340      0.000    134.340 
            ha0                     1    47.565      0.000     47.565 
            ha1                     1    47.565      0.000     47.565 
            fa0                     1    39.210      0.000     39.210 
    cas                           382  3780.038 302871.070 306651.108 
      genblk1.ca..ax_abmincdmin   100   972.885  88775.695  89748.580 
      genblk1.cas_abmax_cdmax      79   775.283  62821.232  63596.516 
      genblk1.cas_abmin_cdmin      79   775.283  62616.384  63391.667 
      genblk1.cas_a_b              62   628.293  44398.382  45026.675 
      genblk1.cas_c_d              62   628.293  44259.377  44887.670 
    genblk1[3].genblk1.sng         68  1610.364  78042.853  79653.217 
      ctr                          37  1348.955  72238.723  73587.678 
    genblk1[1].genblk1.sng         67  1590.610  89125.105  90715.715 
      ctr                          36  1329.201  83391.864  84721.066 
    genblk1[2].genblk1.sng         67  1590.610  89093.562  90684.172 
      ctr                          36  1329.201  83380.444  84709.646 
    genblk1[0].genblk1.sng         63  1546.688  87241.489  88788.178 
      ctr                          32  1285.280  81469.473  82754.752 

