============================================================
  Generated by:           Encounter(R) RTL Compiler v14.10-s022_1
  Generated on:           Jul 25 2021  02:01:20 pm
  Module:                 ms_es_ordered_cas_by4_mul_synth
  Technology library:     gscl45nm 
  Operating conditions:   typical (balanced_tree)
  Wireload mode:          enclosed
  Area mode:              timing library
============================================================

                                  Leakage    Dynamic     Total   
         Instance          Cells Power(nW)  Power(nW)  Power(nW) 
-----------------------------------------------------------------
ms_es_orde..by4_mul_synth    196  4545.159 184264.028 188809.187 
  TOP                        196  4545.159 175955.412 180500.571 
    genblk2.stoch2bin         68  2516.160  78090.024  80606.183 
      ctr                     41  1513.048  78090.024  79603.071 
      par_ctr                 22   954.528      0.000    954.528 
        p0                     9   394.666      0.000    394.666 
          p0                   3   134.340      0.000    134.340 
            ha0                1    47.565      0.000     47.565 
            ha1                1    47.565      0.000     47.565 
            fa0                1    39.210      0.000     39.210 
          p1                   3   134.340      0.000    134.340 
            ha0                1    47.565      0.000     47.565 
            ha1                1    47.565      0.000     47.565 
            fa0                1    39.210      0.000     39.210 
        p1                     9   394.666      0.000    394.666 
          p0                   3   134.340      0.000    134.340 
            ha0                1    47.565      0.000     47.565 
            ha1                1    47.565      0.000     47.565 
            fa0                1    39.210      0.000     39.210 
          p1                   3   134.340      0.000    134.340 
            ha0                1    47.565      0.000     47.565 
            ha1                1    47.565      0.000     47.565 
            fa0                1    39.210      0.000     39.210 
    genblk1[1].genblk1.sng    29   659.603  32110.807  32770.409 
      ctr                     13   520.139  30129.294  30649.433 
    genblk1[0].genblk1.sng    28   639.849  42133.195  42773.044 
      ctr                     12   500.386  40013.240  40513.626 
    cas                       52   446.755  23621.386  24068.142 
      genblk1.cas_a_b         52   446.755  23621.386  24068.142 

