============================================================
  Generated by:           Encounter(R) RTL Compiler v14.10-s022_1
  Generated on:           Jul 25 2021  02:27:06 pm
  Module:                 ms_es_ordered_bs_by4_mul_synth
  Technology library:     gscl45nm 
  Operating conditions:   typical (balanced_tree)
  Wireload mode:          enclosed
  Area mode:              timing library
============================================================

                                        Leakage    Dynamic      Total    
            Instance            Cells  Power(nW)  Power(nW)   Power(nW)  
-------------------------------------------------------------------------
ms_es_orde..by4_mul_synth        4504 116334.685 7359362.514 7475697.199 
  TOP                            4504 116334.685 7248565.007 7364899.692 
    genblk2.stoch2bin            1921  81223.342 4155476.976 4236700.318 
      par_ctr                    1780  76202.413 3868986.264 3945188.678 
        p0                        885  37900.978 1929870.233 1967771.211 
          p0                      438  18769.865  960320.469  979090.333 
            p0                    215   9223.914  475787.934  485011.848 
              p0                  104   4470.543  233021.135  237491.678 
                p0                 49   2113.463  111612.622  113726.086 
                  p0               22    954.528   51171.733   52126.261 
                    p0              9    394.666   21637.512   22032.178 
                      p0            3    134.340    7356.197    7490.537 
                        ha0         1     47.565    1672.628    1720.192 
                        ha1         1     47.565    2791.659    2839.224 
                        fa0         1     39.210    2891.911    2931.121 
                      p1            3    134.340    7230.034    7364.374 
                        ha0         1     47.565    1768.118    1815.683 
                        ha1         1     47.565    2456.647    2504.212 
                        fa0         1     39.210    3005.269    3044.479 
                    p1              9    394.666   21395.201   21789.867 
                      p0            3    134.340    7492.725    7627.065 
                        ha0         1     47.565    1739.093    1786.658 
                        ha1         1     47.565    2754.388    2801.953 
                        fa0         1     39.210    2999.244    3038.454 
                      p1            3    134.340    7322.047    7456.388 
                        ha0         1     47.565    1808.630    1856.195 
                        ha1         1     47.565    2477.078    2524.643 
                        fa0         1     39.210    3036.339    3075.549 
                  p1               22    954.528   51106.588   52061.116 
                    p0              9    394.666   21885.594   22280.261 
                      p0            3    134.340    7441.048    7575.389 
                        ha0         1     47.565    1690.182    1737.747 
                        ha1         1     47.565    2821.831    2869.396 
                        fa0         1     39.210    2929.035    2968.245 
                      p1            3    134.340    7312.013    7446.353 
                        ha0         1     47.565    1786.154    1833.719 
                        ha1         1     47.565    2483.483    2531.048 
                        fa0         1     39.210    3042.376    3081.586 
                    p1              9    394.666   21508.933   21903.599 
                      p0            3    134.340    7542.016    7676.356 
                        ha0         1     47.565    1748.083    1795.648 
                        ha1         1     47.565    2769.700    2817.265 
                        fa0         1     39.210    3024.232    3063.442 
                      p1            3    134.340    7369.674    7504.014 
                        ha0         1     47.565    1817.619    1865.184 
                        ha1         1     47.565    2490.726    2538.290 
                        fa0         1     39.210    3061.329    3100.539 
                p1                 49   2113.463  111918.190  114031.653 
                  p0               22    954.528   51786.850   52741.379 
                    p0              9    394.666   21932.072   22326.738 
                      p0            3    134.340    7449.568    7583.908 
                        ha0         1     47.565    1698.702    1746.267 
                        ha1         1     47.565    2821.831    2869.396 
                        fa0         1     39.210    2929.035    2968.245 
                      p1            3    134.340    7321.057    7455.397 
                        ha0         1     47.565    1795.198    1842.763 
                        ha1         1     47.565    2483.483    2531.048 
                        fa0         1     39.210    3042.376    3081.586 
                    p1              9    394.666   21598.811   21993.477 
                      p0            3    134.340    7559.047    7693.387 
                        ha0         1     47.565    1765.114    1812.679 
                        ha1         1     47.565    2769.700    2817.265 
                        fa0         1     39.210    3024.232    3063.442 
                      p1            3    134.340    7387.768    7522.108 
                        ha0         1     47.565    1835.714    1883.279 
                        ha1         1     47.565    2490.726    2538.290 
                        fa0         1     39.210    3061.329    3100.539 
                  p1               22    954.528   51289.814   52244.342 
                    p0              9    394.666   21932.123   22326.789 
                      p0            3    134.340    7449.568    7583.908 
                        ha0         1     47.565    1698.702    1746.267 
                        ha1         1     47.565    2821.831    2869.396 
                        fa0         1     39.210    2929.035    2968.245 
                      p1            3    134.340    7321.108    7455.449 
                        ha0         1     47.565    1795.249    1842.814 
                        ha1         1     47.565    2483.483    2531.048 
                        fa0         1     39.210    3042.376    3081.586 
                    p1              9    394.666   21598.915   21993.581 
                      p0            3    134.340    7559.098    7693.438 
                        ha0         1     47.565    1765.166    1812.731 
                        ha1         1     47.565    2769.700    2817.265 
                        fa0         1     39.210    3024.232    3063.442 
                      p1            3    134.340    7387.821    7522.161 
                        ha0         1     47.565    1835.767    1883.331 
                        ha1         1     47.565    2490.726    2538.290 
                        fa0         1     39.210    3061.329    3100.539 
              p1                  104   4470.543  233096.544  237567.087 
                p0                 49   2113.463  111986.509  114099.972 
                  p0               22    954.528   51419.470   52373.998 
                    p0              9    394.666   21752.972   22147.638 
                      p0            3    134.340    7405.514    7539.855 
                        ha0         1     47.565    1681.663    1729.228 
                        ha1         1     47.565    2806.967    2854.532 
                        fa0         1     39.210    2916.884    2956.094 
                      p1            3    134.340    7277.695    7412.035 
                        ha0         1     47.565    1777.159    1824.724 
                        ha1         1     47.565    2470.294    2517.858 
                        fa0         1     39.210    3030.242    3069.452 
                    p1              9    394.666   21509.001   21903.668 
                      p0            3    134.340    7542.050    7676.390 
                        ha0         1     47.565    1748.135    1795.700 
                        ha1         1     47.565    2769.698    2817.263 
                        fa0         1     39.210    3024.217    3063.427 
                      p1            3    134.340    7369.706    7504.046 
                        ha0         1     47.565    1817.671    1865.236 
                        ha1         1     47.565    2490.723    2538.288 
                        fa0         1     39.210    3061.311    3100.522 
                  p1               22    954.528   51233.157   52187.685 
                    p0              9    394.666   22001.058   22395.724 
                      p0            3    134.340    7490.360    7624.700 
                        ha0         1     47.565    1699.217    1746.782 
                        ha1         1     47.565    2837.138    2884.703 
                        fa0         1     39.210    2954.004    2993.214 
                      p1            3    134.340    7359.679    7494.019 
                        ha0         1     47.565    1795.194    1842.759 
                        ha1         1     47.565    2497.132    2544.697 
                        fa0         1     39.210    3067.353    3106.563 
                    p1              9    394.666   21520.351   21915.017 
                      p0            3    134.340    7555.438    7689.778 
                        ha0         1     47.565    1748.085    1795.649 
                        ha1         1     47.565    2770.272    2817.837 
                        fa0         1     39.210    3037.081    3076.292 
                      p1            3    134.340    7383.096    7517.437 
                        ha0         1     47.565    1817.620    1865.185 
                        ha1         1     47.565    2491.298    2538.863 
                        fa0         1     39.210    3074.178    3113.388 
                p1                 49   2113.463  112156.225  114269.689 
                  p0               22    954.528   51913.402   52867.930 
                    p0              9    394.666   22047.533   22442.199 
                      p0            3    134.340    7498.879    7633.219 
                        ha0         1     47.565    1707.737    1755.302 
                        ha1         1     47.565    2837.138    2884.703 
                        fa0         1     39.210    2954.004    2993.214 
                      p1            3    134.340    7368.723    7503.063 
                        ha0         1     47.565    1804.239    1851.804 
                        ha1         1     47.565    2497.132    2544.697 
                        fa0         1     39.210    3067.353    3106.563 
                    p1              9    394.666   21610.219   22004.885 
                      p0            3    134.340    7572.469    7706.809 
                        ha0         1     47.565    1765.115    1812.680 
                        ha1         1     47.565    2770.272    2817.837 
                        fa0         1     39.210    3037.081    3076.292 
                      p1            3    134.340    7401.191    7535.531 
                        ha0         1     47.565    1835.715    1883.280 
                        ha1         1     47.565    2491.298    2538.863 
                        fa0         1     39.210    3074.178    3113.388 
                  p1               22    954.528   51416.366   52370.894 
                    p0              9    394.666   22047.584   22442.250 
                      p0            3    134.340    7498.879    7633.219 
                        ha0         1     47.565    1707.737    1755.302 
                        ha1         1     47.565    2837.138    2884.703 
                        fa0         1     39.210    2954.004    2993.214 
                      p1            3    134.340    7368.774    7503.115 
                        ha0         1     47.565    1804.290    1851.855 
                        ha1         1     47.565    2497.132    2544.697 
                        fa0         1     39.210    3067.353    3106.563 
                    p1              9    394.666   21610.323   22004.989 
                      p0            3    134.340    7572.521    7706.861 
                        ha0         1     47.565    1765.167    1812.732 
                        ha1         1     47.565    2770.272    2817.837 
                        fa0         1     39.210    3037.081    3076.292 
                      p1            3    134.340    7401.244    7535.584 
                        ha0         1     47.565    1835.768    1883.333 
                        ha1         1     47.565    2491.298    2538.863 
                        fa0         1     39.210    3074.178    3113.388 
            p1                    215   9223.914  474823.092  484047.006 
              p0                  104   4470.543  233651.307  238121.850 
                p0                 49   2113.463  111986.509  114099.972 
                  p0               22    954.528   51419.470   52373.998 
                    p0              9    394.666   21752.972   22147.638 
                      p0            3    134.340    7405.514    7539.855 
                        ha0         1     47.565    1681.663    1729.228 
                        ha1         1     47.565    2806.967    2854.532 
                        fa0         1     39.210    2916.884    2956.094 
                      p1            3    134.340    7277.695    7412.035 
                        ha0         1     47.565    1777.159    1824.724 
                        ha1         1     47.565    2470.294    2517.858 
                        fa0         1     39.210    3030.242    3069.452 
                    p1              9    394.666   21509.001   21903.668 
                      p0            3    134.340    7542.050    7676.390 
                        ha0         1     47.565    1748.135    1795.700 
                        ha1         1     47.565    2769.698    2817.263 
                        fa0         1     39.210    3024.217    3063.427 
                      p1            3    134.340    7369.706    7504.046 
                        ha0         1     47.565    1817.671    1865.236 
                        ha1         1     47.565    2490.723    2538.288 
                        fa0         1     39.210    3061.311    3100.522 
                  p1               22    954.528   51233.157   52187.685 
                    p0              9    394.666   22001.058   22395.724 
                      p0            3    134.340    7490.360    7624.700 
                        ha0         1     47.565    1699.217    1746.782 
                        ha1         1     47.565    2837.138    2884.703 
                        fa0         1     39.210    2954.004    2993.214 
                      p1            3    134.340    7359.679    7494.019 
                        ha0         1     47.565    1795.194    1842.759 
                        ha1         1     47.565    2497.132    2544.697 
                        fa0         1     39.210    3067.353    3106.563 
                    p1              9    394.666   21520.351   21915.017 
                      p0            3    134.340    7555.438    7689.778 
                        ha0         1     47.565    1748.085    1795.649 
                        ha1         1     47.565    2770.272    2817.837 
                        fa0         1     39.210    3037.081    3076.292 
                      p1            3    134.340    7383.096    7517.437 
                        ha0         1     47.565    1817.620    1865.185 
                        ha1         1     47.565    2491.298    2538.863 
                        fa0         1     39.210    3074.178    3113.388 
                p1                 49   2113.463  112156.225  114269.689 
                  p0               22    954.528   51913.402   52867.930 
                    p0              9    394.666   22047.533   22442.199 
                      p0            3    134.340    7498.879    7633.219 
                        ha0         1     47.565    1707.737    1755.302 
                        ha1         1     47.565    2837.138    2884.703 
                        fa0         1     39.210    2954.004    2993.214 
                      p1            3    134.340    7368.723    7503.063 
                        ha0         1     47.565    1804.239    1851.804 
                        ha1         1     47.565    2497.132    2544.697 
                        fa0         1     39.210    3067.353    3106.563 
                    p1              9    394.666   21610.219   22004.885 
                      p0            3    134.340    7572.469    7706.809 
                        ha0         1     47.565    1765.115    1812.680 
                        ha1         1     47.565    2770.272    2817.837 
                        fa0         1     39.210    3037.081    3076.292 
                      p1            3    134.340    7401.191    7535.531 
                        ha0         1     47.565    1835.715    1883.280 
                        ha1         1     47.565    2491.298    2538.863 
                        fa0         1     39.210    3074.178    3113.388 
                  p1               22    954.528   51416.366   52370.894 
                    p0              9    394.666   22047.584   22442.250 
                      p0            3    134.340    7498.879    7633.219 
                        ha0         1     47.565    1707.737    1755.302 
                        ha1         1     47.565    2837.138    2884.703 
                        fa0         1     39.210    2954.004    2993.214 
                      p1            3    134.340    7368.774    7503.115 
                        ha0         1     47.565    1804.290    1851.855 
                        ha1         1     47.565    2497.132    2544.697 
                        fa0         1     39.210    3067.353    3106.563 
                    p1              9    394.666   21610.323   22004.989 
                      p0            3    134.340    7572.521    7706.861 
                        ha0         1     47.565    1765.167    1812.732 
                        ha1         1     47.565    2770.272    2817.837 
                        fa0         1     39.210    3037.081    3076.292 
                      p1            3    134.340    7401.244    7535.584 
                        ha0         1     47.565    1835.768    1883.333 
                        ha1         1     47.565    2491.298    2538.863 
                        fa0         1     39.210    3074.178    3113.388 
              p1                  104   4470.543  232056.640  236527.183 
                p0                 49   2113.463  111474.129  113587.592 
                  p0               22    954.528   51171.687   52126.215 
                    p0              9    394.666   21637.492   22032.158 
                      p0            3    134.340    7356.187    7490.527 
                        ha0         1     47.565    1672.629    1720.193 
                        ha1         1     47.565    2791.660    2839.225 
                        fa0         1     39.210    2891.898    2931.109 
                      p1            3    134.340    7230.024    7364.364 
                        ha0         1     47.565    1768.119    1815.684 
                        ha1         1     47.565    2456.648    2504.213 
                        fa0         1     39.210    3005.257    3044.467 
                    p1              9    394.666   21395.176   21789.842 
                      p0            3    134.340    7492.712    7627.052 
                        ha0         1     47.565    1739.094    1786.659 
                        ha1         1     47.565    2754.388    2801.953 
                        fa0         1     39.210    2999.229    3038.440 
                      p1            3    134.340    7322.037    7456.378 
                        ha0         1     47.565    1808.632    1856.196 
                        ha1         1     47.565    2477.079    2524.644 
                        fa0         1     39.210    3036.327    3075.537 
                  p1               22    954.528   50987.043   51941.571 
                    p0              9    394.666   21885.579   22280.245 
                      p0            3    134.340    7441.038    7575.378 
                        ha0         1     47.565    1690.183    1737.748 
                        ha1         1     47.565    2821.832    2869.397 
                        fa0         1     39.210    2929.022    2968.233 
                      p1            3    134.340    7312.007    7446.347 
                        ha0         1     47.565    1786.155    1833.720 
                        ha1         1     47.565    2483.486    2531.051 
                        fa0         1     39.210    3042.365    3081.576 
                    p1              9    394.666   21406.532   21801.198 
                      p0            3    134.340    7506.102    7640.442 
                        ha0         1     47.565    1739.045    1786.610 
                        ha1         1     47.565    2754.963    2802.528 
                        fa0         1     39.210    3012.094    3051.305 
                      p1            3    134.340    7335.426    7469.767 
                        ha0         1     47.565    1808.581    1856.146 
                        ha1         1     47.565    2477.654    2525.219 
                        fa0         1     39.210    3049.191    3088.402 
                p1                 49   2113.463  111645.521  113758.984 
                  p0               22    954.528   51665.625   52620.153 
                    p0              9    394.666   21932.054   22326.720 
                      p0            3    134.340    7449.558    7583.898 
                        ha0         1     47.565    1698.703    1746.268 
                        ha1         1     47.565    2821.832    2869.397 
                        fa0         1     39.210    2929.022    2968.233 
                      p1            3    134.340    7321.051    7455.392 
                        ha0         1     47.565    1795.200    1842.765 
                        ha1         1     47.565    2483.486    2531.051 
                        fa0         1     39.210    3042.365    3081.576 
                    p1              9    394.666   21496.401   21891.067 
                      p0            3    134.340    7523.133    7657.474 
                        ha0         1     47.565    1756.076    1803.641 
                        ha1         1     47.565    2754.963    2802.528 
                        fa0         1     39.210    3012.094    3051.305 
                      p1            3    134.340    7353.522    7487.862 
                        ha0         1     47.565    1826.676    1874.241 
                        ha1         1     47.565    2477.654    2525.219 
                        fa0         1     39.210    3049.191    3088.402 
                  p1               22    954.528   51170.253   52124.781 
                    p0              9    394.666   21932.105   22326.771 
                      p0            3    134.340    7449.558    7583.898 
                        ha0         1     47.565    1698.703    1746.268 
                        ha1         1     47.565    2821.832    2869.397 
                        fa0         1     39.210    2929.022    2968.233 
                      p1            3    134.340    7321.102    7455.443 
                        ha0         1     47.565    1795.251    1842.816 
                        ha1         1     47.565    2483.486    2531.051 
                        fa0         1     39.210    3042.365    3081.576 
                    p1              9    394.666   21496.505   21891.171 
                      p0            3    134.340    7523.185    7657.525 
                        ha0         1     47.565    1756.128    1803.693 
                        ha1         1     47.565    2754.963    2802.528 
                        fa0         1     39.210    3012.094    3051.305 
                      p1            3    134.340    7353.574    7487.914 
                        ha0         1     47.565    1826.729    1874.294 
                        ha1         1     47.565    2477.654    2525.219 
                        fa0         1     39.210    3049.191    3088.402 
          p1                      438  18769.865  959760.468  978530.333 
            p0                    215   9223.914  475787.947  485011.860 
              p0                  104   4470.543  233021.128  237491.671 
                p0                 49   2113.463  111612.624  113726.087 
                  p0               22    954.528   51171.731   52126.259 
                    p0              9    394.666   21637.511   22032.177 
                      p0            3    134.340    7356.195    7490.535 
                        ha0         1     47.565    1672.627    1720.192 
                        ha1         1     47.565    2791.658    2839.223 
                        fa0         1     39.210    2891.910    2931.120 
                      p1            3    134.340    7230.033    7364.373 
                        ha0         1     47.565    1768.117    1815.682 
                        ha1         1     47.565    2456.646    2504.211 
                        fa0         1     39.210    3005.269    3044.479 
                    p1              9    394.666   21395.201   21789.867 
                      p0            3    134.340    7492.721    7627.061 
                        ha0         1     47.565    1739.093    1786.658 
                        ha1         1     47.565    2754.386    2801.951 
                        fa0         1     39.210    2999.242    3038.452 
                      p1            3    134.340    7322.048    7456.388 
                        ha0         1     47.565    1808.630    1856.195 
                        ha1         1     47.565    2477.077    2524.642 
                        fa0         1     39.210    3036.341    3075.551 
                  p1               22    954.528   51106.586   52061.115 
                    p0              9    394.666   21885.595   22280.261 
                      p0            3    134.340    7441.046    7575.386 
                        ha0         1     47.565    1690.182    1737.747 
                        ha1         1     47.565    2821.830    2869.395 
                        fa0         1     39.210    2929.034    2968.245 
                      p1            3    134.340    7312.011    7446.351 
                        ha0         1     47.565    1786.153    1833.718 
                        ha1         1     47.565    2483.482    2531.047 
                        fa0         1     39.210    3042.375    3081.586 
                    p1              9    394.666   21508.931   21903.597 
                      p0            3    134.340    7542.012    7676.352 
                        ha0         1     47.565    1748.083    1795.648 
                        ha1         1     47.565    2769.699    2817.264 
                        fa0         1     39.210    3024.230    3063.440 
                      p1            3    134.340    7369.670    7504.010 
                        ha0         1     47.565    1817.619    1865.184 
                        ha1         1     47.565    2490.725    2538.289 
                        fa0         1     39.210    3061.327    3100.537 
                p1                 49   2113.463  111918.179  114031.642 
                  p0               22    954.528   51786.844   52741.372 
                    p0              9    394.666   21932.071   22326.737 
                      p0            3    134.340    7449.566    7583.906 
                        ha0         1     47.565    1698.702    1746.267 
                        ha1         1     47.565    2821.830    2869.395 
                        fa0         1     39.210    2929.034    2968.245 
                      p1            3    134.340    7321.055    7455.396 
                        ha0         1     47.565    1795.198    1842.763 
                        ha1         1     47.565    2483.482    2531.047 
                        fa0         1     39.210    3042.375    3081.586 
                    p1              9    394.666   21598.806   21993.472 
                      p0            3    134.340    7559.043    7693.383 
                        ha0         1     47.565    1765.114    1812.679 
                        ha1         1     47.565    2769.699    2817.264 
                        fa0         1     39.210    3024.230    3063.440 
                      p1            3    134.340    7387.765    7522.105 
                        ha0         1     47.565    1835.713    1883.278 
                        ha1         1     47.565    2490.725    2538.289 
                        fa0         1     39.210    3061.327    3100.537 
                  p1               22    954.528   51289.807   52244.335 
                    p0              9    394.666   21932.122   22326.788 
                      p0            3    134.340    7449.566    7583.906 
                        ha0         1     47.565    1698.702    1746.267 
                        ha1         1     47.565    2821.830    2869.395 
                        fa0         1     39.210    2929.034    2968.245 
                      p1            3    134.340    7321.107    7455.447 
                        ha0         1     47.565    1795.249    1842.814 
                        ha1         1     47.565    2483.482    2531.047 
                        fa0         1     39.210    3042.375    3081.586 
                    p1              9    394.666   21598.910   21993.576 
                      p0            3    134.340    7559.095    7693.435 
                        ha0         1     47.565    1765.166    1812.731 
                        ha1         1     47.565    2769.699    2817.264 
                        fa0         1     39.210    3024.230    3063.440 
                      p1            3    134.340    7387.817    7522.157 
                        ha0         1     47.565    1835.766    1883.331 
                        ha1         1     47.565    2490.725    2538.289 
                        fa0         1     39.210    3061.327    3100.537 
              p1                  104   4470.543  233096.564  237567.107 
                p0                 49   2113.463  111986.514  114099.977 
                  p0               22    954.528   51419.473   52374.002 
                    p0              9    394.666   21752.973   22147.639 
                      p0            3    134.340    7405.510    7539.851 
                        ha0         1     47.565    1681.663    1729.228 
                        ha1         1     47.565    2806.966    2854.531 
                        fa0         1     39.210    2916.881    2956.092 
                      p1            3    134.340    7277.695    7412.035 
                        ha0         1     47.565    1777.159    1824.723 
                        ha1         1     47.565    2470.292    2517.857 
                        fa0         1     39.210    3030.244    3069.454 
                    p1              9    394.666   21509.002   21903.668 
                      p0            3    134.340    7542.047    7676.388 
                        ha0         1     47.565    1748.134    1795.699 
                        ha1         1     47.565    2769.697    2817.262 
                        fa0         1     39.210    3024.216    3063.427 
                      p1            3    134.340    7369.707    7504.047 
                        ha0         1     47.565    1817.671    1865.236 
                        ha1         1     47.565    2490.722    2538.287 
                        fa0         1     39.210    3061.313    3100.524 
                  p1               22    954.528   51233.158   52187.686 
                    p0              9    394.666   22001.057   22395.723 
                      p0            3    134.340    7490.358    7624.698 
                        ha0         1     47.565    1699.217    1746.782 
                        ha1         1     47.565    2837.137    2884.702 
                        fa0         1     39.210    2954.003    2993.214 
                      p1            3    134.340    7359.677    7494.017 
                        ha0         1     47.565    1795.194    1842.759 
                        ha1         1     47.565    2497.130    2544.695 
                        fa0         1     39.210    3067.353    3106.563 
                    p1              9    394.666   21520.352   21915.018 
                      p0            3    134.340    7555.438    7689.778 
                        ha0         1     47.565    1748.084    1795.649 
                        ha1         1     47.565    2770.271    2817.836 
                        fa0         1     39.210    3037.083    3076.293 
                      p1            3    134.340    7383.095    7517.435 
                        ha0         1     47.565    1817.620    1865.185 
                        ha1         1     47.565    2491.297    2538.862 
                        fa0         1     39.210    3074.177    3113.388 
                p1                 49   2113.463  112156.241  114269.704 
                  p0               22    954.528   51913.408   52867.937 
                    p0              9    394.666   22047.535   22442.201 
                      p0            3    134.340    7498.877    7633.217 
                        ha0         1     47.565    1707.736    1755.301 
                        ha1         1     47.565    2837.137    2884.702 
                        fa0         1     39.210    2954.003    2993.214 
                      p1            3    134.340    7368.721    7503.062 
                        ha0         1     47.565    1804.238    1851.803 
                        ha1         1     47.565    2497.130    2544.695 
                        fa0         1     39.210    3067.353    3106.563 
                    p1              9    394.666   21610.222   22004.888 
                      p0            3    134.340    7572.469    7706.809 
                        ha0         1     47.565    1765.115    1812.680 
                        ha1         1     47.565    2770.271    2817.836 
                        fa0         1     39.210    3037.083    3076.293 
                      p1            3    134.340    7401.189    7535.529 
                        ha0         1     47.565    1835.715    1883.279 
                        ha1         1     47.565    2491.297    2538.862 
                        fa0         1     39.210    3074.177    3113.388 
                  p1               22    954.528   51416.372   52370.900 
                    p0              9    394.666   22047.586   22442.252 
                      p0            3    134.340    7498.877    7633.217 
                        ha0         1     47.565    1707.736    1755.301 
                        ha1         1     47.565    2837.137    2884.702 
                        fa0         1     39.210    2954.003    2993.214 
                      p1            3    134.340    7368.773    7503.113 
                        ha0         1     47.565    1804.290    1851.855 
                        ha1         1     47.565    2497.130    2544.695 
                        fa0         1     39.210    3067.353    3106.563 
                    p1              9    394.666   21610.326   22004.992 
                      p0            3    134.340    7572.521    7706.861 
                        ha0         1     47.565    1765.167    1812.732 
                        ha1         1     47.565    2770.271    2817.836 
                        fa0         1     39.210    3037.083    3076.293 
                      p1            3    134.340    7401.242    7535.582 
                        ha0         1     47.565    1835.767    1883.332 
                        ha1         1     47.565    2491.297    2538.862 
                        fa0         1     39.210    3074.177    3113.388 
            p1                    215   9223.914  474823.135  484047.048 
              p0                  104   4470.543  233651.327  238121.870 
                p0                 49   2113.463  111986.514  114099.977 
                  p0               22    954.528   51419.473   52374.002 
                    p0              9    394.666   21752.973   22147.639 
                      p0            3    134.340    7405.510    7539.851 
                        ha0         1     47.565    1681.663    1729.228 
                        ha1         1     47.565    2806.966    2854.531 
                        fa0         1     39.210    2916.881    2956.092 
                      p1            3    134.340    7277.695    7412.035 
                        ha0         1     47.565    1777.159    1824.723 
                        ha1         1     47.565    2470.292    2517.857 
                        fa0         1     39.210    3030.244    3069.454 
                    p1              9    394.666   21509.002   21903.668 
                      p0            3    134.340    7542.047    7676.388 
                        ha0         1     47.565    1748.134    1795.699 
                        ha1         1     47.565    2769.697    2817.262 
                        fa0         1     39.210    3024.216    3063.427 
                      p1            3    134.340    7369.707    7504.047 
                        ha0         1     47.565    1817.671    1865.236 
                        ha1         1     47.565    2490.722    2538.287 
                        fa0         1     39.210    3061.313    3100.524 
                  p1               22    954.528   51233.158   52187.686 
                    p0              9    394.666   22001.057   22395.723 
                      p0            3    134.340    7490.358    7624.698 
                        ha0         1     47.565    1699.217    1746.782 
                        ha1         1     47.565    2837.137    2884.702 
                        fa0         1     39.210    2954.003    2993.214 
                      p1            3    134.340    7359.677    7494.017 
                        ha0         1     47.565    1795.194    1842.759 
                        ha1         1     47.565    2497.130    2544.695 
                        fa0         1     39.210    3067.353    3106.563 
                    p1              9    394.666   21520.352   21915.018 
                      p0            3    134.340    7555.438    7689.778 
                        ha0         1     47.565    1748.084    1795.649 
                        ha1         1     47.565    2770.271    2817.836 
                        fa0         1     39.210    3037.083    3076.293 
                      p1            3    134.340    7383.095    7517.435 
                        ha0         1     47.565    1817.620    1865.185 
                        ha1         1     47.565    2491.297    2538.862 
                        fa0         1     39.210    3074.177    3113.388 
                p1                 49   2113.463  112156.241  114269.704 
                  p0               22    954.528   51913.408   52867.937 
                    p0              9    394.666   22047.535   22442.201 
                      p0            3    134.340    7498.877    7633.217 
                        ha0         1     47.565    1707.736    1755.301 
                        ha1         1     47.565    2837.137    2884.702 
                        fa0         1     39.210    2954.003    2993.214 
                      p1            3    134.340    7368.721    7503.062 
                        ha0         1     47.565    1804.238    1851.803 
                        ha1         1     47.565    2497.130    2544.695 
                        fa0         1     39.210    3067.353    3106.563 
                    p1              9    394.666   21610.222   22004.888 
                      p0            3    134.340    7572.469    7706.809 
                        ha0         1     47.565    1765.115    1812.680 
                        ha1         1     47.565    2770.271    2817.836 
                        fa0         1     39.210    3037.083    3076.293 
                      p1            3    134.340    7401.189    7535.529 
                        ha0         1     47.565    1835.715    1883.279 
                        ha1         1     47.565    2491.297    2538.862 
                        fa0         1     39.210    3074.177    3113.388 
                  p1               22    954.528   51416.372   52370.900 
                    p0              9    394.666   22047.586   22442.252 
                      p0            3    134.340    7498.877    7633.217 
                        ha0         1     47.565    1707.736    1755.301 
                        ha1         1     47.565    2837.137    2884.702 
                        fa0         1     39.210    2954.003    2993.214 
                      p1            3    134.340    7368.773    7503.113 
                        ha0         1     47.565    1804.290    1851.855 
                        ha1         1     47.565    2497.130    2544.695 
                        fa0         1     39.210    3067.353    3106.563 
                    p1              9    394.666   21610.326   22004.992 
                      p0            3    134.340    7572.521    7706.861 
                        ha0         1     47.565    1765.167    1812.732 
                        ha1         1     47.565    2770.271    2817.836 
                        fa0         1     39.210    3037.083    3076.293 
                      p1            3    134.340    7401.242    7535.582 
                        ha0         1     47.565    1835.767    1883.332 
                        ha1         1     47.565    2491.297    2538.862 
                        fa0         1     39.210    3074.177    3113.388 
              p1                  104   4470.543  232056.663  236527.207 
                p0                 49   2113.463  111474.131  113587.594 
                  p0               22    954.528   51171.683   52126.211 
                    p0              9    394.666   21637.490   22032.156 
                      p0            3    134.340    7356.187    7490.527 
                        ha0         1     47.565    1672.628    1720.193 
                        ha1         1     47.565    2791.659    2839.224 
                        fa0         1     39.210    2891.900    2931.110 
                      p1            3    134.340    7230.020    7364.360 
                        ha0         1     47.565    1768.119    1815.684 
                        ha1         1     47.565    2456.647    2504.212 
                        fa0         1     39.210    3005.254    3044.465 
                    p1              9    394.666   21395.175   21789.841 
                      p0            3    134.340    7492.710    7627.051 
                        ha0         1     47.565    1739.094    1786.659 
                        ha1         1     47.565    2754.387    2801.952 
                        fa0         1     39.210    2999.230    3038.440 
                      p1            3    134.340    7322.035    7456.375 
                        ha0         1     47.565    1808.631    1856.196 
                        ha1         1     47.565    2477.078    2524.643 
                        fa0         1     39.210    3036.326    3075.537 
                  p1               22    954.528   50987.047   51941.575 
                    p0              9    394.666   21885.579   22280.245 
                      p0            3    134.340    7441.035    7575.376 
                        ha0         1     47.565    1690.183    1737.748 
                        ha1         1     47.565    2821.831    2869.396 
                        fa0         1     39.210    2929.022    2968.232 
                      p1            3    134.340    7312.007    7446.347 
                        ha0         1     47.565    1786.155    1833.719 
                        ha1         1     47.565    2483.485    2531.050 
                        fa0         1     39.210    3042.367    3081.578 
                    p1              9    394.666   21406.535   21801.201 
                      p0            3    134.340    7506.102    7640.442 
                        ha0         1     47.565    1739.044    1786.609 
                        ha1         1     47.565    2754.962    2802.527 
                        fa0         1     39.210    3012.096    3051.306 
                      p1            3    134.340    7335.426    7469.767 
                        ha0         1     47.565    1808.580    1856.145 
                        ha1         1     47.565    2477.653    2525.218 
                        fa0         1     39.210    3049.193    3088.403 
                p1                 49   2113.463  111645.543  113759.006 
                  p0               22    954.528   51665.635   52620.163 
                    p0              9    394.666   21932.057   22326.723 
                      p0            3    134.340    7449.555    7583.896 
                        ha0         1     47.565    1698.703    1746.268 
                        ha1         1     47.565    2821.831    2869.396 
                        fa0         1     39.210    2929.022    2968.232 
                      p1            3    134.340    7321.052    7455.392 
                        ha0         1     47.565    1795.199    1842.764 
                        ha1         1     47.565    2483.485    2531.050 
                        fa0         1     39.210    3042.367    3081.578 
                    p1              9    394.666   21496.406   21891.072 
                      p0            3    134.340    7523.134    7657.474 
                        ha0         1     47.565    1756.076    1803.641 
                        ha1         1     47.565    2754.962    2802.527 
                        fa0         1     39.210    3012.096    3051.306 
                      p1            3    134.340    7353.522    7487.862 
                        ha0         1     47.565    1826.676    1874.241 
                        ha1         1     47.565    2477.653    2525.218 
                        fa0         1     39.210    3049.193    3088.403 
                  p1               22    954.528   51170.263   52124.791 
                    p0              9    394.666   21932.108   22326.774 
                      p0            3    134.340    7449.555    7583.896 
                        ha0         1     47.565    1698.703    1746.268 
                        ha1         1     47.565    2821.831    2869.396 
                        fa0         1     39.210    2929.022    2968.232 
                      p1            3    134.340    7321.103    7455.443 
                        ha0         1     47.565    1795.251    1842.815 
                        ha1         1     47.565    2483.485    2531.050 
                        fa0         1     39.210    3042.367    3081.578 
                    p1              9    394.666   21496.510   21891.176 
                      p0            3    134.340    7523.185    7657.525 
                        ha0         1     47.565    1756.127    1803.692 
                        ha1         1     47.565    2754.962    2802.527 
                        fa0         1     39.210    3012.096    3051.306 
                      p1            3    134.340    7353.574    7487.914 
                        ha0         1     47.565    1826.728    1874.293 
                        ha1         1     47.565    2477.653    2525.218 
                        fa0         1     39.210    3049.193    3088.403 
        p1                        885  37900.978 1929291.091 1967192.068 
          p0                      438  18769.865  960320.525  979090.390 
            p0                    215   9223.914  475787.947  485011.860 
              p0                  104   4470.543  233021.128  237491.671 
                p0                 49   2113.463  111612.624  113726.087 
                  p0               22    954.528   51171.731   52126.259 
                    p0              9    394.666   21637.511   22032.177 
                      p0            3    134.340    7356.195    7490.535 
                        ha0         1     47.565    1672.627    1720.192 
                        ha1         1     47.565    2791.658    2839.223 
                        fa0         1     39.210    2891.910    2931.120 
                      p1            3    134.340    7230.033    7364.373 
                        ha0         1     47.565    1768.117    1815.682 
                        ha1         1     47.565    2456.646    2504.211 
                        fa0         1     39.210    3005.269    3044.479 
                    p1              9    394.666   21395.201   21789.867 
                      p0            3    134.340    7492.721    7627.061 
                        ha0         1     47.565    1739.093    1786.658 
                        ha1         1     47.565    2754.386    2801.951 
                        fa0         1     39.210    2999.242    3038.452 
                      p1            3    134.340    7322.048    7456.388 
                        ha0         1     47.565    1808.630    1856.195 
                        ha1         1     47.565    2477.077    2524.642 
                        fa0         1     39.210    3036.341    3075.551 
                  p1               22    954.528   51106.586   52061.115 
                    p0              9    394.666   21885.595   22280.261 
                      p0            3    134.340    7441.046    7575.386 
                        ha0         1     47.565    1690.182    1737.747 
                        ha1         1     47.565    2821.830    2869.395 
                        fa0         1     39.210    2929.034    2968.245 
                      p1            3    134.340    7312.011    7446.351 
                        ha0         1     47.565    1786.153    1833.718 
                        ha1         1     47.565    2483.482    2531.047 
                        fa0         1     39.210    3042.375    3081.586 
                    p1              9    394.666   21508.931   21903.597 
                      p0            3    134.340    7542.012    7676.352 
                        ha0         1     47.565    1748.083    1795.648 
                        ha1         1     47.565    2769.699    2817.264 
                        fa0         1     39.210    3024.230    3063.440 
                      p1            3    134.340    7369.670    7504.010 
                        ha0         1     47.565    1817.619    1865.184 
                        ha1         1     47.565    2490.725    2538.289 
                        fa0         1     39.210    3061.327    3100.537 
                p1                 49   2113.463  111918.179  114031.642 
                  p0               22    954.528   51786.844   52741.372 
                    p0              9    394.666   21932.071   22326.737 
                      p0            3    134.340    7449.566    7583.906 
                        ha0         1     47.565    1698.702    1746.267 
                        ha1         1     47.565    2821.830    2869.395 
                        fa0         1     39.210    2929.034    2968.245 
                      p1            3    134.340    7321.055    7455.396 
                        ha0         1     47.565    1795.198    1842.763 
                        ha1         1     47.565    2483.482    2531.047 
                        fa0         1     39.210    3042.375    3081.586 
                    p1              9    394.666   21598.806   21993.472 
                      p0            3    134.340    7559.043    7693.383 
                        ha0         1     47.565    1765.114    1812.679 
                        ha1         1     47.565    2769.699    2817.264 
                        fa0         1     39.210    3024.230    3063.440 
                      p1            3    134.340    7387.765    7522.105 
                        ha0         1     47.565    1835.713    1883.278 
                        ha1         1     47.565    2490.725    2538.289 
                        fa0         1     39.210    3061.327    3100.537 
                  p1               22    954.528   51289.807   52244.335 
                    p0              9    394.666   21932.122   22326.788 
                      p0            3    134.340    7449.566    7583.906 
                        ha0         1     47.565    1698.702    1746.267 
                        ha1         1     47.565    2821.830    2869.395 
                        fa0         1     39.210    2929.034    2968.245 
                      p1            3    134.340    7321.107    7455.447 
                        ha0         1     47.565    1795.249    1842.814 
                        ha1         1     47.565    2483.482    2531.047 
                        fa0         1     39.210    3042.375    3081.586 
                    p1              9    394.666   21598.910   21993.576 
                      p0            3    134.340    7559.095    7693.435 
                        ha0         1     47.565    1765.166    1812.731 
                        ha1         1     47.565    2769.699    2817.264 
                        fa0         1     39.210    3024.230    3063.440 
                      p1            3    134.340    7387.817    7522.157 
                        ha0         1     47.565    1835.766    1883.331 
                        ha1         1     47.565    2490.725    2538.289 
                        fa0         1     39.210    3061.327    3100.537 
              p1                  104   4470.543  233096.564  237567.107 
                p0                 49   2113.463  111986.514  114099.977 
                  p0               22    954.528   51419.473   52374.002 
                    p0              9    394.666   21752.973   22147.639 
                      p0            3    134.340    7405.510    7539.851 
                        ha0         1     47.565    1681.663    1729.228 
                        ha1         1     47.565    2806.966    2854.531 
                        fa0         1     39.210    2916.881    2956.092 
                      p1            3    134.340    7277.695    7412.035 
                        ha0         1     47.565    1777.159    1824.723 
                        ha1         1     47.565    2470.292    2517.857 
                        fa0         1     39.210    3030.244    3069.454 
                    p1              9    394.666   21509.002   21903.668 
                      p0            3    134.340    7542.047    7676.388 
                        ha0         1     47.565    1748.134    1795.699 
                        ha1         1     47.565    2769.697    2817.262 
                        fa0         1     39.210    3024.216    3063.427 
                      p1            3    134.340    7369.707    7504.047 
                        ha0         1     47.565    1817.671    1865.236 
                        ha1         1     47.565    2490.722    2538.287 
                        fa0         1     39.210    3061.313    3100.524 
                  p1               22    954.528   51233.158   52187.686 
                    p0              9    394.666   22001.057   22395.723 
                      p0            3    134.340    7490.358    7624.698 
                        ha0         1     47.565    1699.217    1746.782 
                        ha1         1     47.565    2837.137    2884.702 
                        fa0         1     39.210    2954.003    2993.214 
                      p1            3    134.340    7359.677    7494.017 
                        ha0         1     47.565    1795.194    1842.759 
                        ha1         1     47.565    2497.130    2544.695 
                        fa0         1     39.210    3067.353    3106.563 
                    p1              9    394.666   21520.352   21915.018 
                      p0            3    134.340    7555.438    7689.778 
                        ha0         1     47.565    1748.084    1795.649 
                        ha1         1     47.565    2770.271    2817.836 
                        fa0         1     39.210    3037.083    3076.293 
                      p1            3    134.340    7383.095    7517.435 
                        ha0         1     47.565    1817.620    1865.185 
                        ha1         1     47.565    2491.297    2538.862 
                        fa0         1     39.210    3074.177    3113.388 
                p1                 49   2113.463  112156.241  114269.704 
                  p0               22    954.528   51913.408   52867.937 
                    p0              9    394.666   22047.535   22442.201 
                      p0            3    134.340    7498.877    7633.217 
                        ha0         1     47.565    1707.736    1755.301 
                        ha1         1     47.565    2837.137    2884.702 
                        fa0         1     39.210    2954.003    2993.214 
                      p1            3    134.340    7368.721    7503.062 
                        ha0         1     47.565    1804.238    1851.803 
                        ha1         1     47.565    2497.130    2544.695 
                        fa0         1     39.210    3067.353    3106.563 
                    p1              9    394.666   21610.222   22004.888 
                      p0            3    134.340    7572.469    7706.809 
                        ha0         1     47.565    1765.115    1812.680 
                        ha1         1     47.565    2770.271    2817.836 
                        fa0         1     39.210    3037.083    3076.293 
                      p1            3    134.340    7401.189    7535.529 
                        ha0         1     47.565    1835.715    1883.279 
                        ha1         1     47.565    2491.297    2538.862 
                        fa0         1     39.210    3074.177    3113.388 
                  p1               22    954.528   51416.372   52370.900 
                    p0              9    394.666   22047.586   22442.252 
                      p0            3    134.340    7498.877    7633.217 
                        ha0         1     47.565    1707.736    1755.301 
                        ha1         1     47.565    2837.137    2884.702 
                        fa0         1     39.210    2954.003    2993.214 
                      p1            3    134.340    7368.773    7503.113 
                        ha0         1     47.565    1804.290    1851.855 
                        ha1         1     47.565    2497.130    2544.695 
                        fa0         1     39.210    3067.353    3106.563 
                    p1              9    394.666   21610.326   22004.992 
                      p0            3    134.340    7572.521    7706.861 
                        ha0         1     47.565    1765.167    1812.732 
                        ha1         1     47.565    2770.271    2817.836 
                        fa0         1     39.210    3037.083    3076.293 
                      p1            3    134.340    7401.242    7535.582 
                        ha0         1     47.565    1835.767    1883.332 
                        ha1         1     47.565    2491.297    2538.862 
                        fa0         1     39.210    3074.177    3113.388 
            p1                    215   9223.914  474823.135  484047.048 
              p0                  104   4470.543  233651.327  238121.870 
                p0                 49   2113.463  111986.514  114099.977 
                  p0               22    954.528   51419.473   52374.002 
                    p0              9    394.666   21752.973   22147.639 
                      p0            3    134.340    7405.510    7539.851 
                        ha0         1     47.565    1681.663    1729.228 
                        ha1         1     47.565    2806.966    2854.531 
                        fa0         1     39.210    2916.881    2956.092 
                      p1            3    134.340    7277.695    7412.035 
                        ha0         1     47.565    1777.159    1824.723 
                        ha1         1     47.565    2470.292    2517.857 
                        fa0         1     39.210    3030.244    3069.454 
                    p1              9    394.666   21509.002   21903.668 
                      p0            3    134.340    7542.047    7676.388 
                        ha0         1     47.565    1748.134    1795.699 
                        ha1         1     47.565    2769.697    2817.262 
                        fa0         1     39.210    3024.216    3063.427 
                      p1            3    134.340    7369.707    7504.047 
                        ha0         1     47.565    1817.671    1865.236 
                        ha1         1     47.565    2490.722    2538.287 
                        fa0         1     39.210    3061.313    3100.524 
                  p1               22    954.528   51233.158   52187.686 
                    p0              9    394.666   22001.057   22395.723 
                      p0            3    134.340    7490.358    7624.698 
                        ha0         1     47.565    1699.217    1746.782 
                        ha1         1     47.565    2837.137    2884.702 
                        fa0         1     39.210    2954.003    2993.214 
                      p1            3    134.340    7359.677    7494.017 
                        ha0         1     47.565    1795.194    1842.759 
                        ha1         1     47.565    2497.130    2544.695 
                        fa0         1     39.210    3067.353    3106.563 
                    p1              9    394.666   21520.352   21915.018 
                      p0            3    134.340    7555.438    7689.778 
                        ha0         1     47.565    1748.084    1795.649 
                        ha1         1     47.565    2770.271    2817.836 
                        fa0         1     39.210    3037.083    3076.293 
                      p1            3    134.340    7383.095    7517.435 
                        ha0         1     47.565    1817.620    1865.185 
                        ha1         1     47.565    2491.297    2538.862 
                        fa0         1     39.210    3074.177    3113.388 
                p1                 49   2113.463  112156.241  114269.704 
                  p0               22    954.528   51913.408   52867.937 
                    p0              9    394.666   22047.535   22442.201 
                      p0            3    134.340    7498.877    7633.217 
                        ha0         1     47.565    1707.736    1755.301 
                        ha1         1     47.565    2837.137    2884.702 
                        fa0         1     39.210    2954.003    2993.214 
                      p1            3    134.340    7368.721    7503.062 
                        ha0         1     47.565    1804.238    1851.803 
                        ha1         1     47.565    2497.130    2544.695 
                        fa0         1     39.210    3067.353    3106.563 
                    p1              9    394.666   21610.222   22004.888 
                      p0            3    134.340    7572.469    7706.809 
                        ha0         1     47.565    1765.115    1812.680 
                        ha1         1     47.565    2770.271    2817.836 
                        fa0         1     39.210    3037.083    3076.293 
                      p1            3    134.340    7401.189    7535.529 
                        ha0         1     47.565    1835.715    1883.279 
                        ha1         1     47.565    2491.297    2538.862 
                        fa0         1     39.210    3074.177    3113.388 
                  p1               22    954.528   51416.372   52370.900 
                    p0              9    394.666   22047.586   22442.252 
                      p0            3    134.340    7498.877    7633.217 
                        ha0         1     47.565    1707.736    1755.301 
                        ha1         1     47.565    2837.137    2884.702 
                        fa0         1     39.210    2954.003    2993.214 
                      p1            3    134.340    7368.773    7503.113 
                        ha0         1     47.565    1804.290    1851.855 
                        ha1         1     47.565    2497.130    2544.695 
                        fa0         1     39.210    3067.353    3106.563 
                    p1              9    394.666   21610.326   22004.992 
                      p0            3    134.340    7572.521    7706.861 
                        ha0         1     47.565    1765.167    1812.732 
                        ha1         1     47.565    2770.271    2817.836 
                        fa0         1     39.210    3037.083    3076.293 
                      p1            3    134.340    7401.242    7535.582 
                        ha0         1     47.565    1835.767    1883.332 
                        ha1         1     47.565    2491.297    2538.862 
                        fa0         1     39.210    3074.177    3113.388 
              p1                  104   4470.543  232056.663  236527.207 
                p0                 49   2113.463  111474.131  113587.594 
                  p0               22    954.528   51171.683   52126.211 
                    p0              9    394.666   21637.490   22032.156 
                      p0            3    134.340    7356.187    7490.527 
                        ha0         1     47.565    1672.628    1720.193 
                        ha1         1     47.565    2791.659    2839.224 
                        fa0         1     39.210    2891.900    2931.110 
                      p1            3    134.340    7230.020    7364.360 
                        ha0         1     47.565    1768.119    1815.684 
                        ha1         1     47.565    2456.647    2504.212 
                        fa0         1     39.210    3005.254    3044.465 
                    p1              9    394.666   21395.175   21789.841 
                      p0            3    134.340    7492.710    7627.051 
                        ha0         1     47.565    1739.094    1786.659 
                        ha1         1     47.565    2754.387    2801.952 
                        fa0         1     39.210    2999.230    3038.440 
                      p1            3    134.340    7322.035    7456.375 
                        ha0         1     47.565    1808.631    1856.196 
                        ha1         1     47.565    2477.078    2524.643 
                        fa0         1     39.210    3036.326    3075.537 
                  p1               22    954.528   50987.047   51941.575 
                    p0              9    394.666   21885.579   22280.245 
                      p0            3    134.340    7441.035    7575.376 
                        ha0         1     47.565    1690.183    1737.748 
                        ha1         1     47.565    2821.831    2869.396 
                        fa0         1     39.210    2929.022    2968.232 
                      p1            3    134.340    7312.007    7446.347 
                        ha0         1     47.565    1786.155    1833.719 
                        ha1         1     47.565    2483.485    2531.050 
                        fa0         1     39.210    3042.367    3081.578 
                    p1              9    394.666   21406.535   21801.201 
                      p0            3    134.340    7506.102    7640.442 
                        ha0         1     47.565    1739.044    1786.609 
                        ha1         1     47.565    2754.962    2802.527 
                        fa0         1     39.210    3012.096    3051.306 
                      p1            3    134.340    7335.426    7469.767 
                        ha0         1     47.565    1808.580    1856.145 
                        ha1         1     47.565    2477.653    2525.218 
                        fa0         1     39.210    3049.193    3088.403 
                p1                 49   2113.463  111645.543  113759.006 
                  p0               22    954.528   51665.635   52620.163 
                    p0              9    394.666   21932.057   22326.723 
                      p0            3    134.340    7449.555    7583.896 
                        ha0         1     47.565    1698.703    1746.268 
                        ha1         1     47.565    2821.831    2869.396 
                        fa0         1     39.210    2929.022    2968.232 
                      p1            3    134.340    7321.052    7455.392 
                        ha0         1     47.565    1795.199    1842.764 
                        ha1         1     47.565    2483.485    2531.050 
                        fa0         1     39.210    3042.367    3081.578 
                    p1              9    394.666   21496.406   21891.072 
                      p0            3    134.340    7523.134    7657.474 
                        ha0         1     47.565    1756.076    1803.641 
                        ha1         1     47.565    2754.962    2802.527 
                        fa0         1     39.210    3012.096    3051.306 
                      p1            3    134.340    7353.522    7487.862 
                        ha0         1     47.565    1826.676    1874.241 
                        ha1         1     47.565    2477.653    2525.218 
                        fa0         1     39.210    3049.193    3088.403 
                  p1               22    954.528   51170.263   52124.791 
                    p0              9    394.666   21932.108   22326.774 
                      p0            3    134.340    7449.555    7583.896 
                        ha0         1     47.565    1698.703    1746.268 
                        ha1         1     47.565    2821.831    2869.396 
                        fa0         1     39.210    2929.022    2968.232 
                      p1            3    134.340    7321.103    7455.443 
                        ha0         1     47.565    1795.251    1842.815 
                        ha1         1     47.565    2483.485    2531.050 
                        fa0         1     39.210    3042.367    3081.578 
                    p1              9    394.666   21496.510   21891.176 
                      p0            3    134.340    7523.185    7657.525 
                        ha0         1     47.565    1756.127    1803.692 
                        ha1         1     47.565    2754.962    2802.527 
                        fa0         1     39.210    3012.096    3051.306 
                      p1            3    134.340    7353.574    7487.914 
                        ha0         1     47.565    1826.728    1874.293 
                        ha1         1     47.565    2477.653    2525.218 
                        fa0         1     39.210    3049.193    3088.403 
          p1                      438  18769.865  959760.468  978530.333 
            p0                    215   9223.914  475787.947  485011.860 
              p0                  104   4470.543  233021.128  237491.671 
                p0                 49   2113.463  111612.624  113726.087 
                  p0               22    954.528   51171.731   52126.259 
                    p0              9    394.666   21637.511   22032.177 
                      p0            3    134.340    7356.195    7490.535 
                        ha0         1     47.565    1672.627    1720.192 
                        ha1         1     47.565    2791.658    2839.223 
                        fa0         1     39.210    2891.910    2931.120 
                      p1            3    134.340    7230.033    7364.373 
                        ha0         1     47.565    1768.117    1815.682 
                        ha1         1     47.565    2456.646    2504.211 
                        fa0         1     39.210    3005.269    3044.479 
                    p1              9    394.666   21395.201   21789.867 
                      p0            3    134.340    7492.721    7627.061 
                        ha0         1     47.565    1739.093    1786.658 
                        ha1         1     47.565    2754.386    2801.951 
                        fa0         1     39.210    2999.242    3038.452 
                      p1            3    134.340    7322.048    7456.388 
                        ha0         1     47.565    1808.630    1856.195 
                        ha1         1     47.565    2477.077    2524.642 
                        fa0         1     39.210    3036.341    3075.551 
                  p1               22    954.528   51106.586   52061.115 
                    p0              9    394.666   21885.595   22280.261 
                      p0            3    134.340    7441.046    7575.386 
                        ha0         1     47.565    1690.182    1737.747 
                        ha1         1     47.565    2821.830    2869.395 
                        fa0         1     39.210    2929.034    2968.245 
                      p1            3    134.340    7312.011    7446.351 
                        ha0         1     47.565    1786.153    1833.718 
                        ha1         1     47.565    2483.482    2531.047 
                        fa0         1     39.210    3042.375    3081.586 
                    p1              9    394.666   21508.931   21903.597 
                      p0            3    134.340    7542.012    7676.352 
                        ha0         1     47.565    1748.083    1795.648 
                        ha1         1     47.565    2769.699    2817.264 
                        fa0         1     39.210    3024.230    3063.440 
                      p1            3    134.340    7369.670    7504.010 
                        ha0         1     47.565    1817.619    1865.184 
                        ha1         1     47.565    2490.725    2538.289 
                        fa0         1     39.210    3061.327    3100.537 
                p1                 49   2113.463  111918.179  114031.642 
                  p0               22    954.528   51786.844   52741.372 
                    p0              9    394.666   21932.071   22326.737 
                      p0            3    134.340    7449.566    7583.906 
                        ha0         1     47.565    1698.702    1746.267 
                        ha1         1     47.565    2821.830    2869.395 
                        fa0         1     39.210    2929.034    2968.245 
                      p1            3    134.340    7321.055    7455.396 
                        ha0         1     47.565    1795.198    1842.763 
                        ha1         1     47.565    2483.482    2531.047 
                        fa0         1     39.210    3042.375    3081.586 
                    p1              9    394.666   21598.806   21993.472 
                      p0            3    134.340    7559.043    7693.383 
                        ha0         1     47.565    1765.114    1812.679 
                        ha1         1     47.565    2769.699    2817.264 
                        fa0         1     39.210    3024.230    3063.440 
                      p1            3    134.340    7387.765    7522.105 
                        ha0         1     47.565    1835.713    1883.278 
                        ha1         1     47.565    2490.725    2538.289 
                        fa0         1     39.210    3061.327    3100.537 
                  p1               22    954.528   51289.807   52244.335 
                    p0              9    394.666   21932.122   22326.788 
                      p0            3    134.340    7449.566    7583.906 
                        ha0         1     47.565    1698.702    1746.267 
                        ha1         1     47.565    2821.830    2869.395 
                        fa0         1     39.210    2929.034    2968.245 
                      p1            3    134.340    7321.107    7455.447 
                        ha0         1     47.565    1795.249    1842.814 
                        ha1         1     47.565    2483.482    2531.047 
                        fa0         1     39.210    3042.375    3081.586 
                    p1              9    394.666   21598.910   21993.576 
                      p0            3    134.340    7559.095    7693.435 
                        ha0         1     47.565    1765.166    1812.731 
                        ha1         1     47.565    2769.699    2817.264 
                        fa0         1     39.210    3024.230    3063.440 
                      p1            3    134.340    7387.817    7522.157 
                        ha0         1     47.565    1835.766    1883.331 
                        ha1         1     47.565    2490.725    2538.289 
                        fa0         1     39.210    3061.327    3100.537 
              p1                  104   4470.543  233096.564  237567.107 
                p0                 49   2113.463  111986.514  114099.977 
                  p0               22    954.528   51419.473   52374.002 
                    p0              9    394.666   21752.973   22147.639 
                      p0            3    134.340    7405.510    7539.851 
                        ha0         1     47.565    1681.663    1729.228 
                        ha1         1     47.565    2806.966    2854.531 
                        fa0         1     39.210    2916.881    2956.092 
                      p1            3    134.340    7277.695    7412.035 
                        ha0         1     47.565    1777.159    1824.723 
                        ha1         1     47.565    2470.292    2517.857 
                        fa0         1     39.210    3030.244    3069.454 
                    p1              9    394.666   21509.002   21903.668 
                      p0            3    134.340    7542.047    7676.388 
                        ha0         1     47.565    1748.134    1795.699 
                        ha1         1     47.565    2769.697    2817.262 
                        fa0         1     39.210    3024.216    3063.427 
                      p1            3    134.340    7369.707    7504.047 
                        ha0         1     47.565    1817.671    1865.236 
                        ha1         1     47.565    2490.722    2538.287 
                        fa0         1     39.210    3061.313    3100.524 
                  p1               22    954.528   51233.158   52187.686 
                    p0              9    394.666   22001.057   22395.723 
                      p0            3    134.340    7490.358    7624.698 
                        ha0         1     47.565    1699.217    1746.782 
                        ha1         1     47.565    2837.137    2884.702 
                        fa0         1     39.210    2954.003    2993.214 
                      p1            3    134.340    7359.677    7494.017 
                        ha0         1     47.565    1795.194    1842.759 
                        ha1         1     47.565    2497.130    2544.695 
                        fa0         1     39.210    3067.353    3106.563 
                    p1              9    394.666   21520.352   21915.018 
                      p0            3    134.340    7555.438    7689.778 
                        ha0         1     47.565    1748.084    1795.649 
                        ha1         1     47.565    2770.271    2817.836 
                        fa0         1     39.210    3037.083    3076.293 
                      p1            3    134.340    7383.095    7517.435 
                        ha0         1     47.565    1817.620    1865.185 
                        ha1         1     47.565    2491.297    2538.862 
                        fa0         1     39.210    3074.177    3113.388 
                p1                 49   2113.463  112156.241  114269.704 
                  p0               22    954.528   51913.408   52867.937 
                    p0              9    394.666   22047.535   22442.201 
                      p0            3    134.340    7498.877    7633.217 
                        ha0         1     47.565    1707.736    1755.301 
                        ha1         1     47.565    2837.137    2884.702 
                        fa0         1     39.210    2954.003    2993.214 
                      p1            3    134.340    7368.721    7503.062 
                        ha0         1     47.565    1804.238    1851.803 
                        ha1         1     47.565    2497.130    2544.695 
                        fa0         1     39.210    3067.353    3106.563 
                    p1              9    394.666   21610.222   22004.888 
                      p0            3    134.340    7572.469    7706.809 
                        ha0         1     47.565    1765.115    1812.680 
                        ha1         1     47.565    2770.271    2817.836 
                        fa0         1     39.210    3037.083    3076.293 
                      p1            3    134.340    7401.189    7535.529 
                        ha0         1     47.565    1835.715    1883.279 
                        ha1         1     47.565    2491.297    2538.862 
                        fa0         1     39.210    3074.177    3113.388 
                  p1               22    954.528   51416.372   52370.900 
                    p0              9    394.666   22047.586   22442.252 
                      p0            3    134.340    7498.877    7633.217 
                        ha0         1     47.565    1707.736    1755.301 
                        ha1         1     47.565    2837.137    2884.702 
                        fa0         1     39.210    2954.003    2993.214 
                      p1            3    134.340    7368.773    7503.113 
                        ha0         1     47.565    1804.290    1851.855 
                        ha1         1     47.565    2497.130    2544.695 
                        fa0         1     39.210    3067.353    3106.563 
                    p1              9    394.666   21610.326   22004.992 
                      p0            3    134.340    7572.521    7706.861 
                        ha0         1     47.565    1765.167    1812.732 
                        ha1         1     47.565    2770.271    2817.836 
                        fa0         1     39.210    3037.083    3076.293 
                      p1            3    134.340    7401.242    7535.582 
                        ha0         1     47.565    1835.767    1883.332 
                        ha1         1     47.565    2491.297    2538.862 
                        fa0         1     39.210    3074.177    3113.388 
            p1                    215   9223.914  474823.135  484047.048 
              p0                  104   4470.543  233651.327  238121.870 
                p0                 49   2113.463  111986.514  114099.977 
                  p0               22    954.528   51419.473   52374.002 
                    p0              9    394.666   21752.973   22147.639 
                      p0            3    134.340    7405.510    7539.851 
                        ha0         1     47.565    1681.663    1729.228 
                        ha1         1     47.565    2806.966    2854.531 
                        fa0         1     39.210    2916.881    2956.092 
                      p1            3    134.340    7277.695    7412.035 
                        ha0         1     47.565    1777.159    1824.723 
                        ha1         1     47.565    2470.292    2517.857 
                        fa0         1     39.210    3030.244    3069.454 
                    p1              9    394.666   21509.002   21903.668 
                      p0            3    134.340    7542.047    7676.388 
                        ha0         1     47.565    1748.134    1795.699 
                        ha1         1     47.565    2769.697    2817.262 
                        fa0         1     39.210    3024.216    3063.427 
                      p1            3    134.340    7369.707    7504.047 
                        ha0         1     47.565    1817.671    1865.236 
                        ha1         1     47.565    2490.722    2538.287 
                        fa0         1     39.210    3061.313    3100.524 
                  p1               22    954.528   51233.158   52187.686 
                    p0              9    394.666   22001.057   22395.723 
                      p0            3    134.340    7490.358    7624.698 
                        ha0         1     47.565    1699.217    1746.782 
                        ha1         1     47.565    2837.137    2884.702 
                        fa0         1     39.210    2954.003    2993.214 
                      p1            3    134.340    7359.677    7494.017 
                        ha0         1     47.565    1795.194    1842.759 
                        ha1         1     47.565    2497.130    2544.695 
                        fa0         1     39.210    3067.353    3106.563 
                    p1              9    394.666   21520.352   21915.018 
                      p0            3    134.340    7555.438    7689.778 
                        ha0         1     47.565    1748.084    1795.649 
                        ha1         1     47.565    2770.271    2817.836 
                        fa0         1     39.210    3037.083    3076.293 
                      p1            3    134.340    7383.095    7517.435 
                        ha0         1     47.565    1817.620    1865.185 
                        ha1         1     47.565    2491.297    2538.862 
                        fa0         1     39.210    3074.177    3113.388 
                p1                 49   2113.463  112156.241  114269.704 
                  p0               22    954.528   51913.408   52867.937 
                    p0              9    394.666   22047.535   22442.201 
                      p0            3    134.340    7498.877    7633.217 
                        ha0         1     47.565    1707.736    1755.301 
                        ha1         1     47.565    2837.137    2884.702 
                        fa0         1     39.210    2954.003    2993.214 
                      p1            3    134.340    7368.721    7503.062 
                        ha0         1     47.565    1804.238    1851.803 
                        ha1         1     47.565    2497.130    2544.695 
                        fa0         1     39.210    3067.353    3106.563 
                    p1              9    394.666   21610.222   22004.888 
                      p0            3    134.340    7572.469    7706.809 
                        ha0         1     47.565    1765.115    1812.680 
                        ha1         1     47.565    2770.271    2817.836 
                        fa0         1     39.210    3037.083    3076.293 
                      p1            3    134.340    7401.189    7535.529 
                        ha0         1     47.565    1835.715    1883.279 
                        ha1         1     47.565    2491.297    2538.862 
                        fa0         1     39.210    3074.177    3113.388 
                  p1               22    954.528   51416.372   52370.900 
                    p0              9    394.666   22047.586   22442.252 
                      p0            3    134.340    7498.877    7633.217 
                        ha0         1     47.565    1707.736    1755.301 
                        ha1         1     47.565    2837.137    2884.702 
                        fa0         1     39.210    2954.003    2993.214 
                      p1            3    134.340    7368.773    7503.113 
                        ha0         1     47.565    1804.290    1851.855 
                        ha1         1     47.565    2497.130    2544.695 
                        fa0         1     39.210    3067.353    3106.563 
                    p1              9    394.666   21610.326   22004.992 
                      p0            3    134.340    7572.521    7706.861 
                        ha0         1     47.565    1765.167    1812.732 
                        ha1         1     47.565    2770.271    2817.836 
                        fa0         1     39.210    3037.083    3076.293 
                      p1            3    134.340    7401.242    7535.582 
                        ha0         1     47.565    1835.767    1883.332 
                        ha1         1     47.565    2491.297    2538.862 
                        fa0         1     39.210    3074.177    3113.388 
              p1                  104   4470.543  232056.663  236527.207 
                p0                 49   2113.463  111474.131  113587.594 
                  p0               22    954.528   51171.683   52126.211 
                    p0              9    394.666   21637.490   22032.156 
                      p0            3    134.340    7356.187    7490.527 
                        ha0         1     47.565    1672.628    1720.193 
                        ha1         1     47.565    2791.659    2839.224 
                        fa0         1     39.210    2891.900    2931.110 
                      p1            3    134.340    7230.020    7364.360 
                        ha0         1     47.565    1768.119    1815.684 
                        ha1         1     47.565    2456.647    2504.212 
                        fa0         1     39.210    3005.254    3044.465 
                    p1              9    394.666   21395.175   21789.841 
                      p0            3    134.340    7492.710    7627.051 
                        ha0         1     47.565    1739.094    1786.659 
                        ha1         1     47.565    2754.387    2801.952 
                        fa0         1     39.210    2999.230    3038.440 
                      p1            3    134.340    7322.035    7456.375 
                        ha0         1     47.565    1808.631    1856.196 
                        ha1         1     47.565    2477.078    2524.643 
                        fa0         1     39.210    3036.326    3075.537 
                  p1               22    954.528   50987.047   51941.575 
                    p0              9    394.666   21885.579   22280.245 
                      p0            3    134.340    7441.035    7575.376 
                        ha0         1     47.565    1690.183    1737.748 
                        ha1         1     47.565    2821.831    2869.396 
                        fa0         1     39.210    2929.022    2968.232 
                      p1            3    134.340    7312.007    7446.347 
                        ha0         1     47.565    1786.155    1833.719 
                        ha1         1     47.565    2483.485    2531.050 
                        fa0         1     39.210    3042.367    3081.578 
                    p1              9    394.666   21406.535   21801.201 
                      p0            3    134.340    7506.102    7640.442 
                        ha0         1     47.565    1739.044    1786.609 
                        ha1         1     47.565    2754.962    2802.527 
                        fa0         1     39.210    3012.096    3051.306 
                      p1            3    134.340    7335.426    7469.767 
                        ha0         1     47.565    1808.580    1856.145 
                        ha1         1     47.565    2477.653    2525.218 
                        fa0         1     39.210    3049.193    3088.403 
                p1                 49   2113.463  111645.543  113759.006 
                  p0               22    954.528   51665.635   52620.163 
                    p0              9    394.666   21932.057   22326.723 
                      p0            3    134.340    7449.555    7583.896 
                        ha0         1     47.565    1698.703    1746.268 
                        ha1         1     47.565    2821.831    2869.396 
                        fa0         1     39.210    2929.022    2968.232 
                      p1            3    134.340    7321.052    7455.392 
                        ha0         1     47.565    1795.199    1842.764 
                        ha1         1     47.565    2483.485    2531.050 
                        fa0         1     39.210    3042.367    3081.578 
                    p1              9    394.666   21496.406   21891.072 
                      p0            3    134.340    7523.134    7657.474 
                        ha0         1     47.565    1756.076    1803.641 
                        ha1         1     47.565    2754.962    2802.527 
                        fa0         1     39.210    3012.096    3051.306 
                      p1            3    134.340    7353.522    7487.862 
                        ha0         1     47.565    1826.676    1874.241 
                        ha1         1     47.565    2477.653    2525.218 
                        fa0         1     39.210    3049.193    3088.403 
                  p1               22    954.528   51170.263   52124.791 
                    p0              9    394.666   21932.108   22326.774 
                      p0            3    134.340    7449.555    7583.896 
                        ha0         1     47.565    1698.703    1746.268 
                        ha1         1     47.565    2821.831    2869.396 
                        fa0         1     39.210    2929.022    2968.232 
                      p1            3    134.340    7321.103    7455.443 
                        ha0         1     47.565    1795.251    1842.815 
                        ha1         1     47.565    2483.485    2531.050 
                        fa0         1     39.210    3042.367    3081.578 
                    p1              9    394.666   21496.510   21891.176 
                      p0            3    134.340    7523.185    7657.525 
                        ha0         1     47.565    1756.127    1803.692 
                        ha1         1     47.565    2754.962    2802.527 
                        fa0         1     39.210    3012.096    3051.306 
                      p1            3    134.340    7353.574    7487.914 
                        ha0         1     47.565    1826.728    1874.293 
                        ha1         1     47.565    2477.653    2525.218 
                        fa0         1     39.210    3049.193    3088.403 
      ctr                         131   4894.688  275476.998  280371.687 
        add_55_25                  26   1027.825   23360.638   24388.463 
    genblk1[1]..5.genblk1.sng     334   3963.961  247549.892  251513.853 
      genblk2[2].max_comparator    88    955.103   58394.965   59350.067 
      genblk2[0].max_comparator    88    928.355   51422.417   52350.772 
      genblk2[1].max_comparator    77    775.984   42486.300   43262.285 
      ctr                          17    696.609   54624.683   55321.292 
      genblk2[3].max_comparator    64    607.910   40621.528   41229.437 
    genblk1[2]..5.genblk2.sng     298   3837.218  250112.635  253949.854 
      genblk2[2].max_comparator    77    936.533   62461.994   63398.527 
      genblk2[0].max_comparator    73    900.429   57046.042   57946.471 
      genblk2[1].max_comparator    72    706.878   40702.205   41409.083 
      ctr                          17    696.609   52613.577   53310.186 
      genblk2[3].max_comparator    59    596.769   37288.817   37885.586 
    genblk1[3]..5.genblk3.sng     292   3415.082  223492.915  226907.996 
      genblk2[2].max_comparator    71    751.657   49086.723   49838.380 
      genblk2[0].max_comparator    80    723.983   42829.668   43553.651 
      genblk2[1].max_comparator    72    712.918   41479.285   42192.203 
      ctr                          17    696.609   56142.687   56839.297 
      genblk2[3].max_comparator    52    529.915   33954.551   34484.466 
    genblk1[4].genblk2.sng        273   3217.504  192861.330  196078.834 
      ctr                          18    716.363   45429.596   46145.959 
      genblk2[2].min_comparator    73    699.281   42845.753   43545.034 
      genblk2[1].min_comparator    70    688.246   38011.037   38699.283 
      genblk2[0].min_comparator    70    661.496   38193.886   38855.381 
      genblk2[3].min_comparator    42    452.118   28381.059   28833.177 
    genblk1[0].genblk1.sng        261   2991.466  182569.985  185561.451 
      ctr                          17    696.609   57908.164   58604.773 
      genblk2[1].max_comparator    70    674.627   33363.014   34037.641 
      genblk2[2].max_comparator    69    656.105   36147.076   36803.181 
      genblk2[0].max_comparator    62    532.606   32836.883   33369.488 
      genblk2[3].max_comparator    43    431.520   22314.848   22746.368 

