============================================================
  Generated by:           Encounter(R) RTL Compiler v14.10-s022_1
  Generated on:           Jul 25 2021  01:50:42 pm
  Module:                 ms_es_naive_by4_mul_synth
  Technology library:     gscl45nm 
  Operating conditions:   typical (balanced_tree)
  Wireload mode:          enclosed
  Area mode:              timing library
============================================================

         Instance           Cells  Cell Area  Net Area  Total Area  Wireload     
---------------------------------------------------------------------------------
ms_es_naive_by4_mul_synth     714       2871         0        2871    <none> (D) 
  TOP                         714       2871         0        2871    <none> (D) 
    genblk2.stoch2bin         262       1545         0        1545    <none> (D) 
      ctr                     151        800         0         800    <none> (D) 
        add_55_25              30        263         0         263    <none> (D) 
      par_ctr                 104        729         0         729    <none> (D) 
        p1                     49        340         0         340    <none> (D) 
          p1                   22        150         0         150    <none> (D) 
            p1                  9         59         0          59    <none> (D) 
              p1                3         18         0          18    <none> (D) 
                fa0             1          9         0           9    <none> (D) 
                ha1             1          5         0           5    <none> (D) 
                ha0             1          5         0           5    <none> (D) 
              p0                3         18         0          18    <none> (D) 
                fa0             1          9         0           9    <none> (D) 
                ha1             1          5         0           5    <none> (D) 
                ha0             1          5         0           5    <none> (D) 
            p0                  9         59         0          59    <none> (D) 
              p1                3         18         0          18    <none> (D) 
                fa0             1          9         0           9    <none> (D) 
                ha1             1          5         0           5    <none> (D) 
                ha0             1          5         0           5    <none> (D) 
              p0                3         18         0          18    <none> (D) 
                fa0             1          9         0           9    <none> (D) 
                ha1             1          5         0           5    <none> (D) 
                ha0             1          5         0           5    <none> (D) 
          p0                   22        150         0         150    <none> (D) 
            p1                  9         59         0          59    <none> (D) 
              p1                3         18         0          18    <none> (D) 
                fa0             1          9         0           9    <none> (D) 
                ha1             1          5         0           5    <none> (D) 
                ha0             1          5         0           5    <none> (D) 
              p0                3         18         0          18    <none> (D) 
                fa0             1          9         0           9    <none> (D) 
                ha1             1          5         0           5    <none> (D) 
                ha0             1          5         0           5    <none> (D) 
            p0                  9         59         0          59    <none> (D) 
              p1                3         18         0          18    <none> (D) 
                fa0             1          9         0           9    <none> (D) 
                ha1             1          5         0           5    <none> (D) 
                ha0             1          5         0           5    <none> (D) 
              p0                3         18         0          18    <none> (D) 
                fa0             1          9         0           9    <none> (D) 
                ha1             1          5         0           5    <none> (D) 
                ha0             1          5         0           5    <none> (D) 
        p0                     49        340         0         340    <none> (D) 
          p1                   22        150         0         150    <none> (D) 
            p1                  9         59         0          59    <none> (D) 
              p1                3         18         0          18    <none> (D) 
                fa0             1          9         0           9    <none> (D) 
                ha1             1          5         0           5    <none> (D) 
                ha0             1          5         0           5    <none> (D) 
              p0                3         18         0          18    <none> (D) 
                fa0             1          9         0           9    <none> (D) 
                ha1             1          5         0           5    <none> (D) 
                ha0             1          5         0           5    <none> (D) 
            p0                  9         59         0          59    <none> (D) 
              p1                3         18         0          18    <none> (D) 
                fa0             1          9         0           9    <none> (D) 
                ha1             1          5         0           5    <none> (D) 
                ha0             1          5         0           5    <none> (D) 
              p0                3         18         0          18    <none> (D) 
                fa0             1          9         0           9    <none> (D) 
                ha1             1          5         0           5    <none> (D) 
                ha0             1          5         0           5    <none> (D) 
          p0                   22        150         0         150    <none> (D) 
            p1                  9         59         0          59    <none> (D) 
              p1                3         18         0          18    <none> (D) 
                fa0             1          9         0           9    <none> (D) 
                ha1             1          5         0           5    <none> (D) 
                ha0             1          5         0           5    <none> (D) 
              p0                3         18         0          18    <none> (D) 
                fa0             1          9         0           9    <none> (D) 
                ha1             1          5         0           5    <none> (D) 
                ha0             1          5         0           5    <none> (D) 
            p0                  9         59         0          59    <none> (D) 
              p1                3         18         0          18    <none> (D) 
                fa0             1          9         0           9    <none> (D) 
                ha1             1          5         0           5    <none> (D) 
                ha0             1          5         0           5    <none> (D) 
              p0                3         18         0          18    <none> (D) 
                fa0             1          9         0           9    <none> (D) 
                ha1             1          5         0           5    <none> (D) 
                ha0             1          5         0           5    <none> (D) 
    genblk1[2].genblk1.sng    126        384         0         384    <none> (D) 
      ctr                      46        200         0         200    <none> (D) 
    genblk1[1].genblk1.sng    123        376         0         376    <none> (D) 
      ctr                      45        198         0         198    <none> (D) 
    genblk1[0].genblk1.sng    120        371         0         371    <none> (D) 
      ctr                      42        192         0         192    <none> (D) 

 (D) = wireload is default in technology library
