============================================================
  Generated by:           Encounter(R) RTL Compiler v14.10-s022_1
  Generated on:           Jul 25 2021  01:19:10 pm
  Module:                 ms_es_naive_by2_mul_synth
  Technology library:     gscl45nm 
  Operating conditions:   typical (balanced_tree)
  Wireload mode:          enclosed
  Area mode:              timing library
============================================================

                                  Leakage    Dynamic     Total   
         Instance          Cells Power(nW)  Power(nW)  Power(nW) 
-----------------------------------------------------------------
ms_es_naive_by2_mul_synth    539 14898.165 844529.170 859427.335 
  TOP                        539 14898.165 815945.794 830843.958 
    genblk2.stoch2bin        188  7033.953 354384.729 361418.682 
      ctr                    161  6021.902 319261.400 325283.302 
        add_55_25             32  1263.087  22371.220  23634.307 
      par_ctr                 22   954.528  24377.948  25332.476 
        p0                     9   394.666  11329.289  11723.956 
          p0                   3   134.340   4806.503   4940.843 
            ha0                1    47.565    873.575    921.140 
            ha1                1    47.565   1498.401   1545.966 
            fa0                1    39.210   2434.526   2473.736 
          p1                   3   134.340   4691.303   4825.643 
            ha0                1    47.565    882.582    930.147 
            ha1                1    47.565   1349.012   1396.577 
            fa0                1    39.210   2459.709   2498.919 
        p1                     9   394.666  11164.439  11559.105 
          p0                   3   134.340   4806.502   4940.843 
            ha0                1    47.565    873.575    921.140 
            ha1                1    47.565   1498.401   1545.966 
            fa0                1    39.210   2434.526   2473.736 
          p1                   3   134.340   4691.303   4825.643 
            ha0                1    47.565    882.582    930.147 
            ha1                1    47.565   1349.012   1396.577 
            fa0                1    39.210   2459.709   2498.919 
    genblk1[3].genblk1.sng    84  1896.841 100596.623 102493.465 
      ctr                     46  1546.562  81828.424  83374.987 
    genblk1[1].genblk1.sng    83  1877.088 111944.827 113821.914 
      ctr                     45  1526.809  93392.455  94919.264 
    genblk1[2].genblk1.sng    83  1877.088 112471.782 114348.870 
      ctr                     45  1526.809  93485.999  95012.808 
    genblk1[0].genblk1.sng    75  1831.782 109846.893 111678.676 
      ctr                     37  1481.503  91135.207  92616.710 

