============================================================
  Generated by:           Encounter(R) RTL Compiler v14.10-s022_1
  Generated on:           Jul 25 2021  01:36:56 pm
  Module:                 ms_es_ordered_bs_by2_mul_synth
  Technology library:     gscl45nm 
  Operating conditions:   typical (balanced_tree)
  Wireload mode:          enclosed
  Area mode:              timing library
============================================================

                                       Leakage    Dynamic     Total   
            Instance            Cells Power(nW)  Power(nW)  Power(nW) 
----------------------------------------------------------------------
ms_es_orde..by2_mul_synth         708 13271.130 780031.090 793302.220 
  TOP                             708 13271.130 742596.715 755867.845 
    genblk2.stoch2bin             136  5191.789 243380.888 248572.677 
      ctr                          81  3015.999 167915.604 170931.603 
        add_55_25                  16   635.721  13789.579  14425.299 
      par_ctr                      49  2113.463  68980.375  71093.838 
        p0                         22   954.528  31801.814  32756.343 
          p0                        9   394.666  13597.517  13992.183 
            p0                      3   134.340   4702.956   4837.296 
              ha0                   1    47.565    990.074   1037.639 
              ha1                   1    47.565   1827.195   1874.760 
              fa0                   1    39.210   1885.686   1924.897 
            p1                      3   134.340   4671.415   4805.755 
              ha0                   1    47.565   1047.406   1094.971 
              ha1                   1    47.565   1675.083   1722.648 
              fa0                   1    39.210   1948.926   1988.136 
          p1                        9   394.666  13600.414  13995.081 
            p0                      3   134.340   4785.036   4919.377 
              ha0                   1    47.565   1008.383   1055.948 
              ha1                   1    47.565   1866.369   1913.934 
              fa0                   1    39.210   1910.285   1949.495 
            p1                      3   134.340   4743.073   4877.413 
              ha0                   1    47.565   1075.049   1122.614 
              ha1                   1    47.565   1707.563   1755.128 
              fa0                   1    39.210   1960.461   1999.671 
        p1                         22   954.528  32301.285  33255.813 
          p0                        9   394.666  13895.632  14290.298 
            p0                      3   134.340   4778.371   4912.711 
              ha0                   1    47.565    999.923   1047.488 
              ha1                   1    47.565   1855.717   1903.282 
              fa0                   1    39.210   1922.731   1961.941 
            p1                      3   134.340   4808.825   4943.165 
              ha0                   1    47.565   1074.934   1122.499 
              ha1                   1    47.565   1723.481   1771.046 
              fa0                   1    39.210   2010.410   2049.620 
          p1                        9   394.666  13948.316  14342.982 
            p0                      3   134.340   4873.647   5007.988 
              ha0                   1    47.565   1018.130   1065.695 
              ha1                   1    47.565   1907.997   1955.561 
              fa0                   1    39.210   1947.521   1986.732 
            p1                      3   134.340   4891.807   5026.147 
              ha0                   1    47.565   1102.249   1149.814 
              ha1                   1    47.565   1767.545   1815.110 
              fa0                   1    39.210   2022.013   2061.223 
    genblk1[1]..5.genblk1.sng     115  1607.831 102884.962 104492.793 
      genblk2[0].max_comparator    62   688.499  32730.309  33418.808 
      ctr                          12   500.386  41295.439  41795.825 
      genblk2[1].max_comparator    41   418.946  28859.214  29278.160 
    genblk1[2]..5.genblk2.sng     111  1552.152 100833.850 102386.001 
      genblk2[0].max_comparator    53   640.495  31494.309  32134.805 
      ctr                          12   500.386  41942.032  42442.418 
      genblk2[1].max_comparator    46   411.271  27397.508  27808.778 
    genblk1[3]..5.genblk3.sng     108  1520.224  96268.791  97789.015 
      genblk2[0].max_comparator    59   652.998  32749.356  33402.354 
      ctr                          12   500.386  40156.149  40656.535 
      genblk2[1].max_comparator    37   366.840  23363.286  23730.126 
    genblk1[4].genblk2.sng         90  1341.314  67886.316  69227.630 
      genblk2[0].min_comparator    51   559.572  27518.857  28078.429 
      ctr                          13   520.139  30981.604  31501.743 
      genblk2[1].min_comparator    26   261.602   9385.855   9647.457 
    genblk1[0].genblk1.sng         84  1222.272  75993.372  77215.644 
      genblk2[0].max_comparator    49   515.595  23911.181  24426.776 
      ctr                          12   500.386  40247.658  40748.044 
      genblk2[1].max_comparator    23   206.291  11834.533  12040.824 

