============================================================
  Generated by:           Encounter(R) RTL Compiler v14.10-s022_1
  Generated on:           Jul 25 2021  02:16:06 pm
  Module:                 ms_es_ordered_bs_by4_mul_synth
  Technology library:     gscl45nm 
  Operating conditions:   typical (balanced_tree)
  Wireload mode:          enclosed
  Area mode:              timing library
============================================================

           Pin                 Type       Fanout Load Slew Delay Arrival   
                                                 (fF) (ps)  (ps)   (ps)    
---------------------------------------------------------------------------
(clock clk_int1)             launch                                    0 R 
TOP
  genblk1[1].genblk2.sng
    ctr
      countval_reg[2]/CLK                                0             0 R 
      countval_reg[2]/Q      DFFSR             1  1.5   10  +109     109 R 
      drc_bufs197/A                                           +0     109   
      drc_bufs197/Y          BUFX2            10 26.4   64   +71     179 R 
    ctr/countval[2] 
    genblk2[2].min_comparator/counter_in[2] 
      g578/A                                                  +0     179   
      g578/Y                 INVX1             1  2.7    9   +32     211 F 
      g569/A                                                  +0     211   
      g569/Y                 AOI22X1           1  1.5   44   +45     255 R 
      drc_bufs596/A                                           +0     255   
      drc_bufs596/Y          BUFX2             1  2.0   10   +35     291 R 
      g565/B                                                  +0     291   
      g565/Y                 NAND2X1           1  1.5   21   +14     305 F 
      drc_bufs593/A                                           +0     305   
      drc_bufs593/Y          BUFX2             1  1.8    3   +35     339 F 
      g564/B                                                  +0     339   
      g564/Y                 AND2X1            2  5.5   27   +49     389 F 
      g561/A                                                  +0     389   
      g561/Y                 OR2X1             1  2.8   14   +42     431 F 
      g560/C                                                  +0     431   
      g560/Y                 NAND3X1           1  1.5   34   +28     460 R 
      drc_bufs594/A                                           +0     460   
      drc_bufs594/Y          BUFX2             1  2.0    8   +34     494 R 
      g557/C                                                  +0     494   
      g557/Y                 OAI21X1           1  1.9    7   +13     506 F 
      g555/A                                                  +0     506   
      g555/Y                 AND2X1            5 10.3   40   +48     555 F 
    genblk2[2].min_comparator/sn_out 
  genblk1[1].genblk2.sng/sn_out[2] 
  g153/B                                                      +0     555   
  g153/Y                     AND2X1            1  8.8   34   +61     616 F 
  genblk2.stoch2bin/data_in[14] 
    par_ctr/a[14] 
      p0/a[6] 
        p0/a[2] 
          fa0/b 
            g2/B                                              +0     616   
            g2/YS            FAX1              1  3.4   12   +87     703 F 
          fa0/s 
          ha0/b 
            g17/B                                             +0     703   
            g17/YC           HAX1              1  3.4   20   +48     751 F 
          ha0/cout 
          ha1/a 
            g17/B                                             +0     751   
            g17/YS           HAX1              1 10.9   38   +73     825 F 
          ha1/s 
        p0/y[1] 
        g167/A                                                +0     825   
        g167/YC              FAX1              1  7.1   29   +91     916 F 
        g166/C                                                +0     916   
        g166/YS              FAX1              1 12.7   67  +103    1018 R 
      p0/y[2] 
      g234/A                                                  +0    1018   
      g234/YS                FAX1              2 11.1   34  +108    1126 F 
    par_ctr/y[2] 
    ctr/data_in[2] 
      g825/B                                                  +0    1126   
      g825/YC                FAX1              1  7.1   29   +88    1215 F 
      g821/C                                                  +0    1215   
      g821/YC                FAX1              1  7.1   29   +82    1296 F 
      g817/C                                                  +0    1296   
      g817/YC                FAX1              1  7.1   29   +82    1378 F 
      g813/C                                                  +0    1378   
      g813/YC                FAX1              1  7.1   26   +82    1460 F 
      g809/C                                                  +0    1460   
      g809/YC                FAX1              1  7.1   27   +81    1541 F 
      g805/C                                                  +0    1541   
      g805/YC                FAX1              1  7.1   27   +81    1622 F 
      g801/C                                                  +0    1622   
      g801/YC                FAX1              1  7.1   27   +81    1703 F 
      g797/C                                                  +0    1703   
      g797/YC                FAX1              1  7.1   27   +81    1784 F 
      g793/C                                                  +0    1784   
      g793/YC                FAX1              1 10.9   37   +89    1873 F 
      g2/A                                                    +0    1873   
      g2/YS                  FAX1              1  2.8   21   +84    1957 R 
      g787/A                                                  +0    1957   
      g787/Y                 MUX2X1            1  1.5   21   +23    1980 F 
      g786/A                                                  +0    1980   
      g786/Y                 INVX1             1  2.0    0    +4    1984 R 
      countval_reg[11]/D     DFFSR                            +0    1984   
      countval_reg[11]/CLK   setup                       0   +70    2054 R 
- - - - - - - - - - - - - - - - - - - - - - - - - - - - - - - - - - - - - -
(clock clk)                  capture                                5000 R 
                             uncertainty                     -50    4950 R 
---------------------------------------------------------------------------
Cost Group   : 'clk' (path_group 'clk')
Timing slack :    2896ps 
Start-point  : TOP/genblk1[1].genblk2.sng/ctr/countval_reg[2]/CLK
End-point    : TOP/genblk2.stoch2bin/ctr/countval_reg[11]/D
