============================================================
  Generated by:           Encounter(R) RTL Compiler v14.10-s022_1
  Generated on:           Jul 25 2021  01:33:36 pm
  Module:                 ms_es_ordered_bs_by2_mul_synth
  Technology library:     gscl45nm 
  Operating conditions:   typical (balanced_tree)
  Wireload mode:          enclosed
  Area mode:              timing library
============================================================

                                       Leakage    Dynamic      Total    
            Instance            Cells Power(nW)  Power(nW)   Power(nW)  
------------------------------------------------------------------------
ms_es_orde..by2_mul_synth         958 17543.483 1002810.914 1020354.397 
  TOP                             958 17543.483  948958.540  966502.024 
    genblk2.stoch2bin             148  5507.259  285273.354  290780.613 
      ctr                         136  5082.557  267011.231  272093.788 
        add_55_25                  27  1067.035   18816.397   19883.433 
      par_ctr                       9   394.666   10109.556   10504.222 
        p0                          3   134.340    4285.703    4420.043 
          ha0                       1    47.565     777.876     825.440 
          ha1                       1    47.565    1339.292    1386.857 
          fa0                       1    39.210    2168.535    2207.745 
        p1                          3   134.340    4138.482    4272.822 
          ha0                       1    47.565     777.876     825.440 
          ha1                       1    47.565    1192.072    1239.637 
          fa0                       1    39.210    2168.535    2207.745 
    genblk1[2].genblk2.sng        261  4037.923  212936.565  216974.488 
      ctr                          46  1734.300   93319.588   95053.888 
      genblk2[0].min_comparator   109  1202.369   64432.389   65634.758 
      genblk2[1].min_comparator   106  1101.254   55184.588   56285.842 
    genblk1[1]..3.genblk1.sng     277  3999.042  226994.511  230993.553 
      ctr                          45  1714.546  107895.930  109610.477 
      genblk2[0].max_comparator   121  1184.349   60665.376   61849.725 
      genblk2[1].max_comparator   111  1100.146   58433.204   59533.350 
    genblk1[0].genblk1.sng        258  3805.118  212547.280  216352.397 
      ctr                          42  1677.726  105906.872  107584.598 
      genblk2[0].max_comparator   111  1135.387   57230.102   58365.489 
      genblk2[1].max_comparator   105   992.004   49410.306   50402.310 

