============================================================
  Generated by:           Encounter(R) RTL Compiler v14.10-s022_1
  Generated on:           Jul 25 2021  01:28:39 pm
  Module:                 ms_es_ordered_cas_by2_mul_synth
  Technology library:     gscl45nm 
  Operating conditions:   typical (balanced_tree)
  Wireload mode:          enclosed
  Area mode:              timing library
============================================================

            Instance             Cells  Cell Area  Net Area  Total Area  Wireload     
--------------------------------------------------------------------------------------
ms_es_ordered_cas_by2_mul_synth   1124       3552         0        3552    <none> (D) 
  TOP                             1124       3552         0        3552    <none> (D) 
    cas                            548       1255         0        1255    <none> (D) 
      genblk1.cas8                  88        184         0         184    <none> (D) 
      genblk1.cas7                  70        153         0         153    <none> (D) 
      genblk1.cas6                  70        153         0         153    <none> (D) 
      genblk1.cas5                  70        153         0         153    <none> (D) 
      genblk1.cas4                  50        122         0         122    <none> (D) 
      genblk1.cas3                  50        122         0         122    <none> (D) 
      genblk1.cas2                  50        122         0         122    <none> (D) 
      genblk1.cas1                  50        122         0         122    <none> (D) 
      genblk1.cas0                  50        122         0         122    <none> (D) 
    genblk2.stoch2bin              211       1180         0        1180    <none> (D) 
      ctr                          156        826         0         826    <none> (D) 
        add_55_25                   31        272         0         272    <none> (D) 
      par_ctr                       49        340         0         340    <none> (D) 
        p1                          22        150         0         150    <none> (D) 
          p1                         9         59         0          59    <none> (D) 
            p1                       3         18         0          18    <none> (D) 
              fa0                    1          9         0           9    <none> (D) 
              ha1                    1          5         0           5    <none> (D) 
              ha0                    1          5         0           5    <none> (D) 
            p0                       3         18         0          18    <none> (D) 
              fa0                    1          9         0           9    <none> (D) 
              ha1                    1          5         0           5    <none> (D) 
              ha0                    1          5         0           5    <none> (D) 
          p0                         9         59         0          59    <none> (D) 
            p1                       3         18         0          18    <none> (D) 
              fa0                    1          9         0           9    <none> (D) 
              ha1                    1          5         0           5    <none> (D) 
              ha0                    1          5         0           5    <none> (D) 
            p0                       3         18         0          18    <none> (D) 
              fa0                    1          9         0           9    <none> (D) 
              ha1                    1          5         0           5    <none> (D) 
              ha0                    1          5         0           5    <none> (D) 
        p0                          22        150         0         150    <none> (D) 
          p1                         9         59         0          59    <none> (D) 
            p1                       3         18         0          18    <none> (D) 
              fa0                    1          9         0           9    <none> (D) 
              ha1                    1          5         0           5    <none> (D) 
              ha0                    1          5         0           5    <none> (D) 
            p0                       3         18         0          18    <none> (D) 
              fa0                    1          9         0           9    <none> (D) 
              ha1                    1          5         0           5    <none> (D) 
              ha0                    1          5         0           5    <none> (D) 
          p0                         9         59         0          59    <none> (D) 
            p1                       3         18         0          18    <none> (D) 
              fa0                    1          9         0           9    <none> (D) 
              ha1                    1          5         0           5    <none> (D) 
              ha0                    1          5         0           5    <none> (D) 
            p0                       3         18         0          18    <none> (D) 
              fa0                    1          9         0           9    <none> (D) 
              ha1                    1          5         0           5    <none> (D) 
              ha0                    1          5         0           5    <none> (D) 
    genblk1[4].genblk1.sng          62        198         0         198    <none> (D) 
      ctr                           31        132         0         132    <none> (D) 
    genblk1[3].genblk1.sng          61        196         0         196    <none> (D) 
      ctr                           30        130         0         130    <none> (D) 
    genblk1[2].genblk1.sng          61        196         0         196    <none> (D) 
      ctr                           30        130         0         130    <none> (D) 
    genblk1[1].genblk1.sng          61        196         0         196    <none> (D) 
      ctr                           30        130         0         130    <none> (D) 
    genblk1[0].genblk1.sng          58        190         0         190    <none> (D) 
      ctr                           27        124         0         124    <none> (D) 

 (D) = wireload is default in technology library
