============================================================
  Generated by:           Encounter(R) RTL Compiler v14.10-s022_1
  Generated on:           Jul 25 2021  01:49:15 pm
  Module:                 ms_es_naive_by4_mul_synth
  Technology library:     gscl45nm 
  Operating conditions:   typical (balanced_tree)
  Wireload mode:          enclosed
  Area mode:              timing library
============================================================

                                  Leakage    Dynamic     Total   
         Instance          Cells Power(nW)  Power(nW)  Power(nW) 
-----------------------------------------------------------------
ms_es_naive_by4_mul_synth    297  8790.303 457383.725 466174.029 
  TOP                        297  8790.303 449873.558 458663.861 
    genblk2.stoch2bin        157  6247.530 280576.433 286823.963 
      par_ctr                104  4470.543 146472.090 150942.633 
        p0                    49  2113.463  57224.643  59338.106 
          p0                  22   954.528  21401.386  22355.914 
            p0                 9   394.666   7753.036   8147.702 
              p0               3   134.340   2482.173   2616.513 
                ha0            1    47.565    558.832    606.397 
                ha1            1    47.565    862.112    909.677 
                fa0            1    39.210   1061.230   1100.440 
              p1               3   134.340   2808.289   2942.630 
                ha0            1    47.565    688.194    735.759 
                ha1            1    47.565    884.720    932.285 
                fa0            1    39.210   1235.376   1274.586 
            p1                 9   394.666   9928.521  10323.187 
              p0               3   134.340   3247.038   3381.379 
                ha0            1    47.565    753.218    800.783 
                ha1            1    47.565   1146.722   1194.287 
                fa0            1    39.210   1347.098   1386.309 
              p1               3   134.340   3561.382   3695.722 
                ha0            1    47.565    914.582    962.147 
                ha1            1    47.565   1111.938   1159.503 
                fa0            1    39.210   1534.862   1574.073 
          p1                  22   954.528  29127.278  30081.807 
            p0                 9   394.666  10326.466  10721.133 
              p0               3   134.340   3205.512   3339.852 
                ha0            1    47.565    717.617    765.182 
                ha1            1    47.565   1177.022   1224.587 
                fa0            1    39.210   1310.873   1350.084 
              p1               3   134.340   3662.385   3796.725 
                ha0            1    47.565    896.560    944.125 
                ha1            1    47.565   1218.573   1266.138 
                fa0            1    39.210   1547.251   1586.462 
            p1                 9   394.666  13882.974  14277.640 
              p0               3   134.340   4506.781   4641.121 
                ha0            1    47.565   1053.673   1101.238 
                ha1            1    47.565   1670.471   1718.036 
                fa0            1    39.210   1782.637   1821.847 
              p1               3   134.340   4827.453   4961.794 
                ha0            1    47.565   1258.708   1306.273 
                ha1            1    47.565   1574.999   1622.564 
                fa0            1    39.210   1993.747   2032.957 
        p1                    49  2113.463  79013.184  81126.647 
          p0                  22   954.528  33063.336  34017.864 
            p0                 9   394.666  11689.754  12084.420 
              p0               3   134.340   3675.040   3809.380 
                ha0            1    47.565    824.583    872.148 
                ha1            1    47.565   1328.034   1375.599 
                fa0            1    39.210   1522.423   1561.633 
              p1               3   134.340   4110.964   4245.304 
                ha0            1    47.565   1005.162   1052.727 
                ha1            1    47.565   1346.983   1394.548 
                fa0            1    39.210   1758.819   1798.029 
            p1                 9   394.666  15285.354  15680.020 
              p0               3   134.340   4969.597   5103.937 
                ha0            1    47.565   1151.075   1198.640 
                ha1            1    47.565   1836.483   1884.048 
                fa0            1    39.210   1982.039   2021.249 
              p1               3   134.340   5295.880   5430.220 
                ha0            1    47.565   1349.173   1396.738 
                ha1            1    47.565   1740.557   1788.122 
                fa0            1    39.210   2206.149   2245.360 
          p1                  22   954.528  36772.168  37726.696 
            p0                 9   394.666  13081.152  13475.819 
              p0               3   134.340   4108.235   4242.575 
                ha0            1    47.565    904.976    952.541 
                ha1            1    47.565   1480.212   1527.777 
                fa0            1    39.210   1723.047   1762.258 
              p1               3   134.340   4659.843   4794.183 
                ha0            1    47.565   1122.896   1170.461 
                ha1            1    47.565   1528.063   1575.628 
                fa0            1    39.210   2008.884   2048.095 
            p1                 9   394.666  17312.055  17706.721 
              p0               3   134.340   5641.786   5776.126 
                ha0            1    47.565   1275.160   1322.725 
                ha1            1    47.565   2108.737   2156.302 
                fa0            1    39.210   2257.889   2297.100 
              p1               3   134.340   6020.181   6154.522 
                ha0            1    47.565   1503.222   1550.787 
                ha1            1    47.565   1997.660   2045.225 
                fa0            1    39.210   2519.299   2558.510 
      ctr                     46  1700.917 126524.695 128225.612 
    genblk1[2].genblk1.sng    21   431.378  33826.976  34258.355 
      ctr                      8   323.916  19364.330  19688.246 
    genblk1[0].genblk1.sng    18   414.912  34290.752  34705.664 
      ctr                      7   304.162  27713.359  28017.521 
    genblk1[1].genblk1.sng    18   414.912  33665.479  34080.390 
      ctr                      7   304.162  27326.592  27630.754 

