============================================================
  Generated by:           Encounter(R) RTL Compiler v14.10-s022_1
  Generated on:           Jul 25 2021  01:17:42 pm
  Module:                 ms_es_naive_by2_mul_synth
  Technology library:     gscl45nm 
  Operating conditions:   typical (balanced_tree)
  Wireload mode:          enclosed
  Area mode:              timing library
============================================================

                                  Leakage    Dynamic     Total   
         Instance          Cells Power(nW)  Power(nW)  Power(nW) 
-----------------------------------------------------------------
ms_es_naive_by2_mul_synth    469 12618.964 704043.242 716662.206 
  TOP                        469 12618.964 679215.479 691834.442 
    genblk2.stoch2bin        148  5507.259 286299.194 291806.453 
      ctr                    136  5082.557 267460.609 272543.166 
        add_55_25             27  1067.035  18847.597  19914.632 
      par_ctr                  9   394.666  10400.315  10794.981 
        p0                     3   134.340   4404.144   4538.484 
          ha0                  1    47.565    805.016    852.581 
          ha1                  1    47.565   1383.560   1431.124 
          fa0                  1    39.210   2215.569   2254.779 
        p1                     3   134.340   4253.597   4387.937 
          ha0                  1    47.565    805.016    852.581 
          ha1                  1    47.565   1233.012   1280.577 
          fa0                  1    39.210   2215.569   2254.779 
    genblk1[2].genblk1.sng   101  2333.328 119706.238 122039.566 
      ctr                     44  1715.019  89316.697  91031.716 
    genblk1[0].genblk1.sng   100  2286.269 127788.447 130074.716 
      ctr                     42  1677.726  99448.318 101126.045 
    genblk1[1].genblk1.sng   100  2286.071 132562.137 134848.208 
      ctr                     43  1695.266 102637.835 104333.101 

