============================================================
  Generated by:           Encounter(R) RTL Compiler v14.10-s022_1
  Generated on:           Jul 25 2021  01:18:57 pm
  Module:                 ms_es_naive_by2_mul_synth
  Technology library:     gscl45nm 
  Operating conditions:   typical (balanced_tree)
  Wireload mode:          enclosed
  Area mode:              timing library
============================================================

                                  Leakage    Dynamic     Total   
         Instance          Cells Power(nW)  Power(nW)  Power(nW) 
-----------------------------------------------------------------
ms_es_naive_by2_mul_synth    459 13002.162 745394.912 758397.074 
  TOP                        459 13002.162 720989.968 733992.130 
    genblk2.stoch2bin        168  6282.477 309744.274 316026.751 
      ctr                    141  5270.426 278270.718 283541.144 
        add_55_25             28  1106.246  19473.231  20579.477 
      par_ctr                 22   954.528  23002.748  23957.276 
        p0                     9   394.666  10618.631  11013.297 
          p0                   3   134.340   4431.447   4565.787 
            ha0                1    47.565    796.144    843.709 
            ha1                1    47.565   1428.578   1476.143 
            fa0                1    39.210   2206.726   2245.936 
          p1                   3   134.340   4304.502   4438.842 
            ha0                1    47.565    796.144    843.709 
            ha1                1    47.565   1289.048   1336.613 
            fa0                1    39.210   2219.310   2258.521 
        p1                     9   394.666  10286.633  10681.299 
          p0                   3   134.340   4347.100   4481.440 
            ha0                1    47.565    777.946    825.511 
            ha1                1    47.565   1412.751   1460.315 
            fa0                1    39.210   2156.403   2195.614 
          p1                   3   134.340   4220.095   4354.435 
            ha0                1    47.565    777.946    825.511 
            ha1                1    47.565   1273.368   1320.932 
            fa0                1    39.210   2168.782   2207.992 
    genblk1[3].genblk1.sng    68  1610.364  87909.510  89519.874 
      ctr                     37  1348.955  70946.154  72295.109 
    genblk1[1].genblk1.sng    67  1590.610  99856.092 101446.702 
      ctr                     36  1329.201  83399.042  84728.244 
    genblk1[2].genblk1.sng    67  1590.610  99993.413 101584.023 
      ctr                     36  1329.201  83515.322  84844.523 
    genblk1[0].genblk1.sng    63  1546.688  99136.733 100683.421 
      ctr                     32  1285.280  82428.924  83714.204 

