============================================================
  Generated by:           Encounter(R) RTL Compiler v14.10-s022_1
  Generated on:           Jul 25 2021  02:09:24 pm
  Module:                 ms_es_ordered_cas_by4_mul_synth
  Technology library:     gscl45nm 
  Operating conditions:   typical (balanced_tree)
  Wireload mode:          enclosed
  Area mode:              timing library
============================================================

                                    Leakage    Dynamic     Total   
          Instance          Cells  Power(nW)  Power(nW)  Power(nW) 
-------------------------------------------------------------------
ms_es_orde..by4_mul_synth    3484 104044.346 690071.247 794115.593 
  TOP                        3484 104044.346 668878.135 772922.481 
    genblk2.stoch2bin        1896  80283.997 204549.282 284833.280 
      par_ctr                1780  76202.413      0.000  76202.413 
        p0                    885  37900.978      0.000  37900.978 
          p0                  438  18769.865      0.000  18769.865 
            p0                215   9223.914      0.000   9223.914 
              p0              104   4470.543      0.000   4470.543 
                p0             49   2113.463      0.000   2113.463 
                  p0           22    954.528      0.000    954.528 
                    p0          9    394.666      0.000    394.666 
                      p0        3    134.340      0.000    134.340 
                        ha0     1     47.565      0.000     47.565 
                        ha1     1     47.565      0.000     47.565 
                        fa0     1     39.210      0.000     39.210 
                      p1        3    134.340      0.000    134.340 
                        ha0     1     47.565      0.000     47.565 
                        ha1     1     47.565      0.000     47.565 
                        fa0     1     39.210      0.000     39.210 
                    p1          9    394.666      0.000    394.666 
                      p0        3    134.340      0.000    134.340 
                        ha0     1     47.565      0.000     47.565 
                        ha1     1     47.565      0.000     47.565 
                        fa0     1     39.210      0.000     39.210 
                      p1        3    134.340      0.000    134.340 
                        ha0     1     47.565      0.000     47.565 
                        ha1     1     47.565      0.000     47.565 
                        fa0     1     39.210      0.000     39.210 
                  p1           22    954.528      0.000    954.528 
                    p0          9    394.666      0.000    394.666 
                      p0        3    134.340      0.000    134.340 
                        ha0     1     47.565      0.000     47.565 
                        ha1     1     47.565      0.000     47.565 
                        fa0     1     39.210      0.000     39.210 
                      p1        3    134.340      0.000    134.340 
                        ha0     1     47.565      0.000     47.565 
                        ha1     1     47.565      0.000     47.565 
                        fa0     1     39.210      0.000     39.210 
                    p1          9    394.666      0.000    394.666 
                      p0        3    134.340      0.000    134.340 
                        ha0     1     47.565      0.000     47.565 
                        ha1     1     47.565      0.000     47.565 
                        fa0     1     39.210      0.000     39.210 
                      p1        3    134.340      0.000    134.340 
                        ha0     1     47.565      0.000     47.565 
                        ha1     1     47.565      0.000     47.565 
                        fa0     1     39.210      0.000     39.210 
                p1             49   2113.463      0.000   2113.463 
                  p0           22    954.528      0.000    954.528 
                    p0          9    394.666      0.000    394.666 
                      p0        3    134.340      0.000    134.340 
                        ha0     1     47.565      0.000     47.565 
                        ha1     1     47.565      0.000     47.565 
                        fa0     1     39.210      0.000     39.210 
                      p1        3    134.340      0.000    134.340 
                        ha0     1     47.565      0.000     47.565 
                        ha1     1     47.565      0.000     47.565 
                        fa0     1     39.210      0.000     39.210 
                    p1          9    394.666      0.000    394.666 
                      p0        3    134.340      0.000    134.340 
                        ha0     1     47.565      0.000     47.565 
                        ha1     1     47.565      0.000     47.565 
                        fa0     1     39.210      0.000     39.210 
                      p1        3    134.340      0.000    134.340 
                        ha0     1     47.565      0.000     47.565 
                        ha1     1     47.565      0.000     47.565 
                        fa0     1     39.210      0.000     39.210 
                  p1           22    954.528      0.000    954.528 
                    p0          9    394.666      0.000    394.666 
                      p0        3    134.340      0.000    134.340 
                        ha0     1     47.565      0.000     47.565 
                        ha1     1     47.565      0.000     47.565 
                        fa0     1     39.210      0.000     39.210 
                      p1        3    134.340      0.000    134.340 
                        ha0     1     47.565      0.000     47.565 
                        ha1     1     47.565      0.000     47.565 
                        fa0     1     39.210      0.000     39.210 
                    p1          9    394.666      0.000    394.666 
                      p0        3    134.340      0.000    134.340 
                        ha0     1     47.565      0.000     47.565 
                        ha1     1     47.565      0.000     47.565 
                        fa0     1     39.210      0.000     39.210 
                      p1        3    134.340      0.000    134.340 
                        ha0     1     47.565      0.000     47.565 
                        ha1     1     47.565      0.000     47.565 
                        fa0     1     39.210      0.000     39.210 
              p1              104   4470.543      0.000   4470.543 
                p0             49   2113.463      0.000   2113.463 
                  p0           22    954.528      0.000    954.528 
                    p0          9    394.666      0.000    394.666 
                      p0        3    134.340      0.000    134.340 
                        ha0     1     47.565      0.000     47.565 
                        ha1     1     47.565      0.000     47.565 
                        fa0     1     39.210      0.000     39.210 
                      p1        3    134.340      0.000    134.340 
                        ha0     1     47.565      0.000     47.565 
                        ha1     1     47.565      0.000     47.565 
                        fa0     1     39.210      0.000     39.210 
                    p1          9    394.666      0.000    394.666 
                      p0        3    134.340      0.000    134.340 
                        ha0     1     47.565      0.000     47.565 
                        ha1     1     47.565      0.000     47.565 
                        fa0     1     39.210      0.000     39.210 
                      p1        3    134.340      0.000    134.340 
                        ha0     1     47.565      0.000     47.565 
                        ha1     1     47.565      0.000     47.565 
                        fa0     1     39.210      0.000     39.210 
                  p1           22    954.528      0.000    954.528 
                    p0          9    394.666      0.000    394.666 
                      p0        3    134.340      0.000    134.340 
                        ha0     1     47.565      0.000     47.565 
                        ha1     1     47.565      0.000     47.565 
                        fa0     1     39.210      0.000     39.210 
                      p1        3    134.340      0.000    134.340 
                        ha0     1     47.565      0.000     47.565 
                        ha1     1     47.565      0.000     47.565 
                        fa0     1     39.210      0.000     39.210 
                    p1          9    394.666      0.000    394.666 
                      p0        3    134.340      0.000    134.340 
                        ha0     1     47.565      0.000     47.565 
                        ha1     1     47.565      0.000     47.565 
                        fa0     1     39.210      0.000     39.210 
                      p1        3    134.340      0.000    134.340 
                        ha0     1     47.565      0.000     47.565 
                        ha1     1     47.565      0.000     47.565 
                        fa0     1     39.210      0.000     39.210 
                p1             49   2113.463      0.000   2113.463 
                  p0           22    954.528      0.000    954.528 
                    p0          9    394.666      0.000    394.666 
                      p0        3    134.340      0.000    134.340 
                        ha0     1     47.565      0.000     47.565 
                        ha1     1     47.565      0.000     47.565 
                        fa0     1     39.210      0.000     39.210 
                      p1        3    134.340      0.000    134.340 
                        ha0     1     47.565      0.000     47.565 
                        ha1     1     47.565      0.000     47.565 
                        fa0     1     39.210      0.000     39.210 
                    p1          9    394.666      0.000    394.666 
                      p0        3    134.340      0.000    134.340 
                        ha0     1     47.565      0.000     47.565 
                        ha1     1     47.565      0.000     47.565 
                        fa0     1     39.210      0.000     39.210 
                      p1        3    134.340      0.000    134.340 
                        ha0     1     47.565      0.000     47.565 
                        ha1     1     47.565      0.000     47.565 
                        fa0     1     39.210      0.000     39.210 
                  p1           22    954.528      0.000    954.528 
                    p0          9    394.666      0.000    394.666 
                      p0        3    134.340      0.000    134.340 
                        ha0     1     47.565      0.000     47.565 
                        ha1     1     47.565      0.000     47.565 
                        fa0     1     39.210      0.000     39.210 
                      p1        3    134.340      0.000    134.340 
                        ha0     1     47.565      0.000     47.565 
                        ha1     1     47.565      0.000     47.565 
                        fa0     1     39.210      0.000     39.210 
                    p1          9    394.666      0.000    394.666 
                      p0        3    134.340      0.000    134.340 
                        ha0     1     47.565      0.000     47.565 
                        ha1     1     47.565      0.000     47.565 
                        fa0     1     39.210      0.000     39.210 
                      p1        3    134.340      0.000    134.340 
                        ha0     1     47.565      0.000     47.565 
                        ha1     1     47.565      0.000     47.565 
                        fa0     1     39.210      0.000     39.210 
            p1                215   9223.914      0.000   9223.914 
              p0              104   4470.543      0.000   4470.543 
                p0             49   2113.463      0.000   2113.463 
                  p0           22    954.528      0.000    954.528 
                    p0          9    394.666      0.000    394.666 
                      p0        3    134.340      0.000    134.340 
                        ha0     1     47.565      0.000     47.565 
                        ha1     1     47.565      0.000     47.565 
                        fa0     1     39.210      0.000     39.210 
                      p1        3    134.340      0.000    134.340 
                        ha0     1     47.565      0.000     47.565 
                        ha1     1     47.565      0.000     47.565 
                        fa0     1     39.210      0.000     39.210 
                    p1          9    394.666      0.000    394.666 
                      p0        3    134.340      0.000    134.340 
                        ha0     1     47.565      0.000     47.565 
                        ha1     1     47.565      0.000     47.565 
                        fa0     1     39.210      0.000     39.210 
                      p1        3    134.340      0.000    134.340 
                        ha0     1     47.565      0.000     47.565 
                        ha1     1     47.565      0.000     47.565 
                        fa0     1     39.210      0.000     39.210 
                  p1           22    954.528      0.000    954.528 
                    p0          9    394.666      0.000    394.666 
                      p0        3    134.340      0.000    134.340 
                        ha0     1     47.565      0.000     47.565 
                        ha1     1     47.565      0.000     47.565 
                        fa0     1     39.210      0.000     39.210 
                      p1        3    134.340      0.000    134.340 
                        ha0     1     47.565      0.000     47.565 
                        ha1     1     47.565      0.000     47.565 
                        fa0     1     39.210      0.000     39.210 
                    p1          9    394.666      0.000    394.666 
                      p0        3    134.340      0.000    134.340 
                        ha0     1     47.565      0.000     47.565 
                        ha1     1     47.565      0.000     47.565 
                        fa0     1     39.210      0.000     39.210 
                      p1        3    134.340      0.000    134.340 
                        ha0     1     47.565      0.000     47.565 
                        ha1     1     47.565      0.000     47.565 
                        fa0     1     39.210      0.000     39.210 
                p1             49   2113.463      0.000   2113.463 
                  p0           22    954.528      0.000    954.528 
                    p0          9    394.666      0.000    394.666 
                      p0        3    134.340      0.000    134.340 
                        ha0     1     47.565      0.000     47.565 
                        ha1     1     47.565      0.000     47.565 
                        fa0     1     39.210      0.000     39.210 
                      p1        3    134.340      0.000    134.340 
                        ha0     1     47.565      0.000     47.565 
                        ha1     1     47.565      0.000     47.565 
                        fa0     1     39.210      0.000     39.210 
                    p1          9    394.666      0.000    394.666 
                      p0        3    134.340      0.000    134.340 
                        ha0     1     47.565      0.000     47.565 
                        ha1     1     47.565      0.000     47.565 
                        fa0     1     39.210      0.000     39.210 
                      p1        3    134.340      0.000    134.340 
                        ha0     1     47.565      0.000     47.565 
                        ha1     1     47.565      0.000     47.565 
                        fa0     1     39.210      0.000     39.210 
                  p1           22    954.528      0.000    954.528 
                    p0          9    394.666      0.000    394.666 
                      p0        3    134.340      0.000    134.340 
                        ha0     1     47.565      0.000     47.565 
                        ha1     1     47.565      0.000     47.565 
                        fa0     1     39.210      0.000     39.210 
                      p1        3    134.340      0.000    134.340 
                        ha0     1     47.565      0.000     47.565 
                        ha1     1     47.565      0.000     47.565 
                        fa0     1     39.210      0.000     39.210 
                    p1          9    394.666      0.000    394.666 
                      p0        3    134.340      0.000    134.340 
                        ha0     1     47.565      0.000     47.565 
                        ha1     1     47.565      0.000     47.565 
                        fa0     1     39.210      0.000     39.210 
                      p1        3    134.340      0.000    134.340 
                        ha0     1     47.565      0.000     47.565 
                        ha1     1     47.565      0.000     47.565 
                        fa0     1     39.210      0.000     39.210 
              p1              104   4470.543      0.000   4470.543 
                p0             49   2113.463      0.000   2113.463 
                  p0           22    954.528      0.000    954.528 
                    p0          9    394.666      0.000    394.666 
                      p0        3    134.340      0.000    134.340 
                        ha0     1     47.565      0.000     47.565 
                        ha1     1     47.565      0.000     47.565 
                        fa0     1     39.210      0.000     39.210 
                      p1        3    134.340      0.000    134.340 
                        ha0     1     47.565      0.000     47.565 
                        ha1     1     47.565      0.000     47.565 
                        fa0     1     39.210      0.000     39.210 
                    p1          9    394.666      0.000    394.666 
                      p0        3    134.340      0.000    134.340 
                        ha0     1     47.565      0.000     47.565 
                        ha1     1     47.565      0.000     47.565 
                        fa0     1     39.210      0.000     39.210 
                      p1        3    134.340      0.000    134.340 
                        ha0     1     47.565      0.000     47.565 
                        ha1     1     47.565      0.000     47.565 
                        fa0     1     39.210      0.000     39.210 
                  p1           22    954.528      0.000    954.528 
                    p0          9    394.666      0.000    394.666 
                      p0        3    134.340      0.000    134.340 
                        ha0     1     47.565      0.000     47.565 
                        ha1     1     47.565      0.000     47.565 
                        fa0     1     39.210      0.000     39.210 
                      p1        3    134.340      0.000    134.340 
                        ha0     1     47.565      0.000     47.565 
                        ha1     1     47.565      0.000     47.565 
                        fa0     1     39.210      0.000     39.210 
                    p1          9    394.666      0.000    394.666 
                      p0        3    134.340      0.000    134.340 
                        ha0     1     47.565      0.000     47.565 
                        ha1     1     47.565      0.000     47.565 
                        fa0     1     39.210      0.000     39.210 
                      p1        3    134.340      0.000    134.340 
                        ha0     1     47.565      0.000     47.565 
                        ha1     1     47.565      0.000     47.565 
                        fa0     1     39.210      0.000     39.210 
                p1             49   2113.463      0.000   2113.463 
                  p0           22    954.528      0.000    954.528 
                    p0          9    394.666      0.000    394.666 
                      p0        3    134.340      0.000    134.340 
                        ha0     1     47.565      0.000     47.565 
                        ha1     1     47.565      0.000     47.565 
                        fa0     1     39.210      0.000     39.210 
                      p1        3    134.340      0.000    134.340 
                        ha0     1     47.565      0.000     47.565 
                        ha1     1     47.565      0.000     47.565 
                        fa0     1     39.210      0.000     39.210 
                    p1          9    394.666      0.000    394.666 
                      p0        3    134.340      0.000    134.340 
                        ha0     1     47.565      0.000     47.565 
                        ha1     1     47.565      0.000     47.565 
                        fa0     1     39.210      0.000     39.210 
                      p1        3    134.340      0.000    134.340 
                        ha0     1     47.565      0.000     47.565 
                        ha1     1     47.565      0.000     47.565 
                        fa0     1     39.210      0.000     39.210 
                  p1           22    954.528      0.000    954.528 
                    p0          9    394.666      0.000    394.666 
                      p0        3    134.340      0.000    134.340 
                        ha0     1     47.565      0.000     47.565 
                        ha1     1     47.565      0.000     47.565 
                        fa0     1     39.210      0.000     39.210 
                      p1        3    134.340      0.000    134.340 
                        ha0     1     47.565      0.000     47.565 
                        ha1     1     47.565      0.000     47.565 
                        fa0     1     39.210      0.000     39.210 
                    p1          9    394.666      0.000    394.666 
                      p0        3    134.340      0.000    134.340 
                        ha0     1     47.565      0.000     47.565 
                        ha1     1     47.565      0.000     47.565 
                        fa0     1     39.210      0.000     39.210 
                      p1        3    134.340      0.000    134.340 
                        ha0     1     47.565      0.000     47.565 
                        ha1     1     47.565      0.000     47.565 
                        fa0     1     39.210      0.000     39.210 
          p1                  438  18769.865      0.000  18769.865 
            p0                215   9223.914      0.000   9223.914 
              p0              104   4470.543      0.000   4470.543 
                p0             49   2113.463      0.000   2113.463 
                  p0           22    954.528      0.000    954.528 
                    p0          9    394.666      0.000    394.666 
                      p0        3    134.340      0.000    134.340 
                        ha0     1     47.565      0.000     47.565 
                        ha1     1     47.565      0.000     47.565 
                        fa0     1     39.210      0.000     39.210 
                      p1        3    134.340      0.000    134.340 
                        ha0     1     47.565      0.000     47.565 
                        ha1     1     47.565      0.000     47.565 
                        fa0     1     39.210      0.000     39.210 
                    p1          9    394.666      0.000    394.666 
                      p0        3    134.340      0.000    134.340 
                        ha0     1     47.565      0.000     47.565 
                        ha1     1     47.565      0.000     47.565 
                        fa0     1     39.210      0.000     39.210 
                      p1        3    134.340      0.000    134.340 
                        ha0     1     47.565      0.000     47.565 
                        ha1     1     47.565      0.000     47.565 
                        fa0     1     39.210      0.000     39.210 
                  p1           22    954.528      0.000    954.528 
                    p0          9    394.666      0.000    394.666 
                      p0        3    134.340      0.000    134.340 
                        ha0     1     47.565      0.000     47.565 
                        ha1     1     47.565      0.000     47.565 
                        fa0     1     39.210      0.000     39.210 
                      p1        3    134.340      0.000    134.340 
                        ha0     1     47.565      0.000     47.565 
                        ha1     1     47.565      0.000     47.565 
                        fa0     1     39.210      0.000     39.210 
                    p1          9    394.666      0.000    394.666 
                      p0        3    134.340      0.000    134.340 
                        ha0     1     47.565      0.000     47.565 
                        ha1     1     47.565      0.000     47.565 
                        fa0     1     39.210      0.000     39.210 
                      p1        3    134.340      0.000    134.340 
                        ha0     1     47.565      0.000     47.565 
                        ha1     1     47.565      0.000     47.565 
                        fa0     1     39.210      0.000     39.210 
                p1             49   2113.463      0.000   2113.463 
                  p0           22    954.528      0.000    954.528 
                    p0          9    394.666      0.000    394.666 
                      p0        3    134.340      0.000    134.340 
                        ha0     1     47.565      0.000     47.565 
                        ha1     1     47.565      0.000     47.565 
                        fa0     1     39.210      0.000     39.210 
                      p1        3    134.340      0.000    134.340 
                        ha0     1     47.565      0.000     47.565 
                        ha1     1     47.565      0.000     47.565 
                        fa0     1     39.210      0.000     39.210 
                    p1          9    394.666      0.000    394.666 
                      p0        3    134.340      0.000    134.340 
                        ha0     1     47.565      0.000     47.565 
                        ha1     1     47.565      0.000     47.565 
                        fa0     1     39.210      0.000     39.210 
                      p1        3    134.340      0.000    134.340 
                        ha0     1     47.565      0.000     47.565 
                        ha1     1     47.565      0.000     47.565 
                        fa0     1     39.210      0.000     39.210 
                  p1           22    954.528      0.000    954.528 
                    p0          9    394.666      0.000    394.666 
                      p0        3    134.340      0.000    134.340 
                        ha0     1     47.565      0.000     47.565 
                        ha1     1     47.565      0.000     47.565 
                        fa0     1     39.210      0.000     39.210 
                      p1        3    134.340      0.000    134.340 
                        ha0     1     47.565      0.000     47.565 
                        ha1     1     47.565      0.000     47.565 
                        fa0     1     39.210      0.000     39.210 
                    p1          9    394.666      0.000    394.666 
                      p0        3    134.340      0.000    134.340 
                        ha0     1     47.565      0.000     47.565 
                        ha1     1     47.565      0.000     47.565 
                        fa0     1     39.210      0.000     39.210 
                      p1        3    134.340      0.000    134.340 
                        ha0     1     47.565      0.000     47.565 
                        ha1     1     47.565      0.000     47.565 
                        fa0     1     39.210      0.000     39.210 
              p1              104   4470.543      0.000   4470.543 
                p0             49   2113.463      0.000   2113.463 
                  p0           22    954.528      0.000    954.528 
                    p0          9    394.666      0.000    394.666 
                      p0        3    134.340      0.000    134.340 
                        ha0     1     47.565      0.000     47.565 
                        ha1     1     47.565      0.000     47.565 
                        fa0     1     39.210      0.000     39.210 
                      p1        3    134.340      0.000    134.340 
                        ha0     1     47.565      0.000     47.565 
                        ha1     1     47.565      0.000     47.565 
                        fa0     1     39.210      0.000     39.210 
                    p1          9    394.666      0.000    394.666 
                      p0        3    134.340      0.000    134.340 
                        ha0     1     47.565      0.000     47.565 
                        ha1     1     47.565      0.000     47.565 
                        fa0     1     39.210      0.000     39.210 
                      p1        3    134.340      0.000    134.340 
                        ha0     1     47.565      0.000     47.565 
                        ha1     1     47.565      0.000     47.565 
                        fa0     1     39.210      0.000     39.210 
                  p1           22    954.528      0.000    954.528 
                    p0          9    394.666      0.000    394.666 
                      p0        3    134.340      0.000    134.340 
                        ha0     1     47.565      0.000     47.565 
                        ha1     1     47.565      0.000     47.565 
                        fa0     1     39.210      0.000     39.210 
                      p1        3    134.340      0.000    134.340 
                        ha0     1     47.565      0.000     47.565 
                        ha1     1     47.565      0.000     47.565 
                        fa0     1     39.210      0.000     39.210 
                    p1          9    394.666      0.000    394.666 
                      p0        3    134.340      0.000    134.340 
                        ha0     1     47.565      0.000     47.565 
                        ha1     1     47.565      0.000     47.565 
                        fa0     1     39.210      0.000     39.210 
                      p1        3    134.340      0.000    134.340 
                        ha0     1     47.565      0.000     47.565 
                        ha1     1     47.565      0.000     47.565 
                        fa0     1     39.210      0.000     39.210 
                p1             49   2113.463      0.000   2113.463 
                  p0           22    954.528      0.000    954.528 
                    p0          9    394.666      0.000    394.666 
                      p0        3    134.340      0.000    134.340 
                        ha0     1     47.565      0.000     47.565 
                        ha1     1     47.565      0.000     47.565 
                        fa0     1     39.210      0.000     39.210 
                      p1        3    134.340      0.000    134.340 
                        ha0     1     47.565      0.000     47.565 
                        ha1     1     47.565      0.000     47.565 
                        fa0     1     39.210      0.000     39.210 
                    p1          9    394.666      0.000    394.666 
                      p0        3    134.340      0.000    134.340 
                        ha0     1     47.565      0.000     47.565 
                        ha1     1     47.565      0.000     47.565 
                        fa0     1     39.210      0.000     39.210 
                      p1        3    134.340      0.000    134.340 
                        ha0     1     47.565      0.000     47.565 
                        ha1     1     47.565      0.000     47.565 
                        fa0     1     39.210      0.000     39.210 
                  p1           22    954.528      0.000    954.528 
                    p0          9    394.666      0.000    394.666 
                      p0        3    134.340      0.000    134.340 
                        ha0     1     47.565      0.000     47.565 
                        ha1     1     47.565      0.000     47.565 
                        fa0     1     39.210      0.000     39.210 
                      p1        3    134.340      0.000    134.340 
                        ha0     1     47.565      0.000     47.565 
                        ha1     1     47.565      0.000     47.565 
                        fa0     1     39.210      0.000     39.210 
                    p1          9    394.666      0.000    394.666 
                      p0        3    134.340      0.000    134.340 
                        ha0     1     47.565      0.000     47.565 
                        ha1     1     47.565      0.000     47.565 
                        fa0     1     39.210      0.000     39.210 
                      p1        3    134.340      0.000    134.340 
                        ha0     1     47.565      0.000     47.565 
                        ha1     1     47.565      0.000     47.565 
                        fa0     1     39.210      0.000     39.210 
            p1                215   9223.914      0.000   9223.914 
              p0              104   4470.543      0.000   4470.543 
                p0             49   2113.463      0.000   2113.463 
                  p0           22    954.528      0.000    954.528 
                    p0          9    394.666      0.000    394.666 
                      p0        3    134.340      0.000    134.340 
                        ha0     1     47.565      0.000     47.565 
                        ha1     1     47.565      0.000     47.565 
                        fa0     1     39.210      0.000     39.210 
                      p1        3    134.340      0.000    134.340 
                        ha0     1     47.565      0.000     47.565 
                        ha1     1     47.565      0.000     47.565 
                        fa0     1     39.210      0.000     39.210 
                    p1          9    394.666      0.000    394.666 
                      p0        3    134.340      0.000    134.340 
                        ha0     1     47.565      0.000     47.565 
                        ha1     1     47.565      0.000     47.565 
                        fa0     1     39.210      0.000     39.210 
                      p1        3    134.340      0.000    134.340 
                        ha0     1     47.565      0.000     47.565 
                        ha1     1     47.565      0.000     47.565 
                        fa0     1     39.210      0.000     39.210 
                  p1           22    954.528      0.000    954.528 
                    p0          9    394.666      0.000    394.666 
                      p0        3    134.340      0.000    134.340 
                        ha0     1     47.565      0.000     47.565 
                        ha1     1     47.565      0.000     47.565 
                        fa0     1     39.210      0.000     39.210 
                      p1        3    134.340      0.000    134.340 
                        ha0     1     47.565      0.000     47.565 
                        ha1     1     47.565      0.000     47.565 
                        fa0     1     39.210      0.000     39.210 
                    p1          9    394.666      0.000    394.666 
                      p0        3    134.340      0.000    134.340 
                        ha0     1     47.565      0.000     47.565 
                        ha1     1     47.565      0.000     47.565 
                        fa0     1     39.210      0.000     39.210 
                      p1        3    134.340      0.000    134.340 
                        ha0     1     47.565      0.000     47.565 
                        ha1     1     47.565      0.000     47.565 
                        fa0     1     39.210      0.000     39.210 
                p1             49   2113.463      0.000   2113.463 
                  p0           22    954.528      0.000    954.528 
                    p0          9    394.666      0.000    394.666 
                      p0        3    134.340      0.000    134.340 
                        ha0     1     47.565      0.000     47.565 
                        ha1     1     47.565      0.000     47.565 
                        fa0     1     39.210      0.000     39.210 
                      p1        3    134.340      0.000    134.340 
                        ha0     1     47.565      0.000     47.565 
                        ha1     1     47.565      0.000     47.565 
                        fa0     1     39.210      0.000     39.210 
                    p1          9    394.666      0.000    394.666 
                      p0        3    134.340      0.000    134.340 
                        ha0     1     47.565      0.000     47.565 
                        ha1     1     47.565      0.000     47.565 
                        fa0     1     39.210      0.000     39.210 
                      p1        3    134.340      0.000    134.340 
                        ha0     1     47.565      0.000     47.565 
                        ha1     1     47.565      0.000     47.565 
                        fa0     1     39.210      0.000     39.210 
                  p1           22    954.528      0.000    954.528 
                    p0          9    394.666      0.000    394.666 
                      p0        3    134.340      0.000    134.340 
                        ha0     1     47.565      0.000     47.565 
                        ha1     1     47.565      0.000     47.565 
                        fa0     1     39.210      0.000     39.210 
                      p1        3    134.340      0.000    134.340 
                        ha0     1     47.565      0.000     47.565 
                        ha1     1     47.565      0.000     47.565 
                        fa0     1     39.210      0.000     39.210 
                    p1          9    394.666      0.000    394.666 
                      p0        3    134.340      0.000    134.340 
                        ha0     1     47.565      0.000     47.565 
                        ha1     1     47.565      0.000     47.565 
                        fa0     1     39.210      0.000     39.210 
                      p1        3    134.340      0.000    134.340 
                        ha0     1     47.565      0.000     47.565 
                        ha1     1     47.565      0.000     47.565 
                        fa0     1     39.210      0.000     39.210 
              p1              104   4470.543      0.000   4470.543 
                p0             49   2113.463      0.000   2113.463 
                  p0           22    954.528      0.000    954.528 
                    p0          9    394.666      0.000    394.666 
                      p0        3    134.340      0.000    134.340 
                        ha0     1     47.565      0.000     47.565 
                        ha1     1     47.565      0.000     47.565 
                        fa0     1     39.210      0.000     39.210 
                      p1        3    134.340      0.000    134.340 
                        ha0     1     47.565      0.000     47.565 
                        ha1     1     47.565      0.000     47.565 
                        fa0     1     39.210      0.000     39.210 
                    p1          9    394.666      0.000    394.666 
                      p0        3    134.340      0.000    134.340 
                        ha0     1     47.565      0.000     47.565 
                        ha1     1     47.565      0.000     47.565 
                        fa0     1     39.210      0.000     39.210 
                      p1        3    134.340      0.000    134.340 
                        ha0     1     47.565      0.000     47.565 
                        ha1     1     47.565      0.000     47.565 
                        fa0     1     39.210      0.000     39.210 
                  p1           22    954.528      0.000    954.528 
                    p0          9    394.666      0.000    394.666 
                      p0        3    134.340      0.000    134.340 
                        ha0     1     47.565      0.000     47.565 
                        ha1     1     47.565      0.000     47.565 
                        fa0     1     39.210      0.000     39.210 
                      p1        3    134.340      0.000    134.340 
                        ha0     1     47.565      0.000     47.565 
                        ha1     1     47.565      0.000     47.565 
                        fa0     1     39.210      0.000     39.210 
                    p1          9    394.666      0.000    394.666 
                      p0        3    134.340      0.000    134.340 
                        ha0     1     47.565      0.000     47.565 
                        ha1     1     47.565      0.000     47.565 
                        fa0     1     39.210      0.000     39.210 
                      p1        3    134.340      0.000    134.340 
                        ha0     1     47.565      0.000     47.565 
                        ha1     1     47.565      0.000     47.565 
                        fa0     1     39.210      0.000     39.210 
                p1             49   2113.463      0.000   2113.463 
                  p0           22    954.528      0.000    954.528 
                    p0          9    394.666      0.000    394.666 
                      p0        3    134.340      0.000    134.340 
                        ha0     1     47.565      0.000     47.565 
                        ha1     1     47.565      0.000     47.565 
                        fa0     1     39.210      0.000     39.210 
                      p1        3    134.340      0.000    134.340 
                        ha0     1     47.565      0.000     47.565 
                        ha1     1     47.565      0.000     47.565 
                        fa0     1     39.210      0.000     39.210 
                    p1          9    394.666      0.000    394.666 
                      p0        3    134.340      0.000    134.340 
                        ha0     1     47.565      0.000     47.565 
                        ha1     1     47.565      0.000     47.565 
                        fa0     1     39.210      0.000     39.210 
                      p1        3    134.340      0.000    134.340 
                        ha0     1     47.565      0.000     47.565 
                        ha1     1     47.565      0.000     47.565 
                        fa0     1     39.210      0.000     39.210 
                  p1           22    954.528      0.000    954.528 
                    p0          9    394.666      0.000    394.666 
                      p0        3    134.340      0.000    134.340 
                        ha0     1     47.565      0.000     47.565 
                        ha1     1     47.565      0.000     47.565 
                        fa0     1     39.210      0.000     39.210 
                      p1        3    134.340      0.000    134.340 
                        ha0     1     47.565      0.000     47.565 
                        ha1     1     47.565      0.000     47.565 
                        fa0     1     39.210      0.000     39.210 
                    p1          9    394.666      0.000    394.666 
                      p0        3    134.340      0.000    134.340 
                        ha0     1     47.565      0.000     47.565 
                        ha1     1     47.565      0.000     47.565 
                        fa0     1     39.210      0.000     39.210 
                      p1        3    134.340      0.000    134.340 
                        ha0     1     47.565      0.000     47.565 
                        ha1     1     47.565      0.000     47.565 
                        fa0     1     39.210      0.000     39.210 
        p1                    885  37900.978      0.000  37900.978 
          p0                  438  18769.865      0.000  18769.865 
            p0                215   9223.914      0.000   9223.914 
              p0              104   4470.543      0.000   4470.543 
                p0             49   2113.463      0.000   2113.463 
                  p0           22    954.528      0.000    954.528 
                    p0          9    394.666      0.000    394.666 
                      p0        3    134.340      0.000    134.340 
                        ha0     1     47.565      0.000     47.565 
                        ha1     1     47.565      0.000     47.565 
                        fa0     1     39.210      0.000     39.210 
                      p1        3    134.340      0.000    134.340 
                        ha0     1     47.565      0.000     47.565 
                        ha1     1     47.565      0.000     47.565 
                        fa0     1     39.210      0.000     39.210 
                    p1          9    394.666      0.000    394.666 
                      p0        3    134.340      0.000    134.340 
                        ha0     1     47.565      0.000     47.565 
                        ha1     1     47.565      0.000     47.565 
                        fa0     1     39.210      0.000     39.210 
                      p1        3    134.340      0.000    134.340 
                        ha0     1     47.565      0.000     47.565 
                        ha1     1     47.565      0.000     47.565 
                        fa0     1     39.210      0.000     39.210 
                  p1           22    954.528      0.000    954.528 
                    p0          9    394.666      0.000    394.666 
                      p0        3    134.340      0.000    134.340 
                        ha0     1     47.565      0.000     47.565 
                        ha1     1     47.565      0.000     47.565 
                        fa0     1     39.210      0.000     39.210 
                      p1        3    134.340      0.000    134.340 
                        ha0     1     47.565      0.000     47.565 
                        ha1     1     47.565      0.000     47.565 
                        fa0     1     39.210      0.000     39.210 
                    p1          9    394.666      0.000    394.666 
                      p0        3    134.340      0.000    134.340 
                        ha0     1     47.565      0.000     47.565 
                        ha1     1     47.565      0.000     47.565 
                        fa0     1     39.210      0.000     39.210 
                      p1        3    134.340      0.000    134.340 
                        ha0     1     47.565      0.000     47.565 
                        ha1     1     47.565      0.000     47.565 
                        fa0     1     39.210      0.000     39.210 
                p1             49   2113.463      0.000   2113.463 
                  p0           22    954.528      0.000    954.528 
                    p0          9    394.666      0.000    394.666 
                      p0        3    134.340      0.000    134.340 
                        ha0     1     47.565      0.000     47.565 
                        ha1     1     47.565      0.000     47.565 
                        fa0     1     39.210      0.000     39.210 
                      p1        3    134.340      0.000    134.340 
                        ha0     1     47.565      0.000     47.565 
                        ha1     1     47.565      0.000     47.565 
                        fa0     1     39.210      0.000     39.210 
                    p1          9    394.666      0.000    394.666 
                      p0        3    134.340      0.000    134.340 
                        ha0     1     47.565      0.000     47.565 
                        ha1     1     47.565      0.000     47.565 
                        fa0     1     39.210      0.000     39.210 
                      p1        3    134.340      0.000    134.340 
                        ha0     1     47.565      0.000     47.565 
                        ha1     1     47.565      0.000     47.565 
                        fa0     1     39.210      0.000     39.210 
                  p1           22    954.528      0.000    954.528 
                    p0          9    394.666      0.000    394.666 
                      p0        3    134.340      0.000    134.340 
                        ha0     1     47.565      0.000     47.565 
                        ha1     1     47.565      0.000     47.565 
                        fa0     1     39.210      0.000     39.210 
                      p1        3    134.340      0.000    134.340 
                        ha0     1     47.565      0.000     47.565 
                        ha1     1     47.565      0.000     47.565 
                        fa0     1     39.210      0.000     39.210 
                    p1          9    394.666      0.000    394.666 
                      p0        3    134.340      0.000    134.340 
                        ha0     1     47.565      0.000     47.565 
                        ha1     1     47.565      0.000     47.565 
                        fa0     1     39.210      0.000     39.210 
                      p1        3    134.340      0.000    134.340 
                        ha0     1     47.565      0.000     47.565 
                        ha1     1     47.565      0.000     47.565 
                        fa0     1     39.210      0.000     39.210 
              p1              104   4470.543      0.000   4470.543 
                p0             49   2113.463      0.000   2113.463 
                  p0           22    954.528      0.000    954.528 
                    p0          9    394.666      0.000    394.666 
                      p0        3    134.340      0.000    134.340 
                        ha0     1     47.565      0.000     47.565 
                        ha1     1     47.565      0.000     47.565 
                        fa0     1     39.210      0.000     39.210 
                      p1        3    134.340      0.000    134.340 
                        ha0     1     47.565      0.000     47.565 
                        ha1     1     47.565      0.000     47.565 
                        fa0     1     39.210      0.000     39.210 
                    p1          9    394.666      0.000    394.666 
                      p0        3    134.340      0.000    134.340 
                        ha0     1     47.565      0.000     47.565 
                        ha1     1     47.565      0.000     47.565 
                        fa0     1     39.210      0.000     39.210 
                      p1        3    134.340      0.000    134.340 
                        ha0     1     47.565      0.000     47.565 
                        ha1     1     47.565      0.000     47.565 
                        fa0     1     39.210      0.000     39.210 
                  p1           22    954.528      0.000    954.528 
                    p0          9    394.666      0.000    394.666 
                      p0        3    134.340      0.000    134.340 
                        ha0     1     47.565      0.000     47.565 
                        ha1     1     47.565      0.000     47.565 
                        fa0     1     39.210      0.000     39.210 
                      p1        3    134.340      0.000    134.340 
                        ha0     1     47.565      0.000     47.565 
                        ha1     1     47.565      0.000     47.565 
                        fa0     1     39.210      0.000     39.210 
                    p1          9    394.666      0.000    394.666 
                      p0        3    134.340      0.000    134.340 
                        ha0     1     47.565      0.000     47.565 
                        ha1     1     47.565      0.000     47.565 
                        fa0     1     39.210      0.000     39.210 
                      p1        3    134.340      0.000    134.340 
                        ha0     1     47.565      0.000     47.565 
                        ha1     1     47.565      0.000     47.565 
                        fa0     1     39.210      0.000     39.210 
                p1             49   2113.463      0.000   2113.463 
                  p0           22    954.528      0.000    954.528 
                    p0          9    394.666      0.000    394.666 
                      p0        3    134.340      0.000    134.340 
                        ha0     1     47.565      0.000     47.565 
                        ha1     1     47.565      0.000     47.565 
                        fa0     1     39.210      0.000     39.210 
                      p1        3    134.340      0.000    134.340 
                        ha0     1     47.565      0.000     47.565 
                        ha1     1     47.565      0.000     47.565 
                        fa0     1     39.210      0.000     39.210 
                    p1          9    394.666      0.000    394.666 
                      p0        3    134.340      0.000    134.340 
                        ha0     1     47.565      0.000     47.565 
                        ha1     1     47.565      0.000     47.565 
                        fa0     1     39.210      0.000     39.210 
                      p1        3    134.340      0.000    134.340 
                        ha0     1     47.565      0.000     47.565 
                        ha1     1     47.565      0.000     47.565 
                        fa0     1     39.210      0.000     39.210 
                  p1           22    954.528      0.000    954.528 
                    p0          9    394.666      0.000    394.666 
                      p0        3    134.340      0.000    134.340 
                        ha0     1     47.565      0.000     47.565 
                        ha1     1     47.565      0.000     47.565 
                        fa0     1     39.210      0.000     39.210 
                      p1        3    134.340      0.000    134.340 
                        ha0     1     47.565      0.000     47.565 
                        ha1     1     47.565      0.000     47.565 
                        fa0     1     39.210      0.000     39.210 
                    p1          9    394.666      0.000    394.666 
                      p0        3    134.340      0.000    134.340 
                        ha0     1     47.565      0.000     47.565 
                        ha1     1     47.565      0.000     47.565 
                        fa0     1     39.210      0.000     39.210 
                      p1        3    134.340      0.000    134.340 
                        ha0     1     47.565      0.000     47.565 
                        ha1     1     47.565      0.000     47.565 
                        fa0     1     39.210      0.000     39.210 
            p1                215   9223.914      0.000   9223.914 
              p0              104   4470.543      0.000   4470.543 
                p0             49   2113.463      0.000   2113.463 
                  p0           22    954.528      0.000    954.528 
                    p0          9    394.666      0.000    394.666 
                      p0        3    134.340      0.000    134.340 
                        ha0     1     47.565      0.000     47.565 
                        ha1     1     47.565      0.000     47.565 
                        fa0     1     39.210      0.000     39.210 
                      p1        3    134.340      0.000    134.340 
                        ha0     1     47.565      0.000     47.565 
                        ha1     1     47.565      0.000     47.565 
                        fa0     1     39.210      0.000     39.210 
                    p1          9    394.666      0.000    394.666 
                      p0        3    134.340      0.000    134.340 
                        ha0     1     47.565      0.000     47.565 
                        ha1     1     47.565      0.000     47.565 
                        fa0     1     39.210      0.000     39.210 
                      p1        3    134.340      0.000    134.340 
                        ha0     1     47.565      0.000     47.565 
                        ha1     1     47.565      0.000     47.565 
                        fa0     1     39.210      0.000     39.210 
                  p1           22    954.528      0.000    954.528 
                    p0          9    394.666      0.000    394.666 
                      p0        3    134.340      0.000    134.340 
                        ha0     1     47.565      0.000     47.565 
                        ha1     1     47.565      0.000     47.565 
                        fa0     1     39.210      0.000     39.210 
                      p1        3    134.340      0.000    134.340 
                        ha0     1     47.565      0.000     47.565 
                        ha1     1     47.565      0.000     47.565 
                        fa0     1     39.210      0.000     39.210 
                    p1          9    394.666      0.000    394.666 
                      p0        3    134.340      0.000    134.340 
                        ha0     1     47.565      0.000     47.565 
                        ha1     1     47.565      0.000     47.565 
                        fa0     1     39.210      0.000     39.210 
                      p1        3    134.340      0.000    134.340 
                        ha0     1     47.565      0.000     47.565 
                        ha1     1     47.565      0.000     47.565 
                        fa0     1     39.210      0.000     39.210 
                p1             49   2113.463      0.000   2113.463 
                  p0           22    954.528      0.000    954.528 
                    p0          9    394.666      0.000    394.666 
                      p0        3    134.340      0.000    134.340 
                        ha0     1     47.565      0.000     47.565 
                        ha1     1     47.565      0.000     47.565 
                        fa0     1     39.210      0.000     39.210 
                      p1        3    134.340      0.000    134.340 
                        ha0     1     47.565      0.000     47.565 
                        ha1     1     47.565      0.000     47.565 
                        fa0     1     39.210      0.000     39.210 
                    p1          9    394.666      0.000    394.666 
                      p0        3    134.340      0.000    134.340 
                        ha0     1     47.565      0.000     47.565 
                        ha1     1     47.565      0.000     47.565 
                        fa0     1     39.210      0.000     39.210 
                      p1        3    134.340      0.000    134.340 
                        ha0     1     47.565      0.000     47.565 
                        ha1     1     47.565      0.000     47.565 
                        fa0     1     39.210      0.000     39.210 
                  p1           22    954.528      0.000    954.528 
                    p0          9    394.666      0.000    394.666 
                      p0        3    134.340      0.000    134.340 
                        ha0     1     47.565      0.000     47.565 
                        ha1     1     47.565      0.000     47.565 
                        fa0     1     39.210      0.000     39.210 
                      p1        3    134.340      0.000    134.340 
                        ha0     1     47.565      0.000     47.565 
                        ha1     1     47.565      0.000     47.565 
                        fa0     1     39.210      0.000     39.210 
                    p1          9    394.666      0.000    394.666 
                      p0        3    134.340      0.000    134.340 
                        ha0     1     47.565      0.000     47.565 
                        ha1     1     47.565      0.000     47.565 
                        fa0     1     39.210      0.000     39.210 
                      p1        3    134.340      0.000    134.340 
                        ha0     1     47.565      0.000     47.565 
                        ha1     1     47.565      0.000     47.565 
                        fa0     1     39.210      0.000     39.210 
              p1              104   4470.543      0.000   4470.543 
                p0             49   2113.463      0.000   2113.463 
                  p0           22    954.528      0.000    954.528 
                    p0          9    394.666      0.000    394.666 
                      p0        3    134.340      0.000    134.340 
                        ha0     1     47.565      0.000     47.565 
                        ha1     1     47.565      0.000     47.565 
                        fa0     1     39.210      0.000     39.210 
                      p1        3    134.340      0.000    134.340 
                        ha0     1     47.565      0.000     47.565 
                        ha1     1     47.565      0.000     47.565 
                        fa0     1     39.210      0.000     39.210 
                    p1          9    394.666      0.000    394.666 
                      p0        3    134.340      0.000    134.340 
                        ha0     1     47.565      0.000     47.565 
                        ha1     1     47.565      0.000     47.565 
                        fa0     1     39.210      0.000     39.210 
                      p1        3    134.340      0.000    134.340 
                        ha0     1     47.565      0.000     47.565 
                        ha1     1     47.565      0.000     47.565 
                        fa0     1     39.210      0.000     39.210 
                  p1           22    954.528      0.000    954.528 
                    p0          9    394.666      0.000    394.666 
                      p0        3    134.340      0.000    134.340 
                        ha0     1     47.565      0.000     47.565 
                        ha1     1     47.565      0.000     47.565 
                        fa0     1     39.210      0.000     39.210 
                      p1        3    134.340      0.000    134.340 
                        ha0     1     47.565      0.000     47.565 
                        ha1     1     47.565      0.000     47.565 
                        fa0     1     39.210      0.000     39.210 
                    p1          9    394.666      0.000    394.666 
                      p0        3    134.340      0.000    134.340 
                        ha0     1     47.565      0.000     47.565 
                        ha1     1     47.565      0.000     47.565 
                        fa0     1     39.210      0.000     39.210 
                      p1        3    134.340      0.000    134.340 
                        ha0     1     47.565      0.000     47.565 
                        ha1     1     47.565      0.000     47.565 
                        fa0     1     39.210      0.000     39.210 
                p1             49   2113.463      0.000   2113.463 
                  p0           22    954.528      0.000    954.528 
                    p0          9    394.666      0.000    394.666 
                      p0        3    134.340      0.000    134.340 
                        ha0     1     47.565      0.000     47.565 
                        ha1     1     47.565      0.000     47.565 
                        fa0     1     39.210      0.000     39.210 
                      p1        3    134.340      0.000    134.340 
                        ha0     1     47.565      0.000     47.565 
                        ha1     1     47.565      0.000     47.565 
                        fa0     1     39.210      0.000     39.210 
                    p1          9    394.666      0.000    394.666 
                      p0        3    134.340      0.000    134.340 
                        ha0     1     47.565      0.000     47.565 
                        ha1     1     47.565      0.000     47.565 
                        fa0     1     39.210      0.000     39.210 
                      p1        3    134.340      0.000    134.340 
                        ha0     1     47.565      0.000     47.565 
                        ha1     1     47.565      0.000     47.565 
                        fa0     1     39.210      0.000     39.210 
                  p1           22    954.528      0.000    954.528 
                    p0          9    394.666      0.000    394.666 
                      p0        3    134.340      0.000    134.340 
                        ha0     1     47.565      0.000     47.565 
                        ha1     1     47.565      0.000     47.565 
                        fa0     1     39.210      0.000     39.210 
                      p1        3    134.340      0.000    134.340 
                        ha0     1     47.565      0.000     47.565 
                        ha1     1     47.565      0.000     47.565 
                        fa0     1     39.210      0.000     39.210 
                    p1          9    394.666      0.000    394.666 
                      p0        3    134.340      0.000    134.340 
                        ha0     1     47.565      0.000     47.565 
                        ha1     1     47.565      0.000     47.565 
                        fa0     1     39.210      0.000     39.210 
                      p1        3    134.340      0.000    134.340 
                        ha0     1     47.565      0.000     47.565 
                        ha1     1     47.565      0.000     47.565 
                        fa0     1     39.210      0.000     39.210 
          p1                  438  18769.865      0.000  18769.865 
            p0                215   9223.914      0.000   9223.914 
              p0              104   4470.543      0.000   4470.543 
                p0             49   2113.463      0.000   2113.463 
                  p0           22    954.528      0.000    954.528 
                    p0          9    394.666      0.000    394.666 
                      p0        3    134.340      0.000    134.340 
                        ha0     1     47.565      0.000     47.565 
                        ha1     1     47.565      0.000     47.565 
                        fa0     1     39.210      0.000     39.210 
                      p1        3    134.340      0.000    134.340 
                        ha0     1     47.565      0.000     47.565 
                        ha1     1     47.565      0.000     47.565 
                        fa0     1     39.210      0.000     39.210 
                    p1          9    394.666      0.000    394.666 
                      p0        3    134.340      0.000    134.340 
                        ha0     1     47.565      0.000     47.565 
                        ha1     1     47.565      0.000     47.565 
                        fa0     1     39.210      0.000     39.210 
                      p1        3    134.340      0.000    134.340 
                        ha0     1     47.565      0.000     47.565 
                        ha1     1     47.565      0.000     47.565 
                        fa0     1     39.210      0.000     39.210 
                  p1           22    954.528      0.000    954.528 
                    p0          9    394.666      0.000    394.666 
                      p0        3    134.340      0.000    134.340 
                        ha0     1     47.565      0.000     47.565 
                        ha1     1     47.565      0.000     47.565 
                        fa0     1     39.210      0.000     39.210 
                      p1        3    134.340      0.000    134.340 
                        ha0     1     47.565      0.000     47.565 
                        ha1     1     47.565      0.000     47.565 
                        fa0     1     39.210      0.000     39.210 
                    p1          9    394.666      0.000    394.666 
                      p0        3    134.340      0.000    134.340 
                        ha0     1     47.565      0.000     47.565 
                        ha1     1     47.565      0.000     47.565 
                        fa0     1     39.210      0.000     39.210 
                      p1        3    134.340      0.000    134.340 
                        ha0     1     47.565      0.000     47.565 
                        ha1     1     47.565      0.000     47.565 
                        fa0     1     39.210      0.000     39.210 
                p1             49   2113.463      0.000   2113.463 
                  p0           22    954.528      0.000    954.528 
                    p0          9    394.666      0.000    394.666 
                      p0        3    134.340      0.000    134.340 
                        ha0     1     47.565      0.000     47.565 
                        ha1     1     47.565      0.000     47.565 
                        fa0     1     39.210      0.000     39.210 
                      p1        3    134.340      0.000    134.340 
                        ha0     1     47.565      0.000     47.565 
                        ha1     1     47.565      0.000     47.565 
                        fa0     1     39.210      0.000     39.210 
                    p1          9    394.666      0.000    394.666 
                      p0        3    134.340      0.000    134.340 
                        ha0     1     47.565      0.000     47.565 
                        ha1     1     47.565      0.000     47.565 
                        fa0     1     39.210      0.000     39.210 
                      p1        3    134.340      0.000    134.340 
                        ha0     1     47.565      0.000     47.565 
                        ha1     1     47.565      0.000     47.565 
                        fa0     1     39.210      0.000     39.210 
                  p1           22    954.528      0.000    954.528 
                    p0          9    394.666      0.000    394.666 
                      p0        3    134.340      0.000    134.340 
                        ha0     1     47.565      0.000     47.565 
                        ha1     1     47.565      0.000     47.565 
                        fa0     1     39.210      0.000     39.210 
                      p1        3    134.340      0.000    134.340 
                        ha0     1     47.565      0.000     47.565 
                        ha1     1     47.565      0.000     47.565 
                        fa0     1     39.210      0.000     39.210 
                    p1          9    394.666      0.000    394.666 
                      p0        3    134.340      0.000    134.340 
                        ha0     1     47.565      0.000     47.565 
                        ha1     1     47.565      0.000     47.565 
                        fa0     1     39.210      0.000     39.210 
                      p1        3    134.340      0.000    134.340 
                        ha0     1     47.565      0.000     47.565 
                        ha1     1     47.565      0.000     47.565 
                        fa0     1     39.210      0.000     39.210 
              p1              104   4470.543      0.000   4470.543 
                p0             49   2113.463      0.000   2113.463 
                  p0           22    954.528      0.000    954.528 
                    p0          9    394.666      0.000    394.666 
                      p0        3    134.340      0.000    134.340 
                        ha0     1     47.565      0.000     47.565 
                        ha1     1     47.565      0.000     47.565 
                        fa0     1     39.210      0.000     39.210 
                      p1        3    134.340      0.000    134.340 
                        ha0     1     47.565      0.000     47.565 
                        ha1     1     47.565      0.000     47.565 
                        fa0     1     39.210      0.000     39.210 
                    p1          9    394.666      0.000    394.666 
                      p0        3    134.340      0.000    134.340 
                        ha0     1     47.565      0.000     47.565 
                        ha1     1     47.565      0.000     47.565 
                        fa0     1     39.210      0.000     39.210 
                      p1        3    134.340      0.000    134.340 
                        ha0     1     47.565      0.000     47.565 
                        ha1     1     47.565      0.000     47.565 
                        fa0     1     39.210      0.000     39.210 
                  p1           22    954.528      0.000    954.528 
                    p0          9    394.666      0.000    394.666 
                      p0        3    134.340      0.000    134.340 
                        ha0     1     47.565      0.000     47.565 
                        ha1     1     47.565      0.000     47.565 
                        fa0     1     39.210      0.000     39.210 
                      p1        3    134.340      0.000    134.340 
                        ha0     1     47.565      0.000     47.565 
                        ha1     1     47.565      0.000     47.565 
                        fa0     1     39.210      0.000     39.210 
                    p1          9    394.666      0.000    394.666 
                      p0        3    134.340      0.000    134.340 
                        ha0     1     47.565      0.000     47.565 
                        ha1     1     47.565      0.000     47.565 
                        fa0     1     39.210      0.000     39.210 
                      p1        3    134.340      0.000    134.340 
                        ha0     1     47.565      0.000     47.565 
                        ha1     1     47.565      0.000     47.565 
                        fa0     1     39.210      0.000     39.210 
                p1             49   2113.463      0.000   2113.463 
                  p0           22    954.528      0.000    954.528 
                    p0          9    394.666      0.000    394.666 
                      p0        3    134.340      0.000    134.340 
                        ha0     1     47.565      0.000     47.565 
                        ha1     1     47.565      0.000     47.565 
                        fa0     1     39.210      0.000     39.210 
                      p1        3    134.340      0.000    134.340 
                        ha0     1     47.565      0.000     47.565 
                        ha1     1     47.565      0.000     47.565 
                        fa0     1     39.210      0.000     39.210 
                    p1          9    394.666      0.000    394.666 
                      p0        3    134.340      0.000    134.340 
                        ha0     1     47.565      0.000     47.565 
                        ha1     1     47.565      0.000     47.565 
                        fa0     1     39.210      0.000     39.210 
                      p1        3    134.340      0.000    134.340 
                        ha0     1     47.565      0.000     47.565 
                        ha1     1     47.565      0.000     47.565 
                        fa0     1     39.210      0.000     39.210 
                  p1           22    954.528      0.000    954.528 
                    p0          9    394.666      0.000    394.666 
                      p0        3    134.340      0.000    134.340 
                        ha0     1     47.565      0.000     47.565 
                        ha1     1     47.565      0.000     47.565 
                        fa0     1     39.210      0.000     39.210 
                      p1        3    134.340      0.000    134.340 
                        ha0     1     47.565      0.000     47.565 
                        ha1     1     47.565      0.000     47.565 
                        fa0     1     39.210      0.000     39.210 
                    p1          9    394.666      0.000    394.666 
                      p0        3    134.340      0.000    134.340 
                        ha0     1     47.565      0.000     47.565 
                        ha1     1     47.565      0.000     47.565 
                        fa0     1     39.210      0.000     39.210 
                      p1        3    134.340      0.000    134.340 
                        ha0     1     47.565      0.000     47.565 
                        ha1     1     47.565      0.000     47.565 
                        fa0     1     39.210      0.000     39.210 
            p1                215   9223.914      0.000   9223.914 
              p0              104   4470.543      0.000   4470.543 
                p0             49   2113.463      0.000   2113.463 
                  p0           22    954.528      0.000    954.528 
                    p0          9    394.666      0.000    394.666 
                      p0        3    134.340      0.000    134.340 
                        ha0     1     47.565      0.000     47.565 
                        ha1     1     47.565      0.000     47.565 
                        fa0     1     39.210      0.000     39.210 
                      p1        3    134.340      0.000    134.340 
                        ha0     1     47.565      0.000     47.565 
                        ha1     1     47.565      0.000     47.565 
                        fa0     1     39.210      0.000     39.210 
                    p1          9    394.666      0.000    394.666 
                      p0        3    134.340      0.000    134.340 
                        ha0     1     47.565      0.000     47.565 
                        ha1     1     47.565      0.000     47.565 
                        fa0     1     39.210      0.000     39.210 
                      p1        3    134.340      0.000    134.340 
                        ha0     1     47.565      0.000     47.565 
                        ha1     1     47.565      0.000     47.565 
                        fa0     1     39.210      0.000     39.210 
                  p1           22    954.528      0.000    954.528 
                    p0          9    394.666      0.000    394.666 
                      p0        3    134.340      0.000    134.340 
                        ha0     1     47.565      0.000     47.565 
                        ha1     1     47.565      0.000     47.565 
                        fa0     1     39.210      0.000     39.210 
                      p1        3    134.340      0.000    134.340 
                        ha0     1     47.565      0.000     47.565 
                        ha1     1     47.565      0.000     47.565 
                        fa0     1     39.210      0.000     39.210 
                    p1          9    394.666      0.000    394.666 
                      p0        3    134.340      0.000    134.340 
                        ha0     1     47.565      0.000     47.565 
                        ha1     1     47.565      0.000     47.565 
                        fa0     1     39.210      0.000     39.210 
                      p1        3    134.340      0.000    134.340 
                        ha0     1     47.565      0.000     47.565 
                        ha1     1     47.565      0.000     47.565 
                        fa0     1     39.210      0.000     39.210 
                p1             49   2113.463      0.000   2113.463 
                  p0           22    954.528      0.000    954.528 
                    p0          9    394.666      0.000    394.666 
                      p0        3    134.340      0.000    134.340 
                        ha0     1     47.565      0.000     47.565 
                        ha1     1     47.565      0.000     47.565 
                        fa0     1     39.210      0.000     39.210 
                      p1        3    134.340      0.000    134.340 
                        ha0     1     47.565      0.000     47.565 
                        ha1     1     47.565      0.000     47.565 
                        fa0     1     39.210      0.000     39.210 
                    p1          9    394.666      0.000    394.666 
                      p0        3    134.340      0.000    134.340 
                        ha0     1     47.565      0.000     47.565 
                        ha1     1     47.565      0.000     47.565 
                        fa0     1     39.210      0.000     39.210 
                      p1        3    134.340      0.000    134.340 
                        ha0     1     47.565      0.000     47.565 
                        ha1     1     47.565      0.000     47.565 
                        fa0     1     39.210      0.000     39.210 
                  p1           22    954.528      0.000    954.528 
                    p0          9    394.666      0.000    394.666 
                      p0        3    134.340      0.000    134.340 
                        ha0     1     47.565      0.000     47.565 
                        ha1     1     47.565      0.000     47.565 
                        fa0     1     39.210      0.000     39.210 
                      p1        3    134.340      0.000    134.340 
                        ha0     1     47.565      0.000     47.565 
                        ha1     1     47.565      0.000     47.565 
                        fa0     1     39.210      0.000     39.210 
                    p1          9    394.666      0.000    394.666 
                      p0        3    134.340      0.000    134.340 
                        ha0     1     47.565      0.000     47.565 
                        ha1     1     47.565      0.000     47.565 
                        fa0     1     39.210      0.000     39.210 
                      p1        3    134.340      0.000    134.340 
                        ha0     1     47.565      0.000     47.565 
                        ha1     1     47.565      0.000     47.565 
                        fa0     1     39.210      0.000     39.210 
              p1              104   4470.543      0.000   4470.543 
                p0             49   2113.463      0.000   2113.463 
                  p0           22    954.528      0.000    954.528 
                    p0          9    394.666      0.000    394.666 
                      p0        3    134.340      0.000    134.340 
                        ha0     1     47.565      0.000     47.565 
                        ha1     1     47.565      0.000     47.565 
                        fa0     1     39.210      0.000     39.210 
                      p1        3    134.340      0.000    134.340 
                        ha0     1     47.565      0.000     47.565 
                        ha1     1     47.565      0.000     47.565 
                        fa0     1     39.210      0.000     39.210 
                    p1          9    394.666      0.000    394.666 
                      p0        3    134.340      0.000    134.340 
                        ha0     1     47.565      0.000     47.565 
                        ha1     1     47.565      0.000     47.565 
                        fa0     1     39.210      0.000     39.210 
                      p1        3    134.340      0.000    134.340 
                        ha0     1     47.565      0.000     47.565 
                        ha1     1     47.565      0.000     47.565 
                        fa0     1     39.210      0.000     39.210 
                  p1           22    954.528      0.000    954.528 
                    p0          9    394.666      0.000    394.666 
                      p0        3    134.340      0.000    134.340 
                        ha0     1     47.565      0.000     47.565 
                        ha1     1     47.565      0.000     47.565 
                        fa0     1     39.210      0.000     39.210 
                      p1        3    134.340      0.000    134.340 
                        ha0     1     47.565      0.000     47.565 
                        ha1     1     47.565      0.000     47.565 
                        fa0     1     39.210      0.000     39.210 
                    p1          9    394.666      0.000    394.666 
                      p0        3    134.340      0.000    134.340 
                        ha0     1     47.565      0.000     47.565 
                        ha1     1     47.565      0.000     47.565 
                        fa0     1     39.210      0.000     39.210 
                      p1        3    134.340      0.000    134.340 
                        ha0     1     47.565      0.000     47.565 
                        ha1     1     47.565      0.000     47.565 
                        fa0     1     39.210      0.000     39.210 
                p1             49   2113.463      0.000   2113.463 
                  p0           22    954.528      0.000    954.528 
                    p0          9    394.666      0.000    394.666 
                      p0        3    134.340      0.000    134.340 
                        ha0     1     47.565      0.000     47.565 
                        ha1     1     47.565      0.000     47.565 
                        fa0     1     39.210      0.000     39.210 
                      p1        3    134.340      0.000    134.340 
                        ha0     1     47.565      0.000     47.565 
                        ha1     1     47.565      0.000     47.565 
                        fa0     1     39.210      0.000     39.210 
                    p1          9    394.666      0.000    394.666 
                      p0        3    134.340      0.000    134.340 
                        ha0     1     47.565      0.000     47.565 
                        ha1     1     47.565      0.000     47.565 
                        fa0     1     39.210      0.000     39.210 
                      p1        3    134.340      0.000    134.340 
                        ha0     1     47.565      0.000     47.565 
                        ha1     1     47.565      0.000     47.565 
                        fa0     1     39.210      0.000     39.210 
                  p1           22    954.528      0.000    954.528 
                    p0          9    394.666      0.000    394.666 
                      p0        3    134.340      0.000    134.340 
                        ha0     1     47.565      0.000     47.565 
                        ha1     1     47.565      0.000     47.565 
                        fa0     1     39.210      0.000     39.210 
                      p1        3    134.340      0.000    134.340 
                        ha0     1     47.565      0.000     47.565 
                        ha1     1     47.565      0.000     47.565 
                        fa0     1     39.210      0.000     39.210 
                    p1          9    394.666      0.000    394.666 
                      p0        3    134.340      0.000    134.340 
                        ha0     1     47.565      0.000     47.565 
                        ha1     1     47.565      0.000     47.565 
                        fa0     1     39.210      0.000     39.210 
                      p1        3    134.340      0.000    134.340 
                        ha0     1     47.565      0.000     47.565 
                        ha1     1     47.565      0.000     47.565 
                        fa0     1     39.210      0.000     39.210 
      ctr                     106   3955.344 204549.282 208504.626 
        add_55_25              21    831.773  14607.394  15439.167 
    cas                       323   2851.043 267574.107 270425.150 
      genblk1.cas8             52    446.755  41981.925  42428.680 
      genblk1.cas6             40    330.397  32969.426  33299.822 
      genblk1.cas5             38    309.190  26795.203  27104.393 
      genblk1.cas7             38    309.190  38643.203  38952.393 
      genblk1.cas0             31    291.102  21670.506  21961.609 
      genblk1.cas1             31    291.102  21830.631  22121.734 
      genblk1.cas2             31    291.102  22831.230  23122.332 
      genblk1.cas3             31    291.102  29606.240  29897.343 
      genblk1.cas4             31    291.102  31245.742  31536.844 
    genblk1[4].genblk1.sng     29    659.603  31770.846  32430.448 
      ctr                      13    520.139  29823.150  30343.290 
    genblk1[0].genblk1.sng     27    644.044  42340.803  42984.847 
      ctr                      12    500.386  40290.600  40790.985 
    genblk1[1].genblk1.sng     28    639.849  40805.218  41445.067 
      ctr                      12    500.386  38842.755  39343.141 
    genblk1[2].genblk1.sng     28    639.849  40601.763  41241.612 
      ctr                      12    500.386  38717.058  39217.444 
    genblk1[3].genblk1.sng     28    639.849  41236.116  41875.965 
      ctr                      12    500.386  39329.117  39829.502 

