============================================================
  Generated by:           Encounter(R) RTL Compiler v14.10-s022_1
  Generated on:           Jul 25 2021  02:05:28 pm
  Module:                 ms_es_ordered_cas_by4_mul_synth
  Technology library:     gscl45nm 
  Operating conditions:   typical (balanced_tree)
  Wireload mode:          enclosed
  Area mode:              timing library
============================================================

                                       Leakage    Dynamic     Total   
            Instance            Cells Power(nW)  Power(nW)  Power(nW) 
----------------------------------------------------------------------
ms_es_orde..by4_mul_synth        1286 33653.483 617971.488 651624.971 
  TOP                            1286 33653.483 596739.883 630393.366 
    genblk2.stoch2bin             548 22649.836 193860.169 216510.005 
      par_ctr                     438 18769.865      0.000  18769.865 
        p0                        215  9223.914      0.000   9223.914 
          p0                      104  4470.543      0.000   4470.543 
            p0                     49  2113.463      0.000   2113.463 
              p0                   22   954.528      0.000    954.528 
                p0                  9   394.666      0.000    394.666 
                  p0                3   134.340      0.000    134.340 
                    ha0             1    47.565      0.000     47.565 
                    ha1             1    47.565      0.000     47.565 
                    fa0             1    39.210      0.000     39.210 
                  p1                3   134.340      0.000    134.340 
                    ha0             1    47.565      0.000     47.565 
                    ha1             1    47.565      0.000     47.565 
                    fa0             1    39.210      0.000     39.210 
                p1                  9   394.666      0.000    394.666 
                  p0                3   134.340      0.000    134.340 
                    ha0             1    47.565      0.000     47.565 
                    ha1             1    47.565      0.000     47.565 
                    fa0             1    39.210      0.000     39.210 
                  p1                3   134.340      0.000    134.340 
                    ha0             1    47.565      0.000     47.565 
                    ha1             1    47.565      0.000     47.565 
                    fa0             1    39.210      0.000     39.210 
              p1                   22   954.528      0.000    954.528 
                p0                  9   394.666      0.000    394.666 
                  p0                3   134.340      0.000    134.340 
                    ha0             1    47.565      0.000     47.565 
                    ha1             1    47.565      0.000     47.565 
                    fa0             1    39.210      0.000     39.210 
                  p1                3   134.340      0.000    134.340 
                    ha0             1    47.565      0.000     47.565 
                    ha1             1    47.565      0.000     47.565 
                    fa0             1    39.210      0.000     39.210 
                p1                  9   394.666      0.000    394.666 
                  p0                3   134.340      0.000    134.340 
                    ha0             1    47.565      0.000     47.565 
                    ha1             1    47.565      0.000     47.565 
                    fa0             1    39.210      0.000     39.210 
                  p1                3   134.340      0.000    134.340 
                    ha0             1    47.565      0.000     47.565 
                    ha1             1    47.565      0.000     47.565 
                    fa0             1    39.210      0.000     39.210 
            p1                     49  2113.463      0.000   2113.463 
              p0                   22   954.528      0.000    954.528 
                p0                  9   394.666      0.000    394.666 
                  p0                3   134.340      0.000    134.340 
                    ha0             1    47.565      0.000     47.565 
                    ha1             1    47.565      0.000     47.565 
                    fa0             1    39.210      0.000     39.210 
                  p1                3   134.340      0.000    134.340 
                    ha0             1    47.565      0.000     47.565 
                    ha1             1    47.565      0.000     47.565 
                    fa0             1    39.210      0.000     39.210 
                p1                  9   394.666      0.000    394.666 
                  p0                3   134.340      0.000    134.340 
                    ha0             1    47.565      0.000     47.565 
                    ha1             1    47.565      0.000     47.565 
                    fa0             1    39.210      0.000     39.210 
                  p1                3   134.340      0.000    134.340 
                    ha0             1    47.565      0.000     47.565 
                    ha1             1    47.565      0.000     47.565 
                    fa0             1    39.210      0.000     39.210 
              p1                   22   954.528      0.000    954.528 
                p0                  9   394.666      0.000    394.666 
                  p0                3   134.340      0.000    134.340 
                    ha0             1    47.565      0.000     47.565 
                    ha1             1    47.565      0.000     47.565 
                    fa0             1    39.210      0.000     39.210 
                  p1                3   134.340      0.000    134.340 
                    ha0             1    47.565      0.000     47.565 
                    ha1             1    47.565      0.000     47.565 
                    fa0             1    39.210      0.000     39.210 
                p1                  9   394.666      0.000    394.666 
                  p0                3   134.340      0.000    134.340 
                    ha0             1    47.565      0.000     47.565 
                    ha1             1    47.565      0.000     47.565 
                    fa0             1    39.210      0.000     39.210 
                  p1                3   134.340      0.000    134.340 
                    ha0             1    47.565      0.000     47.565 
                    ha1             1    47.565      0.000     47.565 
                    fa0             1    39.210      0.000     39.210 
          p1                      104  4470.543      0.000   4470.543 
            p0                     49  2113.463      0.000   2113.463 
              p0                   22   954.528      0.000    954.528 
                p0                  9   394.666      0.000    394.666 
                  p0                3   134.340      0.000    134.340 
                    ha0             1    47.565      0.000     47.565 
                    ha1             1    47.565      0.000     47.565 
                    fa0             1    39.210      0.000     39.210 
                  p1                3   134.340      0.000    134.340 
                    ha0             1    47.565      0.000     47.565 
                    ha1             1    47.565      0.000     47.565 
                    fa0             1    39.210      0.000     39.210 
                p1                  9   394.666      0.000    394.666 
                  p0                3   134.340      0.000    134.340 
                    ha0             1    47.565      0.000     47.565 
                    ha1             1    47.565      0.000     47.565 
                    fa0             1    39.210      0.000     39.210 
                  p1                3   134.340      0.000    134.340 
                    ha0             1    47.565      0.000     47.565 
                    ha1             1    47.565      0.000     47.565 
                    fa0             1    39.210      0.000     39.210 
              p1                   22   954.528      0.000    954.528 
                p0                  9   394.666      0.000    394.666 
                  p0                3   134.340      0.000    134.340 
                    ha0             1    47.565      0.000     47.565 
                    ha1             1    47.565      0.000     47.565 
                    fa0             1    39.210      0.000     39.210 
                  p1                3   134.340      0.000    134.340 
                    ha0             1    47.565      0.000     47.565 
                    ha1             1    47.565      0.000     47.565 
                    fa0             1    39.210      0.000     39.210 
                p1                  9   394.666      0.000    394.666 
                  p0                3   134.340      0.000    134.340 
                    ha0             1    47.565      0.000     47.565 
                    ha1             1    47.565      0.000     47.565 
                    fa0             1    39.210      0.000     39.210 
                  p1                3   134.340      0.000    134.340 
                    ha0             1    47.565      0.000     47.565 
                    ha1             1    47.565      0.000     47.565 
                    fa0             1    39.210      0.000     39.210 
            p1                     49  2113.463      0.000   2113.463 
              p0                   22   954.528      0.000    954.528 
                p0                  9   394.666      0.000    394.666 
                  p0                3   134.340      0.000    134.340 
                    ha0             1    47.565      0.000     47.565 
                    ha1             1    47.565      0.000     47.565 
                    fa0             1    39.210      0.000     39.210 
                  p1                3   134.340      0.000    134.340 
                    ha0             1    47.565      0.000     47.565 
                    ha1             1    47.565      0.000     47.565 
                    fa0             1    39.210      0.000     39.210 
                p1                  9   394.666      0.000    394.666 
                  p0                3   134.340      0.000    134.340 
                    ha0             1    47.565      0.000     47.565 
                    ha1             1    47.565      0.000     47.565 
                    fa0             1    39.210      0.000     39.210 
                  p1                3   134.340      0.000    134.340 
                    ha0             1    47.565      0.000     47.565 
                    ha1             1    47.565      0.000     47.565 
                    fa0             1    39.210      0.000     39.210 
              p1                   22   954.528      0.000    954.528 
                p0                  9   394.666      0.000    394.666 
                  p0                3   134.340      0.000    134.340 
                    ha0             1    47.565      0.000     47.565 
                    ha1             1    47.565      0.000     47.565 
                    fa0             1    39.210      0.000     39.210 
                  p1                3   134.340      0.000    134.340 
                    ha0             1    47.565      0.000     47.565 
                    ha1             1    47.565      0.000     47.565 
                    fa0             1    39.210      0.000     39.210 
                p1                  9   394.666      0.000    394.666 
                  p0                3   134.340      0.000    134.340 
                    ha0             1    47.565      0.000     47.565 
                    ha1             1    47.565      0.000     47.565 
                    fa0             1    39.210      0.000     39.210 
                  p1                3   134.340      0.000    134.340 
                    ha0             1    47.565      0.000     47.565 
                    ha1             1    47.565      0.000     47.565 
                    fa0             1    39.210      0.000     39.210 
        p1                        215  9223.914      0.000   9223.914 
          p0                      104  4470.543      0.000   4470.543 
            p0                     49  2113.463      0.000   2113.463 
              p0                   22   954.528      0.000    954.528 
                p0                  9   394.666      0.000    394.666 
                  p0                3   134.340      0.000    134.340 
                    ha0             1    47.565      0.000     47.565 
                    ha1             1    47.565      0.000     47.565 
                    fa0             1    39.210      0.000     39.210 
                  p1                3   134.340      0.000    134.340 
                    ha0             1    47.565      0.000     47.565 
                    ha1             1    47.565      0.000     47.565 
                    fa0             1    39.210      0.000     39.210 
                p1                  9   394.666      0.000    394.666 
                  p0                3   134.340      0.000    134.340 
                    ha0             1    47.565      0.000     47.565 
                    ha1             1    47.565      0.000     47.565 
                    fa0             1    39.210      0.000     39.210 
                  p1                3   134.340      0.000    134.340 
                    ha0             1    47.565      0.000     47.565 
                    ha1             1    47.565      0.000     47.565 
                    fa0             1    39.210      0.000     39.210 
              p1                   22   954.528      0.000    954.528 
                p0                  9   394.666      0.000    394.666 
                  p0                3   134.340      0.000    134.340 
                    ha0             1    47.565      0.000     47.565 
                    ha1             1    47.565      0.000     47.565 
                    fa0             1    39.210      0.000     39.210 
                  p1                3   134.340      0.000    134.340 
                    ha0             1    47.565      0.000     47.565 
                    ha1             1    47.565      0.000     47.565 
                    fa0             1    39.210      0.000     39.210 
                p1                  9   394.666      0.000    394.666 
                  p0                3   134.340      0.000    134.340 
                    ha0             1    47.565      0.000     47.565 
                    ha1             1    47.565      0.000     47.565 
                    fa0             1    39.210      0.000     39.210 
                  p1                3   134.340      0.000    134.340 
                    ha0             1    47.565      0.000     47.565 
                    ha1             1    47.565      0.000     47.565 
                    fa0             1    39.210      0.000     39.210 
            p1                     49  2113.463      0.000   2113.463 
              p0                   22   954.528      0.000    954.528 
                p0                  9   394.666      0.000    394.666 
                  p0                3   134.340      0.000    134.340 
                    ha0             1    47.565      0.000     47.565 
                    ha1             1    47.565      0.000     47.565 
                    fa0             1    39.210      0.000     39.210 
                  p1                3   134.340      0.000    134.340 
                    ha0             1    47.565      0.000     47.565 
                    ha1             1    47.565      0.000     47.565 
                    fa0             1    39.210      0.000     39.210 
                p1                  9   394.666      0.000    394.666 
                  p0                3   134.340      0.000    134.340 
                    ha0             1    47.565      0.000     47.565 
                    ha1             1    47.565      0.000     47.565 
                    fa0             1    39.210      0.000     39.210 
                  p1                3   134.340      0.000    134.340 
                    ha0             1    47.565      0.000     47.565 
                    ha1             1    47.565      0.000     47.565 
                    fa0             1    39.210      0.000     39.210 
              p1                   22   954.528      0.000    954.528 
                p0                  9   394.666      0.000    394.666 
                  p0                3   134.340      0.000    134.340 
                    ha0             1    47.565      0.000     47.565 
                    ha1             1    47.565      0.000     47.565 
                    fa0             1    39.210      0.000     39.210 
                  p1                3   134.340      0.000    134.340 
                    ha0             1    47.565      0.000     47.565 
                    ha1             1    47.565      0.000     47.565 
                    fa0             1    39.210      0.000     39.210 
                p1                  9   394.666      0.000    394.666 
                  p0                3   134.340      0.000    134.340 
                    ha0             1    47.565      0.000     47.565 
                    ha1             1    47.565      0.000     47.565 
                    fa0             1    39.210      0.000     39.210 
                  p1                3   134.340      0.000    134.340 
                    ha0             1    47.565      0.000     47.565 
                    ha1             1    47.565      0.000     47.565 
                    fa0             1    39.210      0.000     39.210 
          p1                      104  4470.543      0.000   4470.543 
            p0                     49  2113.463      0.000   2113.463 
              p0                   22   954.528      0.000    954.528 
                p0                  9   394.666      0.000    394.666 
                  p0                3   134.340      0.000    134.340 
                    ha0             1    47.565      0.000     47.565 
                    ha1             1    47.565      0.000     47.565 
                    fa0             1    39.210      0.000     39.210 
                  p1                3   134.340      0.000    134.340 
                    ha0             1    47.565      0.000     47.565 
                    ha1             1    47.565      0.000     47.565 
                    fa0             1    39.210      0.000     39.210 
                p1                  9   394.666      0.000    394.666 
                  p0                3   134.340      0.000    134.340 
                    ha0             1    47.565      0.000     47.565 
                    ha1             1    47.565      0.000     47.565 
                    fa0             1    39.210      0.000     39.210 
                  p1                3   134.340      0.000    134.340 
                    ha0             1    47.565      0.000     47.565 
                    ha1             1    47.565      0.000     47.565 
                    fa0             1    39.210      0.000     39.210 
              p1                   22   954.528      0.000    954.528 
                p0                  9   394.666      0.000    394.666 
                  p0                3   134.340      0.000    134.340 
                    ha0             1    47.565      0.000     47.565 
                    ha1             1    47.565      0.000     47.565 
                    fa0             1    39.210      0.000     39.210 
                  p1                3   134.340      0.000    134.340 
                    ha0             1    47.565      0.000     47.565 
                    ha1             1    47.565      0.000     47.565 
                    fa0             1    39.210      0.000     39.210 
                p1                  9   394.666      0.000    394.666 
                  p0                3   134.340      0.000    134.340 
                    ha0             1    47.565      0.000     47.565 
                    ha1             1    47.565      0.000     47.565 
                    fa0             1    39.210      0.000     39.210 
                  p1                3   134.340      0.000    134.340 
                    ha0             1    47.565      0.000     47.565 
                    ha1             1    47.565      0.000     47.565 
                    fa0             1    39.210      0.000     39.210 
            p1                     49  2113.463      0.000   2113.463 
              p0                   22   954.528      0.000    954.528 
                p0                  9   394.666      0.000    394.666 
                  p0                3   134.340      0.000    134.340 
                    ha0             1    47.565      0.000     47.565 
                    ha1             1    47.565      0.000     47.565 
                    fa0             1    39.210      0.000     39.210 
                  p1                3   134.340      0.000    134.340 
                    ha0             1    47.565      0.000     47.565 
                    ha1             1    47.565      0.000     47.565 
                    fa0             1    39.210      0.000     39.210 
                p1                  9   394.666      0.000    394.666 
                  p0                3   134.340      0.000    134.340 
                    ha0             1    47.565      0.000     47.565 
                    ha1             1    47.565      0.000     47.565 
                    fa0             1    39.210      0.000     39.210 
                  p1                3   134.340      0.000    134.340 
                    ha0             1    47.565      0.000     47.565 
                    ha1             1    47.565      0.000     47.565 
                    fa0             1    39.210      0.000     39.210 
              p1                   22   954.528      0.000    954.528 
                p0                  9   394.666      0.000    394.666 
                  p0                3   134.340      0.000    134.340 
                    ha0             1    47.565      0.000     47.565 
                    ha1             1    47.565      0.000     47.565 
                    fa0             1    39.210      0.000     39.210 
                  p1                3   134.340      0.000    134.340 
                    ha0             1    47.565      0.000     47.565 
                    ha1             1    47.565      0.000     47.565 
                    fa0             1    39.210      0.000     39.210 
                p1                  9   394.666      0.000    394.666 
                  p0                3   134.340      0.000    134.340 
                    ha0             1    47.565      0.000     47.565 
                    ha1             1    47.565      0.000     47.565 
                    fa0             1    39.210      0.000     39.210 
                  p1                3   134.340      0.000    134.340 
                    ha0             1    47.565      0.000     47.565 
                    ha1             1    47.565      0.000     47.565 
                    fa0             1    39.210      0.000     39.210 
      ctr                         101  3767.475 193860.169 197627.643 
        add_55_25                  20   792.562  13547.175  14339.737 
    cas                           271  2625.378 194760.219 197385.597 
      genblk1.ca..ax_abmincdmin    73   692.917  56796.463  57489.380 
      genblk1.cas_abmax_cdmax      58   547.469  43038.931  43586.399 
      genblk1.cas_abmin_cdmin      58   547.469  37429.158  37976.626 
      genblk1.cas_a_b              41   418.762  29022.310  29441.072 
      genblk1.cas_c_d              41   418.762  28473.357  28892.119 
    genblk1[3].genblk1.sng         44   932.158  43766.676  44698.834 
      ctr                          18   716.363  40755.090  41471.452 
    genblk1[0].genblk1.sng         39   901.409  54423.332  55324.740 
      ctr                          17   696.609  50776.557  51473.166 
    genblk1[2].genblk1.sng         39   901.409  54799.233  55700.642 
      ctr                          17   696.609  51123.552  51820.161 
    genblk1[1].genblk1.sng         40   897.214  55130.254  56027.467 
      ctr                          17   696.609  51386.008  52082.618 

