============================================================
  Generated by:           Encounter(R) RTL Compiler v14.10-s022_1
  Generated on:           Jul 25 2021  02:03:09 pm
  Module:                 ms_es_ordered_cas_by4_mul_synth
  Technology library:     gscl45nm 
  Operating conditions:   typical (balanced_tree)
  Wireload mode:          enclosed
  Area mode:              timing library
============================================================

           Pin                 Type       Fanout Load Slew Delay Arrival   
                                                 (fF) (ps)  (ps)   (ps)    
---------------------------------------------------------------------------
(clock clk_int2)             launch                                    0 R 
TOP
  genblk1[2].genblk1.sng
    ctr
      countval_reg[3]/CLK                                0             0 R 
      countval_reg[3]/Q      DFFSR             1  1.5   10  +115     115 F 
      drc_bufs138/A                                           +0     115   
      drc_bufs138/Y          BUFX2             4 10.7   14   +42     156 F 
    ctr/countval[3] 
    g389/A                                                    +0     156   
    g389/Y                   INVX1             1  2.5    0    +3     160 R 
    g386/A                                                    +0     160   
    g386/Y                   OR2X1             2  5.0   36   +47     207 R 
    g384/C                                                    +0     207   
    g384/Y                   NAND3X1           1  1.5   16   +15     222 F 
    drc_bufs399/A                                             +0     222   
    drc_bufs399/Y            BUFX2             1  1.9    2   +34     255 F 
    g383/C                                                    +0     255   
    g383/Y                   OAI21X1           1  2.0   22   +15     270 R 
    g381/B                                                    +0     270   
    g381/Y                   NAND2X1           1  1.5   20   +17     287 F 
    drc_bufs398/A                                             +0     287   
    drc_bufs398/Y            BUFX2             1  1.9    3   +34     322 F 
    g378/C                                                    +0     322   
    g378/Y                   OAI21X1          19 43.3  220  +145     466 R 
    g375/A                                                    +0     466   
    g375/Y                   OR2X1            18 40.9  192  +161     628 R 
    g374/A                                                    +0     628   
    g374/Y                   INVX1             1  1.9    0   +64     692 F 
    g373/C                                                    +0     692   
    g373/Y                   OAI21X1          17 40.1  205  +134     826 R 
  genblk1[2].genblk1.sng/sn_out[0] 
  g624/A                                                      +0     826   
  g624/Y                     AND2X1            1  4.6   38   +36     862 R 
  genblk2.stoch2bin/data_in[56] 
    par_ctr/a[56] 
      p0/a[24] 
        p0/a[8] 
          p0/a[0] 
            p1/a[0] 
              ha0/a 
                g17/A                                         +0     862   
                g17/YS       HAX1              1  4.0   19   +66     928 F 
              ha0/s 
            p1/y[0] 
            g168/A                                            +0     928   
            g168/YC          HAX1              1 10.9   41   +69     996 F 
            g167/A                                            +0     996   
            g167/YC          FAX1              1  7.1   29   +92    1088 F 
            g166/C                                            +0    1088   
            g166/YS          FAX1              1 12.7   67  +103    1191 R 
          p0/y[2] 
          g236/A                                              +0    1191   
          g236/YS            FAX1              1 12.7   67  +117    1308 R 
        p0/y[2] 
        g287/A                                                +0    1308   
        g287/YS              FAX1              1 12.7   67  +117    1426 R 
      p0/y[2] 
      g360/A                                                  +0    1426   
      g360/YS                FAX1              2 11.1   34  +108    1533 F 
    par_ctr/y[2] 
    ctr/data_in[2] 
      add_55_25/B[2] 
        g350/B                                                +0    1533   
        g350/YC              FAX1              1  7.1   29   +88    1622 F 
        g349/C                                                +0    1622   
        g349/YC              FAX1              1  7.1   29   +82    1704 F 
        g348/C                                                +0    1704   
        g348/YC              FAX1              1  7.1   29   +82    1785 F 
        g347/C                                                +0    1785   
        g347/YC              FAX1              1  7.1   29   +82    1867 F 
        g346/C                                                +0    1867   
        g346/YC              FAX1              1  7.1   29   +82    1948 F 
        g345/C                                                +0    1948   
        g345/YC              FAX1              1  7.1   26   +82    2030 F 
        g344/C                                                +0    2030   
        g344/YC              FAX1              1  7.1   27   +81    2111 F 
        g343/C                                                +0    2111   
        g343/YC              FAX1              1  7.1   27   +81    2192 F 
        g342/C                                                +0    2192   
        g342/YC              FAX1              1  7.1   27   +81    2273 F 
        g341/C                                                +0    2273   
        g341/YC              FAX1              1  7.1   27   +81    2355 F 
        g340/C                                                +0    2355   
        g340/YC              FAX1              1  7.1   27   +81    2436 F 
        g339/C                                                +0    2436   
        g339/YC              FAX1              1 10.9   37   +89    2525 F 
        g2/A                                                  +0    2525   
        g2/YS                FAX1              1  2.8   21   +84    2608 R 
      add_55_25/Z[14] 
      g66/A                                                   +0    2608   
      g66/Y                  MUX2X1            1  1.5   34   +23    2631 F 
      g65/A                                                   +0    2631   
      g65/Y                  INVX1             1  2.0    0    +8    2640 R 
      countval_reg[14]/D     DFFSR                            +0    2640   
      countval_reg[14]/CLK   setup                       0   +70    2710 R 
- - - - - - - - - - - - - - - - - - - - - - - - - - - - - - - - - - - - - -
(clock clk)                  capture                                5000 R 
                             uncertainty                     -50    4950 R 
---------------------------------------------------------------------------
Cost Group   : 'clk' (path_group 'clk')
Timing slack :    2240ps 
Start-point  : TOP/genblk1[2].genblk1.sng/ctr/countval_reg[3]/CLK
End-point    : TOP/genblk2.stoch2bin/ctr/countval_reg[14]/D
