============================================================
  Generated by:           Encounter(R) RTL Compiler v14.10-s022_1
  Generated on:           Jul 25 2021  01:15:43 pm
  Module:                 ms_es_naive_by2_mul_synth
  Technology library:     gscl45nm 
  Operating conditions:   typical (balanced_tree)
  Wireload mode:          enclosed
  Area mode:              timing library
============================================================

           Pin                 Type       Fanout Load Slew Delay Arrival   
                                                 (fF) (ps)  (ps)   (ps)    
---------------------------------------------------------------------------
(clock clk_int1)             launch                                    0 R 
TOP
  genblk1[1].genblk1.sng
    ctr
      countval_reg[3]/CLK                                0             0 R 
      countval_reg[3]/Q      DFFSR             1  1.5   10  +109     109 R 
      drc_bufs243/A                                           +0     109   
      drc_bufs243/Y          BUFX2             4 11.4   28   +47     156 R 
    ctr/countval[3] 
    g386/A                                                    +0     156   
    g386/Y                   INVX1             2  5.1   19   +27     182 F 
    g378/A                                                    +0     182   
    g378/Y                   OR2X1             1  1.8   11   +40     222 F 
    g375/B                                                    +0     222   
    g375/Y                   AND2X1            3  7.4   32   +54     276 F 
    g372/A                                                    +0     276   
    g372/Y                   NAND3X1           1  1.5   34   +41     317 R 
    drc_bufs396/A                                             +0     317   
    drc_bufs396/Y            BUFX2             2  4.3   14   +38     355 R 
    drc_bufs389/A                                             +0     355   
    drc_bufs389/Y            INVX1             1  1.9   11   +16     371 F 
    g368/A                                                    +0     371   
    g368/Y                   AND2X1            1  2.6   18   +33     404 F 
    g365/A                                                    +0     404   
    g365/Y                   OAI21X1           1  2.0   41   +43     447 R 
    g364/C                                                    +0     447   
    g364/Y                   OAI21X1           4  8.5   20   +32     479 F 
    g363/A                                                    +0     479   
    g363/Y                   OR2X1             3  6.2   24   +49     527 F 
  genblk1[1].genblk1.sng/sn_out[0] 
  g48/B                                                       +0     527   
  g48/Y                      AND2X1            1  8.8   35   +59     586 F 
  genblk2.stoch2bin/data_in[2] 
    par_ctr/a[2] 
      fa0/b 
        g2/B                                                  +0     586   
        g2/YS                FAX1              1  3.4   12   +88     674 F 
      fa0/s 
      ha0/b 
        g17/B                                                 +0     674   
        g17/YS               HAX1              2  5.6   24   +62     736 F 
      ha0/s 
    par_ctr/y[0] 
    ctr/data_in[0] 
      g832/B                                                  +0     736   
      g832/YC                HAX1              1  8.8   35   +62     798 F 
      g829/B                                                  +0     798   
      g829/YC                FAX1              1  7.1   29   +89     886 F 
      g825/C                                                  +0     886   
      g825/YC                FAX1              1  7.1   29   +82     968 F 
      g821/C                                                  +0     968   
      g821/YC                FAX1              1  7.1   26   +82    1050 F 
      g817/C                                                  +0    1050   
      g817/YC                FAX1              1  7.1   27   +81    1131 F 
      g813/C                                                  +0    1131   
      g813/YC                FAX1              1  7.1   27   +81    1212 F 
      g809/C                                                  +0    1212   
      g809/YC                FAX1              1  7.1   27   +81    1293 F 
      g805/C                                                  +0    1293   
      g805/YC                FAX1              1  7.1   27   +81    1374 F 
      g801/C                                                  +0    1374   
      g801/YC                FAX1              1  7.1   27   +81    1456 F 
      g797/C                                                  +0    1456   
      g797/YC                FAX1              1  7.1   27   +81    1537 F 
      g793/C                                                  +0    1537   
      g793/YC                FAX1              1 10.9   37   +89    1626 F 
      g2/A                                                    +0    1626   
      g2/YS                  FAX1              1  2.8   21   +84    1709 R 
      g787/A                                                  +0    1709   
      g787/Y                 MUX2X1            1  1.5   21   +23    1732 F 
      g786/A                                                  +0    1732   
      g786/Y                 INVX1             1  2.0    0    +4    1736 R 
      countval_reg[11]/D     DFFSR                            +0    1736   
      countval_reg[11]/CLK   setup                       0   +70    1807 R 
- - - - - - - - - - - - - - - - - - - - - - - - - - - - - - - - - - - - - -
(clock clk)                  capture                                5000 R 
                             uncertainty                     -50    4950 R 
---------------------------------------------------------------------------
Cost Group   : 'clk' (path_group 'clk')
Timing slack :    3143ps 
Start-point  : TOP/genblk1[1].genblk1.sng/ctr/countval_reg[3]/CLK
End-point    : TOP/genblk2.stoch2bin/ctr/countval_reg[11]/D
