============================================================
  Generated by:           Encounter(R) RTL Compiler v14.10-s022_1
  Generated on:           Jul 25 2021  02:16:18 pm
  Module:                 ms_es_ordered_bs_by4_mul_synth
  Technology library:     gscl45nm 
  Operating conditions:   typical (balanced_tree)
  Wireload mode:          enclosed
  Area mode:              timing library
============================================================

                                       Leakage    Dynamic     Total   
            Instance            Cells Power(nW)  Power(nW)  Power(nW) 
----------------------------------------------------------------------
ms_es_orde..by4_mul_synth         526  9263.150 568495.616 577758.766 
  TOP                             526  9263.150 537381.827 546644.977 
    genblk2.stoch2bin              98  3643.373 194594.817 198238.190 
      ctr                          71  2640.261 156447.459 159087.721 
      par_ctr                      22   954.528  32775.054  33729.582 
        p0                          9   394.666  14680.221  15074.887 
          p0                        3   134.340   5659.937   5794.277 
            ha0                     1    47.565   1123.032   1170.597 
            ha1                     1    47.565   1927.272   1974.837 
            fa0                     1    39.210   2609.633   2648.843 
          p1                        3   134.340   5508.525   5642.865 
            ha0                     1    47.565   1144.325   1191.890 
            ha1                     1    47.565   1729.388   1776.953 
            fa0                     1    39.210   2634.812   2674.022 
        p1                          9   394.666  14457.467  14852.133 
          p0                        3   134.340   5709.515   5843.855 
            ha0                     1    47.565   1132.120   1179.684 
            ha1                     1    47.565   1942.583   1990.148 
            fa0                     1    39.210   2634.812   2674.022 
          p1                        3   134.340   5493.569   5627.909 
            ha0                     1    47.565   1144.326   1191.890 
            ha1                     1    47.565   1727.329   1774.894 
            fa0                     1    39.210   2621.915   2661.125 
    genblk1[0].genblk1.sng        202  2713.210 165344.518 168057.728 
      ctr                          27  1089.056  77254.813  78343.869 
      genblk2[0].max_comparator    46   456.103  22958.338  23414.440 
      genblk2[2].max_comparator    44   441.175  23728.111  24169.285 
      genblk2[1].max_comparator    48   425.157  23045.301  23470.458 
      genblk2[3].max_comparator    37   301.719  18357.957  18659.676 
    genblk1[1].genblk2.sng        207  2623.774 156827.422 159451.196 
      ctr                          28  1108.810  66931.916  68040.726 
      genblk2[2].min_comparator    50   439.616  24778.748  25218.364 
      genblk2[3].min_comparator    40   367.973  21136.492  21504.465 
      genblk2[1].min_comparator    44   362.304  22761.058  23123.362 
      genblk2[0].min_comparator    45   345.072  21219.207  21564.279 

