============================================================
  Generated by:           Encounter(R) RTL Compiler v14.10-s022_1
  Generated on:           Jul 25 2021  02:18:21 pm
  Module:                 ms_es_ordered_bs_by4_mul_synth
  Technology library:     gscl45nm 
  Operating conditions:   typical (balanced_tree)
  Wireload mode:          enclosed
  Area mode:              timing library
============================================================

           Pin                 Type       Fanout Load Slew Delay Arrival   
                                                 (fF) (ps)  (ps)   (ps)    
---------------------------------------------------------------------------
(clock clk_int1)             launch                                    0 R 
TOP
  genblk1[1].genblk3.genblk1.sng
    ctr
      countval_reg[6]/CLK                                0             0 R 
      countval_reg[6]/Q      DFFSR             1  1.5   10  +115     115 F 
      drc_bufs236/A                                           +0     115   
      drc_bufs236/Y          BUFX2            22 53.0   74   +85     200 F 
    ctr/countval[6] 
    genblk2[0].max_comparator/counter_in[6] 
      g1003/A                                                 +0     200   
      g1003/Y                OR2X1             3  7.2   26   +55     255 F 
      g988/A                                                  +0     255   
      g988/Y                 NAND2X1           1  1.5   28   +29     284 R 
      drc_bufs1026/A                                          +0     284   
      drc_bufs1026/Y         BUFX2             1  2.5    9   +35     319 R 
      g979/A                                                  +0     319   
      g979/Y                 OR2X1             2  5.7   39   +49     368 R 
      g967/D                                                  +0     368   
      g967/Y                 AOI22X1           1  1.5   34   +21     390 F 
      drc_bufs1027/A                                          +0     390   
      drc_bufs1027/Y         BUFX2             1  2.3    7   +38     427 F 
      g964/A                                                  +0     427   
      g964/Y                 OR2X1             2  4.5   20   +44     472 F 
      g960/A                                                  +0     472   
      g960/Y                 AND2X1            1  3.1   20   +35     507 F 
      g959/B                                                  +0     507   
      g959/Y                 NOR3X1            1  2.0   49   +39     546 R 
      g958/C                                                  +0     546   
      g958/Y                 OAI21X1           1  1.9    6   +24     570 F 
      g957/C                                                  +0     570   
      g957/Y                 OAI21X1           4  9.2   75   +39     609 R 
    genblk2[0].max_comparator/sn_out 
  genblk1[1].genblk3.genblk1.sng/sn_out[0] 
  g638/B                                                      +0     609   
  g638/Y                     AND2X1            4  9.2   59   +60     668 R 
  g618/A                                                      +0     668   
  g618/Y                     AND2X1            1 12.7   63   +63     731 R 
  genblk2.stoch2bin/data_in[51] 
    par_ctr/a[51] 
      p0/a[19] 
        p0/a[3] 
          p1/a[3] 
            p1/a[3] 
              fa0/cin 
                g2/A                                          +0     731   
                g2/YS        FAX1              1  3.4   12   +91     822 F 
              fa0/s 
              ha0/b 
                g17/B                                         +0     822   
                g17/YS       HAX1              1  4.0   19   +59     881 F 
              ha0/s 
            p1/y[0] 
            g168/A                                            +0     881   
            g168/YC          HAX1              1  8.8   35   +65     946 F 
            g167/B                                            +0     946   
            g167/YC          FAX1              1  7.1   29   +89    1034 F 
            g166/C                                            +0    1034   
            g166/YS          FAX1              1 10.3   56   +95    1130 R 
          p1/y[2] 
          g236/B                                              +0    1130   
          g236/YS            FAX1              1 12.7   67  +110    1239 R 
        p0/y[2] 
        g287/A                                                +0    1239   
        g287/YS              FAX1              1 12.7   67  +117    1357 R 
      p0/y[2] 
      g360/A                                                  +0    1357   
      g360/YS                FAX1              2 11.1   34  +108    1465 F 
    par_ctr/y[2] 
    ctr/data_in[2] 
      add_55_25/B[2] 
        g500/B                                                +0    1465   
        g500/YC              FAX1              1  7.1   29   +88    1553 F 
        g499/C                                                +0    1553   
        g499/YC              FAX1              1  7.1   29   +82    1635 F 
        g498/C                                                +0    1635   
        g498/YC              FAX1              1  7.1   29   +82    1716 F 
        g497/C                                                +0    1716   
        g497/YC              FAX1              1  7.1   29   +82    1798 F 
        g496/C                                                +0    1798   
        g496/YC              FAX1              1  7.1   29   +82    1880 F 
        g495/C                                                +0    1880   
        g495/YC              FAX1              1  7.1   26   +82    1961 F 
        g494/C                                                +0    1961   
        g494/YC              FAX1              1  7.1   27   +81    2042 F 
        g493/C                                                +0    2042   
        g493/YC              FAX1              1  7.1   27   +81    2123 F 
        g492/C                                                +0    2123   
        g492/YC              FAX1              1  7.1   27   +81    2205 F 
        g491/C                                                +0    2205   
        g491/YC              FAX1              1  7.1   27   +81    2286 F 
        g490/C                                                +0    2286   
        g490/YC              FAX1              1  7.1   27   +81    2367 F 
        g489/C                                                +0    2367   
        g489/YC              FAX1              1  7.1   27   +81    2448 F 
        g488/C                                                +0    2448   
        g488/YC              FAX1              1  7.1   27   +81    2529 F 
        g487/C                                                +0    2529   
        g487/YC              FAX1              1  7.1   27   +81    2611 F 
        g486/C                                                +0    2611   
        g486/YC              FAX1              1  7.1   27   +81    2692 F 
        g485/C                                                +0    2692   
        g485/YC              FAX1              1  7.1   27   +81    2773 F 
        g484/C                                                +0    2773   
        g484/YC              FAX1              1  7.1   27   +81    2854 F 
        g483/C                                                +0    2854   
        g483/YC              FAX1              1 10.9   37   +89    2943 F 
        g2/A                                                  +0    2943   
        g2/YS                FAX1              1  2.8   21   +84    3027 R 
      add_55_25/Z[20] 
      g82/A                                                   +0    3027   
      g82/Y                  MUX2X1            1  1.5   19   +23    3050 F 
      g81/A                                                   +0    3050   
      g81/Y                  INVX1             1  2.0    0    +3    3053 R 
      countval_reg[20]/D     DFFSR                            +0    3053   
      countval_reg[20]/CLK   setup                       0   +70    3124 R 
- - - - - - - - - - - - - - - - - - - - - - - - - - - - - - - - - - - - - -
(clock clk)                  capture                                5000 R 
                             uncertainty                     -50    4950 R 
---------------------------------------------------------------------------
Cost Group   : 'clk' (path_group 'clk')
Timing slack :    1826ps 
Start-point  : TOP/genblk1[1].genblk3.genblk1.sng/ctr/countval_reg[6]/CLK
End-point    : TOP/genblk2.stoch2bin/ctr/countval_reg[20]/D
