============================================================
  Generated by:           Encounter(R) RTL Compiler v14.10-s022_1
  Generated on:           Jul 25 2021  02:15:45 pm
  Module:                 ms_es_ordered_bs_by4_mul_synth
  Technology library:     gscl45nm 
  Operating conditions:   typical (balanced_tree)
  Wireload mode:          enclosed
  Area mode:              timing library
============================================================

            Instance             Cells  Cell Area  Net Area  Total Area  Wireload     
--------------------------------------------------------------------------------------
ms_es_ordered_bs_by4_mul_synth     263        889         0         889    <none> (D) 
  TOP                              263        889         0         889    <none> (D) 
    genblk2.stoch2bin               68        372         0         372    <none> (D) 
      ctr                           41        211         0         211    <none> (D) 
      par_ctr                       22        150         0         150    <none> (D) 
        p1                           9         59         0          59    <none> (D) 
          p1                         3         18         0          18    <none> (D) 
            fa0                      1          9         0           9    <none> (D) 
            ha1                      1          5         0           5    <none> (D) 
            ha0                      1          5         0           5    <none> (D) 
          p0                         3         18         0          18    <none> (D) 
            fa0                      1          9         0           9    <none> (D) 
            ha1                      1          5         0           5    <none> (D) 
            ha0                      1          5         0           5    <none> (D) 
        p0                           9         59         0          59    <none> (D) 
          p1                         3         18         0          18    <none> (D) 
            fa0                      1          9         0           9    <none> (D) 
            ha1                      1          5         0           5    <none> (D) 
            ha0                      1          5         0           5    <none> (D) 
          p0                         3         18         0          18    <none> (D) 
            fa0                      1          9         0           9    <none> (D) 
            ha1                      1          5         0           5    <none> (D) 
            ha0                      1          5         0           5    <none> (D) 
    genblk1[1].genblk2.sng          93        247         0         247    <none> (D) 
      genblk2[2].min_comparator     26         60         0          60    <none> (D) 
      ctr                           13         59         0          59    <none> (D) 
      genblk2[0].min_comparator     24         58         0          58    <none> (D) 
      genblk2[1].min_comparator     19         45         0          45    <none> (D) 
      genblk2[3].min_comparator     11         25         0          25    <none> (D) 
    genblk1[0].genblk1.sng          83        224         0         224    <none> (D) 
      ctr                           12         57         0          57    <none> (D) 
      genblk2[0].max_comparator     24         54         0          54    <none> (D) 
      genblk2[2].max_comparator     23         52         0          52    <none> (D) 
      genblk2[1].max_comparator     17         43         0          43    <none> (D) 
      genblk2[3].max_comparator      7         18         0          18    <none> (D) 

 (D) = wireload is default in technology library
