============================================================
  Generated by:           Encounter(R) RTL Compiler v14.10-s022_1
  Generated on:           Jul 25 2021  02:04:50 pm
  Module:                 ms_es_ordered_cas_by4_mul_synth
  Technology library:     gscl45nm 
  Operating conditions:   typical (balanced_tree)
  Wireload mode:          enclosed
  Area mode:              timing library
============================================================

                                       Leakage    Dynamic     Total   
            Instance            Cells Power(nW)  Power(nW)  Power(nW) 
----------------------------------------------------------------------
ms_es_orde..by4_mul_synth        1028 28703.871 323320.835 352024.706 
  TOP                            1028 28703.871 311417.233 340121.104 
    genblk2.stoch2bin             508 21137.946 118895.426 140033.372 
      par_ctr                     438 18769.865      0.000  18769.865 
        p0                        215  9223.914      0.000   9223.914 
          p0                      104  4470.543      0.000   4470.543 
            p0                     49  2113.463      0.000   2113.463 
              p0                   22   954.528      0.000    954.528 
                p0                  9   394.666      0.000    394.666 
                  p0                3   134.340      0.000    134.340 
                    ha0             1    47.565      0.000     47.565 
                    ha1             1    47.565      0.000     47.565 
                    fa0             1    39.210      0.000     39.210 
                  p1                3   134.340      0.000    134.340 
                    ha0             1    47.565      0.000     47.565 
                    ha1             1    47.565      0.000     47.565 
                    fa0             1    39.210      0.000     39.210 
                p1                  9   394.666      0.000    394.666 
                  p0                3   134.340      0.000    134.340 
                    ha0             1    47.565      0.000     47.565 
                    ha1             1    47.565      0.000     47.565 
                    fa0             1    39.210      0.000     39.210 
                  p1                3   134.340      0.000    134.340 
                    ha0             1    47.565      0.000     47.565 
                    ha1             1    47.565      0.000     47.565 
                    fa0             1    39.210      0.000     39.210 
              p1                   22   954.528      0.000    954.528 
                p0                  9   394.666      0.000    394.666 
                  p0                3   134.340      0.000    134.340 
                    ha0             1    47.565      0.000     47.565 
                    ha1             1    47.565      0.000     47.565 
                    fa0             1    39.210      0.000     39.210 
                  p1                3   134.340      0.000    134.340 
                    ha0             1    47.565      0.000     47.565 
                    ha1             1    47.565      0.000     47.565 
                    fa0             1    39.210      0.000     39.210 
                p1                  9   394.666      0.000    394.666 
                  p0                3   134.340      0.000    134.340 
                    ha0             1    47.565      0.000     47.565 
                    ha1             1    47.565      0.000     47.565 
                    fa0             1    39.210      0.000     39.210 
                  p1                3   134.340      0.000    134.340 
                    ha0             1    47.565      0.000     47.565 
                    ha1             1    47.565      0.000     47.565 
                    fa0             1    39.210      0.000     39.210 
            p1                     49  2113.463      0.000   2113.463 
              p0                   22   954.528      0.000    954.528 
                p0                  9   394.666      0.000    394.666 
                  p0                3   134.340      0.000    134.340 
                    ha0             1    47.565      0.000     47.565 
                    ha1             1    47.565      0.000     47.565 
                    fa0             1    39.210      0.000     39.210 
                  p1                3   134.340      0.000    134.340 
                    ha0             1    47.565      0.000     47.565 
                    ha1             1    47.565      0.000     47.565 
                    fa0             1    39.210      0.000     39.210 
                p1                  9   394.666      0.000    394.666 
                  p0                3   134.340      0.000    134.340 
                    ha0             1    47.565      0.000     47.565 
                    ha1             1    47.565      0.000     47.565 
                    fa0             1    39.210      0.000     39.210 
                  p1                3   134.340      0.000    134.340 
                    ha0             1    47.565      0.000     47.565 
                    ha1             1    47.565      0.000     47.565 
                    fa0             1    39.210      0.000     39.210 
              p1                   22   954.528      0.000    954.528 
                p0                  9   394.666      0.000    394.666 
                  p0                3   134.340      0.000    134.340 
                    ha0             1    47.565      0.000     47.565 
                    ha1             1    47.565      0.000     47.565 
                    fa0             1    39.210      0.000     39.210 
                  p1                3   134.340      0.000    134.340 
                    ha0             1    47.565      0.000     47.565 
                    ha1             1    47.565      0.000     47.565 
                    fa0             1    39.210      0.000     39.210 
                p1                  9   394.666      0.000    394.666 
                  p0                3   134.340      0.000    134.340 
                    ha0             1    47.565      0.000     47.565 
                    ha1             1    47.565      0.000     47.565 
                    fa0             1    39.210      0.000     39.210 
                  p1                3   134.340      0.000    134.340 
                    ha0             1    47.565      0.000     47.565 
                    ha1             1    47.565      0.000     47.565 
                    fa0             1    39.210      0.000     39.210 
          p1                      104  4470.543      0.000   4470.543 
            p0                     49  2113.463      0.000   2113.463 
              p0                   22   954.528      0.000    954.528 
                p0                  9   394.666      0.000    394.666 
                  p0                3   134.340      0.000    134.340 
                    ha0             1    47.565      0.000     47.565 
                    ha1             1    47.565      0.000     47.565 
                    fa0             1    39.210      0.000     39.210 
                  p1                3   134.340      0.000    134.340 
                    ha0             1    47.565      0.000     47.565 
                    ha1             1    47.565      0.000     47.565 
                    fa0             1    39.210      0.000     39.210 
                p1                  9   394.666      0.000    394.666 
                  p0                3   134.340      0.000    134.340 
                    ha0             1    47.565      0.000     47.565 
                    ha1             1    47.565      0.000     47.565 
                    fa0             1    39.210      0.000     39.210 
                  p1                3   134.340      0.000    134.340 
                    ha0             1    47.565      0.000     47.565 
                    ha1             1    47.565      0.000     47.565 
                    fa0             1    39.210      0.000     39.210 
              p1                   22   954.528      0.000    954.528 
                p0                  9   394.666      0.000    394.666 
                  p0                3   134.340      0.000    134.340 
                    ha0             1    47.565      0.000     47.565 
                    ha1             1    47.565      0.000     47.565 
                    fa0             1    39.210      0.000     39.210 
                  p1                3   134.340      0.000    134.340 
                    ha0             1    47.565      0.000     47.565 
                    ha1             1    47.565      0.000     47.565 
                    fa0             1    39.210      0.000     39.210 
                p1                  9   394.666      0.000    394.666 
                  p0                3   134.340      0.000    134.340 
                    ha0             1    47.565      0.000     47.565 
                    ha1             1    47.565      0.000     47.565 
                    fa0             1    39.210      0.000     39.210 
                  p1                3   134.340      0.000    134.340 
                    ha0             1    47.565      0.000     47.565 
                    ha1             1    47.565      0.000     47.565 
                    fa0             1    39.210      0.000     39.210 
            p1                     49  2113.463      0.000   2113.463 
              p0                   22   954.528      0.000    954.528 
                p0                  9   394.666      0.000    394.666 
                  p0                3   134.340      0.000    134.340 
                    ha0             1    47.565      0.000     47.565 
                    ha1             1    47.565      0.000     47.565 
                    fa0             1    39.210      0.000     39.210 
                  p1                3   134.340      0.000    134.340 
                    ha0             1    47.565      0.000     47.565 
                    ha1             1    47.565      0.000     47.565 
                    fa0             1    39.210      0.000     39.210 
                p1                  9   394.666      0.000    394.666 
                  p0                3   134.340      0.000    134.340 
                    ha0             1    47.565      0.000     47.565 
                    ha1             1    47.565      0.000     47.565 
                    fa0             1    39.210      0.000     39.210 
                  p1                3   134.340      0.000    134.340 
                    ha0             1    47.565      0.000     47.565 
                    ha1             1    47.565      0.000     47.565 
                    fa0             1    39.210      0.000     39.210 
              p1                   22   954.528      0.000    954.528 
                p0                  9   394.666      0.000    394.666 
                  p0                3   134.340      0.000    134.340 
                    ha0             1    47.565      0.000     47.565 
                    ha1             1    47.565      0.000     47.565 
                    fa0             1    39.210      0.000     39.210 
                  p1                3   134.340      0.000    134.340 
                    ha0             1    47.565      0.000     47.565 
                    ha1             1    47.565      0.000     47.565 
                    fa0             1    39.210      0.000     39.210 
                p1                  9   394.666      0.000    394.666 
                  p0                3   134.340      0.000    134.340 
                    ha0             1    47.565      0.000     47.565 
                    ha1             1    47.565      0.000     47.565 
                    fa0             1    39.210      0.000     39.210 
                  p1                3   134.340      0.000    134.340 
                    ha0             1    47.565      0.000     47.565 
                    ha1             1    47.565      0.000     47.565 
                    fa0             1    39.210      0.000     39.210 
        p1                        215  9223.914      0.000   9223.914 
          p0                      104  4470.543      0.000   4470.543 
            p0                     49  2113.463      0.000   2113.463 
              p0                   22   954.528      0.000    954.528 
                p0                  9   394.666      0.000    394.666 
                  p0                3   134.340      0.000    134.340 
                    ha0             1    47.565      0.000     47.565 
                    ha1             1    47.565      0.000     47.565 
                    fa0             1    39.210      0.000     39.210 
                  p1                3   134.340      0.000    134.340 
                    ha0             1    47.565      0.000     47.565 
                    ha1             1    47.565      0.000     47.565 
                    fa0             1    39.210      0.000     39.210 
                p1                  9   394.666      0.000    394.666 
                  p0                3   134.340      0.000    134.340 
                    ha0             1    47.565      0.000     47.565 
                    ha1             1    47.565      0.000     47.565 
                    fa0             1    39.210      0.000     39.210 
                  p1                3   134.340      0.000    134.340 
                    ha0             1    47.565      0.000     47.565 
                    ha1             1    47.565      0.000     47.565 
                    fa0             1    39.210      0.000     39.210 
              p1                   22   954.528      0.000    954.528 
                p0                  9   394.666      0.000    394.666 
                  p0                3   134.340      0.000    134.340 
                    ha0             1    47.565      0.000     47.565 
                    ha1             1    47.565      0.000     47.565 
                    fa0             1    39.210      0.000     39.210 
                  p1                3   134.340      0.000    134.340 
                    ha0             1    47.565      0.000     47.565 
                    ha1             1    47.565      0.000     47.565 
                    fa0             1    39.210      0.000     39.210 
                p1                  9   394.666      0.000    394.666 
                  p0                3   134.340      0.000    134.340 
                    ha0             1    47.565      0.000     47.565 
                    ha1             1    47.565      0.000     47.565 
                    fa0             1    39.210      0.000     39.210 
                  p1                3   134.340      0.000    134.340 
                    ha0             1    47.565      0.000     47.565 
                    ha1             1    47.565      0.000     47.565 
                    fa0             1    39.210      0.000     39.210 
            p1                     49  2113.463      0.000   2113.463 
              p0                   22   954.528      0.000    954.528 
                p0                  9   394.666      0.000    394.666 
                  p0                3   134.340      0.000    134.340 
                    ha0             1    47.565      0.000     47.565 
                    ha1             1    47.565      0.000     47.565 
                    fa0             1    39.210      0.000     39.210 
                  p1                3   134.340      0.000    134.340 
                    ha0             1    47.565      0.000     47.565 
                    ha1             1    47.565      0.000     47.565 
                    fa0             1    39.210      0.000     39.210 
                p1                  9   394.666      0.000    394.666 
                  p0                3   134.340      0.000    134.340 
                    ha0             1    47.565      0.000     47.565 
                    ha1             1    47.565      0.000     47.565 
                    fa0             1    39.210      0.000     39.210 
                  p1                3   134.340      0.000    134.340 
                    ha0             1    47.565      0.000     47.565 
                    ha1             1    47.565      0.000     47.565 
                    fa0             1    39.210      0.000     39.210 
              p1                   22   954.528      0.000    954.528 
                p0                  9   394.666      0.000    394.666 
                  p0                3   134.340      0.000    134.340 
                    ha0             1    47.565      0.000     47.565 
                    ha1             1    47.565      0.000     47.565 
                    fa0             1    39.210      0.000     39.210 
                  p1                3   134.340      0.000    134.340 
                    ha0             1    47.565      0.000     47.565 
                    ha1             1    47.565      0.000     47.565 
                    fa0             1    39.210      0.000     39.210 
                p1                  9   394.666      0.000    394.666 
                  p0                3   134.340      0.000    134.340 
                    ha0             1    47.565      0.000     47.565 
                    ha1             1    47.565      0.000     47.565 
                    fa0             1    39.210      0.000     39.210 
                  p1                3   134.340      0.000    134.340 
                    ha0             1    47.565      0.000     47.565 
                    ha1             1    47.565      0.000     47.565 
                    fa0             1    39.210      0.000     39.210 
          p1                      104  4470.543      0.000   4470.543 
            p0                     49  2113.463      0.000   2113.463 
              p0                   22   954.528      0.000    954.528 
                p0                  9   394.666      0.000    394.666 
                  p0                3   134.340      0.000    134.340 
                    ha0             1    47.565      0.000     47.565 
                    ha1             1    47.565      0.000     47.565 
                    fa0             1    39.210      0.000     39.210 
                  p1                3   134.340      0.000    134.340 
                    ha0             1    47.565      0.000     47.565 
                    ha1             1    47.565      0.000     47.565 
                    fa0             1    39.210      0.000     39.210 
                p1                  9   394.666      0.000    394.666 
                  p0                3   134.340      0.000    134.340 
                    ha0             1    47.565      0.000     47.565 
                    ha1             1    47.565      0.000     47.565 
                    fa0             1    39.210      0.000     39.210 
                  p1                3   134.340      0.000    134.340 
                    ha0             1    47.565      0.000     47.565 
                    ha1             1    47.565      0.000     47.565 
                    fa0             1    39.210      0.000     39.210 
              p1                   22   954.528      0.000    954.528 
                p0                  9   394.666      0.000    394.666 
                  p0                3   134.340      0.000    134.340 
                    ha0             1    47.565      0.000     47.565 
                    ha1             1    47.565      0.000     47.565 
                    fa0             1    39.210      0.000     39.210 
                  p1                3   134.340      0.000    134.340 
                    ha0             1    47.565      0.000     47.565 
                    ha1             1    47.565      0.000     47.565 
                    fa0             1    39.210      0.000     39.210 
                p1                  9   394.666      0.000    394.666 
                  p0                3   134.340      0.000    134.340 
                    ha0             1    47.565      0.000     47.565 
                    ha1             1    47.565      0.000     47.565 
                    fa0             1    39.210      0.000     39.210 
                  p1                3   134.340      0.000    134.340 
                    ha0             1    47.565      0.000     47.565 
                    ha1             1    47.565      0.000     47.565 
                    fa0             1    39.210      0.000     39.210 
            p1                     49  2113.463      0.000   2113.463 
              p0                   22   954.528      0.000    954.528 
                p0                  9   394.666      0.000    394.666 
                  p0                3   134.340      0.000    134.340 
                    ha0             1    47.565      0.000     47.565 
                    ha1             1    47.565      0.000     47.565 
                    fa0             1    39.210      0.000     39.210 
                  p1                3   134.340      0.000    134.340 
                    ha0             1    47.565      0.000     47.565 
                    ha1             1    47.565      0.000     47.565 
                    fa0             1    39.210      0.000     39.210 
                p1                  9   394.666      0.000    394.666 
                  p0                3   134.340      0.000    134.340 
                    ha0             1    47.565      0.000     47.565 
                    ha1             1    47.565      0.000     47.565 
                    fa0             1    39.210      0.000     39.210 
                  p1                3   134.340      0.000    134.340 
                    ha0             1    47.565      0.000     47.565 
                    ha1             1    47.565      0.000     47.565 
                    fa0             1    39.210      0.000     39.210 
              p1                   22   954.528      0.000    954.528 
                p0                  9   394.666      0.000    394.666 
                  p0                3   134.340      0.000    134.340 
                    ha0             1    47.565      0.000     47.565 
                    ha1             1    47.565      0.000     47.565 
                    fa0             1    39.210      0.000     39.210 
                  p1                3   134.340      0.000    134.340 
                    ha0             1    47.565      0.000     47.565 
                    ha1             1    47.565      0.000     47.565 
                    fa0             1    39.210      0.000     39.210 
                p1                  9   394.666      0.000    394.666 
                  p0                3   134.340      0.000    134.340 
                    ha0             1    47.565      0.000     47.565 
                    ha1             1    47.565      0.000     47.565 
                    fa0             1    39.210      0.000     39.210 
                  p1                3   134.340      0.000    134.340 
                    ha0             1    47.565      0.000     47.565 
                    ha1             1    47.565      0.000     47.565 
                    fa0             1    39.210      0.000     39.210 
      ctr                          61  2264.523 118895.426 121159.950 
    cas                           134  1150.106  88790.498  89940.604 
      genblk1.ca..ax_abmincdmin    38   334.250  28149.131  28483.381 
      genblk1.cas_abmax_cdmax      29   246.981  19608.567  19855.548 
      genblk1.cas_abmin_cdmin      27   225.774  15964.243  16190.017 
      genblk1.cas_a_b              20   171.551  12204.103  12375.654 
      genblk1.cas_c_d              20   171.551  12864.455  13036.005 
    genblk1[3].genblk1.sng         20   431.499  19712.142  20143.641 
      ctr                           8   323.916  19039.330  19363.246 
    genblk1[2].genblk1.sng         20   419.185  28095.252  28514.437 
      ctr                           7   304.162  27480.117  27784.279 
    genblk1[0].genblk1.sng         20   411.625  28016.814  28428.439 
      ctr                           7   304.162  27485.876  27790.038 
    genblk1[1].genblk1.sng         21   407.430  27907.100  28314.530 
      ctr                           7   304.162  27330.024  27634.186 

