============================================================
  Generated by:           Encounter(R) RTL Compiler v14.10-s022_1
  Generated on:           Jul 25 2021  01:48:55 pm
  Module:                 ms_es_naive_by4_mul_synth
  Technology library:     gscl45nm 
  Operating conditions:   typical (balanced_tree)
  Wireload mode:          enclosed
  Area mode:              timing library
============================================================

                                  Leakage    Dynamic     Total   
         Instance          Cells Power(nW)  Power(nW)  Power(nW) 
-----------------------------------------------------------------
ms_es_naive_by4_mul_synth    399 10156.321 564607.726 574764.047 
  TOP                        399 10156.321 544947.268 555103.588 
    genblk2.stoch2bin        128  4779.526 241652.525 246432.051 
      ctr                    101  3767.475 208386.578 212154.053 
        add_55_25             20   792.562  16894.503  17687.066 
      par_ctr                 22   954.528  25692.507  26647.035 
        p0                     9   394.666  12012.797  12407.463 
          p0                   3   134.340   5109.790   5244.130 
            ha0                1    47.565    940.739    988.304 
            ha1                1    47.565   1582.600   1630.165 
            fa0                1    39.210   2586.451   2625.661 
          p1                   3   134.340   4938.126   5072.466 
            ha0                1    47.565    941.270    988.835 
            ha1                1    47.565   1410.406   1457.971 
            fa0                1    39.210   2586.450   2625.660 
        p1                     9   394.666  11656.646  12051.313 
          p0                   3   134.340   5010.508   5144.849 
            ha0                1    47.565    922.550    970.115 
            ha1                1    47.565   1551.976   1599.541 
            fa0                1    39.210   2535.983   2575.193 
          p1                   3   134.340   4890.151   5024.491 
            ha0                1    47.565    932.176    979.740 
            ha1                1    47.565   1396.759   1444.324 
            fa0                1    39.210   2561.216   2600.427 
    genblk1[1].genblk1.sng   127  2592.929 137745.987 140338.916 
      ctr                     46  1730.504  90973.965  92704.469 
    genblk1[0].genblk1.sng   125  2501.073 145856.046 148357.119 
      ctr                     42  1677.726 102680.098 104357.825 

