============================================================
  Generated by:           Encounter(R) RTL Compiler v14.10-s022_1
  Generated on:           Jul 25 2021  02:15:36 pm
  Module:                 ms_es_ordered_bs_by4_mul_synth
  Technology library:     gscl45nm 
  Operating conditions:   typical (balanced_tree)
  Wireload mode:          enclosed
  Area mode:              timing library
============================================================

                                       Leakage    Dynamic     Total   
            Instance            Cells Power(nW)  Power(nW)  Power(nW) 
----------------------------------------------------------------------
ms_es_orde..by4_mul_synth         143  3571.607 249320.274 252891.881 
  TOP                             143  3571.607 238995.042 242566.649 
    genblk2.stoch2bin              58  2140.422 146315.557 148455.979 
      ctr                          31  1137.310  90934.798  92072.108 
      par_ctr                      22   954.528  50603.766  51558.294 
        p0                          9   394.666  19938.559  20333.225 
          p0                        3   134.340   6105.921   6240.261 
            ha0                     1    47.565   1581.357   1628.922 
            ha1                     1    47.565   2193.249   2240.814 
            fa0                     1    39.210   2331.314   2370.525 
          p1                        3   134.340   6483.943   6618.283 
            ha0                     1    47.565   1918.287   1965.852 
            ha1                     1    47.565   1908.675   1956.240 
            fa0                     1    39.210   2656.981   2696.192 
        p1                          9   394.666  21013.689  21408.355 
          p0                        3   134.340   6902.340   7036.680 
            ha0                     1    47.565   1947.644   1995.209 
            ha1                     1    47.565   2310.726   2358.291 
            fa0                     1    39.210   2643.970   2683.180 
          p1                        3   134.340   6553.184   6687.525 
            ha0                     1    47.565   2008.464   2056.029 
            ha1                     1    47.565   1900.861   1948.426 
            fa0                     1    39.210   2643.859   2683.069 
    genblk1[1].genblk2.sng         37   601.285  33006.530  33607.815 
      ctr                           8   323.916  19731.718  20055.634 
      genblk2[2].min_comparator    10   102.779   4275.489   4378.268 
      genblk2[0].min_comparator    10   101.245   4773.298   4874.543 
      genblk2[1].min_comparator     6    64.249   2918.617   2982.866 
      genblk2[3].min_comparator     3     9.095   1307.408   1316.503 
    genblk1[0].genblk1.sng         29   547.107  40611.943  41159.051 
      ctr                           7   304.162  28246.726  28550.889 
      genblk2[2].max_comparator     7    82.263   4219.798   4302.061 
      genblk2[0].max_comparator     7    78.539   3727.523   3806.062 
      genblk2[1].max_comparator     5    51.052   2901.286   2952.338 
      genblk2[3].max_comparator     3    31.091   1516.610   1547.701 

