============================================================
  Generated by:           Encounter(R) RTL Compiler v14.10-s022_1
  Generated on:           Jul 25 2021  01:25:26 pm
  Module:                 ms_es_ordered_cas_by2_mul_synth
  Technology library:     gscl45nm 
  Operating conditions:   typical (balanced_tree)
  Wireload mode:          enclosed
  Area mode:              timing library
============================================================

            Instance             Cells  Cell Area  Net Area  Total Area  Wireload     
--------------------------------------------------------------------------------------
ms_es_ordered_cas_by2_mul_synth    880       2813         0        2813    <none> (D) 
  TOP                              880       2813         0        2813    <none> (D) 
    genblk2.stoch2bin              163        866         0         866    <none> (D) 
      ctr                          151        800         0         800    <none> (D) 
        add_55_25                   30        263         0         263    <none> (D) 
      par_ctr                        9         59         0          59    <none> (D) 
        p1                           3         18         0          18    <none> (D) 
          fa0                        1          9         0           9    <none> (D) 
          ha1                        1          5         0           5    <none> (D) 
          ha0                        1          5         0           5    <none> (D) 
        p0                           3         18         0          18    <none> (D) 
          fa0                        1          9         0           9    <none> (D) 
          ha1                        1          5         0           5    <none> (D) 
          ha0                        1          5         0           5    <none> (D) 
    cas                            343        766         0         766    <none> (D) 
      genblk1.cas_abmax_abminc     145        308         0         308    <none> (D) 
      genblk1.cas_abmin_c          117        260         0         260    <none> (D) 
      genblk1.cas_a_b               81        199         0         199    <none> (D) 
    genblk1[2].genblk1.sng         121        385         0         385    <none> (D) 
      ctr                           49        219         0         219    <none> (D) 
    genblk1[1].genblk1.sng         120        383         0         383    <none> (D) 
      ctr                           48        216         0         216    <none> (D) 
    genblk1[0].genblk1.sng         119        381         0         381    <none> (D) 
      ctr                           47        214         0         214    <none> (D) 

 (D) = wireload is default in technology library
