============================================================
  Generated by:           Encounter(R) RTL Compiler v14.10-s022_1
  Generated on:           Jul 25 2021  01:29:26 pm
  Module:                 ms_es_ordered_cas_by2_mul_synth
  Technology library:     gscl45nm 
  Operating conditions:   typical (balanced_tree)
  Wireload mode:          enclosed
  Area mode:              timing library
============================================================

           Pin                 Type       Fanout Load Slew Delay Arrival   
                                                 (fF) (ps)  (ps)   (ps)    
---------------------------------------------------------------------------
(clock clk_int2)             launch                                    0 R 
TOP
  genblk1[2].genblk1.sng
    ctr
      countval_reg[2]/CLK                                0             0 R 
      countval_reg[2]/Q      DFFSR             1  1.5   10  +115     115 F 
      drc_bufs404/A                                           +0     115   
      drc_bufs404/Y          BUFX2             5 12.6   16   +44     158 F 
    ctr/countval[2] 
    g631/A                                                    +0     158   
    g631/Y                   INVX1             1  2.5    0    +4     162 R 
    g628/A                                                    +0     162   
    g628/Y                   OR2X1             2  5.1   36   +47     210 R 
    g619/C                                                    +0     210   
    g619/Y                   NAND3X1           1  1.5   16   +15     225 F 
    drc_bufs642/A                                             +0     225   
    drc_bufs642/Y            BUFX2             1  1.9    2   +34     258 F 
    g613/A                                                    +0     258   
    g613/Y                   AND2X1            1  2.6   18   +32     290 F 
    g610/B                                                    +0     290   
    g610/Y                   OAI21X1           1  2.8   45   +43     334 R 
    g609/A                                                    +0     334   
    g609/Y                   AOI22X1           1  1.5   34   +38     372 F 
    drc_bufs/A                                                +0     372   
    drc_bufs/Y               BUFX2             1  2.6    7   +38     410 F 
    g608/B                                                    +0     410   
    g608/Y                   OAI21X1           6 13.3   94   +74     484 R 
    g607/A                                                    +0     484   
    g607/Y                   OR2X1             5 10.8   57   +66     551 R 
  genblk1[2].genblk1.sng/sn_out[0] 
  g672/A                                                      +0     551   
  g672/Y                     AND2X1            6 15.0   88   +70     620 R 
  g651/C                                                      +0     620   
  g651/Y                     NAND3X1           1  1.5   14   +27     648 F 
  drc_bufs692/A                                               +0     648   
  drc_bufs692/Y              BUFX2             1  1.5    1   +33     680 F 
  g650/A                                                      +0     680   
  g650/Y                     INVX1             1 12.7   28   +32     712 R 
  genblk2.stoch2bin/data_in[27] 
    par_ctr/a[27] 
      p0/a[11] 
        p0/a[3] 
          p1/a[3] 
            fa0/cin 
              g2/A                                            +0     712   
              g2/YS          FAX1              1  3.8   25   +86     798 R 
            fa0/s 
            ha0/b 
              g17/B                                           +0     798   
              g17/YS         HAX1              1  4.0   19   +60     858 F 
            ha0/s 
          p1/y[0] 
          g168/A                                              +0     858   
          g168/YC            HAX1              1 10.9   41   +69     927 F 
          g167/A                                              +0     927   
          g167/YC            FAX1              1  7.1   29   +92    1019 F 
          g166/C                                              +0    1019   
          g166/YS            FAX1              1 12.7   67  +103    1121 R 
        p0/y[2] 
        g239/A                                                +0    1121   
        g239/YS              FAX1              1 12.7   67  +117    1239 R 
      p0/y[2] 
      g286/A                                                  +0    1239   
      g286/YS                FAX1              3  7.9   45  +103    1341 R 
    par_ctr/y[2] 
    ctr/data_in[2] 
      add_55_25/B[2] 
        g19067/B                                              +0    1341   
        g19067/YC            HAX1              1  2.4   21   +44    1386 R 
        g19009/C                                              +0    1386   
        g19009/Y             AOI21X1           1  1.5   15   +13    1399 F 
        drc_bufs19196/A                                       +0    1399   
        drc_bufs19196/Y      BUFX2             1  1.9    2   +33    1432 F 
        g19008/C                                              +0    1432   
        g19008/Y             OAI21X1           3  7.1   65   +31    1463 R 
        g19002/B                                              +0    1463   
        g19002/Y             AOI21X1           1  1.5   14   +36    1500 F 
        drc_bufs19207/A                                       +0    1500   
        drc_bufs19207/Y      BUFX2             1  1.9    2   +33    1533 F 
        g19000/C                                              +0    1533   
        g19000/Y             OAI21X1           3  7.1   65   +31    1564 R 
        g18996/B                                              +0    1564   
        g18996/Y             AOI21X1           1  1.5   14   +36    1600 F 
        drc_bufs19188/A                                       +0    1600   
        drc_bufs19188/Y      BUFX2             1  1.9    2   +33    1633 F 
        g18995/C                                              +0    1633   
        g18995/Y             OAI21X1           3 10.1   79   +40    1674 R 
        g18994/B                                              +0    1674   
        g18994/Y             NAND2X1           1  1.5   14   +29    1703 F 
        drc_bufs19176/A                                       +0    1703   
        drc_bufs19176/Y      BUFX2             1  1.8    2   +33    1736 F 
        g18991/B                                              +0    1736   
        g18991/Y             AND2X1            3  6.7   30   +52    1788 F 
        g18990/A                                              +0    1788   
        g18990/Y             INVX1             2  5.5    0   +19    1806 R 
        g18986/B                                              +0    1806   
        g18986/Y             AOI21X1           1  1.5   16   +21    1827 F 
        drc_bufs19182/A                                       +0    1827   
        drc_bufs19182/Y      BUFX2             1  1.9    2   +34    1861 F 
        g18985/C                                              +0    1861   
        g18985/Y             OAI21X1           3  7.1   46   +31    1892 R 
        g18982/B                                              +0    1892   
        g18982/Y             AOI21X1           1  1.5   15   +32    1924 F 
        drc_bufs19183/A                                       +0    1924   
        drc_bufs19183/Y      BUFX2             1  1.9    2   +33    1957 F 
        g18981/C                                              +0    1957   
        g18981/Y             OAI21X1           3  7.1   46   +31    1988 R 
        g18978/B                                              +0    1988   
        g18978/Y             AOI21X1           1  1.5   15   +32    2020 F 
        drc_bufs19184/A                                       +0    2020   
        drc_bufs19184/Y      BUFX2             1  1.9    2   +33    2053 F 
        g18977/C                                              +0    2053   
        g18977/Y             OAI21X1           3  7.1   46   +31    2084 R 
        g18974/B                                              +0    2084   
        g18974/Y             AOI21X1           1  1.5   15   +32    2116 F 
        drc_bufs19185/A                                       +0    2116   
        drc_bufs19185/Y      BUFX2             1  1.9    2   +33    2150 F 
        g18973/C                                              +0    2150   
        g18973/Y             OAI21X1           3  7.1   46   +31    2181 R 
        g18970/B                                              +0    2181   
        g18970/Y             AOI21X1           1  1.5   15   +32    2213 F 
        drc_bufs19186/A                                       +0    2213   
        drc_bufs19186/Y      BUFX2             1  1.9    2   +33    2246 F 
        g18969/C                                              +0    2246   
        g18969/Y             OAI21X1           3  7.1   46   +31    2277 R 
        g18966/B                                              +0    2277   
        g18966/Y             AOI21X1           1  1.5   15   +32    2309 F 
        drc_bufs19187/A                                       +0    2309   
        drc_bufs19187/Y      BUFX2             1  1.9    2   +33    2342 F 
        g18965/C                                              +0    2342   
        g18965/Y             OAI21X1           3  7.1   46   +31    2373 R 
        g18962/B                                              +0    2373   
        g18962/Y             AOI21X1           1  1.5   15   +32    2405 F 
        drc_bufs19197/A                                       +0    2405   
        drc_bufs19197/Y      BUFX2             1  1.9    2   +33    2439 F 
        g18961/C                                              +0    2439   
        g18961/Y             OAI21X1           3  7.1   46   +31    2470 R 
        g18958/B                                              +0    2470   
        g18958/Y             AOI21X1           1  1.5   15   +32    2502 F 
        drc_bufs19204/A                                       +0    2502   
        drc_bufs19204/Y      BUFX2             1  1.9    2   +33    2535 F 
        g18957/C                                              +0    2535   
        g18957/Y             OAI21X1           3  7.1   46   +31    2566 R 
        g18954/B                                              +0    2566   
        g18954/Y             AOI21X1           1  1.5   15   +32    2598 F 
        drc_bufs19190/A                                       +0    2598   
        drc_bufs19190/Y      BUFX2             1  1.9    2   +33    2631 F 
        g18953/C                                              +0    2631   
        g18953/Y             OAI21X1           3  7.1   46   +31    2662 R 
        g18950/B                                              +0    2662   
        g18950/Y             AOI21X1           1  1.5   15   +32    2694 F 
        drc_bufs19191/A                                       +0    2694   
        drc_bufs19191/Y      BUFX2             1  1.9    2   +33    2728 F 
        g18949/C                                              +0    2728   
        g18949/Y             OAI21X1           3  7.1   46   +31    2759 R 
        g18946/B                                              +0    2759   
        g18946/Y             AOI21X1           1  1.5   15   +32    2790 F 
        drc_bufs19200/A                                       +0    2790   
        drc_bufs19200/Y      BUFX2             1  1.9    2   +33    2824 F 
        g18945/C                                              +0    2824   
        g18945/Y             OAI21X1           3  7.1   46   +31    2855 R 
        g18942/B                                              +0    2855   
        g18942/Y             AOI21X1           1  1.5   15   +32    2887 F 
        drc_bufs19203/A                                       +0    2887   
        drc_bufs19203/Y      BUFX2             1  1.9    2   +33    2920 F 
        g18941/C                                              +0    2920   
        g18941/Y             OAI21X1           3  7.1   46   +31    2951 R 
        g18938/B                                              +0    2951   
        g18938/Y             AOI21X1           1  1.5   15   +32    2983 F 
        drc_bufs19206/A                                       +0    2983   
        drc_bufs19206/Y      BUFX2             1  1.9    2   +33    3016 F 
        g18937/C                                              +0    3016   
        g18937/Y             OAI21X1           3  7.1   46   +31    3048 R 
        g18934/B                                              +0    3048   
        g18934/Y             AOI21X1           1  1.5   15   +32    3079 F 
        drc_bufs19201/A                                       +0    3079   
        drc_bufs19201/Y      BUFX2             1  1.9    2   +33    3113 F 
        g18933/C                                              +0    3113   
        g18933/Y             OAI21X1           3  7.1   46   +31    3144 R 
        g18932/A                                              +0    3144   
        g18932/Y             INVX1             3  7.8   26   +37    3181 F 
        g18929/B                                              +0    3181   
        g18929/Y             OAI21X1           1  2.8   46   +45    3226 R 
        g18926/B                                              +0    3226   
        g18926/Y             OAI21X1           1  1.9    5   +23    3249 F 
        g18923/A                                              +0    3249   
        g18923/Y             AND2X1            4  9.0   36   +45    3294 F 
        g18917/A                                              +0    3294   
        g18917/Y             INVX1             3  7.8    8   +28    3322 R 
        g18915/A                                              +0    3322   
        g18915/Y             AND2X1            1  2.8   35   +32    3355 R 
        g18908/B                                              +0    3355   
        g18908/Y             OAI21X1           1  1.9    5   +20    3375 F 
        g18902/C                                              +0    3375   
        g18902/Y             OAI21X1           1  2.5   43   +18    3393 R 
        g18895/A                                              +0    3393   
        g18895/Y             OR2X1             1  2.0   19   +38    3431 R 
        g18892/C                                              +0    3431   
        g18892/Y             OAI21X1           1  1.9    2   +15    3447 F 
        g18885/A                                              +0    3447   
        g18885/Y             AND2X1            3  8.4   34   +44    3490 F 
        g18874/A                                              +0    3490   
        g18874/Y             OR2X1             3  6.4   19   +50    3541 F 
        g18867/B                                              +0    3541   
        g18867/Y             NOR2X1            1  1.5   23   +28    3569 R 
        drc_bufs19175/A                                       +0    3569   
        drc_bufs19175/Y      BUFX2             1  2.4    8   +34    3603 R 
        g18859/B                                              +0    3603   
        g18859/Y             NOR2X1            1  1.5    0   +10    3613 F 
        drc_bufs19189/A                                       +0    3613   
        drc_bufs19189/Y      BUFX2             1  1.9    0   +30    3643 F 
        g18856/C                                              +0    3643   
        g18856/Y             OAI21X1           4  9.8   75   +39    3682 R 
        g18840/B                                              +0    3682   
        g18840/Y             AOI21X1           1  1.5   14   +39    3721 F 
        drc_bufs19170/A                                       +0    3721   
        drc_bufs19170/Y      BUFX2             1  2.6    3   +34    3755 F 
        g18836/B                                              +0    3755   
        g18836/Y             OAI21X1           1  5.4   56   +48    3803 R 
        g18833/A                                              +0    3803   
        g18833/Y             XOR2X1            1  2.8   46   +41    3844 R 
      add_55_25/Z[39] 
      g169/A                                                  +0    3844   
      g169/Y                 MUX2X1            1  1.5   56   +28    3872 F 
      g168/A                                                  +0    3872   
      g168/Y                 INVX1             1  2.0    0   +17    3888 R 
      countval_reg[39]/D     DFFSR                            +0    3888   
      countval_reg[39]/CLK   setup                       0   +70    3959 R 
- - - - - - - - - - - - - - - - - - - - - - - - - - - - - - - - - - - - - -
(clock clk)                  capture                                5000 R 
                             uncertainty                     -50    4950 R 
---------------------------------------------------------------------------
Cost Group   : 'clk' (path_group 'clk')
Timing slack :     991ps 
Start-point  : TOP/genblk1[2].genblk1.sng/ctr/countval_reg[2]/CLK
End-point    : TOP/genblk2.stoch2bin/ctr/countval_reg[39]/D
