============================================================
  Generated by:           Encounter(R) RTL Compiler v14.10-s022_1
  Generated on:           Jul 25 2021  01:16:40 pm
  Module:                 ms_es_naive_by2_mul_synth
  Technology library:     gscl45nm 
  Operating conditions:   typical (balanced_tree)
  Wireload mode:          enclosed
  Area mode:              timing library
============================================================

          Pin                 Type       Fanout Load Slew Delay Arrival   
                                                (fF) (ps)  (ps)   (ps)    
--------------------------------------------------------------------------
(clock clk_int2)            launch                                    0 R 
TOP
  genblk1[2].genblk1.sng
    ctr
      countval_reg[2]/CLK                               0             0 R 
      countval_reg[2]/Q     DFFSR             1  1.5   10  +115     115 F 
      drc_bufs68/A                                           +0     115   
      drc_bufs68/Y          BUFX2             4 10.7   14   +42     156 F 
    ctr/countval[2] 
    g161/A                                                   +0     156   
    g161/Y                  INVX1             1  2.5    0    +3     160 R 
    g159/A                                                   +0     160   
    g159/Y                  OR2X1             2  4.4   33   +45     205 R 
    g157/B                                                   +0     205   
    g157/Y                  NAND3X1           1  1.5   15   +18     222 F 
    drc_bufs/A                                               +0     222   
    drc_bufs/Y              BUFX2             1  1.9    2   +33     256 F 
    g155/C                                                   +0     256   
    g155/Y                  OAI21X1           4  8.9   74   +37     292 R 
    g154/A                                                   +0     292   
    g154/Y                  INVX1             1  1.9    6   +32     325 F 
    g153/C                                                   +0     325   
    g153/Y                  OAI21X1           3  7.4   67   +33     358 R 
  genblk1[2].genblk1.sng/sn_out[0] 
  g146/A                                                     +0     358   
  g146/Y                    AND2X1            2  4.6   39   +37     396 R 
  g136/B                                                     +0     396   
  g136/Y                    AND2X1            1 10.3   68   +65     461 R 
  genblk2.stoch2bin/data_in[6] 
    par_ctr/a[6] 
      p0/a[2] 
        fa0/b 
          g2/B                                               +0     461   
          g2/YS             FAX1              1  3.4   12   +91     552 F 
        fa0/s 
        ha0/b 
          g17/B                                              +0     552   
          g17/YC            HAX1              1  3.4   20   +48     601 F 
        ha0/cout 
        ha1/a 
          g17/B                                              +0     601   
          g17/YS            HAX1              1 12.7   65   +82     682 R 
        ha1/s 
      p0/y[1] 
      g167/A                                                 +0     682   
      g167/YS               FAX1              2 10.2   31  +106     788 F 
    par_ctr/y[1] 
    ctr/data_in[1] 
      g588/C                                                 +0     788   
      g588/YC               FAX1              1  7.1   29   +82     870 F 
      g584/C                                                 +0     870   
      g584/YC               FAX1              1  7.1   29   +82     951 F 
      g580/C                                                 +0     951   
      g580/YC               FAX1              1  7.1   29   +82    1033 F 
      g576/C                                                 +0    1033   
      g576/YC               FAX1              1  7.1   26   +82    1114 F 
      g572/C                                                 +0    1114   
      g572/YC               FAX1              1  7.1   27   +81    1196 F 
      g568/C                                                 +0    1196   
      g568/YC               FAX1              1  7.1   27   +81    1277 F 
      g564/C                                                 +0    1277   
      g564/YC               FAX1              1 10.9   37   +89    1366 F 
      g2/A                                                   +0    1366   
      g2/YS                 FAX1              1  2.8   21   +84    1450 R 
      g558/A                                                 +0    1450   
      g558/Y                MUX2X1            1  1.5   18   +23    1472 F 
      g557/A                                                 +0    1472   
      g557/Y                INVX1             1  2.0    0    +3    1475 R 
      countval_reg[8]/D     DFFSR                            +0    1475   
      countval_reg[8]/CLK   setup                       0   +70    1546 R 
- - - - - - - - - - - - - - - - - - - - - - - - - - - - - - - - - - - - - 
(clock clk)                 capture                                5000 R 
                            uncertainty                     -50    4950 R 
--------------------------------------------------------------------------
Cost Group   : 'clk' (path_group 'clk')
Timing slack :    3404ps 
Start-point  : TOP/genblk1[2].genblk1.sng/ctr/countval_reg[2]/CLK
End-point    : TOP/genblk2.stoch2bin/ctr/countval_reg[8]/D
