============================================================
  Generated by:           Encounter(R) RTL Compiler v14.10-s022_1
  Generated on:           Jul 25 2021  02:18:21 pm
  Module:                 ms_es_ordered_bs_by4_mul_synth
  Technology library:     gscl45nm 
  Operating conditions:   typical (balanced_tree)
  Wireload mode:          enclosed
  Area mode:              timing library
============================================================

             Instance               Cells  Cell Area  Net Area  Total Area  Wireload     
-----------------------------------------------------------------------------------------
ms_es_ordered_bs_by4_mul_synth       1192       3754         0        3754    <none> (D) 
  TOP                                1192       3754         0        3754    <none> (D) 
    genblk2.stoch2bin                 217       1304         0        1304    <none> (D) 
      par_ctr                         104        729         0         729    <none> (D) 
        p1                             49        340         0         340    <none> (D) 
          p1                           22        150         0         150    <none> (D) 
            p1                          9         59         0          59    <none> (D) 
              p1                        3         18         0          18    <none> (D) 
                fa0                     1          9         0           9    <none> (D) 
                ha1                     1          5         0           5    <none> (D) 
                ha0                     1          5         0           5    <none> (D) 
              p0                        3         18         0          18    <none> (D) 
                fa0                     1          9         0           9    <none> (D) 
                ha1                     1          5         0           5    <none> (D) 
                ha0                     1          5         0           5    <none> (D) 
            p0                          9         59         0          59    <none> (D) 
              p1                        3         18         0          18    <none> (D) 
                fa0                     1          9         0           9    <none> (D) 
                ha1                     1          5         0           5    <none> (D) 
                ha0                     1          5         0           5    <none> (D) 
              p0                        3         18         0          18    <none> (D) 
                fa0                     1          9         0           9    <none> (D) 
                ha1                     1          5         0           5    <none> (D) 
                ha0                     1          5         0           5    <none> (D) 
          p0                           22        150         0         150    <none> (D) 
            p1                          9         59         0          59    <none> (D) 
              p1                        3         18         0          18    <none> (D) 
                fa0                     1          9         0           9    <none> (D) 
                ha1                     1          5         0           5    <none> (D) 
                ha0                     1          5         0           5    <none> (D) 
              p0                        3         18         0          18    <none> (D) 
                fa0                     1          9         0           9    <none> (D) 
                ha1                     1          5         0           5    <none> (D) 
                ha0                     1          5         0           5    <none> (D) 
            p0                          9         59         0          59    <none> (D) 
              p1                        3         18         0          18    <none> (D) 
                fa0                     1          9         0           9    <none> (D) 
                ha1                     1          5         0           5    <none> (D) 
                ha0                     1          5         0           5    <none> (D) 
              p0                        3         18         0          18    <none> (D) 
                fa0                     1          9         0           9    <none> (D) 
                ha1                     1          5         0           5    <none> (D) 
                ha0                     1          5         0           5    <none> (D) 
        p0                             49        340         0         340    <none> (D) 
          p1                           22        150         0         150    <none> (D) 
            p1                          9         59         0          59    <none> (D) 
              p1                        3         18         0          18    <none> (D) 
                fa0                     1          9         0           9    <none> (D) 
                ha1                     1          5         0           5    <none> (D) 
                ha0                     1          5         0           5    <none> (D) 
              p0                        3         18         0          18    <none> (D) 
                fa0                     1          9         0           9    <none> (D) 
                ha1                     1          5         0           5    <none> (D) 
                ha0                     1          5         0           5    <none> (D) 
            p0                          9         59         0          59    <none> (D) 
              p1                        3         18         0          18    <none> (D) 
                fa0                     1          9         0           9    <none> (D) 
                ha1                     1          5         0           5    <none> (D) 
                ha0                     1          5         0           5    <none> (D) 
              p0                        3         18         0          18    <none> (D) 
                fa0                     1          9         0           9    <none> (D) 
                ha1                     1          5         0           5    <none> (D) 
                ha0                     1          5         0           5    <none> (D) 
          p0                           22        150         0         150    <none> (D) 
            p1                          9         59         0          59    <none> (D) 
              p1                        3         18         0          18    <none> (D) 
                fa0                     1          9         0           9    <none> (D) 
                ha1                     1          5         0           5    <none> (D) 
                ha0                     1          5         0           5    <none> (D) 
              p0                        3         18         0          18    <none> (D) 
                fa0                     1          9         0           9    <none> (D) 
                ha1                     1          5         0           5    <none> (D) 
                ha0                     1          5         0           5    <none> (D) 
            p0                          9         59         0          59    <none> (D) 
              p1                        3         18         0          18    <none> (D) 
                fa0                     1          9         0           9    <none> (D) 
                ha1                     1          5         0           5    <none> (D) 
                ha0                     1          5         0           5    <none> (D) 
              p0                        3         18         0          18    <none> (D) 
                fa0                     1          9         0           9    <none> (D) 
                ha1                     1          5         0           5    <none> (D) 
                ha0                     1          5         0           5    <none> (D) 
      ctr                             106        559         0         559    <none> (D) 
        add_55_25                      21        183         0         183    <none> (D) 
    genblk1[1].genblk3.genblk1.sng    307        770         0         770    <none> (D) 
      genblk2[0].max_comparator        75        175         0         175    <none> (D) 
      genblk2[2].max_comparator        73        170         0         170    <none> (D) 
      genblk2[1].max_comparator        69        159         0         159    <none> (D) 
      genblk2[3].max_comparator        63        142         0         142    <none> (D) 
      ctr                              27        124         0         124    <none> (D) 
    genblk1[2].genblk2.sng            295        751         0         751    <none> (D) 
      genblk2[2].min_comparator        73        177         0         177    <none> (D) 
      genblk2[0].min_comparator        72        165         0         165    <none> (D) 
      genblk2[1].min_comparator        66        153         0         153    <none> (D) 
      genblk2[3].min_comparator        56        130         0         130    <none> (D) 
      ctr                              28        127         0         127    <none> (D) 
    genblk1[0].genblk1.sng            290        734         0         734    <none> (D) 
      genblk2[0].max_comparator        72        167         0         167    <none> (D) 
      genblk2[2].max_comparator        67        160         0         160    <none> (D) 
      genblk2[1].max_comparator        70        159         0         159    <none> (D) 
      ctr                              27        124         0         124    <none> (D) 
      genblk2[3].max_comparator        54        124         0         124    <none> (D) 

 (D) = wireload is default in technology library
