============================================================
  Generated by:           Encounter(R) RTL Compiler v14.10-s022_1
  Generated on:           Jul 25 2021  01:50:27 pm
  Module:                 ms_es_naive_by4_mul_synth
  Technology library:     gscl45nm 
  Operating conditions:   typical (balanced_tree)
  Wireload mode:          enclosed
  Area mode:              timing library
============================================================

           Pin                 Type       Fanout Load Slew Delay Arrival   
                                                 (fF) (ps)  (ps)   (ps)    
---------------------------------------------------------------------------
(clock clk_int2)             launch                                    0 R 
TOP
  genblk1[2].genblk1.sng
    ctr
      countval_reg[3]/CLK                                0             0 R 
      countval_reg[3]/Q      DFFSR             1  1.5   10  +115     115 F 
      drc_bufs417/A                                           +0     115   
      drc_bufs417/Y          BUFX2             4 10.8   14   +42     156 F 
    ctr/countval[3] 
    g943/A                                                    +0     156   
    g943/Y                   AND2X1            2  4.5   23   +37     194 F 
    g928/A                                                    +0     194   
    g928/Y                   OR2X1             2  4.1   18   +45     239 F 
    g922/B                                                    +0     239   
    g922/Y                   OR2X1             1  2.7   14   +50     289 F 
    g920/A                                                    +0     289   
    g920/Y                   AOI22X1           1  1.5   43   +46     335 R 
    drc_bufs965/A                                             +0     335   
    drc_bufs965/Y            BUFX2             1  2.8   12   +36     371 R 
    g915/B                                                    +0     371   
    g915/Y                   OAI21X1           1  1.9    4   +15     386 F 
    g913/C                                                    +0     386   
    g913/Y                   OAI21X1           1  2.3   42   +17     403 R 
    g912/A                                                    +0     403   
    g912/Y                   AND2X1           19 44.2  233  +161     564 R 
    g910/A                                                    +0     564   
    g910/Y                   OR2X1            18 42.3  199  +166     730 R 
    g909/A                                                    +0     730   
    g909/Y                   OR2X1            17 40.1  189  +158     889 R 
  genblk1[2].genblk1.sng/sn_out[0] 
  g596/B                                                      +0     889   
  g596/Y                     AND2X1            1  4.6   25   +37     926 R 
  genblk2.stoch2bin/data_in[56] 
    par_ctr/a[56] 
      p0/a[24] 
        p0/a[8] 
          p0/a[0] 
            p1/a[0] 
              ha0/a 
                g17/A                                         +0     926   
                g17/YS       HAX1              1  4.0   19   +64     990 F 
              ha0/s 
            p1/y[0] 
            g168/A                                            +0     990   
            g168/YC          HAX1              1  8.8   35   +65    1054 F 
            g167/B                                            +0    1054   
            g167/YC          FAX1              1  7.1   29   +89    1143 F 
            g166/C                                            +0    1143   
            g166/YS          FAX1              1 12.7   67  +103    1246 R 
          p0/y[2] 
          g236/A                                              +0    1246   
          g236/YS            FAX1              1 12.7   67  +117    1363 R 
        p0/y[2] 
        g287/A                                                +0    1363   
        g287/YS              FAX1              1 12.7   67  +117    1481 R 
      p0/y[2] 
      g360/A                                                  +0    1481   
      g360/YS                FAX1              2 11.1   34  +108    1588 F 
    par_ctr/y[2] 
    ctr/data_in[2] 
      add_55_25/B[2] 
        g650/B                                                +0    1588   
        g650/YC              FAX1              1  7.1   29   +88    1677 F 
        g649/C                                                +0    1677   
        g649/YC              FAX1              1  7.1   29   +82    1758 F 
        g648/C                                                +0    1758   
        g648/YC              FAX1              1  7.1   29   +82    1840 F 
        g647/C                                                +0    1840   
        g647/YC              FAX1              1  7.1   29   +82    1922 F 
        g646/C                                                +0    1922   
        g646/YC              FAX1              1  7.1   29   +82    2003 F 
        g645/C                                                +0    2003   
        g645/YC              FAX1              1  7.1   26   +82    2085 F 
        g644/C                                                +0    2085   
        g644/YC              FAX1              1  7.1   27   +81    2166 F 
        g643/C                                                +0    2166   
        g643/YC              FAX1              1  7.1   27   +81    2247 F 
        g642/C                                                +0    2247   
        g642/YC              FAX1              1  7.1   27   +81    2328 F 
        g641/C                                                +0    2328   
        g641/YC              FAX1              1  7.1   27   +81    2410 F 
        g640/C                                                +0    2410   
        g640/YC              FAX1              1  7.1   27   +81    2491 F 
        g639/C                                                +0    2491   
        g639/YC              FAX1              1  7.1   27   +81    2572 F 
        g638/C                                                +0    2572   
        g638/YC              FAX1              1  7.1   27   +81    2653 F 
        g637/C                                                +0    2653   
        g637/YC              FAX1              1  7.1   27   +81    2734 F 
        g636/C                                                +0    2734   
        g636/YC              FAX1              1  7.1   27   +81    2816 F 
        g635/C                                                +0    2816   
        g635/YC              FAX1              1  7.1   27   +81    2897 F 
        g634/C                                                +0    2897   
        g634/YC              FAX1              1  7.1   27   +81    2978 F 
        g633/C                                                +0    2978   
        g633/YC              FAX1              1  7.1   27   +81    3059 F 
        g632/C                                                +0    3059   
        g632/YC              FAX1              1  7.1   27   +81    3140 F 
        g631/C                                                +0    3140   
        g631/YC              FAX1              1  7.1   27   +81    3222 F 
        g630/C                                                +0    3222   
        g630/YC              FAX1              1  7.1   27   +81    3303 F 
        g629/C                                                +0    3303   
        g629/YC              FAX1              1  7.1   27   +81    3384 F 
        g628/C                                                +0    3384   
        g628/YC              FAX1              1  7.1   27   +81    3465 F 
        g627/C                                                +0    3465   
        g627/YC              FAX1              1 10.9   37   +89    3554 F 
        g2/A                                                  +0    3554   
        g2/YS                FAX1              1  2.8   21   +84    3638 R 
      add_55_25/Z[26] 
      g76/A                                                   +0    3638   
      g76/Y                  MUX2X1            1  1.5   26   +23    3661 F 
      g75/A                                                   +0    3661   
      g75/Y                  INVX1             1  2.0    0    +6    3667 R 
      countval_reg[26]/D     DFFSR                            +0    3667   
      countval_reg[26]/CLK   setup                       0   +70    3737 R 
- - - - - - - - - - - - - - - - - - - - - - - - - - - - - - - - - - - - - -
(clock clk)                  capture                                5000 R 
                             uncertainty                     -50    4950 R 
---------------------------------------------------------------------------
Cost Group   : 'clk' (path_group 'clk')
Timing slack :    1213ps 
Start-point  : TOP/genblk1[2].genblk1.sng/ctr/countval_reg[3]/CLK
End-point    : TOP/genblk2.stoch2bin/ctr/countval_reg[26]/D
