============================================================
  Generated by:           Encounter(R) RTL Compiler v14.10-s022_1
  Generated on:           Jul 25 2021  01:34:03 pm
  Module:                 ms_es_ordered_bs_by2_mul_synth
  Technology library:     gscl45nm 
  Operating conditions:   typical (balanced_tree)
  Wireload mode:          enclosed
  Area mode:              timing library
============================================================

                                       Leakage    Dynamic     Total   
            Instance            Cells Power(nW)  Power(nW)  Power(nW) 
----------------------------------------------------------------------
ms_es_orde..by2_mul_synth         222  5253.522 287184.850 292438.372 
  TOP                             222  5253.522 270245.001 275498.524 
    genblk2.stoch2bin              68  2516.160 110894.496 113410.656 
      ctr                          41  1513.048  87606.076  89119.124 
      par_ctr                      22   954.528  20257.448  21211.976 
        p0                          9   394.666   8003.539   8398.205 
          p0                        3   134.340   2349.568   2483.909 
            ha0                     1    47.565    762.485    810.050 
            ha1                     1    47.565    830.141    877.706 
            fa0                     1    39.210    756.942    796.152 
          p1                        3   134.340   2325.200   2459.540 
            ha0                     1    47.565    821.102    868.666 
            ha1                     1    47.565    747.043    794.608 
            fa0                     1    39.210    757.056    796.266 
        p1                          9   394.666   8226.162   8620.828 
          p0                        3   134.340   2468.534   2602.874 
            ha0                     1    47.565    789.569    837.133 
            ha1                     1    47.565    871.564    919.129 
            fa0                     1    39.210    807.402    846.612 
          p1                        3   134.340   2481.842   2616.183 
            ha0                     1    47.565    866.449    914.014 
            ha1                     1    47.565    795.250    842.815 
            fa0                     1    39.210    820.143    859.353 
    genblk1[1]..4.genblk1.sng      41   683.376  44621.174  45304.549 
      ctr                           7   304.162  27548.913  27853.076 
      genblk2[0].max_comparator    28   295.975  11601.817  11897.792 
      genblk2[1].max_comparator     6    83.238   5470.444   5553.682 
    genblk1[2]..4.genblk2.sng      35   639.866  39360.344  40000.210 
      ctr                           7   304.162  27615.140  27919.302 
      genblk2[0].max_comparator    22   270.820   9160.126   9430.947 
      genblk2[1].max_comparator     6    64.884   2585.078   2649.962 
    genblk1[0].genblk1.sng         26   526.368  35978.427  36504.795 
      ctr                           7   304.162  27786.240  28090.403 
      genblk2[0].max_comparator    13   152.046   5937.698   6089.744 
      genblk2[1].max_comparator     6    70.160   2254.488   2324.648 
    genblk1[3].genblk2.sng         26   506.340  26384.664  26891.004 
      ctr                           8   323.916  19485.160  19809.076 
      genblk2[0].min_comparator    13   130.722   5256.191   5386.913 
      genblk2[1].min_comparator     5    51.702   1643.313   1695.015 

