============================================================
  Generated by:           Encounter(R) RTL Compiler v14.10-s022_1
  Generated on:           Jul 25 2021  01:30:38 pm
  Module:                 ms_es_ordered_bs_by2_mul_synth
  Technology library:     gscl45nm 
  Operating conditions:   typical (balanced_tree)
  Wireload mode:          enclosed
  Area mode:              timing library
============================================================

            Instance             Cells  Cell Area  Net Area  Total Area  Wireload     
--------------------------------------------------------------------------------------
ms_es_ordered_bs_by2_mul_synth      64        252         0         252    <none> (D) 
  TOP                               64        252         0         252    <none> (D) 
    genblk2.stoch2bin               26        127         0         127    <none> (D) 
      ctr                           21        104         0         104    <none> (D) 
      par_ctr                        3         18         0          18    <none> (D) 
        fa0                          1          9         0           9    <none> (D) 
        ha1                          1          5         0           5    <none> (D) 
        ha0                          1          5         0           5    <none> (D) 
    genblk1[1].genblk2.sng          17         57         0          57    <none> (D) 
      ctr                            8         37         0          37    <none> (D) 
      genblk2[0].min_comparator      6         15         0          15    <none> (D) 
      genblk2[1].min_comparator      3          6         0           6    <none> (D) 
    genblk1[0].genblk1.sng          15         54         0          54    <none> (D) 
      ctr                            7         34         0          34    <none> (D) 
      genblk2[0].max_comparator      5         14         0          14    <none> (D) 
      genblk2[1].max_comparator      3          6         0           6    <none> (D) 

 (D) = wireload is default in technology library
