============================================================
  Generated by:           Encounter(R) RTL Compiler v14.10-s022_1
  Generated on:           Jul 25 2021  02:05:09 pm
  Module:                 ms_es_ordered_cas_by4_mul_synth
  Technology library:     gscl45nm 
  Operating conditions:   typical (balanced_tree)
  Wireload mode:          enclosed
  Area mode:              timing library
============================================================

                Instance                 Cells  Cell Area  Net Area  Total Area  Wireload     
----------------------------------------------------------------------------------------------
ms_es_ordered_cas_by4_mul_synth           1136       5050         0        5050    <none> (D) 
  TOP                                     1136       5050         0        5050    <none> (D) 
    genblk2.stoch2bin                      528       3545         0        3545    <none> (D) 
      par_ctr                              438       3099         0        3099    <none> (D) 
        p1                                 215       1516         0        1516    <none> (D) 
          p1                               104        729         0         729    <none> (D) 
            p1                              49        340         0         340    <none> (D) 
              p1                            22        150         0         150    <none> (D) 
                p1                           9         59         0          59    <none> (D) 
                  p1                         3         18         0          18    <none> (D) 
                    fa0                      1          9         0           9    <none> (D) 
                    ha1                      1          5         0           5    <none> (D) 
                    ha0                      1          5         0           5    <none> (D) 
                  p0                         3         18         0          18    <none> (D) 
                    fa0                      1          9         0           9    <none> (D) 
                    ha1                      1          5         0           5    <none> (D) 
                    ha0                      1          5         0           5    <none> (D) 
                p0                           9         59         0          59    <none> (D) 
                  p1                         3         18         0          18    <none> (D) 
                    fa0                      1          9         0           9    <none> (D) 
                    ha1                      1          5         0           5    <none> (D) 
                    ha0                      1          5         0           5    <none> (D) 
                  p0                         3         18         0          18    <none> (D) 
                    fa0                      1          9         0           9    <none> (D) 
                    ha1                      1          5         0           5    <none> (D) 
                    ha0                      1          5         0           5    <none> (D) 
              p0                            22        150         0         150    <none> (D) 
                p1                           9         59         0          59    <none> (D) 
                  p1                         3         18         0          18    <none> (D) 
                    fa0                      1          9         0           9    <none> (D) 
                    ha1                      1          5         0           5    <none> (D) 
                    ha0                      1          5         0           5    <none> (D) 
                  p0                         3         18         0          18    <none> (D) 
                    fa0                      1          9         0           9    <none> (D) 
                    ha1                      1          5         0           5    <none> (D) 
                    ha0                      1          5         0           5    <none> (D) 
                p0                           9         59         0          59    <none> (D) 
                  p1                         3         18         0          18    <none> (D) 
                    fa0                      1          9         0           9    <none> (D) 
                    ha1                      1          5         0           5    <none> (D) 
                    ha0                      1          5         0           5    <none> (D) 
                  p0                         3         18         0          18    <none> (D) 
                    fa0                      1          9         0           9    <none> (D) 
                    ha1                      1          5         0           5    <none> (D) 
                    ha0                      1          5         0           5    <none> (D) 
            p0                              49        340         0         340    <none> (D) 
              p1                            22        150         0         150    <none> (D) 
                p1                           9         59         0          59    <none> (D) 
                  p1                         3         18         0          18    <none> (D) 
                    fa0                      1          9         0           9    <none> (D) 
                    ha1                      1          5         0           5    <none> (D) 
                    ha0                      1          5         0           5    <none> (D) 
                  p0                         3         18         0          18    <none> (D) 
                    fa0                      1          9         0           9    <none> (D) 
                    ha1                      1          5         0           5    <none> (D) 
                    ha0                      1          5         0           5    <none> (D) 
                p0                           9         59         0          59    <none> (D) 
                  p1                         3         18         0          18    <none> (D) 
                    fa0                      1          9         0           9    <none> (D) 
                    ha1                      1          5         0           5    <none> (D) 
                    ha0                      1          5         0           5    <none> (D) 
                  p0                         3         18         0          18    <none> (D) 
                    fa0                      1          9         0           9    <none> (D) 
                    ha1                      1          5         0           5    <none> (D) 
                    ha0                      1          5         0           5    <none> (D) 
              p0                            22        150         0         150    <none> (D) 
                p1                           9         59         0          59    <none> (D) 
                  p1                         3         18         0          18    <none> (D) 
                    fa0                      1          9         0           9    <none> (D) 
                    ha1                      1          5         0           5    <none> (D) 
                    ha0                      1          5         0           5    <none> (D) 
                  p0                         3         18         0          18    <none> (D) 
                    fa0                      1          9         0           9    <none> (D) 
                    ha1                      1          5         0           5    <none> (D) 
                    ha0                      1          5         0           5    <none> (D) 
                p0                           9         59         0          59    <none> (D) 
                  p1                         3         18         0          18    <none> (D) 
                    fa0                      1          9         0           9    <none> (D) 
                    ha1                      1          5         0           5    <none> (D) 
                    ha0                      1          5         0           5    <none> (D) 
                  p0                         3         18         0          18    <none> (D) 
                    fa0                      1          9         0           9    <none> (D) 
                    ha1                      1          5         0           5    <none> (D) 
                    ha0                      1          5         0           5    <none> (D) 
          p0                               104        729         0         729    <none> (D) 
            p1                              49        340         0         340    <none> (D) 
              p1                            22        150         0         150    <none> (D) 
                p1                           9         59         0          59    <none> (D) 
                  p1                         3         18         0          18    <none> (D) 
                    fa0                      1          9         0           9    <none> (D) 
                    ha1                      1          5         0           5    <none> (D) 
                    ha0                      1          5         0           5    <none> (D) 
                  p0                         3         18         0          18    <none> (D) 
                    fa0                      1          9         0           9    <none> (D) 
                    ha1                      1          5         0           5    <none> (D) 
                    ha0                      1          5         0           5    <none> (D) 
                p0                           9         59         0          59    <none> (D) 
                  p1                         3         18         0          18    <none> (D) 
                    fa0                      1          9         0           9    <none> (D) 
                    ha1                      1          5         0           5    <none> (D) 
                    ha0                      1          5         0           5    <none> (D) 
                  p0                         3         18         0          18    <none> (D) 
                    fa0                      1          9         0           9    <none> (D) 
                    ha1                      1          5         0           5    <none> (D) 
                    ha0                      1          5         0           5    <none> (D) 
              p0                            22        150         0         150    <none> (D) 
                p1                           9         59         0          59    <none> (D) 
                  p1                         3         18         0          18    <none> (D) 
                    fa0                      1          9         0           9    <none> (D) 
                    ha1                      1          5         0           5    <none> (D) 
                    ha0                      1          5         0           5    <none> (D) 
                  p0                         3         18         0          18    <none> (D) 
                    fa0                      1          9         0           9    <none> (D) 
                    ha1                      1          5         0           5    <none> (D) 
                    ha0                      1          5         0           5    <none> (D) 
                p0                           9         59         0          59    <none> (D) 
                  p1                         3         18         0          18    <none> (D) 
                    fa0                      1          9         0           9    <none> (D) 
                    ha1                      1          5         0           5    <none> (D) 
                    ha0                      1          5         0           5    <none> (D) 
                  p0                         3         18         0          18    <none> (D) 
                    fa0                      1          9         0           9    <none> (D) 
                    ha1                      1          5         0           5    <none> (D) 
                    ha0                      1          5         0           5    <none> (D) 
            p0                              49        340         0         340    <none> (D) 
              p1                            22        150         0         150    <none> (D) 
                p1                           9         59         0          59    <none> (D) 
                  p1                         3         18         0          18    <none> (D) 
                    fa0                      1          9         0           9    <none> (D) 
                    ha1                      1          5         0           5    <none> (D) 
                    ha0                      1          5         0           5    <none> (D) 
                  p0                         3         18         0          18    <none> (D) 
                    fa0                      1          9         0           9    <none> (D) 
                    ha1                      1          5         0           5    <none> (D) 
                    ha0                      1          5         0           5    <none> (D) 
                p0                           9         59         0          59    <none> (D) 
                  p1                         3         18         0          18    <none> (D) 
                    fa0                      1          9         0           9    <none> (D) 
                    ha1                      1          5         0           5    <none> (D) 
                    ha0                      1          5         0           5    <none> (D) 
                  p0                         3         18         0          18    <none> (D) 
                    fa0                      1          9         0           9    <none> (D) 
                    ha1                      1          5         0           5    <none> (D) 
                    ha0                      1          5         0           5    <none> (D) 
              p0                            22        150         0         150    <none> (D) 
                p1                           9         59         0          59    <none> (D) 
                  p1                         3         18         0          18    <none> (D) 
                    fa0                      1          9         0           9    <none> (D) 
                    ha1                      1          5         0           5    <none> (D) 
                    ha0                      1          5         0           5    <none> (D) 
                  p0                         3         18         0          18    <none> (D) 
                    fa0                      1          9         0           9    <none> (D) 
                    ha1                      1          5         0           5    <none> (D) 
                    ha0                      1          5         0           5    <none> (D) 
                p0                           9         59         0          59    <none> (D) 
                  p1                         3         18         0          18    <none> (D) 
                    fa0                      1          9         0           9    <none> (D) 
                    ha1                      1          5         0           5    <none> (D) 
                    ha0                      1          5         0           5    <none> (D) 
                  p0                         3         18         0          18    <none> (D) 
                    fa0                      1          9         0           9    <none> (D) 
                    ha1                      1          5         0           5    <none> (D) 
                    ha0                      1          5         0           5    <none> (D) 
        p0                                 215       1516         0        1516    <none> (D) 
          p1                               104        729         0         729    <none> (D) 
            p1                              49        340         0         340    <none> (D) 
              p1                            22        150         0         150    <none> (D) 
                p1                           9         59         0          59    <none> (D) 
                  p1                         3         18         0          18    <none> (D) 
                    fa0                      1          9         0           9    <none> (D) 
                    ha1                      1          5         0           5    <none> (D) 
                    ha0                      1          5         0           5    <none> (D) 
                  p0                         3         18         0          18    <none> (D) 
                    fa0                      1          9         0           9    <none> (D) 
                    ha1                      1          5         0           5    <none> (D) 
                    ha0                      1          5         0           5    <none> (D) 
                p0                           9         59         0          59    <none> (D) 
                  p1                         3         18         0          18    <none> (D) 
                    fa0                      1          9         0           9    <none> (D) 
                    ha1                      1          5         0           5    <none> (D) 
                    ha0                      1          5         0           5    <none> (D) 
                  p0                         3         18         0          18    <none> (D) 
                    fa0                      1          9         0           9    <none> (D) 
                    ha1                      1          5         0           5    <none> (D) 
                    ha0                      1          5         0           5    <none> (D) 
              p0                            22        150         0         150    <none> (D) 
                p1                           9         59         0          59    <none> (D) 
                  p1                         3         18         0          18    <none> (D) 
                    fa0                      1          9         0           9    <none> (D) 
                    ha1                      1          5         0           5    <none> (D) 
                    ha0                      1          5         0           5    <none> (D) 
                  p0                         3         18         0          18    <none> (D) 
                    fa0                      1          9         0           9    <none> (D) 
                    ha1                      1          5         0           5    <none> (D) 
                    ha0                      1          5         0           5    <none> (D) 
                p0                           9         59         0          59    <none> (D) 
                  p1                         3         18         0          18    <none> (D) 
                    fa0                      1          9         0           9    <none> (D) 
                    ha1                      1          5         0           5    <none> (D) 
                    ha0                      1          5         0           5    <none> (D) 
                  p0                         3         18         0          18    <none> (D) 
                    fa0                      1          9         0           9    <none> (D) 
                    ha1                      1          5         0           5    <none> (D) 
                    ha0                      1          5         0           5    <none> (D) 
            p0                              49        340         0         340    <none> (D) 
              p1                            22        150         0         150    <none> (D) 
                p1                           9         59         0          59    <none> (D) 
                  p1                         3         18         0          18    <none> (D) 
                    fa0                      1          9         0           9    <none> (D) 
                    ha1                      1          5         0           5    <none> (D) 
                    ha0                      1          5         0           5    <none> (D) 
                  p0                         3         18         0          18    <none> (D) 
                    fa0                      1          9         0           9    <none> (D) 
                    ha1                      1          5         0           5    <none> (D) 
                    ha0                      1          5         0           5    <none> (D) 
                p0                           9         59         0          59    <none> (D) 
                  p1                         3         18         0          18    <none> (D) 
                    fa0                      1          9         0           9    <none> (D) 
                    ha1                      1          5         0           5    <none> (D) 
                    ha0                      1          5         0           5    <none> (D) 
                  p0                         3         18         0          18    <none> (D) 
                    fa0                      1          9         0           9    <none> (D) 
                    ha1                      1          5         0           5    <none> (D) 
                    ha0                      1          5         0           5    <none> (D) 
              p0                            22        150         0         150    <none> (D) 
                p1                           9         59         0          59    <none> (D) 
                  p1                         3         18         0          18    <none> (D) 
                    fa0                      1          9         0           9    <none> (D) 
                    ha1                      1          5         0           5    <none> (D) 
                    ha0                      1          5         0           5    <none> (D) 
                  p0                         3         18         0          18    <none> (D) 
                    fa0                      1          9         0           9    <none> (D) 
                    ha1                      1          5         0           5    <none> (D) 
                    ha0                      1          5         0           5    <none> (D) 
                p0                           9         59         0          59    <none> (D) 
                  p1                         3         18         0          18    <none> (D) 
                    fa0                      1          9         0           9    <none> (D) 
                    ha1                      1          5         0           5    <none> (D) 
                    ha0                      1          5         0           5    <none> (D) 
                  p0                         3         18         0          18    <none> (D) 
                    fa0                      1          9         0           9    <none> (D) 
                    ha1                      1          5         0           5    <none> (D) 
                    ha0                      1          5         0           5    <none> (D) 
          p0                               104        729         0         729    <none> (D) 
            p1                              49        340         0         340    <none> (D) 
              p1                            22        150         0         150    <none> (D) 
                p1                           9         59         0          59    <none> (D) 
                  p1                         3         18         0          18    <none> (D) 
                    fa0                      1          9         0           9    <none> (D) 
                    ha1                      1          5         0           5    <none> (D) 
                    ha0                      1          5         0           5    <none> (D) 
                  p0                         3         18         0          18    <none> (D) 
                    fa0                      1          9         0           9    <none> (D) 
                    ha1                      1          5         0           5    <none> (D) 
                    ha0                      1          5         0           5    <none> (D) 
                p0                           9         59         0          59    <none> (D) 
                  p1                         3         18         0          18    <none> (D) 
                    fa0                      1          9         0           9    <none> (D) 
                    ha1                      1          5         0           5    <none> (D) 
                    ha0                      1          5         0           5    <none> (D) 
                  p0                         3         18         0          18    <none> (D) 
                    fa0                      1          9         0           9    <none> (D) 
                    ha1                      1          5         0           5    <none> (D) 
                    ha0                      1          5         0           5    <none> (D) 
              p0                            22        150         0         150    <none> (D) 
                p1                           9         59         0          59    <none> (D) 
                  p1                         3         18         0          18    <none> (D) 
                    fa0                      1          9         0           9    <none> (D) 
                    ha1                      1          5         0           5    <none> (D) 
                    ha0                      1          5         0           5    <none> (D) 
                  p0                         3         18         0          18    <none> (D) 
                    fa0                      1          9         0           9    <none> (D) 
                    ha1                      1          5         0           5    <none> (D) 
                    ha0                      1          5         0           5    <none> (D) 
                p0                           9         59         0          59    <none> (D) 
                  p1                         3         18         0          18    <none> (D) 
                    fa0                      1          9         0           9    <none> (D) 
                    ha1                      1          5         0           5    <none> (D) 
                    ha0                      1          5         0           5    <none> (D) 
                  p0                         3         18         0          18    <none> (D) 
                    fa0                      1          9         0           9    <none> (D) 
                    ha1                      1          5         0           5    <none> (D) 
                    ha0                      1          5         0           5    <none> (D) 
            p0                              49        340         0         340    <none> (D) 
              p1                            22        150         0         150    <none> (D) 
                p1                           9         59         0          59    <none> (D) 
                  p1                         3         18         0          18    <none> (D) 
                    fa0                      1          9         0           9    <none> (D) 
                    ha1                      1          5         0           5    <none> (D) 
                    ha0                      1          5         0           5    <none> (D) 
                  p0                         3         18         0          18    <none> (D) 
                    fa0                      1          9         0           9    <none> (D) 
                    ha1                      1          5         0           5    <none> (D) 
                    ha0                      1          5         0           5    <none> (D) 
                p0                           9         59         0          59    <none> (D) 
                  p1                         3         18         0          18    <none> (D) 
                    fa0                      1          9         0           9    <none> (D) 
                    ha1                      1          5         0           5    <none> (D) 
                    ha0                      1          5         0           5    <none> (D) 
                  p0                         3         18         0          18    <none> (D) 
                    fa0                      1          9         0           9    <none> (D) 
                    ha1                      1          5         0           5    <none> (D) 
                    ha0                      1          5         0           5    <none> (D) 
              p0                            22        150         0         150    <none> (D) 
                p1                           9         59         0          59    <none> (D) 
                  p1                         3         18         0          18    <none> (D) 
                    fa0                      1          9         0           9    <none> (D) 
                    ha1                      1          5         0           5    <none> (D) 
                    ha0                      1          5         0           5    <none> (D) 
                  p0                         3         18         0          18    <none> (D) 
                    fa0                      1          9         0           9    <none> (D) 
                    ha1                      1          5         0           5    <none> (D) 
                    ha0                      1          5         0           5    <none> (D) 
                p0                           9         59         0          59    <none> (D) 
                  p1                         3         18         0          18    <none> (D) 
                    fa0                      1          9         0           9    <none> (D) 
                    ha1                      1          5         0           5    <none> (D) 
                    ha0                      1          5         0           5    <none> (D) 
                  p0                         3         18         0          18    <none> (D) 
                    fa0                      1          9         0           9    <none> (D) 
                    ha1                      1          5         0           5    <none> (D) 
                    ha0                      1          5         0           5    <none> (D) 
      ctr                                   81        425         0         425    <none> (D) 
        add_55_25                           16        138         0         138    <none> (D) 
    cas                                    192        426         0         426    <none> (D) 
      genblk1.cas_abmaxcdmax_abmincdmin     52        107         0         107    <none> (D) 
      genblk1.cas_abmax_cdmax               40         87         0          87    <none> (D) 
      genblk1.cas_abmin_cdmin               38         84         0          84    <none> (D) 
      genblk1.cas_c_d                       31         74         0          74    <none> (D) 
      genblk1.cas_a_b                       31         74         0          74    <none> (D) 
    genblk1[3].genblk1.sng                  28         92         0          92    <none> (D) 
      ctr                                   13         59         0          59    <none> (D) 
    genblk1[1].genblk1.sng                  28         91         0          91    <none> (D) 
      ctr                                   12         57         0          57    <none> (D) 
    genblk1[0].genblk1.sng                  28         91         0          91    <none> (D) 
      ctr                                   12         57         0          57    <none> (D) 
    genblk1[2].genblk1.sng                  27         89         0          89    <none> (D) 
      ctr                                   12         57         0          57    <none> (D) 

 (D) = wireload is default in technology library
