============================================================
  Generated by:           Encounter(R) RTL Compiler v14.10-s022_1
  Generated on:           Jul 25 2021  01:31:24 pm
  Module:                 ms_es_ordered_bs_by2_mul_synth
  Technology library:     gscl45nm 
  Operating conditions:   typical (balanced_tree)
  Wireload mode:          enclosed
  Area mode:              timing library
============================================================

           Pin                 Type       Fanout Load Slew Delay Arrival   
                                                 (fF) (ps)  (ps)   (ps)    
---------------------------------------------------------------------------
(clock clk)                  launch                                    0 R 
TOP
  genblk1[0].genblk1.sng
    ctr
      countval_reg[4]/CLK                                0             0 R 
      countval_reg[4]/Q      DFFSR             1  1.5   10  +109     109 R 
      drc_bufs213/A                                           +0     109   
      drc_bufs213/Y          BUFX2             9 25.9   63   +70     178 R 
    ctr/countval[4] 
    genblk2[0].max_comparator/counter_in[4] 
      g790/D                                                  +0     178   
      g790/Y                 AOI22X1           1  1.5   34   +28     206 F 
      drc_bufs833/A                                           +0     206   
      drc_bufs833/Y          BUFX2             2  4.7   10   +40     247 F 
      g771/C                                                  +0     247   
      g771/Y                 NAND3X1           1  1.5   34   +28     274 R 
      drc_bufs821/A                                           +0     274   
      drc_bufs821/Y          BUFX2             1  2.5   10   +35     309 R 
      g770/A                                                  +0     309   
      g770/Y                 OR2X1             2  3.9   30   +44     353 R 
      g769/A                                                  +0     353   
      g769/Y                 INVX1             1  2.7   12   +22     375 F 
      g764/B                                                  +0     375   
      g764/Y                 AOI21X1           1  1.5   24   +28     403 R 
      drc_bufs830/A                                           +0     403   
      drc_bufs830/Y          BUFX2             1  2.0    7   +33     437 R 
      g762/C                                                  +0     437   
      g762/Y                 OAI21X1           1  2.3    8   +13     450 F 
      g760/A                                                  +0     450   
      g760/Y                 OR2X1             1  2.3   14   +40     490 F 
      g759/A                                                  +0     490   
      g759/Y                 OR2X1             2  3.8   18   +43     533 F 
    genblk2[0].max_comparator/sn_out 
  genblk1[0].genblk1.sng/sn_out[0] 
  g49/A                                                       +0     533   
  g49/Y                      AND2X1            1  7.1   29   +43     576 F 
  genblk2.stoch2bin/data_in[1] 
    par_ctr/a[1] 
      fa0/a 
        g2/C                                                  +0     576   
        g2/YS                FAX1              1  3.4   12   +81     658 F 
      fa0/s 
      ha0/b 
        g17/B                                                 +0     658   
        g17/YS               HAX1              2  5.6   24   +62     720 F 
      ha0/s 
    par_ctr/y[0] 
    ctr/data_in[0] 
      g1099/B                                                 +0     720   
      g1099/YC               HAX1              1  8.8   35   +62     782 F 
      g1096/B                                                 +0     782   
      g1096/YC               FAX1              1  7.1   29   +89     871 F 
      g1092/C                                                 +0     871   
      g1092/YC               FAX1              1  7.1   29   +82     952 F 
      g1088/C                                                 +0     952   
      g1088/YC               FAX1              1  7.1   26   +82    1034 F 
      g1084/C                                                 +0    1034   
      g1084/YC               FAX1              1  7.1   27   +81    1115 F 
      g1080/C                                                 +0    1115   
      g1080/YC               FAX1              1  7.1   27   +81    1196 F 
      g1076/C                                                 +0    1196   
      g1076/YC               FAX1              1  7.1   27   +81    1277 F 
      g1072/C                                                 +0    1277   
      g1072/YC               FAX1              1  7.1   27   +81    1358 F 
      g1068/C                                                 +0    1358   
      g1068/YC               FAX1              1  7.1   27   +81    1440 F 
      g1064/C                                                 +0    1440   
      g1064/YC               FAX1              1  7.1   27   +81    1521 F 
      g1060/C                                                 +0    1521   
      g1060/YC               FAX1              1  7.1   27   +81    1602 F 
      g1056/C                                                 +0    1602   
      g1056/YC               FAX1              1  7.1   27   +81    1683 F 
      g1052/C                                                 +0    1683   
      g1052/YC               FAX1              1 10.9   37   +89    1772 F 
      g2/A                                                    +0    1772   
      g2/YS                  FAX1              1  2.8   21   +84    1856 R 
      g1046/A                                                 +0    1856   
      g1046/Y                MUX2X1            1  1.5   29   +23    1879 F 
      g1045/A                                                 +0    1879   
      g1045/Y                INVX1             1  2.0    0    +7    1886 R 
      countval_reg[13]/D     DFFSR                            +0    1886   
      countval_reg[13]/CLK   setup                       0   +70    1956 R 
- - - - - - - - - - - - - - - - - - - - - - - - - - - - - - - - - - - - - -
(clock clk)                  capture                                5000 R 
                             uncertainty                     -50    4950 R 
---------------------------------------------------------------------------
Cost Group   : 'clk' (path_group 'clk')
Timing slack :    2994ps 
Start-point  : TOP/genblk1[0].genblk1.sng/ctr/countval_reg[4]/CLK
End-point    : TOP/genblk2.stoch2bin/ctr/countval_reg[13]/D
