============================================================
  Generated by:           Encounter(R) RTL Compiler v14.10-s022_1
  Generated on:           Jul 25 2021  01:32:16 pm
  Module:                 ms_es_ordered_bs_by2_mul_synth
  Technology library:     gscl45nm 
  Operating conditions:   typical (balanced_tree)
  Wireload mode:          enclosed
  Area mode:              timing library
============================================================

             Instance               Cells  Cell Area  Net Area  Total Area  Wireload     
-----------------------------------------------------------------------------------------
ms_es_ordered_bs_by2_mul_synth        249        837         0         837    <none> (D) 
  TOP                                 249        837         0         837    <none> (D) 
    genblk2.stoch2bin                  58        304         0         304    <none> (D) 
      ctr                              46        238         0         238    <none> (D) 
      par_ctr                           9         59         0          59    <none> (D) 
        p1                              3         18         0          18    <none> (D) 
          fa0                           1          9         0           9    <none> (D) 
          ha1                           1          5         0           5    <none> (D) 
          ha0                           1          5         0           5    <none> (D) 
        p0                              3         18         0          18    <none> (D) 
          fa0                           1          9         0           9    <none> (D) 
          ha1                           1          5         0           5    <none> (D) 
          ha0                           1          5         0           5    <none> (D) 
    genblk1[1].genblk3.genblk1.sng     65        180         0         180    <none> (D) 
      genblk2[0].max_comparator        33         77         0          77    <none> (D) 
      ctr                              12         57         0          57    <none> (D) 
      genblk2[1].max_comparator        20         46         0          46    <none> (D) 
    genblk1[2].genblk2.sng             60        169         0         169    <none> (D) 
      genblk2[0].min_comparator        30         72         0          72    <none> (D) 
      ctr                              13         59         0          59    <none> (D) 
      genblk2[1].min_comparator        17         38         0          38    <none> (D) 
    genblk1[0].genblk1.sng             52        153         0         153    <none> (D) 
      genblk2[0].max_comparator        27         64         0          64    <none> (D) 
      ctr                              12         57         0          57    <none> (D) 
      genblk2[1].max_comparator        13         31         0          31    <none> (D) 

 (D) = wireload is default in technology library
