============================================================
  Generated by:           Encounter(R) RTL Compiler v14.10-s022_1
  Generated on:           Jul 25 2021  02:23:15 pm
  Module:                 ms_es_ordered_bs_by4_mul_synth
  Technology library:     gscl45nm 
  Operating conditions:   typical (balanced_tree)
  Wireload mode:          enclosed
  Area mode:              timing library
============================================================

             Instance               Cells  Cell Area  Net Area  Total Area  Wireload     
-----------------------------------------------------------------------------------------
ms_es_ordered_bs_by4_mul_synth       3626      11294         0       11294    <none> (D) 
  TOP                                3626      11294         0       11294    <none> (D) 
    genblk2.stoch2bin                 874       4548         0        4548    <none> (D) 
      par_ctr                         438       3099         0        3099    <none> (D) 
        p1                            215       1516         0        1516    <none> (D) 
          p1                          104        729         0         729    <none> (D) 
            p1                         49        340         0         340    <none> (D) 
              p1                       22        150         0         150    <none> (D) 
                p1                      9         59         0          59    <none> (D) 
                  p1                    3         18         0          18    <none> (D) 
                    fa0                 1          9         0           9    <none> (D) 
                    ha1                 1          5         0           5    <none> (D) 
                    ha0                 1          5         0           5    <none> (D) 
                  p0                    3         18         0          18    <none> (D) 
                    fa0                 1          9         0           9    <none> (D) 
                    ha1                 1          5         0           5    <none> (D) 
                    ha0                 1          5         0           5    <none> (D) 
                p0                      9         59         0          59    <none> (D) 
                  p1                    3         18         0          18    <none> (D) 
                    fa0                 1          9         0           9    <none> (D) 
                    ha1                 1          5         0           5    <none> (D) 
                    ha0                 1          5         0           5    <none> (D) 
                  p0                    3         18         0          18    <none> (D) 
                    fa0                 1          9         0           9    <none> (D) 
                    ha1                 1          5         0           5    <none> (D) 
                    ha0                 1          5         0           5    <none> (D) 
              p0                       22        150         0         150    <none> (D) 
                p1                      9         59         0          59    <none> (D) 
                  p1                    3         18         0          18    <none> (D) 
                    fa0                 1          9         0           9    <none> (D) 
                    ha1                 1          5         0           5    <none> (D) 
                    ha0                 1          5         0           5    <none> (D) 
                  p0                    3         18         0          18    <none> (D) 
                    fa0                 1          9         0           9    <none> (D) 
                    ha1                 1          5         0           5    <none> (D) 
                    ha0                 1          5         0           5    <none> (D) 
                p0                      9         59         0          59    <none> (D) 
                  p1                    3         18         0          18    <none> (D) 
                    fa0                 1          9         0           9    <none> (D) 
                    ha1                 1          5         0           5    <none> (D) 
                    ha0                 1          5         0           5    <none> (D) 
                  p0                    3         18         0          18    <none> (D) 
                    fa0                 1          9         0           9    <none> (D) 
                    ha1                 1          5         0           5    <none> (D) 
                    ha0                 1          5         0           5    <none> (D) 
            p0                         49        340         0         340    <none> (D) 
              p1                       22        150         0         150    <none> (D) 
                p1                      9         59         0          59    <none> (D) 
                  p1                    3         18         0          18    <none> (D) 
                    fa0                 1          9         0           9    <none> (D) 
                    ha1                 1          5         0           5    <none> (D) 
                    ha0                 1          5         0           5    <none> (D) 
                  p0                    3         18         0          18    <none> (D) 
                    fa0                 1          9         0           9    <none> (D) 
                    ha1                 1          5         0           5    <none> (D) 
                    ha0                 1          5         0           5    <none> (D) 
                p0                      9         59         0          59    <none> (D) 
                  p1                    3         18         0          18    <none> (D) 
                    fa0                 1          9         0           9    <none> (D) 
                    ha1                 1          5         0           5    <none> (D) 
                    ha0                 1          5         0           5    <none> (D) 
                  p0                    3         18         0          18    <none> (D) 
                    fa0                 1          9         0           9    <none> (D) 
                    ha1                 1          5         0           5    <none> (D) 
                    ha0                 1          5         0           5    <none> (D) 
              p0                       22        150         0         150    <none> (D) 
                p1                      9         59         0          59    <none> (D) 
                  p1                    3         18         0          18    <none> (D) 
                    fa0                 1          9         0           9    <none> (D) 
                    ha1                 1          5         0           5    <none> (D) 
                    ha0                 1          5         0           5    <none> (D) 
                  p0                    3         18         0          18    <none> (D) 
                    fa0                 1          9         0           9    <none> (D) 
                    ha1                 1          5         0           5    <none> (D) 
                    ha0                 1          5         0           5    <none> (D) 
                p0                      9         59         0          59    <none> (D) 
                  p1                    3         18         0          18    <none> (D) 
                    fa0                 1          9         0           9    <none> (D) 
                    ha1                 1          5         0           5    <none> (D) 
                    ha0                 1          5         0           5    <none> (D) 
                  p0                    3         18         0          18    <none> (D) 
                    fa0                 1          9         0           9    <none> (D) 
                    ha1                 1          5         0           5    <none> (D) 
                    ha0                 1          5         0           5    <none> (D) 
          p0                          104        729         0         729    <none> (D) 
            p1                         49        340         0         340    <none> (D) 
              p1                       22        150         0         150    <none> (D) 
                p1                      9         59         0          59    <none> (D) 
                  p1                    3         18         0          18    <none> (D) 
                    fa0                 1          9         0           9    <none> (D) 
                    ha1                 1          5         0           5    <none> (D) 
                    ha0                 1          5         0           5    <none> (D) 
                  p0                    3         18         0          18    <none> (D) 
                    fa0                 1          9         0           9    <none> (D) 
                    ha1                 1          5         0           5    <none> (D) 
                    ha0                 1          5         0           5    <none> (D) 
                p0                      9         59         0          59    <none> (D) 
                  p1                    3         18         0          18    <none> (D) 
                    fa0                 1          9         0           9    <none> (D) 
                    ha1                 1          5         0           5    <none> (D) 
                    ha0                 1          5         0           5    <none> (D) 
                  p0                    3         18         0          18    <none> (D) 
                    fa0                 1          9         0           9    <none> (D) 
                    ha1                 1          5         0           5    <none> (D) 
                    ha0                 1          5         0           5    <none> (D) 
              p0                       22        150         0         150    <none> (D) 
                p1                      9         59         0          59    <none> (D) 
                  p1                    3         18         0          18    <none> (D) 
                    fa0                 1          9         0           9    <none> (D) 
                    ha1                 1          5         0           5    <none> (D) 
                    ha0                 1          5         0           5    <none> (D) 
                  p0                    3         18         0          18    <none> (D) 
                    fa0                 1          9         0           9    <none> (D) 
                    ha1                 1          5         0           5    <none> (D) 
                    ha0                 1          5         0           5    <none> (D) 
                p0                      9         59         0          59    <none> (D) 
                  p1                    3         18         0          18    <none> (D) 
                    fa0                 1          9         0           9    <none> (D) 
                    ha1                 1          5         0           5    <none> (D) 
                    ha0                 1          5         0           5    <none> (D) 
                  p0                    3         18         0          18    <none> (D) 
                    fa0                 1          9         0           9    <none> (D) 
                    ha1                 1          5         0           5    <none> (D) 
                    ha0                 1          5         0           5    <none> (D) 
            p0                         49        340         0         340    <none> (D) 
              p1                       22        150         0         150    <none> (D) 
                p1                      9         59         0          59    <none> (D) 
                  p1                    3         18         0          18    <none> (D) 
                    fa0                 1          9         0           9    <none> (D) 
                    ha1                 1          5         0           5    <none> (D) 
                    ha0                 1          5         0           5    <none> (D) 
                  p0                    3         18         0          18    <none> (D) 
                    fa0                 1          9         0           9    <none> (D) 
                    ha1                 1          5         0           5    <none> (D) 
                    ha0                 1          5         0           5    <none> (D) 
                p0                      9         59         0          59    <none> (D) 
                  p1                    3         18         0          18    <none> (D) 
                    fa0                 1          9         0           9    <none> (D) 
                    ha1                 1          5         0           5    <none> (D) 
                    ha0                 1          5         0           5    <none> (D) 
                  p0                    3         18         0          18    <none> (D) 
                    fa0                 1          9         0           9    <none> (D) 
                    ha1                 1          5         0           5    <none> (D) 
                    ha0                 1          5         0           5    <none> (D) 
              p0                       22        150         0         150    <none> (D) 
                p1                      9         59         0          59    <none> (D) 
                  p1                    3         18         0          18    <none> (D) 
                    fa0                 1          9         0           9    <none> (D) 
                    ha1                 1          5         0           5    <none> (D) 
                    ha0                 1          5         0           5    <none> (D) 
                  p0                    3         18         0          18    <none> (D) 
                    fa0                 1          9         0           9    <none> (D) 
                    ha1                 1          5         0           5    <none> (D) 
                    ha0                 1          5         0           5    <none> (D) 
                p0                      9         59         0          59    <none> (D) 
                  p1                    3         18         0          18    <none> (D) 
                    fa0                 1          9         0           9    <none> (D) 
                    ha1                 1          5         0           5    <none> (D) 
                    ha0                 1          5         0           5    <none> (D) 
                  p0                    3         18         0          18    <none> (D) 
                    fa0                 1          9         0           9    <none> (D) 
                    ha1                 1          5         0           5    <none> (D) 
                    ha0                 1          5         0           5    <none> (D) 
        p0                            215       1516         0        1516    <none> (D) 
          p1                          104        729         0         729    <none> (D) 
            p1                         49        340         0         340    <none> (D) 
              p1                       22        150         0         150    <none> (D) 
                p1                      9         59         0          59    <none> (D) 
                  p1                    3         18         0          18    <none> (D) 
                    fa0                 1          9         0           9    <none> (D) 
                    ha1                 1          5         0           5    <none> (D) 
                    ha0                 1          5         0           5    <none> (D) 
                  p0                    3         18         0          18    <none> (D) 
                    fa0                 1          9         0           9    <none> (D) 
                    ha1                 1          5         0           5    <none> (D) 
                    ha0                 1          5         0           5    <none> (D) 
                p0                      9         59         0          59    <none> (D) 
                  p1                    3         18         0          18    <none> (D) 
                    fa0                 1          9         0           9    <none> (D) 
                    ha1                 1          5         0           5    <none> (D) 
                    ha0                 1          5         0           5    <none> (D) 
                  p0                    3         18         0          18    <none> (D) 
                    fa0                 1          9         0           9    <none> (D) 
                    ha1                 1          5         0           5    <none> (D) 
                    ha0                 1          5         0           5    <none> (D) 
              p0                       22        150         0         150    <none> (D) 
                p1                      9         59         0          59    <none> (D) 
                  p1                    3         18         0          18    <none> (D) 
                    fa0                 1          9         0           9    <none> (D) 
                    ha1                 1          5         0           5    <none> (D) 
                    ha0                 1          5         0           5    <none> (D) 
                  p0                    3         18         0          18    <none> (D) 
                    fa0                 1          9         0           9    <none> (D) 
                    ha1                 1          5         0           5    <none> (D) 
                    ha0                 1          5         0           5    <none> (D) 
                p0                      9         59         0          59    <none> (D) 
                  p1                    3         18         0          18    <none> (D) 
                    fa0                 1          9         0           9    <none> (D) 
                    ha1                 1          5         0           5    <none> (D) 
                    ha0                 1          5         0           5    <none> (D) 
                  p0                    3         18         0          18    <none> (D) 
                    fa0                 1          9         0           9    <none> (D) 
                    ha1                 1          5         0           5    <none> (D) 
                    ha0                 1          5         0           5    <none> (D) 
            p0                         49        340         0         340    <none> (D) 
              p1                       22        150         0         150    <none> (D) 
                p1                      9         59         0          59    <none> (D) 
                  p1                    3         18         0          18    <none> (D) 
                    fa0                 1          9         0           9    <none> (D) 
                    ha1                 1          5         0           5    <none> (D) 
                    ha0                 1          5         0           5    <none> (D) 
                  p0                    3         18         0          18    <none> (D) 
                    fa0                 1          9         0           9    <none> (D) 
                    ha1                 1          5         0           5    <none> (D) 
                    ha0                 1          5         0           5    <none> (D) 
                p0                      9         59         0          59    <none> (D) 
                  p1                    3         18         0          18    <none> (D) 
                    fa0                 1          9         0           9    <none> (D) 
                    ha1                 1          5         0           5    <none> (D) 
                    ha0                 1          5         0           5    <none> (D) 
                  p0                    3         18         0          18    <none> (D) 
                    fa0                 1          9         0           9    <none> (D) 
                    ha1                 1          5         0           5    <none> (D) 
                    ha0                 1          5         0           5    <none> (D) 
              p0                       22        150         0         150    <none> (D) 
                p1                      9         59         0          59    <none> (D) 
                  p1                    3         18         0          18    <none> (D) 
                    fa0                 1          9         0           9    <none> (D) 
                    ha1                 1          5         0           5    <none> (D) 
                    ha0                 1          5         0           5    <none> (D) 
                  p0                    3         18         0          18    <none> (D) 
                    fa0                 1          9         0           9    <none> (D) 
                    ha1                 1          5         0           5    <none> (D) 
                    ha0                 1          5         0           5    <none> (D) 
                p0                      9         59         0          59    <none> (D) 
                  p1                    3         18         0          18    <none> (D) 
                    fa0                 1          9         0           9    <none> (D) 
                    ha1                 1          5         0           5    <none> (D) 
                    ha0                 1          5         0           5    <none> (D) 
                  p0                    3         18         0          18    <none> (D) 
                    fa0                 1          9         0           9    <none> (D) 
                    ha1                 1          5         0           5    <none> (D) 
                    ha0                 1          5         0           5    <none> (D) 
          p0                          104        729         0         729    <none> (D) 
            p1                         49        340         0         340    <none> (D) 
              p1                       22        150         0         150    <none> (D) 
                p1                      9         59         0          59    <none> (D) 
                  p1                    3         18         0          18    <none> (D) 
                    fa0                 1          9         0           9    <none> (D) 
                    ha1                 1          5         0           5    <none> (D) 
                    ha0                 1          5         0           5    <none> (D) 
                  p0                    3         18         0          18    <none> (D) 
                    fa0                 1          9         0           9    <none> (D) 
                    ha1                 1          5         0           5    <none> (D) 
                    ha0                 1          5         0           5    <none> (D) 
                p0                      9         59         0          59    <none> (D) 
                  p1                    3         18         0          18    <none> (D) 
                    fa0                 1          9         0           9    <none> (D) 
                    ha1                 1          5         0           5    <none> (D) 
                    ha0                 1          5         0           5    <none> (D) 
                  p0                    3         18         0          18    <none> (D) 
                    fa0                 1          9         0           9    <none> (D) 
                    ha1                 1          5         0           5    <none> (D) 
                    ha0                 1          5         0           5    <none> (D) 
              p0                       22        150         0         150    <none> (D) 
                p1                      9         59         0          59    <none> (D) 
                  p1                    3         18         0          18    <none> (D) 
                    fa0                 1          9         0           9    <none> (D) 
                    ha1                 1          5         0           5    <none> (D) 
                    ha0                 1          5         0           5    <none> (D) 
                  p0                    3         18         0          18    <none> (D) 
                    fa0                 1          9         0           9    <none> (D) 
                    ha1                 1          5         0           5    <none> (D) 
                    ha0                 1          5         0           5    <none> (D) 
                p0                      9         59         0          59    <none> (D) 
                  p1                    3         18         0          18    <none> (D) 
                    fa0                 1          9         0           9    <none> (D) 
                    ha1                 1          5         0           5    <none> (D) 
                    ha0                 1          5         0           5    <none> (D) 
                  p0                    3         18         0          18    <none> (D) 
                    fa0                 1          9         0           9    <none> (D) 
                    ha1                 1          5         0           5    <none> (D) 
                    ha0                 1          5         0           5    <none> (D) 
            p0                         49        340         0         340    <none> (D) 
              p1                       22        150         0         150    <none> (D) 
                p1                      9         59         0          59    <none> (D) 
                  p1                    3         18         0          18    <none> (D) 
                    fa0                 1          9         0           9    <none> (D) 
                    ha1                 1          5         0           5    <none> (D) 
                    ha0                 1          5         0           5    <none> (D) 
                  p0                    3         18         0          18    <none> (D) 
                    fa0                 1          9         0           9    <none> (D) 
                    ha1                 1          5         0           5    <none> (D) 
                    ha0                 1          5         0           5    <none> (D) 
                p0                      9         59         0          59    <none> (D) 
                  p1                    3         18         0          18    <none> (D) 
                    fa0                 1          9         0           9    <none> (D) 
                    ha1                 1          5         0           5    <none> (D) 
                    ha0                 1          5         0           5    <none> (D) 
                  p0                    3         18         0          18    <none> (D) 
                    fa0                 1          9         0           9    <none> (D) 
                    ha1                 1          5         0           5    <none> (D) 
                    ha0                 1          5         0           5    <none> (D) 
              p0                       22        150         0         150    <none> (D) 
                p1                      9         59         0          59    <none> (D) 
                  p1                    3         18         0          18    <none> (D) 
                    fa0                 1          9         0           9    <none> (D) 
                    ha1                 1          5         0           5    <none> (D) 
                    ha0                 1          5         0           5    <none> (D) 
                  p0                    3         18         0          18    <none> (D) 
                    fa0                 1          9         0           9    <none> (D) 
                    ha1                 1          5         0           5    <none> (D) 
                    ha0                 1          5         0           5    <none> (D) 
                p0                      9         59         0          59    <none> (D) 
                  p1                    3         18         0          18    <none> (D) 
                    fa0                 1          9         0           9    <none> (D) 
                    ha1                 1          5         0           5    <none> (D) 
                    ha0                 1          5         0           5    <none> (D) 
                  p0                    3         18         0          18    <none> (D) 
                    fa0                 1          9         0           9    <none> (D) 
                    ha1                 1          5         0           5    <none> (D) 
                    ha0                 1          5         0           5    <none> (D) 
      ctr                             427       1429         0        1429    <none> (D) 
        add_55_25                     282        785         0         785    <none> (D) 
    genblk1[1].genblk4.genblk1.sng    634       1568         0        1568    <none> (D) 
      genblk2[0].max_comparator       160        375         0         375    <none> (D) 
      genblk2[1].max_comparator       152        358         0         358    <none> (D) 
      genblk2[2].max_comparator       146        343         0         343    <none> (D) 
      genblk2[3].max_comparator       137        319         0         319    <none> (D) 
      ctr                              39        173         0         173    <none> (D) 
    genblk1[2].genblk4.genblk2.sng    637       1556         0        1556    <none> (D) 
      genblk2[2].max_comparator       158        367         0         367    <none> (D) 
      genblk2[0].max_comparator       159        364         0         364    <none> (D) 
      genblk2[1].max_comparator       149        344         0         344    <none> (D) 
      genblk2[3].max_comparator       134        312         0         312    <none> (D) 
      ctr                              37        169         0         169    <none> (D) 
    genblk1[3].genblk2.sng            594       1468         0        1468    <none> (D) 
      genblk2[2].min_comparator       155        361         0         361    <none> (D) 
      genblk2[1].min_comparator       142        329         0         329    <none> (D) 
      genblk2[0].min_comparator       136        321         0         321    <none> (D) 
      genblk2[3].min_comparator       121        281         0         281    <none> (D) 
      ctr                              40        175         0         175    <none> (D) 
    genblk1[0].genblk1.sng            583       1440         0        1440    <none> (D) 
      genblk2[2].max_comparator       143        334         0         334    <none> (D) 
      genblk2[0].max_comparator       142        334         0         334    <none> (D) 
      genblk2[1].max_comparator       136        319         0         319    <none> (D) 
      genblk2[3].max_comparator       125        283         0         283    <none> (D) 
      ctr                              37        169         0         169    <none> (D) 

 (D) = wireload is default in technology library
