============================================================
  Generated by:           Encounter(R) RTL Compiler v14.10-s022_1
  Generated on:           Jul 25 2021  02:02:25 pm
  Module:                 ms_es_ordered_cas_by4_mul_synth
  Technology library:     gscl45nm 
  Operating conditions:   typical (balanced_tree)
  Wireload mode:          enclosed
  Area mode:              timing library
============================================================

                                  Leakage    Dynamic     Total   
         Instance          Cells Power(nW)  Power(nW)  Power(nW) 
-----------------------------------------------------------------
ms_es_orde..by4_mul_synth    544 11482.438 525672.785 537155.224 
  TOP                        544 11482.438 503406.138 514888.577 
    genblk2.stoch2bin        128  4779.526 194284.298 199063.824 
      ctr                    101  3767.475 194284.298 198051.773 
        add_55_25             20   792.562  13078.765  13871.328 
      par_ctr                 22   954.528      0.000    954.528 
        p0                     9   394.666      0.000    394.666 
          p0                   3   134.340      0.000    134.340 
            ha0                1    47.565      0.000     47.565 
            ha1                1    47.565      0.000     47.565 
            fa0                1    39.210      0.000     39.210 
          p1                   3   134.340      0.000    134.340 
            ha0                1    47.565      0.000     47.565 
            ha1                1    47.565      0.000     47.565 
            fa0                1    39.210      0.000     39.210 
        p1                     9   394.666      0.000    394.666 
          p0                   3   134.340      0.000    134.340 
            ha0                1    47.565      0.000     47.565 
            ha1                1    47.565      0.000     47.565 
            fa0                1    39.210      0.000     39.210 
          p1                   3   134.340      0.000    134.340 
            ha0                1    47.565      0.000     47.565 
            ha1                1    47.565      0.000     47.565 
            fa0                1    39.210      0.000     39.210 
    genblk1[1].genblk1.sng   127  2592.929 109538.871 112131.800 
      ctr                     46  1730.504  90087.047  91817.552 
    genblk1[0].genblk1.sng   125  2501.073 122877.847 125378.920 
      ctr                     42  1677.726 103040.508 104718.235 
    cas                      145  1326.118  76705.122  78031.240 
      genblk1.cas_a_b        145  1326.118  76705.122  78031.240 

