============================================================
  Generated by:           Encounter(R) RTL Compiler v14.10-s022_1
  Generated on:           Jul 25 2021  02:16:31 pm
  Module:                 ms_es_ordered_bs_by4_mul_synth
  Technology library:     gscl45nm 
  Operating conditions:   typical (balanced_tree)
  Wireload mode:          enclosed
  Area mode:              timing library
============================================================

           Pin                 Type       Fanout Load Slew Delay Arrival   
                                                 (fF) (ps)  (ps)   (ps)    
---------------------------------------------------------------------------
(clock clk)                  launch                                    0 R 
TOP
  genblk1[0].genblk1.sng
    ctr
      countval_reg[3]/CLK                                0             0 R 
      countval_reg[3]/Q      DFFSR             1  1.5   10  +109     109 R 
      drc_bufs233/A                                           +0     109   
      drc_bufs233/Y          BUFX2             9 21.8   53   +63     172 R 
    ctr/countval[3] 
    genblk2[2].max_comparator/counter_in[3] 
      g831/A                                                  +0     172   
      g831/Y                 INVX1             4 10.6   34   +45     217 F 
      g823/A                                                  +0     217   
      g823/Y                 AOI22X1           1  1.5   42   +51     268 R 
      drc_bufs850/A                                           +0     268   
      drc_bufs850/Y          BUFX2             1  2.1   10   +35     303 R 
      g810/A                                                  +0     303   
      g810/Y                 NAND2X1           1  1.5   18   +11     314 F 
      drc_bufs838/A                                           +0     314   
      drc_bufs838/Y          BUFX2             1  2.7    4   +35     349 F 
      g807/A                                                  +0     349   
      g807/Y                 AOI22X1           1  1.5   44   +43     392 R 
      drc_bufs847/A                                           +0     392   
      drc_bufs847/Y          BUFX2             1  2.4   11   +36     428 R 
      g803/C                                                  +0     428   
      g803/Y                 AOI21X1           1  1.5   14   +10     438 F 
      drc_bufs846/A                                           +0     438   
      drc_bufs846/Y          BUFX2             1  2.3    2   +34     472 F 
      g802/C                                                  +0     472   
      g802/Y                 AOI21X1           1  1.5   24   +14     486 R 
      drc_bufs843/A                                           +0     486   
      drc_bufs843/Y          BUFX2             1  2.4    8   +34     520 R 
      g800/C                                                  +0     520   
      g800/Y                 AOI21X1           1  1.5   14    +9     530 F 
      drc_bufs837/A                                           +0     530   
      drc_bufs837/Y          BUFX2             1  3.1    4   +35     564 F 
      g799/B                                                  +0     564   
      g799/Y                 NOR3X1            1  1.6   46   +34     598 R 
      g798/A                                                  +0     598   
      g798/Y                 INVX1             4  7.6   25   +37     635 F 
    genblk2[2].max_comparator/sn_out 
  genblk1[0].genblk1.sng/sn_out[2] 
  g157/A                                                      +0     635   
  g157/Y                     AND2X1            1 10.9   39   +52     688 F 
  genblk2.stoch2bin/data_in[11] 
    par_ctr/a[11] 
      p0/a[3] 
        p1/a[3] 
          fa0/cin 
            g2/A                                              +0     688   
            g2/YS            FAX1              1  3.8   26   +87     775 R 
          fa0/s 
          ha0/b 
            g17/B                                             +0     775   
            g17/YS           HAX1              1  4.0   19   +60     834 F 
          ha0/s 
        p1/y[0] 
        g168/A                                                +0     834   
        g168/YC              HAX1              1  8.8   35   +65     899 F 
        g167/B                                                +0     899   
        g167/YC              FAX1              1  7.1   29   +89     988 F 
        g166/C                                                +0     988   
        g166/YS              FAX1              1 12.7   67  +103    1090 R 
      p0/y[2] 
      g234/A                                                  +0    1090   
      g234/YS                FAX1              2 11.1   34  +108    1198 F 
    par_ctr/y[2] 
    ctr/data_in[2] 
      add_55_25/B[2] 
        g375/B                                                +0    1198   
        g375/YC              FAX1              1  7.1   29   +88    1286 F 
        g374/C                                                +0    1286   
        g374/YC              FAX1              1  7.1   29   +82    1368 F 
        g373/C                                                +0    1368   
        g373/YC              FAX1              1  7.1   29   +82    1450 F 
        g372/C                                                +0    1450   
        g372/YC              FAX1              1  7.1   26   +82    1531 F 
        g371/C                                                +0    1531   
        g371/YC              FAX1              1  7.1   27   +81    1612 F 
        g370/C                                                +0    1612   
        g370/YC              FAX1              1  7.1   27   +81    1694 F 
        g369/C                                                +0    1694   
        g369/YC              FAX1              1  7.1   27   +81    1775 F 
        g368/C                                                +0    1775   
        g368/YC              FAX1              1  7.1   27   +81    1856 F 
        g367/C                                                +0    1856   
        g367/YC              FAX1              1  7.1   27   +81    1937 F 
        g366/C                                                +0    1937   
        g366/YC              FAX1              1  7.1   27   +81    2018 F 
        g365/C                                                +0    2018   
        g365/YC              FAX1              1  7.1   27   +81    2100 F 
        g364/C                                                +0    2100   
        g364/YC              FAX1              1  7.1   27   +81    2181 F 
        g363/C                                                +0    2181   
        g363/YC              FAX1              1 10.9   37   +89    2270 F 
        g2/A                                                  +0    2270   
        g2/YS                FAX1              1  2.8   21   +84    2354 R 
      add_55_25/Z[15] 
      g74/A                                                   +0    2354   
      g74/Y                  MUX2X1            1  1.5   38   +23    2376 F 
      g73/A                                                   +0    2376   
      g73/Y                  INVX1             1  2.0    0   +10    2386 R 
      countval_reg[15]/D     DFFSR                            +0    2386   
      countval_reg[15]/CLK   setup                       0   +70    2457 R 
- - - - - - - - - - - - - - - - - - - - - - - - - - - - - - - - - - - - - -
(clock clk)                  capture                                5000 R 
                             uncertainty                     -50    4950 R 
---------------------------------------------------------------------------
Cost Group   : 'clk' (path_group 'clk')
Timing slack :    2493ps 
Start-point  : TOP/genblk1[0].genblk1.sng/ctr/countval_reg[3]/CLK
End-point    : TOP/genblk2.stoch2bin/ctr/countval_reg[15]/D
