============================================================
  Generated by:           Encounter(R) RTL Compiler v14.10-s022_1
  Generated on:           Jul 25 2021  02:11:03 pm
  Module:                 ms_es_ordered_cas_by4_mul_synth
  Technology library:     gscl45nm 
  Operating conditions:   typical (balanced_tree)
  Wireload mode:          enclosed
  Area mode:              timing library
============================================================

                                    Leakage    Dynamic      Total    
          Instance          Cells  Power(nW)  Power(nW)   Power(nW)  
---------------------------------------------------------------------
ms_es_orde..by4_mul_synth    4046 112888.795 1155912.627 1268801.422 
  TOP                        4046 112888.795 1124080.438 1236969.233 
    genblk2.stoch2bin        2119  84086.456  320730.741  404817.197 
      par_ctr                1780  76202.413       0.000   76202.413 
        p0                    885  37900.978       0.000   37900.978 
          p0                  438  18769.865       0.000   18769.865 
            p0                215   9223.914       0.000    9223.914 
              p0              104   4470.543       0.000    4470.543 
                p0             49   2113.463       0.000    2113.463 
                  p0           22    954.528       0.000     954.528 
                    p0          9    394.666       0.000     394.666 
                      p0        3    134.340       0.000     134.340 
                        ha0     1     47.565       0.000      47.565 
                        ha1     1     47.565       0.000      47.565 
                        fa0     1     39.210       0.000      39.210 
                      p1        3    134.340       0.000     134.340 
                        ha0     1     47.565       0.000      47.565 
                        ha1     1     47.565       0.000      47.565 
                        fa0     1     39.210       0.000      39.210 
                    p1          9    394.666       0.000     394.666 
                      p0        3    134.340       0.000     134.340 
                        ha0     1     47.565       0.000      47.565 
                        ha1     1     47.565       0.000      47.565 
                        fa0     1     39.210       0.000      39.210 
                      p1        3    134.340       0.000     134.340 
                        ha0     1     47.565       0.000      47.565 
                        ha1     1     47.565       0.000      47.565 
                        fa0     1     39.210       0.000      39.210 
                  p1           22    954.528       0.000     954.528 
                    p0          9    394.666       0.000     394.666 
                      p0        3    134.340       0.000     134.340 
                        ha0     1     47.565       0.000      47.565 
                        ha1     1     47.565       0.000      47.565 
                        fa0     1     39.210       0.000      39.210 
                      p1        3    134.340       0.000     134.340 
                        ha0     1     47.565       0.000      47.565 
                        ha1     1     47.565       0.000      47.565 
                        fa0     1     39.210       0.000      39.210 
                    p1          9    394.666       0.000     394.666 
                      p0        3    134.340       0.000     134.340 
                        ha0     1     47.565       0.000      47.565 
                        ha1     1     47.565       0.000      47.565 
                        fa0     1     39.210       0.000      39.210 
                      p1        3    134.340       0.000     134.340 
                        ha0     1     47.565       0.000      47.565 
                        ha1     1     47.565       0.000      47.565 
                        fa0     1     39.210       0.000      39.210 
                p1             49   2113.463       0.000    2113.463 
                  p0           22    954.528       0.000     954.528 
                    p0          9    394.666       0.000     394.666 
                      p0        3    134.340       0.000     134.340 
                        ha0     1     47.565       0.000      47.565 
                        ha1     1     47.565       0.000      47.565 
                        fa0     1     39.210       0.000      39.210 
                      p1        3    134.340       0.000     134.340 
                        ha0     1     47.565       0.000      47.565 
                        ha1     1     47.565       0.000      47.565 
                        fa0     1     39.210       0.000      39.210 
                    p1          9    394.666       0.000     394.666 
                      p0        3    134.340       0.000     134.340 
                        ha0     1     47.565       0.000      47.565 
                        ha1     1     47.565       0.000      47.565 
                        fa0     1     39.210       0.000      39.210 
                      p1        3    134.340       0.000     134.340 
                        ha0     1     47.565       0.000      47.565 
                        ha1     1     47.565       0.000      47.565 
                        fa0     1     39.210       0.000      39.210 
                  p1           22    954.528       0.000     954.528 
                    p0          9    394.666       0.000     394.666 
                      p0        3    134.340       0.000     134.340 
                        ha0     1     47.565       0.000      47.565 
                        ha1     1     47.565       0.000      47.565 
                        fa0     1     39.210       0.000      39.210 
                      p1        3    134.340       0.000     134.340 
                        ha0     1     47.565       0.000      47.565 
                        ha1     1     47.565       0.000      47.565 
                        fa0     1     39.210       0.000      39.210 
                    p1          9    394.666       0.000     394.666 
                      p0        3    134.340       0.000     134.340 
                        ha0     1     47.565       0.000      47.565 
                        ha1     1     47.565       0.000      47.565 
                        fa0     1     39.210       0.000      39.210 
                      p1        3    134.340       0.000     134.340 
                        ha0     1     47.565       0.000      47.565 
                        ha1     1     47.565       0.000      47.565 
                        fa0     1     39.210       0.000      39.210 
              p1              104   4470.543       0.000    4470.543 
                p0             49   2113.463       0.000    2113.463 
                  p0           22    954.528       0.000     954.528 
                    p0          9    394.666       0.000     394.666 
                      p0        3    134.340       0.000     134.340 
                        ha0     1     47.565       0.000      47.565 
                        ha1     1     47.565       0.000      47.565 
                        fa0     1     39.210       0.000      39.210 
                      p1        3    134.340       0.000     134.340 
                        ha0     1     47.565       0.000      47.565 
                        ha1     1     47.565       0.000      47.565 
                        fa0     1     39.210       0.000      39.210 
                    p1          9    394.666       0.000     394.666 
                      p0        3    134.340       0.000     134.340 
                        ha0     1     47.565       0.000      47.565 
                        ha1     1     47.565       0.000      47.565 
                        fa0     1     39.210       0.000      39.210 
                      p1        3    134.340       0.000     134.340 
                        ha0     1     47.565       0.000      47.565 
                        ha1     1     47.565       0.000      47.565 
                        fa0     1     39.210       0.000      39.210 
                  p1           22    954.528       0.000     954.528 
                    p0          9    394.666       0.000     394.666 
                      p0        3    134.340       0.000     134.340 
                        ha0     1     47.565       0.000      47.565 
                        ha1     1     47.565       0.000      47.565 
                        fa0     1     39.210       0.000      39.210 
                      p1        3    134.340       0.000     134.340 
                        ha0     1     47.565       0.000      47.565 
                        ha1     1     47.565       0.000      47.565 
                        fa0     1     39.210       0.000      39.210 
                    p1          9    394.666       0.000     394.666 
                      p0        3    134.340       0.000     134.340 
                        ha0     1     47.565       0.000      47.565 
                        ha1     1     47.565       0.000      47.565 
                        fa0     1     39.210       0.000      39.210 
                      p1        3    134.340       0.000     134.340 
                        ha0     1     47.565       0.000      47.565 
                        ha1     1     47.565       0.000      47.565 
                        fa0     1     39.210       0.000      39.210 
                p1             49   2113.463       0.000    2113.463 
                  p0           22    954.528       0.000     954.528 
                    p0          9    394.666       0.000     394.666 
                      p0        3    134.340       0.000     134.340 
                        ha0     1     47.565       0.000      47.565 
                        ha1     1     47.565       0.000      47.565 
                        fa0     1     39.210       0.000      39.210 
                      p1        3    134.340       0.000     134.340 
                        ha0     1     47.565       0.000      47.565 
                        ha1     1     47.565       0.000      47.565 
                        fa0     1     39.210       0.000      39.210 
                    p1          9    394.666       0.000     394.666 
                      p0        3    134.340       0.000     134.340 
                        ha0     1     47.565       0.000      47.565 
                        ha1     1     47.565       0.000      47.565 
                        fa0     1     39.210       0.000      39.210 
                      p1        3    134.340       0.000     134.340 
                        ha0     1     47.565       0.000      47.565 
                        ha1     1     47.565       0.000      47.565 
                        fa0     1     39.210       0.000      39.210 
                  p1           22    954.528       0.000     954.528 
                    p0          9    394.666       0.000     394.666 
                      p0        3    134.340       0.000     134.340 
                        ha0     1     47.565       0.000      47.565 
                        ha1     1     47.565       0.000      47.565 
                        fa0     1     39.210       0.000      39.210 
                      p1        3    134.340       0.000     134.340 
                        ha0     1     47.565       0.000      47.565 
                        ha1     1     47.565       0.000      47.565 
                        fa0     1     39.210       0.000      39.210 
                    p1          9    394.666       0.000     394.666 
                      p0        3    134.340       0.000     134.340 
                        ha0     1     47.565       0.000      47.565 
                        ha1     1     47.565       0.000      47.565 
                        fa0     1     39.210       0.000      39.210 
                      p1        3    134.340       0.000     134.340 
                        ha0     1     47.565       0.000      47.565 
                        ha1     1     47.565       0.000      47.565 
                        fa0     1     39.210       0.000      39.210 
            p1                215   9223.914       0.000    9223.914 
              p0              104   4470.543       0.000    4470.543 
                p0             49   2113.463       0.000    2113.463 
                  p0           22    954.528       0.000     954.528 
                    p0          9    394.666       0.000     394.666 
                      p0        3    134.340       0.000     134.340 
                        ha0     1     47.565       0.000      47.565 
                        ha1     1     47.565       0.000      47.565 
                        fa0     1     39.210       0.000      39.210 
                      p1        3    134.340       0.000     134.340 
                        ha0     1     47.565       0.000      47.565 
                        ha1     1     47.565       0.000      47.565 
                        fa0     1     39.210       0.000      39.210 
                    p1          9    394.666       0.000     394.666 
                      p0        3    134.340       0.000     134.340 
                        ha0     1     47.565       0.000      47.565 
                        ha1     1     47.565       0.000      47.565 
                        fa0     1     39.210       0.000      39.210 
                      p1        3    134.340       0.000     134.340 
                        ha0     1     47.565       0.000      47.565 
                        ha1     1     47.565       0.000      47.565 
                        fa0     1     39.210       0.000      39.210 
                  p1           22    954.528       0.000     954.528 
                    p0          9    394.666       0.000     394.666 
                      p0        3    134.340       0.000     134.340 
                        ha0     1     47.565       0.000      47.565 
                        ha1     1     47.565       0.000      47.565 
                        fa0     1     39.210       0.000      39.210 
                      p1        3    134.340       0.000     134.340 
                        ha0     1     47.565       0.000      47.565 
                        ha1     1     47.565       0.000      47.565 
                        fa0     1     39.210       0.000      39.210 
                    p1          9    394.666       0.000     394.666 
                      p0        3    134.340       0.000     134.340 
                        ha0     1     47.565       0.000      47.565 
                        ha1     1     47.565       0.000      47.565 
                        fa0     1     39.210       0.000      39.210 
                      p1        3    134.340       0.000     134.340 
                        ha0     1     47.565       0.000      47.565 
                        ha1     1     47.565       0.000      47.565 
                        fa0     1     39.210       0.000      39.210 
                p1             49   2113.463       0.000    2113.463 
                  p0           22    954.528       0.000     954.528 
                    p0          9    394.666       0.000     394.666 
                      p0        3    134.340       0.000     134.340 
                        ha0     1     47.565       0.000      47.565 
                        ha1     1     47.565       0.000      47.565 
                        fa0     1     39.210       0.000      39.210 
                      p1        3    134.340       0.000     134.340 
                        ha0     1     47.565       0.000      47.565 
                        ha1     1     47.565       0.000      47.565 
                        fa0     1     39.210       0.000      39.210 
                    p1          9    394.666       0.000     394.666 
                      p0        3    134.340       0.000     134.340 
                        ha0     1     47.565       0.000      47.565 
                        ha1     1     47.565       0.000      47.565 
                        fa0     1     39.210       0.000      39.210 
                      p1        3    134.340       0.000     134.340 
                        ha0     1     47.565       0.000      47.565 
                        ha1     1     47.565       0.000      47.565 
                        fa0     1     39.210       0.000      39.210 
                  p1           22    954.528       0.000     954.528 
                    p0          9    394.666       0.000     394.666 
                      p0        3    134.340       0.000     134.340 
                        ha0     1     47.565       0.000      47.565 
                        ha1     1     47.565       0.000      47.565 
                        fa0     1     39.210       0.000      39.210 
                      p1        3    134.340       0.000     134.340 
                        ha0     1     47.565       0.000      47.565 
                        ha1     1     47.565       0.000      47.565 
                        fa0     1     39.210       0.000      39.210 
                    p1          9    394.666       0.000     394.666 
                      p0        3    134.340       0.000     134.340 
                        ha0     1     47.565       0.000      47.565 
                        ha1     1     47.565       0.000      47.565 
                        fa0     1     39.210       0.000      39.210 
                      p1        3    134.340       0.000     134.340 
                        ha0     1     47.565       0.000      47.565 
                        ha1     1     47.565       0.000      47.565 
                        fa0     1     39.210       0.000      39.210 
              p1              104   4470.543       0.000    4470.543 
                p0             49   2113.463       0.000    2113.463 
                  p0           22    954.528       0.000     954.528 
                    p0          9    394.666       0.000     394.666 
                      p0        3    134.340       0.000     134.340 
                        ha0     1     47.565       0.000      47.565 
                        ha1     1     47.565       0.000      47.565 
                        fa0     1     39.210       0.000      39.210 
                      p1        3    134.340       0.000     134.340 
                        ha0     1     47.565       0.000      47.565 
                        ha1     1     47.565       0.000      47.565 
                        fa0     1     39.210       0.000      39.210 
                    p1          9    394.666       0.000     394.666 
                      p0        3    134.340       0.000     134.340 
                        ha0     1     47.565       0.000      47.565 
                        ha1     1     47.565       0.000      47.565 
                        fa0     1     39.210       0.000      39.210 
                      p1        3    134.340       0.000     134.340 
                        ha0     1     47.565       0.000      47.565 
                        ha1     1     47.565       0.000      47.565 
                        fa0     1     39.210       0.000      39.210 
                  p1           22    954.528       0.000     954.528 
                    p0          9    394.666       0.000     394.666 
                      p0        3    134.340       0.000     134.340 
                        ha0     1     47.565       0.000      47.565 
                        ha1     1     47.565       0.000      47.565 
                        fa0     1     39.210       0.000      39.210 
                      p1        3    134.340       0.000     134.340 
                        ha0     1     47.565       0.000      47.565 
                        ha1     1     47.565       0.000      47.565 
                        fa0     1     39.210       0.000      39.210 
                    p1          9    394.666       0.000     394.666 
                      p0        3    134.340       0.000     134.340 
                        ha0     1     47.565       0.000      47.565 
                        ha1     1     47.565       0.000      47.565 
                        fa0     1     39.210       0.000      39.210 
                      p1        3    134.340       0.000     134.340 
                        ha0     1     47.565       0.000      47.565 
                        ha1     1     47.565       0.000      47.565 
                        fa0     1     39.210       0.000      39.210 
                p1             49   2113.463       0.000    2113.463 
                  p0           22    954.528       0.000     954.528 
                    p0          9    394.666       0.000     394.666 
                      p0        3    134.340       0.000     134.340 
                        ha0     1     47.565       0.000      47.565 
                        ha1     1     47.565       0.000      47.565 
                        fa0     1     39.210       0.000      39.210 
                      p1        3    134.340       0.000     134.340 
                        ha0     1     47.565       0.000      47.565 
                        ha1     1     47.565       0.000      47.565 
                        fa0     1     39.210       0.000      39.210 
                    p1          9    394.666       0.000     394.666 
                      p0        3    134.340       0.000     134.340 
                        ha0     1     47.565       0.000      47.565 
                        ha1     1     47.565       0.000      47.565 
                        fa0     1     39.210       0.000      39.210 
                      p1        3    134.340       0.000     134.340 
                        ha0     1     47.565       0.000      47.565 
                        ha1     1     47.565       0.000      47.565 
                        fa0     1     39.210       0.000      39.210 
                  p1           22    954.528       0.000     954.528 
                    p0          9    394.666       0.000     394.666 
                      p0        3    134.340       0.000     134.340 
                        ha0     1     47.565       0.000      47.565 
                        ha1     1     47.565       0.000      47.565 
                        fa0     1     39.210       0.000      39.210 
                      p1        3    134.340       0.000     134.340 
                        ha0     1     47.565       0.000      47.565 
                        ha1     1     47.565       0.000      47.565 
                        fa0     1     39.210       0.000      39.210 
                    p1          9    394.666       0.000     394.666 
                      p0        3    134.340       0.000     134.340 
                        ha0     1     47.565       0.000      47.565 
                        ha1     1     47.565       0.000      47.565 
                        fa0     1     39.210       0.000      39.210 
                      p1        3    134.340       0.000     134.340 
                        ha0     1     47.565       0.000      47.565 
                        ha1     1     47.565       0.000      47.565 
                        fa0     1     39.210       0.000      39.210 
          p1                  438  18769.865       0.000   18769.865 
            p0                215   9223.914       0.000    9223.914 
              p0              104   4470.543       0.000    4470.543 
                p0             49   2113.463       0.000    2113.463 
                  p0           22    954.528       0.000     954.528 
                    p0          9    394.666       0.000     394.666 
                      p0        3    134.340       0.000     134.340 
                        ha0     1     47.565       0.000      47.565 
                        ha1     1     47.565       0.000      47.565 
                        fa0     1     39.210       0.000      39.210 
                      p1        3    134.340       0.000     134.340 
                        ha0     1     47.565       0.000      47.565 
                        ha1     1     47.565       0.000      47.565 
                        fa0     1     39.210       0.000      39.210 
                    p1          9    394.666       0.000     394.666 
                      p0        3    134.340       0.000     134.340 
                        ha0     1     47.565       0.000      47.565 
                        ha1     1     47.565       0.000      47.565 
                        fa0     1     39.210       0.000      39.210 
                      p1        3    134.340       0.000     134.340 
                        ha0     1     47.565       0.000      47.565 
                        ha1     1     47.565       0.000      47.565 
                        fa0     1     39.210       0.000      39.210 
                  p1           22    954.528       0.000     954.528 
                    p0          9    394.666       0.000     394.666 
                      p0        3    134.340       0.000     134.340 
                        ha0     1     47.565       0.000      47.565 
                        ha1     1     47.565       0.000      47.565 
                        fa0     1     39.210       0.000      39.210 
                      p1        3    134.340       0.000     134.340 
                        ha0     1     47.565       0.000      47.565 
                        ha1     1     47.565       0.000      47.565 
                        fa0     1     39.210       0.000      39.210 
                    p1          9    394.666       0.000     394.666 
                      p0        3    134.340       0.000     134.340 
                        ha0     1     47.565       0.000      47.565 
                        ha1     1     47.565       0.000      47.565 
                        fa0     1     39.210       0.000      39.210 
                      p1        3    134.340       0.000     134.340 
                        ha0     1     47.565       0.000      47.565 
                        ha1     1     47.565       0.000      47.565 
                        fa0     1     39.210       0.000      39.210 
                p1             49   2113.463       0.000    2113.463 
                  p0           22    954.528       0.000     954.528 
                    p0          9    394.666       0.000     394.666 
                      p0        3    134.340       0.000     134.340 
                        ha0     1     47.565       0.000      47.565 
                        ha1     1     47.565       0.000      47.565 
                        fa0     1     39.210       0.000      39.210 
                      p1        3    134.340       0.000     134.340 
                        ha0     1     47.565       0.000      47.565 
                        ha1     1     47.565       0.000      47.565 
                        fa0     1     39.210       0.000      39.210 
                    p1          9    394.666       0.000     394.666 
                      p0        3    134.340       0.000     134.340 
                        ha0     1     47.565       0.000      47.565 
                        ha1     1     47.565       0.000      47.565 
                        fa0     1     39.210       0.000      39.210 
                      p1        3    134.340       0.000     134.340 
                        ha0     1     47.565       0.000      47.565 
                        ha1     1     47.565       0.000      47.565 
                        fa0     1     39.210       0.000      39.210 
                  p1           22    954.528       0.000     954.528 
                    p0          9    394.666       0.000     394.666 
                      p0        3    134.340       0.000     134.340 
                        ha0     1     47.565       0.000      47.565 
                        ha1     1     47.565       0.000      47.565 
                        fa0     1     39.210       0.000      39.210 
                      p1        3    134.340       0.000     134.340 
                        ha0     1     47.565       0.000      47.565 
                        ha1     1     47.565       0.000      47.565 
                        fa0     1     39.210       0.000      39.210 
                    p1          9    394.666       0.000     394.666 
                      p0        3    134.340       0.000     134.340 
                        ha0     1     47.565       0.000      47.565 
                        ha1     1     47.565       0.000      47.565 
                        fa0     1     39.210       0.000      39.210 
                      p1        3    134.340       0.000     134.340 
                        ha0     1     47.565       0.000      47.565 
                        ha1     1     47.565       0.000      47.565 
                        fa0     1     39.210       0.000      39.210 
              p1              104   4470.543       0.000    4470.543 
                p0             49   2113.463       0.000    2113.463 
                  p0           22    954.528       0.000     954.528 
                    p0          9    394.666       0.000     394.666 
                      p0        3    134.340       0.000     134.340 
                        ha0     1     47.565       0.000      47.565 
                        ha1     1     47.565       0.000      47.565 
                        fa0     1     39.210       0.000      39.210 
                      p1        3    134.340       0.000     134.340 
                        ha0     1     47.565       0.000      47.565 
                        ha1     1     47.565       0.000      47.565 
                        fa0     1     39.210       0.000      39.210 
                    p1          9    394.666       0.000     394.666 
                      p0        3    134.340       0.000     134.340 
                        ha0     1     47.565       0.000      47.565 
                        ha1     1     47.565       0.000      47.565 
                        fa0     1     39.210       0.000      39.210 
                      p1        3    134.340       0.000     134.340 
                        ha0     1     47.565       0.000      47.565 
                        ha1     1     47.565       0.000      47.565 
                        fa0     1     39.210       0.000      39.210 
                  p1           22    954.528       0.000     954.528 
                    p0          9    394.666       0.000     394.666 
                      p0        3    134.340       0.000     134.340 
                        ha0     1     47.565       0.000      47.565 
                        ha1     1     47.565       0.000      47.565 
                        fa0     1     39.210       0.000      39.210 
                      p1        3    134.340       0.000     134.340 
                        ha0     1     47.565       0.000      47.565 
                        ha1     1     47.565       0.000      47.565 
                        fa0     1     39.210       0.000      39.210 
                    p1          9    394.666       0.000     394.666 
                      p0        3    134.340       0.000     134.340 
                        ha0     1     47.565       0.000      47.565 
                        ha1     1     47.565       0.000      47.565 
                        fa0     1     39.210       0.000      39.210 
                      p1        3    134.340       0.000     134.340 
                        ha0     1     47.565       0.000      47.565 
                        ha1     1     47.565       0.000      47.565 
                        fa0     1     39.210       0.000      39.210 
                p1             49   2113.463       0.000    2113.463 
                  p0           22    954.528       0.000     954.528 
                    p0          9    394.666       0.000     394.666 
                      p0        3    134.340       0.000     134.340 
                        ha0     1     47.565       0.000      47.565 
                        ha1     1     47.565       0.000      47.565 
                        fa0     1     39.210       0.000      39.210 
                      p1        3    134.340       0.000     134.340 
                        ha0     1     47.565       0.000      47.565 
                        ha1     1     47.565       0.000      47.565 
                        fa0     1     39.210       0.000      39.210 
                    p1          9    394.666       0.000     394.666 
                      p0        3    134.340       0.000     134.340 
                        ha0     1     47.565       0.000      47.565 
                        ha1     1     47.565       0.000      47.565 
                        fa0     1     39.210       0.000      39.210 
                      p1        3    134.340       0.000     134.340 
                        ha0     1     47.565       0.000      47.565 
                        ha1     1     47.565       0.000      47.565 
                        fa0     1     39.210       0.000      39.210 
                  p1           22    954.528       0.000     954.528 
                    p0          9    394.666       0.000     394.666 
                      p0        3    134.340       0.000     134.340 
                        ha0     1     47.565       0.000      47.565 
                        ha1     1     47.565       0.000      47.565 
                        fa0     1     39.210       0.000      39.210 
                      p1        3    134.340       0.000     134.340 
                        ha0     1     47.565       0.000      47.565 
                        ha1     1     47.565       0.000      47.565 
                        fa0     1     39.210       0.000      39.210 
                    p1          9    394.666       0.000     394.666 
                      p0        3    134.340       0.000     134.340 
                        ha0     1     47.565       0.000      47.565 
                        ha1     1     47.565       0.000      47.565 
                        fa0     1     39.210       0.000      39.210 
                      p1        3    134.340       0.000     134.340 
                        ha0     1     47.565       0.000      47.565 
                        ha1     1     47.565       0.000      47.565 
                        fa0     1     39.210       0.000      39.210 
            p1                215   9223.914       0.000    9223.914 
              p0              104   4470.543       0.000    4470.543 
                p0             49   2113.463       0.000    2113.463 
                  p0           22    954.528       0.000     954.528 
                    p0          9    394.666       0.000     394.666 
                      p0        3    134.340       0.000     134.340 
                        ha0     1     47.565       0.000      47.565 
                        ha1     1     47.565       0.000      47.565 
                        fa0     1     39.210       0.000      39.210 
                      p1        3    134.340       0.000     134.340 
                        ha0     1     47.565       0.000      47.565 
                        ha1     1     47.565       0.000      47.565 
                        fa0     1     39.210       0.000      39.210 
                    p1          9    394.666       0.000     394.666 
                      p0        3    134.340       0.000     134.340 
                        ha0     1     47.565       0.000      47.565 
                        ha1     1     47.565       0.000      47.565 
                        fa0     1     39.210       0.000      39.210 
                      p1        3    134.340       0.000     134.340 
                        ha0     1     47.565       0.000      47.565 
                        ha1     1     47.565       0.000      47.565 
                        fa0     1     39.210       0.000      39.210 
                  p1           22    954.528       0.000     954.528 
                    p0          9    394.666       0.000     394.666 
                      p0        3    134.340       0.000     134.340 
                        ha0     1     47.565       0.000      47.565 
                        ha1     1     47.565       0.000      47.565 
                        fa0     1     39.210       0.000      39.210 
                      p1        3    134.340       0.000     134.340 
                        ha0     1     47.565       0.000      47.565 
                        ha1     1     47.565       0.000      47.565 
                        fa0     1     39.210       0.000      39.210 
                    p1          9    394.666       0.000     394.666 
                      p0        3    134.340       0.000     134.340 
                        ha0     1     47.565       0.000      47.565 
                        ha1     1     47.565       0.000      47.565 
                        fa0     1     39.210       0.000      39.210 
                      p1        3    134.340       0.000     134.340 
                        ha0     1     47.565       0.000      47.565 
                        ha1     1     47.565       0.000      47.565 
                        fa0     1     39.210       0.000      39.210 
                p1             49   2113.463       0.000    2113.463 
                  p0           22    954.528       0.000     954.528 
                    p0          9    394.666       0.000     394.666 
                      p0        3    134.340       0.000     134.340 
                        ha0     1     47.565       0.000      47.565 
                        ha1     1     47.565       0.000      47.565 
                        fa0     1     39.210       0.000      39.210 
                      p1        3    134.340       0.000     134.340 
                        ha0     1     47.565       0.000      47.565 
                        ha1     1     47.565       0.000      47.565 
                        fa0     1     39.210       0.000      39.210 
                    p1          9    394.666       0.000     394.666 
                      p0        3    134.340       0.000     134.340 
                        ha0     1     47.565       0.000      47.565 
                        ha1     1     47.565       0.000      47.565 
                        fa0     1     39.210       0.000      39.210 
                      p1        3    134.340       0.000     134.340 
                        ha0     1     47.565       0.000      47.565 
                        ha1     1     47.565       0.000      47.565 
                        fa0     1     39.210       0.000      39.210 
                  p1           22    954.528       0.000     954.528 
                    p0          9    394.666       0.000     394.666 
                      p0        3    134.340       0.000     134.340 
                        ha0     1     47.565       0.000      47.565 
                        ha1     1     47.565       0.000      47.565 
                        fa0     1     39.210       0.000      39.210 
                      p1        3    134.340       0.000     134.340 
                        ha0     1     47.565       0.000      47.565 
                        ha1     1     47.565       0.000      47.565 
                        fa0     1     39.210       0.000      39.210 
                    p1          9    394.666       0.000     394.666 
                      p0        3    134.340       0.000     134.340 
                        ha0     1     47.565       0.000      47.565 
                        ha1     1     47.565       0.000      47.565 
                        fa0     1     39.210       0.000      39.210 
                      p1        3    134.340       0.000     134.340 
                        ha0     1     47.565       0.000      47.565 
                        ha1     1     47.565       0.000      47.565 
                        fa0     1     39.210       0.000      39.210 
              p1              104   4470.543       0.000    4470.543 
                p0             49   2113.463       0.000    2113.463 
                  p0           22    954.528       0.000     954.528 
                    p0          9    394.666       0.000     394.666 
                      p0        3    134.340       0.000     134.340 
                        ha0     1     47.565       0.000      47.565 
                        ha1     1     47.565       0.000      47.565 
                        fa0     1     39.210       0.000      39.210 
                      p1        3    134.340       0.000     134.340 
                        ha0     1     47.565       0.000      47.565 
                        ha1     1     47.565       0.000      47.565 
                        fa0     1     39.210       0.000      39.210 
                    p1          9    394.666       0.000     394.666 
                      p0        3    134.340       0.000     134.340 
                        ha0     1     47.565       0.000      47.565 
                        ha1     1     47.565       0.000      47.565 
                        fa0     1     39.210       0.000      39.210 
                      p1        3    134.340       0.000     134.340 
                        ha0     1     47.565       0.000      47.565 
                        ha1     1     47.565       0.000      47.565 
                        fa0     1     39.210       0.000      39.210 
                  p1           22    954.528       0.000     954.528 
                    p0          9    394.666       0.000     394.666 
                      p0        3    134.340       0.000     134.340 
                        ha0     1     47.565       0.000      47.565 
                        ha1     1     47.565       0.000      47.565 
                        fa0     1     39.210       0.000      39.210 
                      p1        3    134.340       0.000     134.340 
                        ha0     1     47.565       0.000      47.565 
                        ha1     1     47.565       0.000      47.565 
                        fa0     1     39.210       0.000      39.210 
                    p1          9    394.666       0.000     394.666 
                      p0        3    134.340       0.000     134.340 
                        ha0     1     47.565       0.000      47.565 
                        ha1     1     47.565       0.000      47.565 
                        fa0     1     39.210       0.000      39.210 
                      p1        3    134.340       0.000     134.340 
                        ha0     1     47.565       0.000      47.565 
                        ha1     1     47.565       0.000      47.565 
                        fa0     1     39.210       0.000      39.210 
                p1             49   2113.463       0.000    2113.463 
                  p0           22    954.528       0.000     954.528 
                    p0          9    394.666       0.000     394.666 
                      p0        3    134.340       0.000     134.340 
                        ha0     1     47.565       0.000      47.565 
                        ha1     1     47.565       0.000      47.565 
                        fa0     1     39.210       0.000      39.210 
                      p1        3    134.340       0.000     134.340 
                        ha0     1     47.565       0.000      47.565 
                        ha1     1     47.565       0.000      47.565 
                        fa0     1     39.210       0.000      39.210 
                    p1          9    394.666       0.000     394.666 
                      p0        3    134.340       0.000     134.340 
                        ha0     1     47.565       0.000      47.565 
                        ha1     1     47.565       0.000      47.565 
                        fa0     1     39.210       0.000      39.210 
                      p1        3    134.340       0.000     134.340 
                        ha0     1     47.565       0.000      47.565 
                        ha1     1     47.565       0.000      47.565 
                        fa0     1     39.210       0.000      39.210 
                  p1           22    954.528       0.000     954.528 
                    p0          9    394.666       0.000     394.666 
                      p0        3    134.340       0.000     134.340 
                        ha0     1     47.565       0.000      47.565 
                        ha1     1     47.565       0.000      47.565 
                        fa0     1     39.210       0.000      39.210 
                      p1        3    134.340       0.000     134.340 
                        ha0     1     47.565       0.000      47.565 
                        ha1     1     47.565       0.000      47.565 
                        fa0     1     39.210       0.000      39.210 
                    p1          9    394.666       0.000     394.666 
                      p0        3    134.340       0.000     134.340 
                        ha0     1     47.565       0.000      47.565 
                        ha1     1     47.565       0.000      47.565 
                        fa0     1     39.210       0.000      39.210 
                      p1        3    134.340       0.000     134.340 
                        ha0     1     47.565       0.000      47.565 
                        ha1     1     47.565       0.000      47.565 
                        fa0     1     39.210       0.000      39.210 
        p1                    885  37900.978       0.000   37900.978 
          p0                  438  18769.865       0.000   18769.865 
            p0                215   9223.914       0.000    9223.914 
              p0              104   4470.543       0.000    4470.543 
                p0             49   2113.463       0.000    2113.463 
                  p0           22    954.528       0.000     954.528 
                    p0          9    394.666       0.000     394.666 
                      p0        3    134.340       0.000     134.340 
                        ha0     1     47.565       0.000      47.565 
                        ha1     1     47.565       0.000      47.565 
                        fa0     1     39.210       0.000      39.210 
                      p1        3    134.340       0.000     134.340 
                        ha0     1     47.565       0.000      47.565 
                        ha1     1     47.565       0.000      47.565 
                        fa0     1     39.210       0.000      39.210 
                    p1          9    394.666       0.000     394.666 
                      p0        3    134.340       0.000     134.340 
                        ha0     1     47.565       0.000      47.565 
                        ha1     1     47.565       0.000      47.565 
                        fa0     1     39.210       0.000      39.210 
                      p1        3    134.340       0.000     134.340 
                        ha0     1     47.565       0.000      47.565 
                        ha1     1     47.565       0.000      47.565 
                        fa0     1     39.210       0.000      39.210 
                  p1           22    954.528       0.000     954.528 
                    p0          9    394.666       0.000     394.666 
                      p0        3    134.340       0.000     134.340 
                        ha0     1     47.565       0.000      47.565 
                        ha1     1     47.565       0.000      47.565 
                        fa0     1     39.210       0.000      39.210 
                      p1        3    134.340       0.000     134.340 
                        ha0     1     47.565       0.000      47.565 
                        ha1     1     47.565       0.000      47.565 
                        fa0     1     39.210       0.000      39.210 
                    p1          9    394.666       0.000     394.666 
                      p0        3    134.340       0.000     134.340 
                        ha0     1     47.565       0.000      47.565 
                        ha1     1     47.565       0.000      47.565 
                        fa0     1     39.210       0.000      39.210 
                      p1        3    134.340       0.000     134.340 
                        ha0     1     47.565       0.000      47.565 
                        ha1     1     47.565       0.000      47.565 
                        fa0     1     39.210       0.000      39.210 
                p1             49   2113.463       0.000    2113.463 
                  p0           22    954.528       0.000     954.528 
                    p0          9    394.666       0.000     394.666 
                      p0        3    134.340       0.000     134.340 
                        ha0     1     47.565       0.000      47.565 
                        ha1     1     47.565       0.000      47.565 
                        fa0     1     39.210       0.000      39.210 
                      p1        3    134.340       0.000     134.340 
                        ha0     1     47.565       0.000      47.565 
                        ha1     1     47.565       0.000      47.565 
                        fa0     1     39.210       0.000      39.210 
                    p1          9    394.666       0.000     394.666 
                      p0        3    134.340       0.000     134.340 
                        ha0     1     47.565       0.000      47.565 
                        ha1     1     47.565       0.000      47.565 
                        fa0     1     39.210       0.000      39.210 
                      p1        3    134.340       0.000     134.340 
                        ha0     1     47.565       0.000      47.565 
                        ha1     1     47.565       0.000      47.565 
                        fa0     1     39.210       0.000      39.210 
                  p1           22    954.528       0.000     954.528 
                    p0          9    394.666       0.000     394.666 
                      p0        3    134.340       0.000     134.340 
                        ha0     1     47.565       0.000      47.565 
                        ha1     1     47.565       0.000      47.565 
                        fa0     1     39.210       0.000      39.210 
                      p1        3    134.340       0.000     134.340 
                        ha0     1     47.565       0.000      47.565 
                        ha1     1     47.565       0.000      47.565 
                        fa0     1     39.210       0.000      39.210 
                    p1          9    394.666       0.000     394.666 
                      p0        3    134.340       0.000     134.340 
                        ha0     1     47.565       0.000      47.565 
                        ha1     1     47.565       0.000      47.565 
                        fa0     1     39.210       0.000      39.210 
                      p1        3    134.340       0.000     134.340 
                        ha0     1     47.565       0.000      47.565 
                        ha1     1     47.565       0.000      47.565 
                        fa0     1     39.210       0.000      39.210 
              p1              104   4470.543       0.000    4470.543 
                p0             49   2113.463       0.000    2113.463 
                  p0           22    954.528       0.000     954.528 
                    p0          9    394.666       0.000     394.666 
                      p0        3    134.340       0.000     134.340 
                        ha0     1     47.565       0.000      47.565 
                        ha1     1     47.565       0.000      47.565 
                        fa0     1     39.210       0.000      39.210 
                      p1        3    134.340       0.000     134.340 
                        ha0     1     47.565       0.000      47.565 
                        ha1     1     47.565       0.000      47.565 
                        fa0     1     39.210       0.000      39.210 
                    p1          9    394.666       0.000     394.666 
                      p0        3    134.340       0.000     134.340 
                        ha0     1     47.565       0.000      47.565 
                        ha1     1     47.565       0.000      47.565 
                        fa0     1     39.210       0.000      39.210 
                      p1        3    134.340       0.000     134.340 
                        ha0     1     47.565       0.000      47.565 
                        ha1     1     47.565       0.000      47.565 
                        fa0     1     39.210       0.000      39.210 
                  p1           22    954.528       0.000     954.528 
                    p0          9    394.666       0.000     394.666 
                      p0        3    134.340       0.000     134.340 
                        ha0     1     47.565       0.000      47.565 
                        ha1     1     47.565       0.000      47.565 
                        fa0     1     39.210       0.000      39.210 
                      p1        3    134.340       0.000     134.340 
                        ha0     1     47.565       0.000      47.565 
                        ha1     1     47.565       0.000      47.565 
                        fa0     1     39.210       0.000      39.210 
                    p1          9    394.666       0.000     394.666 
                      p0        3    134.340       0.000     134.340 
                        ha0     1     47.565       0.000      47.565 
                        ha1     1     47.565       0.000      47.565 
                        fa0     1     39.210       0.000      39.210 
                      p1        3    134.340       0.000     134.340 
                        ha0     1     47.565       0.000      47.565 
                        ha1     1     47.565       0.000      47.565 
                        fa0     1     39.210       0.000      39.210 
                p1             49   2113.463       0.000    2113.463 
                  p0           22    954.528       0.000     954.528 
                    p0          9    394.666       0.000     394.666 
                      p0        3    134.340       0.000     134.340 
                        ha0     1     47.565       0.000      47.565 
                        ha1     1     47.565       0.000      47.565 
                        fa0     1     39.210       0.000      39.210 
                      p1        3    134.340       0.000     134.340 
                        ha0     1     47.565       0.000      47.565 
                        ha1     1     47.565       0.000      47.565 
                        fa0     1     39.210       0.000      39.210 
                    p1          9    394.666       0.000     394.666 
                      p0        3    134.340       0.000     134.340 
                        ha0     1     47.565       0.000      47.565 
                        ha1     1     47.565       0.000      47.565 
                        fa0     1     39.210       0.000      39.210 
                      p1        3    134.340       0.000     134.340 
                        ha0     1     47.565       0.000      47.565 
                        ha1     1     47.565       0.000      47.565 
                        fa0     1     39.210       0.000      39.210 
                  p1           22    954.528       0.000     954.528 
                    p0          9    394.666       0.000     394.666 
                      p0        3    134.340       0.000     134.340 
                        ha0     1     47.565       0.000      47.565 
                        ha1     1     47.565       0.000      47.565 
                        fa0     1     39.210       0.000      39.210 
                      p1        3    134.340       0.000     134.340 
                        ha0     1     47.565       0.000      47.565 
                        ha1     1     47.565       0.000      47.565 
                        fa0     1     39.210       0.000      39.210 
                    p1          9    394.666       0.000     394.666 
                      p0        3    134.340       0.000     134.340 
                        ha0     1     47.565       0.000      47.565 
                        ha1     1     47.565       0.000      47.565 
                        fa0     1     39.210       0.000      39.210 
                      p1        3    134.340       0.000     134.340 
                        ha0     1     47.565       0.000      47.565 
                        ha1     1     47.565       0.000      47.565 
                        fa0     1     39.210       0.000      39.210 
            p1                215   9223.914       0.000    9223.914 
              p0              104   4470.543       0.000    4470.543 
                p0             49   2113.463       0.000    2113.463 
                  p0           22    954.528       0.000     954.528 
                    p0          9    394.666       0.000     394.666 
                      p0        3    134.340       0.000     134.340 
                        ha0     1     47.565       0.000      47.565 
                        ha1     1     47.565       0.000      47.565 
                        fa0     1     39.210       0.000      39.210 
                      p1        3    134.340       0.000     134.340 
                        ha0     1     47.565       0.000      47.565 
                        ha1     1     47.565       0.000      47.565 
                        fa0     1     39.210       0.000      39.210 
                    p1          9    394.666       0.000     394.666 
                      p0        3    134.340       0.000     134.340 
                        ha0     1     47.565       0.000      47.565 
                        ha1     1     47.565       0.000      47.565 
                        fa0     1     39.210       0.000      39.210 
                      p1        3    134.340       0.000     134.340 
                        ha0     1     47.565       0.000      47.565 
                        ha1     1     47.565       0.000      47.565 
                        fa0     1     39.210       0.000      39.210 
                  p1           22    954.528       0.000     954.528 
                    p0          9    394.666       0.000     394.666 
                      p0        3    134.340       0.000     134.340 
                        ha0     1     47.565       0.000      47.565 
                        ha1     1     47.565       0.000      47.565 
                        fa0     1     39.210       0.000      39.210 
                      p1        3    134.340       0.000     134.340 
                        ha0     1     47.565       0.000      47.565 
                        ha1     1     47.565       0.000      47.565 
                        fa0     1     39.210       0.000      39.210 
                    p1          9    394.666       0.000     394.666 
                      p0        3    134.340       0.000     134.340 
                        ha0     1     47.565       0.000      47.565 
                        ha1     1     47.565       0.000      47.565 
                        fa0     1     39.210       0.000      39.210 
                      p1        3    134.340       0.000     134.340 
                        ha0     1     47.565       0.000      47.565 
                        ha1     1     47.565       0.000      47.565 
                        fa0     1     39.210       0.000      39.210 
                p1             49   2113.463       0.000    2113.463 
                  p0           22    954.528       0.000     954.528 
                    p0          9    394.666       0.000     394.666 
                      p0        3    134.340       0.000     134.340 
                        ha0     1     47.565       0.000      47.565 
                        ha1     1     47.565       0.000      47.565 
                        fa0     1     39.210       0.000      39.210 
                      p1        3    134.340       0.000     134.340 
                        ha0     1     47.565       0.000      47.565 
                        ha1     1     47.565       0.000      47.565 
                        fa0     1     39.210       0.000      39.210 
                    p1          9    394.666       0.000     394.666 
                      p0        3    134.340       0.000     134.340 
                        ha0     1     47.565       0.000      47.565 
                        ha1     1     47.565       0.000      47.565 
                        fa0     1     39.210       0.000      39.210 
                      p1        3    134.340       0.000     134.340 
                        ha0     1     47.565       0.000      47.565 
                        ha1     1     47.565       0.000      47.565 
                        fa0     1     39.210       0.000      39.210 
                  p1           22    954.528       0.000     954.528 
                    p0          9    394.666       0.000     394.666 
                      p0        3    134.340       0.000     134.340 
                        ha0     1     47.565       0.000      47.565 
                        ha1     1     47.565       0.000      47.565 
                        fa0     1     39.210       0.000      39.210 
                      p1        3    134.340       0.000     134.340 
                        ha0     1     47.565       0.000      47.565 
                        ha1     1     47.565       0.000      47.565 
                        fa0     1     39.210       0.000      39.210 
                    p1          9    394.666       0.000     394.666 
                      p0        3    134.340       0.000     134.340 
                        ha0     1     47.565       0.000      47.565 
                        ha1     1     47.565       0.000      47.565 
                        fa0     1     39.210       0.000      39.210 
                      p1        3    134.340       0.000     134.340 
                        ha0     1     47.565       0.000      47.565 
                        ha1     1     47.565       0.000      47.565 
                        fa0     1     39.210       0.000      39.210 
              p1              104   4470.543       0.000    4470.543 
                p0             49   2113.463       0.000    2113.463 
                  p0           22    954.528       0.000     954.528 
                    p0          9    394.666       0.000     394.666 
                      p0        3    134.340       0.000     134.340 
                        ha0     1     47.565       0.000      47.565 
                        ha1     1     47.565       0.000      47.565 
                        fa0     1     39.210       0.000      39.210 
                      p1        3    134.340       0.000     134.340 
                        ha0     1     47.565       0.000      47.565 
                        ha1     1     47.565       0.000      47.565 
                        fa0     1     39.210       0.000      39.210 
                    p1          9    394.666       0.000     394.666 
                      p0        3    134.340       0.000     134.340 
                        ha0     1     47.565       0.000      47.565 
                        ha1     1     47.565       0.000      47.565 
                        fa0     1     39.210       0.000      39.210 
                      p1        3    134.340       0.000     134.340 
                        ha0     1     47.565       0.000      47.565 
                        ha1     1     47.565       0.000      47.565 
                        fa0     1     39.210       0.000      39.210 
                  p1           22    954.528       0.000     954.528 
                    p0          9    394.666       0.000     394.666 
                      p0        3    134.340       0.000     134.340 
                        ha0     1     47.565       0.000      47.565 
                        ha1     1     47.565       0.000      47.565 
                        fa0     1     39.210       0.000      39.210 
                      p1        3    134.340       0.000     134.340 
                        ha0     1     47.565       0.000      47.565 
                        ha1     1     47.565       0.000      47.565 
                        fa0     1     39.210       0.000      39.210 
                    p1          9    394.666       0.000     394.666 
                      p0        3    134.340       0.000     134.340 
                        ha0     1     47.565       0.000      47.565 
                        ha1     1     47.565       0.000      47.565 
                        fa0     1     39.210       0.000      39.210 
                      p1        3    134.340       0.000     134.340 
                        ha0     1     47.565       0.000      47.565 
                        ha1     1     47.565       0.000      47.565 
                        fa0     1     39.210       0.000      39.210 
                p1             49   2113.463       0.000    2113.463 
                  p0           22    954.528       0.000     954.528 
                    p0          9    394.666       0.000     394.666 
                      p0        3    134.340       0.000     134.340 
                        ha0     1     47.565       0.000      47.565 
                        ha1     1     47.565       0.000      47.565 
                        fa0     1     39.210       0.000      39.210 
                      p1        3    134.340       0.000     134.340 
                        ha0     1     47.565       0.000      47.565 
                        ha1     1     47.565       0.000      47.565 
                        fa0     1     39.210       0.000      39.210 
                    p1          9    394.666       0.000     394.666 
                      p0        3    134.340       0.000     134.340 
                        ha0     1     47.565       0.000      47.565 
                        ha1     1     47.565       0.000      47.565 
                        fa0     1     39.210       0.000      39.210 
                      p1        3    134.340       0.000     134.340 
                        ha0     1     47.565       0.000      47.565 
                        ha1     1     47.565       0.000      47.565 
                        fa0     1     39.210       0.000      39.210 
                  p1           22    954.528       0.000     954.528 
                    p0          9    394.666       0.000     394.666 
                      p0        3    134.340       0.000     134.340 
                        ha0     1     47.565       0.000      47.565 
                        ha1     1     47.565       0.000      47.565 
                        fa0     1     39.210       0.000      39.210 
                      p1        3    134.340       0.000     134.340 
                        ha0     1     47.565       0.000      47.565 
                        ha1     1     47.565       0.000      47.565 
                        fa0     1     39.210       0.000      39.210 
                    p1          9    394.666       0.000     394.666 
                      p0        3    134.340       0.000     134.340 
                        ha0     1     47.565       0.000      47.565 
                        ha1     1     47.565       0.000      47.565 
                        fa0     1     39.210       0.000      39.210 
                      p1        3    134.340       0.000     134.340 
                        ha0     1     47.565       0.000      47.565 
                        ha1     1     47.565       0.000      47.565 
                        fa0     1     39.210       0.000      39.210 
          p1                  438  18769.865       0.000   18769.865 
            p0                215   9223.914       0.000    9223.914 
              p0              104   4470.543       0.000    4470.543 
                p0             49   2113.463       0.000    2113.463 
                  p0           22    954.528       0.000     954.528 
                    p0          9    394.666       0.000     394.666 
                      p0        3    134.340       0.000     134.340 
                        ha0     1     47.565       0.000      47.565 
                        ha1     1     47.565       0.000      47.565 
                        fa0     1     39.210       0.000      39.210 
                      p1        3    134.340       0.000     134.340 
                        ha0     1     47.565       0.000      47.565 
                        ha1     1     47.565       0.000      47.565 
                        fa0     1     39.210       0.000      39.210 
                    p1          9    394.666       0.000     394.666 
                      p0        3    134.340       0.000     134.340 
                        ha0     1     47.565       0.000      47.565 
                        ha1     1     47.565       0.000      47.565 
                        fa0     1     39.210       0.000      39.210 
                      p1        3    134.340       0.000     134.340 
                        ha0     1     47.565       0.000      47.565 
                        ha1     1     47.565       0.000      47.565 
                        fa0     1     39.210       0.000      39.210 
                  p1           22    954.528       0.000     954.528 
                    p0          9    394.666       0.000     394.666 
                      p0        3    134.340       0.000     134.340 
                        ha0     1     47.565       0.000      47.565 
                        ha1     1     47.565       0.000      47.565 
                        fa0     1     39.210       0.000      39.210 
                      p1        3    134.340       0.000     134.340 
                        ha0     1     47.565       0.000      47.565 
                        ha1     1     47.565       0.000      47.565 
                        fa0     1     39.210       0.000      39.210 
                    p1          9    394.666       0.000     394.666 
                      p0        3    134.340       0.000     134.340 
                        ha0     1     47.565       0.000      47.565 
                        ha1     1     47.565       0.000      47.565 
                        fa0     1     39.210       0.000      39.210 
                      p1        3    134.340       0.000     134.340 
                        ha0     1     47.565       0.000      47.565 
                        ha1     1     47.565       0.000      47.565 
                        fa0     1     39.210       0.000      39.210 
                p1             49   2113.463       0.000    2113.463 
                  p0           22    954.528       0.000     954.528 
                    p0          9    394.666       0.000     394.666 
                      p0        3    134.340       0.000     134.340 
                        ha0     1     47.565       0.000      47.565 
                        ha1     1     47.565       0.000      47.565 
                        fa0     1     39.210       0.000      39.210 
                      p1        3    134.340       0.000     134.340 
                        ha0     1     47.565       0.000      47.565 
                        ha1     1     47.565       0.000      47.565 
                        fa0     1     39.210       0.000      39.210 
                    p1          9    394.666       0.000     394.666 
                      p0        3    134.340       0.000     134.340 
                        ha0     1     47.565       0.000      47.565 
                        ha1     1     47.565       0.000      47.565 
                        fa0     1     39.210       0.000      39.210 
                      p1        3    134.340       0.000     134.340 
                        ha0     1     47.565       0.000      47.565 
                        ha1     1     47.565       0.000      47.565 
                        fa0     1     39.210       0.000      39.210 
                  p1           22    954.528       0.000     954.528 
                    p0          9    394.666       0.000     394.666 
                      p0        3    134.340       0.000     134.340 
                        ha0     1     47.565       0.000      47.565 
                        ha1     1     47.565       0.000      47.565 
                        fa0     1     39.210       0.000      39.210 
                      p1        3    134.340       0.000     134.340 
                        ha0     1     47.565       0.000      47.565 
                        ha1     1     47.565       0.000      47.565 
                        fa0     1     39.210       0.000      39.210 
                    p1          9    394.666       0.000     394.666 
                      p0        3    134.340       0.000     134.340 
                        ha0     1     47.565       0.000      47.565 
                        ha1     1     47.565       0.000      47.565 
                        fa0     1     39.210       0.000      39.210 
                      p1        3    134.340       0.000     134.340 
                        ha0     1     47.565       0.000      47.565 
                        ha1     1     47.565       0.000      47.565 
                        fa0     1     39.210       0.000      39.210 
              p1              104   4470.543       0.000    4470.543 
                p0             49   2113.463       0.000    2113.463 
                  p0           22    954.528       0.000     954.528 
                    p0          9    394.666       0.000     394.666 
                      p0        3    134.340       0.000     134.340 
                        ha0     1     47.565       0.000      47.565 
                        ha1     1     47.565       0.000      47.565 
                        fa0     1     39.210       0.000      39.210 
                      p1        3    134.340       0.000     134.340 
                        ha0     1     47.565       0.000      47.565 
                        ha1     1     47.565       0.000      47.565 
                        fa0     1     39.210       0.000      39.210 
                    p1          9    394.666       0.000     394.666 
                      p0        3    134.340       0.000     134.340 
                        ha0     1     47.565       0.000      47.565 
                        ha1     1     47.565       0.000      47.565 
                        fa0     1     39.210       0.000      39.210 
                      p1        3    134.340       0.000     134.340 
                        ha0     1     47.565       0.000      47.565 
                        ha1     1     47.565       0.000      47.565 
                        fa0     1     39.210       0.000      39.210 
                  p1           22    954.528       0.000     954.528 
                    p0          9    394.666       0.000     394.666 
                      p0        3    134.340       0.000     134.340 
                        ha0     1     47.565       0.000      47.565 
                        ha1     1     47.565       0.000      47.565 
                        fa0     1     39.210       0.000      39.210 
                      p1        3    134.340       0.000     134.340 
                        ha0     1     47.565       0.000      47.565 
                        ha1     1     47.565       0.000      47.565 
                        fa0     1     39.210       0.000      39.210 
                    p1          9    394.666       0.000     394.666 
                      p0        3    134.340       0.000     134.340 
                        ha0     1     47.565       0.000      47.565 
                        ha1     1     47.565       0.000      47.565 
                        fa0     1     39.210       0.000      39.210 
                      p1        3    134.340       0.000     134.340 
                        ha0     1     47.565       0.000      47.565 
                        ha1     1     47.565       0.000      47.565 
                        fa0     1     39.210       0.000      39.210 
                p1             49   2113.463       0.000    2113.463 
                  p0           22    954.528       0.000     954.528 
                    p0          9    394.666       0.000     394.666 
                      p0        3    134.340       0.000     134.340 
                        ha0     1     47.565       0.000      47.565 
                        ha1     1     47.565       0.000      47.565 
                        fa0     1     39.210       0.000      39.210 
                      p1        3    134.340       0.000     134.340 
                        ha0     1     47.565       0.000      47.565 
                        ha1     1     47.565       0.000      47.565 
                        fa0     1     39.210       0.000      39.210 
                    p1          9    394.666       0.000     394.666 
                      p0        3    134.340       0.000     134.340 
                        ha0     1     47.565       0.000      47.565 
                        ha1     1     47.565       0.000      47.565 
                        fa0     1     39.210       0.000      39.210 
                      p1        3    134.340       0.000     134.340 
                        ha0     1     47.565       0.000      47.565 
                        ha1     1     47.565       0.000      47.565 
                        fa0     1     39.210       0.000      39.210 
                  p1           22    954.528       0.000     954.528 
                    p0          9    394.666       0.000     394.666 
                      p0        3    134.340       0.000     134.340 
                        ha0     1     47.565       0.000      47.565 
                        ha1     1     47.565       0.000      47.565 
                        fa0     1     39.210       0.000      39.210 
                      p1        3    134.340       0.000     134.340 
                        ha0     1     47.565       0.000      47.565 
                        ha1     1     47.565       0.000      47.565 
                        fa0     1     39.210       0.000      39.210 
                    p1          9    394.666       0.000     394.666 
                      p0        3    134.340       0.000     134.340 
                        ha0     1     47.565       0.000      47.565 
                        ha1     1     47.565       0.000      47.565 
                        fa0     1     39.210       0.000      39.210 
                      p1        3    134.340       0.000     134.340 
                        ha0     1     47.565       0.000      47.565 
                        ha1     1     47.565       0.000      47.565 
                        fa0     1     39.210       0.000      39.210 
            p1                215   9223.914       0.000    9223.914 
              p0              104   4470.543       0.000    4470.543 
                p0             49   2113.463       0.000    2113.463 
                  p0           22    954.528       0.000     954.528 
                    p0          9    394.666       0.000     394.666 
                      p0        3    134.340       0.000     134.340 
                        ha0     1     47.565       0.000      47.565 
                        ha1     1     47.565       0.000      47.565 
                        fa0     1     39.210       0.000      39.210 
                      p1        3    134.340       0.000     134.340 
                        ha0     1     47.565       0.000      47.565 
                        ha1     1     47.565       0.000      47.565 
                        fa0     1     39.210       0.000      39.210 
                    p1          9    394.666       0.000     394.666 
                      p0        3    134.340       0.000     134.340 
                        ha0     1     47.565       0.000      47.565 
                        ha1     1     47.565       0.000      47.565 
                        fa0     1     39.210       0.000      39.210 
                      p1        3    134.340       0.000     134.340 
                        ha0     1     47.565       0.000      47.565 
                        ha1     1     47.565       0.000      47.565 
                        fa0     1     39.210       0.000      39.210 
                  p1           22    954.528       0.000     954.528 
                    p0          9    394.666       0.000     394.666 
                      p0        3    134.340       0.000     134.340 
                        ha0     1     47.565       0.000      47.565 
                        ha1     1     47.565       0.000      47.565 
                        fa0     1     39.210       0.000      39.210 
                      p1        3    134.340       0.000     134.340 
                        ha0     1     47.565       0.000      47.565 
                        ha1     1     47.565       0.000      47.565 
                        fa0     1     39.210       0.000      39.210 
                    p1          9    394.666       0.000     394.666 
                      p0        3    134.340       0.000     134.340 
                        ha0     1     47.565       0.000      47.565 
                        ha1     1     47.565       0.000      47.565 
                        fa0     1     39.210       0.000      39.210 
                      p1        3    134.340       0.000     134.340 
                        ha0     1     47.565       0.000      47.565 
                        ha1     1     47.565       0.000      47.565 
                        fa0     1     39.210       0.000      39.210 
                p1             49   2113.463       0.000    2113.463 
                  p0           22    954.528       0.000     954.528 
                    p0          9    394.666       0.000     394.666 
                      p0        3    134.340       0.000     134.340 
                        ha0     1     47.565       0.000      47.565 
                        ha1     1     47.565       0.000      47.565 
                        fa0     1     39.210       0.000      39.210 
                      p1        3    134.340       0.000     134.340 
                        ha0     1     47.565       0.000      47.565 
                        ha1     1     47.565       0.000      47.565 
                        fa0     1     39.210       0.000      39.210 
                    p1          9    394.666       0.000     394.666 
                      p0        3    134.340       0.000     134.340 
                        ha0     1     47.565       0.000      47.565 
                        ha1     1     47.565       0.000      47.565 
                        fa0     1     39.210       0.000      39.210 
                      p1        3    134.340       0.000     134.340 
                        ha0     1     47.565       0.000      47.565 
                        ha1     1     47.565       0.000      47.565 
                        fa0     1     39.210       0.000      39.210 
                  p1           22    954.528       0.000     954.528 
                    p0          9    394.666       0.000     394.666 
                      p0        3    134.340       0.000     134.340 
                        ha0     1     47.565       0.000      47.565 
                        ha1     1     47.565       0.000      47.565 
                        fa0     1     39.210       0.000      39.210 
                      p1        3    134.340       0.000     134.340 
                        ha0     1     47.565       0.000      47.565 
                        ha1     1     47.565       0.000      47.565 
                        fa0     1     39.210       0.000      39.210 
                    p1          9    394.666       0.000     394.666 
                      p0        3    134.340       0.000     134.340 
                        ha0     1     47.565       0.000      47.565 
                        ha1     1     47.565       0.000      47.565 
                        fa0     1     39.210       0.000      39.210 
                      p1        3    134.340       0.000     134.340 
                        ha0     1     47.565       0.000      47.565 
                        ha1     1     47.565       0.000      47.565 
                        fa0     1     39.210       0.000      39.210 
              p1              104   4470.543       0.000    4470.543 
                p0             49   2113.463       0.000    2113.463 
                  p0           22    954.528       0.000     954.528 
                    p0          9    394.666       0.000     394.666 
                      p0        3    134.340       0.000     134.340 
                        ha0     1     47.565       0.000      47.565 
                        ha1     1     47.565       0.000      47.565 
                        fa0     1     39.210       0.000      39.210 
                      p1        3    134.340       0.000     134.340 
                        ha0     1     47.565       0.000      47.565 
                        ha1     1     47.565       0.000      47.565 
                        fa0     1     39.210       0.000      39.210 
                    p1          9    394.666       0.000     394.666 
                      p0        3    134.340       0.000     134.340 
                        ha0     1     47.565       0.000      47.565 
                        ha1     1     47.565       0.000      47.565 
                        fa0     1     39.210       0.000      39.210 
                      p1        3    134.340       0.000     134.340 
                        ha0     1     47.565       0.000      47.565 
                        ha1     1     47.565       0.000      47.565 
                        fa0     1     39.210       0.000      39.210 
                  p1           22    954.528       0.000     954.528 
                    p0          9    394.666       0.000     394.666 
                      p0        3    134.340       0.000     134.340 
                        ha0     1     47.565       0.000      47.565 
                        ha1     1     47.565       0.000      47.565 
                        fa0     1     39.210       0.000      39.210 
                      p1        3    134.340       0.000     134.340 
                        ha0     1     47.565       0.000      47.565 
                        ha1     1     47.565       0.000      47.565 
                        fa0     1     39.210       0.000      39.210 
                    p1          9    394.666       0.000     394.666 
                      p0        3    134.340       0.000     134.340 
                        ha0     1     47.565       0.000      47.565 
                        ha1     1     47.565       0.000      47.565 
                        fa0     1     39.210       0.000      39.210 
                      p1        3    134.340       0.000     134.340 
                        ha0     1     47.565       0.000      47.565 
                        ha1     1     47.565       0.000      47.565 
                        fa0     1     39.210       0.000      39.210 
                p1             49   2113.463       0.000    2113.463 
                  p0           22    954.528       0.000     954.528 
                    p0          9    394.666       0.000     394.666 
                      p0        3    134.340       0.000     134.340 
                        ha0     1     47.565       0.000      47.565 
                        ha1     1     47.565       0.000      47.565 
                        fa0     1     39.210       0.000      39.210 
                      p1        3    134.340       0.000     134.340 
                        ha0     1     47.565       0.000      47.565 
                        ha1     1     47.565       0.000      47.565 
                        fa0     1     39.210       0.000      39.210 
                    p1          9    394.666       0.000     394.666 
                      p0        3    134.340       0.000     134.340 
                        ha0     1     47.565       0.000      47.565 
                        ha1     1     47.565       0.000      47.565 
                        fa0     1     39.210       0.000      39.210 
                      p1        3    134.340       0.000     134.340 
                        ha0     1     47.565       0.000      47.565 
                        ha1     1     47.565       0.000      47.565 
                        fa0     1     39.210       0.000      39.210 
                  p1           22    954.528       0.000     954.528 
                    p0          9    394.666       0.000     394.666 
                      p0        3    134.340       0.000     134.340 
                        ha0     1     47.565       0.000      47.565 
                        ha1     1     47.565       0.000      47.565 
                        fa0     1     39.210       0.000      39.210 
                      p1        3    134.340       0.000     134.340 
                        ha0     1     47.565       0.000      47.565 
                        ha1     1     47.565       0.000      47.565 
                        fa0     1     39.210       0.000      39.210 
                    p1          9    394.666       0.000     394.666 
                      p0        3    134.340       0.000     134.340 
                        ha0     1     47.565       0.000      47.565 
                        ha1     1     47.565       0.000      47.565 
                        fa0     1     39.210       0.000      39.210 
                      p1        3    134.340       0.000     134.340 
                        ha0     1     47.565       0.000      47.565 
                        ha1     1     47.565       0.000      47.565 
                        fa0     1     39.210       0.000      39.210 
      ctr                     329   7757.802  320730.741  328488.544 
        add_55_25             204   3147.646   43740.516   46888.162 
    cas                       548   5414.604  481846.994  487261.598 
      genblk1.cas8             88    837.202   71725.141   72562.343 
      genblk1.cas5             70    662.664   50869.504   51532.168 
      genblk1.cas6             70    662.664   60551.706   61214.370 
      genblk1.cas7             70    662.664   71880.743   72543.407 
      genblk1.cas0             50    517.882   38369.906   38887.788 
      genblk1.cas1             50    517.882   36107.238   36625.120 
      genblk1.cas2             50    517.882   41948.304   42466.186 
      genblk1.cas3             50    517.882   51820.258   52338.140 
      genblk1.cas4             50    517.882   58574.195   59092.077 
    genblk1[4].genblk1.sng     54   1174.049   54786.119   55960.168 
      ctr                      24    930.125   50750.025   51680.150 
    genblk1[2].genblk1.sng     51   1161.656   67155.023   68316.679 
      ctr                      23    910.372   62977.086   63887.457 
    genblk1[3].genblk1.sng     51   1161.656   65958.406   67120.063 
      ctr                      23    910.372   61929.575   62839.947 
    genblk1[1].genblk1.sng     50   1108.803   67506.115   68614.918 
      ctr                      23    910.372   62992.349   63902.720 
    genblk1[0].genblk1.sng     48   1095.459   66097.039   67192.498 
      ctr                      22    892.833   61538.416   62431.248 

