============================================================
  Generated by:           Encounter(R) RTL Compiler v14.10-s022_1
  Generated on:           Jul 25 2021  01:35:36 pm
  Module:                 ms_es_ordered_bs_by2_mul_synth
  Technology library:     gscl45nm 
  Operating conditions:   typical (balanced_tree)
  Wireload mode:          enclosed
  Area mode:              timing library
============================================================

           Pin                 Type       Fanout Load Slew Delay Arrival   
                                                 (fF) (ps)  (ps)   (ps)    
---------------------------------------------------------------------------
(clock clk_int1)             launch                                    0 R 
TOP
  genblk1[1].genblk4.genblk1.sng
    ctr
      countval_reg[2]/CLK                                0             0 R 
      countval_reg[2]/Q      DFFSR             1  1.5   10  +115     115 F 
      drc_bufs371/A                                           +0     115   
      drc_bufs371/Y          BUFX2             6 14.3   19   +45     160 F 
    ctr/countval[2] 
    genblk2[1].max_comparator/counter_in[2] 
      g1744/A                                                 +0     160   
      g1744/Y                INVX1             6 15.8   47   +48     208 R 
      g1729/B                                                 +0     208   
      g1729/Y                NOR2X1            1  1.5    1   +20     229 F 
      drc_bufs1767/A                                          +0     229   
      drc_bufs1767/Y         BUFX2             1  2.7    0   +32     260 F 
      g1693/B                                                 +0     260   
      g1693/Y                AOI22X1           1  1.5   43   +34     294 R 
      drc_bufs1766/A                                          +0     294   
      drc_bufs1766/Y         BUFX2             1  2.8   12   +36     331 R 
      g1672/B                                                 +0     331   
      g1672/Y                AOI22X1           1  1.5   34   +26     357 F 
      drc_bufs1782/A                                          +0     357   
      drc_bufs1782/Y         BUFX2             1  2.3    7   +38     394 F 
      g1666/C                                                 +0     394   
      g1666/Y                AOI21X1           1  1.5   23   +15     410 R 
      drc_bufs1783/A                                          +0     410   
      drc_bufs1783/Y         BUFX2             1  2.4    8   +34     444 R 
      g1665/C                                                 +0     444   
      g1665/Y                AOI21X1           1  1.5   15    +9     453 F 
      drc_bufs1768/A                                          +0     453   
      drc_bufs1768/Y         BUFX2             1  2.6    3   +34     487 F 
      g1659/B                                                 +0     487   
      g1659/Y                OAI21X1           1  2.3   44   +38     526 R 
      g1658/A                                                 +0     526   
      g1658/Y                AND2X1            2 16.0   95   +73     599 R 
      g2/A                                                    +0     599   
      g2/YC                  FAX1              1  1.6   16   +59     658 R 
      g3/A                                                    +0     658   
      g3/Y                   INVX1             1  1.9   10   +17     675 F 
      g1655/C                                                 +0     675   
      g1655/Y                OAI21X1           2  4.6   54   +26     701 R 
    genblk2[1].max_comparator/sn_out 
  genblk1[1].genblk4.genblk1.sng/sn_out[1] 
  g206/B                                                      +0     701   
  g206/Y                     AND2X1            4  9.2   62   +61     762 R 
  g199/A                                                      +0     762   
  g199/Y                     AND2X1            1 12.7   78   +63     825 R 
  genblk2.stoch2bin/data_in[15] 
    par_ctr/a[15] 
      p0/a[7] 
        p0/a[3] 
          fa0/cin 
            g2/A                                              +0     825   
            g2/YS            FAX1              1  3.4   12   +94     918 F 
          fa0/s 
          ha0/b 
            g17/B                                             +0     918   
            g17/YC           HAX1              1  3.4   20   +48     967 F 
          ha0/cout 
          ha1/a 
            g17/B                                             +0     967   
            g17/YS           HAX1              1 10.9   38   +73    1040 F 
          ha1/s 
        p0/y[1] 
        g167/A                                                +0    1040   
        g167/YC              FAX1              1  7.1   29   +91    1131 F 
        g166/C                                                +0    1131   
        g166/YS              FAX1              1 12.7   67  +103    1234 R 
      p0/y[2] 
      g234/A                                                  +0    1234   
      g234/YS                FAX1              2 11.1   34  +108    1342 F 
    par_ctr/y[2] 
    ctr/data_in[2] 
      add_55_25/B[2] 
        g775/B                                                +0    1342   
        g775/YC              FAX1              1  7.1   29   +88    1430 F 
        g774/C                                                +0    1430   
        g774/YC              FAX1              1  7.1   29   +82    1512 F 
        g773/C                                                +0    1512   
        g773/YC              FAX1              1  7.1   29   +82    1593 F 
        g772/C                                                +0    1593   
        g772/YC              FAX1              1  7.1   26   +82    1675 F 
        g771/C                                                +0    1675   
        g771/YC              FAX1              1  7.1   27   +81    1756 F 
        g770/C                                                +0    1756   
        g770/YC              FAX1              1  7.1   27   +81    1837 F 
        g769/C                                                +0    1837   
        g769/YC              FAX1              1  7.1   27   +81    1918 F 
        g768/C                                                +0    1918   
        g768/YC              FAX1              1  7.1   27   +81    2000 F 
        g767/C                                                +0    2000   
        g767/YC              FAX1              1  7.1   27   +81    2081 F 
        g766/C                                                +0    2081   
        g766/YC              FAX1              1  7.1   27   +81    2162 F 
        g765/C                                                +0    2162   
        g765/YC              FAX1              1  7.1   27   +81    2243 F 
        g764/C                                                +0    2243   
        g764/YC              FAX1              1  7.1   27   +81    2324 F 
        g763/C                                                +0    2324   
        g763/YC              FAX1              1  7.1   27   +81    2406 F 
        g762/C                                                +0    2406   
        g762/YC              FAX1              1  7.1   27   +81    2487 F 
        g761/C                                                +0    2487   
        g761/YC              FAX1              1  7.1   27   +81    2568 F 
        g760/C                                                +0    2568   
        g760/YC              FAX1              1  7.1   27   +81    2649 F 
        g759/C                                                +0    2649   
        g759/YC              FAX1              1  7.1   27   +81    2730 F 
        g758/C                                                +0    2730   
        g758/YC              FAX1              1  7.1   27   +81    2812 F 
        g757/C                                                +0    2812   
        g757/YC              FAX1              1  7.1   27   +81    2893 F 
        g756/C                                                +0    2893   
        g756/YC              FAX1              1  7.1   27   +81    2974 F 
        g755/C                                                +0    2974   
        g755/YC              FAX1              1  7.1   27   +81    3055 F 
        g754/C                                                +0    3055   
        g754/YC              FAX1              1  7.1   27   +81    3136 F 
        g753/C                                                +0    3136   
        g753/YC              FAX1              1  7.1   27   +81    3218 F 
        g752/C                                                +0    3218   
        g752/YC              FAX1              1  7.1   27   +81    3299 F 
        g751/C                                                +0    3299   
        g751/YC              FAX1              1  7.1   27   +81    3380 F 
        g750/C                                                +0    3380   
        g750/YC              FAX1              1  7.1   27   +81    3461 F 
        g749/C                                                +0    3461   
        g749/YC              FAX1              1  7.1   27   +81    3542 F 
        g748/C                                                +0    3542   
        g748/YC              FAX1              1  7.1   27   +81    3624 F 
        g747/C                                                +0    3624   
        g747/YC              FAX1              1 10.9   37   +89    3712 F 
        g2/A                                                  +0    3712   
        g2/YS                FAX1              1  2.8   21   +84    3796 R 
      add_55_25/Z[31] 
      g111/A                                                  +0    3796   
      g111/Y                 MUX2X1            1  1.5   37   +23    3819 F 
      g110/A                                                  +0    3819   
      g110/Y                 INVX1             1  2.0    0   +10    3829 R 
      countval_reg[31]/D     DFFSR                            +0    3829   
      countval_reg[31]/CLK   setup                       0   +70    3899 R 
- - - - - - - - - - - - - - - - - - - - - - - - - - - - - - - - - - - - - -
(clock clk)                  capture                                5000 R 
                             uncertainty                     -50    4950 R 
---------------------------------------------------------------------------
Cost Group   : 'clk' (path_group 'clk')
Timing slack :    1051ps 
Start-point  : TOP/genblk1[1].genblk4.genblk1.sng/ctr/countval_reg[2]/CLK
End-point    : TOP/genblk2.stoch2bin/ctr/countval_reg[31]/D
