============================================================
  Generated by:           Encounter(R) RTL Compiler v14.10-s022_1
  Generated on:           Jul 25 2021  02:03:22 pm
  Module:                 ms_es_ordered_cas_by4_mul_synth
  Technology library:     gscl45nm 
  Operating conditions:   typical (balanced_tree)
  Wireload mode:          enclosed
  Area mode:              timing library
============================================================

            Instance             Cells  Cell Area  Net Area  Total Area  Wireload     
--------------------------------------------------------------------------------------
ms_es_ordered_cas_by4_mul_synth    644       2370         0        2370    <none> (D) 
  TOP                              644       2370         0        2370    <none> (D) 
    genblk2.stoch2bin              202       1224         0        1224    <none> (D) 
      par_ctr                      104        729         0         729    <none> (D) 
        p1                          49        340         0         340    <none> (D) 
          p1                        22        150         0         150    <none> (D) 
            p1                       9         59         0          59    <none> (D) 
              p1                     3         18         0          18    <none> (D) 
                fa0                  1          9         0           9    <none> (D) 
                ha1                  1          5         0           5    <none> (D) 
                ha0                  1          5         0           5    <none> (D) 
              p0                     3         18         0          18    <none> (D) 
                fa0                  1          9         0           9    <none> (D) 
                ha1                  1          5         0           5    <none> (D) 
                ha0                  1          5         0           5    <none> (D) 
            p0                       9         59         0          59    <none> (D) 
              p1                     3         18         0          18    <none> (D) 
                fa0                  1          9         0           9    <none> (D) 
                ha1                  1          5         0           5    <none> (D) 
                ha0                  1          5         0           5    <none> (D) 
              p0                     3         18         0          18    <none> (D) 
                fa0                  1          9         0           9    <none> (D) 
                ha1                  1          5         0           5    <none> (D) 
                ha0                  1          5         0           5    <none> (D) 
          p0                        22        150         0         150    <none> (D) 
            p1                       9         59         0          59    <none> (D) 
              p1                     3         18         0          18    <none> (D) 
                fa0                  1          9         0           9    <none> (D) 
                ha1                  1          5         0           5    <none> (D) 
                ha0                  1          5         0           5    <none> (D) 
              p0                     3         18         0          18    <none> (D) 
                fa0                  1          9         0           9    <none> (D) 
                ha1                  1          5         0           5    <none> (D) 
                ha0                  1          5         0           5    <none> (D) 
            p0                       9         59         0          59    <none> (D) 
              p1                     3         18         0          18    <none> (D) 
                fa0                  1          9         0           9    <none> (D) 
                ha1                  1          5         0           5    <none> (D) 
                ha0                  1          5         0           5    <none> (D) 
              p0                     3         18         0          18    <none> (D) 
                fa0                  1          9         0           9    <none> (D) 
                ha1                  1          5         0           5    <none> (D) 
                ha0                  1          5         0           5    <none> (D) 
        p0                          49        340         0         340    <none> (D) 
          p1                        22        150         0         150    <none> (D) 
            p1                       9         59         0          59    <none> (D) 
              p1                     3         18         0          18    <none> (D) 
                fa0                  1          9         0           9    <none> (D) 
                ha1                  1          5         0           5    <none> (D) 
                ha0                  1          5         0           5    <none> (D) 
              p0                     3         18         0          18    <none> (D) 
                fa0                  1          9         0           9    <none> (D) 
                ha1                  1          5         0           5    <none> (D) 
                ha0                  1          5         0           5    <none> (D) 
            p0                       9         59         0          59    <none> (D) 
              p1                     3         18         0          18    <none> (D) 
                fa0                  1          9         0           9    <none> (D) 
                ha1                  1          5         0           5    <none> (D) 
                ha0                  1          5         0           5    <none> (D) 
              p0                     3         18         0          18    <none> (D) 
                fa0                  1          9         0           9    <none> (D) 
                ha1                  1          5         0           5    <none> (D) 
                ha0                  1          5         0           5    <none> (D) 
          p0                        22        150         0         150    <none> (D) 
            p1                       9         59         0          59    <none> (D) 
              p1                     3         18         0          18    <none> (D) 
                fa0                  1          9         0           9    <none> (D) 
                ha1                  1          5         0           5    <none> (D) 
                ha0                  1          5         0           5    <none> (D) 
              p0                     3         18         0          18    <none> (D) 
                fa0                  1          9         0           9    <none> (D) 
                ha1                  1          5         0           5    <none> (D) 
                ha0                  1          5         0           5    <none> (D) 
            p0                       9         59         0          59    <none> (D) 
              p1                     3         18         0          18    <none> (D) 
                fa0                  1          9         0           9    <none> (D) 
                ha1                  1          5         0           5    <none> (D) 
                ha0                  1          5         0           5    <none> (D) 
              p0                     3         18         0          18    <none> (D) 
                fa0                  1          9         0           9    <none> (D) 
                ha1                  1          5         0           5    <none> (D) 
                ha0                  1          5         0           5    <none> (D) 
      ctr                           91        479         0         479    <none> (D) 
        add_55_25                   18        156         0         156    <none> (D) 
    cas                            208        460         0         460    <none> (D) 
      genblk1.cas_abmax_abminc      88        184         0         184    <none> (D) 
      genblk1.cas_abmin_c           70        153         0         153    <none> (D) 
      genblk1.cas_a_b               50        122         0         122    <none> (D) 
    genblk1[1].genblk1.sng          51        165         0         165    <none> (D) 
      ctr                           23        104         0         104    <none> (D) 
    genblk1[2].genblk1.sng          50        163         0         163    <none> (D) 
      ctr                           24        106         0         106    <none> (D) 
    genblk1[0].genblk1.sng          50        163         0         163    <none> (D) 
      ctr                           22        102         0         102    <none> (D) 

 (D) = wireload is default in technology library
