============================================================
  Generated by:           Encounter(R) RTL Compiler v14.10-s022_1
  Generated on:           Jul 25 2021  01:16:24 pm
  Module:                 ms_es_naive_by2_mul_synth
  Technology library:     gscl45nm 
  Operating conditions:   typical (balanced_tree)
  Wireload mode:          enclosed
  Area mode:              timing library
============================================================

                                  Leakage    Dynamic     Total   
         Instance          Cells Power(nW)  Power(nW)  Power(nW) 
-----------------------------------------------------------------
ms_es_naive_by2_mul_synth    346  9393.753 535567.396 544961.149 
  TOP                        346  9393.753 517153.692 526547.445 
    genblk2.stoch2bin        106  3938.241 219948.764 223887.004 
      ctr                    101  3767.475 207727.707 211495.181 
        add_55_25             20   792.562  15825.519  16618.081 
      par_ctr                  3   134.340   4979.730   5114.070 
        ha0                    1    47.565    910.170    957.735 
        ha1                    1    47.565   1546.333   1593.897 
        fa0                    1    39.210   2523.227   2562.438 
    genblk1[1].genblk1.sng   118  2711.755 138221.166 140932.921 
      ctr                     49  1911.243  99886.763 101798.006 
    genblk1[0].genblk1.sng   116  2674.462 153636.572 156311.034 
      ctr                     47  1873.950 114062.079 115936.029 

