============================================================
  Generated by:           Encounter(R) RTL Compiler v14.10-s022_1
  Generated on:           Jul 25 2021  01:28:23 pm
  Module:                 ms_es_ordered_cas_by2_mul_synth
  Technology library:     gscl45nm 
  Operating conditions:   typical (balanced_tree)
  Wireload mode:          enclosed
  Area mode:              timing library
============================================================

            Instance             Cells  Cell Area  Net Area  Total Area  Wireload     
--------------------------------------------------------------------------------------
ms_es_ordered_cas_by2_mul_synth    928       2977         0        2977    <none> (D) 
  TOP                              928       2977         0        2977    <none> (D) 
    genblk2.stoch2bin              186       1047         0        1047    <none> (D) 
      ctr                          131        693         0         693    <none> (D) 
        add_55_25                   26        228         0         228    <none> (D) 
      par_ctr                       49        340         0         340    <none> (D) 
        p1                          22        150         0         150    <none> (D) 
          p1                         9         59         0          59    <none> (D) 
            p1                       3         18         0          18    <none> (D) 
              fa0                    1          9         0           9    <none> (D) 
              ha1                    1          5         0           5    <none> (D) 
              ha0                    1          5         0           5    <none> (D) 
            p0                       3         18         0          18    <none> (D) 
              fa0                    1          9         0           9    <none> (D) 
              ha1                    1          5         0           5    <none> (D) 
              ha0                    1          5         0           5    <none> (D) 
          p0                         9         59         0          59    <none> (D) 
            p1                       3         18         0          18    <none> (D) 
              fa0                    1          9         0           9    <none> (D) 
              ha1                    1          5         0           5    <none> (D) 
              ha0                    1          5         0           5    <none> (D) 
            p0                       3         18         0          18    <none> (D) 
              fa0                    1          9         0           9    <none> (D) 
              ha1                    1          5         0           5    <none> (D) 
              ha0                    1          5         0           5    <none> (D) 
        p0                          22        150         0         150    <none> (D) 
          p1                         9         59         0          59    <none> (D) 
            p1                       3         18         0          18    <none> (D) 
              fa0                    1          9         0           9    <none> (D) 
              ha1                    1          5         0           5    <none> (D) 
              ha0                    1          5         0           5    <none> (D) 
            p0                       3         18         0          18    <none> (D) 
              fa0                    1          9         0           9    <none> (D) 
              ha1                    1          5         0           5    <none> (D) 
              ha0                    1          5         0           5    <none> (D) 
          p0                         9         59         0          59    <none> (D) 
            p1                       3         18         0          18    <none> (D) 
              fa0                    1          9         0           9    <none> (D) 
              ha1                    1          5         0           5    <none> (D) 
              ha0                    1          5         0           5    <none> (D) 
            p0                       3         18         0          18    <none> (D) 
              fa0                    1          9         0           9    <none> (D) 
              ha1                    1          5         0           5    <none> (D) 
              ha0                    1          5         0           5    <none> (D) 
    cas                            452       1025         0        1025    <none> (D) 
      genblk1.cas8                  73        153         0         153    <none> (D) 
      genblk1.cas7                  58        127         0         127    <none> (D) 
      genblk1.cas6                  58        127         0         127    <none> (D) 
      genblk1.cas5                  58        127         0         127    <none> (D) 
      genblk1.cas4                  41         98         0          98    <none> (D) 
      genblk1.cas3                  41         98         0          98    <none> (D) 
      genblk1.cas2                  41         98         0          98    <none> (D) 
      genblk1.cas1                  41         98         0          98    <none> (D) 
      genblk1.cas0                  41         98         0          98    <none> (D) 
    genblk1[4].genblk1.sng          48        157         0         157    <none> (D) 
      ctr                           24        106         0         106    <none> (D) 
    genblk1[3].genblk1.sng          46        153         0         153    <none> (D) 
      ctr                           23        104         0         104    <none> (D) 
    genblk1[2].genblk1.sng          45        152         0         152    <none> (D) 
      ctr                           23        104         0         104    <none> (D) 
    genblk1[1].genblk1.sng          45        152         0         152    <none> (D) 
      ctr                           23        104         0         104    <none> (D) 
    genblk1[0].genblk1.sng          44        150         0         150    <none> (D) 
      ctr                           22        102         0         102    <none> (D) 

 (D) = wireload is default in technology library
