============================================================
  Generated by:           Encounter(R) RTL Compiler v14.10-s022_1
  Generated on:           Jul 25 2021  02:24:25 pm
  Module:                 ms_es_ordered_bs_by4_mul_synth
  Technology library:     gscl45nm 
  Operating conditions:   typical (balanced_tree)
  Wireload mode:          enclosed
  Area mode:              timing library
============================================================

                                       Leakage    Dynamic     Total   
            Instance            Cells Power(nW)  Power(nW)  Power(nW) 
----------------------------------------------------------------------
ms_es_orde..by4_mul_synth        1163 35871.860 658824.403 694696.263 
  TOP                            1163 35871.860 636876.667 672748.527 
    genblk2.stoch2bin             661 28556.827 400951.598 429508.425 
      par_ctr                     595 26362.872 249276.486 275639.357 
        p1                        393 17423.122 164413.346 181836.468 
          p0                      192  8530.937  78516.878  87047.815 
            p1                    125  5561.306  54613.105  60174.410 
              p0                   59  2639.239  24312.255  26951.494 
                p1                 37  1659.647  17640.460  19300.107 
                  p0               16   727.620   6493.938   7221.559 
                    p1              9   411.375   4316.056   4727.432 
                      p0            3   142.695    859.442   1002.137 
                        fa0         1    47.565    130.554    178.119 
                        ha0         1    47.565    537.686    585.250 
                        ha1         1    47.565    191.202    238.767 
                      p1            3   142.695   1083.353   1226.047 
                        fa0         1    47.565    131.197    178.762 
                        ha0         1    47.565    802.284    849.849 
                        ha1         1    47.565    149.872    197.437 
                    p0              3   142.695    374.730    517.425 
                      p1            3   142.695    374.730    517.425 
                        fa0         1    47.565     97.156    144.721 
                        ha0         1    47.565    144.990    192.555 
                        ha1         1    47.565    132.584    180.149 
                  p1               16   727.620   6734.614   7462.234 
                    p1              9   411.375   4528.688   4940.063 
                      p0            3   142.695    859.442   1002.137 
                        fa0         1    47.565    130.554    178.119 
                        ha0         1    47.565    537.686    585.250 
                        ha1         1    47.565    191.202    238.767 
                      p1            3   142.695   1192.546   1335.240 
                        fa0         1    47.565    130.502    178.066 
                        ha0         1    47.565    912.172    959.737 
                        ha1         1    47.565    149.872    197.437 
                    p0              3   142.695    374.753    517.448 
                      p1            3   142.695    374.753    517.448 
                        fa0         1    47.565     97.179    144.744 
                        ha0         1    47.565    144.990    192.555 
                        ha1         1    47.565    132.584    180.149 
                p0                 16   727.620   3158.363   3885.984 
                  p1               16   727.620   3158.363   3885.984 
                    p1              9   411.375   1960.663   2372.038 
                      p0            3   142.695    511.547    654.242 
                        fa0         1    47.565    113.649    161.214 
                        ha0         1    47.565    236.001    283.566 
                        ha1         1    47.565    161.897    209.462 
                      p1            3   142.695    522.069    664.763 
                        fa0         1    47.565    113.605    161.170 
                        ha0         1    47.565    281.544    329.109 
                        ha1         1    47.565    126.919    174.484 
                    p0              3   142.695    374.576    517.271 
                      p1            3   142.695    374.576    517.271 
                        fa0         1    47.565     97.003    144.568 
                        ha0         1    47.565    144.990    192.555 
                        ha1         1    47.565    132.584    180.149 
              p1                   59  2639.239  24116.101  26755.340 
                p1                 37  1659.647  17665.674  19325.321 
                  p0               16   727.620   6493.234   7220.854 
                    p1              9   411.375   4315.361   4726.737 
                      p0            3   142.695    859.442   1002.137 
                        fa0         1    47.565    130.554    178.119 
                        ha0         1    47.565    537.686    585.250 
                        ha1         1    47.565    191.202    238.767 
                      p1            3   142.695   1082.658   1225.352 
                        fa0         1    47.565    130.502    178.066 
                        ha0         1    47.565    802.284    849.849 
                        ha1         1    47.565    149.872    197.437 
                    p0              3   142.695    374.721    517.415 
                      p1            3   142.695    374.721    517.415 
                        fa0         1    47.565     97.147    144.712 
                        ha0         1    47.565    144.990    192.555 
                        ha1         1    47.565    132.584    180.149 
                  p1               16   727.620   6752.028   7479.649 
                    p1              9   411.375   4537.211   4948.586 
                      p0            3   142.695    859.442   1002.137 
                        fa0         1    47.565    130.554    178.119 
                        ha0         1    47.565    537.686    585.250 
                        ha1         1    47.565    191.202    238.767 
                      p1            3   142.695   1192.542   1335.236 
                        fa0         1    47.565    130.502    178.066 
                        ha0         1    47.565    912.168    959.733 
                        ha1         1    47.565    149.872    197.437 
                    p0              3   142.695    374.730    517.425 
                      p1            3   142.695    374.730    517.425 
                        fa0         1    47.565     97.156    144.721 
                        ha0         1    47.565    144.990    192.555 
                        ha1         1    47.565    132.584    180.149 
                p0                 16   727.620   3158.334   3885.954 
                  p1               16   727.620   3158.334   3885.954 
                    p1              9   411.375   1960.663   2372.038 
                      p0            3   142.695    511.547    654.242 
                        fa0         1    47.565    113.649    161.214 
                        ha0         1    47.565    236.001    283.566 
                        ha1         1    47.565    161.897    209.462 
                      p1            3   142.695    522.069    664.763 
                        fa0         1    47.565    113.605    161.170 
                        ha0         1    47.565    281.544    329.109 
                        ha1         1    47.565    126.919    174.484 
                    p0              3   142.695    374.547    517.242 
                      p1            3   142.695    374.547    517.242 
                        fa0         1    47.565     96.974    144.539 
                        ha0         1    47.565    144.990    192.555 
                        ha1         1    47.565    132.584    180.149 
            p0                     59  2639.239  18415.766  21055.005 
              p1                   59  2639.239  18415.766  21055.005 
                p1                 37  1659.647  12634.756  14294.403 
                  p0               16   727.620   4879.949   5607.569 
                    p1              9   411.375   3203.167   3614.542 
                      p0            3   142.695    736.733    879.428 
                        fa0         1    47.565    139.007    186.572 
                        ha0         1    47.565    391.873    439.438 
                        ha1         1    47.565    205.853    253.418 
                      p1            3   142.695    818.868    961.563 
                        fa0         1    47.565    138.949    186.514 
                        ha0         1    47.565    518.572    566.137 
                        ha1         1    47.565    161.347    208.912 
                    p0              3   142.695    374.565    517.259 
                      p1            3   142.695    374.565    517.259 
                        fa0         1    47.565     96.991    144.556 
                        ha0         1    47.565    144.990    192.555 
                        ha1         1    47.565    132.584    180.149 
                  p1               16   727.620   4892.272   5619.892 
                    p1              9   411.375   3256.423   3667.798 
                      p0            3   142.695    736.733    879.428 
                        fa0         1    47.565    139.007    186.572 
                        ha0         1    47.565    391.873    439.438 
                        ha1         1    47.565    205.853    253.418 
                      p1            3   142.695    846.306    989.001 
                        fa0         1    47.565    138.949    186.514 
                        ha0         1    47.565    546.010    593.575 
                        ha1         1    47.565    161.347    208.912 
                    p0              3   142.695    374.530    517.224 
                      p1            3   142.695    374.530    517.224 
                        fa0         1    47.565     96.956    144.521 
                        ha0         1    47.565    144.990    192.555 
                        ha1         1    47.565    132.584    180.149 
                p0                 16   727.620   3158.317   3885.937 
                  p1               16   727.620   3158.317   3885.937 
                    p1              9   411.375   1960.663   2372.038 
                      p0            3   142.695    511.547    654.242 
                        fa0         1    47.565    113.649    161.214 
                        ha0         1    47.565    236.001    283.566 
                        ha1         1    47.565    161.897    209.462 
                      p1            3   142.695    522.069    664.763 
                        fa0         1    47.565    113.605    161.170 
                        ha0         1    47.565    281.544    329.109 
                        ha1         1    47.565    126.919    174.484 
                    p0              3   142.695    374.530    517.224 
                      p1            3   142.695    374.530    517.224 
                        fa0         1    47.565     96.956    144.521 
                        ha0         1    47.565    144.990    192.555 
                        ha1         1    47.565    132.584    180.149 
          p1                      192  8530.937  78125.270  86656.207 
            p1                    125  5561.306  54576.891  60138.196 
              p0                   59  2639.239  24293.832  26933.071 
                p1                 37  1659.647  17626.189  19285.836 
                  p0               16   727.620   6486.606   7214.226 
                    p1              9   411.375   4310.177   4721.552 
                      p0            3   142.695    857.145    999.839 
                        fa0         1    47.565    129.206    176.771 
                        ha0         1    47.565    536.726    584.291 
                        ha1         1    47.565    191.213    238.778 
                      p1            3   142.695   1079.843   1222.538 
                        fa0         1    47.565    129.206    176.771 
                        ha0         1    47.565    800.755    848.320 
                        ha1         1    47.565    149.883    197.447 
                    p0              3   142.695    373.283    515.978 
                      p1            3   142.695    373.283    515.978 
                        fa0         1    47.565     95.824    143.388 
                        ha0         1    47.565    144.869    192.434 
                        ha1         1    47.565    132.591    180.156 
                  p1               16   727.620   6727.675   7455.295 
                    p1              9   411.375   4523.224   4934.599 
                      p0            3   142.695    857.145    999.839 
                        fa0         1    47.565    129.206    176.771 
                        ha0         1    47.565    536.726    584.291 
                        ha1         1    47.565    191.213    238.778 
                      p1            3   142.695   1189.461   1332.156 
                        fa0         1    47.565    129.206    176.771 
                        ha0         1    47.565    910.373    957.938 
                        ha1         1    47.565    149.883    197.447 
                    p0              3   142.695    373.283    515.978 
                      p1            3   142.695    373.283    515.978 
                        fa0         1    47.565     95.824    143.388 
                        ha0         1    47.565    144.869    192.434 
                        ha1         1    47.565    132.591    180.156 
                p0                 16   727.620   3154.211   3881.831 
                  p1               16   727.620   3154.211   3881.831 
                    p1              9   411.375   1957.794   2369.169 
                      p0            3   142.695    510.137    652.832 
                        fa0         1    47.565    112.541    160.105 
                        ha0         1    47.565    235.691    283.256 
                        ha1         1    47.565    161.906    209.471 
                      p1            3   142.695    520.626    663.321 
                        fa0         1    47.565    112.541    160.105 
                        ha0         1    47.565    281.158    328.723 
                        ha1         1    47.565    126.928    174.493 
                    p0              3   142.695    373.297    515.992 
                      p1            3   142.695    373.297    515.992 
                        fa0         1    47.565     95.838    143.402 
                        ha0         1    47.565    144.869    192.434 
                        ha1         1    47.565    132.591    180.156 
              p1                   59  2639.239  24098.311  26737.550 
                p1                 37  1659.647  17652.007  19311.654 
                  p0               16   727.620   6486.481   7214.102 
                    p1              9   411.375   4310.084   4721.459 
                      p0            3   142.695    857.099    999.793 
                        fa0         1    47.565    129.160    176.724 
                        ha0         1    47.565    536.726    584.291 
                        ha1         1    47.565    191.213    238.778 
                      p1            3   142.695   1079.797   1222.492 
                        fa0         1    47.565    129.160    176.724 
                        ha0         1    47.565    800.755    848.320 
                        ha1         1    47.565    149.883    197.447 
                    p0              3   142.695    373.251    515.945 
                      p1            3   142.695    373.251    515.945 
                        fa0         1    47.565     95.791    143.356 
                        ha0         1    47.565    144.869    192.434 
                        ha1         1    47.565    132.591    180.156 
                  p1               16   727.620   6745.114   7472.734 
                    p1              9   411.375   4531.749   4943.124 
                      p0            3   142.695    857.145    999.839 
                        fa0         1    47.565    129.206    176.771 
                        ha0         1    47.565    536.726    584.291 
                        ha1         1    47.565    191.213    238.778 
                      p1            3   142.695   1189.460   1332.154 
                        fa0         1    47.565    129.206    176.771 
                        ha0         1    47.565    910.371    957.936 
                        ha1         1    47.565    149.883    197.447 
                    p0              3   142.695    373.283    515.978 
                      p1            3   142.695    373.283    515.978 
                        fa0         1    47.565     95.824    143.388 
                        ha0         1    47.565    144.869    192.434 
                        ha1         1    47.565    132.591    180.156 
                p0                 16   727.620   3154.211   3881.831 
                  p1               16   727.620   3154.211   3881.831 
                    p1              9   411.375   1957.794   2369.169 
                      p0            3   142.695    510.137    652.832 
                        fa0         1    47.565    112.541    160.105 
                        ha0         1    47.565    235.691    283.256 
                        ha1         1    47.565    161.906    209.471 
                      p1            3   142.695    520.626    663.321 
                        fa0         1    47.565    112.541    160.105 
                        ha0         1    47.565    281.158    328.723 
                        ha1         1    47.565    126.928    174.493 
                    p0              3   142.695    373.297    515.992 
                      p1            3   142.695    373.297    515.992 
                        fa0         1    47.565     95.838    143.402 
                        ha0         1    47.565    144.869    192.434 
                        ha1         1    47.565    132.591    180.156 
            p0                     59  2639.239  18400.480  21039.719 
              p1                   59  2639.239  18400.480  21039.719 
                p1                 37  1659.647  12623.576  14283.223 
                  p0               16   727.620   4874.374   5601.995 
                    p1              9   411.375   3198.865   3610.241 
                      p0            3   142.695    734.697    877.392 
                        fa0         1    47.565    137.556    185.120 
                        ha0         1    47.565    391.277    438.842 
                        ha1         1    47.565    205.865    253.430 
                      p1            3   142.695    816.645    959.339 
                        fa0         1    47.565    137.556    185.120 
                        ha0         1    47.565    517.731    565.296 
                        ha1         1    47.565    161.358    208.923 
                    p0              3   142.695    373.297    515.992 
                      p1            3   142.695    373.297    515.992 
                        fa0         1    47.565     95.838    143.402 
                        ha0         1    47.565    144.869    192.434 
                        ha1         1    47.565    132.591    180.156 
                  p1               16   727.620   4886.666   5614.287 
                    p1              9   411.375   3252.055   3663.430 
                      p0            3   142.695    734.697    877.392 
                        fa0         1    47.565    137.556    185.120 
                        ha0         1    47.565    391.277    438.842 
                        ha1         1    47.565    205.865    253.430 
                      p1            3   142.695    844.019    986.713 
                        fa0         1    47.565    137.556    185.120 
                        ha0         1    47.565    545.105    592.670 
                        ha1         1    47.565    161.358    208.923 
                    p0              3   142.695    373.297    515.992 
                      p1            3   142.695    373.297    515.992 
                        fa0         1    47.565     95.838    143.402 
                        ha0         1    47.565    144.869    192.434 
                        ha1         1    47.565    132.591    180.156 
                p0                 16   727.620   3154.211   3881.831 
                  p1               16   727.620   3154.211   3881.831 
                    p1              9   411.375   1957.794   2369.169 
                      p0            3   142.695    510.137    652.832 
                        fa0         1    47.565    112.541    160.105 
                        ha0         1    47.565    235.691    283.256 
                        ha1         1    47.565    161.906    209.471 
                      p1            3   142.695    520.626    663.321 
                        fa0         1    47.565    112.541    160.105 
                        ha0         1    47.565    281.158    328.723 
                        ha1         1    47.565    126.928    174.493 
                    p0              3   142.695    373.297    515.992 
                      p1            3   142.695    373.297    515.992 
                        fa0         1    47.565     95.838    143.402 
                        ha0         1    47.565    144.869    192.434 
                        ha1         1    47.565    132.591    180.156 
        p0                        192  8530.937  75621.210  84152.147 
          p1                      192  8530.937  75621.210  84152.147 
            p1                    125  5561.306  52032.578  57593.883 
              p0                   59  2639.239  23273.894  25913.134 
                p1                 37  1659.647  16777.640  18437.287 
                  p0               16   727.620   6203.120   6930.740 
                    p1              9   411.375   4117.478   4528.853 
                      p0            3   142.695    831.350    974.045 
                        fa0         1    47.565    129.206    176.771 
                        ha0         1    47.565    510.931    558.496 
                        ha1         1    47.565    191.213    238.778 
                      p1            3   142.695   1043.307   1186.001 
                        fa0         1    47.565    129.206    176.771 
                        ha0         1    47.565    764.218    811.783 
                        ha1         1    47.565    149.883    197.447 
                    p0              3   142.695    373.283    515.978 
                      p1            3   142.695    373.283    515.978 
                        fa0         1    47.565     95.824    143.388 
                        ha0         1    47.565    144.869    192.434 
                        ha1         1    47.565    132.591    180.156 
                  p1               16   727.620   6446.085   7173.706 
                    p1              9   411.375   4330.522   4741.897 
                      p0            3   142.695    831.350    974.045 
                        fa0         1    47.565    129.206    176.771 
                        ha0         1    47.565    510.931    558.496 
                        ha1         1    47.565    191.213    238.778 
                      p1            3   142.695   1152.922   1295.617 
                        fa0         1    47.565    129.206    176.771 
                        ha0         1    47.565    873.834    921.399 
                        ha1         1    47.565    149.883    197.447 
                    p0              3   142.695    373.283    515.978 
                      p1            3   142.695    373.283    515.978 
                        fa0         1    47.565     95.824    143.388 
                        ha0         1    47.565    144.869    192.434 
                        ha1         1    47.565    132.591    180.156 
                p0                 16   727.620   3154.211   3881.831 
                  p1               16   727.620   3154.211   3881.831 
                    p1              9   411.375   1957.794   2369.169 
                      p0            3   142.695    510.137    652.832 
                        fa0         1    47.565    112.541    160.105 
                        ha0         1    47.565    235.691    283.256 
                        ha1         1    47.565    161.906    209.471 
                      p1            3   142.695    520.626    663.321 
                        fa0         1    47.565    112.541    160.105 
                        ha0         1    47.565    281.158    328.723 
                        ha1         1    47.565    126.928    174.493 
                    p0              3   142.695    373.297    515.992 
                      p1            3   142.695    373.297    515.992 
                        fa0         1    47.565     95.838    143.402 
                        ha0         1    47.565    144.869    192.434 
                        ha1         1    47.565    132.591    180.156 
              p1                   59  2639.239  23053.957  25693.196 
                p1                 37  1659.647  16777.515  18437.163 
                  p0               16   727.620   6202.995   6930.615 
                    p1              9   411.375   4117.386   4528.761 
                      p0            3   142.695    831.304    973.998 
                        fa0         1    47.565    129.160    176.724 
                        ha0         1    47.565    510.931    558.496 
                        ha1         1    47.565    191.213    238.778 
                      p1            3   142.695   1043.261   1185.955 
                        fa0         1    47.565    129.160    176.724 
                        ha0         1    47.565    764.218    811.783 
                        ha1         1    47.565    149.883    197.447 
                    p0              3   142.695    373.251    515.945 
                      p1            3   142.695    373.251    515.945 
                        fa0         1    47.565     95.791    143.356 
                        ha0         1    47.565    144.869    192.434 
                        ha1         1    47.565    132.591    180.156 
                  p1               16   727.620   6446.085   7173.706 
                    p1              9   411.375   4330.522   4741.897 
                      p0            3   142.695    831.350    974.045 
                        fa0         1    47.565    129.206    176.771 
                        ha0         1    47.565    510.931    558.496 
                        ha1         1    47.565    191.213    238.778 
                      p1            3   142.695   1152.922   1295.617 
                        fa0         1    47.565    129.206    176.771 
                        ha0         1    47.565    873.834    921.399 
                        ha1         1    47.565    149.883    197.447 
                    p0              3   142.695    373.283    515.978 
                      p1            3   142.695    373.283    515.978 
                        fa0         1    47.565     95.824    143.388 
                        ha0         1    47.565    144.869    192.434 
                        ha1         1    47.565    132.591    180.156 
                p0                 16   727.620   3154.211   3881.831 
                  p1               16   727.620   3154.211   3881.831 
                    p1              9   411.375   1957.794   2369.169 
                      p0            3   142.695    510.137    652.832 
                        fa0         1    47.565    112.541    160.105 
                        ha0         1    47.565    235.691    283.256 
                        ha1         1    47.565    161.906    209.471 
                      p1            3   142.695    520.626    663.321 
                        fa0         1    47.565    112.541    160.105 
                        ha0         1    47.565    281.158    328.723 
                        ha1         1    47.565    126.928    174.493 
                    p0              3   142.695    373.297    515.992 
                      p1            3   142.695    373.297    515.992 
                        fa0         1    47.565     95.838    143.402 
                        ha0         1    47.565    144.869    192.434 
                        ha1         1    47.565    132.591    180.156 
            p0                     59  2639.239  18400.480  21039.719 
              p1                   59  2639.239  18400.480  21039.719 
                p1                 37  1659.647  12623.576  14283.223 
                  p0               16   727.620   4874.374   5601.995 
                    p1              9   411.375   3198.865   3610.241 
                      p0            3   142.695    734.697    877.392 
                        fa0         1    47.565    137.556    185.120 
                        ha0         1    47.565    391.277    438.842 
                        ha1         1    47.565    205.865    253.430 
                      p1            3   142.695    816.645    959.339 
                        fa0         1    47.565    137.556    185.120 
                        ha0         1    47.565    517.731    565.296 
                        ha1         1    47.565    161.358    208.923 
                    p0              3   142.695    373.297    515.992 
                      p1            3   142.695    373.297    515.992 
                        fa0         1    47.565     95.838    143.402 
                        ha0         1    47.565    144.869    192.434 
                        ha1         1    47.565    132.591    180.156 
                  p1               16   727.620   4886.666   5614.287 
                    p1              9   411.375   3252.055   3663.430 
                      p0            3   142.695    734.697    877.392 
                        fa0         1    47.565    137.556    185.120 
                        ha0         1    47.565    391.277    438.842 
                        ha1         1    47.565    205.865    253.430 
                      p1            3   142.695    844.019    986.713 
                        fa0         1    47.565    137.556    185.120 
                        ha0         1    47.565    545.105    592.670 
                        ha1         1    47.565    161.358    208.923 
                    p0              3   142.695    373.297    515.992 
                      p1            3   142.695    373.297    515.992 
                        fa0         1    47.565     95.838    143.402 
                        ha0         1    47.565    144.869    192.434 
                        ha1         1    47.565    132.591    180.156 
                p0                 16   727.620   3154.211   3881.831 
                  p1               16   727.620   3154.211   3881.831 
                    p1              9   411.375   1957.794   2369.169 
                      p0            3   142.695    510.137    652.832 
                        fa0         1    47.565    112.541    160.105 
                        ha0         1    47.565    235.691    283.256 
                        ha1         1    47.565    161.906    209.471 
                      p1            3   142.695    520.626    663.321 
                        fa0         1    47.565    112.541    160.105 
                        ha0         1    47.565    281.158    328.723 
                        ha1         1    47.565    126.928    174.493 
                    p0              3   142.695    373.297    515.992 
                      p1            3   142.695    373.297    515.992 
                        fa0         1    47.565     95.838    143.402 
                        ha0         1    47.565    144.869    192.434 
                        ha1         1    47.565    132.591    180.156 
      ctr                          56  2076.654 143668.101 145744.755 
    genblk1[2]..5.genblk2.sng      56   686.503  37204.622  37891.126 
      genblk2[2].max_comparator    23   215.664   7495.942   7711.606 
      genblk2[0].max_comparator    16   190.973   8110.151   8301.124 
      genblk2[1].max_comparator    14   155.769   6165.314   6321.083 
      ctr                           3   124.098  15433.214  15557.313 
    genblk1[1]..5.genblk1.sng      48   616.190  34873.415  35489.605 
      genblk2[2].max_comparator    23   244.452   9399.484   9643.937 
      genblk2[0].max_comparator    14   166.223   5406.319   5572.541 
      ctr                           3   124.098  15490.464  15614.562 
      genblk2[1].max_comparator     8    81.417   4577.148   4658.565 
    genblk1[3]..5.genblk3.sng      42   557.613  33988.939  34546.552 
      genblk2[2].max_comparator    14   178.668   6502.964   6681.632 
      genblk2[0].max_comparator    16   168.727   8012.740   8181.467 
      ctr                           3   124.098  15509.547  15633.645 
      genblk2[1].max_comparator     9    86.119   3963.688   4049.808 
    genblk1[0].genblk1.sng         29   423.383  24962.885  25386.268 
      genblk2[0].max_comparator    12   149.735   3188.374   3338.109 
      ctr                           3   124.098  15585.880  15709.978 
      genblk2[2].max_comparator    10   114.709   5156.691   5271.400 
      genblk2[1].max_comparator     4    34.840   1031.939   1066.780 
    genblk1[4].genblk2.sng         29   392.642  17954.381  18347.023 
      genblk2[2].min_comparator    13   148.324   3594.530   3742.854 
      ctr                           4   143.852   8458.104   8601.956 
      genblk2[0].min_comparator     7    66.731   4668.324   4735.055 
      genblk2[1].min_comparator     5    33.736   1233.423   1267.159 

