============================================================
  Generated by:           Encounter(R) RTL Compiler v14.10-s022_1
  Generated on:           Jul 25 2021  02:07:57 pm
  Module:                 ms_es_ordered_cas_by4_mul_synth
  Technology library:     gscl45nm 
  Operating conditions:   typical (balanced_tree)
  Wireload mode:          enclosed
  Area mode:              timing library
============================================================

                                   Leakage    Dynamic     Total   
          Instance          Cells Power(nW)  Power(nW)  Power(nW) 
------------------------------------------------------------------
ms_es_orde..by4_mul_synth    1108 34864.290 265043.451 299907.741 
  TOP                        1108 34864.290 256532.311 291396.601 
    genblk2.stoch2bin         662 28571.499 105606.524 134178.023 
      par_ctr                 595 26362.872      0.000  26362.872 
        p1                    393 17423.122      0.000  17423.122 
          p0                  192  8530.937      0.000   8530.937 
            p1                125  5561.306      0.000   5561.306 
              p0               59  2639.239      0.000   2639.239 
                p1             37  1659.647      0.000   1659.647 
                  p0           16   727.620      0.000    727.620 
                    p1          9   411.375      0.000    411.375 
                      p0        3   142.695      0.000    142.695 
                        fa0     1    47.565      0.000     47.565 
                        ha0     1    47.565      0.000     47.565 
                        ha1     1    47.565      0.000     47.565 
                      p1        3   142.695      0.000    142.695 
                        fa0     1    47.565      0.000     47.565 
                        ha0     1    47.565      0.000     47.565 
                        ha1     1    47.565      0.000     47.565 
                    p0          3   142.695      0.000    142.695 
                      p1        3   142.695      0.000    142.695 
                        fa0     1    47.565      0.000     47.565 
                        ha0     1    47.565      0.000     47.565 
                        ha1     1    47.565      0.000     47.565 
                  p1           16   727.620      0.000    727.620 
                    p1          9   411.375      0.000    411.375 
                      p0        3   142.695      0.000    142.695 
                        fa0     1    47.565      0.000     47.565 
                        ha0     1    47.565      0.000     47.565 
                        ha1     1    47.565      0.000     47.565 
                      p1        3   142.695      0.000    142.695 
                        fa0     1    47.565      0.000     47.565 
                        ha0     1    47.565      0.000     47.565 
                        ha1     1    47.565      0.000     47.565 
                    p0          3   142.695      0.000    142.695 
                      p1        3   142.695      0.000    142.695 
                        fa0     1    47.565      0.000     47.565 
                        ha0     1    47.565      0.000     47.565 
                        ha1     1    47.565      0.000     47.565 
                p0             16   727.620      0.000    727.620 
                  p1           16   727.620      0.000    727.620 
                    p1          9   411.375      0.000    411.375 
                      p0        3   142.695      0.000    142.695 
                        fa0     1    47.565      0.000     47.565 
                        ha0     1    47.565      0.000     47.565 
                        ha1     1    47.565      0.000     47.565 
                      p1        3   142.695      0.000    142.695 
                        fa0     1    47.565      0.000     47.565 
                        ha0     1    47.565      0.000     47.565 
                        ha1     1    47.565      0.000     47.565 
                    p0          3   142.695      0.000    142.695 
                      p1        3   142.695      0.000    142.695 
                        fa0     1    47.565      0.000     47.565 
                        ha0     1    47.565      0.000     47.565 
                        ha1     1    47.565      0.000     47.565 
              p1               59  2639.239      0.000   2639.239 
                p1             37  1659.647      0.000   1659.647 
                  p0           16   727.620      0.000    727.620 
                    p1          9   411.375      0.000    411.375 
                      p0        3   142.695      0.000    142.695 
                        fa0     1    47.565      0.000     47.565 
                        ha0     1    47.565      0.000     47.565 
                        ha1     1    47.565      0.000     47.565 
                      p1        3   142.695      0.000    142.695 
                        fa0     1    47.565      0.000     47.565 
                        ha0     1    47.565      0.000     47.565 
                        ha1     1    47.565      0.000     47.565 
                    p0          3   142.695      0.000    142.695 
                      p1        3   142.695      0.000    142.695 
                        fa0     1    47.565      0.000     47.565 
                        ha0     1    47.565      0.000     47.565 
                        ha1     1    47.565      0.000     47.565 
                  p1           16   727.620      0.000    727.620 
                    p1          9   411.375      0.000    411.375 
                      p0        3   142.695      0.000    142.695 
                        fa0     1    47.565      0.000     47.565 
                        ha0     1    47.565      0.000     47.565 
                        ha1     1    47.565      0.000     47.565 
                      p1        3   142.695      0.000    142.695 
                        fa0     1    47.565      0.000     47.565 
                        ha0     1    47.565      0.000     47.565 
                        ha1     1    47.565      0.000     47.565 
                    p0          3   142.695      0.000    142.695 
                      p1        3   142.695      0.000    142.695 
                        fa0     1    47.565      0.000     47.565 
                        ha0     1    47.565      0.000     47.565 
                        ha1     1    47.565      0.000     47.565 
                p0             16   727.620      0.000    727.620 
                  p1           16   727.620      0.000    727.620 
                    p1          9   411.375      0.000    411.375 
                      p0        3   142.695      0.000    142.695 
                        fa0     1    47.565      0.000     47.565 
                        ha0     1    47.565      0.000     47.565 
                        ha1     1    47.565      0.000     47.565 
                      p1        3   142.695      0.000    142.695 
                        fa0     1    47.565      0.000     47.565 
                        ha0     1    47.565      0.000     47.565 
                        ha1     1    47.565      0.000     47.565 
                    p0          3   142.695      0.000    142.695 
                      p1        3   142.695      0.000    142.695 
                        fa0     1    47.565      0.000     47.565 
                        ha0     1    47.565      0.000     47.565 
                        ha1     1    47.565      0.000     47.565 
            p0                 59  2639.239      0.000   2639.239 
              p1               59  2639.239      0.000   2639.239 
                p1             37  1659.647      0.000   1659.647 
                  p0           16   727.620      0.000    727.620 
                    p1          9   411.375      0.000    411.375 
                      p0        3   142.695      0.000    142.695 
                        fa0     1    47.565      0.000     47.565 
                        ha0     1    47.565      0.000     47.565 
                        ha1     1    47.565      0.000     47.565 
                      p1        3   142.695      0.000    142.695 
                        fa0     1    47.565      0.000     47.565 
                        ha0     1    47.565      0.000     47.565 
                        ha1     1    47.565      0.000     47.565 
                    p0          3   142.695      0.000    142.695 
                      p1        3   142.695      0.000    142.695 
                        fa0     1    47.565      0.000     47.565 
                        ha0     1    47.565      0.000     47.565 
                        ha1     1    47.565      0.000     47.565 
                  p1           16   727.620      0.000    727.620 
                    p1          9   411.375      0.000    411.375 
                      p0        3   142.695      0.000    142.695 
                        fa0     1    47.565      0.000     47.565 
                        ha0     1    47.565      0.000     47.565 
                        ha1     1    47.565      0.000     47.565 
                      p1        3   142.695      0.000    142.695 
                        fa0     1    47.565      0.000     47.565 
                        ha0     1    47.565      0.000     47.565 
                        ha1     1    47.565      0.000     47.565 
                    p0          3   142.695      0.000    142.695 
                      p1        3   142.695      0.000    142.695 
                        fa0     1    47.565      0.000     47.565 
                        ha0     1    47.565      0.000     47.565 
                        ha1     1    47.565      0.000     47.565 
                p0             16   727.620      0.000    727.620 
                  p1           16   727.620      0.000    727.620 
                    p1          9   411.375      0.000    411.375 
                      p0        3   142.695      0.000    142.695 
                        fa0     1    47.565      0.000     47.565 
                        ha0     1    47.565      0.000     47.565 
                        ha1     1    47.565      0.000     47.565 
                      p1        3   142.695      0.000    142.695 
                        fa0     1    47.565      0.000     47.565 
                        ha0     1    47.565      0.000     47.565 
                        ha1     1    47.565      0.000     47.565 
                    p0          3   142.695      0.000    142.695 
                      p1        3   142.695      0.000    142.695 
                        fa0     1    47.565      0.000     47.565 
                        ha0     1    47.565      0.000     47.565 
                        ha1     1    47.565      0.000     47.565 
          p1                  192  8530.937      0.000   8530.937 
            p1                125  5561.306      0.000   5561.306 
              p0               59  2639.239      0.000   2639.239 
                p1             37  1659.647      0.000   1659.647 
                  p0           16   727.620      0.000    727.620 
                    p1          9   411.375      0.000    411.375 
                      p0        3   142.695      0.000    142.695 
                        fa0     1    47.565      0.000     47.565 
                        ha0     1    47.565      0.000     47.565 
                        ha1     1    47.565      0.000     47.565 
                      p1        3   142.695      0.000    142.695 
                        fa0     1    47.565      0.000     47.565 
                        ha0     1    47.565      0.000     47.565 
                        ha1     1    47.565      0.000     47.565 
                    p0          3   142.695      0.000    142.695 
                      p1        3   142.695      0.000    142.695 
                        fa0     1    47.565      0.000     47.565 
                        ha0     1    47.565      0.000     47.565 
                        ha1     1    47.565      0.000     47.565 
                  p1           16   727.620      0.000    727.620 
                    p1          9   411.375      0.000    411.375 
                      p0        3   142.695      0.000    142.695 
                        fa0     1    47.565      0.000     47.565 
                        ha0     1    47.565      0.000     47.565 
                        ha1     1    47.565      0.000     47.565 
                      p1        3   142.695      0.000    142.695 
                        fa0     1    47.565      0.000     47.565 
                        ha0     1    47.565      0.000     47.565 
                        ha1     1    47.565      0.000     47.565 
                    p0          3   142.695      0.000    142.695 
                      p1        3   142.695      0.000    142.695 
                        fa0     1    47.565      0.000     47.565 
                        ha0     1    47.565      0.000     47.565 
                        ha1     1    47.565      0.000     47.565 
                p0             16   727.620      0.000    727.620 
                  p1           16   727.620      0.000    727.620 
                    p1          9   411.375      0.000    411.375 
                      p0        3   142.695      0.000    142.695 
                        fa0     1    47.565      0.000     47.565 
                        ha0     1    47.565      0.000     47.565 
                        ha1     1    47.565      0.000     47.565 
                      p1        3   142.695      0.000    142.695 
                        fa0     1    47.565      0.000     47.565 
                        ha0     1    47.565      0.000     47.565 
                        ha1     1    47.565      0.000     47.565 
                    p0          3   142.695      0.000    142.695 
                      p1        3   142.695      0.000    142.695 
                        fa0     1    47.565      0.000     47.565 
                        ha0     1    47.565      0.000     47.565 
                        ha1     1    47.565      0.000     47.565 
              p1               59  2639.239      0.000   2639.239 
                p1             37  1659.647      0.000   1659.647 
                  p0           16   727.620      0.000    727.620 
                    p1          9   411.375      0.000    411.375 
                      p0        3   142.695      0.000    142.695 
                        fa0     1    47.565      0.000     47.565 
                        ha0     1    47.565      0.000     47.565 
                        ha1     1    47.565      0.000     47.565 
                      p1        3   142.695      0.000    142.695 
                        fa0     1    47.565      0.000     47.565 
                        ha0     1    47.565      0.000     47.565 
                        ha1     1    47.565      0.000     47.565 
                    p0          3   142.695      0.000    142.695 
                      p1        3   142.695      0.000    142.695 
                        fa0     1    47.565      0.000     47.565 
                        ha0     1    47.565      0.000     47.565 
                        ha1     1    47.565      0.000     47.565 
                  p1           16   727.620      0.000    727.620 
                    p1          9   411.375      0.000    411.375 
                      p0        3   142.695      0.000    142.695 
                        fa0     1    47.565      0.000     47.565 
                        ha0     1    47.565      0.000     47.565 
                        ha1     1    47.565      0.000     47.565 
                      p1        3   142.695      0.000    142.695 
                        fa0     1    47.565      0.000     47.565 
                        ha0     1    47.565      0.000     47.565 
                        ha1     1    47.565      0.000     47.565 
                    p0          3   142.695      0.000    142.695 
                      p1        3   142.695      0.000    142.695 
                        fa0     1    47.565      0.000     47.565 
                        ha0     1    47.565      0.000     47.565 
                        ha1     1    47.565      0.000     47.565 
                p0             16   727.620      0.000    727.620 
                  p1           16   727.620      0.000    727.620 
                    p1          9   411.375      0.000    411.375 
                      p0        3   142.695      0.000    142.695 
                        fa0     1    47.565      0.000     47.565 
                        ha0     1    47.565      0.000     47.565 
                        ha1     1    47.565      0.000     47.565 
                      p1        3   142.695      0.000    142.695 
                        fa0     1    47.565      0.000     47.565 
                        ha0     1    47.565      0.000     47.565 
                        ha1     1    47.565      0.000     47.565 
                    p0          3   142.695      0.000    142.695 
                      p1        3   142.695      0.000    142.695 
                        fa0     1    47.565      0.000     47.565 
                        ha0     1    47.565      0.000     47.565 
                        ha1     1    47.565      0.000     47.565 
            p0                 59  2639.239      0.000   2639.239 
              p1               59  2639.239      0.000   2639.239 
                p1             37  1659.647      0.000   1659.647 
                  p0           16   727.620      0.000    727.620 
                    p1          9   411.375      0.000    411.375 
                      p0        3   142.695      0.000    142.695 
                        fa0     1    47.565      0.000     47.565 
                        ha0     1    47.565      0.000     47.565 
                        ha1     1    47.565      0.000     47.565 
                      p1        3   142.695      0.000    142.695 
                        fa0     1    47.565      0.000     47.565 
                        ha0     1    47.565      0.000     47.565 
                        ha1     1    47.565      0.000     47.565 
                    p0          3   142.695      0.000    142.695 
                      p1        3   142.695      0.000    142.695 
                        fa0     1    47.565      0.000     47.565 
                        ha0     1    47.565      0.000     47.565 
                        ha1     1    47.565      0.000     47.565 
                  p1           16   727.620      0.000    727.620 
                    p1          9   411.375      0.000    411.375 
                      p0        3   142.695      0.000    142.695 
                        fa0     1    47.565      0.000     47.565 
                        ha0     1    47.565      0.000     47.565 
                        ha1     1    47.565      0.000     47.565 
                      p1        3   142.695      0.000    142.695 
                        fa0     1    47.565      0.000     47.565 
                        ha0     1    47.565      0.000     47.565 
                        ha1     1    47.565      0.000     47.565 
                    p0          3   142.695      0.000    142.695 
                      p1        3   142.695      0.000    142.695 
                        fa0     1    47.565      0.000     47.565 
                        ha0     1    47.565      0.000     47.565 
                        ha1     1    47.565      0.000     47.565 
                p0             16   727.620      0.000    727.620 
                  p1           16   727.620      0.000    727.620 
                    p1          9   411.375      0.000    411.375 
                      p0        3   142.695      0.000    142.695 
                        fa0     1    47.565      0.000     47.565 
                        ha0     1    47.565      0.000     47.565 
                        ha1     1    47.565      0.000     47.565 
                      p1        3   142.695      0.000    142.695 
                        fa0     1    47.565      0.000     47.565 
                        ha0     1    47.565      0.000     47.565 
                        ha1     1    47.565      0.000     47.565 
                    p0          3   142.695      0.000    142.695 
                      p1        3   142.695      0.000    142.695 
                        fa0     1    47.565      0.000     47.565 
                        ha0     1    47.565      0.000     47.565 
                        ha1     1    47.565      0.000     47.565 
        p0                    192  8530.937      0.000   8530.937 
          p1                  192  8530.937      0.000   8530.937 
            p1                125  5561.306      0.000   5561.306 
              p0               59  2639.239      0.000   2639.239 
                p1             37  1659.647      0.000   1659.647 
                  p0           16   727.620      0.000    727.620 
                    p1          9   411.375      0.000    411.375 
                      p0        3   142.695      0.000    142.695 
                        fa0     1    47.565      0.000     47.565 
                        ha0     1    47.565      0.000     47.565 
                        ha1     1    47.565      0.000     47.565 
                      p1        3   142.695      0.000    142.695 
                        fa0     1    47.565      0.000     47.565 
                        ha0     1    47.565      0.000     47.565 
                        ha1     1    47.565      0.000     47.565 
                    p0          3   142.695      0.000    142.695 
                      p1        3   142.695      0.000    142.695 
                        fa0     1    47.565      0.000     47.565 
                        ha0     1    47.565      0.000     47.565 
                        ha1     1    47.565      0.000     47.565 
                  p1           16   727.620      0.000    727.620 
                    p1          9   411.375      0.000    411.375 
                      p0        3   142.695      0.000    142.695 
                        fa0     1    47.565      0.000     47.565 
                        ha0     1    47.565      0.000     47.565 
                        ha1     1    47.565      0.000     47.565 
                      p1        3   142.695      0.000    142.695 
                        fa0     1    47.565      0.000     47.565 
                        ha0     1    47.565      0.000     47.565 
                        ha1     1    47.565      0.000     47.565 
                    p0          3   142.695      0.000    142.695 
                      p1        3   142.695      0.000    142.695 
                        fa0     1    47.565      0.000     47.565 
                        ha0     1    47.565      0.000     47.565 
                        ha1     1    47.565      0.000     47.565 
                p0             16   727.620      0.000    727.620 
                  p1           16   727.620      0.000    727.620 
                    p1          9   411.375      0.000    411.375 
                      p0        3   142.695      0.000    142.695 
                        fa0     1    47.565      0.000     47.565 
                        ha0     1    47.565      0.000     47.565 
                        ha1     1    47.565      0.000     47.565 
                      p1        3   142.695      0.000    142.695 
                        fa0     1    47.565      0.000     47.565 
                        ha0     1    47.565      0.000     47.565 
                        ha1     1    47.565      0.000     47.565 
                    p0          3   142.695      0.000    142.695 
                      p1        3   142.695      0.000    142.695 
                        fa0     1    47.565      0.000     47.565 
                        ha0     1    47.565      0.000     47.565 
                        ha1     1    47.565      0.000     47.565 
              p1               59  2639.239      0.000   2639.239 
                p1             37  1659.647      0.000   1659.647 
                  p0           16   727.620      0.000    727.620 
                    p1          9   411.375      0.000    411.375 
                      p0        3   142.695      0.000    142.695 
                        fa0     1    47.565      0.000     47.565 
                        ha0     1    47.565      0.000     47.565 
                        ha1     1    47.565      0.000     47.565 
                      p1        3   142.695      0.000    142.695 
                        fa0     1    47.565      0.000     47.565 
                        ha0     1    47.565      0.000     47.565 
                        ha1     1    47.565      0.000     47.565 
                    p0          3   142.695      0.000    142.695 
                      p1        3   142.695      0.000    142.695 
                        fa0     1    47.565      0.000     47.565 
                        ha0     1    47.565      0.000     47.565 
                        ha1     1    47.565      0.000     47.565 
                  p1           16   727.620      0.000    727.620 
                    p1          9   411.375      0.000    411.375 
                      p0        3   142.695      0.000    142.695 
                        fa0     1    47.565      0.000     47.565 
                        ha0     1    47.565      0.000     47.565 
                        ha1     1    47.565      0.000     47.565 
                      p1        3   142.695      0.000    142.695 
                        fa0     1    47.565      0.000     47.565 
                        ha0     1    47.565      0.000     47.565 
                        ha1     1    47.565      0.000     47.565 
                    p0          3   142.695      0.000    142.695 
                      p1        3   142.695      0.000    142.695 
                        fa0     1    47.565      0.000     47.565 
                        ha0     1    47.565      0.000     47.565 
                        ha1     1    47.565      0.000     47.565 
                p0             16   727.620      0.000    727.620 
                  p1           16   727.620      0.000    727.620 
                    p1          9   411.375      0.000    411.375 
                      p0        3   142.695      0.000    142.695 
                        fa0     1    47.565      0.000     47.565 
                        ha0     1    47.565      0.000     47.565 
                        ha1     1    47.565      0.000     47.565 
                      p1        3   142.695      0.000    142.695 
                        fa0     1    47.565      0.000     47.565 
                        ha0     1    47.565      0.000     47.565 
                        ha1     1    47.565      0.000     47.565 
                    p0          3   142.695      0.000    142.695 
                      p1        3   142.695      0.000    142.695 
                        fa0     1    47.565      0.000     47.565 
                        ha0     1    47.565      0.000     47.565 
                        ha1     1    47.565      0.000     47.565 
            p0                 59  2639.239      0.000   2639.239 
              p1               59  2639.239      0.000   2639.239 
                p1             37  1659.647      0.000   1659.647 
                  p0           16   727.620      0.000    727.620 
                    p1          9   411.375      0.000    411.375 
                      p0        3   142.695      0.000    142.695 
                        fa0     1    47.565      0.000     47.565 
                        ha0     1    47.565      0.000     47.565 
                        ha1     1    47.565      0.000     47.565 
                      p1        3   142.695      0.000    142.695 
                        fa0     1    47.565      0.000     47.565 
                        ha0     1    47.565      0.000     47.565 
                        ha1     1    47.565      0.000     47.565 
                    p0          3   142.695      0.000    142.695 
                      p1        3   142.695      0.000    142.695 
                        fa0     1    47.565      0.000     47.565 
                        ha0     1    47.565      0.000     47.565 
                        ha1     1    47.565      0.000     47.565 
                  p1           16   727.620      0.000    727.620 
                    p1          9   411.375      0.000    411.375 
                      p0        3   142.695      0.000    142.695 
                        fa0     1    47.565      0.000     47.565 
                        ha0     1    47.565      0.000     47.565 
                        ha1     1    47.565      0.000     47.565 
                      p1        3   142.695      0.000    142.695 
                        fa0     1    47.565      0.000     47.565 
                        ha0     1    47.565      0.000     47.565 
                        ha1     1    47.565      0.000     47.565 
                    p0          3   142.695      0.000    142.695 
                      p1        3   142.695      0.000    142.695 
                        fa0     1    47.565      0.000     47.565 
                        ha0     1    47.565      0.000     47.565 
                        ha1     1    47.565      0.000     47.565 
                p0             16   727.620      0.000    727.620 
                  p1           16   727.620      0.000    727.620 
                    p1          9   411.375      0.000    411.375 
                      p0        3   142.695      0.000    142.695 
                        fa0     1    47.565      0.000     47.565 
                        ha0     1    47.565      0.000     47.565 
                        ha1     1    47.565      0.000     47.565 
                      p1        3   142.695      0.000    142.695 
                        fa0     1    47.565      0.000     47.565 
                        ha0     1    47.565      0.000     47.565 
                        ha1     1    47.565      0.000     47.565 
                    p0          3   142.695      0.000    142.695 
                      p1        3   142.695      0.000    142.695 
                        fa0     1    47.565      0.000     47.565 
                        ha0     1    47.565      0.000     47.565 
                        ha1     1    47.565      0.000     47.565 
      ctr                      56  2076.654 105606.524 107683.178 
    cas                       127   945.127  80448.577  81393.704 
      genblk1.cas8             23   189.965  16071.519  16261.484 
      genblk1.cas6             17   131.786   8805.798   8937.583 
      genblk1.cas5             16   112.320   7322.942   7435.262 
      genblk1.cas7             16   112.320  11857.607  11969.927 
      genblk1.cas0             11    79.747   6800.193   6879.940 
      genblk1.cas1             11    79.747   6268.416   6348.163 
      genblk1.cas2             11    79.747   6626.219   6705.966 
      genblk1.cas3             11    79.747   7542.254   7622.001 
      genblk1.cas4             11    79.747   9153.630   9233.377 
    genblk1[4].genblk1.sng      6   173.201   8458.104   8631.305 
      ctr                       4   143.852   8458.104   8601.956 
    genblk1[0].genblk1.sng      5   153.448  15490.464  15643.912 
      ctr                       3   124.098  15490.464  15614.562 
    genblk1[1].genblk1.sng      5   153.448  15585.880  15739.328 
      ctr                       3   124.098  15585.880  15709.978 
    genblk1[2].genblk1.sng      5   153.448  15433.214  15586.662 
      ctr                       3   124.098  15433.214  15557.313 
    genblk1[3].genblk1.sng      5   153.448  15509.547  15662.995 
      ctr                       3   124.098  15509.547  15633.645 

