============================================================
  Generated by:           Encounter(R) RTL Compiler v14.10-s022_1
  Generated on:           Jul 25 2021  02:20:23 pm
  Module:                 ms_es_ordered_bs_by4_mul_synth
  Technology library:     gscl45nm 
  Operating conditions:   typical (balanced_tree)
  Wireload mode:          enclosed
  Area mode:              timing library
============================================================

           Pin                 Type       Fanout Load Slew Delay Arrival   
                                                 (fF) (ps)  (ps)   (ps)    
---------------------------------------------------------------------------
(clock clk_int2)             launch                                    0 R 
TOP
  genblk1[2].genblk4.genblk2.sng
    ctr
      countval_reg[2]/CLK                                0             0 R 
      countval_reg[2]/Q      DFFSR             1  1.5   10  +115     115 F 
      drc_bufs79/A                                            +0     115   
      drc_bufs79/Y           BUFX2            13 28.6   39   +60     175 F 
    ctr/countval[2] 
    genblk2[2].max_comparator/counter_in[2] 
      g628/A                                                  +0     175   
      g628/Y                 INVX1             6 15.6   48   +54     229 R 
      g617/A                                                  +0     229   
      g617/Y                 AOI22X1           1  1.5   34   +39     269 F 
      drc_bufs635/A                                           +0     269   
      drc_bufs635/Y          BUFX2             1  2.6    7   +38     307 F 
      g612/B                                                  +0     307   
      g612/Y                 OAI21X1           1  2.0   42   +38     345 R 
      g608/C                                                  +0     345   
      g608/Y                 OAI21X1           2  4.9   12   +26     371 F 
      g603/A                                                  +0     371   
      g603/Y                 AOI21X1           1  1.5   23   +34     405 R 
      drc_bufs636/A                                           +0     405   
      drc_bufs636/Y          BUFX2             1  2.8    9   +35     440 R 
      g602/B                                                  +0     440   
      g602/Y                 OAI21X1           1  1.9    3   +15     455 F 
      g601/C                                                  +0     455   
      g601/Y                 OAI21X1          12 27.6  161   +96     550 R 
    genblk2[2].max_comparator/sn_out 
  genblk1[2].genblk4.genblk2.sng/sn_out[2] 
  g2865/B                                                     +0     550   
  g2865/Y                    AND2X1           16 36.8  182  +139     690 R 
  g2768/B                                                     +0     690   
  g2768/Y                    AND2X1            1 12.7   64   +63     752 R 
  genblk2.stoch2bin/data_in[251] 
    par_ctr/a[251] 
      p0/a[123] 
        p0/a[59] 
          p0/a[27] 
            p0/a[11] 
              p0/a[3] 
                p1/a[3] 
                  fa0/cin 
                    g2/A                                      +0     752   
                    g2/YS    FAX1              1  3.4   12   +92     844 F 
                  fa0/s 
                  ha0/b 
                    g17/B                                     +0     844   
                    g17/YS   HAX1              1  4.0   19   +59     903 F 
                  ha0/s 
                p1/y[0] 
                g168/A                                        +0     903   
                g168/YC      HAX1              1  8.8   35   +65     968 F 
                g167/B                                        +0     968   
                g167/YC      FAX1              1  7.1   29   +89    1056 F 
                g166/C                                        +0    1056   
                g166/YS      FAX1              1 12.7   67  +103    1159 R 
              p0/y[2] 
              g236/A                                          +0    1159   
              g236/YS        FAX1              1 12.7   67  +117    1276 R 
            p0/y[2] 
            g287/A                                            +0    1276   
            g287/YS          FAX1              1 12.7   67  +117    1394 R 
          p0/y[2] 
          g360/A                                              +0    1394   
          g360/YS            FAX1              1 12.7   67  +117    1511 R 
        p0/y[2] 
        g647/A                                                +0    1511   
        g647/YS              FAX1              1 12.7   67  +117    1628 R 
      p0/y[2] 
      g733/A                                                  +0    1628   
      g733/YS                FAX1              2 11.1   34  +108    1736 F 
    par_ctr/y[2] 
    ctr/data_in[2] 
      add_55_25/B[2] 
        g375/B                                                +0    1736   
        g375/YC              FAX1              1  7.1   29   +88    1825 F 
        g374/C                                                +0    1825   
        g374/YC              FAX1              1  7.1   29   +82    1906 F 
        g373/C                                                +0    1906   
        g373/YC              FAX1              1  7.1   29   +82    1988 F 
        g372/C                                                +0    1988   
        g372/YC              FAX1              1  7.1   29   +82    2070 F 
        g371/C                                                +0    2070   
        g371/YC              FAX1              1  7.1   29   +82    2151 F 
        g370/C                                                +0    2151   
        g370/YC              FAX1              1  7.1   29   +82    2233 F 
        g369/C                                                +0    2233   
        g369/YC              FAX1              1  7.1   29   +82    2314 F 
        g368/C                                                +0    2314   
        g368/YC              FAX1              1  7.1   26   +82    2396 F 
        g367/C                                                +0    2396   
        g367/YC              FAX1              1  7.1   27   +81    2477 F 
        g366/C                                                +0    2477   
        g366/YC              FAX1              1  7.1   27   +81    2558 F 
        g365/C                                                +0    2558   
        g365/YC              FAX1              1  7.1   27   +81    2639 F 
        g364/C                                                +0    2639   
        g364/YC              FAX1              1  7.1   27   +81    2721 F 
        g363/C                                                +0    2721   
        g363/YC              FAX1              1 10.9   37   +89    2810 F 
        g2/A                                                  +0    2810   
        g2/YS                FAX1              1  2.8   21   +84    2893 R 
      add_55_25/Z[15] 
      g74/A                                                   +0    2893   
      g74/Y                  MUX2X1            1  1.5   38   +23    2916 F 
      g73/A                                                   +0    2916   
      g73/Y                  INVX1             1  2.0    0   +10    2926 R 
      countval_reg[15]/D     DFFSR                            +0    2926   
      countval_reg[15]/CLK   setup                       0   +70    2996 R 
- - - - - - - - - - - - - - - - - - - - - - - - - - - - - - - - - - - - - -
(clock clk)                  capture                                5000 R 
                             uncertainty                     -50    4950 R 
---------------------------------------------------------------------------
Cost Group   : 'clk' (path_group 'clk')
Timing slack :    1954ps 
Start-point  : TOP/genblk1[2].genblk4.genblk2.sng/ctr/countval_reg[2]/CLK
End-point    : TOP/genblk2.stoch2bin/ctr/countval_reg[15]/D
