============================================================
  Generated by:           Encounter(R) RTL Compiler v14.10-s022_1
  Generated on:           Jul 25 2021  02:19:42 pm
  Module:                 ms_es_ordered_bs_by4_mul_synth
  Technology library:     gscl45nm 
  Operating conditions:   typical (balanced_tree)
  Wireload mode:          enclosed
  Area mode:              timing library
============================================================

             Instance               Cells  Cell Area  Net Area  Total Area  Wireload     
-----------------------------------------------------------------------------------------
ms_es_ordered_bs_by4_mul_synth        453       1972         0        1972    <none> (D) 
  TOP                                 453       1972         0        1972    <none> (D) 
    genblk2.stoch2bin                 242       1437         0        1437    <none> (D) 
      par_ctr                         192       1205         0        1205    <none> (D) 
        p1                            125        781         0         781    <none> (D) 
          p1                           59        361         0         361    <none> (D) 
            p1                         37        224         0         224    <none> (D) 
              p1                       16         92         0          92    <none> (D) 
                p1                      9         51         0          51    <none> (D) 
                  p1                    3         14         0          14    <none> (D) 
                    ha1                 1          5         0           5    <none> (D) 
                    ha0                 1          5         0           5    <none> (D) 
                    fa0                 1          5         0           5    <none> (D) 
                  p0                    3         14         0          14    <none> (D) 
                    ha1                 1          5         0           5    <none> (D) 
                    ha0                 1          5         0           5    <none> (D) 
                    fa0                 1          5         0           5    <none> (D) 
                p0                      3         14         0          14    <none> (D) 
                  p1                    3         14         0          14    <none> (D) 
                    ha1                 1          5         0           5    <none> (D) 
                    ha0                 1          5         0           5    <none> (D) 
                    fa0                 1          5         0           5    <none> (D) 
              p0                       16         92         0          92    <none> (D) 
                p1                      9         51         0          51    <none> (D) 
                  p1                    3         14         0          14    <none> (D) 
                    ha1                 1          5         0           5    <none> (D) 
                    ha0                 1          5         0           5    <none> (D) 
                    fa0                 1          5         0           5    <none> (D) 
                  p0                    3         14         0          14    <none> (D) 
                    ha1                 1          5         0           5    <none> (D) 
                    ha0                 1          5         0           5    <none> (D) 
                    fa0                 1          5         0           5    <none> (D) 
                p0                      3         14         0          14    <none> (D) 
                  p1                    3         14         0          14    <none> (D) 
                    ha1                 1          5         0           5    <none> (D) 
                    ha0                 1          5         0           5    <none> (D) 
                    fa0                 1          5         0           5    <none> (D) 
            p0                         16         92         0          92    <none> (D) 
              p1                       16         92         0          92    <none> (D) 
                p1                      9         51         0          51    <none> (D) 
                  p1                    3         14         0          14    <none> (D) 
                    ha1                 1          5         0           5    <none> (D) 
                    ha0                 1          5         0           5    <none> (D) 
                    fa0                 1          5         0           5    <none> (D) 
                  p0                    3         14         0          14    <none> (D) 
                    ha1                 1          5         0           5    <none> (D) 
                    ha0                 1          5         0           5    <none> (D) 
                    fa0                 1          5         0           5    <none> (D) 
                p0                      3         14         0          14    <none> (D) 
                  p1                    3         14         0          14    <none> (D) 
                    ha1                 1          5         0           5    <none> (D) 
                    ha0                 1          5         0           5    <none> (D) 
                    fa0                 1          5         0           5    <none> (D) 
          p0                           59        361         0         361    <none> (D) 
            p1                         37        224         0         224    <none> (D) 
              p1                       16         92         0          92    <none> (D) 
                p1                      9         51         0          51    <none> (D) 
                  p1                    3         14         0          14    <none> (D) 
                    ha1                 1          5         0           5    <none> (D) 
                    ha0                 1          5         0           5    <none> (D) 
                    fa0                 1          5         0           5    <none> (D) 
                  p0                    3         14         0          14    <none> (D) 
                    ha1                 1          5         0           5    <none> (D) 
                    ha0                 1          5         0           5    <none> (D) 
                    fa0                 1          5         0           5    <none> (D) 
                p0                      3         14         0          14    <none> (D) 
                  p1                    3         14         0          14    <none> (D) 
                    ha1                 1          5         0           5    <none> (D) 
                    ha0                 1          5         0           5    <none> (D) 
                    fa0                 1          5         0           5    <none> (D) 
              p0                       16         92         0          92    <none> (D) 
                p1                      9         51         0          51    <none> (D) 
                  p1                    3         14         0          14    <none> (D) 
                    ha1                 1          5         0           5    <none> (D) 
                    ha0                 1          5         0           5    <none> (D) 
                    fa0                 1          5         0           5    <none> (D) 
                  p0                    3         14         0          14    <none> (D) 
                    ha1                 1          5         0           5    <none> (D) 
                    ha0                 1          5         0           5    <none> (D) 
                    fa0                 1          5         0           5    <none> (D) 
                p0                      3         14         0          14    <none> (D) 
                  p1                    3         14         0          14    <none> (D) 
                    ha1                 1          5         0           5    <none> (D) 
                    ha0                 1          5         0           5    <none> (D) 
                    fa0                 1          5         0           5    <none> (D) 
            p0                         16         92         0          92    <none> (D) 
              p1                       16         92         0          92    <none> (D) 
                p1                      9         51         0          51    <none> (D) 
                  p1                    3         14         0          14    <none> (D) 
                    ha1                 1          5         0           5    <none> (D) 
                    ha0                 1          5         0           5    <none> (D) 
                    fa0                 1          5         0           5    <none> (D) 
                  p0                    3         14         0          14    <none> (D) 
                    ha1                 1          5         0           5    <none> (D) 
                    ha0                 1          5         0           5    <none> (D) 
                    fa0                 1          5         0           5    <none> (D) 
                p0                      3         14         0          14    <none> (D) 
                  p1                    3         14         0          14    <none> (D) 
                    ha1                 1          5         0           5    <none> (D) 
                    ha0                 1          5         0           5    <none> (D) 
                    fa0                 1          5         0           5    <none> (D) 
        p0                             59        361         0         361    <none> (D) 
          p1                           59        361         0         361    <none> (D) 
            p1                         37        224         0         224    <none> (D) 
              p1                       16         92         0          92    <none> (D) 
                p1                      9         51         0          51    <none> (D) 
                  p1                    3         14         0          14    <none> (D) 
                    ha1                 1          5         0           5    <none> (D) 
                    ha0                 1          5         0           5    <none> (D) 
                    fa0                 1          5         0           5    <none> (D) 
                  p0                    3         14         0          14    <none> (D) 
                    ha1                 1          5         0           5    <none> (D) 
                    ha0                 1          5         0           5    <none> (D) 
                    fa0                 1          5         0           5    <none> (D) 
                p0                      3         14         0          14    <none> (D) 
                  p1                    3         14         0          14    <none> (D) 
                    ha1                 1          5         0           5    <none> (D) 
                    ha0                 1          5         0           5    <none> (D) 
                    fa0                 1          5         0           5    <none> (D) 
              p0                       16         92         0          92    <none> (D) 
                p1                      9         51         0          51    <none> (D) 
                  p1                    3         14         0          14    <none> (D) 
                    ha1                 1          5         0           5    <none> (D) 
                    ha0                 1          5         0           5    <none> (D) 
                    fa0                 1          5         0           5    <none> (D) 
                  p0                    3         14         0          14    <none> (D) 
                    ha1                 1          5         0           5    <none> (D) 
                    ha0                 1          5         0           5    <none> (D) 
                    fa0                 1          5         0           5    <none> (D) 
                p0                      3         14         0          14    <none> (D) 
                  p1                    3         14         0          14    <none> (D) 
                    ha1                 1          5         0           5    <none> (D) 
                    ha0                 1          5         0           5    <none> (D) 
                    fa0                 1          5         0           5    <none> (D) 
            p0                         16         92         0          92    <none> (D) 
              p1                       16         92         0          92    <none> (D) 
                p1                      9         51         0          51    <none> (D) 
                  p1                    3         14         0          14    <none> (D) 
                    ha1                 1          5         0           5    <none> (D) 
                    ha0                 1          5         0           5    <none> (D) 
                    fa0                 1          5         0           5    <none> (D) 
                  p0                    3         14         0          14    <none> (D) 
                    ha1                 1          5         0           5    <none> (D) 
                    ha0                 1          5         0           5    <none> (D) 
                    fa0                 1          5         0           5    <none> (D) 
                p0                      3         14         0          14    <none> (D) 
                  p1                    3         14         0          14    <none> (D) 
                    ha1                 1          5         0           5    <none> (D) 
                    ha0                 1          5         0           5    <none> (D) 
                    fa0                 1          5         0           5    <none> (D) 
      ctr                              41        211         0         211    <none> (D) 
    genblk1[2].genblk4.genblk2.sng     36         92         0          92    <none> (D) 
      genblk2[0].max_comparator        13         31         0          31    <none> (D) 
      genblk2[2].max_comparator        13         30         0          30    <none> (D) 
      genblk2[1].max_comparator         7         17         0          17    <none> (D) 
      ctr                               3         14         0          14    <none> (D) 
    genblk1[1].genblk4.genblk1.sng     30         89         0          89    <none> (D) 
      genblk2[2].max_comparator        13         30         0          30    <none> (D) 
      genblk2[0].max_comparator         9         28         0          28    <none> (D) 
      genblk2[1].max_comparator         5         17         0          17    <none> (D) 
      ctr                               3         14         0          14    <none> (D) 
    genblk1[3].genblk2.sng             24         63         0          63    <none> (D) 
      genblk2[2].min_comparator        10         22         0          22    <none> (D) 
      genblk2[0].min_comparator         7         17         0          17    <none> (D) 
      ctr                               4         16         0          16    <none> (D) 
      genblk2[1].min_comparator         3          7         0           7    <none> (D) 
    genblk1[0].genblk1.sng             20         54         0          54    <none> (D) 
      genblk2[2].max_comparator         7         16         0          16    <none> (D) 
      genblk2[0].max_comparator         7         16         0          16    <none> (D) 
      ctr                               3         14         0          14    <none> (D) 
      genblk2[1].max_comparator         3          7         0           7    <none> (D) 

 (D) = wireload is default in technology library
