============================================================
  Generated by:           Encounter(R) RTL Compiler v14.10-s022_1
  Generated on:           Jul 25 2021  02:14:03 pm
  Module:                 ms_es_ordered_cas_by4_mul_synth
  Technology library:     gscl45nm 
  Operating conditions:   typical (balanced_tree)
  Wireload mode:          enclosed
  Area mode:              timing library
============================================================

                                    Leakage    Dynamic      Total    
          Instance          Cells  Power(nW)  Power(nW)   Power(nW)  
---------------------------------------------------------------------
ms_es_orde..by4_mul_synth    4920 126446.890 1859350.291 1985797.181 
  TOP                        4920 126446.890 1811027.504 1937474.394 
    genblk2.stoch2bin        2370  88958.508  480362.327  569320.835 
      par_ctr                1780  76202.413       0.000   76202.413 
        p0                    885  37900.978       0.000   37900.978 
          p0                  438  18769.865       0.000   18769.865 
            p0                215   9223.914       0.000    9223.914 
              p0              104   4470.543       0.000    4470.543 
                p0             49   2113.463       0.000    2113.463 
                  p0           22    954.528       0.000     954.528 
                    p0          9    394.666       0.000     394.666 
                      p0        3    134.340       0.000     134.340 
                        ha0     1     47.565       0.000      47.565 
                        ha1     1     47.565       0.000      47.565 
                        fa0     1     39.210       0.000      39.210 
                      p1        3    134.340       0.000     134.340 
                        ha0     1     47.565       0.000      47.565 
                        ha1     1     47.565       0.000      47.565 
                        fa0     1     39.210       0.000      39.210 
                    p1          9    394.666       0.000     394.666 
                      p0        3    134.340       0.000     134.340 
                        ha0     1     47.565       0.000      47.565 
                        ha1     1     47.565       0.000      47.565 
                        fa0     1     39.210       0.000      39.210 
                      p1        3    134.340       0.000     134.340 
                        ha0     1     47.565       0.000      47.565 
                        ha1     1     47.565       0.000      47.565 
                        fa0     1     39.210       0.000      39.210 
                  p1           22    954.528       0.000     954.528 
                    p0          9    394.666       0.000     394.666 
                      p0        3    134.340       0.000     134.340 
                        ha0     1     47.565       0.000      47.565 
                        ha1     1     47.565       0.000      47.565 
                        fa0     1     39.210       0.000      39.210 
                      p1        3    134.340       0.000     134.340 
                        ha0     1     47.565       0.000      47.565 
                        ha1     1     47.565       0.000      47.565 
                        fa0     1     39.210       0.000      39.210 
                    p1          9    394.666       0.000     394.666 
                      p0        3    134.340       0.000     134.340 
                        ha0     1     47.565       0.000      47.565 
                        ha1     1     47.565       0.000      47.565 
                        fa0     1     39.210       0.000      39.210 
                      p1        3    134.340       0.000     134.340 
                        ha0     1     47.565       0.000      47.565 
                        ha1     1     47.565       0.000      47.565 
                        fa0     1     39.210       0.000      39.210 
                p1             49   2113.463       0.000    2113.463 
                  p0           22    954.528       0.000     954.528 
                    p0          9    394.666       0.000     394.666 
                      p0        3    134.340       0.000     134.340 
                        ha0     1     47.565       0.000      47.565 
                        ha1     1     47.565       0.000      47.565 
                        fa0     1     39.210       0.000      39.210 
                      p1        3    134.340       0.000     134.340 
                        ha0     1     47.565       0.000      47.565 
                        ha1     1     47.565       0.000      47.565 
                        fa0     1     39.210       0.000      39.210 
                    p1          9    394.666       0.000     394.666 
                      p0        3    134.340       0.000     134.340 
                        ha0     1     47.565       0.000      47.565 
                        ha1     1     47.565       0.000      47.565 
                        fa0     1     39.210       0.000      39.210 
                      p1        3    134.340       0.000     134.340 
                        ha0     1     47.565       0.000      47.565 
                        ha1     1     47.565       0.000      47.565 
                        fa0     1     39.210       0.000      39.210 
                  p1           22    954.528       0.000     954.528 
                    p0          9    394.666       0.000     394.666 
                      p0        3    134.340       0.000     134.340 
                        ha0     1     47.565       0.000      47.565 
                        ha1     1     47.565       0.000      47.565 
                        fa0     1     39.210       0.000      39.210 
                      p1        3    134.340       0.000     134.340 
                        ha0     1     47.565       0.000      47.565 
                        ha1     1     47.565       0.000      47.565 
                        fa0     1     39.210       0.000      39.210 
                    p1          9    394.666       0.000     394.666 
                      p0        3    134.340       0.000     134.340 
                        ha0     1     47.565       0.000      47.565 
                        ha1     1     47.565       0.000      47.565 
                        fa0     1     39.210       0.000      39.210 
                      p1        3    134.340       0.000     134.340 
                        ha0     1     47.565       0.000      47.565 
                        ha1     1     47.565       0.000      47.565 
                        fa0     1     39.210       0.000      39.210 
              p1              104   4470.543       0.000    4470.543 
                p0             49   2113.463       0.000    2113.463 
                  p0           22    954.528       0.000     954.528 
                    p0          9    394.666       0.000     394.666 
                      p0        3    134.340       0.000     134.340 
                        ha0     1     47.565       0.000      47.565 
                        ha1     1     47.565       0.000      47.565 
                        fa0     1     39.210       0.000      39.210 
                      p1        3    134.340       0.000     134.340 
                        ha0     1     47.565       0.000      47.565 
                        ha1     1     47.565       0.000      47.565 
                        fa0     1     39.210       0.000      39.210 
                    p1          9    394.666       0.000     394.666 
                      p0        3    134.340       0.000     134.340 
                        ha0     1     47.565       0.000      47.565 
                        ha1     1     47.565       0.000      47.565 
                        fa0     1     39.210       0.000      39.210 
                      p1        3    134.340       0.000     134.340 
                        ha0     1     47.565       0.000      47.565 
                        ha1     1     47.565       0.000      47.565 
                        fa0     1     39.210       0.000      39.210 
                  p1           22    954.528       0.000     954.528 
                    p0          9    394.666       0.000     394.666 
                      p0        3    134.340       0.000     134.340 
                        ha0     1     47.565       0.000      47.565 
                        ha1     1     47.565       0.000      47.565 
                        fa0     1     39.210       0.000      39.210 
                      p1        3    134.340       0.000     134.340 
                        ha0     1     47.565       0.000      47.565 
                        ha1     1     47.565       0.000      47.565 
                        fa0     1     39.210       0.000      39.210 
                    p1          9    394.666       0.000     394.666 
                      p0        3    134.340       0.000     134.340 
                        ha0     1     47.565       0.000      47.565 
                        ha1     1     47.565       0.000      47.565 
                        fa0     1     39.210       0.000      39.210 
                      p1        3    134.340       0.000     134.340 
                        ha0     1     47.565       0.000      47.565 
                        ha1     1     47.565       0.000      47.565 
                        fa0     1     39.210       0.000      39.210 
                p1             49   2113.463       0.000    2113.463 
                  p0           22    954.528       0.000     954.528 
                    p0          9    394.666       0.000     394.666 
                      p0        3    134.340       0.000     134.340 
                        ha0     1     47.565       0.000      47.565 
                        ha1     1     47.565       0.000      47.565 
                        fa0     1     39.210       0.000      39.210 
                      p1        3    134.340       0.000     134.340 
                        ha0     1     47.565       0.000      47.565 
                        ha1     1     47.565       0.000      47.565 
                        fa0     1     39.210       0.000      39.210 
                    p1          9    394.666       0.000     394.666 
                      p0        3    134.340       0.000     134.340 
                        ha0     1     47.565       0.000      47.565 
                        ha1     1     47.565       0.000      47.565 
                        fa0     1     39.210       0.000      39.210 
                      p1        3    134.340       0.000     134.340 
                        ha0     1     47.565       0.000      47.565 
                        ha1     1     47.565       0.000      47.565 
                        fa0     1     39.210       0.000      39.210 
                  p1           22    954.528       0.000     954.528 
                    p0          9    394.666       0.000     394.666 
                      p0        3    134.340       0.000     134.340 
                        ha0     1     47.565       0.000      47.565 
                        ha1     1     47.565       0.000      47.565 
                        fa0     1     39.210       0.000      39.210 
                      p1        3    134.340       0.000     134.340 
                        ha0     1     47.565       0.000      47.565 
                        ha1     1     47.565       0.000      47.565 
                        fa0     1     39.210       0.000      39.210 
                    p1          9    394.666       0.000     394.666 
                      p0        3    134.340       0.000     134.340 
                        ha0     1     47.565       0.000      47.565 
                        ha1     1     47.565       0.000      47.565 
                        fa0     1     39.210       0.000      39.210 
                      p1        3    134.340       0.000     134.340 
                        ha0     1     47.565       0.000      47.565 
                        ha1     1     47.565       0.000      47.565 
                        fa0     1     39.210       0.000      39.210 
            p1                215   9223.914       0.000    9223.914 
              p0              104   4470.543       0.000    4470.543 
                p0             49   2113.463       0.000    2113.463 
                  p0           22    954.528       0.000     954.528 
                    p0          9    394.666       0.000     394.666 
                      p0        3    134.340       0.000     134.340 
                        ha0     1     47.565       0.000      47.565 
                        ha1     1     47.565       0.000      47.565 
                        fa0     1     39.210       0.000      39.210 
                      p1        3    134.340       0.000     134.340 
                        ha0     1     47.565       0.000      47.565 
                        ha1     1     47.565       0.000      47.565 
                        fa0     1     39.210       0.000      39.210 
                    p1          9    394.666       0.000     394.666 
                      p0        3    134.340       0.000     134.340 
                        ha0     1     47.565       0.000      47.565 
                        ha1     1     47.565       0.000      47.565 
                        fa0     1     39.210       0.000      39.210 
                      p1        3    134.340       0.000     134.340 
                        ha0     1     47.565       0.000      47.565 
                        ha1     1     47.565       0.000      47.565 
                        fa0     1     39.210       0.000      39.210 
                  p1           22    954.528       0.000     954.528 
                    p0          9    394.666       0.000     394.666 
                      p0        3    134.340       0.000     134.340 
                        ha0     1     47.565       0.000      47.565 
                        ha1     1     47.565       0.000      47.565 
                        fa0     1     39.210       0.000      39.210 
                      p1        3    134.340       0.000     134.340 
                        ha0     1     47.565       0.000      47.565 
                        ha1     1     47.565       0.000      47.565 
                        fa0     1     39.210       0.000      39.210 
                    p1          9    394.666       0.000     394.666 
                      p0        3    134.340       0.000     134.340 
                        ha0     1     47.565       0.000      47.565 
                        ha1     1     47.565       0.000      47.565 
                        fa0     1     39.210       0.000      39.210 
                      p1        3    134.340       0.000     134.340 
                        ha0     1     47.565       0.000      47.565 
                        ha1     1     47.565       0.000      47.565 
                        fa0     1     39.210       0.000      39.210 
                p1             49   2113.463       0.000    2113.463 
                  p0           22    954.528       0.000     954.528 
                    p0          9    394.666       0.000     394.666 
                      p0        3    134.340       0.000     134.340 
                        ha0     1     47.565       0.000      47.565 
                        ha1     1     47.565       0.000      47.565 
                        fa0     1     39.210       0.000      39.210 
                      p1        3    134.340       0.000     134.340 
                        ha0     1     47.565       0.000      47.565 
                        ha1     1     47.565       0.000      47.565 
                        fa0     1     39.210       0.000      39.210 
                    p1          9    394.666       0.000     394.666 
                      p0        3    134.340       0.000     134.340 
                        ha0     1     47.565       0.000      47.565 
                        ha1     1     47.565       0.000      47.565 
                        fa0     1     39.210       0.000      39.210 
                      p1        3    134.340       0.000     134.340 
                        ha0     1     47.565       0.000      47.565 
                        ha1     1     47.565       0.000      47.565 
                        fa0     1     39.210       0.000      39.210 
                  p1           22    954.528       0.000     954.528 
                    p0          9    394.666       0.000     394.666 
                      p0        3    134.340       0.000     134.340 
                        ha0     1     47.565       0.000      47.565 
                        ha1     1     47.565       0.000      47.565 
                        fa0     1     39.210       0.000      39.210 
                      p1        3    134.340       0.000     134.340 
                        ha0     1     47.565       0.000      47.565 
                        ha1     1     47.565       0.000      47.565 
                        fa0     1     39.210       0.000      39.210 
                    p1          9    394.666       0.000     394.666 
                      p0        3    134.340       0.000     134.340 
                        ha0     1     47.565       0.000      47.565 
                        ha1     1     47.565       0.000      47.565 
                        fa0     1     39.210       0.000      39.210 
                      p1        3    134.340       0.000     134.340 
                        ha0     1     47.565       0.000      47.565 
                        ha1     1     47.565       0.000      47.565 
                        fa0     1     39.210       0.000      39.210 
              p1              104   4470.543       0.000    4470.543 
                p0             49   2113.463       0.000    2113.463 
                  p0           22    954.528       0.000     954.528 
                    p0          9    394.666       0.000     394.666 
                      p0        3    134.340       0.000     134.340 
                        ha0     1     47.565       0.000      47.565 
                        ha1     1     47.565       0.000      47.565 
                        fa0     1     39.210       0.000      39.210 
                      p1        3    134.340       0.000     134.340 
                        ha0     1     47.565       0.000      47.565 
                        ha1     1     47.565       0.000      47.565 
                        fa0     1     39.210       0.000      39.210 
                    p1          9    394.666       0.000     394.666 
                      p0        3    134.340       0.000     134.340 
                        ha0     1     47.565       0.000      47.565 
                        ha1     1     47.565       0.000      47.565 
                        fa0     1     39.210       0.000      39.210 
                      p1        3    134.340       0.000     134.340 
                        ha0     1     47.565       0.000      47.565 
                        ha1     1     47.565       0.000      47.565 
                        fa0     1     39.210       0.000      39.210 
                  p1           22    954.528       0.000     954.528 
                    p0          9    394.666       0.000     394.666 
                      p0        3    134.340       0.000     134.340 
                        ha0     1     47.565       0.000      47.565 
                        ha1     1     47.565       0.000      47.565 
                        fa0     1     39.210       0.000      39.210 
                      p1        3    134.340       0.000     134.340 
                        ha0     1     47.565       0.000      47.565 
                        ha1     1     47.565       0.000      47.565 
                        fa0     1     39.210       0.000      39.210 
                    p1          9    394.666       0.000     394.666 
                      p0        3    134.340       0.000     134.340 
                        ha0     1     47.565       0.000      47.565 
                        ha1     1     47.565       0.000      47.565 
                        fa0     1     39.210       0.000      39.210 
                      p1        3    134.340       0.000     134.340 
                        ha0     1     47.565       0.000      47.565 
                        ha1     1     47.565       0.000      47.565 
                        fa0     1     39.210       0.000      39.210 
                p1             49   2113.463       0.000    2113.463 
                  p0           22    954.528       0.000     954.528 
                    p0          9    394.666       0.000     394.666 
                      p0        3    134.340       0.000     134.340 
                        ha0     1     47.565       0.000      47.565 
                        ha1     1     47.565       0.000      47.565 
                        fa0     1     39.210       0.000      39.210 
                      p1        3    134.340       0.000     134.340 
                        ha0     1     47.565       0.000      47.565 
                        ha1     1     47.565       0.000      47.565 
                        fa0     1     39.210       0.000      39.210 
                    p1          9    394.666       0.000     394.666 
                      p0        3    134.340       0.000     134.340 
                        ha0     1     47.565       0.000      47.565 
                        ha1     1     47.565       0.000      47.565 
                        fa0     1     39.210       0.000      39.210 
                      p1        3    134.340       0.000     134.340 
                        ha0     1     47.565       0.000      47.565 
                        ha1     1     47.565       0.000      47.565 
                        fa0     1     39.210       0.000      39.210 
                  p1           22    954.528       0.000     954.528 
                    p0          9    394.666       0.000     394.666 
                      p0        3    134.340       0.000     134.340 
                        ha0     1     47.565       0.000      47.565 
                        ha1     1     47.565       0.000      47.565 
                        fa0     1     39.210       0.000      39.210 
                      p1        3    134.340       0.000     134.340 
                        ha0     1     47.565       0.000      47.565 
                        ha1     1     47.565       0.000      47.565 
                        fa0     1     39.210       0.000      39.210 
                    p1          9    394.666       0.000     394.666 
                      p0        3    134.340       0.000     134.340 
                        ha0     1     47.565       0.000      47.565 
                        ha1     1     47.565       0.000      47.565 
                        fa0     1     39.210       0.000      39.210 
                      p1        3    134.340       0.000     134.340 
                        ha0     1     47.565       0.000      47.565 
                        ha1     1     47.565       0.000      47.565 
                        fa0     1     39.210       0.000      39.210 
          p1                  438  18769.865       0.000   18769.865 
            p0                215   9223.914       0.000    9223.914 
              p0              104   4470.543       0.000    4470.543 
                p0             49   2113.463       0.000    2113.463 
                  p0           22    954.528       0.000     954.528 
                    p0          9    394.666       0.000     394.666 
                      p0        3    134.340       0.000     134.340 
                        ha0     1     47.565       0.000      47.565 
                        ha1     1     47.565       0.000      47.565 
                        fa0     1     39.210       0.000      39.210 
                      p1        3    134.340       0.000     134.340 
                        ha0     1     47.565       0.000      47.565 
                        ha1     1     47.565       0.000      47.565 
                        fa0     1     39.210       0.000      39.210 
                    p1          9    394.666       0.000     394.666 
                      p0        3    134.340       0.000     134.340 
                        ha0     1     47.565       0.000      47.565 
                        ha1     1     47.565       0.000      47.565 
                        fa0     1     39.210       0.000      39.210 
                      p1        3    134.340       0.000     134.340 
                        ha0     1     47.565       0.000      47.565 
                        ha1     1     47.565       0.000      47.565 
                        fa0     1     39.210       0.000      39.210 
                  p1           22    954.528       0.000     954.528 
                    p0          9    394.666       0.000     394.666 
                      p0        3    134.340       0.000     134.340 
                        ha0     1     47.565       0.000      47.565 
                        ha1     1     47.565       0.000      47.565 
                        fa0     1     39.210       0.000      39.210 
                      p1        3    134.340       0.000     134.340 
                        ha0     1     47.565       0.000      47.565 
                        ha1     1     47.565       0.000      47.565 
                        fa0     1     39.210       0.000      39.210 
                    p1          9    394.666       0.000     394.666 
                      p0        3    134.340       0.000     134.340 
                        ha0     1     47.565       0.000      47.565 
                        ha1     1     47.565       0.000      47.565 
                        fa0     1     39.210       0.000      39.210 
                      p1        3    134.340       0.000     134.340 
                        ha0     1     47.565       0.000      47.565 
                        ha1     1     47.565       0.000      47.565 
                        fa0     1     39.210       0.000      39.210 
                p1             49   2113.463       0.000    2113.463 
                  p0           22    954.528       0.000     954.528 
                    p0          9    394.666       0.000     394.666 
                      p0        3    134.340       0.000     134.340 
                        ha0     1     47.565       0.000      47.565 
                        ha1     1     47.565       0.000      47.565 
                        fa0     1     39.210       0.000      39.210 
                      p1        3    134.340       0.000     134.340 
                        ha0     1     47.565       0.000      47.565 
                        ha1     1     47.565       0.000      47.565 
                        fa0     1     39.210       0.000      39.210 
                    p1          9    394.666       0.000     394.666 
                      p0        3    134.340       0.000     134.340 
                        ha0     1     47.565       0.000      47.565 
                        ha1     1     47.565       0.000      47.565 
                        fa0     1     39.210       0.000      39.210 
                      p1        3    134.340       0.000     134.340 
                        ha0     1     47.565       0.000      47.565 
                        ha1     1     47.565       0.000      47.565 
                        fa0     1     39.210       0.000      39.210 
                  p1           22    954.528       0.000     954.528 
                    p0          9    394.666       0.000     394.666 
                      p0        3    134.340       0.000     134.340 
                        ha0     1     47.565       0.000      47.565 
                        ha1     1     47.565       0.000      47.565 
                        fa0     1     39.210       0.000      39.210 
                      p1        3    134.340       0.000     134.340 
                        ha0     1     47.565       0.000      47.565 
                        ha1     1     47.565       0.000      47.565 
                        fa0     1     39.210       0.000      39.210 
                    p1          9    394.666       0.000     394.666 
                      p0        3    134.340       0.000     134.340 
                        ha0     1     47.565       0.000      47.565 
                        ha1     1     47.565       0.000      47.565 
                        fa0     1     39.210       0.000      39.210 
                      p1        3    134.340       0.000     134.340 
                        ha0     1     47.565       0.000      47.565 
                        ha1     1     47.565       0.000      47.565 
                        fa0     1     39.210       0.000      39.210 
              p1              104   4470.543       0.000    4470.543 
                p0             49   2113.463       0.000    2113.463 
                  p0           22    954.528       0.000     954.528 
                    p0          9    394.666       0.000     394.666 
                      p0        3    134.340       0.000     134.340 
                        ha0     1     47.565       0.000      47.565 
                        ha1     1     47.565       0.000      47.565 
                        fa0     1     39.210       0.000      39.210 
                      p1        3    134.340       0.000     134.340 
                        ha0     1     47.565       0.000      47.565 
                        ha1     1     47.565       0.000      47.565 
                        fa0     1     39.210       0.000      39.210 
                    p1          9    394.666       0.000     394.666 
                      p0        3    134.340       0.000     134.340 
                        ha0     1     47.565       0.000      47.565 
                        ha1     1     47.565       0.000      47.565 
                        fa0     1     39.210       0.000      39.210 
                      p1        3    134.340       0.000     134.340 
                        ha0     1     47.565       0.000      47.565 
                        ha1     1     47.565       0.000      47.565 
                        fa0     1     39.210       0.000      39.210 
                  p1           22    954.528       0.000     954.528 
                    p0          9    394.666       0.000     394.666 
                      p0        3    134.340       0.000     134.340 
                        ha0     1     47.565       0.000      47.565 
                        ha1     1     47.565       0.000      47.565 
                        fa0     1     39.210       0.000      39.210 
                      p1        3    134.340       0.000     134.340 
                        ha0     1     47.565       0.000      47.565 
                        ha1     1     47.565       0.000      47.565 
                        fa0     1     39.210       0.000      39.210 
                    p1          9    394.666       0.000     394.666 
                      p0        3    134.340       0.000     134.340 
                        ha0     1     47.565       0.000      47.565 
                        ha1     1     47.565       0.000      47.565 
                        fa0     1     39.210       0.000      39.210 
                      p1        3    134.340       0.000     134.340 
                        ha0     1     47.565       0.000      47.565 
                        ha1     1     47.565       0.000      47.565 
                        fa0     1     39.210       0.000      39.210 
                p1             49   2113.463       0.000    2113.463 
                  p0           22    954.528       0.000     954.528 
                    p0          9    394.666       0.000     394.666 
                      p0        3    134.340       0.000     134.340 
                        ha0     1     47.565       0.000      47.565 
                        ha1     1     47.565       0.000      47.565 
                        fa0     1     39.210       0.000      39.210 
                      p1        3    134.340       0.000     134.340 
                        ha0     1     47.565       0.000      47.565 
                        ha1     1     47.565       0.000      47.565 
                        fa0     1     39.210       0.000      39.210 
                    p1          9    394.666       0.000     394.666 
                      p0        3    134.340       0.000     134.340 
                        ha0     1     47.565       0.000      47.565 
                        ha1     1     47.565       0.000      47.565 
                        fa0     1     39.210       0.000      39.210 
                      p1        3    134.340       0.000     134.340 
                        ha0     1     47.565       0.000      47.565 
                        ha1     1     47.565       0.000      47.565 
                        fa0     1     39.210       0.000      39.210 
                  p1           22    954.528       0.000     954.528 
                    p0          9    394.666       0.000     394.666 
                      p0        3    134.340       0.000     134.340 
                        ha0     1     47.565       0.000      47.565 
                        ha1     1     47.565       0.000      47.565 
                        fa0     1     39.210       0.000      39.210 
                      p1        3    134.340       0.000     134.340 
                        ha0     1     47.565       0.000      47.565 
                        ha1     1     47.565       0.000      47.565 
                        fa0     1     39.210       0.000      39.210 
                    p1          9    394.666       0.000     394.666 
                      p0        3    134.340       0.000     134.340 
                        ha0     1     47.565       0.000      47.565 
                        ha1     1     47.565       0.000      47.565 
                        fa0     1     39.210       0.000      39.210 
                      p1        3    134.340       0.000     134.340 
                        ha0     1     47.565       0.000      47.565 
                        ha1     1     47.565       0.000      47.565 
                        fa0     1     39.210       0.000      39.210 
            p1                215   9223.914       0.000    9223.914 
              p0              104   4470.543       0.000    4470.543 
                p0             49   2113.463       0.000    2113.463 
                  p0           22    954.528       0.000     954.528 
                    p0          9    394.666       0.000     394.666 
                      p0        3    134.340       0.000     134.340 
                        ha0     1     47.565       0.000      47.565 
                        ha1     1     47.565       0.000      47.565 
                        fa0     1     39.210       0.000      39.210 
                      p1        3    134.340       0.000     134.340 
                        ha0     1     47.565       0.000      47.565 
                        ha1     1     47.565       0.000      47.565 
                        fa0     1     39.210       0.000      39.210 
                    p1          9    394.666       0.000     394.666 
                      p0        3    134.340       0.000     134.340 
                        ha0     1     47.565       0.000      47.565 
                        ha1     1     47.565       0.000      47.565 
                        fa0     1     39.210       0.000      39.210 
                      p1        3    134.340       0.000     134.340 
                        ha0     1     47.565       0.000      47.565 
                        ha1     1     47.565       0.000      47.565 
                        fa0     1     39.210       0.000      39.210 
                  p1           22    954.528       0.000     954.528 
                    p0          9    394.666       0.000     394.666 
                      p0        3    134.340       0.000     134.340 
                        ha0     1     47.565       0.000      47.565 
                        ha1     1     47.565       0.000      47.565 
                        fa0     1     39.210       0.000      39.210 
                      p1        3    134.340       0.000     134.340 
                        ha0     1     47.565       0.000      47.565 
                        ha1     1     47.565       0.000      47.565 
                        fa0     1     39.210       0.000      39.210 
                    p1          9    394.666       0.000     394.666 
                      p0        3    134.340       0.000     134.340 
                        ha0     1     47.565       0.000      47.565 
                        ha1     1     47.565       0.000      47.565 
                        fa0     1     39.210       0.000      39.210 
                      p1        3    134.340       0.000     134.340 
                        ha0     1     47.565       0.000      47.565 
                        ha1     1     47.565       0.000      47.565 
                        fa0     1     39.210       0.000      39.210 
                p1             49   2113.463       0.000    2113.463 
                  p0           22    954.528       0.000     954.528 
                    p0          9    394.666       0.000     394.666 
                      p0        3    134.340       0.000     134.340 
                        ha0     1     47.565       0.000      47.565 
                        ha1     1     47.565       0.000      47.565 
                        fa0     1     39.210       0.000      39.210 
                      p1        3    134.340       0.000     134.340 
                        ha0     1     47.565       0.000      47.565 
                        ha1     1     47.565       0.000      47.565 
                        fa0     1     39.210       0.000      39.210 
                    p1          9    394.666       0.000     394.666 
                      p0        3    134.340       0.000     134.340 
                        ha0     1     47.565       0.000      47.565 
                        ha1     1     47.565       0.000      47.565 
                        fa0     1     39.210       0.000      39.210 
                      p1        3    134.340       0.000     134.340 
                        ha0     1     47.565       0.000      47.565 
                        ha1     1     47.565       0.000      47.565 
                        fa0     1     39.210       0.000      39.210 
                  p1           22    954.528       0.000     954.528 
                    p0          9    394.666       0.000     394.666 
                      p0        3    134.340       0.000     134.340 
                        ha0     1     47.565       0.000      47.565 
                        ha1     1     47.565       0.000      47.565 
                        fa0     1     39.210       0.000      39.210 
                      p1        3    134.340       0.000     134.340 
                        ha0     1     47.565       0.000      47.565 
                        ha1     1     47.565       0.000      47.565 
                        fa0     1     39.210       0.000      39.210 
                    p1          9    394.666       0.000     394.666 
                      p0        3    134.340       0.000     134.340 
                        ha0     1     47.565       0.000      47.565 
                        ha1     1     47.565       0.000      47.565 
                        fa0     1     39.210       0.000      39.210 
                      p1        3    134.340       0.000     134.340 
                        ha0     1     47.565       0.000      47.565 
                        ha1     1     47.565       0.000      47.565 
                        fa0     1     39.210       0.000      39.210 
              p1              104   4470.543       0.000    4470.543 
                p0             49   2113.463       0.000    2113.463 
                  p0           22    954.528       0.000     954.528 
                    p0          9    394.666       0.000     394.666 
                      p0        3    134.340       0.000     134.340 
                        ha0     1     47.565       0.000      47.565 
                        ha1     1     47.565       0.000      47.565 
                        fa0     1     39.210       0.000      39.210 
                      p1        3    134.340       0.000     134.340 
                        ha0     1     47.565       0.000      47.565 
                        ha1     1     47.565       0.000      47.565 
                        fa0     1     39.210       0.000      39.210 
                    p1          9    394.666       0.000     394.666 
                      p0        3    134.340       0.000     134.340 
                        ha0     1     47.565       0.000      47.565 
                        ha1     1     47.565       0.000      47.565 
                        fa0     1     39.210       0.000      39.210 
                      p1        3    134.340       0.000     134.340 
                        ha0     1     47.565       0.000      47.565 
                        ha1     1     47.565       0.000      47.565 
                        fa0     1     39.210       0.000      39.210 
                  p1           22    954.528       0.000     954.528 
                    p0          9    394.666       0.000     394.666 
                      p0        3    134.340       0.000     134.340 
                        ha0     1     47.565       0.000      47.565 
                        ha1     1     47.565       0.000      47.565 
                        fa0     1     39.210       0.000      39.210 
                      p1        3    134.340       0.000     134.340 
                        ha0     1     47.565       0.000      47.565 
                        ha1     1     47.565       0.000      47.565 
                        fa0     1     39.210       0.000      39.210 
                    p1          9    394.666       0.000     394.666 
                      p0        3    134.340       0.000     134.340 
                        ha0     1     47.565       0.000      47.565 
                        ha1     1     47.565       0.000      47.565 
                        fa0     1     39.210       0.000      39.210 
                      p1        3    134.340       0.000     134.340 
                        ha0     1     47.565       0.000      47.565 
                        ha1     1     47.565       0.000      47.565 
                        fa0     1     39.210       0.000      39.210 
                p1             49   2113.463       0.000    2113.463 
                  p0           22    954.528       0.000     954.528 
                    p0          9    394.666       0.000     394.666 
                      p0        3    134.340       0.000     134.340 
                        ha0     1     47.565       0.000      47.565 
                        ha1     1     47.565       0.000      47.565 
                        fa0     1     39.210       0.000      39.210 
                      p1        3    134.340       0.000     134.340 
                        ha0     1     47.565       0.000      47.565 
                        ha1     1     47.565       0.000      47.565 
                        fa0     1     39.210       0.000      39.210 
                    p1          9    394.666       0.000     394.666 
                      p0        3    134.340       0.000     134.340 
                        ha0     1     47.565       0.000      47.565 
                        ha1     1     47.565       0.000      47.565 
                        fa0     1     39.210       0.000      39.210 
                      p1        3    134.340       0.000     134.340 
                        ha0     1     47.565       0.000      47.565 
                        ha1     1     47.565       0.000      47.565 
                        fa0     1     39.210       0.000      39.210 
                  p1           22    954.528       0.000     954.528 
                    p0          9    394.666       0.000     394.666 
                      p0        3    134.340       0.000     134.340 
                        ha0     1     47.565       0.000      47.565 
                        ha1     1     47.565       0.000      47.565 
                        fa0     1     39.210       0.000      39.210 
                      p1        3    134.340       0.000     134.340 
                        ha0     1     47.565       0.000      47.565 
                        ha1     1     47.565       0.000      47.565 
                        fa0     1     39.210       0.000      39.210 
                    p1          9    394.666       0.000     394.666 
                      p0        3    134.340       0.000     134.340 
                        ha0     1     47.565       0.000      47.565 
                        ha1     1     47.565       0.000      47.565 
                        fa0     1     39.210       0.000      39.210 
                      p1        3    134.340       0.000     134.340 
                        ha0     1     47.565       0.000      47.565 
                        ha1     1     47.565       0.000      47.565 
                        fa0     1     39.210       0.000      39.210 
        p1                    885  37900.978       0.000   37900.978 
          p0                  438  18769.865       0.000   18769.865 
            p0                215   9223.914       0.000    9223.914 
              p0              104   4470.543       0.000    4470.543 
                p0             49   2113.463       0.000    2113.463 
                  p0           22    954.528       0.000     954.528 
                    p0          9    394.666       0.000     394.666 
                      p0        3    134.340       0.000     134.340 
                        ha0     1     47.565       0.000      47.565 
                        ha1     1     47.565       0.000      47.565 
                        fa0     1     39.210       0.000      39.210 
                      p1        3    134.340       0.000     134.340 
                        ha0     1     47.565       0.000      47.565 
                        ha1     1     47.565       0.000      47.565 
                        fa0     1     39.210       0.000      39.210 
                    p1          9    394.666       0.000     394.666 
                      p0        3    134.340       0.000     134.340 
                        ha0     1     47.565       0.000      47.565 
                        ha1     1     47.565       0.000      47.565 
                        fa0     1     39.210       0.000      39.210 
                      p1        3    134.340       0.000     134.340 
                        ha0     1     47.565       0.000      47.565 
                        ha1     1     47.565       0.000      47.565 
                        fa0     1     39.210       0.000      39.210 
                  p1           22    954.528       0.000     954.528 
                    p0          9    394.666       0.000     394.666 
                      p0        3    134.340       0.000     134.340 
                        ha0     1     47.565       0.000      47.565 
                        ha1     1     47.565       0.000      47.565 
                        fa0     1     39.210       0.000      39.210 
                      p1        3    134.340       0.000     134.340 
                        ha0     1     47.565       0.000      47.565 
                        ha1     1     47.565       0.000      47.565 
                        fa0     1     39.210       0.000      39.210 
                    p1          9    394.666       0.000     394.666 
                      p0        3    134.340       0.000     134.340 
                        ha0     1     47.565       0.000      47.565 
                        ha1     1     47.565       0.000      47.565 
                        fa0     1     39.210       0.000      39.210 
                      p1        3    134.340       0.000     134.340 
                        ha0     1     47.565       0.000      47.565 
                        ha1     1     47.565       0.000      47.565 
                        fa0     1     39.210       0.000      39.210 
                p1             49   2113.463       0.000    2113.463 
                  p0           22    954.528       0.000     954.528 
                    p0          9    394.666       0.000     394.666 
                      p0        3    134.340       0.000     134.340 
                        ha0     1     47.565       0.000      47.565 
                        ha1     1     47.565       0.000      47.565 
                        fa0     1     39.210       0.000      39.210 
                      p1        3    134.340       0.000     134.340 
                        ha0     1     47.565       0.000      47.565 
                        ha1     1     47.565       0.000      47.565 
                        fa0     1     39.210       0.000      39.210 
                    p1          9    394.666       0.000     394.666 
                      p0        3    134.340       0.000     134.340 
                        ha0     1     47.565       0.000      47.565 
                        ha1     1     47.565       0.000      47.565 
                        fa0     1     39.210       0.000      39.210 
                      p1        3    134.340       0.000     134.340 
                        ha0     1     47.565       0.000      47.565 
                        ha1     1     47.565       0.000      47.565 
                        fa0     1     39.210       0.000      39.210 
                  p1           22    954.528       0.000     954.528 
                    p0          9    394.666       0.000     394.666 
                      p0        3    134.340       0.000     134.340 
                        ha0     1     47.565       0.000      47.565 
                        ha1     1     47.565       0.000      47.565 
                        fa0     1     39.210       0.000      39.210 
                      p1        3    134.340       0.000     134.340 
                        ha0     1     47.565       0.000      47.565 
                        ha1     1     47.565       0.000      47.565 
                        fa0     1     39.210       0.000      39.210 
                    p1          9    394.666       0.000     394.666 
                      p0        3    134.340       0.000     134.340 
                        ha0     1     47.565       0.000      47.565 
                        ha1     1     47.565       0.000      47.565 
                        fa0     1     39.210       0.000      39.210 
                      p1        3    134.340       0.000     134.340 
                        ha0     1     47.565       0.000      47.565 
                        ha1     1     47.565       0.000      47.565 
                        fa0     1     39.210       0.000      39.210 
              p1              104   4470.543       0.000    4470.543 
                p0             49   2113.463       0.000    2113.463 
                  p0           22    954.528       0.000     954.528 
                    p0          9    394.666       0.000     394.666 
                      p0        3    134.340       0.000     134.340 
                        ha0     1     47.565       0.000      47.565 
                        ha1     1     47.565       0.000      47.565 
                        fa0     1     39.210       0.000      39.210 
                      p1        3    134.340       0.000     134.340 
                        ha0     1     47.565       0.000      47.565 
                        ha1     1     47.565       0.000      47.565 
                        fa0     1     39.210       0.000      39.210 
                    p1          9    394.666       0.000     394.666 
                      p0        3    134.340       0.000     134.340 
                        ha0     1     47.565       0.000      47.565 
                        ha1     1     47.565       0.000      47.565 
                        fa0     1     39.210       0.000      39.210 
                      p1        3    134.340       0.000     134.340 
                        ha0     1     47.565       0.000      47.565 
                        ha1     1     47.565       0.000      47.565 
                        fa0     1     39.210       0.000      39.210 
                  p1           22    954.528       0.000     954.528 
                    p0          9    394.666       0.000     394.666 
                      p0        3    134.340       0.000     134.340 
                        ha0     1     47.565       0.000      47.565 
                        ha1     1     47.565       0.000      47.565 
                        fa0     1     39.210       0.000      39.210 
                      p1        3    134.340       0.000     134.340 
                        ha0     1     47.565       0.000      47.565 
                        ha1     1     47.565       0.000      47.565 
                        fa0     1     39.210       0.000      39.210 
                    p1          9    394.666       0.000     394.666 
                      p0        3    134.340       0.000     134.340 
                        ha0     1     47.565       0.000      47.565 
                        ha1     1     47.565       0.000      47.565 
                        fa0     1     39.210       0.000      39.210 
                      p1        3    134.340       0.000     134.340 
                        ha0     1     47.565       0.000      47.565 
                        ha1     1     47.565       0.000      47.565 
                        fa0     1     39.210       0.000      39.210 
                p1             49   2113.463       0.000    2113.463 
                  p0           22    954.528       0.000     954.528 
                    p0          9    394.666       0.000     394.666 
                      p0        3    134.340       0.000     134.340 
                        ha0     1     47.565       0.000      47.565 
                        ha1     1     47.565       0.000      47.565 
                        fa0     1     39.210       0.000      39.210 
                      p1        3    134.340       0.000     134.340 
                        ha0     1     47.565       0.000      47.565 
                        ha1     1     47.565       0.000      47.565 
                        fa0     1     39.210       0.000      39.210 
                    p1          9    394.666       0.000     394.666 
                      p0        3    134.340       0.000     134.340 
                        ha0     1     47.565       0.000      47.565 
                        ha1     1     47.565       0.000      47.565 
                        fa0     1     39.210       0.000      39.210 
                      p1        3    134.340       0.000     134.340 
                        ha0     1     47.565       0.000      47.565 
                        ha1     1     47.565       0.000      47.565 
                        fa0     1     39.210       0.000      39.210 
                  p1           22    954.528       0.000     954.528 
                    p0          9    394.666       0.000     394.666 
                      p0        3    134.340       0.000     134.340 
                        ha0     1     47.565       0.000      47.565 
                        ha1     1     47.565       0.000      47.565 
                        fa0     1     39.210       0.000      39.210 
                      p1        3    134.340       0.000     134.340 
                        ha0     1     47.565       0.000      47.565 
                        ha1     1     47.565       0.000      47.565 
                        fa0     1     39.210       0.000      39.210 
                    p1          9    394.666       0.000     394.666 
                      p0        3    134.340       0.000     134.340 
                        ha0     1     47.565       0.000      47.565 
                        ha1     1     47.565       0.000      47.565 
                        fa0     1     39.210       0.000      39.210 
                      p1        3    134.340       0.000     134.340 
                        ha0     1     47.565       0.000      47.565 
                        ha1     1     47.565       0.000      47.565 
                        fa0     1     39.210       0.000      39.210 
            p1                215   9223.914       0.000    9223.914 
              p0              104   4470.543       0.000    4470.543 
                p0             49   2113.463       0.000    2113.463 
                  p0           22    954.528       0.000     954.528 
                    p0          9    394.666       0.000     394.666 
                      p0        3    134.340       0.000     134.340 
                        ha0     1     47.565       0.000      47.565 
                        ha1     1     47.565       0.000      47.565 
                        fa0     1     39.210       0.000      39.210 
                      p1        3    134.340       0.000     134.340 
                        ha0     1     47.565       0.000      47.565 
                        ha1     1     47.565       0.000      47.565 
                        fa0     1     39.210       0.000      39.210 
                    p1          9    394.666       0.000     394.666 
                      p0        3    134.340       0.000     134.340 
                        ha0     1     47.565       0.000      47.565 
                        ha1     1     47.565       0.000      47.565 
                        fa0     1     39.210       0.000      39.210 
                      p1        3    134.340       0.000     134.340 
                        ha0     1     47.565       0.000      47.565 
                        ha1     1     47.565       0.000      47.565 
                        fa0     1     39.210       0.000      39.210 
                  p1           22    954.528       0.000     954.528 
                    p0          9    394.666       0.000     394.666 
                      p0        3    134.340       0.000     134.340 
                        ha0     1     47.565       0.000      47.565 
                        ha1     1     47.565       0.000      47.565 
                        fa0     1     39.210       0.000      39.210 
                      p1        3    134.340       0.000     134.340 
                        ha0     1     47.565       0.000      47.565 
                        ha1     1     47.565       0.000      47.565 
                        fa0     1     39.210       0.000      39.210 
                    p1          9    394.666       0.000     394.666 
                      p0        3    134.340       0.000     134.340 
                        ha0     1     47.565       0.000      47.565 
                        ha1     1     47.565       0.000      47.565 
                        fa0     1     39.210       0.000      39.210 
                      p1        3    134.340       0.000     134.340 
                        ha0     1     47.565       0.000      47.565 
                        ha1     1     47.565       0.000      47.565 
                        fa0     1     39.210       0.000      39.210 
                p1             49   2113.463       0.000    2113.463 
                  p0           22    954.528       0.000     954.528 
                    p0          9    394.666       0.000     394.666 
                      p0        3    134.340       0.000     134.340 
                        ha0     1     47.565       0.000      47.565 
                        ha1     1     47.565       0.000      47.565 
                        fa0     1     39.210       0.000      39.210 
                      p1        3    134.340       0.000     134.340 
                        ha0     1     47.565       0.000      47.565 
                        ha1     1     47.565       0.000      47.565 
                        fa0     1     39.210       0.000      39.210 
                    p1          9    394.666       0.000     394.666 
                      p0        3    134.340       0.000     134.340 
                        ha0     1     47.565       0.000      47.565 
                        ha1     1     47.565       0.000      47.565 
                        fa0     1     39.210       0.000      39.210 
                      p1        3    134.340       0.000     134.340 
                        ha0     1     47.565       0.000      47.565 
                        ha1     1     47.565       0.000      47.565 
                        fa0     1     39.210       0.000      39.210 
                  p1           22    954.528       0.000     954.528 
                    p0          9    394.666       0.000     394.666 
                      p0        3    134.340       0.000     134.340 
                        ha0     1     47.565       0.000      47.565 
                        ha1     1     47.565       0.000      47.565 
                        fa0     1     39.210       0.000      39.210 
                      p1        3    134.340       0.000     134.340 
                        ha0     1     47.565       0.000      47.565 
                        ha1     1     47.565       0.000      47.565 
                        fa0     1     39.210       0.000      39.210 
                    p1          9    394.666       0.000     394.666 
                      p0        3    134.340       0.000     134.340 
                        ha0     1     47.565       0.000      47.565 
                        ha1     1     47.565       0.000      47.565 
                        fa0     1     39.210       0.000      39.210 
                      p1        3    134.340       0.000     134.340 
                        ha0     1     47.565       0.000      47.565 
                        ha1     1     47.565       0.000      47.565 
                        fa0     1     39.210       0.000      39.210 
              p1              104   4470.543       0.000    4470.543 
                p0             49   2113.463       0.000    2113.463 
                  p0           22    954.528       0.000     954.528 
                    p0          9    394.666       0.000     394.666 
                      p0        3    134.340       0.000     134.340 
                        ha0     1     47.565       0.000      47.565 
                        ha1     1     47.565       0.000      47.565 
                        fa0     1     39.210       0.000      39.210 
                      p1        3    134.340       0.000     134.340 
                        ha0     1     47.565       0.000      47.565 
                        ha1     1     47.565       0.000      47.565 
                        fa0     1     39.210       0.000      39.210 
                    p1          9    394.666       0.000     394.666 
                      p0        3    134.340       0.000     134.340 
                        ha0     1     47.565       0.000      47.565 
                        ha1     1     47.565       0.000      47.565 
                        fa0     1     39.210       0.000      39.210 
                      p1        3    134.340       0.000     134.340 
                        ha0     1     47.565       0.000      47.565 
                        ha1     1     47.565       0.000      47.565 
                        fa0     1     39.210       0.000      39.210 
                  p1           22    954.528       0.000     954.528 
                    p0          9    394.666       0.000     394.666 
                      p0        3    134.340       0.000     134.340 
                        ha0     1     47.565       0.000      47.565 
                        ha1     1     47.565       0.000      47.565 
                        fa0     1     39.210       0.000      39.210 
                      p1        3    134.340       0.000     134.340 
                        ha0     1     47.565       0.000      47.565 
                        ha1     1     47.565       0.000      47.565 
                        fa0     1     39.210       0.000      39.210 
                    p1          9    394.666       0.000     394.666 
                      p0        3    134.340       0.000     134.340 
                        ha0     1     47.565       0.000      47.565 
                        ha1     1     47.565       0.000      47.565 
                        fa0     1     39.210       0.000      39.210 
                      p1        3    134.340       0.000     134.340 
                        ha0     1     47.565       0.000      47.565 
                        ha1     1     47.565       0.000      47.565 
                        fa0     1     39.210       0.000      39.210 
                p1             49   2113.463       0.000    2113.463 
                  p0           22    954.528       0.000     954.528 
                    p0          9    394.666       0.000     394.666 
                      p0        3    134.340       0.000     134.340 
                        ha0     1     47.565       0.000      47.565 
                        ha1     1     47.565       0.000      47.565 
                        fa0     1     39.210       0.000      39.210 
                      p1        3    134.340       0.000     134.340 
                        ha0     1     47.565       0.000      47.565 
                        ha1     1     47.565       0.000      47.565 
                        fa0     1     39.210       0.000      39.210 
                    p1          9    394.666       0.000     394.666 
                      p0        3    134.340       0.000     134.340 
                        ha0     1     47.565       0.000      47.565 
                        ha1     1     47.565       0.000      47.565 
                        fa0     1     39.210       0.000      39.210 
                      p1        3    134.340       0.000     134.340 
                        ha0     1     47.565       0.000      47.565 
                        ha1     1     47.565       0.000      47.565 
                        fa0     1     39.210       0.000      39.210 
                  p1           22    954.528       0.000     954.528 
                    p0          9    394.666       0.000     394.666 
                      p0        3    134.340       0.000     134.340 
                        ha0     1     47.565       0.000      47.565 
                        ha1     1     47.565       0.000      47.565 
                        fa0     1     39.210       0.000      39.210 
                      p1        3    134.340       0.000     134.340 
                        ha0     1     47.565       0.000      47.565 
                        ha1     1     47.565       0.000      47.565 
                        fa0     1     39.210       0.000      39.210 
                    p1          9    394.666       0.000     394.666 
                      p0        3    134.340       0.000     134.340 
                        ha0     1     47.565       0.000      47.565 
                        ha1     1     47.565       0.000      47.565 
                        fa0     1     39.210       0.000      39.210 
                      p1        3    134.340       0.000     134.340 
                        ha0     1     47.565       0.000      47.565 
                        ha1     1     47.565       0.000      47.565 
                        fa0     1     39.210       0.000      39.210 
          p1                  438  18769.865       0.000   18769.865 
            p0                215   9223.914       0.000    9223.914 
              p0              104   4470.543       0.000    4470.543 
                p0             49   2113.463       0.000    2113.463 
                  p0           22    954.528       0.000     954.528 
                    p0          9    394.666       0.000     394.666 
                      p0        3    134.340       0.000     134.340 
                        ha0     1     47.565       0.000      47.565 
                        ha1     1     47.565       0.000      47.565 
                        fa0     1     39.210       0.000      39.210 
                      p1        3    134.340       0.000     134.340 
                        ha0     1     47.565       0.000      47.565 
                        ha1     1     47.565       0.000      47.565 
                        fa0     1     39.210       0.000      39.210 
                    p1          9    394.666       0.000     394.666 
                      p0        3    134.340       0.000     134.340 
                        ha0     1     47.565       0.000      47.565 
                        ha1     1     47.565       0.000      47.565 
                        fa0     1     39.210       0.000      39.210 
                      p1        3    134.340       0.000     134.340 
                        ha0     1     47.565       0.000      47.565 
                        ha1     1     47.565       0.000      47.565 
                        fa0     1     39.210       0.000      39.210 
                  p1           22    954.528       0.000     954.528 
                    p0          9    394.666       0.000     394.666 
                      p0        3    134.340       0.000     134.340 
                        ha0     1     47.565       0.000      47.565 
                        ha1     1     47.565       0.000      47.565 
                        fa0     1     39.210       0.000      39.210 
                      p1        3    134.340       0.000     134.340 
                        ha0     1     47.565       0.000      47.565 
                        ha1     1     47.565       0.000      47.565 
                        fa0     1     39.210       0.000      39.210 
                    p1          9    394.666       0.000     394.666 
                      p0        3    134.340       0.000     134.340 
                        ha0     1     47.565       0.000      47.565 
                        ha1     1     47.565       0.000      47.565 
                        fa0     1     39.210       0.000      39.210 
                      p1        3    134.340       0.000     134.340 
                        ha0     1     47.565       0.000      47.565 
                        ha1     1     47.565       0.000      47.565 
                        fa0     1     39.210       0.000      39.210 
                p1             49   2113.463       0.000    2113.463 
                  p0           22    954.528       0.000     954.528 
                    p0          9    394.666       0.000     394.666 
                      p0        3    134.340       0.000     134.340 
                        ha0     1     47.565       0.000      47.565 
                        ha1     1     47.565       0.000      47.565 
                        fa0     1     39.210       0.000      39.210 
                      p1        3    134.340       0.000     134.340 
                        ha0     1     47.565       0.000      47.565 
                        ha1     1     47.565       0.000      47.565 
                        fa0     1     39.210       0.000      39.210 
                    p1          9    394.666       0.000     394.666 
                      p0        3    134.340       0.000     134.340 
                        ha0     1     47.565       0.000      47.565 
                        ha1     1     47.565       0.000      47.565 
                        fa0     1     39.210       0.000      39.210 
                      p1        3    134.340       0.000     134.340 
                        ha0     1     47.565       0.000      47.565 
                        ha1     1     47.565       0.000      47.565 
                        fa0     1     39.210       0.000      39.210 
                  p1           22    954.528       0.000     954.528 
                    p0          9    394.666       0.000     394.666 
                      p0        3    134.340       0.000     134.340 
                        ha0     1     47.565       0.000      47.565 
                        ha1     1     47.565       0.000      47.565 
                        fa0     1     39.210       0.000      39.210 
                      p1        3    134.340       0.000     134.340 
                        ha0     1     47.565       0.000      47.565 
                        ha1     1     47.565       0.000      47.565 
                        fa0     1     39.210       0.000      39.210 
                    p1          9    394.666       0.000     394.666 
                      p0        3    134.340       0.000     134.340 
                        ha0     1     47.565       0.000      47.565 
                        ha1     1     47.565       0.000      47.565 
                        fa0     1     39.210       0.000      39.210 
                      p1        3    134.340       0.000     134.340 
                        ha0     1     47.565       0.000      47.565 
                        ha1     1     47.565       0.000      47.565 
                        fa0     1     39.210       0.000      39.210 
              p1              104   4470.543       0.000    4470.543 
                p0             49   2113.463       0.000    2113.463 
                  p0           22    954.528       0.000     954.528 
                    p0          9    394.666       0.000     394.666 
                      p0        3    134.340       0.000     134.340 
                        ha0     1     47.565       0.000      47.565 
                        ha1     1     47.565       0.000      47.565 
                        fa0     1     39.210       0.000      39.210 
                      p1        3    134.340       0.000     134.340 
                        ha0     1     47.565       0.000      47.565 
                        ha1     1     47.565       0.000      47.565 
                        fa0     1     39.210       0.000      39.210 
                    p1          9    394.666       0.000     394.666 
                      p0        3    134.340       0.000     134.340 
                        ha0     1     47.565       0.000      47.565 
                        ha1     1     47.565       0.000      47.565 
                        fa0     1     39.210       0.000      39.210 
                      p1        3    134.340       0.000     134.340 
                        ha0     1     47.565       0.000      47.565 
                        ha1     1     47.565       0.000      47.565 
                        fa0     1     39.210       0.000      39.210 
                  p1           22    954.528       0.000     954.528 
                    p0          9    394.666       0.000     394.666 
                      p0        3    134.340       0.000     134.340 
                        ha0     1     47.565       0.000      47.565 
                        ha1     1     47.565       0.000      47.565 
                        fa0     1     39.210       0.000      39.210 
                      p1        3    134.340       0.000     134.340 
                        ha0     1     47.565       0.000      47.565 
                        ha1     1     47.565       0.000      47.565 
                        fa0     1     39.210       0.000      39.210 
                    p1          9    394.666       0.000     394.666 
                      p0        3    134.340       0.000     134.340 
                        ha0     1     47.565       0.000      47.565 
                        ha1     1     47.565       0.000      47.565 
                        fa0     1     39.210       0.000      39.210 
                      p1        3    134.340       0.000     134.340 
                        ha0     1     47.565       0.000      47.565 
                        ha1     1     47.565       0.000      47.565 
                        fa0     1     39.210       0.000      39.210 
                p1             49   2113.463       0.000    2113.463 
                  p0           22    954.528       0.000     954.528 
                    p0          9    394.666       0.000     394.666 
                      p0        3    134.340       0.000     134.340 
                        ha0     1     47.565       0.000      47.565 
                        ha1     1     47.565       0.000      47.565 
                        fa0     1     39.210       0.000      39.210 
                      p1        3    134.340       0.000     134.340 
                        ha0     1     47.565       0.000      47.565 
                        ha1     1     47.565       0.000      47.565 
                        fa0     1     39.210       0.000      39.210 
                    p1          9    394.666       0.000     394.666 
                      p0        3    134.340       0.000     134.340 
                        ha0     1     47.565       0.000      47.565 
                        ha1     1     47.565       0.000      47.565 
                        fa0     1     39.210       0.000      39.210 
                      p1        3    134.340       0.000     134.340 
                        ha0     1     47.565       0.000      47.565 
                        ha1     1     47.565       0.000      47.565 
                        fa0     1     39.210       0.000      39.210 
                  p1           22    954.528       0.000     954.528 
                    p0          9    394.666       0.000     394.666 
                      p0        3    134.340       0.000     134.340 
                        ha0     1     47.565       0.000      47.565 
                        ha1     1     47.565       0.000      47.565 
                        fa0     1     39.210       0.000      39.210 
                      p1        3    134.340       0.000     134.340 
                        ha0     1     47.565       0.000      47.565 
                        ha1     1     47.565       0.000      47.565 
                        fa0     1     39.210       0.000      39.210 
                    p1          9    394.666       0.000     394.666 
                      p0        3    134.340       0.000     134.340 
                        ha0     1     47.565       0.000      47.565 
                        ha1     1     47.565       0.000      47.565 
                        fa0     1     39.210       0.000      39.210 
                      p1        3    134.340       0.000     134.340 
                        ha0     1     47.565       0.000      47.565 
                        ha1     1     47.565       0.000      47.565 
                        fa0     1     39.210       0.000      39.210 
            p1                215   9223.914       0.000    9223.914 
              p0              104   4470.543       0.000    4470.543 
                p0             49   2113.463       0.000    2113.463 
                  p0           22    954.528       0.000     954.528 
                    p0          9    394.666       0.000     394.666 
                      p0        3    134.340       0.000     134.340 
                        ha0     1     47.565       0.000      47.565 
                        ha1     1     47.565       0.000      47.565 
                        fa0     1     39.210       0.000      39.210 
                      p1        3    134.340       0.000     134.340 
                        ha0     1     47.565       0.000      47.565 
                        ha1     1     47.565       0.000      47.565 
                        fa0     1     39.210       0.000      39.210 
                    p1          9    394.666       0.000     394.666 
                      p0        3    134.340       0.000     134.340 
                        ha0     1     47.565       0.000      47.565 
                        ha1     1     47.565       0.000      47.565 
                        fa0     1     39.210       0.000      39.210 
                      p1        3    134.340       0.000     134.340 
                        ha0     1     47.565       0.000      47.565 
                        ha1     1     47.565       0.000      47.565 
                        fa0     1     39.210       0.000      39.210 
                  p1           22    954.528       0.000     954.528 
                    p0          9    394.666       0.000     394.666 
                      p0        3    134.340       0.000     134.340 
                        ha0     1     47.565       0.000      47.565 
                        ha1     1     47.565       0.000      47.565 
                        fa0     1     39.210       0.000      39.210 
                      p1        3    134.340       0.000     134.340 
                        ha0     1     47.565       0.000      47.565 
                        ha1     1     47.565       0.000      47.565 
                        fa0     1     39.210       0.000      39.210 
                    p1          9    394.666       0.000     394.666 
                      p0        3    134.340       0.000     134.340 
                        ha0     1     47.565       0.000      47.565 
                        ha1     1     47.565       0.000      47.565 
                        fa0     1     39.210       0.000      39.210 
                      p1        3    134.340       0.000     134.340 
                        ha0     1     47.565       0.000      47.565 
                        ha1     1     47.565       0.000      47.565 
                        fa0     1     39.210       0.000      39.210 
                p1             49   2113.463       0.000    2113.463 
                  p0           22    954.528       0.000     954.528 
                    p0          9    394.666       0.000     394.666 
                      p0        3    134.340       0.000     134.340 
                        ha0     1     47.565       0.000      47.565 
                        ha1     1     47.565       0.000      47.565 
                        fa0     1     39.210       0.000      39.210 
                      p1        3    134.340       0.000     134.340 
                        ha0     1     47.565       0.000      47.565 
                        ha1     1     47.565       0.000      47.565 
                        fa0     1     39.210       0.000      39.210 
                    p1          9    394.666       0.000     394.666 
                      p0        3    134.340       0.000     134.340 
                        ha0     1     47.565       0.000      47.565 
                        ha1     1     47.565       0.000      47.565 
                        fa0     1     39.210       0.000      39.210 
                      p1        3    134.340       0.000     134.340 
                        ha0     1     47.565       0.000      47.565 
                        ha1     1     47.565       0.000      47.565 
                        fa0     1     39.210       0.000      39.210 
                  p1           22    954.528       0.000     954.528 
                    p0          9    394.666       0.000     394.666 
                      p0        3    134.340       0.000     134.340 
                        ha0     1     47.565       0.000      47.565 
                        ha1     1     47.565       0.000      47.565 
                        fa0     1     39.210       0.000      39.210 
                      p1        3    134.340       0.000     134.340 
                        ha0     1     47.565       0.000      47.565 
                        ha1     1     47.565       0.000      47.565 
                        fa0     1     39.210       0.000      39.210 
                    p1          9    394.666       0.000     394.666 
                      p0        3    134.340       0.000     134.340 
                        ha0     1     47.565       0.000      47.565 
                        ha1     1     47.565       0.000      47.565 
                        fa0     1     39.210       0.000      39.210 
                      p1        3    134.340       0.000     134.340 
                        ha0     1     47.565       0.000      47.565 
                        ha1     1     47.565       0.000      47.565 
                        fa0     1     39.210       0.000      39.210 
              p1              104   4470.543       0.000    4470.543 
                p0             49   2113.463       0.000    2113.463 
                  p0           22    954.528       0.000     954.528 
                    p0          9    394.666       0.000     394.666 
                      p0        3    134.340       0.000     134.340 
                        ha0     1     47.565       0.000      47.565 
                        ha1     1     47.565       0.000      47.565 
                        fa0     1     39.210       0.000      39.210 
                      p1        3    134.340       0.000     134.340 
                        ha0     1     47.565       0.000      47.565 
                        ha1     1     47.565       0.000      47.565 
                        fa0     1     39.210       0.000      39.210 
                    p1          9    394.666       0.000     394.666 
                      p0        3    134.340       0.000     134.340 
                        ha0     1     47.565       0.000      47.565 
                        ha1     1     47.565       0.000      47.565 
                        fa0     1     39.210       0.000      39.210 
                      p1        3    134.340       0.000     134.340 
                        ha0     1     47.565       0.000      47.565 
                        ha1     1     47.565       0.000      47.565 
                        fa0     1     39.210       0.000      39.210 
                  p1           22    954.528       0.000     954.528 
                    p0          9    394.666       0.000     394.666 
                      p0        3    134.340       0.000     134.340 
                        ha0     1     47.565       0.000      47.565 
                        ha1     1     47.565       0.000      47.565 
                        fa0     1     39.210       0.000      39.210 
                      p1        3    134.340       0.000     134.340 
                        ha0     1     47.565       0.000      47.565 
                        ha1     1     47.565       0.000      47.565 
                        fa0     1     39.210       0.000      39.210 
                    p1          9    394.666       0.000     394.666 
                      p0        3    134.340       0.000     134.340 
                        ha0     1     47.565       0.000      47.565 
                        ha1     1     47.565       0.000      47.565 
                        fa0     1     39.210       0.000      39.210 
                      p1        3    134.340       0.000     134.340 
                        ha0     1     47.565       0.000      47.565 
                        ha1     1     47.565       0.000      47.565 
                        fa0     1     39.210       0.000      39.210 
                p1             49   2113.463       0.000    2113.463 
                  p0           22    954.528       0.000     954.528 
                    p0          9    394.666       0.000     394.666 
                      p0        3    134.340       0.000     134.340 
                        ha0     1     47.565       0.000      47.565 
                        ha1     1     47.565       0.000      47.565 
                        fa0     1     39.210       0.000      39.210 
                      p1        3    134.340       0.000     134.340 
                        ha0     1     47.565       0.000      47.565 
                        ha1     1     47.565       0.000      47.565 
                        fa0     1     39.210       0.000      39.210 
                    p1          9    394.666       0.000     394.666 
                      p0        3    134.340       0.000     134.340 
                        ha0     1     47.565       0.000      47.565 
                        ha1     1     47.565       0.000      47.565 
                        fa0     1     39.210       0.000      39.210 
                      p1        3    134.340       0.000     134.340 
                        ha0     1     47.565       0.000      47.565 
                        ha1     1     47.565       0.000      47.565 
                        fa0     1     39.210       0.000      39.210 
                  p1           22    954.528       0.000     954.528 
                    p0          9    394.666       0.000     394.666 
                      p0        3    134.340       0.000     134.340 
                        ha0     1     47.565       0.000      47.565 
                        ha1     1     47.565       0.000      47.565 
                        fa0     1     39.210       0.000      39.210 
                      p1        3    134.340       0.000     134.340 
                        ha0     1     47.565       0.000      47.565 
                        ha1     1     47.565       0.000      47.565 
                        fa0     1     39.210       0.000      39.210 
                    p1          9    394.666       0.000     394.666 
                      p0        3    134.340       0.000     134.340 
                        ha0     1     47.565       0.000      47.565 
                        ha1     1     47.565       0.000      47.565 
                        fa0     1     39.210       0.000      39.210 
                      p1        3    134.340       0.000     134.340 
                        ha0     1     47.565       0.000      47.565 
                        ha1     1     47.565       0.000      47.565 
                        fa0     1     39.210       0.000      39.210 
      ctr                     580  12629.854  480362.327  492992.181 
        add_55_25             395   5789.820   70654.224   76444.044 
    cas                       851   8232.777  783627.602  791860.378 
      genblk1.cas8            138   1342.006  119276.183  120618.190 
      genblk1.cas5            111   1080.200   89870.775   90950.975 
      genblk1.cas6            111   1080.200   98690.016   99770.216 
      genblk1.cas7            111   1080.200  124646.219  125726.418 
      genblk1.cas0             76    730.034   58397.872   59127.906 
      genblk1.cas1             76    730.034   56819.712   57549.746 
      genblk1.cas2             76    730.034   64393.434   65123.468 
      genblk1.cas3             76    730.034   80164.207   80894.241 
      genblk1.cas4             76    730.034   91369.184   92099.218 
    genblk1[4].genblk1.sng    116   2333.558   96677.207   99010.765 
      ctr                      40   1520.537   78367.407   79887.944 
    genblk1[1].genblk1.sng    115   2313.804  112964.539  115278.343 
      ctr                      39   1500.784   93518.641   95019.425 
    genblk1[2].genblk1.sng    115   2313.804  112165.907  114479.711 
      ctr                      39   1500.784   92896.232   94397.016 
    genblk1[3].genblk1.sng    115   2313.804  110885.218  113199.022 
      ctr                      39   1500.784   91301.047   92801.831 
    genblk1[0].genblk1.sng    113   2294.523  114344.705  116639.228 
      ctr                      37   1481.503   94148.902   95630.405 

