============================================================
  Generated by:           Encounter(R) RTL Compiler v14.10-s022_1
  Generated on:           Jul 25 2021  01:17:55 pm
  Module:                 ms_es_naive_by2_mul_synth
  Technology library:     gscl45nm 
  Operating conditions:   typical (balanced_tree)
  Wireload mode:          enclosed
  Area mode:              timing library
============================================================

                                  Leakage    Dynamic     Total   
         Instance          Cells Power(nW)  Power(nW)  Power(nW) 
-----------------------------------------------------------------
ms_es_naive_by2_mul_synth    543 14381.971 796975.881 811357.852 
  TOP                        543 14381.971 771767.951 786149.922 
    genblk2.stoch2bin        163  6070.866 322412.055 328482.920 
      ctr                    151  5646.164 301916.553 307562.717 
        add_55_25             30  1184.667  21303.630  22488.296 
      par_ctr                  9   394.666  10789.468  11184.134 
        p0                     3   134.340   4584.446   4718.786 
          ha0                  1    47.565    846.118    893.683 
          ha1                  1    47.565   1424.009   1471.574 
          fa0                  1    39.210   2314.319   2353.529 
        p1                     3   134.340   4429.587   4563.927 
          ha0                  1    47.565    846.118    893.683 
          ha1                  1    47.565   1269.150   1316.715 
          fa0                  1    39.210   2314.319   2353.529 
    genblk1[2].genblk1.sng   121  2720.705 133199.435 135920.140 
      ctr                     49  1911.243  95768.956  97680.199 
    genblk1[1].genblk1.sng   120  2700.951 151140.108 153841.059 
      ctr                     48  1891.489 112060.644 113952.133 
    genblk1[0].genblk1.sng   119  2683.412 151540.114 154223.526 
      ctr                     47  1873.950 112296.587 114170.537 

