============================================================
  Generated by:           Encounter(R) RTL Compiler v14.10-s022_1
  Generated on:           Jul 25 2021  02:01:39 pm
  Module:                 ms_es_ordered_cas_by4_mul_synth
  Technology library:     gscl45nm 
  Operating conditions:   typical (balanced_tree)
  Wireload mode:          enclosed
  Area mode:              timing library
============================================================

                                  Leakage    Dynamic     Total   
         Instance          Cells Power(nW)  Power(nW)  Power(nW) 
-----------------------------------------------------------------
ms_es_orde..by4_mul_synth    295  6721.547 293032.549 299754.096 
  TOP                        295  6721.547 280103.321 286824.867 
    genblk2.stoch2bin         88  3267.635 116301.723 119569.358 
      ctr                     61  2264.523 116301.723 118566.246 
      par_ctr                 22   954.528      0.000    954.528 
        p0                     9   394.666      0.000    394.666 
          p0                   3   134.340      0.000    134.340 
            ha0                1    47.565      0.000     47.565 
            ha1                1    47.565      0.000     47.565 
            fa0                1    39.210      0.000     39.210 
          p1                   3   134.340      0.000    134.340 
            ha0                1    47.565      0.000     47.565 
            ha1                1    47.565      0.000     47.565 
            fa0                1    39.210      0.000     39.210 
        p1                     9   394.666      0.000    394.666 
          p0                   3   134.340      0.000    134.340 
            ha0                1    47.565      0.000     47.565 
            ha1                1    47.565      0.000     47.565 
            fa0                1    39.210      0.000     39.210 
          p1                   3   134.340      0.000    134.340 
            ha0                1    47.565      0.000     47.565 
            ha1                1    47.565      0.000     47.565 
            fa0                1    39.210      0.000     39.210 
    genblk1[1].genblk1.sng    50  1189.800  56484.700  57674.500 
      ctr                     24   930.125  52368.109  53298.234 
    genblk1[0].genblk1.sng    50  1144.117  66178.399  67322.516 
      ctr                     22   892.833  62003.645  62896.478 
    cas                       88   837.202  41138.498  41975.700 
      genblk1.cas_a_b         88   837.202  41138.498  41975.700 

