============================================================
  Generated by:           Encounter(R) RTL Compiler v14.10-s022_1
  Generated on:           Jul 25 2021  01:33:53 pm
  Module:                 ms_es_ordered_bs_by2_mul_synth
  Technology library:     gscl45nm 
  Operating conditions:   typical (balanced_tree)
  Wireload mode:          enclosed
  Area mode:              timing library
============================================================

           Pin                 Type       Fanout Load Slew Delay Arrival   
                                                 (fF) (ps)  (ps)   (ps)    
---------------------------------------------------------------------------
(clock clk_int2)             launch                                    0 R 
TOP
  genblk1[2].genblk2.sng
    ctr
      countval_reg[6]/CLK                                0             0 R 
      countval_reg[6]/Q      DFFSR             1  1.5   10  +109     109 R 
      drc_bufs485/A                                           +0     109   
      drc_bufs485/Y          BUFX2             7 19.5   47   +60     168 R 
    ctr/countval[6] 
    genblk2[1].min_comparator/counter_in[6] 
      g1594/A                                                 +0     168   
      g1594/Y                INVX1             5 12.2   39   +46     215 F 
      g1569/A                                                 +0     215   
      g1569/Y                AOI22X1           1  1.5   42   +53     268 R 
      drc_bufs1651/A                                          +0     268   
      drc_bufs1651/Y         BUFX2             2  5.9   19   +41     308 R 
      g1543/C                                                 +0     308   
      g1543/Y                NAND3X1           1  1.5   15   +11     320 F 
      drc_bufs1640/A                                          +0     320   
      drc_bufs1640/Y         BUFX2             1  2.3    3   +34     353 F 
      g1535/C                                                 +0     353   
      g1535/Y                AOI21X1           1  1.5   24   +14     368 R 
      drc_bufs1627/A                                          +0     368   
      drc_bufs1627/Y         BUFX2             1  2.8    9   +35     402 R 
      g1527/A                                                 +0     402   
      g1527/Y                AOI22X1           1  1.5   34   +31     434 F 
      drc_bufs1645/A                                          +0     434   
      drc_bufs1645/Y         BUFX2             1  1.9    6   +37     471 F 
      g1525/C                                                 +0     471   
      g1525/Y                OAI21X1           1  2.3   44   +17     488 R 
      g1522/A                                                 +0     488   
      g1522/Y                AND2X1            2  5.2   48   +39     528 R 
      g1519/B                                                 +0     528   
      g1519/Y                NOR2X1            1  1.5    1   +21     548 F 
      drc_bufs1628/A                                          +0     548   
      drc_bufs1628/Y         BUFX2             1  2.6    0   +31     580 F 
      g1515/B                                                 +0     580   
      g1515/Y                OAI21X1           1  3.1   46   +40     620 R 
      g1514/B                                                 +0     620   
      g1514/Y                NOR3X1            3  6.2   38   +43     663 F 
    genblk2[1].min_comparator/sn_out 
  genblk1[2].genblk2.sng/sn_out[1] 
  g146/B                                                      +0     663   
  g146/Y                     AND2X1            2  3.8   20   +50     713 F 
  g135/A                                                      +0     713   
  g135/Y                     AND2X1            1 10.9   41   +52     765 F 
  genblk2.stoch2bin/data_in[7] 
    par_ctr/a[7] 
      p0/a[3] 
        fa0/cin 
          g2/A                                                +0     765   
          g2/YS              FAX1              1  3.4   12   +88     853 F 
        fa0/s 
        ha0/b 
          g17/B                                               +0     853   
          g17/YC             HAX1              1  3.4   20   +48     902 F 
        ha0/cout 
        ha1/a 
          g17/B                                               +0     902   
          g17/YS             HAX1              1 12.7   65   +82     983 R 
        ha1/s 
      p0/y[1] 
      g167/A                                                  +0     983   
      g167/YS                FAX1              2 10.2   31  +106    1089 F 
    par_ctr/y[1] 
    ctr/data_in[1] 
      add_55_25/B[1] 
        g726/C                                                +0    1089   
        g726/YC              FAX1              1  7.1   29   +82    1171 F 
        g725/C                                                +0    1171   
        g725/YC              FAX1              1  7.1   29   +82    1252 F 
        g724/C                                                +0    1252   
        g724/YC              FAX1              1  7.1   29   +82    1334 F 
        g723/C                                                +0    1334   
        g723/YC              FAX1              1  7.1   26   +82    1416 F 
        g722/C                                                +0    1416   
        g722/YC              FAX1              1  7.1   27   +81    1497 F 
        g721/C                                                +0    1497   
        g721/YC              FAX1              1  7.1   27   +81    1578 F 
        g720/C                                                +0    1578   
        g720/YC              FAX1              1  7.1   27   +81    1659 F 
        g719/C                                                +0    1659   
        g719/YC              FAX1              1  7.1   27   +81    1740 F 
        g718/C                                                +0    1740   
        g718/YC              FAX1              1  7.1   27   +81    1821 F 
        g717/C                                                +0    1821   
        g717/YC              FAX1              1  7.1   27   +81    1903 F 
        g716/C                                                +0    1903   
        g716/YC              FAX1              1  7.1   27   +81    1984 F 
        g715/C                                                +0    1984   
        g715/YC              FAX1              1  7.1   27   +81    2065 F 
        g714/C                                                +0    2065   
        g714/YC              FAX1              1  7.1   27   +81    2146 F 
        g713/C                                                +0    2146   
        g713/YC              FAX1              1  7.1   27   +81    2227 F 
        g712/C                                                +0    2227   
        g712/YC              FAX1              1  7.1   27   +81    2309 F 
        g711/C                                                +0    2309   
        g711/YC              FAX1              1  7.1   27   +81    2390 F 
        g710/C                                                +0    2390   
        g710/YC              FAX1              1  7.1   27   +81    2471 F 
        g709/C                                                +0    2471   
        g709/YC              FAX1              1  7.1   27   +81    2552 F 
        g708/C                                                +0    2552   
        g708/YC              FAX1              1  7.1   27   +81    2633 F 
        g707/C                                                +0    2633   
        g707/YC              FAX1              1  7.1   27   +81    2715 F 
        g706/C                                                +0    2715   
        g706/YC              FAX1              1  7.1   27   +81    2796 F 
        g705/C                                                +0    2796   
        g705/YC              FAX1              1  7.1   27   +81    2877 F 
        g704/C                                                +0    2877   
        g704/YC              FAX1              1  7.1   27   +81    2958 F 
        g703/C                                                +0    2958   
        g703/YC              FAX1              1  7.1   27   +81    3039 F 
        g702/C                                                +0    3039   
        g702/YC              FAX1              1  7.1   27   +81    3121 F 
        g701/C                                                +0    3121   
        g701/YC              FAX1              1  7.1   27   +81    3202 F 
        g700/C                                                +0    3202   
        g700/YC              FAX1              1  7.1   27   +81    3283 F 
        g699/C                                                +0    3283   
        g699/YC              FAX1              1 10.9   37   +89    3372 F 
        g2/A                                                  +0    3372   
        g2/YS                FAX1              1  2.8   21   +84    3456 R 
      add_55_25/Z[29] 
      g97/A                                                   +0    3456   
      g97/Y                  MUX2X1            1  1.5   33   +23    3478 F 
      g96/A                                                   +0    3478   
      g96/Y                  INVX1             1  2.0    0    +8    3487 R 
      countval_reg[29]/D     DFFSR                            +0    3487   
      countval_reg[29]/CLK   setup                       0   +70    3557 R 
- - - - - - - - - - - - - - - - - - - - - - - - - - - - - - - - - - - - - -
(clock clk)                  capture                                5000 R 
                             uncertainty                     -50    4950 R 
---------------------------------------------------------------------------
Cost Group   : 'clk' (path_group 'clk')
Timing slack :    1393ps 
Start-point  : TOP/genblk1[2].genblk2.sng/ctr/countval_reg[6]/CLK
End-point    : TOP/genblk2.stoch2bin/ctr/countval_reg[29]/D
