============================================================
  Generated by:           Encounter(R) RTL Compiler v14.10-s022_1
  Generated on:           Jul 25 2021  01:20:30 pm
  Module:                 ms_es_naive_by2_mul_synth
  Technology library:     gscl45nm 
  Operating conditions:   typical (balanced_tree)
  Wireload mode:          enclosed
  Area mode:              timing library
============================================================

                                  Leakage    Dynamic     Total   
         Instance          Cells Power(nW)  Power(nW)  Power(nW) 
-----------------------------------------------------------------
ms_es_naive_by2_mul_synth    469 13519.169 764156.860 777676.029 
  TOP                        469 13519.169 743082.365 756601.535 
    genblk2.stoch2bin        186  7079.418 327541.180 334620.598 
      ctr                    131  4894.688 260813.064 265707.752 
        add_55_25             26  1027.825  18641.458  19669.283 
      par_ctr                 49  2113.463  58083.450  60196.913 
        p0                    22   954.528  27732.416  28686.945 
          p0                   9   394.666  12709.983  13104.649 
            p0                 3   134.340   5127.821   5262.161 
              ha0              1    47.565    919.863    967.428 
              ha1              1    47.565   1697.466   1745.031 
              fa0              1    39.210   2510.492   2549.702 
            p1                 3   134.340   5017.643   5151.983 
              ha0              1    47.565    919.863    967.428 
              ha1              1    47.565   1562.101   1609.666 
              fa0              1    39.210   2535.679   2574.889 
          p1                   9   394.666  11993.347  12388.013 
            p0                 3   134.340   4928.997   5063.337 
              ha0              1    47.565    883.386    930.951 
              ha1              1    47.565   1636.214   1683.779 
              fa0              1    39.210   2409.397   2448.607 
            p1                 3   134.340   4777.491   4911.831 
              ha0              1    47.565    874.279    921.844 
              ha1              1    47.565   1493.863   1541.428 
              fa0              1    39.210   2409.349   2448.559 
        p1                    22   954.528  26923.088  27877.616 
          p0                   9   394.666  12429.077  12823.743 
            p0                 3   134.340   4978.859   5113.200 
              ha0              1    47.565    892.540    940.105 
              ha1              1    47.565   1651.531   1699.096 
              fa0              1    39.210   2434.789   2473.999 
            p1                 3   134.340   4921.666   5056.006 
              ha0              1    47.565    901.648    949.213 
              ha1              1    47.565   1534.809   1582.374 
              fa0              1    39.210   2485.209   2524.419 
          p1                   9   394.666  11715.893  12110.559 
            p0                 3   134.340   4780.160   4914.501 
              ha0              1    47.565    856.110    903.675 
              ha1              1    47.565   1590.279   1637.843 
              fa0              1    39.210   2333.772   2372.982 
            p1                 3   134.340   4681.520   4815.860 
              ha0              1    47.565    856.065    903.630 
              ha1              1    47.565   1466.571   1514.136 
              fa0              1    39.210   2358.884   2398.094 
    genblk1[4].genblk1.sng    46  1131.101  62782.813  63913.913 
      ctr                     24   930.125  50876.391  51806.517 
    genblk1[1].genblk1.sng    45  1111.347  75647.521  76758.868 
      ctr                     23   910.372  62726.752  63637.124 
    genblk1[2].genblk1.sng    45  1111.347  73989.151  75100.498 
      ctr                     23   910.372  61255.422  62165.794 
    genblk1[3].genblk1.sng    45  1111.347  72063.561  73174.908 
      ctr                     23   910.372  61219.253  62129.625 
    genblk1[0].genblk1.sng    44  1093.808  72723.862  73817.669 
      ctr                     22   892.833  61011.140  61903.973 

