============================================================
  Generated by:           Encounter(R) RTL Compiler v14.10-s022_1
  Generated on:           Jul 25 2021  02:20:23 pm
  Module:                 ms_es_ordered_bs_by4_mul_synth
  Technology library:     gscl45nm 
  Operating conditions:   typical (balanced_tree)
  Wireload mode:          enclosed
  Area mode:              timing library
============================================================

                                       Leakage    Dynamic      Total    
            Instance            Cells Power(nW)  Power(nW)   Power(nW)  
------------------------------------------------------------------------
ms_es_orde..by4_mul_synth        1528 35003.725 2129237.958 2164241.683 
  TOP                            1528 35003.725 2079609.581 2114613.307 
    genblk2.stoch2bin             528 21889.422 1155026.232 1176915.654 
      par_ctr                     438 18769.865  964248.970  983018.834 
        p0                        215  9223.914  472767.028  481990.942 
          p0                      104  4470.543  229814.726  234285.269 
            p0                     49  2113.463  108136.000  110249.463 
              p0                   22   954.528   48571.776   49526.304 
                p0                  9   394.666   20045.940   20440.606 
                  p0                3   134.340    6511.197    6645.537 
                    ha0             1    47.565    1620.608    1668.173 
                    ha1             1    47.565    2527.344    2574.909 
                    fa0             1    39.210    2363.245    2402.455 
                  p1                3   134.340    6304.924    6439.264 
                    ha0             1    47.565    1737.194    1784.759 
                    ha1             1    47.565    2116.803    2164.368 
                    fa0             1    39.210    2450.926    2490.137 
                p1                  9   394.666   20122.782   20517.448 
                  p0                3   134.340    6800.116    6934.456 
                    ha0             1    47.565    1724.721    1772.286 
                    ha1             1    47.565    2587.479    2635.043 
                    fa0             1    39.210    2487.916    2527.127 
                  p1                3   134.340    6420.397    6554.738 
                    ha0             1    47.565    1763.965    1811.529 
                    ha1             1    47.565    2167.419    2214.984 
                    fa0             1    39.210    2489.014    2528.224 
              p1                   22   954.528   49473.945   50428.473 
                p0                  9   394.666   20576.979   20971.645 
                  p0                3   134.340    6661.785    6796.125 
                    ha0             1    47.565    1658.199    1705.764 
                    ha1             1    47.565    2573.317    2620.882 
                    fa0             1    39.210    2430.269    2469.479 
                  p1                3   134.340    6525.316    6659.656 
                    ha0             1    47.565    1811.922    1859.487 
                    ha1             1    47.565    2157.707    2205.272 
                    fa0             1    39.210    2555.686    2594.897 
                p1                  9   394.666   20700.827   21095.493 
                  p0                3   134.340    6997.849    7132.189 
                    ha0             1    47.565    1797.441    1845.006 
                    ha1             1    47.565    2618.679    2666.244 
                    fa0             1    39.210    2581.729    2620.939 
                  p1                3   134.340    6626.345    6760.685 
                    ha0             1    47.565    1847.790    1895.355 
                    ha1             1    47.565    2196.803    2244.368 
                    fa0             1    39.210    2581.752    2620.962 
            p1                     49  2113.463  111021.434  113134.897 
              p0                   22   954.528   50769.440   51723.968 
                p0                  9   394.666   20910.586   21305.253 
                  p0                3   134.340    6774.127    6908.467 
                    ha0             1    47.565    1685.339    1732.904 
                    ha1             1    47.565    2618.202    2665.767 
                    fa0             1    39.210    2470.586    2509.796 
                  p1                3   134.340    6630.369    6764.710 
                    ha0             1    47.565    1839.604    1887.169 
                    ha1             1    47.565    2194.565    2242.130 
                    fa0             1    39.210    2596.200    2635.410 
                p1                  9   394.666   21028.071   21422.738 
                  p0                3   134.340    7110.384    7244.725 
                    ha0             1    47.565    1824.591    1872.156 
                    ha1             1    47.565    2663.568    2711.133 
                    fa0             1    39.210    2622.225    2661.436 
                  p1                3   134.340    6731.354    6865.694 
                    ha0             1    47.565    1875.467    1923.032 
                    ha1             1    47.565    2233.662    2281.227 
                    fa0             1    39.210    2622.225    2661.436 
              p1                   22   954.528   50453.534   51408.063 
                p0                  9   394.666   21006.169   21400.835 
                  p0                3   134.340    6813.645    6947.985 
                    ha0             1    47.565    1691.484    1739.049 
                    ha1             1    47.565    2633.523    2681.088 
                    fa0             1    39.210    2488.638    2527.848 
                  p1                3   134.340    6667.875    6802.215 
                    ha0             1    47.565    1845.763    1893.328 
                    ha1             1    47.565    2208.222    2255.787 
                    fa0             1    39.210    2613.890    2653.100 
                p1                  9   394.666   21121.468   21516.134 
                  p0                3   134.340    7149.490    7283.831 
                    ha0             1    47.565    1830.722    1878.287 
                    ha1             1    47.565    2678.890    2726.455 
                    fa0             1    39.210    2639.879    2679.089 
                  p1                3   134.340    6768.752    6903.092 
                    ha0             1    47.565    1881.555    1929.120 
                    ha1             1    47.565    2247.318    2294.883 
                    fa0             1    39.210    2639.879    2679.089 
          p1                      104  4470.543  231642.285  236112.828 
            p0                     49  2113.463  108444.714  110558.177 
              p0                   22   954.528   48584.008   49538.536 
                p0                  9   394.666   20059.672   20454.338 
                  p0                3   134.340    6524.739    6659.079 
                    ha0             1    47.565    1620.611    1668.175 
                    ha1             1    47.565    2527.955    2575.520 
                    fa0             1    39.210    2376.173    2415.383 
                  p1                3   134.340    6319.996    6454.337 
                    ha0             1    47.565    1737.197    1784.762 
                    ha1             1    47.565    2118.928    2166.493 
                    fa0             1    39.210    2463.872    2503.082 
                p1                  9   394.666   20136.521   20531.187 
                  p0                3   134.340    6813.662    6948.002 
                    ha0             1    47.565    1724.723    1772.288 
                    ha1             1    47.565    2588.088    2635.653 
                    fa0             1    39.210    2500.851    2540.061 
                  p1                3   134.340    6435.463    6569.804 
                    ha0             1    47.565    1763.967    1811.532 
                    ha1             1    47.565    2169.544    2217.109 
                    fa0             1    39.210    2501.952    2541.163 
              p1                   22   954.528   49766.856   50721.384 
                p0                  9   394.666   20723.237   21117.904 
                  p0                3   134.340    6732.993    6867.333 
                    ha0             1    47.565    1670.627    1718.192 
                    ha1             1    47.565    2589.244    2636.809 
                    fa0             1    39.210    2473.121    2512.332 
                  p1                3   134.340    6596.724    6731.065 
                    ha0             1    47.565    1824.425    1871.990 
                    ha1             1    47.565    2173.485    2221.050 
                    fa0             1    39.210    2598.814    2638.025 
                p1                  9   394.666   20845.852   21240.518 
                  p0                3   134.340    7069.459    7203.799 
                    ha0             1    47.565    1809.977    1857.542 
                    ha1             1    47.565    2634.606    2682.170 
                    fa0             1    39.210    2624.876    2664.087 
                  p1                3   134.340    6697.781    6832.121 
                    ha0             1    47.565    1860.303    1907.868 
                    ha1             1    47.565    2212.578    2260.143 
                    fa0             1    39.210    2624.900    2664.110 
            p1                     49  2113.463  113068.343  115181.807 
              p0                   22   954.528   51761.309   52715.837 
                p0                  9   394.666   21372.722   21767.388 
                  p0                3   134.340    6971.420    7105.760 
                    ha0             1    47.565    1721.997    1769.562 
                    ha1             1    47.565    2679.492    2727.056 
                    fa0             1    39.210    2569.931    2609.141 
                  p1                3   134.340    6820.982    6955.322 
                    ha0             1    47.565    1876.288    1923.853 
                    ha1             1    47.565    2249.197    2296.762 
                    fa0             1    39.210    2695.496    2734.707 
                p1                  9   394.666   21483.548   21878.214 
                  p0                3   134.340    7307.673    7442.013 
                    ha0             1    47.565    1861.288    1908.853 
                    ha1             1    47.565    2724.860    2772.425 
                    fa0             1    39.210    2721.525    2760.736 
                  p1                3   134.340    6921.976    7056.316 
                    ha0             1    47.565    1912.159    1959.724 
                    ha1             1    47.565    2288.291    2335.856 
                    fa0             1    39.210    2721.525    2760.736 
              p1                   22   954.528   51440.957   52395.486 
                p0                  9   394.666   21469.405   21864.071 
                  p0                3   134.340    7011.470    7145.810 
                    ha0             1    47.565    1727.698    1775.263 
                    ha1             1    47.565    2694.812    2742.377 
                    fa0             1    39.210    2588.960    2628.170 
                  p1                3   134.340    6859.071    6993.412 
                    ha0             1    47.565    1881.988    1929.553 
                    ha1             1    47.565    2262.854    2310.419 
                    fa0             1    39.210    2714.230    2753.440 
                p1                  9   394.666   21578.072   21972.738 
                  p0                3   134.340    7347.347    7481.687 
                    ha0             1    47.565    1866.954    1914.519 
                    ha1             1    47.565    2740.182    2787.746 
                    fa0             1    39.210    2740.212    2779.422 
                  p1                3   134.340    6959.944    7094.284 
                    ha0             1    47.565    1917.785    1965.350 
                    ha1             1    47.565    2301.947    2349.512 
                    fa0             1    39.210    2740.212    2779.422 
        p1                        215  9223.914  479730.467  488954.380 
          p0                      104  4470.543  233221.102  237691.646 
            p0                     49  2113.463  108905.243  111018.706 
              p0                   22   954.528   48798.167   49752.695 
                p0                  9   394.666   20150.853   20545.519 
                  p0                3   134.340    6554.673    6689.013 
                    ha0             1    47.565    1638.099    1685.664 
                    ha1             1    47.565    2527.884    2575.449 
                    fa0             1    39.210    2388.690    2427.900 
                  p1                3   134.340    6350.465    6484.805 
                    ha0             1    47.565    1755.212    1802.777 
                    ha1             1    47.565    2118.864    2166.429 
                    fa0             1    39.210    2476.388    2515.599 
                p1                  9   394.666   20226.180   20620.846 
                  p0                3   134.340    6843.586    6977.926 
                    ha0             1    47.565    1742.201    1789.766 
                    ha1             1    47.565    2588.020    2635.585 
                    fa0             1    39.210    2513.365    2552.576 
                  p1                3   134.340    6465.930    6600.270 
                    ha0             1    47.565    1781.979    1829.544 
                    ha1             1    47.565    2169.479    2217.044 
                    fa0             1    39.210    2514.473    2553.683 
              p1                   22   954.528   49979.658   50934.186 
                p0                  9   394.666   20814.582   21209.248 
                  p0                3   134.340    6763.014    6897.354 
                    ha0             1    47.565    1688.149    1735.714 
                    ha1             1    47.565    2589.175    2636.740 
                    fa0             1    39.210    2485.690    2524.900 
                  p1                3   134.340    6627.275    6761.615 
                    ha0             1    47.565    1842.472    1890.037 
                    ha1             1    47.565    2173.423    2220.988 
                    fa0             1    39.210    2611.380    2650.590 
                p1                  9   394.666   20935.678   21330.344 
                  p0                3   134.340    7099.474    7233.814 
                    ha0             1    47.565    1827.487    1875.052 
                    ha1             1    47.565    2634.540    2682.104 
                    fa0             1    39.210    2637.448    2676.658 
                  p1                3   134.340    6728.330    6862.670 
                    ha0             1    47.565    1878.342    1925.907 
                    ha1             1    47.565    2212.516    2260.081 
                    fa0             1    39.210    2637.471    2676.682 
            p1                     49  2113.463  113527.263  115640.726 
              p0                   22   954.528   51975.743   52930.271 
                p0                  9   394.666   21464.044   21858.710 
                  p0                3   134.340    7001.421    7135.761 
                    ha0             1    47.565    1739.509    1787.074 
                    ha1             1    47.565    2679.426    2726.991 
                    fa0             1    39.210    2582.487    2621.697 
                  p1                3   134.340    6851.516    6985.856 
                    ha0             1    47.565    1894.325    1941.890 
                    ha1             1    47.565    2249.139    2296.704 
                    fa0             1    39.210    2708.051    2747.261 
                p1                  9   394.666   21573.355   21968.021 
                  p0                3   134.340    7337.672    7472.012 
                    ha0             1    47.565    1878.789    1926.354 
                    ha1             1    47.565    2724.797    2772.362 
                    fa0             1    39.210    2734.085    2773.296 
                  p1                3   134.340    6952.508    7086.848 
                    ha0             1    47.565    1930.191    1977.756 
                    ha1             1    47.565    2288.232    2335.797 
                    fa0             1    39.210    2734.085    2773.296 
              p1                   22   954.528   51653.542   52608.070 
                p0                  9   394.666   21560.631   21955.297 
                  p0                3   134.340    7041.421    7175.762 
                    ha0             1    47.565    1745.191    1792.755 
                    ha1             1    47.565    2694.746    2742.311 
                    fa0             1    39.210    2601.485    2640.695 
                  p1                3   134.340    6889.559    7023.899 
                    ha0             1    47.565    1900.007    1947.572 
                    ha1             1    47.565    2262.796    2310.361 
                    fa0             1    39.210    2726.755    2765.965 
                p1                  9   394.666   21667.788   22062.454 
                  p0                3   134.340    7377.300    7511.641 
                    ha0             1    47.565    1884.438    1932.003 
                    ha1             1    47.565    2740.119    2787.684 
                    fa0             1    39.210    2752.744    2791.954 
                  p1                3   134.340    6990.430    7124.770 
                    ha0             1    47.565    1935.799    1983.364 
                    ha1             1    47.565    2301.887    2349.452 
                    fa0             1    39.210    2752.744    2791.954 
          p1                      104  4470.543  235580.609  240051.152 
            p0                     49  2113.463  110306.762  112420.225 
              p0                   22   954.528   49368.149   50322.678 
                p0                  9   394.666   20344.268   20738.934 
                  p0                3   134.340    6620.597    6754.937 
                    ha0             1    47.565    1664.716    1712.281 
                    ha1             1    47.565    2542.527    2590.092 
                    fa0             1    39.210    2413.354    2452.565 
                  p1                3   134.340    6413.736    6548.076 
                    ha0             1    47.565    1782.363    1829.928 
                    ha1             1    47.565    2130.335    2177.900 
                    fa0             1    39.210    2501.039    2540.249 
                p1                  9   394.666   20516.868   20911.534 
                  p0                3   134.340    6945.407    7079.748 
                    ha0             1    47.565    1777.867    1825.432 
                    ha1             1    47.565    2617.384    2664.948 
                    fa0             1    39.210    2550.157    2589.367 
                  p1                3   134.340    6561.955    6696.295 
                    ha0             1    47.565    1818.187    1865.752 
                    ha1             1    47.565    2192.486    2240.051 
                    fa0             1    39.210    2551.282    2590.492 
              p1                   22   954.528   50672.528   51627.056 
                p0                  9   394.666   21056.763   21451.430 
                  p0                3   134.340    6837.684    6972.025 
                    ha0             1    47.565    1723.400    1770.964 
                    ha1             1    47.565    2603.821    2651.386 
                    fa0             1    39.210    2510.464    2549.674 
                  p1                3   134.340    6699.818    6834.158 
                    ha0             1    47.565    1878.779    1926.343 
                    ha1             1    47.565    2184.899    2232.464 
                    fa0             1    39.210    2636.140    2675.351 
                p1                  9   394.666   21273.843   21668.509 
                  p0                3   134.340    7210.155    7344.496 
                    ha0             1    47.565    1871.814    1919.379 
                    ha1             1    47.565    2663.912    2711.477 
                    fa0             1    39.210    2674.430    2713.640 
                  p1                3   134.340    6833.713    6968.054 
                    ha0             1    47.565    1923.729    1971.294 
                    ha1             1    47.565    2235.531    2283.096 
                    fa0             1    39.210    2674.453    2713.664 
            p1                     49  2113.463  114896.014  117009.478 
              p0                   22   954.528   52569.339   53523.867 
                p0                  9   394.666   21676.929   22071.596 
                  p0                3   134.340    7075.990    7210.330 
                    ha0             1    47.565    1774.705    1822.270 
                    ha1             1    47.565    2694.073    2741.638 
                    fa0             1    39.210    2607.211    2646.422 
                  p1                3   134.340    6876.081    7010.421 
                    ha0             1    47.565    1921.515    1969.080 
                    ha1             1    47.565    2246.958    2294.522 
                    fa0             1    39.210    2707.608    2746.818 
                p1                  9   394.666   21796.927   22191.593 
                  p0                3   134.340    7398.673    7533.013 
                    ha0             1    47.565    1913.986    1961.551 
                    ha1             1    47.565    2738.847    2786.411 
                    fa0             1    39.210    2745.840    2785.051 
                  p1                3   134.340    7009.878    7144.218 
                    ha0             1    47.565    1966.448    2014.013 
                    ha1             1    47.565    2297.589    2345.154 
                    fa0             1    39.210    2745.840    2785.051 
              p1                   22   954.528   52236.776   53191.304 
                p0                  9   394.666   21773.339   22168.005 
                  p0                3   134.340    7115.862    7250.203 
                    ha0             1    47.565    1780.319    1827.883 
                    ha1             1    47.565    2709.395    2756.960 
                    fa0             1    39.210    2626.149    2665.359 
                  p1                3   134.340    6914.065    7048.405 
                    ha0             1    47.565    1927.142    1974.706 
                    ha1             1    47.565    2260.616    2308.181 
                    fa0             1    39.210    2726.308    2765.518 
                p1                  9   394.666   21891.158   22285.824 
                  p0                3   134.340    7438.197    7572.537 
                    ha0             1    47.565    1919.566    1967.131 
                    ha1             1    47.565    2754.170    2801.735 
                    fa0             1    39.210    2764.460    2803.671 
                  p1                3   134.340    7047.695    7182.035 
                    ha0             1    47.565    1971.987    2019.552 
                    ha1             1    47.565    2311.247    2358.812 
                    fa0             1    39.210    2764.460    2803.671 
      ctr                          81  3015.999  182299.803  185315.802 
        add_55_25                  16   635.721   17920.630   18556.351 
    genblk1[2]..4.genblk2.sng     190  2264.970  139964.127  142229.097 
      genblk2[0].max_comparator    55   541.068   26112.679   26653.747 
      ctr                          12   500.386   42542.243   43042.629 
      genblk2[1].max_comparator    47   447.575   24813.173   25260.748 
      genblk2[2].max_comparator    44   419.241   26733.482   27152.723 
      genblk2[3].max_comparator    32   356.700   19762.550   20119.250 
    genblk1[1]..4.genblk1.sng     183  2156.633  148515.735  150672.368 
      ctr                          12   500.386   43736.683   44237.068 
      genblk2[2].max_comparator    43   477.442   31388.386   31865.828 
      genblk2[1].max_comparator    50   457.109   26508.468   26965.577 
      genblk2[0].max_comparator    45   420.176   23872.363   24292.538 
      genblk2[3].max_comparator    33   301.521   23009.835   23311.357 
    genblk1[3].genblk2.sng        180  2153.435  113605.192  115758.627 
      genblk2[2].min_comparator    56   550.156   22296.362   22846.518 
      ctr                          13   520.139   33822.896   34343.035 
      genblk2[1].min_comparator    45   422.066   19875.064   20297.130 
      genblk2[0].min_comparator    42   416.440   25274.442   25690.881 
      genblk2[3].min_comparator    24   244.634   12336.429   12581.063 
    genblk1[0].genblk1.sng        143  1808.792  104291.362  106100.154 
      ctr                          12   500.386   40922.249   41422.634 
      genblk2[2].max_comparator    40   406.011   18326.902   18732.913 
      genblk2[0].max_comparator    34   370.728   17567.254   17937.982 
      genblk2[1].max_comparator    32   296.270   14635.105   14931.376 
      genblk2[3].max_comparator    25   235.397   12839.852   13075.249 

