============================================================
  Generated by:           Encounter(R) RTL Compiler v14.10-s022_1
  Generated on:           Jul 25 2021  01:48:04 pm
  Module:                 ms_es_naive_by4_mul_synth
  Technology library:     gscl45nm 
  Operating conditions:   typical (balanced_tree)
  Wireload mode:          enclosed
  Area mode:              timing library
============================================================

                                  Leakage    Dynamic     Total   
         Instance          Cells Power(nW)  Power(nW)  Power(nW) 
-----------------------------------------------------------------
ms_es_naive_by4_mul_synth    181  4917.895 334848.792 339766.686 
  TOP                        181  4917.895 326091.265 331009.160 
    genblk2.stoch2bin         78  2891.898 179518.302 182410.199 
      ctr                     51  1888.785 127493.965 129382.751 
      par_ctr                 22   954.528  46310.673  47265.201 
        p0                     9   394.666  20214.730  20609.396 
          p0                   3   134.340   7640.918   7775.258 
            ha0                1    47.565   1502.149   1549.713 
            ha1                1    47.565   2660.005   2707.570 
            fa0                1    39.210   3478.765   3517.975 
          p1                   3   134.340   7432.899   7567.239 
            ha0                1    47.565   1553.995   1601.560 
            ha1                1    47.565   2349.837   2397.402 
            fa0                1    39.210   3529.066   3568.277 
        p1                     9   394.666  19723.802  20118.468 
          p0                   3   134.340   7696.891   7831.232 
            ha0                1    47.565   1527.251   1574.816 
            ha1                1    47.565   2703.910   2751.475 
            fa0                1    39.210   3465.731   3504.941 
          p1                   3   134.340   7159.120   7293.460 
            ha0                1    47.565   1508.446   1556.011 
            ha1                1    47.565   2298.722   2346.287 
            fa0                1    39.210   3351.951   3391.162 
    genblk1[1].genblk1.sng    43   885.131  55837.807  56722.938 
      ctr                     18   716.363  41286.047  42002.410 
    genblk1[0].genblk1.sng    41   858.073  64727.645  65585.718 
      ctr                     17   696.609  51158.570  51855.180 

