============================================================
  Generated by:           Encounter(R) RTL Compiler v14.10-s022_1
  Generated on:           Jul 25 2021  01:53:42 pm
  Module:                 ms_es_naive_by4_mul_synth
  Technology library:     gscl45nm 
  Operating conditions:   typical (balanced_tree)
  Wireload mode:          enclosed
  Area mode:              timing library
============================================================

         Instance           Cells  Cell Area  Net Area  Total Area  Wireload     
---------------------------------------------------------------------------------
ms_es_naive_by4_mul_synth    1750       6990         0        6990    <none> (D) 
  TOP                        1750       6990         0        6990    <none> (D) 
    genblk2.stoch2bin         933       4723         0        4723    <none> (D) 
      par_ctr                 438       3099         0        3099    <none> (D) 
        p1                    215       1516         0        1516    <none> (D) 
          p1                  104        729         0         729    <none> (D) 
            p1                 49        340         0         340    <none> (D) 
              p1               22        150         0         150    <none> (D) 
                p1              9         59         0          59    <none> (D) 
                  p1            3         18         0          18    <none> (D) 
                    fa0         1          9         0           9    <none> (D) 
                    ha1         1          5         0           5    <none> (D) 
                    ha0         1          5         0           5    <none> (D) 
                  p0            3         18         0          18    <none> (D) 
                    fa0         1          9         0           9    <none> (D) 
                    ha1         1          5         0           5    <none> (D) 
                    ha0         1          5         0           5    <none> (D) 
                p0              9         59         0          59    <none> (D) 
                  p1            3         18         0          18    <none> (D) 
                    fa0         1          9         0           9    <none> (D) 
                    ha1         1          5         0           5    <none> (D) 
                    ha0         1          5         0           5    <none> (D) 
                  p0            3         18         0          18    <none> (D) 
                    fa0         1          9         0           9    <none> (D) 
                    ha1         1          5         0           5    <none> (D) 
                    ha0         1          5         0           5    <none> (D) 
              p0               22        150         0         150    <none> (D) 
                p1              9         59         0          59    <none> (D) 
                  p1            3         18         0          18    <none> (D) 
                    fa0         1          9         0           9    <none> (D) 
                    ha1         1          5         0           5    <none> (D) 
                    ha0         1          5         0           5    <none> (D) 
                  p0            3         18         0          18    <none> (D) 
                    fa0         1          9         0           9    <none> (D) 
                    ha1         1          5         0           5    <none> (D) 
                    ha0         1          5         0           5    <none> (D) 
                p0              9         59         0          59    <none> (D) 
                  p1            3         18         0          18    <none> (D) 
                    fa0         1          9         0           9    <none> (D) 
                    ha1         1          5         0           5    <none> (D) 
                    ha0         1          5         0           5    <none> (D) 
                  p0            3         18         0          18    <none> (D) 
                    fa0         1          9         0           9    <none> (D) 
                    ha1         1          5         0           5    <none> (D) 
                    ha0         1          5         0           5    <none> (D) 
            p0                 49        340         0         340    <none> (D) 
              p1               22        150         0         150    <none> (D) 
                p1              9         59         0          59    <none> (D) 
                  p1            3         18         0          18    <none> (D) 
                    fa0         1          9         0           9    <none> (D) 
                    ha1         1          5         0           5    <none> (D) 
                    ha0         1          5         0           5    <none> (D) 
                  p0            3         18         0          18    <none> (D) 
                    fa0         1          9         0           9    <none> (D) 
                    ha1         1          5         0           5    <none> (D) 
                    ha0         1          5         0           5    <none> (D) 
                p0              9         59         0          59    <none> (D) 
                  p1            3         18         0          18    <none> (D) 
                    fa0         1          9         0           9    <none> (D) 
                    ha1         1          5         0           5    <none> (D) 
                    ha0         1          5         0           5    <none> (D) 
                  p0            3         18         0          18    <none> (D) 
                    fa0         1          9         0           9    <none> (D) 
                    ha1         1          5         0           5    <none> (D) 
                    ha0         1          5         0           5    <none> (D) 
              p0               22        150         0         150    <none> (D) 
                p1              9         59         0          59    <none> (D) 
                  p1            3         18         0          18    <none> (D) 
                    fa0         1          9         0           9    <none> (D) 
                    ha1         1          5         0           5    <none> (D) 
                    ha0         1          5         0           5    <none> (D) 
                  p0            3         18         0          18    <none> (D) 
                    fa0         1          9         0           9    <none> (D) 
                    ha1         1          5         0           5    <none> (D) 
                    ha0         1          5         0           5    <none> (D) 
                p0              9         59         0          59    <none> (D) 
                  p1            3         18         0          18    <none> (D) 
                    fa0         1          9         0           9    <none> (D) 
                    ha1         1          5         0           5    <none> (D) 
                    ha0         1          5         0           5    <none> (D) 
                  p0            3         18         0          18    <none> (D) 
                    fa0         1          9         0           9    <none> (D) 
                    ha1         1          5         0           5    <none> (D) 
                    ha0         1          5         0           5    <none> (D) 
          p0                  104        729         0         729    <none> (D) 
            p1                 49        340         0         340    <none> (D) 
              p1               22        150         0         150    <none> (D) 
                p1              9         59         0          59    <none> (D) 
                  p1            3         18         0          18    <none> (D) 
                    fa0         1          9         0           9    <none> (D) 
                    ha1         1          5         0           5    <none> (D) 
                    ha0         1          5         0           5    <none> (D) 
                  p0            3         18         0          18    <none> (D) 
                    fa0         1          9         0           9    <none> (D) 
                    ha1         1          5         0           5    <none> (D) 
                    ha0         1          5         0           5    <none> (D) 
                p0              9         59         0          59    <none> (D) 
                  p1            3         18         0          18    <none> (D) 
                    fa0         1          9         0           9    <none> (D) 
                    ha1         1          5         0           5    <none> (D) 
                    ha0         1          5         0           5    <none> (D) 
                  p0            3         18         0          18    <none> (D) 
                    fa0         1          9         0           9    <none> (D) 
                    ha1         1          5         0           5    <none> (D) 
                    ha0         1          5         0           5    <none> (D) 
              p0               22        150         0         150    <none> (D) 
                p1              9         59         0          59    <none> (D) 
                  p1            3         18         0          18    <none> (D) 
                    fa0         1          9         0           9    <none> (D) 
                    ha1         1          5         0           5    <none> (D) 
                    ha0         1          5         0           5    <none> (D) 
                  p0            3         18         0          18    <none> (D) 
                    fa0         1          9         0           9    <none> (D) 
                    ha1         1          5         0           5    <none> (D) 
                    ha0         1          5         0           5    <none> (D) 
                p0              9         59         0          59    <none> (D) 
                  p1            3         18         0          18    <none> (D) 
                    fa0         1          9         0           9    <none> (D) 
                    ha1         1          5         0           5    <none> (D) 
                    ha0         1          5         0           5    <none> (D) 
                  p0            3         18         0          18    <none> (D) 
                    fa0         1          9         0           9    <none> (D) 
                    ha1         1          5         0           5    <none> (D) 
                    ha0         1          5         0           5    <none> (D) 
            p0                 49        340         0         340    <none> (D) 
              p1               22        150         0         150    <none> (D) 
                p1              9         59         0          59    <none> (D) 
                  p1            3         18         0          18    <none> (D) 
                    fa0         1          9         0           9    <none> (D) 
                    ha1         1          5         0           5    <none> (D) 
                    ha0         1          5         0           5    <none> (D) 
                  p0            3         18         0          18    <none> (D) 
                    fa0         1          9         0           9    <none> (D) 
                    ha1         1          5         0           5    <none> (D) 
                    ha0         1          5         0           5    <none> (D) 
                p0              9         59         0          59    <none> (D) 
                  p1            3         18         0          18    <none> (D) 
                    fa0         1          9         0           9    <none> (D) 
                    ha1         1          5         0           5    <none> (D) 
                    ha0         1          5         0           5    <none> (D) 
                  p0            3         18         0          18    <none> (D) 
                    fa0         1          9         0           9    <none> (D) 
                    ha1         1          5         0           5    <none> (D) 
                    ha0         1          5         0           5    <none> (D) 
              p0               22        150         0         150    <none> (D) 
                p1              9         59         0          59    <none> (D) 
                  p1            3         18         0          18    <none> (D) 
                    fa0         1          9         0           9    <none> (D) 
                    ha1         1          5         0           5    <none> (D) 
                    ha0         1          5         0           5    <none> (D) 
                  p0            3         18         0          18    <none> (D) 
                    fa0         1          9         0           9    <none> (D) 
                    ha1         1          5         0           5    <none> (D) 
                    ha0         1          5         0           5    <none> (D) 
                p0              9         59         0          59    <none> (D) 
                  p1            3         18         0          18    <none> (D) 
                    fa0         1          9         0           9    <none> (D) 
                    ha1         1          5         0           5    <none> (D) 
                    ha0         1          5         0           5    <none> (D) 
                  p0            3         18         0          18    <none> (D) 
                    fa0         1          9         0           9    <none> (D) 
                    ha1         1          5         0           5    <none> (D) 
                    ha0         1          5         0           5    <none> (D) 
        p0                    215       1516         0        1516    <none> (D) 
          p1                  104        729         0         729    <none> (D) 
            p1                 49        340         0         340    <none> (D) 
              p1               22        150         0         150    <none> (D) 
                p1              9         59         0          59    <none> (D) 
                  p1            3         18         0          18    <none> (D) 
                    fa0         1          9         0           9    <none> (D) 
                    ha1         1          5         0           5    <none> (D) 
                    ha0         1          5         0           5    <none> (D) 
                  p0            3         18         0          18    <none> (D) 
                    fa0         1          9         0           9    <none> (D) 
                    ha1         1          5         0           5    <none> (D) 
                    ha0         1          5         0           5    <none> (D) 
                p0              9         59         0          59    <none> (D) 
                  p1            3         18         0          18    <none> (D) 
                    fa0         1          9         0           9    <none> (D) 
                    ha1         1          5         0           5    <none> (D) 
                    ha0         1          5         0           5    <none> (D) 
                  p0            3         18         0          18    <none> (D) 
                    fa0         1          9         0           9    <none> (D) 
                    ha1         1          5         0           5    <none> (D) 
                    ha0         1          5         0           5    <none> (D) 
              p0               22        150         0         150    <none> (D) 
                p1              9         59         0          59    <none> (D) 
                  p1            3         18         0          18    <none> (D) 
                    fa0         1          9         0           9    <none> (D) 
                    ha1         1          5         0           5    <none> (D) 
                    ha0         1          5         0           5    <none> (D) 
                  p0            3         18         0          18    <none> (D) 
                    fa0         1          9         0           9    <none> (D) 
                    ha1         1          5         0           5    <none> (D) 
                    ha0         1          5         0           5    <none> (D) 
                p0              9         59         0          59    <none> (D) 
                  p1            3         18         0          18    <none> (D) 
                    fa0         1          9         0           9    <none> (D) 
                    ha1         1          5         0           5    <none> (D) 
                    ha0         1          5         0           5    <none> (D) 
                  p0            3         18         0          18    <none> (D) 
                    fa0         1          9         0           9    <none> (D) 
                    ha1         1          5         0           5    <none> (D) 
                    ha0         1          5         0           5    <none> (D) 
            p0                 49        340         0         340    <none> (D) 
              p1               22        150         0         150    <none> (D) 
                p1              9         59         0          59    <none> (D) 
                  p1            3         18         0          18    <none> (D) 
                    fa0         1          9         0           9    <none> (D) 
                    ha1         1          5         0           5    <none> (D) 
                    ha0         1          5         0           5    <none> (D) 
                  p0            3         18         0          18    <none> (D) 
                    fa0         1          9         0           9    <none> (D) 
                    ha1         1          5         0           5    <none> (D) 
                    ha0         1          5         0           5    <none> (D) 
                p0              9         59         0          59    <none> (D) 
                  p1            3         18         0          18    <none> (D) 
                    fa0         1          9         0           9    <none> (D) 
                    ha1         1          5         0           5    <none> (D) 
                    ha0         1          5         0           5    <none> (D) 
                  p0            3         18         0          18    <none> (D) 
                    fa0         1          9         0           9    <none> (D) 
                    ha1         1          5         0           5    <none> (D) 
                    ha0         1          5         0           5    <none> (D) 
              p0               22        150         0         150    <none> (D) 
                p1              9         59         0          59    <none> (D) 
                  p1            3         18         0          18    <none> (D) 
                    fa0         1          9         0           9    <none> (D) 
                    ha1         1          5         0           5    <none> (D) 
                    ha0         1          5         0           5    <none> (D) 
                  p0            3         18         0          18    <none> (D) 
                    fa0         1          9         0           9    <none> (D) 
                    ha1         1          5         0           5    <none> (D) 
                    ha0         1          5         0           5    <none> (D) 
                p0              9         59         0          59    <none> (D) 
                  p1            3         18         0          18    <none> (D) 
                    fa0         1          9         0           9    <none> (D) 
                    ha1         1          5         0           5    <none> (D) 
                    ha0         1          5         0           5    <none> (D) 
                  p0            3         18         0          18    <none> (D) 
                    fa0         1          9         0           9    <none> (D) 
                    ha1         1          5         0           5    <none> (D) 
                    ha0         1          5         0           5    <none> (D) 
          p0                  104        729         0         729    <none> (D) 
            p1                 49        340         0         340    <none> (D) 
              p1               22        150         0         150    <none> (D) 
                p1              9         59         0          59    <none> (D) 
                  p1            3         18         0          18    <none> (D) 
                    fa0         1          9         0           9    <none> (D) 
                    ha1         1          5         0           5    <none> (D) 
                    ha0         1          5         0           5    <none> (D) 
                  p0            3         18         0          18    <none> (D) 
                    fa0         1          9         0           9    <none> (D) 
                    ha1         1          5         0           5    <none> (D) 
                    ha0         1          5         0           5    <none> (D) 
                p0              9         59         0          59    <none> (D) 
                  p1            3         18         0          18    <none> (D) 
                    fa0         1          9         0           9    <none> (D) 
                    ha1         1          5         0           5    <none> (D) 
                    ha0         1          5         0           5    <none> (D) 
                  p0            3         18         0          18    <none> (D) 
                    fa0         1          9         0           9    <none> (D) 
                    ha1         1          5         0           5    <none> (D) 
                    ha0         1          5         0           5    <none> (D) 
              p0               22        150         0         150    <none> (D) 
                p1              9         59         0          59    <none> (D) 
                  p1            3         18         0          18    <none> (D) 
                    fa0         1          9         0           9    <none> (D) 
                    ha1         1          5         0           5    <none> (D) 
                    ha0         1          5         0           5    <none> (D) 
                  p0            3         18         0          18    <none> (D) 
                    fa0         1          9         0           9    <none> (D) 
                    ha1         1          5         0           5    <none> (D) 
                    ha0         1          5         0           5    <none> (D) 
                p0              9         59         0          59    <none> (D) 
                  p1            3         18         0          18    <none> (D) 
                    fa0         1          9         0           9    <none> (D) 
                    ha1         1          5         0           5    <none> (D) 
                    ha0         1          5         0           5    <none> (D) 
                  p0            3         18         0          18    <none> (D) 
                    fa0         1          9         0           9    <none> (D) 
                    ha1         1          5         0           5    <none> (D) 
                    ha0         1          5         0           5    <none> (D) 
            p0                 49        340         0         340    <none> (D) 
              p1               22        150         0         150    <none> (D) 
                p1              9         59         0          59    <none> (D) 
                  p1            3         18         0          18    <none> (D) 
                    fa0         1          9         0           9    <none> (D) 
                    ha1         1          5         0           5    <none> (D) 
                    ha0         1          5         0           5    <none> (D) 
                  p0            3         18         0          18    <none> (D) 
                    fa0         1          9         0           9    <none> (D) 
                    ha1         1          5         0           5    <none> (D) 
                    ha0         1          5         0           5    <none> (D) 
                p0              9         59         0          59    <none> (D) 
                  p1            3         18         0          18    <none> (D) 
                    fa0         1          9         0           9    <none> (D) 
                    ha1         1          5         0           5    <none> (D) 
                    ha0         1          5         0           5    <none> (D) 
                  p0            3         18         0          18    <none> (D) 
                    fa0         1          9         0           9    <none> (D) 
                    ha1         1          5         0           5    <none> (D) 
                    ha0         1          5         0           5    <none> (D) 
              p0               22        150         0         150    <none> (D) 
                p1              9         59         0          59    <none> (D) 
                  p1            3         18         0          18    <none> (D) 
                    fa0         1          9         0           9    <none> (D) 
                    ha1         1          5         0           5    <none> (D) 
                    ha0         1          5         0           5    <none> (D) 
                  p0            3         18         0          18    <none> (D) 
                    fa0         1          9         0           9    <none> (D) 
                    ha1         1          5         0           5    <none> (D) 
                    ha0         1          5         0           5    <none> (D) 
                p0              9         59         0          59    <none> (D) 
                  p1            3         18         0          18    <none> (D) 
                    fa0         1          9         0           9    <none> (D) 
                    ha1         1          5         0           5    <none> (D) 
                    ha0         1          5         0           5    <none> (D) 
                  p0            3         18         0          18    <none> (D) 
                    fa0         1          9         0           9    <none> (D) 
                    ha1         1          5         0           5    <none> (D) 
                    ha0         1          5         0           5    <none> (D) 
      ctr                     486       1603         0        1603    <none> (D) 
        add_55_25             325        888         0         888    <none> (D) 
    genblk1[3].genblk1.sng    129        392         0         392    <none> (D) 
      ctr                      46        200         0         200    <none> (D) 
    genblk1[1].genblk1.sng    129        389         0         389    <none> (D) 
      ctr                      45        198         0         198    <none> (D) 
    genblk1[2].genblk1.sng    127        386         0         386    <none> (D) 
      ctr                      45        198         0         198    <none> (D) 
    genblk1[0].genblk1.sng    127        384         0         384    <none> (D) 
      ctr                      42        192         0         192    <none> (D) 

 (D) = wireload is default in technology library
