============================================================
  Generated by:           Encounter(R) RTL Compiler v14.10-s022_1
  Generated on:           Jul 25 2021  02:01:29 pm
  Module:                 ms_es_ordered_cas_by4_mul_synth
  Technology library:     gscl45nm 
  Operating conditions:   typical (balanced_tree)
  Wireload mode:          enclosed
  Area mode:              timing library
============================================================

            Instance             Cells  Cell Area  Net Area  Total Area  Wireload     
--------------------------------------------------------------------------------------
ms_es_ordered_cas_by4_mul_synth    253        882         0         882    <none> (D) 
  TOP                              253        882         0         882    <none> (D) 
    genblk2.stoch2bin               78        426         0         426    <none> (D) 
      ctr                           51        265         0         265    <none> (D) 
      par_ctr                       22        150         0         150    <none> (D) 
        p1                           9         59         0          59    <none> (D) 
          p1                         3         18         0          18    <none> (D) 
            fa0                      1          9         0           9    <none> (D) 
            ha1                      1          5         0           5    <none> (D) 
            ha0                      1          5         0           5    <none> (D) 
          p0                         3         18         0          18    <none> (D) 
            fa0                      1          9         0           9    <none> (D) 
            ha1                      1          5         0           5    <none> (D) 
            ha0                      1          5         0           5    <none> (D) 
        p0                           9         59         0          59    <none> (D) 
          p1                         3         18         0          18    <none> (D) 
            fa0                      1          9         0           9    <none> (D) 
            ha1                      1          5         0           5    <none> (D) 
            ha0                      1          5         0           5    <none> (D) 
          p0                         3         18         0          18    <none> (D) 
            fa0                      1          9         0           9    <none> (D) 
            ha1                      1          5         0           5    <none> (D) 
            ha0                      1          5         0           5    <none> (D) 
    cas                             73        153         0         153    <none> (D) 
      genblk1.cas_a_b               73        153         0         153    <none> (D) 
    genblk1[1].genblk1.sng          42        130         0         130    <none> (D) 
      ctr                           18         82         0          82    <none> (D) 
    genblk1[0].genblk1.sng          41        128         0         128    <none> (D) 
      ctr                           17         79         0          79    <none> (D) 

 (D) = wireload is default in technology library
