============================================================
  Generated by:           Encounter(R) RTL Compiler v14.10-s022_1
  Generated on:           Jul 25 2021  01:50:01 pm
  Module:                 ms_es_naive_by4_mul_synth
  Technology library:     gscl45nm 
  Operating conditions:   typical (balanced_tree)
  Wireload mode:          enclosed
  Area mode:              timing library
============================================================

                                  Leakage    Dynamic     Total   
         Instance          Cells Power(nW)  Power(nW)  Power(nW) 
-----------------------------------------------------------------
ms_es_naive_by4_mul_synth    477 13900.495 767679.112 781579.607 
  TOP                        477 13900.495 750381.557 764282.052 
    genblk2.stoch2bin        217  8510.896 369141.676 377652.573 
      par_ctr                104  4470.543 138870.727 143341.270 
        p0                    49  2113.463  67561.711  69675.174 
          p0                  22   954.528  32340.573  33295.102 
            p0                 9   394.666  14917.446  15312.112 
              p0               3   134.340   6129.758   6264.098 
                ha0            1    47.565   1163.818   1211.383 
                ha1            1    47.565   1970.879   2018.444 
                fa0            1    39.210   2995.061   3034.271 
              p1               3   134.340   5966.103   6100.443 
                ha0            1    47.565   1177.121   1224.685 
                ha1            1    47.565   1769.399   1816.963 
                fa0            1    39.210   3019.584   3058.794 
            p1                 9   394.666  14355.175  14749.841 
              p0               3   134.340   6030.705   6165.045 
                ha0            1    47.565   1145.704   1193.269 
                ha1            1    47.565   1940.255   1987.820 
                fa0            1    39.210   2944.746   2983.956 
              p1               3   134.340   5688.822   5823.162 
                ha0            1    47.565   1131.790   1179.355 
                ha1            1    47.565   1687.515   1735.080 
                fa0            1    39.210   2869.516   2908.726 
          p1                  22   954.528  31842.041  32796.570 
            p0                 9   394.666  14801.950  15196.616 
              p0               3   134.340   6080.335   6214.675 
                ha0            1    47.565   1154.761   1202.326 
                ha1            1    47.565   1955.567   2003.132 
                fa0            1    39.210   2970.007   3009.217 
              p1               3   134.340   5918.350   6052.690 
                ha0            1    47.565   1168.064   1215.629 
                ha1            1    47.565   1755.751   1803.316 
                fa0            1    39.210   2994.535   3033.745 
            p1                 9   394.666  14241.342  14636.008 
              p0               3   134.340   5981.284   6115.624 
                ha0            1    47.565   1136.648   1184.212 
                ha1            1    47.565   1924.942   1972.507 
                fa0            1    39.210   2919.694   2958.904 
              p1               3   134.340   5641.066   5775.407 
                ha0            1    47.565   1122.734   1170.298 
                ha1            1    47.565   1673.868   1721.433 
                fa0            1    39.210   2844.465   2883.675 
        p1                    49  2113.463  67698.775  69812.238 
          p0                  22   954.528  32426.713  33381.241 
            p0                 9   394.666  14985.211  15379.877 
              p0               3   134.340   6179.158   6313.498 
                ha0            1    47.565   1172.852   1220.417 
                ha1            1    47.565   1986.192   2033.756 
                fa0            1    39.210   3020.115   3059.325 
              p1               3   134.340   5966.079   6100.420 
                ha0            1    47.565   1177.098   1224.663 
                ha1            1    47.565   1769.399   1816.964 
                fa0            1    39.210   3019.583   3058.793 
            p1                 9   394.666  14355.132  14749.798 
              p0               3   134.340   6030.680   6165.021 
                ha0            1    47.565   1145.681   1193.246 
                ha1            1    47.565   1940.255   1987.819 
                fa0            1    39.210   2944.745   2983.955 
              p1               3   134.340   5688.796   5823.137 
                ha0            1    47.565   1131.766   1179.331 
                ha1            1    47.565   1687.515   1735.080 
                fa0            1    39.210   2869.515   2908.725 
          p1                  22   954.528  32172.503  33127.031 
            p0                 9   394.666  14985.214  15379.880 
              p0               3   134.340   6179.157   6313.498 
                ha0            1    47.565   1172.852   1220.417 
                ha1            1    47.565   1986.192   2033.757 
                fa0            1    39.210   3020.113   3059.324 
              p1               3   134.340   5966.081   6100.421 
                ha0            1    47.565   1177.098   1224.663 
                ha1            1    47.565   1769.399   1816.964 
                fa0            1    39.210   3019.584   3058.795 
            p1                 9   394.666  14355.136  14749.802 
              p0               3   134.340   6030.681   6165.021 
                ha0            1    47.565   1145.682   1193.247 
                ha1            1    47.565   1940.255   1987.820 
                fa0            1    39.210   2944.745   2983.955 
              p1               3   134.340   5688.797   5823.137 
                ha0            1    47.565   1131.767   1179.332 
                ha1            1    47.565   1687.515   1735.080 
                fa0            1    39.210   2869.515   2908.725 
      ctr                    106  3955.344 221833.983 225789.327 
        add_55_25             21   831.773  17681.034  18512.807 
    genblk1[1].genblk1.sng    60  1390.765  94046.075  95436.839 
      ctr                     27  1089.056  74930.857  76019.913 
    genblk1[2].genblk1.sng    60  1358.912  88379.395  89738.307 
      ctr                     28  1108.810  61300.528  62409.338 
    genblk1[0].genblk1.sng    57  1358.351  92835.930  94194.282 
      ctr                     27  1089.056  74017.847  75106.903 

