============================================================
  Generated by:           Encounter(R) RTL Compiler v14.10-s022_1
  Generated on:           Jul 25 2021  02:34:24 pm
  Module:                 ms_es_ordered_bs_by4_mul_synth
  Technology library:     gscl45nm 
  Operating conditions:   typical (balanced_tree)
  Wireload mode:          enclosed
  Area mode:              timing library
============================================================

                                        Leakage    Dynamic      Total    
            Instance            Cells  Power(nW)  Power(nW)   Power(nW)  
-------------------------------------------------------------------------
ms_es_orde..by4_mul_synth        7684 156085.686 6391012.610 6547098.295 
  TOP                            7684 156085.686 6146820.392 6302906.078 
    genblk2.stoch2bin            2463  90853.034 2161699.429 2252552.463 
      par_ctr                    1780  76202.413 1597720.866 1673923.279 
        p0                        885  37900.978  797986.209  835887.186 
          p0                      438  18769.865  397963.089  416732.953 
            p0                    215   9223.914  197951.529  207175.442 
              p0                  104   4470.543   97945.749  102416.292 
                p0                 49   2113.463   47940.532   50053.995 
                  p0               22    954.528   22956.163   23910.691 
                    p0              9    394.666   10464.331   10858.998 
                      p0            3    134.340    4230.070    4364.410 
                        ha0         1     47.565     798.623     846.188 
                        ha1         1     47.565    1419.010    1466.575 
                        fa0         1     39.210    2012.437    2051.647 
                      p1            3    134.340    4065.344    4199.684 
                        ha0         1     47.565     803.952     851.517 
                        ha1         1     47.565    1248.955    1296.520 
                        fa0         1     39.210    2012.437    2051.647 
                    p1              9    394.666   10294.323   10688.989 
                      p0            3    134.340    4230.070    4364.410 
                        ha0         1     47.565     798.623     846.188 
                        ha1         1     47.565    1419.010    1466.575 
                        fa0         1     39.210    2012.437    2051.647 
                      p1            3    134.340    4065.322    4199.662 
                        ha0         1     47.565     803.930     851.495 
                        ha1         1     47.565    1248.955    1296.520 
                        fa0         1     39.210    2012.437    2051.647 
                  p1               22    954.528   22784.729   23739.257 
                    p0              9    394.666   10464.353   10859.019 
                      p0            3    134.340    4230.092    4364.432 
                        ha0         1     47.565     798.645     846.210 
                        ha1         1     47.565    1419.010    1466.575 
                        fa0         1     39.210    2012.437    2051.647 
                      p1            3    134.340    4065.344    4199.684 
                        ha0         1     47.565     803.952     851.517 
                        ha1         1     47.565    1248.955    1296.520 
                        fa0         1     39.210    2012.437    2051.647 
                    p1              9    394.666   10294.366   10689.032 
                      p0            3    134.340    4230.092    4364.432 
                        ha0         1     47.565     798.645     846.210 
                        ha1         1     47.565    1419.010    1466.575 
                        fa0         1     39.210    2012.437    2051.647 
                      p1            3    134.340    4065.344    4199.684 
                        ha0         1     47.565     803.952     851.517 
                        ha1         1     47.565    1248.955    1296.520 
                        fa0         1     39.210    2012.437    2051.647 
                p1                 49   2113.463   47786.815   49900.278 
                  p0               22    954.528   22956.163   23910.691 
                    p0              9    394.666   10464.331   10858.998 
                      p0            3    134.340    4230.070    4364.410 
                        ha0         1     47.565     798.623     846.188 
                        ha1         1     47.565    1419.010    1466.575 
                        fa0         1     39.210    2012.437    2051.647 
                      p1            3    134.340    4065.344    4199.684 
                        ha0         1     47.565     803.952     851.517 
                        ha1         1     47.565    1248.955    1296.520 
                        fa0         1     39.210    2012.437    2051.647 
                    p1              9    394.666   10294.323   10688.989 
                      p0            3    134.340    4230.070    4364.410 
                        ha0         1     47.565     798.623     846.188 
                        ha1         1     47.565    1419.010    1466.575 
                        fa0         1     39.210    2012.437    2051.647 
                      p1            3    134.340    4065.322    4199.662 
                        ha0         1     47.565     803.930     851.495 
                        ha1         1     47.565    1248.955    1296.520 
                        fa0         1     39.210    2012.437    2051.647 
                  p1               22    954.528   22785.054   23739.582 
                    p0              9    394.666   10464.515   10859.181 
                      p0            3    134.340    4230.172    4364.512 
                        ha0         1     47.565     798.645     846.210 
                        ha1         1     47.565    1419.010    1466.575 
                        fa0         1     39.210    2012.518    2051.728 
                      p1            3    134.340    4065.424    4199.764 
                        ha0         1     47.565     803.952     851.517 
                        ha1         1     47.565    1248.955    1296.520 
                        fa0         1     39.210    2012.518    2051.728 
                    p1              9    394.666   10294.528   10689.194 
                      p0            3    134.340    4230.172    4364.512 
                        ha0         1     47.565     798.645     846.210 
                        ha1         1     47.565    1419.010    1466.575 
                        fa0         1     39.210    2012.518    2051.728 
                      p1            3    134.340    4065.424    4199.764 
                        ha0         1     47.565     803.952     851.517 
                        ha1         1     47.565    1248.955    1296.520 
                        fa0         1     39.210    2012.518    2051.728 
              p1                  104   4470.543   97772.584  102243.127 
                p0                 49   2113.463   47940.532   50053.995 
                  p0               22    954.528   22956.163   23910.691 
                    p0              9    394.666   10464.331   10858.998 
                      p0            3    134.340    4230.070    4364.410 
                        ha0         1     47.565     798.623     846.188 
                        ha1         1     47.565    1419.010    1466.575 
                        fa0         1     39.210    2012.437    2051.647 
                      p1            3    134.340    4065.344    4199.684 
                        ha0         1     47.565     803.952     851.517 
                        ha1         1     47.565    1248.955    1296.520 
                        fa0         1     39.210    2012.437    2051.647 
                    p1              9    394.666   10294.323   10688.989 
                      p0            3    134.340    4230.070    4364.410 
                        ha0         1     47.565     798.623     846.188 
                        ha1         1     47.565    1419.010    1466.575 
                        fa0         1     39.210    2012.437    2051.647 
                      p1            3    134.340    4065.322    4199.662 
                        ha0         1     47.565     803.930     851.495 
                        ha1         1     47.565    1248.955    1296.520 
                        fa0         1     39.210    2012.437    2051.647 
                  p1               22    954.528   22784.729   23739.257 
                    p0              9    394.666   10464.353   10859.019 
                      p0            3    134.340    4230.092    4364.432 
                        ha0         1     47.565     798.645     846.210 
                        ha1         1     47.565    1419.010    1466.575 
                        fa0         1     39.210    2012.437    2051.647 
                      p1            3    134.340    4065.344    4199.684 
                        ha0         1     47.565     803.952     851.517 
                        ha1         1     47.565    1248.955    1296.520 
                        fa0         1     39.210    2012.437    2051.647 
                    p1              9    394.666   10294.366   10689.032 
                      p0            3    134.340    4230.092    4364.432 
                        ha0         1     47.565     798.645     846.210 
                        ha1         1     47.565    1419.010    1466.575 
                        fa0         1     39.210    2012.437    2051.647 
                      p1            3    134.340    4065.344    4199.684 
                        ha0         1     47.565     803.952     851.517 
                        ha1         1     47.565    1248.955    1296.520 
                        fa0         1     39.210    2012.437    2051.647 
                p1                 49   2113.463   47786.815   49900.278 
                  p0               22    954.528   22956.163   23910.691 
                    p0              9    394.666   10464.331   10858.998 
                      p0            3    134.340    4230.070    4364.410 
                        ha0         1     47.565     798.623     846.188 
                        ha1         1     47.565    1419.010    1466.575 
                        fa0         1     39.210    2012.437    2051.647 
                      p1            3    134.340    4065.344    4199.684 
                        ha0         1     47.565     803.952     851.517 
                        ha1         1     47.565    1248.955    1296.520 
                        fa0         1     39.210    2012.437    2051.647 
                    p1              9    394.666   10294.323   10688.989 
                      p0            3    134.340    4230.070    4364.410 
                        ha0         1     47.565     798.623     846.188 
                        ha1         1     47.565    1419.010    1466.575 
                        fa0         1     39.210    2012.437    2051.647 
                      p1            3    134.340    4065.322    4199.662 
                        ha0         1     47.565     803.930     851.495 
                        ha1         1     47.565    1248.955    1296.520 
                        fa0         1     39.210    2012.437    2051.647 
                  p1               22    954.528   22785.054   23739.582 
                    p0              9    394.666   10464.515   10859.181 
                      p0            3    134.340    4230.172    4364.512 
                        ha0         1     47.565     798.645     846.210 
                        ha1         1     47.565    1419.010    1466.575 
                        fa0         1     39.210    2012.518    2051.728 
                      p1            3    134.340    4065.424    4199.764 
                        ha0         1     47.565     803.952     851.517 
                        ha1         1     47.565    1248.955    1296.520 
                        fa0         1     39.210    2012.518    2051.728 
                    p1              9    394.666   10294.528   10689.194 
                      p0            3    134.340    4230.172    4364.512 
                        ha0         1     47.565     798.645     846.210 
                        ha1         1     47.565    1419.010    1466.575 
                        fa0         1     39.210    2012.518    2051.728 
                      p1            3    134.340    4065.424    4199.764 
                        ha0         1     47.565     803.952     851.517 
                        ha1         1     47.565    1248.955    1296.520 
                        fa0         1     39.210    2012.518    2051.728 
            p1                    215   9223.914  197778.364  207002.278 
              p0                  104   4470.543   97945.749  102416.292 
                p0                 49   2113.463   47940.532   50053.995 
                  p0               22    954.528   22956.163   23910.691 
                    p0              9    394.666   10464.331   10858.998 
                      p0            3    134.340    4230.070    4364.410 
                        ha0         1     47.565     798.623     846.188 
                        ha1         1     47.565    1419.010    1466.575 
                        fa0         1     39.210    2012.437    2051.647 
                      p1            3    134.340    4065.344    4199.684 
                        ha0         1     47.565     803.952     851.517 
                        ha1         1     47.565    1248.955    1296.520 
                        fa0         1     39.210    2012.437    2051.647 
                    p1              9    394.666   10294.323   10688.989 
                      p0            3    134.340    4230.070    4364.410 
                        ha0         1     47.565     798.623     846.188 
                        ha1         1     47.565    1419.010    1466.575 
                        fa0         1     39.210    2012.437    2051.647 
                      p1            3    134.340    4065.322    4199.662 
                        ha0         1     47.565     803.930     851.495 
                        ha1         1     47.565    1248.955    1296.520 
                        fa0         1     39.210    2012.437    2051.647 
                  p1               22    954.528   22784.729   23739.257 
                    p0              9    394.666   10464.353   10859.019 
                      p0            3    134.340    4230.092    4364.432 
                        ha0         1     47.565     798.645     846.210 
                        ha1         1     47.565    1419.010    1466.575 
                        fa0         1     39.210    2012.437    2051.647 
                      p1            3    134.340    4065.344    4199.684 
                        ha0         1     47.565     803.952     851.517 
                        ha1         1     47.565    1248.955    1296.520 
                        fa0         1     39.210    2012.437    2051.647 
                    p1              9    394.666   10294.366   10689.032 
                      p0            3    134.340    4230.092    4364.432 
                        ha0         1     47.565     798.645     846.210 
                        ha1         1     47.565    1419.010    1466.575 
                        fa0         1     39.210    2012.437    2051.647 
                      p1            3    134.340    4065.344    4199.684 
                        ha0         1     47.565     803.952     851.517 
                        ha1         1     47.565    1248.955    1296.520 
                        fa0         1     39.210    2012.437    2051.647 
                p1                 49   2113.463   47786.815   49900.278 
                  p0               22    954.528   22956.163   23910.691 
                    p0              9    394.666   10464.331   10858.998 
                      p0            3    134.340    4230.070    4364.410 
                        ha0         1     47.565     798.623     846.188 
                        ha1         1     47.565    1419.010    1466.575 
                        fa0         1     39.210    2012.437    2051.647 
                      p1            3    134.340    4065.344    4199.684 
                        ha0         1     47.565     803.952     851.517 
                        ha1         1     47.565    1248.955    1296.520 
                        fa0         1     39.210    2012.437    2051.647 
                    p1              9    394.666   10294.323   10688.989 
                      p0            3    134.340    4230.070    4364.410 
                        ha0         1     47.565     798.623     846.188 
                        ha1         1     47.565    1419.010    1466.575 
                        fa0         1     39.210    2012.437    2051.647 
                      p1            3    134.340    4065.322    4199.662 
                        ha0         1     47.565     803.930     851.495 
                        ha1         1     47.565    1248.955    1296.520 
                        fa0         1     39.210    2012.437    2051.647 
                  p1               22    954.528   22785.054   23739.582 
                    p0              9    394.666   10464.515   10859.181 
                      p0            3    134.340    4230.172    4364.512 
                        ha0         1     47.565     798.645     846.210 
                        ha1         1     47.565    1419.010    1466.575 
                        fa0         1     39.210    2012.518    2051.728 
                      p1            3    134.340    4065.424    4199.764 
                        ha0         1     47.565     803.952     851.517 
                        ha1         1     47.565    1248.955    1296.520 
                        fa0         1     39.210    2012.518    2051.728 
                    p1              9    394.666   10294.528   10689.194 
                      p0            3    134.340    4230.172    4364.512 
                        ha0         1     47.565     798.645     846.210 
                        ha1         1     47.565    1419.010    1466.575 
                        fa0         1     39.210    2012.518    2051.728 
                      p1            3    134.340    4065.424    4199.764 
                        ha0         1     47.565     803.952     851.517 
                        ha1         1     47.565    1248.955    1296.520 
                        fa0         1     39.210    2012.518    2051.728 
              p1                  104   4470.543   97772.584  102243.127 
                p0                 49   2113.463   47940.532   50053.995 
                  p0               22    954.528   22956.163   23910.691 
                    p0              9    394.666   10464.331   10858.998 
                      p0            3    134.340    4230.070    4364.410 
                        ha0         1     47.565     798.623     846.188 
                        ha1         1     47.565    1419.010    1466.575 
                        fa0         1     39.210    2012.437    2051.647 
                      p1            3    134.340    4065.344    4199.684 
                        ha0         1     47.565     803.952     851.517 
                        ha1         1     47.565    1248.955    1296.520 
                        fa0         1     39.210    2012.437    2051.647 
                    p1              9    394.666   10294.323   10688.989 
                      p0            3    134.340    4230.070    4364.410 
                        ha0         1     47.565     798.623     846.188 
                        ha1         1     47.565    1419.010    1466.575 
                        fa0         1     39.210    2012.437    2051.647 
                      p1            3    134.340    4065.322    4199.662 
                        ha0         1     47.565     803.930     851.495 
                        ha1         1     47.565    1248.955    1296.520 
                        fa0         1     39.210    2012.437    2051.647 
                  p1               22    954.528   22784.729   23739.257 
                    p0              9    394.666   10464.353   10859.019 
                      p0            3    134.340    4230.092    4364.432 
                        ha0         1     47.565     798.645     846.210 
                        ha1         1     47.565    1419.010    1466.575 
                        fa0         1     39.210    2012.437    2051.647 
                      p1            3    134.340    4065.344    4199.684 
                        ha0         1     47.565     803.952     851.517 
                        ha1         1     47.565    1248.955    1296.520 
                        fa0         1     39.210    2012.437    2051.647 
                    p1              9    394.666   10294.366   10689.032 
                      p0            3    134.340    4230.092    4364.432 
                        ha0         1     47.565     798.645     846.210 
                        ha1         1     47.565    1419.010    1466.575 
                        fa0         1     39.210    2012.437    2051.647 
                      p1            3    134.340    4065.344    4199.684 
                        ha0         1     47.565     803.952     851.517 
                        ha1         1     47.565    1248.955    1296.520 
                        fa0         1     39.210    2012.437    2051.647 
                p1                 49   2113.463   47786.815   49900.278 
                  p0               22    954.528   22956.163   23910.691 
                    p0              9    394.666   10464.331   10858.998 
                      p0            3    134.340    4230.070    4364.410 
                        ha0         1     47.565     798.623     846.188 
                        ha1         1     47.565    1419.010    1466.575 
                        fa0         1     39.210    2012.437    2051.647 
                      p1            3    134.340    4065.344    4199.684 
                        ha0         1     47.565     803.952     851.517 
                        ha1         1     47.565    1248.955    1296.520 
                        fa0         1     39.210    2012.437    2051.647 
                    p1              9    394.666   10294.323   10688.989 
                      p0            3    134.340    4230.070    4364.410 
                        ha0         1     47.565     798.623     846.188 
                        ha1         1     47.565    1419.010    1466.575 
                        fa0         1     39.210    2012.437    2051.647 
                      p1            3    134.340    4065.322    4199.662 
                        ha0         1     47.565     803.930     851.495 
                        ha1         1     47.565    1248.955    1296.520 
                        fa0         1     39.210    2012.437    2051.647 
                  p1               22    954.528   22785.054   23739.582 
                    p0              9    394.666   10464.515   10859.181 
                      p0            3    134.340    4230.172    4364.512 
                        ha0         1     47.565     798.645     846.210 
                        ha1         1     47.565    1419.010    1466.575 
                        fa0         1     39.210    2012.518    2051.728 
                      p1            3    134.340    4065.424    4199.764 
                        ha0         1     47.565     803.952     851.517 
                        ha1         1     47.565    1248.955    1296.520 
                        fa0         1     39.210    2012.518    2051.728 
                    p1              9    394.666   10294.528   10689.194 
                      p0            3    134.340    4230.172    4364.512 
                        ha0         1     47.565     798.645     846.210 
                        ha1         1     47.565    1419.010    1466.575 
                        fa0         1     39.210    2012.518    2051.728 
                      p1            3    134.340    4065.424    4199.764 
                        ha0         1     47.565     803.952     851.517 
                        ha1         1     47.565    1248.955    1296.520 
                        fa0         1     39.210    2012.518    2051.728 
          p1                      438  18769.865  397789.924  416559.789 
            p0                    215   9223.914  197951.529  207175.442 
              p0                  104   4470.543   97945.749  102416.292 
                p0                 49   2113.463   47940.532   50053.995 
                  p0               22    954.528   22956.163   23910.691 
                    p0              9    394.666   10464.331   10858.998 
                      p0            3    134.340    4230.070    4364.410 
                        ha0         1     47.565     798.623     846.188 
                        ha1         1     47.565    1419.010    1466.575 
                        fa0         1     39.210    2012.437    2051.647 
                      p1            3    134.340    4065.344    4199.684 
                        ha0         1     47.565     803.952     851.517 
                        ha1         1     47.565    1248.955    1296.520 
                        fa0         1     39.210    2012.437    2051.647 
                    p1              9    394.666   10294.323   10688.989 
                      p0            3    134.340    4230.070    4364.410 
                        ha0         1     47.565     798.623     846.188 
                        ha1         1     47.565    1419.010    1466.575 
                        fa0         1     39.210    2012.437    2051.647 
                      p1            3    134.340    4065.322    4199.662 
                        ha0         1     47.565     803.930     851.495 
                        ha1         1     47.565    1248.955    1296.520 
                        fa0         1     39.210    2012.437    2051.647 
                  p1               22    954.528   22784.729   23739.257 
                    p0              9    394.666   10464.353   10859.019 
                      p0            3    134.340    4230.092    4364.432 
                        ha0         1     47.565     798.645     846.210 
                        ha1         1     47.565    1419.010    1466.575 
                        fa0         1     39.210    2012.437    2051.647 
                      p1            3    134.340    4065.344    4199.684 
                        ha0         1     47.565     803.952     851.517 
                        ha1         1     47.565    1248.955    1296.520 
                        fa0         1     39.210    2012.437    2051.647 
                    p1              9    394.666   10294.366   10689.032 
                      p0            3    134.340    4230.092    4364.432 
                        ha0         1     47.565     798.645     846.210 
                        ha1         1     47.565    1419.010    1466.575 
                        fa0         1     39.210    2012.437    2051.647 
                      p1            3    134.340    4065.344    4199.684 
                        ha0         1     47.565     803.952     851.517 
                        ha1         1     47.565    1248.955    1296.520 
                        fa0         1     39.210    2012.437    2051.647 
                p1                 49   2113.463   47786.815   49900.278 
                  p0               22    954.528   22956.163   23910.691 
                    p0              9    394.666   10464.331   10858.998 
                      p0            3    134.340    4230.070    4364.410 
                        ha0         1     47.565     798.623     846.188 
                        ha1         1     47.565    1419.010    1466.575 
                        fa0         1     39.210    2012.437    2051.647 
                      p1            3    134.340    4065.344    4199.684 
                        ha0         1     47.565     803.952     851.517 
                        ha1         1     47.565    1248.955    1296.520 
                        fa0         1     39.210    2012.437    2051.647 
                    p1              9    394.666   10294.323   10688.989 
                      p0            3    134.340    4230.070    4364.410 
                        ha0         1     47.565     798.623     846.188 
                        ha1         1     47.565    1419.010    1466.575 
                        fa0         1     39.210    2012.437    2051.647 
                      p1            3    134.340    4065.322    4199.662 
                        ha0         1     47.565     803.930     851.495 
                        ha1         1     47.565    1248.955    1296.520 
                        fa0         1     39.210    2012.437    2051.647 
                  p1               22    954.528   22785.054   23739.582 
                    p0              9    394.666   10464.515   10859.181 
                      p0            3    134.340    4230.172    4364.512 
                        ha0         1     47.565     798.645     846.210 
                        ha1         1     47.565    1419.010    1466.575 
                        fa0         1     39.210    2012.518    2051.728 
                      p1            3    134.340    4065.424    4199.764 
                        ha0         1     47.565     803.952     851.517 
                        ha1         1     47.565    1248.955    1296.520 
                        fa0         1     39.210    2012.518    2051.728 
                    p1              9    394.666   10294.528   10689.194 
                      p0            3    134.340    4230.172    4364.512 
                        ha0         1     47.565     798.645     846.210 
                        ha1         1     47.565    1419.010    1466.575 
                        fa0         1     39.210    2012.518    2051.728 
                      p1            3    134.340    4065.424    4199.764 
                        ha0         1     47.565     803.952     851.517 
                        ha1         1     47.565    1248.955    1296.520 
                        fa0         1     39.210    2012.518    2051.728 
              p1                  104   4470.543   97772.584  102243.127 
                p0                 49   2113.463   47940.532   50053.995 
                  p0               22    954.528   22956.163   23910.691 
                    p0              9    394.666   10464.331   10858.998 
                      p0            3    134.340    4230.070    4364.410 
                        ha0         1     47.565     798.623     846.188 
                        ha1         1     47.565    1419.010    1466.575 
                        fa0         1     39.210    2012.437    2051.647 
                      p1            3    134.340    4065.344    4199.684 
                        ha0         1     47.565     803.952     851.517 
                        ha1         1     47.565    1248.955    1296.520 
                        fa0         1     39.210    2012.437    2051.647 
                    p1              9    394.666   10294.323   10688.989 
                      p0            3    134.340    4230.070    4364.410 
                        ha0         1     47.565     798.623     846.188 
                        ha1         1     47.565    1419.010    1466.575 
                        fa0         1     39.210    2012.437    2051.647 
                      p1            3    134.340    4065.322    4199.662 
                        ha0         1     47.565     803.930     851.495 
                        ha1         1     47.565    1248.955    1296.520 
                        fa0         1     39.210    2012.437    2051.647 
                  p1               22    954.528   22784.729   23739.257 
                    p0              9    394.666   10464.353   10859.019 
                      p0            3    134.340    4230.092    4364.432 
                        ha0         1     47.565     798.645     846.210 
                        ha1         1     47.565    1419.010    1466.575 
                        fa0         1     39.210    2012.437    2051.647 
                      p1            3    134.340    4065.344    4199.684 
                        ha0         1     47.565     803.952     851.517 
                        ha1         1     47.565    1248.955    1296.520 
                        fa0         1     39.210    2012.437    2051.647 
                    p1              9    394.666   10294.366   10689.032 
                      p0            3    134.340    4230.092    4364.432 
                        ha0         1     47.565     798.645     846.210 
                        ha1         1     47.565    1419.010    1466.575 
                        fa0         1     39.210    2012.437    2051.647 
                      p1            3    134.340    4065.344    4199.684 
                        ha0         1     47.565     803.952     851.517 
                        ha1         1     47.565    1248.955    1296.520 
                        fa0         1     39.210    2012.437    2051.647 
                p1                 49   2113.463   47786.815   49900.278 
                  p0               22    954.528   22956.163   23910.691 
                    p0              9    394.666   10464.331   10858.998 
                      p0            3    134.340    4230.070    4364.410 
                        ha0         1     47.565     798.623     846.188 
                        ha1         1     47.565    1419.010    1466.575 
                        fa0         1     39.210    2012.437    2051.647 
                      p1            3    134.340    4065.344    4199.684 
                        ha0         1     47.565     803.952     851.517 
                        ha1         1     47.565    1248.955    1296.520 
                        fa0         1     39.210    2012.437    2051.647 
                    p1              9    394.666   10294.323   10688.989 
                      p0            3    134.340    4230.070    4364.410 
                        ha0         1     47.565     798.623     846.188 
                        ha1         1     47.565    1419.010    1466.575 
                        fa0         1     39.210    2012.437    2051.647 
                      p1            3    134.340    4065.322    4199.662 
                        ha0         1     47.565     803.930     851.495 
                        ha1         1     47.565    1248.955    1296.520 
                        fa0         1     39.210    2012.437    2051.647 
                  p1               22    954.528   22785.054   23739.582 
                    p0              9    394.666   10464.515   10859.181 
                      p0            3    134.340    4230.172    4364.512 
                        ha0         1     47.565     798.645     846.210 
                        ha1         1     47.565    1419.010    1466.575 
                        fa0         1     39.210    2012.518    2051.728 
                      p1            3    134.340    4065.424    4199.764 
                        ha0         1     47.565     803.952     851.517 
                        ha1         1     47.565    1248.955    1296.520 
                        fa0         1     39.210    2012.518    2051.728 
                    p1              9    394.666   10294.528   10689.194 
                      p0            3    134.340    4230.172    4364.512 
                        ha0         1     47.565     798.645     846.210 
                        ha1         1     47.565    1419.010    1466.575 
                        fa0         1     39.210    2012.518    2051.728 
                      p1            3    134.340    4065.424    4199.764 
                        ha0         1     47.565     803.952     851.517 
                        ha1         1     47.565    1248.955    1296.520 
                        fa0         1     39.210    2012.518    2051.728 
            p1                    215   9223.914  197778.364  207002.278 
              p0                  104   4470.543   97945.749  102416.292 
                p0                 49   2113.463   47940.532   50053.995 
                  p0               22    954.528   22956.163   23910.691 
                    p0              9    394.666   10464.331   10858.998 
                      p0            3    134.340    4230.070    4364.410 
                        ha0         1     47.565     798.623     846.188 
                        ha1         1     47.565    1419.010    1466.575 
                        fa0         1     39.210    2012.437    2051.647 
                      p1            3    134.340    4065.344    4199.684 
                        ha0         1     47.565     803.952     851.517 
                        ha1         1     47.565    1248.955    1296.520 
                        fa0         1     39.210    2012.437    2051.647 
                    p1              9    394.666   10294.323   10688.989 
                      p0            3    134.340    4230.070    4364.410 
                        ha0         1     47.565     798.623     846.188 
                        ha1         1     47.565    1419.010    1466.575 
                        fa0         1     39.210    2012.437    2051.647 
                      p1            3    134.340    4065.322    4199.662 
                        ha0         1     47.565     803.930     851.495 
                        ha1         1     47.565    1248.955    1296.520 
                        fa0         1     39.210    2012.437    2051.647 
                  p1               22    954.528   22784.729   23739.257 
                    p0              9    394.666   10464.353   10859.019 
                      p0            3    134.340    4230.092    4364.432 
                        ha0         1     47.565     798.645     846.210 
                        ha1         1     47.565    1419.010    1466.575 
                        fa0         1     39.210    2012.437    2051.647 
                      p1            3    134.340    4065.344    4199.684 
                        ha0         1     47.565     803.952     851.517 
                        ha1         1     47.565    1248.955    1296.520 
                        fa0         1     39.210    2012.437    2051.647 
                    p1              9    394.666   10294.366   10689.032 
                      p0            3    134.340    4230.092    4364.432 
                        ha0         1     47.565     798.645     846.210 
                        ha1         1     47.565    1419.010    1466.575 
                        fa0         1     39.210    2012.437    2051.647 
                      p1            3    134.340    4065.344    4199.684 
                        ha0         1     47.565     803.952     851.517 
                        ha1         1     47.565    1248.955    1296.520 
                        fa0         1     39.210    2012.437    2051.647 
                p1                 49   2113.463   47786.815   49900.278 
                  p0               22    954.528   22956.163   23910.691 
                    p0              9    394.666   10464.331   10858.998 
                      p0            3    134.340    4230.070    4364.410 
                        ha0         1     47.565     798.623     846.188 
                        ha1         1     47.565    1419.010    1466.575 
                        fa0         1     39.210    2012.437    2051.647 
                      p1            3    134.340    4065.344    4199.684 
                        ha0         1     47.565     803.952     851.517 
                        ha1         1     47.565    1248.955    1296.520 
                        fa0         1     39.210    2012.437    2051.647 
                    p1              9    394.666   10294.323   10688.989 
                      p0            3    134.340    4230.070    4364.410 
                        ha0         1     47.565     798.623     846.188 
                        ha1         1     47.565    1419.010    1466.575 
                        fa0         1     39.210    2012.437    2051.647 
                      p1            3    134.340    4065.322    4199.662 
                        ha0         1     47.565     803.930     851.495 
                        ha1         1     47.565    1248.955    1296.520 
                        fa0         1     39.210    2012.437    2051.647 
                  p1               22    954.528   22785.054   23739.582 
                    p0              9    394.666   10464.515   10859.181 
                      p0            3    134.340    4230.172    4364.512 
                        ha0         1     47.565     798.645     846.210 
                        ha1         1     47.565    1419.010    1466.575 
                        fa0         1     39.210    2012.518    2051.728 
                      p1            3    134.340    4065.424    4199.764 
                        ha0         1     47.565     803.952     851.517 
                        ha1         1     47.565    1248.955    1296.520 
                        fa0         1     39.210    2012.518    2051.728 
                    p1              9    394.666   10294.528   10689.194 
                      p0            3    134.340    4230.172    4364.512 
                        ha0         1     47.565     798.645     846.210 
                        ha1         1     47.565    1419.010    1466.575 
                        fa0         1     39.210    2012.518    2051.728 
                      p1            3    134.340    4065.424    4199.764 
                        ha0         1     47.565     803.952     851.517 
                        ha1         1     47.565    1248.955    1296.520 
                        fa0         1     39.210    2012.518    2051.728 
              p1                  104   4470.543   97772.584  102243.127 
                p0                 49   2113.463   47940.532   50053.995 
                  p0               22    954.528   22956.163   23910.691 
                    p0              9    394.666   10464.331   10858.998 
                      p0            3    134.340    4230.070    4364.410 
                        ha0         1     47.565     798.623     846.188 
                        ha1         1     47.565    1419.010    1466.575 
                        fa0         1     39.210    2012.437    2051.647 
                      p1            3    134.340    4065.344    4199.684 
                        ha0         1     47.565     803.952     851.517 
                        ha1         1     47.565    1248.955    1296.520 
                        fa0         1     39.210    2012.437    2051.647 
                    p1              9    394.666   10294.323   10688.989 
                      p0            3    134.340    4230.070    4364.410 
                        ha0         1     47.565     798.623     846.188 
                        ha1         1     47.565    1419.010    1466.575 
                        fa0         1     39.210    2012.437    2051.647 
                      p1            3    134.340    4065.322    4199.662 
                        ha0         1     47.565     803.930     851.495 
                        ha1         1     47.565    1248.955    1296.520 
                        fa0         1     39.210    2012.437    2051.647 
                  p1               22    954.528   22784.729   23739.257 
                    p0              9    394.666   10464.353   10859.019 
                      p0            3    134.340    4230.092    4364.432 
                        ha0         1     47.565     798.645     846.210 
                        ha1         1     47.565    1419.010    1466.575 
                        fa0         1     39.210    2012.437    2051.647 
                      p1            3    134.340    4065.344    4199.684 
                        ha0         1     47.565     803.952     851.517 
                        ha1         1     47.565    1248.955    1296.520 
                        fa0         1     39.210    2012.437    2051.647 
                    p1              9    394.666   10294.366   10689.032 
                      p0            3    134.340    4230.092    4364.432 
                        ha0         1     47.565     798.645     846.210 
                        ha1         1     47.565    1419.010    1466.575 
                        fa0         1     39.210    2012.437    2051.647 
                      p1            3    134.340    4065.344    4199.684 
                        ha0         1     47.565     803.952     851.517 
                        ha1         1     47.565    1248.955    1296.520 
                        fa0         1     39.210    2012.437    2051.647 
                p1                 49   2113.463   47786.815   49900.278 
                  p0               22    954.528   22956.163   23910.691 
                    p0              9    394.666   10464.331   10858.998 
                      p0            3    134.340    4230.070    4364.410 
                        ha0         1     47.565     798.623     846.188 
                        ha1         1     47.565    1419.010    1466.575 
                        fa0         1     39.210    2012.437    2051.647 
                      p1            3    134.340    4065.344    4199.684 
                        ha0         1     47.565     803.952     851.517 
                        ha1         1     47.565    1248.955    1296.520 
                        fa0         1     39.210    2012.437    2051.647 
                    p1              9    394.666   10294.323   10688.989 
                      p0            3    134.340    4230.070    4364.410 
                        ha0         1     47.565     798.623     846.188 
                        ha1         1     47.565    1419.010    1466.575 
                        fa0         1     39.210    2012.437    2051.647 
                      p1            3    134.340    4065.322    4199.662 
                        ha0         1     47.565     803.930     851.495 
                        ha1         1     47.565    1248.955    1296.520 
                        fa0         1     39.210    2012.437    2051.647 
                  p1               22    954.528   22785.054   23739.582 
                    p0              9    394.666   10464.515   10859.181 
                      p0            3    134.340    4230.172    4364.512 
                        ha0         1     47.565     798.645     846.210 
                        ha1         1     47.565    1419.010    1466.575 
                        fa0         1     39.210    2012.518    2051.728 
                      p1            3    134.340    4065.424    4199.764 
                        ha0         1     47.565     803.952     851.517 
                        ha1         1     47.565    1248.955    1296.520 
                        fa0         1     39.210    2012.518    2051.728 
                    p1              9    394.666   10294.528   10689.194 
                      p0            3    134.340    4230.172    4364.512 
                        ha0         1     47.565     798.645     846.210 
                        ha1         1     47.565    1419.010    1466.575 
                        fa0         1     39.210    2012.518    2051.728 
                      p1            3    134.340    4065.424    4199.764 
                        ha0         1     47.565     803.952     851.517 
                        ha1         1     47.565    1248.955    1296.520 
                        fa0         1     39.210    2012.518    2051.728 
        p1                        885  37900.978  797830.561  835731.538 
          p0                      438  18769.865  397963.089  416732.953 
            p0                    215   9223.914  197951.529  207175.442 
              p0                  104   4470.543   97945.749  102416.292 
                p0                 49   2113.463   47940.532   50053.995 
                  p0               22    954.528   22956.163   23910.691 
                    p0              9    394.666   10464.331   10858.998 
                      p0            3    134.340    4230.070    4364.410 
                        ha0         1     47.565     798.623     846.188 
                        ha1         1     47.565    1419.010    1466.575 
                        fa0         1     39.210    2012.437    2051.647 
                      p1            3    134.340    4065.344    4199.684 
                        ha0         1     47.565     803.952     851.517 
                        ha1         1     47.565    1248.955    1296.520 
                        fa0         1     39.210    2012.437    2051.647 
                    p1              9    394.666   10294.323   10688.989 
                      p0            3    134.340    4230.070    4364.410 
                        ha0         1     47.565     798.623     846.188 
                        ha1         1     47.565    1419.010    1466.575 
                        fa0         1     39.210    2012.437    2051.647 
                      p1            3    134.340    4065.322    4199.662 
                        ha0         1     47.565     803.930     851.495 
                        ha1         1     47.565    1248.955    1296.520 
                        fa0         1     39.210    2012.437    2051.647 
                  p1               22    954.528   22784.729   23739.257 
                    p0              9    394.666   10464.353   10859.019 
                      p0            3    134.340    4230.092    4364.432 
                        ha0         1     47.565     798.645     846.210 
                        ha1         1     47.565    1419.010    1466.575 
                        fa0         1     39.210    2012.437    2051.647 
                      p1            3    134.340    4065.344    4199.684 
                        ha0         1     47.565     803.952     851.517 
                        ha1         1     47.565    1248.955    1296.520 
                        fa0         1     39.210    2012.437    2051.647 
                    p1              9    394.666   10294.366   10689.032 
                      p0            3    134.340    4230.092    4364.432 
                        ha0         1     47.565     798.645     846.210 
                        ha1         1     47.565    1419.010    1466.575 
                        fa0         1     39.210    2012.437    2051.647 
                      p1            3    134.340    4065.344    4199.684 
                        ha0         1     47.565     803.952     851.517 
                        ha1         1     47.565    1248.955    1296.520 
                        fa0         1     39.210    2012.437    2051.647 
                p1                 49   2113.463   47786.815   49900.278 
                  p0               22    954.528   22956.163   23910.691 
                    p0              9    394.666   10464.331   10858.998 
                      p0            3    134.340    4230.070    4364.410 
                        ha0         1     47.565     798.623     846.188 
                        ha1         1     47.565    1419.010    1466.575 
                        fa0         1     39.210    2012.437    2051.647 
                      p1            3    134.340    4065.344    4199.684 
                        ha0         1     47.565     803.952     851.517 
                        ha1         1     47.565    1248.955    1296.520 
                        fa0         1     39.210    2012.437    2051.647 
                    p1              9    394.666   10294.323   10688.989 
                      p0            3    134.340    4230.070    4364.410 
                        ha0         1     47.565     798.623     846.188 
                        ha1         1     47.565    1419.010    1466.575 
                        fa0         1     39.210    2012.437    2051.647 
                      p1            3    134.340    4065.322    4199.662 
                        ha0         1     47.565     803.930     851.495 
                        ha1         1     47.565    1248.955    1296.520 
                        fa0         1     39.210    2012.437    2051.647 
                  p1               22    954.528   22785.054   23739.582 
                    p0              9    394.666   10464.515   10859.181 
                      p0            3    134.340    4230.172    4364.512 
                        ha0         1     47.565     798.645     846.210 
                        ha1         1     47.565    1419.010    1466.575 
                        fa0         1     39.210    2012.518    2051.728 
                      p1            3    134.340    4065.424    4199.764 
                        ha0         1     47.565     803.952     851.517 
                        ha1         1     47.565    1248.955    1296.520 
                        fa0         1     39.210    2012.518    2051.728 
                    p1              9    394.666   10294.528   10689.194 
                      p0            3    134.340    4230.172    4364.512 
                        ha0         1     47.565     798.645     846.210 
                        ha1         1     47.565    1419.010    1466.575 
                        fa0         1     39.210    2012.518    2051.728 
                      p1            3    134.340    4065.424    4199.764 
                        ha0         1     47.565     803.952     851.517 
                        ha1         1     47.565    1248.955    1296.520 
                        fa0         1     39.210    2012.518    2051.728 
              p1                  104   4470.543   97772.584  102243.127 
                p0                 49   2113.463   47940.532   50053.995 
                  p0               22    954.528   22956.163   23910.691 
                    p0              9    394.666   10464.331   10858.998 
                      p0            3    134.340    4230.070    4364.410 
                        ha0         1     47.565     798.623     846.188 
                        ha1         1     47.565    1419.010    1466.575 
                        fa0         1     39.210    2012.437    2051.647 
                      p1            3    134.340    4065.344    4199.684 
                        ha0         1     47.565     803.952     851.517 
                        ha1         1     47.565    1248.955    1296.520 
                        fa0         1     39.210    2012.437    2051.647 
                    p1              9    394.666   10294.323   10688.989 
                      p0            3    134.340    4230.070    4364.410 
                        ha0         1     47.565     798.623     846.188 
                        ha1         1     47.565    1419.010    1466.575 
                        fa0         1     39.210    2012.437    2051.647 
                      p1            3    134.340    4065.322    4199.662 
                        ha0         1     47.565     803.930     851.495 
                        ha1         1     47.565    1248.955    1296.520 
                        fa0         1     39.210    2012.437    2051.647 
                  p1               22    954.528   22784.729   23739.257 
                    p0              9    394.666   10464.353   10859.019 
                      p0            3    134.340    4230.092    4364.432 
                        ha0         1     47.565     798.645     846.210 
                        ha1         1     47.565    1419.010    1466.575 
                        fa0         1     39.210    2012.437    2051.647 
                      p1            3    134.340    4065.344    4199.684 
                        ha0         1     47.565     803.952     851.517 
                        ha1         1     47.565    1248.955    1296.520 
                        fa0         1     39.210    2012.437    2051.647 
                    p1              9    394.666   10294.366   10689.032 
                      p0            3    134.340    4230.092    4364.432 
                        ha0         1     47.565     798.645     846.210 
                        ha1         1     47.565    1419.010    1466.575 
                        fa0         1     39.210    2012.437    2051.647 
                      p1            3    134.340    4065.344    4199.684 
                        ha0         1     47.565     803.952     851.517 
                        ha1         1     47.565    1248.955    1296.520 
                        fa0         1     39.210    2012.437    2051.647 
                p1                 49   2113.463   47786.815   49900.278 
                  p0               22    954.528   22956.163   23910.691 
                    p0              9    394.666   10464.331   10858.998 
                      p0            3    134.340    4230.070    4364.410 
                        ha0         1     47.565     798.623     846.188 
                        ha1         1     47.565    1419.010    1466.575 
                        fa0         1     39.210    2012.437    2051.647 
                      p1            3    134.340    4065.344    4199.684 
                        ha0         1     47.565     803.952     851.517 
                        ha1         1     47.565    1248.955    1296.520 
                        fa0         1     39.210    2012.437    2051.647 
                    p1              9    394.666   10294.323   10688.989 
                      p0            3    134.340    4230.070    4364.410 
                        ha0         1     47.565     798.623     846.188 
                        ha1         1     47.565    1419.010    1466.575 
                        fa0         1     39.210    2012.437    2051.647 
                      p1            3    134.340    4065.322    4199.662 
                        ha0         1     47.565     803.930     851.495 
                        ha1         1     47.565    1248.955    1296.520 
                        fa0         1     39.210    2012.437    2051.647 
                  p1               22    954.528   22785.054   23739.582 
                    p0              9    394.666   10464.515   10859.181 
                      p0            3    134.340    4230.172    4364.512 
                        ha0         1     47.565     798.645     846.210 
                        ha1         1     47.565    1419.010    1466.575 
                        fa0         1     39.210    2012.518    2051.728 
                      p1            3    134.340    4065.424    4199.764 
                        ha0         1     47.565     803.952     851.517 
                        ha1         1     47.565    1248.955    1296.520 
                        fa0         1     39.210    2012.518    2051.728 
                    p1              9    394.666   10294.528   10689.194 
                      p0            3    134.340    4230.172    4364.512 
                        ha0         1     47.565     798.645     846.210 
                        ha1         1     47.565    1419.010    1466.575 
                        fa0         1     39.210    2012.518    2051.728 
                      p1            3    134.340    4065.424    4199.764 
                        ha0         1     47.565     803.952     851.517 
                        ha1         1     47.565    1248.955    1296.520 
                        fa0         1     39.210    2012.518    2051.728 
            p1                    215   9223.914  197778.364  207002.278 
              p0                  104   4470.543   97945.749  102416.292 
                p0                 49   2113.463   47940.532   50053.995 
                  p0               22    954.528   22956.163   23910.691 
                    p0              9    394.666   10464.331   10858.998 
                      p0            3    134.340    4230.070    4364.410 
                        ha0         1     47.565     798.623     846.188 
                        ha1         1     47.565    1419.010    1466.575 
                        fa0         1     39.210    2012.437    2051.647 
                      p1            3    134.340    4065.344    4199.684 
                        ha0         1     47.565     803.952     851.517 
                        ha1         1     47.565    1248.955    1296.520 
                        fa0         1     39.210    2012.437    2051.647 
                    p1              9    394.666   10294.323   10688.989 
                      p0            3    134.340    4230.070    4364.410 
                        ha0         1     47.565     798.623     846.188 
                        ha1         1     47.565    1419.010    1466.575 
                        fa0         1     39.210    2012.437    2051.647 
                      p1            3    134.340    4065.322    4199.662 
                        ha0         1     47.565     803.930     851.495 
                        ha1         1     47.565    1248.955    1296.520 
                        fa0         1     39.210    2012.437    2051.647 
                  p1               22    954.528   22784.729   23739.257 
                    p0              9    394.666   10464.353   10859.019 
                      p0            3    134.340    4230.092    4364.432 
                        ha0         1     47.565     798.645     846.210 
                        ha1         1     47.565    1419.010    1466.575 
                        fa0         1     39.210    2012.437    2051.647 
                      p1            3    134.340    4065.344    4199.684 
                        ha0         1     47.565     803.952     851.517 
                        ha1         1     47.565    1248.955    1296.520 
                        fa0         1     39.210    2012.437    2051.647 
                    p1              9    394.666   10294.366   10689.032 
                      p0            3    134.340    4230.092    4364.432 
                        ha0         1     47.565     798.645     846.210 
                        ha1         1     47.565    1419.010    1466.575 
                        fa0         1     39.210    2012.437    2051.647 
                      p1            3    134.340    4065.344    4199.684 
                        ha0         1     47.565     803.952     851.517 
                        ha1         1     47.565    1248.955    1296.520 
                        fa0         1     39.210    2012.437    2051.647 
                p1                 49   2113.463   47786.815   49900.278 
                  p0               22    954.528   22956.163   23910.691 
                    p0              9    394.666   10464.331   10858.998 
                      p0            3    134.340    4230.070    4364.410 
                        ha0         1     47.565     798.623     846.188 
                        ha1         1     47.565    1419.010    1466.575 
                        fa0         1     39.210    2012.437    2051.647 
                      p1            3    134.340    4065.344    4199.684 
                        ha0         1     47.565     803.952     851.517 
                        ha1         1     47.565    1248.955    1296.520 
                        fa0         1     39.210    2012.437    2051.647 
                    p1              9    394.666   10294.323   10688.989 
                      p0            3    134.340    4230.070    4364.410 
                        ha0         1     47.565     798.623     846.188 
                        ha1         1     47.565    1419.010    1466.575 
                        fa0         1     39.210    2012.437    2051.647 
                      p1            3    134.340    4065.322    4199.662 
                        ha0         1     47.565     803.930     851.495 
                        ha1         1     47.565    1248.955    1296.520 
                        fa0         1     39.210    2012.437    2051.647 
                  p1               22    954.528   22785.054   23739.582 
                    p0              9    394.666   10464.515   10859.181 
                      p0            3    134.340    4230.172    4364.512 
                        ha0         1     47.565     798.645     846.210 
                        ha1         1     47.565    1419.010    1466.575 
                        fa0         1     39.210    2012.518    2051.728 
                      p1            3    134.340    4065.424    4199.764 
                        ha0         1     47.565     803.952     851.517 
                        ha1         1     47.565    1248.955    1296.520 
                        fa0         1     39.210    2012.518    2051.728 
                    p1              9    394.666   10294.528   10689.194 
                      p0            3    134.340    4230.172    4364.512 
                        ha0         1     47.565     798.645     846.210 
                        ha1         1     47.565    1419.010    1466.575 
                        fa0         1     39.210    2012.518    2051.728 
                      p1            3    134.340    4065.424    4199.764 
                        ha0         1     47.565     803.952     851.517 
                        ha1         1     47.565    1248.955    1296.520 
                        fa0         1     39.210    2012.518    2051.728 
              p1                  104   4470.543   97772.584  102243.127 
                p0                 49   2113.463   47940.532   50053.995 
                  p0               22    954.528   22956.163   23910.691 
                    p0              9    394.666   10464.331   10858.998 
                      p0            3    134.340    4230.070    4364.410 
                        ha0         1     47.565     798.623     846.188 
                        ha1         1     47.565    1419.010    1466.575 
                        fa0         1     39.210    2012.437    2051.647 
                      p1            3    134.340    4065.344    4199.684 
                        ha0         1     47.565     803.952     851.517 
                        ha1         1     47.565    1248.955    1296.520 
                        fa0         1     39.210    2012.437    2051.647 
                    p1              9    394.666   10294.323   10688.989 
                      p0            3    134.340    4230.070    4364.410 
                        ha0         1     47.565     798.623     846.188 
                        ha1         1     47.565    1419.010    1466.575 
                        fa0         1     39.210    2012.437    2051.647 
                      p1            3    134.340    4065.322    4199.662 
                        ha0         1     47.565     803.930     851.495 
                        ha1         1     47.565    1248.955    1296.520 
                        fa0         1     39.210    2012.437    2051.647 
                  p1               22    954.528   22784.729   23739.257 
                    p0              9    394.666   10464.353   10859.019 
                      p0            3    134.340    4230.092    4364.432 
                        ha0         1     47.565     798.645     846.210 
                        ha1         1     47.565    1419.010    1466.575 
                        fa0         1     39.210    2012.437    2051.647 
                      p1            3    134.340    4065.344    4199.684 
                        ha0         1     47.565     803.952     851.517 
                        ha1         1     47.565    1248.955    1296.520 
                        fa0         1     39.210    2012.437    2051.647 
                    p1              9    394.666   10294.366   10689.032 
                      p0            3    134.340    4230.092    4364.432 
                        ha0         1     47.565     798.645     846.210 
                        ha1         1     47.565    1419.010    1466.575 
                        fa0         1     39.210    2012.437    2051.647 
                      p1            3    134.340    4065.344    4199.684 
                        ha0         1     47.565     803.952     851.517 
                        ha1         1     47.565    1248.955    1296.520 
                        fa0         1     39.210    2012.437    2051.647 
                p1                 49   2113.463   47786.815   49900.278 
                  p0               22    954.528   22956.163   23910.691 
                    p0              9    394.666   10464.331   10858.998 
                      p0            3    134.340    4230.070    4364.410 
                        ha0         1     47.565     798.623     846.188 
                        ha1         1     47.565    1419.010    1466.575 
                        fa0         1     39.210    2012.437    2051.647 
                      p1            3    134.340    4065.344    4199.684 
                        ha0         1     47.565     803.952     851.517 
                        ha1         1     47.565    1248.955    1296.520 
                        fa0         1     39.210    2012.437    2051.647 
                    p1              9    394.666   10294.323   10688.989 
                      p0            3    134.340    4230.070    4364.410 
                        ha0         1     47.565     798.623     846.188 
                        ha1         1     47.565    1419.010    1466.575 
                        fa0         1     39.210    2012.437    2051.647 
                      p1            3    134.340    4065.322    4199.662 
                        ha0         1     47.565     803.930     851.495 
                        ha1         1     47.565    1248.955    1296.520 
                        fa0         1     39.210    2012.437    2051.647 
                  p1               22    954.528   22785.054   23739.582 
                    p0              9    394.666   10464.515   10859.181 
                      p0            3    134.340    4230.172    4364.512 
                        ha0         1     47.565     798.645     846.210 
                        ha1         1     47.565    1419.010    1466.575 
                        fa0         1     39.210    2012.518    2051.728 
                      p1            3    134.340    4065.424    4199.764 
                        ha0         1     47.565     803.952     851.517 
                        ha1         1     47.565    1248.955    1296.520 
                        fa0         1     39.210    2012.518    2051.728 
                    p1              9    394.666   10294.528   10689.194 
                      p0            3    134.340    4230.172    4364.512 
                        ha0         1     47.565     798.645     846.210 
                        ha1         1     47.565    1419.010    1466.575 
                        fa0         1     39.210    2012.518    2051.728 
                      p1            3    134.340    4065.424    4199.764 
                        ha0         1     47.565     803.952     851.517 
                        ha1         1     47.565    1248.955    1296.520 
                        fa0         1     39.210    2012.518    2051.728 
          p1                      438  18769.865  397789.983  416559.847 
            p0                    215   9223.914  197951.558  207175.471 
              p0                  104   4470.543   97945.763  102416.306 
                p0                 49   2113.463   47940.538   50054.001 
                  p0               22    954.528   22956.166   23910.694 
                    p0              9    394.666   10464.332   10858.999 
                      p0            3    134.340    4230.070    4364.410 
                        ha0         1     47.565     798.623     846.188 
                        ha1         1     47.565    1419.010    1466.575 
                        fa0         1     39.210    2012.437    2051.647 
                      p1            3    134.340    4065.344    4199.684 
                        ha0         1     47.565     803.952     851.517 
                        ha1         1     47.565    1248.955    1296.520 
                        fa0         1     39.210    2012.437    2051.647 
                    p1              9    394.666   10294.323   10688.990 
                      p0            3    134.340    4230.070    4364.410 
                        ha0         1     47.565     798.623     846.188 
                        ha1         1     47.565    1419.010    1466.575 
                        fa0         1     39.210    2012.437    2051.647 
                      p1            3    134.340    4065.322    4199.662 
                        ha0         1     47.565     803.930     851.495 
                        ha1         1     47.565    1248.955    1296.520 
                        fa0         1     39.210    2012.437    2051.647 
                  p1               22    954.528   22784.732   23739.260 
                    p0              9    394.666   10464.354   10859.020 
                      p0            3    134.340    4230.092    4364.432 
                        ha0         1     47.565     798.645     846.210 
                        ha1         1     47.565    1419.010    1466.575 
                        fa0         1     39.210    2012.437    2051.647 
                      p1            3    134.340    4065.344    4199.684 
                        ha0         1     47.565     803.952     851.517 
                        ha1         1     47.565    1248.955    1296.520 
                        fa0         1     39.210    2012.437    2051.647 
                    p1              9    394.666   10294.367   10689.033 
                      p0            3    134.340    4230.092    4364.432 
                        ha0         1     47.565     798.645     846.210 
                        ha1         1     47.565    1419.010    1466.575 
                        fa0         1     39.210    2012.437    2051.647 
                      p1            3    134.340    4065.344    4199.684 
                        ha0         1     47.565     803.952     851.517 
                        ha1         1     47.565    1248.955    1296.520 
                        fa0         1     39.210    2012.437    2051.647 
                p1                 49   2113.463   47786.821   49900.285 
                  p0               22    954.528   22956.166   23910.694 
                    p0              9    394.666   10464.332   10858.999 
                      p0            3    134.340    4230.070    4364.410 
                        ha0         1     47.565     798.623     846.188 
                        ha1         1     47.565    1419.010    1466.575 
                        fa0         1     39.210    2012.437    2051.647 
                      p1            3    134.340    4065.344    4199.684 
                        ha0         1     47.565     803.952     851.517 
                        ha1         1     47.565    1248.955    1296.520 
                        fa0         1     39.210    2012.437    2051.647 
                    p1              9    394.666   10294.323   10688.990 
                      p0            3    134.340    4230.070    4364.410 
                        ha0         1     47.565     798.623     846.188 
                        ha1         1     47.565    1419.010    1466.575 
                        fa0         1     39.210    2012.437    2051.647 
                      p1            3    134.340    4065.322    4199.662 
                        ha0         1     47.565     803.930     851.495 
                        ha1         1     47.565    1248.955    1296.520 
                        fa0         1     39.210    2012.437    2051.647 
                  p1               22    954.528   22785.057   23739.585 
                    p0              9    394.666   10464.516   10859.183 
                      p0            3    134.340    4230.172    4364.513 
                        ha0         1     47.565     798.645     846.210 
                        ha1         1     47.565    1419.010    1466.575 
                        fa0         1     39.210    2012.518    2051.728 
                      p1            3    134.340    4065.425    4199.765 
                        ha0         1     47.565     803.952     851.517 
                        ha1         1     47.565    1248.955    1296.520 
                        fa0         1     39.210    2012.518    2051.728 
                    p1              9    394.666   10294.529   10689.196 
                      p0            3    134.340    4230.172    4364.513 
                        ha0         1     47.565     798.645     846.210 
                        ha1         1     47.565    1419.010    1466.575 
                        fa0         1     39.210    2012.518    2051.728 
                      p1            3    134.340    4065.425    4199.765 
                        ha0         1     47.565     803.952     851.517 
                        ha1         1     47.565    1248.955    1296.520 
                        fa0         1     39.210    2012.518    2051.728 
              p1                  104   4470.543   97772.598  102243.141 
                p0                 49   2113.463   47940.538   50054.001 
                  p0               22    954.528   22956.166   23910.694 
                    p0              9    394.666   10464.332   10858.999 
                      p0            3    134.340    4230.070    4364.410 
                        ha0         1     47.565     798.623     846.188 
                        ha1         1     47.565    1419.010    1466.575 
                        fa0         1     39.210    2012.437    2051.647 
                      p1            3    134.340    4065.344    4199.684 
                        ha0         1     47.565     803.952     851.517 
                        ha1         1     47.565    1248.955    1296.520 
                        fa0         1     39.210    2012.437    2051.647 
                    p1              9    394.666   10294.323   10688.990 
                      p0            3    134.340    4230.070    4364.410 
                        ha0         1     47.565     798.623     846.188 
                        ha1         1     47.565    1419.010    1466.575 
                        fa0         1     39.210    2012.437    2051.647 
                      p1            3    134.340    4065.322    4199.662 
                        ha0         1     47.565     803.930     851.495 
                        ha1         1     47.565    1248.955    1296.520 
                        fa0         1     39.210    2012.437    2051.647 
                  p1               22    954.528   22784.732   23739.260 
                    p0              9    394.666   10464.354   10859.020 
                      p0            3    134.340    4230.092    4364.432 
                        ha0         1     47.565     798.645     846.210 
                        ha1         1     47.565    1419.010    1466.575 
                        fa0         1     39.210    2012.437    2051.647 
                      p1            3    134.340    4065.344    4199.684 
                        ha0         1     47.565     803.952     851.517 
                        ha1         1     47.565    1248.955    1296.520 
                        fa0         1     39.210    2012.437    2051.647 
                    p1              9    394.666   10294.367   10689.033 
                      p0            3    134.340    4230.092    4364.432 
                        ha0         1     47.565     798.645     846.210 
                        ha1         1     47.565    1419.010    1466.575 
                        fa0         1     39.210    2012.437    2051.647 
                      p1            3    134.340    4065.344    4199.684 
                        ha0         1     47.565     803.952     851.517 
                        ha1         1     47.565    1248.955    1296.520 
                        fa0         1     39.210    2012.437    2051.647 
                p1                 49   2113.463   47786.821   49900.285 
                  p0               22    954.528   22956.166   23910.694 
                    p0              9    394.666   10464.332   10858.999 
                      p0            3    134.340    4230.070    4364.410 
                        ha0         1     47.565     798.623     846.188 
                        ha1         1     47.565    1419.010    1466.575 
                        fa0         1     39.210    2012.437    2051.647 
                      p1            3    134.340    4065.344    4199.684 
                        ha0         1     47.565     803.952     851.517 
                        ha1         1     47.565    1248.955    1296.520 
                        fa0         1     39.210    2012.437    2051.647 
                    p1              9    394.666   10294.323   10688.990 
                      p0            3    134.340    4230.070    4364.410 
                        ha0         1     47.565     798.623     846.188 
                        ha1         1     47.565    1419.010    1466.575 
                        fa0         1     39.210    2012.437    2051.647 
                      p1            3    134.340    4065.322    4199.662 
                        ha0         1     47.565     803.930     851.495 
                        ha1         1     47.565    1248.955    1296.520 
                        fa0         1     39.210    2012.437    2051.647 
                  p1               22    954.528   22785.057   23739.585 
                    p0              9    394.666   10464.516   10859.183 
                      p0            3    134.340    4230.172    4364.513 
                        ha0         1     47.565     798.645     846.210 
                        ha1         1     47.565    1419.010    1466.575 
                        fa0         1     39.210    2012.518    2051.728 
                      p1            3    134.340    4065.425    4199.765 
                        ha0         1     47.565     803.952     851.517 
                        ha1         1     47.565    1248.955    1296.520 
                        fa0         1     39.210    2012.518    2051.728 
                    p1              9    394.666   10294.529   10689.196 
                      p0            3    134.340    4230.172    4364.513 
                        ha0         1     47.565     798.645     846.210 
                        ha1         1     47.565    1419.010    1466.575 
                        fa0         1     39.210    2012.518    2051.728 
                      p1            3    134.340    4065.425    4199.765 
                        ha0         1     47.565     803.952     851.517 
                        ha1         1     47.565    1248.955    1296.520 
                        fa0         1     39.210    2012.518    2051.728 
            p1                    215   9223.914  197778.393  207002.307 
              p0                  104   4470.543   97945.763  102416.306 
                p0                 49   2113.463   47940.538   50054.001 
                  p0               22    954.528   22956.166   23910.694 
                    p0              9    394.666   10464.332   10858.999 
                      p0            3    134.340    4230.070    4364.410 
                        ha0         1     47.565     798.623     846.188 
                        ha1         1     47.565    1419.010    1466.575 
                        fa0         1     39.210    2012.437    2051.647 
                      p1            3    134.340    4065.344    4199.684 
                        ha0         1     47.565     803.952     851.517 
                        ha1         1     47.565    1248.955    1296.520 
                        fa0         1     39.210    2012.437    2051.647 
                    p1              9    394.666   10294.323   10688.990 
                      p0            3    134.340    4230.070    4364.410 
                        ha0         1     47.565     798.623     846.188 
                        ha1         1     47.565    1419.010    1466.575 
                        fa0         1     39.210    2012.437    2051.647 
                      p1            3    134.340    4065.322    4199.662 
                        ha0         1     47.565     803.930     851.495 
                        ha1         1     47.565    1248.955    1296.520 
                        fa0         1     39.210    2012.437    2051.647 
                  p1               22    954.528   22784.732   23739.260 
                    p0              9    394.666   10464.354   10859.020 
                      p0            3    134.340    4230.092    4364.432 
                        ha0         1     47.565     798.645     846.210 
                        ha1         1     47.565    1419.010    1466.575 
                        fa0         1     39.210    2012.437    2051.647 
                      p1            3    134.340    4065.344    4199.684 
                        ha0         1     47.565     803.952     851.517 
                        ha1         1     47.565    1248.955    1296.520 
                        fa0         1     39.210    2012.437    2051.647 
                    p1              9    394.666   10294.367   10689.033 
                      p0            3    134.340    4230.092    4364.432 
                        ha0         1     47.565     798.645     846.210 
                        ha1         1     47.565    1419.010    1466.575 
                        fa0         1     39.210    2012.437    2051.647 
                      p1            3    134.340    4065.344    4199.684 
                        ha0         1     47.565     803.952     851.517 
                        ha1         1     47.565    1248.955    1296.520 
                        fa0         1     39.210    2012.437    2051.647 
                p1                 49   2113.463   47786.821   49900.285 
                  p0               22    954.528   22956.166   23910.694 
                    p0              9    394.666   10464.332   10858.999 
                      p0            3    134.340    4230.070    4364.410 
                        ha0         1     47.565     798.623     846.188 
                        ha1         1     47.565    1419.010    1466.575 
                        fa0         1     39.210    2012.437    2051.647 
                      p1            3    134.340    4065.344    4199.684 
                        ha0         1     47.565     803.952     851.517 
                        ha1         1     47.565    1248.955    1296.520 
                        fa0         1     39.210    2012.437    2051.647 
                    p1              9    394.666   10294.323   10688.990 
                      p0            3    134.340    4230.070    4364.410 
                        ha0         1     47.565     798.623     846.188 
                        ha1         1     47.565    1419.010    1466.575 
                        fa0         1     39.210    2012.437    2051.647 
                      p1            3    134.340    4065.322    4199.662 
                        ha0         1     47.565     803.930     851.495 
                        ha1         1     47.565    1248.955    1296.520 
                        fa0         1     39.210    2012.437    2051.647 
                  p1               22    954.528   22785.057   23739.585 
                    p0              9    394.666   10464.516   10859.183 
                      p0            3    134.340    4230.172    4364.513 
                        ha0         1     47.565     798.645     846.210 
                        ha1         1     47.565    1419.010    1466.575 
                        fa0         1     39.210    2012.518    2051.728 
                      p1            3    134.340    4065.425    4199.765 
                        ha0         1     47.565     803.952     851.517 
                        ha1         1     47.565    1248.955    1296.520 
                        fa0         1     39.210    2012.518    2051.728 
                    p1              9    394.666   10294.529   10689.196 
                      p0            3    134.340    4230.172    4364.513 
                        ha0         1     47.565     798.645     846.210 
                        ha1         1     47.565    1419.010    1466.575 
                        fa0         1     39.210    2012.518    2051.728 
                      p1            3    134.340    4065.425    4199.765 
                        ha0         1     47.565     803.952     851.517 
                        ha1         1     47.565    1248.955    1296.520 
                        fa0         1     39.210    2012.518    2051.728 
              p1                  104   4470.543   97772.598  102243.141 
                p0                 49   2113.463   47940.538   50054.001 
                  p0               22    954.528   22956.166   23910.694 
                    p0              9    394.666   10464.332   10858.999 
                      p0            3    134.340    4230.070    4364.410 
                        ha0         1     47.565     798.623     846.188 
                        ha1         1     47.565    1419.010    1466.575 
                        fa0         1     39.210    2012.437    2051.647 
                      p1            3    134.340    4065.344    4199.684 
                        ha0         1     47.565     803.952     851.517 
                        ha1         1     47.565    1248.955    1296.520 
                        fa0         1     39.210    2012.437    2051.647 
                    p1              9    394.666   10294.323   10688.990 
                      p0            3    134.340    4230.070    4364.410 
                        ha0         1     47.565     798.623     846.188 
                        ha1         1     47.565    1419.010    1466.575 
                        fa0         1     39.210    2012.437    2051.647 
                      p1            3    134.340    4065.322    4199.662 
                        ha0         1     47.565     803.930     851.495 
                        ha1         1     47.565    1248.955    1296.520 
                        fa0         1     39.210    2012.437    2051.647 
                  p1               22    954.528   22784.732   23739.260 
                    p0              9    394.666   10464.354   10859.020 
                      p0            3    134.340    4230.092    4364.432 
                        ha0         1     47.565     798.645     846.210 
                        ha1         1     47.565    1419.010    1466.575 
                        fa0         1     39.210    2012.437    2051.647 
                      p1            3    134.340    4065.344    4199.684 
                        ha0         1     47.565     803.952     851.517 
                        ha1         1     47.565    1248.955    1296.520 
                        fa0         1     39.210    2012.437    2051.647 
                    p1              9    394.666   10294.367   10689.033 
                      p0            3    134.340    4230.092    4364.432 
                        ha0         1     47.565     798.645     846.210 
                        ha1         1     47.565    1419.010    1466.575 
                        fa0         1     39.210    2012.437    2051.647 
                      p1            3    134.340    4065.344    4199.684 
                        ha0         1     47.565     803.952     851.517 
                        ha1         1     47.565    1248.955    1296.520 
                        fa0         1     39.210    2012.437    2051.647 
                p1                 49   2113.463   47786.821   49900.285 
                  p0               22    954.528   22956.166   23910.694 
                    p0              9    394.666   10464.332   10858.999 
                      p0            3    134.340    4230.070    4364.410 
                        ha0         1     47.565     798.623     846.188 
                        ha1         1     47.565    1419.010    1466.575 
                        fa0         1     39.210    2012.437    2051.647 
                      p1            3    134.340    4065.344    4199.684 
                        ha0         1     47.565     803.952     851.517 
                        ha1         1     47.565    1248.955    1296.520 
                        fa0         1     39.210    2012.437    2051.647 
                    p1              9    394.666   10294.323   10688.990 
                      p0            3    134.340    4230.070    4364.410 
                        ha0         1     47.565     798.623     846.188 
                        ha1         1     47.565    1419.010    1466.575 
                        fa0         1     39.210    2012.437    2051.647 
                      p1            3    134.340    4065.322    4199.662 
                        ha0         1     47.565     803.930     851.495 
                        ha1         1     47.565    1248.955    1296.520 
                        fa0         1     39.210    2012.437    2051.647 
                  p1               22    954.528   22785.057   23739.585 
                    p0              9    394.666   10464.516   10859.183 
                      p0            3    134.340    4230.172    4364.513 
                        ha0         1     47.565     798.645     846.210 
                        ha1         1     47.565    1419.010    1466.575 
                        fa0         1     39.210    2012.518    2051.728 
                      p1            3    134.340    4065.425    4199.765 
                        ha0         1     47.565     803.952     851.517 
                        ha1         1     47.565    1248.955    1296.520 
                        fa0         1     39.210    2012.518    2051.728 
                    p1              9    394.666   10294.529   10689.196 
                      p0            3    134.340    4230.172    4364.513 
                        ha0         1     47.565     798.645     846.210 
                        ha1         1     47.565    1419.010    1466.575 
                        fa0         1     39.210    2012.518    2051.728 
                      p1            3    134.340    4065.425    4199.765 
                        ha0         1     47.565     803.952     851.517 
                        ha1         1     47.565    1248.955    1296.520 
                        fa0         1     39.210    2012.518    2051.728 
      ctr                         673  14524.381  551259.978  565784.358 
        add_55_25                 468   6941.054   87620.721   94561.776 
    genblk1[1]..5.genblk1.sng     854  10097.050  530225.395  540322.446 
      genblk2[2].max_comparator   207   2170.318  108841.485  111011.802 
      genblk2[1].max_comparator   197   2099.371  102176.329  104275.700 
      genblk2[0].max_comparator   208   2097.552   99129.871  101227.423 
      genblk2[3].max_comparator   192   1986.139  103591.063  105577.202 
      ctr                          50   1743.672  116486.647  118230.319 
    genblk1[4].genblk2.sng        815   9576.875  500818.618  510395.493 
      genblk2[0].min_comparator   209   2048.954   97986.349  100035.303 
      genblk2[1].min_comparator   186   1988.015   99406.730  101394.745 
      genblk2[2].min_comparator   195   1889.442   98307.625  100197.067 
      genblk2[3].min_comparator   174   1887.040  100608.040  102495.080 
      ctr                          51   1763.425  104509.873  106273.298 
    genblk1[3]..5.genblk3.sng     828   9413.788  521947.538  531361.326 
      genblk2[2].max_comparator   211   2044.121  106746.041  108790.161 
      genblk2[1].max_comparator   201   1988.704  103255.458  105244.162 
      genblk2[3].max_comparator   189   1951.506  102396.710  104348.216 
      ctr                          50   1743.672  116678.343  118422.014 
      genblk2[0].max_comparator   177   1685.786   92870.986   94556.773 
    genblk1[2]..5.genblk2.sng     819   9325.737  503704.923  513030.660 
      genblk2[1].max_comparator   199   2144.437   98821.390  100965.827 
      genblk2[2].max_comparator   200   1948.120  101608.252  103556.373 
      genblk2[0].max_comparator   198   1938.069   99726.820  101664.889 
      ctr                          45   1710.751  115601.401  117312.151 
      genblk2[3].max_comparator   177   1584.360   87947.059   89531.420 
    genblk1[0].genblk1.sng        780   9133.088  510925.202  520058.290 
      genblk2[2].max_comparator   195   2014.345  105553.441  107567.787 
      genblk2[1].max_comparator   190   1940.016   99899.988  101840.004 
      genblk2[0].max_comparator   182   1754.087   96554.141   98308.228 
      genblk2[3].max_comparator   171   1746.913   94349.893   96096.806 
      ctr                          42   1677.726  114567.739  116245.465 

