============================================================
  Generated by:           Encounter(R) RTL Compiler v14.10-s022_1
  Generated on:           Jul 25 2021  02:05:08 pm
  Module:                 ms_es_ordered_cas_by4_mul_synth
  Technology library:     gscl45nm 
  Operating conditions:   typical (balanced_tree)
  Wireload mode:          enclosed
  Area mode:              timing library
============================================================

           Pin                 Type       Fanout Load Slew Delay Arrival   
                                                 (fF) (ps)  (ps)   (ps)    
---------------------------------------------------------------------------
(clock clk_int2)             launch                                    0 R 
TOP
  genblk1[2].genblk1.sng
    ctr
      countval_reg[3]/CLK                                0             0 R 
      countval_reg[3]/Q      DFFSR             1  1.5   10  +115     115 F 
      drc_bufs80/A                                            +0     115   
      drc_bufs80/Y           BUFX2             4 10.7   14   +42     156 F 
    ctr/countval[3] 
    g255/A                                                    +0     156   
    g255/Y                   INVX1             1  2.5    0    +3     160 R 
    g252/A                                                    +0     160   
    g252/Y                   OR2X1             2  5.0   36   +47     207 R 
    g249/C                                                    +0     207   
    g249/Y                   NAND3X1           1  1.5   16   +15     222 F 
    drc_bufs/A                                                +0     222   
    drc_bufs/Y               BUFX2             1  1.9    2   +34     255 F 
    g248/C                                                    +0     255   
    g248/Y                   OAI21X1          14 32.4  168  +110     366 R 
    g245/B                                                    +0     366   
    g245/Y                   OR2X1            13 30.1  151  +143     509 R 
    g243/A                                                    +0     509   
    g243/Y                   OR2X1            12 27.6  132  +119     628 R 
  genblk1[2].genblk1.sng/sn_out[0] 
  g2915/A                                                     +0     628   
  g2915/Y                    AND2X1           16 36.8  190  +137     765 R 
  g2699/A                                                     +0     765   
  g2699/Y                    AND2X1            1 12.7   73   +62     827 R 
  genblk2.stoch2bin/data_in[243] 
    par_ctr/a[243] 
      p0/a[115] 
        p0/a[51] 
          p0/a[19] 
            p0/a[3] 
              p1/a[3] 
                p1/a[3] 
                  fa0/cin 
                    g2/A                                      +0     827   
                    g2/YS    FAX1              1  3.4   12   +93     920 F 
                  fa0/s 
                  ha0/b 
                    g17/B                                     +0     920   
                    g17/YS   HAX1              1  4.0   19   +59     978 F 
                  ha0/s 
                p1/y[0] 
                g168/A                                        +0     978   
                g168/YC      HAX1              1  8.8   35   +65    1043 F 
                g167/B                                        +0    1043   
                g167/YC      FAX1              1  7.1   29   +89    1132 F 
                g166/C                                        +0    1132   
                g166/YS      FAX1              1 10.3   56   +95    1227 R 
              p1/y[2] 
              g236/B                                          +0    1227   
              g236/YS        FAX1              1 12.7   67  +110    1337 R 
            p0/y[2] 
            g287/A                                            +0    1337   
            g287/YS          FAX1              1 12.7   67  +117    1454 R 
          p0/y[2] 
          g360/A                                              +0    1454   
          g360/YS            FAX1              1 12.7   67  +117    1572 R 
        p0/y[2] 
        g647/A                                                +0    1572   
        g647/YS              FAX1              1 12.7   67  +117    1689 R 
      p0/y[2] 
      g733/A                                                  +0    1689   
      g733/YS                FAX1              2 11.1   34  +108    1797 F 
    par_ctr/y[2] 
    ctr/data_in[2] 
      add_55_25/B[2] 
        g375/B                                                +0    1797   
        g375/YC              FAX1              1  7.1   29   +88    1885 F 
        g374/C                                                +0    1885   
        g374/YC              FAX1              1  7.1   29   +82    1967 F 
        g373/C                                                +0    1967   
        g373/YC              FAX1              1  7.1   29   +82    2048 F 
        g372/C                                                +0    2048   
        g372/YC              FAX1              1  7.1   29   +82    2130 F 
        g371/C                                                +0    2130   
        g371/YC              FAX1              1  7.1   29   +82    2212 F 
        g370/C                                                +0    2212   
        g370/YC              FAX1              1  7.1   29   +82    2293 F 
        g369/C                                                +0    2293   
        g369/YC              FAX1              1  7.1   29   +82    2375 F 
        g368/C                                                +0    2375   
        g368/YC              FAX1              1  7.1   26   +82    2456 F 
        g367/C                                                +0    2456   
        g367/YC              FAX1              1  7.1   27   +81    2538 F 
        g366/C                                                +0    2538   
        g366/YC              FAX1              1  7.1   27   +81    2619 F 
        g365/C                                                +0    2619   
        g365/YC              FAX1              1  7.1   27   +81    2700 F 
        g364/C                                                +0    2700   
        g364/YC              FAX1              1  7.1   27   +81    2781 F 
        g363/C                                                +0    2781   
        g363/YC              FAX1              1 10.9   37   +89    2870 F 
        g2/A                                                  +0    2870   
        g2/YS                FAX1              1  2.8   21   +84    2954 R 
      add_55_25/Z[15] 
      g74/A                                                   +0    2954   
      g74/Y                  MUX2X1            1  1.5   38   +23    2977 F 
      g73/A                                                   +0    2977   
      g73/Y                  INVX1             1  2.0    0   +10    2987 R 
      countval_reg[15]/D     DFFSR                            +0    2987   
      countval_reg[15]/CLK   setup                       0   +70    3057 R 
- - - - - - - - - - - - - - - - - - - - - - - - - - - - - - - - - - - - - -
(clock clk)                  capture                                5000 R 
                             uncertainty                     -50    4950 R 
---------------------------------------------------------------------------
Cost Group   : 'clk' (path_group 'clk')
Timing slack :    1893ps 
Start-point  : TOP/genblk1[2].genblk1.sng/ctr/countval_reg[3]/CLK
End-point    : TOP/genblk2.stoch2bin/ctr/countval_reg[15]/D
