============================================================
  Generated by:           Encounter(R) RTL Compiler v14.10-s022_1
  Generated on:           Jul 25 2021  01:26:35 pm
  Module:                 ms_es_ordered_cas_by2_mul_synth
  Technology library:     gscl45nm 
  Operating conditions:   typical (balanced_tree)
  Wireload mode:          enclosed
  Area mode:              timing library
============================================================

           Pin                 Type       Fanout Load Slew Delay Arrival   
                                                 (fF) (ps)  (ps)   (ps)    
---------------------------------------------------------------------------
(clock clk_int1)             launch                                    0 R 
TOP
  genblk1[1].genblk1.sng
    ctr
      countval_reg[4]/CLK                                0             0 R 
      countval_reg[4]/Q      DFFSR             1  1.5   10  +115     115 F 
      drc_bufs318/A                                           +0     115   
      drc_bufs318/Y          BUFX2             4 10.3   13   +41     156 F 
    ctr/countval[4] 
    g478/A                                                    +0     156   
    g478/Y                   INVX1             2  4.8    0   +10     166 R 
    g472/A                                                    +0     166   
    g472/Y                   OR2X1             2  5.0   36   +47     213 R 
    g468/C                                                    +0     213   
    g468/Y                   OAI21X1           3  7.2   16   +28     242 F 
    g463/A                                                    +0     242   
    g463/Y                   OR2X1             2  5.1   20   +46     288 F 
    g459/C                                                    +0     288   
    g459/Y                   NOR3X1            1  3.3   48   +30     317 R 
    g455/C                                                    +0     317   
    g455/Y                   NOR3X1            1  2.6   27   +30     348 F 
    g454/B                                                    +0     348   
    g454/Y                   OAI21X1           3  7.1   65   +59     407 R 
    g452/A                                                    +0     407   
    g452/Y                   OR2X1             2  4.6   30   +47     453 R 
  genblk1[1].genblk1.sng/sn_out[0] 
  g262/A                                                      +0     453   
  g262/Y                     AND2X1            4  9.2   59   +52     505 R 
  g246/B                                                      +0     505   
  g246/Y                     AND2X1            1 12.7   78   +71     577 R 
  genblk2.stoch2bin/data_in[11] 
    par_ctr/a[11] 
      p0/a[3] 
        p1/a[3] 
          fa0/cin 
            g2/A                                              +0     577   
            g2/YS            FAX1              1  3.4   12   +94     670 F 
          fa0/s 
          ha0/b 
            g17/B                                             +0     670   
            g17/YS           HAX1              1  4.0   19   +59     729 F 
          ha0/s 
        p1/y[0] 
        g168/A                                                +0     729   
        g168/YC              HAX1              1 10.9   41   +69     798 F 
        g167/A                                                +0     798   
        g167/YC              FAX1              1  7.1   29   +92     890 F 
        g166/C                                                +0     890   
        g166/YS              FAX1              1 12.7   67  +103     992 R 
      p0/y[2] 
      g234/A                                                  +0     992   
      g234/YS                FAX1              2 11.1   34  +108    1100 F 
    par_ctr/y[2] 
    ctr/data_in[2] 
      add_55_25/B[2] 
        g675/B                                                +0    1100   
        g675/YC              FAX1              1  7.1   29   +88    1188 F 
        g674/C                                                +0    1188   
        g674/YC              FAX1              1  7.1   29   +82    1270 F 
        g673/C                                                +0    1270   
        g673/YC              FAX1              1  7.1   29   +82    1352 F 
        g672/C                                                +0    1352   
        g672/YC              FAX1              1  7.1   26   +82    1433 F 
        g671/C                                                +0    1433   
        g671/YC              FAX1              1  7.1   27   +81    1514 F 
        g670/C                                                +0    1514   
        g670/YC              FAX1              1  7.1   27   +81    1596 F 
        g669/C                                                +0    1596   
        g669/YC              FAX1              1  7.1   27   +81    1677 F 
        g668/C                                                +0    1677   
        g668/YC              FAX1              1  7.1   27   +81    1758 F 
        g667/C                                                +0    1758   
        g667/YC              FAX1              1  7.1   27   +81    1839 F 
        g666/C                                                +0    1839   
        g666/YC              FAX1              1  7.1   27   +81    1920 F 
        g665/C                                                +0    1920   
        g665/YC              FAX1              1  7.1   27   +81    2002 F 
        g664/C                                                +0    2002   
        g664/YC              FAX1              1  7.1   27   +81    2083 F 
        g663/C                                                +0    2083   
        g663/YC              FAX1              1  7.1   27   +81    2164 F 
        g662/C                                                +0    2164   
        g662/YC              FAX1              1  7.1   27   +81    2245 F 
        g661/C                                                +0    2245   
        g661/YC              FAX1              1  7.1   27   +81    2326 F 
        g660/C                                                +0    2326   
        g660/YC              FAX1              1  7.1   27   +81    2408 F 
        g659/C                                                +0    2408   
        g659/YC              FAX1              1  7.1   27   +81    2489 F 
        g658/C                                                +0    2489   
        g658/YC              FAX1              1  7.1   27   +81    2570 F 
        g657/C                                                +0    2570   
        g657/YC              FAX1              1  7.1   27   +81    2651 F 
        g656/C                                                +0    2651   
        g656/YC              FAX1              1  7.1   27   +81    2732 F 
        g655/C                                                +0    2732   
        g655/YC              FAX1              1  7.1   27   +81    2814 F 
        g654/C                                                +0    2814   
        g654/YC              FAX1              1  7.1   27   +81    2895 F 
        g653/C                                                +0    2895   
        g653/YC              FAX1              1  7.1   27   +81    2976 F 
        g652/C                                                +0    2976   
        g652/YC              FAX1              1  7.1   27   +81    3057 F 
        g651/C                                                +0    3057   
        g651/YC              FAX1              1 10.9   37   +89    3146 F 
        g2/A                                                  +0    3146   
        g2/YS                FAX1              1  2.8   21   +84    3230 R 
      add_55_25/Z[27] 
      g88/A                                                   +0    3230   
      g88/Y                  MUX2X1            1  1.5   28   +23    3253 F 
      g87/A                                                   +0    3253   
      g87/Y                  INVX1             1  2.0    0    +7    3259 R 
      countval_reg[27]/D     DFFSR                            +0    3259   
      countval_reg[27]/CLK   setup                       0   +70    3330 R 
- - - - - - - - - - - - - - - - - - - - - - - - - - - - - - - - - - - - - -
(clock clk)                  capture                                5000 R 
                             uncertainty                     -50    4950 R 
---------------------------------------------------------------------------
Cost Group   : 'clk' (path_group 'clk')
Timing slack :    1620ps 
Start-point  : TOP/genblk1[1].genblk1.sng/ctr/countval_reg[4]/CLK
End-point    : TOP/genblk2.stoch2bin/ctr/countval_reg[27]/D
