============================================================
  Generated by:           Encounter(R) RTL Compiler v14.10-s022_1
  Generated on:           Jul 25 2021  01:34:14 pm
  Module:                 ms_es_ordered_bs_by2_mul_synth
  Technology library:     gscl45nm 
  Operating conditions:   typical (balanced_tree)
  Wireload mode:          enclosed
  Area mode:              timing library
============================================================

             Instance               Cells  Cell Area  Net Area  Total Area  Wireload     
-----------------------------------------------------------------------------------------
ms_es_ordered_bs_by2_mul_synth        444       1424         0        1424    <none> (D) 
  TOP                                 444       1424         0        1424    <none> (D) 
    genblk2.stoch2bin                  88        479         0         479    <none> (D) 
      ctr                              61        318         0         318    <none> (D) 
      par_ctr                          22        150         0         150    <none> (D) 
        p1                              9         59         0          59    <none> (D) 
          p1                            3         18         0          18    <none> (D) 
            fa0                         1          9         0           9    <none> (D) 
            ha1                         1          5         0           5    <none> (D) 
            ha0                         1          5         0           5    <none> (D) 
          p0                            3         18         0          18    <none> (D) 
            fa0                         1          9         0           9    <none> (D) 
            ha1                         1          5         0           5    <none> (D) 
            ha0                         1          5         0           5    <none> (D) 
        p0                              9         59         0          59    <none> (D) 
          p1                            3         18         0          18    <none> (D) 
            fa0                         1          9         0           9    <none> (D) 
            ha1                         1          5         0           5    <none> (D) 
            ha0                         1          5         0           5    <none> (D) 
          p0                            3         18         0          18    <none> (D) 
            fa0                         1          9         0           9    <none> (D) 
            ha1                         1          5         0           5    <none> (D) 
            ha0                         1          5         0           5    <none> (D) 
    genblk1[1].genblk4.genblk1.sng     95        250         0         250    <none> (D) 
      genblk2[0].max_comparator        50        115         0         115    <none> (D) 
      genblk2[1].max_comparator        33         78         0          78    <none> (D) 
      ctr                              12         57         0          57    <none> (D) 
    genblk1[2].genblk4.genblk2.sng     91        243         0         243    <none> (D) 
      genblk2[0].max_comparator        47        109         0         109    <none> (D) 
      genblk2[1].max_comparator        32         77         0          77    <none> (D) 
      ctr                              12         57         0          57    <none> (D) 
    genblk1[3].genblk2.sng             79        210         0         210    <none> (D) 
      genblk2[0].min_comparator        44        102         0         102    <none> (D) 
      ctr                              13         59         0          59    <none> (D) 
      genblk2[1].min_comparator        22         49         0          49    <none> (D) 
    genblk1[0].genblk1.sng             65        182         0         182    <none> (D) 
      genblk2[0].max_comparator        36         83         0          83    <none> (D) 
      ctr                              12         57         0          57    <none> (D) 
      genblk2[1].max_comparator        17         42         0          42    <none> (D) 

 (D) = wireload is default in technology library
