============================================================
  Generated by:           Encounter(R) RTL Compiler v14.10-s022_1
  Generated on:           Jul 25 2021  01:32:38 pm
  Module:                 ms_es_ordered_bs_by2_mul_synth
  Technology library:     gscl45nm 
  Operating conditions:   typical (balanced_tree)
  Wireload mode:          enclosed
  Area mode:              timing library
============================================================

           Pin                 Type       Fanout Load Slew Delay Arrival   
                                                 (fF) (ps)  (ps)   (ps)    
---------------------------------------------------------------------------
(clock clk_int2)             launch                                    0 R 
TOP
  genblk1[2].genblk2.sng
    ctr
      countval_reg[3]/CLK                                0             0 R 
      countval_reg[3]/Q      DFFSR             1  1.5   10  +115     115 F 
      drc_bufs178/A                                           +0     115   
      drc_bufs178/Y          BUFX2            11 28.6   39   +60     175 F 
    ctr/countval[3] 
    genblk2[1].min_comparator/counter_in[3] 
      g594/A                                                  +0     175   
      g594/Y                 INVX1             8 23.2   87   +79     254 R 
      g586/A                                                  +0     254   
      g586/Y                 AND2X1            3  7.2   51   +45     299 R 
      g577/C                                                  +0     299   
      g577/Y                 AOI21X1           1  1.5   14   +22     321 F 
      drc_bufs600/A                                           +0     321   
      drc_bufs600/Y          BUFX2             1  1.9    2   +33     355 F 
      g570/C                                                  +0     355   
      g570/Y                 OAI21X1           1  2.3   42   +16     371 R 
      g568/B                                                  +0     371   
      g568/Y                 AND2X1            2  5.2   44   +50     420 R 
      g564/B                                                  +0     420   
      g564/Y                 NOR2X1            1  1.5    1   +20     440 F 
      drc_bufs/A                                              +0     440   
      drc_bufs/Y             BUFX2             1  2.6    0   +31     471 F 
      g561/A                                                  +0     471   
      g561/Y                 OAI21X1           1  2.3   44   +40     511 R 
      g560/A                                                  +0     511   
      g560/Y                 AND2X1            3  7.3   58   +46     557 R 
    genblk2[1].min_comparator/sn_out 
  genblk1[2].genblk2.sng/sn_out[1] 
  g146/B                                                      +0     557   
  g146/Y                     AND2X1            2  4.6   39   +46     604 R 
  g135/A                                                      +0     604   
  g135/Y                     AND2X1            1 12.7   76   +63     667 R 
  genblk2.stoch2bin/data_in[7] 
    par_ctr/a[7] 
      p0/a[3] 
        fa0/cin 
          g2/A                                                +0     667   
          g2/YS              FAX1              1  3.4   12   +93     760 F 
        fa0/s 
        ha0/b 
          g17/B                                               +0     760   
          g17/YC             HAX1              1  3.4   20   +48     808 F 
        ha0/cout 
        ha1/a 
          g17/B                                               +0     808   
          g17/YS             HAX1              1 12.7   65   +82     890 R 
        ha1/s 
      p0/y[1] 
      g167/A                                                  +0     890   
      g167/YS                FAX1              2 10.2   31  +106     996 F 
    par_ctr/y[1] 
    ctr/data_in[1] 
      add_55_25/B[1] 
        g351/C                                                +0     996   
        g351/YC              FAX1              1  7.1   29   +82    1077 F 
        g350/C                                                +0    1077   
        g350/YC              FAX1              1  7.1   29   +82    1159 F 
        g349/C                                                +0    1159   
        g349/YC              FAX1              1  7.1   29   +82    1241 F 
        g348/C                                                +0    1241   
        g348/YC              FAX1              1  7.1   26   +82    1322 F 
        g347/C                                                +0    1322   
        g347/YC              FAX1              1  7.1   27   +81    1403 F 
        g346/C                                                +0    1403   
        g346/YC              FAX1              1  7.1   27   +81    1484 F 
        g345/C                                                +0    1484   
        g345/YC              FAX1              1  7.1   27   +81    1566 F 
        g344/C                                                +0    1566   
        g344/YC              FAX1              1  7.1   27   +81    1647 F 
        g343/C                                                +0    1647   
        g343/YC              FAX1              1  7.1   27   +81    1728 F 
        g342/C                                                +0    1728   
        g342/YC              FAX1              1  7.1   27   +81    1809 F 
        g341/C                                                +0    1809   
        g341/YC              FAX1              1  7.1   27   +81    1890 F 
        g340/C                                                +0    1890   
        g340/YC              FAX1              1  7.1   27   +81    1972 F 
        g339/C                                                +0    1972   
        g339/YC              FAX1              1 10.9   37   +89    2061 F 
        g2/A                                                  +0    2061   
        g2/YS                FAX1              1  2.8   21   +84    2144 R 
      add_55_25/Z[14] 
      g66/A                                                   +0    2144   
      g66/Y                  MUX2X1            1  1.5   34   +23    2167 F 
      g65/A                                                   +0    2167   
      g65/Y                  INVX1             1  2.0    0    +9    2176 R 
      countval_reg[14]/D     DFFSR                            +0    2176   
      countval_reg[14]/CLK   setup                       0   +70    2246 R 
- - - - - - - - - - - - - - - - - - - - - - - - - - - - - - - - - - - - - -
(clock clk)                  capture                                5000 R 
                             uncertainty                     -50    4950 R 
---------------------------------------------------------------------------
Cost Group   : 'clk' (path_group 'clk')
Timing slack :    2704ps 
Start-point  : TOP/genblk1[2].genblk2.sng/ctr/countval_reg[3]/CLK
End-point    : TOP/genblk2.stoch2bin/ctr/countval_reg[14]/D
