============================================================
  Generated by:           Encounter(R) RTL Compiler v14.10-s022_1
  Generated on:           Jul 25 2021  02:19:30 pm
  Module:                 ms_es_ordered_bs_by4_mul_synth
  Technology library:     gscl45nm 
  Operating conditions:   typical (balanced_tree)
  Wireload mode:          enclosed
  Area mode:              timing library
============================================================

             Instance               Cells  Cell Area  Net Area  Total Area  Wireload     
-----------------------------------------------------------------------------------------
ms_es_ordered_bs_by4_mul_synth       1907       5699         0        5699    <none> (D) 
  TOP                                1907       5699         0        5699    <none> (D) 
    genblk2.stoch2bin                 262       1545         0        1545    <none> (D) 
      ctr                             151        800         0         800    <none> (D) 
        add_55_25                      30        263         0         263    <none> (D) 
      par_ctr                         104        729         0         729    <none> (D) 
        p1                             49        340         0         340    <none> (D) 
          p1                           22        150         0         150    <none> (D) 
            p1                          9         59         0          59    <none> (D) 
              p1                        3         18         0          18    <none> (D) 
                fa0                     1          9         0           9    <none> (D) 
                ha1                     1          5         0           5    <none> (D) 
                ha0                     1          5         0           5    <none> (D) 
              p0                        3         18         0          18    <none> (D) 
                fa0                     1          9         0           9    <none> (D) 
                ha1                     1          5         0           5    <none> (D) 
                ha0                     1          5         0           5    <none> (D) 
            p0                          9         59         0          59    <none> (D) 
              p1                        3         18         0          18    <none> (D) 
                fa0                     1          9         0           9    <none> (D) 
                ha1                     1          5         0           5    <none> (D) 
                ha0                     1          5         0           5    <none> (D) 
              p0                        3         18         0          18    <none> (D) 
                fa0                     1          9         0           9    <none> (D) 
                ha1                     1          5         0           5    <none> (D) 
                ha0                     1          5         0           5    <none> (D) 
          p0                           22        150         0         150    <none> (D) 
            p1                          9         59         0          59    <none> (D) 
              p1                        3         18         0          18    <none> (D) 
                fa0                     1          9         0           9    <none> (D) 
                ha1                     1          5         0           5    <none> (D) 
                ha0                     1          5         0           5    <none> (D) 
              p0                        3         18         0          18    <none> (D) 
                fa0                     1          9         0           9    <none> (D) 
                ha1                     1          5         0           5    <none> (D) 
                ha0                     1          5         0           5    <none> (D) 
            p0                          9         59         0          59    <none> (D) 
              p1                        3         18         0          18    <none> (D) 
                fa0                     1          9         0           9    <none> (D) 
                ha1                     1          5         0           5    <none> (D) 
                ha0                     1          5         0           5    <none> (D) 
              p0                        3         18         0          18    <none> (D) 
                fa0                     1          9         0           9    <none> (D) 
                ha1                     1          5         0           5    <none> (D) 
                ha0                     1          5         0           5    <none> (D) 
        p0                             49        340         0         340    <none> (D) 
          p1                           22        150         0         150    <none> (D) 
            p1                          9         59         0          59    <none> (D) 
              p1                        3         18         0          18    <none> (D) 
                fa0                     1          9         0           9    <none> (D) 
                ha1                     1          5         0           5    <none> (D) 
                ha0                     1          5         0           5    <none> (D) 
              p0                        3         18         0          18    <none> (D) 
                fa0                     1          9         0           9    <none> (D) 
                ha1                     1          5         0           5    <none> (D) 
                ha0                     1          5         0           5    <none> (D) 
            p0                          9         59         0          59    <none> (D) 
              p1                        3         18         0          18    <none> (D) 
                fa0                     1          9         0           9    <none> (D) 
                ha1                     1          5         0           5    <none> (D) 
                ha0                     1          5         0           5    <none> (D) 
              p0                        3         18         0          18    <none> (D) 
                fa0                     1          9         0           9    <none> (D) 
                ha1                     1          5         0           5    <none> (D) 
                ha0                     1          5         0           5    <none> (D) 
          p0                           22        150         0         150    <none> (D) 
            p1                          9         59         0          59    <none> (D) 
              p1                        3         18         0          18    <none> (D) 
                fa0                     1          9         0           9    <none> (D) 
                ha1                     1          5         0           5    <none> (D) 
                ha0                     1          5         0           5    <none> (D) 
              p0                        3         18         0          18    <none> (D) 
                fa0                     1          9         0           9    <none> (D) 
                ha1                     1          5         0           5    <none> (D) 
                ha0                     1          5         0           5    <none> (D) 
            p0                          9         59         0          59    <none> (D) 
              p1                        3         18         0          18    <none> (D) 
                fa0                     1          9         0           9    <none> (D) 
                ha1                     1          5         0           5    <none> (D) 
                ha0                     1          5         0           5    <none> (D) 
              p0                        3         18         0          18    <none> (D) 
                fa0                     1          9         0           9    <none> (D) 
                ha1                     1          5         0           5    <none> (D) 
                ha0                     1          5         0           5    <none> (D) 
    genblk1[1].genblk3.genblk1.sng    544       1367         0        1367    <none> (D) 
      genblk2[0].max_comparator       128        300         0         300    <none> (D) 
      genblk2[1].max_comparator       127        299         0         299    <none> (D) 
      genblk2[2].max_comparator       124        290         0         290    <none> (D) 
      genblk2[3].max_comparator       115        271         0         271    <none> (D) 
      ctr                              50        206         0         206    <none> (D) 
    genblk1[2].genblk2.sng            515       1300         0        1300    <none> (D) 
      genblk2[0].min_comparator       130        301         0         301    <none> (D) 
      genblk2[2].min_comparator       117        274         0         274    <none> (D) 
      genblk2[3].min_comparator       109        261         0         261    <none> (D) 
      genblk2[1].min_comparator       110        258         0         258    <none> (D) 
      ctr                              49        205         0         205    <none> (D) 
    genblk1[0].genblk1.sng            502       1291         0        1291    <none> (D) 
      genblk2[2].max_comparator       129        298         0         298    <none> (D) 
      genblk2[0].max_comparator       114        285         0         285    <none> (D) 
      genblk2[1].max_comparator       119        280         0         280    <none> (D) 
      genblk2[3].max_comparator        98        236         0         236    <none> (D) 
      ctr                              42        192         0         192    <none> (D) 

 (D) = wireload is default in technology library
