============================================================
  Generated by:           Encounter(R) RTL Compiler v14.10-s022_1
  Generated on:           Jul 25 2021  01:53:13 pm
  Module:                 ms_es_naive_by4_mul_synth
  Technology library:     gscl45nm 
  Operating conditions:   typical (balanced_tree)
  Wireload mode:          enclosed
  Area mode:              timing library
============================================================

                                  Leakage    Dynamic      Total    
         Instance          Cells Power(nW)  Power(nW)   Power(nW)  
-------------------------------------------------------------------
ms_es_naive_by4_mul_synth   1509 40914.194 1576487.873 1617402.067 
  TOP                       1509 40914.194 1547794.538 1588708.732 
    genblk2.stoch2bin        870 28450.033  743581.292  772031.325 
      par_ctr                438 18769.865  354907.361  373677.226 
        p0                   215  9223.914  178388.785  187612.698 
          p0                 104  4470.543   88447.040   92917.583 
            p0                49  2113.463   43699.771   45813.234 
              p0              22   954.528   21094.629   22049.157 
                p0             9   394.666    9797.766   10192.432 
                  p0           3   134.340    4158.260    4292.601 
                    ha0        1    47.565     771.526     819.091 
                    ha1        1    47.565    1297.118    1344.683 
                    fa0        1    39.210    2089.616    2128.827 
                  p1           3   134.340    4017.552    4151.892 
                    ha0        1    47.565     772.057     819.621 
                    ha1        1    47.565    1155.879    1203.444 
                    fa0        1    39.210    2089.616    2128.827 
                p1             9   394.666    9654.714   10049.380 
                  p0           3   134.340    4158.260    4292.600 
                    ha0        1    47.565     771.526     819.091 
                    ha1        1    47.565    1297.118    1344.683 
                    fa0        1    39.210    2089.615    2128.826 
                  p1           3   134.340    4017.551    4151.891 
                    ha0        1    47.565     772.057     819.621 
                    ha1        1    47.565    1155.879    1203.444 
                    fa0        1    39.210    2089.615    2128.826 
              p1              22   954.528   20928.663   21883.192 
                p0             9   394.666    9784.010   10178.676 
                  p0           3   134.340    4147.763    4282.103 
                    ha0        1    47.565     769.681     817.246 
                    ha1        1    47.565    1297.144    1344.709 
                    fa0        1    39.210    2080.938    2120.148 
                  p1           3   134.340    4014.294    4148.634 
                    ha0        1    47.565     771.312     818.877 
                    ha1        1    47.565    1155.905    1203.470 
                    fa0        1    39.210    2087.077    2126.287 
                p1             9   394.666    9647.371   10042.037 
                  p0           3   134.340    4153.705    4288.045 
                    ha0        1    47.565     770.449     818.014 
                    ha1        1    47.565    1297.144    1344.709 
                    fa0        1    39.210    2086.112    2125.322 
                  p1           3   134.340    4014.762    4149.103 
                    ha0        1    47.565     771.389     818.954 
                    ha1        1    47.565    1155.905    1203.470 
                    fa0        1    39.210    2087.469    2126.679 
            p1                49  2113.463   43032.397   45145.860 
              p0              22   954.528   20833.466   21787.995 
                p0             9   394.666    9675.514   10070.180 
                  p0           3   134.340    4105.468    4239.809 
                    ha0        1    47.565     762.521     810.086 
                    ha1        1    47.565    1281.807    1329.371 
                    fa0        1    39.210    2061.141    2100.351 
                  p1           3   134.340    3966.425    4100.765 
                    ha0        1    47.565     763.052     810.617 
                    ha1        1    47.565    1142.232    1189.797 
                    fa0        1    39.210    2061.141    2100.351 
                p1             9   394.666    9534.129    9928.796 
                  p0           3   134.340    4105.469    4239.809 
                    ha0        1    47.565     762.521     810.086 
                    ha1        1    47.565    1281.807    1329.371 
                    fa0        1    39.210    2061.141    2100.351 
                  p1           3   134.340    3966.425    4100.765 
                    ha0        1    47.565     763.052     810.617 
                    ha1        1    47.565    1142.232    1189.797 
                    fa0        1    39.210    2061.141    2100.351 
              p1              22   954.528   20703.148   21657.676 
                p0             9   394.666    9681.955   10076.621 
                  p0           3   134.340    4108.689    4243.029 
                    ha0        1    47.565     762.442     810.007 
                    ha1        1    47.565    1281.807    1329.371 
                    fa0        1    39.210    2064.441    2103.651 
                  p1           3   134.340    3969.646    4103.986 
                    ha0        1    47.565     762.973     810.538 
                    ha1        1    47.565    1142.232    1189.797 
                    fa0        1    39.210    2064.441    2103.651 
                p1             9   394.666    9540.571    9935.237 
                  p0           3   134.340    4108.690    4243.030 
                    ha0        1    47.565     762.442     810.007 
                    ha1        1    47.565    1281.807    1329.371 
                    fa0        1    39.210    2064.441    2103.651 
                  p1           3   134.340    3969.646    4103.986 
                    ha0        1    47.565     762.973     810.538 
                    ha1        1    47.565    1142.232    1189.797 
                    fa0        1    39.210    2064.441    2103.651 
          p1                 104  4470.543   88182.354   92652.897 
            p0                49  2113.463   43651.830   45765.293 
              p0              22   954.528   21048.567   22003.095 
                p0             9   394.666    9774.747   10169.413 
                  p0           3   134.340    4145.989    4280.329 
                    ha0        1    47.565     769.329     816.894 
                    ha1        1    47.565    1297.144    1344.709 
                    fa0        1    39.210    2079.516    2118.726 
                  p1           3   134.340    4006.804    4141.144 
                    ha0        1    47.565     769.879     817.444 
                    ha1        1    47.565    1155.905    1203.470 
                    fa0        1    39.210    2081.021    2120.231 
                p1             9   394.666    9631.672   10026.338 
                  p0           3   134.340    4145.966    4280.306 
                    ha0        1    47.565     769.307     816.872 
                    ha1        1    47.565    1297.144    1344.709 
                    fa0        1    39.210    2079.515    2118.725 
                  p1           3   134.340    4006.803    4141.143 
                    ha0        1    47.565     769.879     817.444 
                    ha1        1    47.565    1155.905    1203.470 
                    fa0        1    39.210    2081.020    2120.230 
              p1              22   954.528   20926.784   21881.312 
                p0             9   394.666    9788.472   10183.138 
                  p0           3   134.340    4154.537    4288.877 
                    ha0        1    47.565     771.383     818.948 
                    ha1        1    47.565    1297.118    1344.683 
                    fa0        1    39.210    2086.035    2125.246 
                  p1           3   134.340    4011.981    4146.321 
                    ha0        1    47.565     771.892     819.457 
                    ha1        1    47.565    1155.879    1203.444 
                    fa0        1    39.210    2084.210    2123.420 
                p1             9   394.666    9641.030   10035.696 
                  p0           3   134.340    4155.205    4289.545 
                    ha0        1    47.565     771.361     818.926 
                    ha1        1    47.565    1297.118    1344.683 
                    fa0        1    39.210    2086.725    2125.936 
                  p1           3   134.340    4006.922    4141.262 
                    ha0        1    47.565     769.879     817.444 
                    ha1        1    47.565    1155.905    1203.470 
                    fa0        1    39.210    2081.139    2120.349 
            p1                49  2113.463   42965.512   45078.975 
              p0              22   954.528   20814.110   21768.638 
                p0             9   394.666    9666.709   10061.375 
                  p0           3   134.340    4102.351    4236.692 
                    ha0        1    47.565     761.460     809.025 
                    ha1        1    47.565    1281.832    1329.397 
                    fa0        1    39.210    2059.060    2098.270 
                  p1           3   134.340    3960.738    4095.078 
                    ha0        1    47.565     760.821     808.385 
                    ha1        1    47.565    1142.258    1189.823 
                    fa0        1    39.210    2057.659    2096.870 
                p1             9   394.666    9523.577    9918.243 
                  p0           3   134.340    4102.315    4236.655 
                    ha0        1    47.565     761.438     809.003 
                    ha1        1    47.565    1281.832    1329.397 
                    fa0        1    39.210    2059.045    2098.255 
                  p1           3   134.340    3959.027    4093.367 
                    ha0        1    47.565     760.821     808.386 
                    ha1        1    47.565    1142.258    1189.823 
                    fa0        1    39.210    2055.949    2095.159 
              p1              22   954.528   20655.619   21610.147 
                p0             9   394.666    9658.190   10052.857 
                  p0           3   134.340    4095.544    4229.884 
                    ha0        1    47.565     760.068     807.633 
                    ha1        1    47.565    1281.832    1329.397 
                    fa0        1    39.210    2053.643    2092.854 
                  p1           3   134.340    3959.027    4093.367 
                    ha0        1    47.565     760.821     808.385 
                    ha1        1    47.565    1142.258    1189.823 
                    fa0        1    39.210    2055.949    2095.159 
                p1             9   394.666    9516.807    9911.473 
                  p0           3   134.340    4095.545    4229.885 
                    ha0        1    47.565     760.094     807.658 
                    ha1        1    47.565    1281.832    1329.397 
                    fa0        1    39.210    2053.619    2092.830 
                  p1           3   134.340    3959.027    4093.367 
                    ha0        1    47.565     760.821     808.386 
                    ha1        1    47.565    1142.258    1189.823 
                    fa0        1    39.210    2055.949    2095.159 
        p1                   215  9223.914  175014.386  184238.299 
          p0                 104  4470.543   87288.193   91758.736 
            p0                49  2113.463   43137.559   45251.022 
              p0              22   954.528   20802.214   21756.742 
                p0             9   394.666    9659.235   10053.901 
                  p0           3   134.340    4096.565    4230.906 
                    ha0        1    47.565     760.272     807.836 
                    ha1        1    47.565    1281.832    1329.397 
                    fa0        1    39.210    2054.462    2093.672 
                  p1           3   134.340    3959.049    4093.389 
                    ha0        1    47.565     760.843     808.407 
                    ha1        1    47.565    1142.258    1189.823 
                    fa0        1    39.210    2055.949    2095.159 
                p1             9   394.666    9519.155    9913.821 
                  p0           3   134.340    4097.871    4232.211 
                    ha0        1    47.565     760.312     807.877 
                    ha1        1    47.565    1281.832    1329.397 
                    fa0        1    39.210    2055.727    2094.938 
                  p1           3   134.340    3959.049    4093.389 
                    ha0        1    47.565     760.842     808.407 
                    ha1        1    47.565    1142.258    1189.823 
                    fa0        1    39.210    2055.949    2095.159 
              p1              22   954.528   20677.191   21631.719 
                p0             9   394.666    9669.618   10064.284 
                  p0           3   134.340    4105.010    4239.351 
                    ha0        1    47.565     762.301     809.866 
                    ha1        1    47.565    1281.807    1329.371 
                    fa0        1    39.210    2060.903    2100.113 
                  p1           3   134.340    3960.987    4095.327 
                    ha0        1    47.565     760.843     808.407 
                    ha1        1    47.565    1142.258    1189.823 
                    fa0        1    39.210    2057.887    2097.097 
                p1             9   394.666    9526.951    9921.617 
                  p0           3   134.340    4103.728    4238.068 
                    ha0        1    47.565     760.312     807.877 
                    ha1        1    47.565    1281.832    1329.397 
                    fa0        1    39.210    2061.584    2100.795 
                  p1           3   134.340    3960.987    4095.327 
                    ha0        1    47.565     760.843     808.407 
                    ha1        1    47.565    1142.258    1189.823 
                    fa0        1    39.210    2057.887    2097.097 
            p1                49  2113.463   42454.087   44567.550 
              p0              22   954.528   20563.664   21518.193 
                p0             9   394.666    9549.414    9944.080 
                  p0           3   134.340    4052.857    4187.197 
                    ha0        1    47.565     752.388     799.953 
                    ha1        1    47.565    1266.520    1314.085 
                    fa0        1    39.210    2033.949    2073.159 
                  p1           3   134.340    3911.271    4045.611 
                    ha0        1    47.565     751.784     799.349 
                    ha1        1    47.565    1128.611    1176.175 
                    fa0        1    39.210    2030.876    2070.086 
                p1             9   394.666    9408.752    9803.418 
                  p0           3   134.340    4051.914    4186.254 
                    ha0        1    47.565     751.254     798.819 
                    ha1        1    47.565    1266.520    1314.085 
                    fa0        1    39.210    2034.140    2073.351 
                  p1           3   134.340    3911.271    4045.611 
                    ha0        1    47.565     751.784     799.349 
                    ha1        1    47.565    1128.611    1176.175 
                    fa0        1    39.210    2030.876    2070.086 
              p1              22   954.528   20411.299   21365.827 
                p0             9   394.666    9542.689    9937.355 
                  p0           3   134.340    4046.131    4180.471 
                    ha0        1    47.565     751.013     798.578 
                    ha1        1    47.565    1266.520    1314.085 
                    fa0        1    39.210    2028.598    2067.809 
                  p1           3   134.340    3911.271    4045.611 
                    ha0        1    47.565     751.784     799.349 
                    ha1        1    47.565    1128.611    1176.175 
                    fa0        1    39.210    2030.876    2070.086 
                p1             9   394.666    9404.648    9799.314 
                  p0           3   134.340    4047.810    4182.150 
                    ha0        1    47.565     751.279     798.844 
                    ha1        1    47.565    1266.520    1314.085 
                    fa0        1    39.210    2030.012    2069.222 
                  p1           3   134.340    3911.271    4045.611 
                    ha0        1    47.565     751.784     799.349 
                    ha1        1    47.565    1128.611    1176.175 
                    fa0        1    39.210    2030.876    2070.086 
          p1                 104  4470.543   86115.778   90586.321 
            p0                49  2113.463   42636.934   44750.397 
              p0              22   954.528   20552.567   21507.095 
                p0             9   394.666    9543.405    9938.071 
                  p0           3   134.340    4047.142    4181.482 
                    ha0        1    47.565     751.214     798.779 
                    ha1        1    47.565    1266.520    1314.085 
                    fa0        1    39.210    2029.408    2068.619 
                  p1           3   134.340    3910.975    4045.315 
                    ha0        1    47.565     751.788     799.353 
                    ha1        1    47.565    1128.611    1176.175 
                    fa0        1    39.210    2030.577    2069.787 
                p1             9   394.666    9403.663    9798.329 
                  p0           3   134.340    4047.120    4181.460 
                    ha0        1    47.565     751.192     798.757 
                    ha1        1    47.565    1266.520    1314.085 
                    fa0        1    39.210    2029.408    2068.619 
                  p1           3   134.340    3910.975    4045.315 
                    ha0        1    47.565     751.788     799.353 
                    ha1        1    47.565    1128.611    1176.175 
                    fa0        1    39.210    2030.577    2069.787 
              p1              22   954.528   20444.538   21399.066 
                p0             9   394.666    9559.793    9954.459 
                  p0           3   134.340    4055.483    4189.823 
                    ha0        1    47.565     753.220     800.784 
                    ha1        1    47.565    1266.495    1314.059 
                    fa0        1    39.210    2035.769    2074.979 
                  p1           3   134.340    3919.021    4053.362 
                    ha0        1    47.565     753.729     801.294 
                    ha1        1    47.565    1128.585    1176.150 
                    fa0        1    39.210    2036.707    2075.917 
                p1             9   394.666    9420.783    9815.449 
                  p0           3   134.340    4056.135    4190.475 
                    ha0        1    47.565     753.198     800.763 
                    ha1        1    47.565    1266.495    1314.059 
                    fa0        1    39.210    2036.443    2075.653 
                  p1           3   134.340    3919.079    4053.419 
                    ha0        1    47.565     753.729     801.294 
                    ha1        1    47.565    1128.585    1176.150 
                    fa0        1    39.210    2036.765    2075.975 
            p1                49  2113.463   41947.151   44060.614 
              p0              22   954.528   20322.977   21277.505 
                p0             9   394.666    9436.959    9831.626 
                  p0           3   134.340    4003.364    4137.704 
                    ha0        1    47.565     743.317     790.882 
                    ha1        1    47.565    1251.207    1298.772 
                    fa0        1    39.210    2008.840    2048.050 
                  p1           3   134.340    3866.641    4000.982 
                    ha0        1    47.565     742.705     790.270 
                    ha1        1    47.565    1114.963    1162.528 
                    fa0        1    39.210    2008.973    2048.183 
                p1             9   394.666    9298.845    9693.511 
                  p0           3   134.340    4003.328    4137.668 
                    ha0        1    47.565     743.295     790.860 
                    ha1        1    47.565    1251.207    1298.772 
                    fa0        1    39.210    2008.825    2048.036 
                  p1           3   134.340    3866.617    4000.958 
                    ha0        1    47.565     742.705     790.270 
                    ha1        1    47.565    1114.963    1162.528 
                    fa0        1    39.210    2008.949    2048.159 
              p1              22   954.528   20161.709   21116.237 
                p0             9   394.666    9426.231    9820.897 
                  p0           3   134.340    3996.721    4131.061 
                    ha0        1    47.565     741.958     789.523 
                    ha1        1    47.565    1251.207    1298.772 
                    fa0        1    39.210    2003.556    2042.766 
                  p1           3   134.340    3862.555    3996.896 
                    ha0        1    47.565     742.730     790.295 
                    ha1        1    47.565    1114.963    1162.528 
                    fa0        1    39.210    2004.862    2044.073 
                p1             9   394.666    9288.176    9682.842 
                  p0           3   134.340    3996.722    4131.062 
                    ha0        1    47.565     741.982     789.547 
                    ha1        1    47.565    1251.207    1298.772 
                    fa0        1    39.210    2003.532    2042.742 
                  p1           3   134.340    3862.555    3996.895 
                    ha0        1    47.565     742.730     790.294 
                    ha1        1    47.565    1114.963    1162.528 
                    fa0        1    39.210    2004.862    2044.073 
      ctr                    423  9567.671  378988.586  388556.257 
        add_55_25            278  4214.222   52569.138   56783.360 
    genblk1[3].genblk1.sng    84  1959.060  108520.207  110479.268 
      ctr                     38  1501.257   80480.107   81981.364 
    genblk1[1].genblk1.sng    84  1931.038  117253.075  119184.113 
      ctr                     37  1481.503   92433.005   93914.508 
    genblk1[2].genblk1.sng    82  1926.063  117940.033  119866.097 
      ctr                     37  1481.503   91937.790   93419.293 
    genblk1[0].genblk1.sng    84  1901.919  114706.438  116608.358 
      ctr                     37  1481.503   91558.764   93040.267 

