============================================================
  Generated by:           Encounter(R) RTL Compiler v14.10-s022_1
  Generated on:           Jul 25 2021  02:09:23 pm
  Module:                 ms_es_ordered_cas_by4_mul_synth
  Technology library:     gscl45nm 
  Operating conditions:   typical (balanced_tree)
  Wireload mode:          enclosed
  Area mode:              timing library
============================================================

             Pin                   Type       Fanout Load Slew Delay Arrival   
                                                     (fF) (ps)  (ps)   (ps)    
-------------------------------------------------------------------------------
(clock clk_int1)                 launch                                    0 R 
TOP
  genblk1[1].genblk1.sng
    ctr
      countval_reg[3]/CLK                                    0             0 R 
      countval_reg[3]/Q          DFFSR             1  1.5   10  +115     115 F 
      drc_bufs80/A                                                +0     115   
      drc_bufs80/Y               BUFX2             4 10.7   14   +42     156 F 
    ctr/countval[3] 
    g256/A                                                        +0     156   
    g256/Y                       INVX1             1  2.5    0    +3     160 R 
    g253/A                                                        +0     160   
    g253/Y                       OR2X1             2  5.0   36   +47     207 R 
    g249/C                                                        +0     207   
    g249/Y                       NAND3X1           1  1.5   16   +15     222 F 
    drc_bufs257/A                                                 +0     222   
    drc_bufs257/Y                BUFX2             1  1.9    2   +34     255 F 
    g248/C                                                        +0     255   
    g248/Y                       OAI21X1          11 25.5  135   +89     344 R 
    g246/B                                                        +0     344   
    g246/Y                       OR2X1            10 23.1  118  +120     464 R 
    g244/C                                                        +0     464   
    g244/Y                       AOI21X1           1  1.5   16   +42     506 F 
    drc_bufs/A                                                    +0     506   
    drc_bufs/Y                   BUFX2             1  1.5    2   +33     539 F 
    g243/A                                                        +0     539   
    g243/Y                       INVX1             9 20.7   70   +58     597 R 
  genblk1[1].genblk1.sng/sn_out[0] 
  g12035/A                                                        +0     597   
  g12035/Y                       AND2X1            3  6.9   44   +44     642 R 
  g11995/A                                                        +0     642   
  g11995/Y                       AND2X1           16 36.8  183  +138     780 R 
  g11813/B                                                        +0     780   
  g11813/Y                       AND2X1            1 12.7   64   +63     842 R 
  genblk2.stoch2bin/data_in[831] 
    par_ctr/a[831] 
      p0/a[319] 
        p0/a[63] 
          p1/a[63] 
            p1/a[63] 
              p0/a[31] 
                p0/a[15] 
                  p0/a[7] 
                    p0/a[3] 
                      fa0/cin 
                        g2/A                                      +0     842   
                        g2/YS    FAX1              1  3.4   12   +92     934 F 
                      fa0/s 
                      ha0/b 
                        g17/B                                     +0     934   
                        g17/YC   HAX1              1  3.4   20   +48     982 F 
                      ha0/cout 
                      ha1/a 
                        g17/B                                     +0     982   
                        g17/YS   HAX1              1 10.9   38   +73    1056 F 
                      ha1/s 
                    p0/y[1] 
                    g167/A                                        +0    1056   
                    g167/YC      FAX1              1  7.1   29   +91    1147 F 
                    g166/C                                        +0    1147   
                    g166/YS      FAX1              1 12.7   67  +103    1250 R 
                  p0/y[2] 
                  g236/A                                          +0    1250   
                  g236/YS        FAX1              1 12.7   67  +117    1367 R 
                p0/y[2] 
                g287/A                                            +0    1367   
                g287/YS          FAX1              1 12.7   67  +117    1484 R 
              p0/y[2] 
              g361/A                                              +0    1484   
              g361/YS            FAX1              1 10.3   56  +110    1594 R 
            p1/y[2] 
            g539/B                                                +0    1594   
            g539/YS              FAX1              1 10.3   56  +102    1697 R 
          p1/y[2] 
          g619/B                                                  +0    1697   
          g619/YS                FAX1              1 12.7   67  +110    1807 R 
        p0/y[2] 
        g937/A                                                    +0    1807   
        g937/YS                  FAX1              1 12.7   67  +117    1924 R 
      p0/y[2] 
      g825/A                                                      +0    1924   
      g825/YS                    FAX1              2 12.0   36  +110    2034 F 
    par_ctr/y[2] 
    ctr/data_in[2] 
      add_55_25/B[2] 
        g500/B                                                    +0    2034   
        g500/YC                  FAX1              1  7.1   29   +89    2123 F 
        g499/C                                                    +0    2123   
        g499/YC                  FAX1              1  7.1   29   +82    2204 F 
        g498/C                                                    +0    2204   
        g498/YC                  FAX1              1  7.1   29   +82    2286 F 
        g497/C                                                    +0    2286   
        g497/YC                  FAX1              1  7.1   29   +82    2368 F 
        g496/C                                                    +0    2368   
        g496/YC                  FAX1              1  7.1   29   +82    2449 F 
        g495/C                                                    +0    2449   
        g495/YC                  FAX1              1  7.1   29   +82    2531 F 
        g494/C                                                    +0    2531   
        g494/YC                  FAX1              1  7.1   29   +82    2612 F 
        g493/C                                                    +0    2612   
        g493/YC                  FAX1              1  7.1   29   +82    2694 F 
        g492/C                                                    +0    2694   
        g492/YC                  FAX1              1  7.1   29   +82    2776 F 
        g491/C                                                    +0    2776   
        g491/YC                  FAX1              1  7.1   26   +82    2857 F 
        g490/C                                                    +0    2857   
        g490/YC                  FAX1              1  7.1   27   +81    2938 F 
        g489/C                                                    +0    2938   
        g489/YC                  FAX1              1  7.1   27   +81    3020 F 
        g488/C                                                    +0    3020   
        g488/YC                  FAX1              1  7.1   27   +81    3101 F 
        g487/C                                                    +0    3101   
        g487/YC                  FAX1              1  7.1   27   +81    3182 F 
        g486/C                                                    +0    3182   
        g486/YC                  FAX1              1  7.1   27   +81    3263 F 
        g485/C                                                    +0    3263   
        g485/YC                  FAX1              1  7.1   27   +81    3344 F 
        g484/C                                                    +0    3344   
        g484/YC                  FAX1              1  7.1   27   +81    3426 F 
        g483/C                                                    +0    3426   
        g483/YC                  FAX1              1 10.9   37   +89    3514 F 
        g2/A                                                      +0    3514   
        g2/YS                    FAX1              1  2.8   21   +84    3598 R 
      add_55_25/Z[20] 
      g82/A                                                       +0    3598   
      g82/Y                      MUX2X1            1  1.5   19   +23    3621 F 
      g81/A                                                       +0    3621   
      g81/Y                      INVX1             1  2.0    0    +3    3624 R 
      countval_reg[20]/D         DFFSR                            +0    3624   
      countval_reg[20]/CLK       setup                       0   +70    3695 R 
- - - - - - - - - - - - - - - - - - - - - - - - - - - - - - - - - - - - - - - -
(clock clk)                      capture                                5000 R 
                                 uncertainty                     -50    4950 R 
-------------------------------------------------------------------------------
Cost Group   : 'clk' (path_group 'clk')
Timing slack :    1255ps 
Start-point  : TOP/genblk1[1].genblk1.sng/ctr/countval_reg[3]/CLK
End-point    : TOP/genblk2.stoch2bin/ctr/countval_reg[20]/D
