============================================================
  Generated by:           Encounter(R) RTL Compiler v14.10-s022_1
  Generated on:           Jul 25 2021  01:48:55 pm
  Module:                 ms_es_naive_by4_mul_synth
  Technology library:     gscl45nm 
  Operating conditions:   typical (balanced_tree)
  Wireload mode:          enclosed
  Area mode:              timing library
============================================================

           Pin                 Type       Fanout Load Slew Delay Arrival   
                                                 (fF) (ps)  (ps)   (ps)    
---------------------------------------------------------------------------
(clock clk_int1)             launch                                    0 R 
TOP
  genblk1[1].genblk1.sng
    ctr
      countval_reg[7]/CLK                                0             0 R 
      countval_reg[7]/Q      DFFSR             1  1.5   10  +109     109 R 
      drc_bufs482/A                                           +0     109   
      drc_bufs482/Y          BUFX2             4 11.4   28   +47     156 R 
    ctr/countval[7] 
    g1329/A                                                   +0     156   
    g1329/Y                  INVX1             2  5.7   21   +28     184 F 
    g1299/B                                                   +0     184   
    g1299/YS                 HAX1              2  5.5   31   +59     243 R 
    g1290/B                                                   +0     243   
    g1290/Y                  NAND3X1           1  1.5   15   +17     260 F 
    drc_bufs1344/A                                            +0     260   
    drc_bufs1344/Y           BUFX2             1  1.9    2   +33     294 F 
    g1282/A                                                   +0     294   
    g1282/Y                  AND2X1            2  4.5   24   +36     329 F 
    g1271/B                                                   +0     329   
    g1271/Y                  OAI21X1           4 11.8   87   +73     402 R 
    g1268/C                                                   +0     402   
    g1268/Y                  AOI21X1           1  1.5   16   +33     435 F 
    drc_bufs1348/A                                            +0     435   
    drc_bufs1348/Y           BUFX2             2  4.4    6   +36     472 F 
    g1261/B                                                   +0     472   
    g1261/Y                  OR2X1             2  4.6   20   +53     524 F 
    g1260/C                                                   +0     524   
    g1260/Y                  AOI21X1           1  1.5   24   +19     543 R 
    drc_bufs1341/A                                            +0     543   
    drc_bufs1341/Y           BUFX2             1  1.6    6   +33     576 R 
    g1259/A                                                   +0     576   
    g1259/Y                  INVX1             5  9.5   34   +30     606 F 
  genblk1[1].genblk1.sng/sn_out[2] 
  g146/B                                                      +0     606   
  g146/Y                     AND2X1            1  8.8   34   +60     666 F 
  genblk2.stoch2bin/data_in[10] 
    par_ctr/a[10] 
      p0/a[2] 
        p1/a[2] 
          fa0/b 
            g2/B                                              +0     666   
            g2/YS            FAX1              1  3.4   12   +87     753 F 
          fa0/s 
          ha0/b 
            g17/B                                             +0     753   
            g17/YS           HAX1              1  4.0   19   +59     812 F 
          ha0/s 
        p1/y[0] 
        g168/A                                                +0     812   
        g168/YC              HAX1              1 10.9   41   +69     881 F 
        g167/A                                                +0     881   
        g167/YC              FAX1              1  7.1   29   +92     972 F 
        g166/C                                                +0     972   
        g166/YS              FAX1              1 12.7   67  +103    1075 R 
      p0/y[2] 
      g234/A                                                  +0    1075   
      g234/YS                FAX1              2 11.1   34  +108    1183 F 
    par_ctr/y[2] 
    ctr/data_in[2] 
      add_55_25/B[2] 
        g475/B                                                +0    1183   
        g475/YC              FAX1              1  7.1   29   +88    1271 F 
        g474/C                                                +0    1271   
        g474/YC              FAX1              1  7.1   29   +82    1353 F 
        g473/C                                                +0    1353   
        g473/YC              FAX1              1  7.1   29   +82    1434 F 
        g472/C                                                +0    1434   
        g472/YC              FAX1              1  7.1   26   +82    1516 F 
        g471/C                                                +0    1516   
        g471/YC              FAX1              1  7.1   27   +81    1597 F 
        g470/C                                                +0    1597   
        g470/YC              FAX1              1  7.1   27   +81    1678 F 
        g469/C                                                +0    1678   
        g469/YC              FAX1              1  7.1   27   +81    1760 F 
        g468/C                                                +0    1760   
        g468/YC              FAX1              1  7.1   27   +81    1841 F 
        g467/C                                                +0    1841   
        g467/YC              FAX1              1  7.1   27   +81    1922 F 
        g466/C                                                +0    1922   
        g466/YC              FAX1              1  7.1   27   +81    2003 F 
        g465/C                                                +0    2003   
        g465/YC              FAX1              1  7.1   27   +81    2084 F 
        g464/C                                                +0    2084   
        g464/YC              FAX1              1  7.1   27   +81    2166 F 
        g463/C                                                +0    2166   
        g463/YC              FAX1              1  7.1   27   +81    2247 F 
        g462/C                                                +0    2247   
        g462/YC              FAX1              1  7.1   27   +81    2328 F 
        g461/C                                                +0    2328   
        g461/YC              FAX1              1  7.1   27   +81    2409 F 
        g460/C                                                +0    2409   
        g460/YC              FAX1              1  7.1   27   +81    2490 F 
        g459/C                                                +0    2490   
        g459/YC              FAX1              1 10.9   37   +89    2579 F 
        g2/A                                                  +0    2579   
        g2/YS                FAX1              1  2.8   21   +84    2663 R 
      add_55_25/Z[19] 
      g72/A                                                   +0    2663   
      g72/Y                  MUX2X1            1  1.5   18   +23    2686 F 
      g71/A                                                   +0    2686   
      g71/Y                  INVX1             1  2.0    0    +3    2689 R 
      countval_reg[19]/D     DFFSR                            +0    2689   
      countval_reg[19]/CLK   setup                       0   +70    2759 R 
- - - - - - - - - - - - - - - - - - - - - - - - - - - - - - - - - - - - - -
(clock clk)                  capture                                5000 R 
                             uncertainty                     -50    4950 R 
---------------------------------------------------------------------------
Cost Group   : 'clk' (path_group 'clk')
Timing slack :    2191ps 
Start-point  : TOP/genblk1[1].genblk1.sng/ctr/countval_reg[7]/CLK
End-point    : TOP/genblk2.stoch2bin/ctr/countval_reg[19]/D
