============================================================
  Generated by:           Encounter(R) RTL Compiler v14.10-s022_1
  Generated on:           Jul 25 2021  01:17:31 pm
  Module:                 ms_es_naive_by2_mul_synth
  Technology library:     gscl45nm 
  Operating conditions:   typical (balanced_tree)
  Wireload mode:          enclosed
  Area mode:              timing library
============================================================

                                  Leakage    Dynamic     Total   
         Instance          Cells Power(nW)  Power(nW)  Power(nW) 
-----------------------------------------------------------------
ms_es_naive_by2_mul_synth    389 10743.505 623441.404 634184.910 
  TOP                        389 10743.505 601190.790 611934.295 
    genblk2.stoch2bin        133  4943.652 264422.729 269366.381 
      ctr                    121  4518.950 243017.242 247536.192 
        add_55_25             24   949.404  17944.667  18894.071 
      par_ctr                  9   394.666  12462.197  12856.863 
        p0                     3   134.340   5291.456   5425.796 
          ha0                  1    47.565    959.945   1007.510 
          ha1                  1    47.565   1660.329   1707.894 
          fa0                  1    39.210   2671.182   2710.392 
        p1                     3   134.340   5011.863   5146.203 
          ha0                  1    47.565    941.747    989.312 
          ha1                  1    47.565   1449.328   1496.893 
          fa0                  1    39.210   2620.788   2659.999 
    genblk1[2].genblk1.sng    84  1896.841 101043.943 102940.784 
      ctr                     46  1546.562  80935.805  82482.367 
    genblk1[1].genblk1.sng    83  1877.088 112859.965 114737.053 
      ctr                     45  1526.809  93896.464  95423.273 
    genblk1[0].genblk1.sng    75  1831.782 109723.860 111555.642 
      ctr                     37  1481.503  91006.691  92488.194 

