============================================================
  Generated by:           Encounter(R) RTL Compiler v14.10-s022_1
  Generated on:           Jul 25 2021  02:18:04 pm
  Module:                 ms_es_ordered_bs_by4_mul_synth
  Technology library:     gscl45nm 
  Operating conditions:   typical (balanced_tree)
  Wireload mode:          enclosed
  Area mode:              timing library
============================================================

             Instance               Cells  Cell Area  Net Area  Total Area  Wireload     
-----------------------------------------------------------------------------------------
ms_es_ordered_bs_by4_mul_synth        974       3218         0        3218    <none> (D) 
  TOP                                 974       3218         0        3218    <none> (D) 
    genblk2.stoch2bin                 202       1224         0        1224    <none> (D) 
      par_ctr                         104        729         0         729    <none> (D) 
        p1                             49        340         0         340    <none> (D) 
          p1                           22        150         0         150    <none> (D) 
            p1                          9         59         0          59    <none> (D) 
              p1                        3         18         0          18    <none> (D) 
                fa0                     1          9         0           9    <none> (D) 
                ha1                     1          5         0           5    <none> (D) 
                ha0                     1          5         0           5    <none> (D) 
              p0                        3         18         0          18    <none> (D) 
                fa0                     1          9         0           9    <none> (D) 
                ha1                     1          5         0           5    <none> (D) 
                ha0                     1          5         0           5    <none> (D) 
            p0                          9         59         0          59    <none> (D) 
              p1                        3         18         0          18    <none> (D) 
                fa0                     1          9         0           9    <none> (D) 
                ha1                     1          5         0           5    <none> (D) 
                ha0                     1          5         0           5    <none> (D) 
              p0                        3         18         0          18    <none> (D) 
                fa0                     1          9         0           9    <none> (D) 
                ha1                     1          5         0           5    <none> (D) 
                ha0                     1          5         0           5    <none> (D) 
          p0                           22        150         0         150    <none> (D) 
            p1                          9         59         0          59    <none> (D) 
              p1                        3         18         0          18    <none> (D) 
                fa0                     1          9         0           9    <none> (D) 
                ha1                     1          5         0           5    <none> (D) 
                ha0                     1          5         0           5    <none> (D) 
              p0                        3         18         0          18    <none> (D) 
                fa0                     1          9         0           9    <none> (D) 
                ha1                     1          5         0           5    <none> (D) 
                ha0                     1          5         0           5    <none> (D) 
            p0                          9         59         0          59    <none> (D) 
              p1                        3         18         0          18    <none> (D) 
                fa0                     1          9         0           9    <none> (D) 
                ha1                     1          5         0           5    <none> (D) 
                ha0                     1          5         0           5    <none> (D) 
              p0                        3         18         0          18    <none> (D) 
                fa0                     1          9         0           9    <none> (D) 
                ha1                     1          5         0           5    <none> (D) 
                ha0                     1          5         0           5    <none> (D) 
        p0                             49        340         0         340    <none> (D) 
          p1                           22        150         0         150    <none> (D) 
            p1                          9         59         0          59    <none> (D) 
              p1                        3         18         0          18    <none> (D) 
                fa0                     1          9         0           9    <none> (D) 
                ha1                     1          5         0           5    <none> (D) 
                ha0                     1          5         0           5    <none> (D) 
              p0                        3         18         0          18    <none> (D) 
                fa0                     1          9         0           9    <none> (D) 
                ha1                     1          5         0           5    <none> (D) 
                ha0                     1          5         0           5    <none> (D) 
            p0                          9         59         0          59    <none> (D) 
              p1                        3         18         0          18    <none> (D) 
                fa0                     1          9         0           9    <none> (D) 
                ha1                     1          5         0           5    <none> (D) 
                ha0                     1          5         0           5    <none> (D) 
              p0                        3         18         0          18    <none> (D) 
                fa0                     1          9         0           9    <none> (D) 
                ha1                     1          5         0           5    <none> (D) 
                ha0                     1          5         0           5    <none> (D) 
          p0                           22        150         0         150    <none> (D) 
            p1                          9         59         0          59    <none> (D) 
              p1                        3         18         0          18    <none> (D) 
                fa0                     1          9         0           9    <none> (D) 
                ha1                     1          5         0           5    <none> (D) 
                ha0                     1          5         0           5    <none> (D) 
              p0                        3         18         0          18    <none> (D) 
                fa0                     1          9         0           9    <none> (D) 
                ha1                     1          5         0           5    <none> (D) 
                ha0                     1          5         0           5    <none> (D) 
            p0                          9         59         0          59    <none> (D) 
              p1                        3         18         0          18    <none> (D) 
                fa0                     1          9         0           9    <none> (D) 
                ha1                     1          5         0           5    <none> (D) 
                ha0                     1          5         0           5    <none> (D) 
              p0                        3         18         0          18    <none> (D) 
                fa0                     1          9         0           9    <none> (D) 
                ha1                     1          5         0           5    <none> (D) 
                ha0                     1          5         0           5    <none> (D) 
      ctr                              91        479         0         479    <none> (D) 
        add_55_25                      18        156         0         156    <none> (D) 
    genblk1[1].genblk3.genblk1.sng    254        649         0         649    <none> (D) 
      genblk2[2].max_comparator        66        153         0         153    <none> (D) 
      genblk2[1].max_comparator        60        140         0         140    <none> (D) 
      genblk2[0].max_comparator        57        138         0         138    <none> (D) 
      genblk2[3].max_comparator        48        114         0         114    <none> (D) 
      ctr                              23        104         0         104    <none> (D) 
    genblk1[2].genblk2.sng            225        579         0         579    <none> (D) 
      genblk2[2].min_comparator        60        138         0         138    <none> (D) 
      genblk2[1].min_comparator        55        126         0         126    <none> (D) 
      genblk2[0].min_comparator        45        115         0         115    <none> (D) 
      ctr                              24        106         0         106    <none> (D) 
      genblk2[3].min_comparator        41         94         0          94    <none> (D) 
    genblk1[0].genblk1.sng            210        570         0         570    <none> (D) 
      genblk2[0].max_comparator        48        137         0         137    <none> (D) 
      genblk2[1].max_comparator        49        115         0         115    <none> (D) 
      genblk2[2].max_comparator        48        115         0         115    <none> (D) 
      ctr                              22        102         0         102    <none> (D) 
      genblk2[3].max_comparator        43        101         0         101    <none> (D) 

 (D) = wireload is default in technology library
