============================================================
  Generated by:           Encounter(R) RTL Compiler v14.10-s022_1
  Generated on:           Jul 25 2021  01:48:44 pm
  Module:                 ms_es_naive_by4_mul_synth
  Technology library:     gscl45nm 
  Operating conditions:   typical (balanced_tree)
  Wireload mode:          enclosed
  Area mode:              timing library
============================================================

                                  Leakage    Dynamic     Total   
         Instance          Cells Power(nW)  Power(nW)  Power(nW) 
-----------------------------------------------------------------
ms_es_naive_by4_mul_synth    309  8577.902 479528.209 488106.111 
  TOP                        309  8577.902 463056.782 471634.683 
    genblk2.stoch2bin        118  4403.788 220069.607 224473.395 
      ctr                     91  3391.737 187761.588 191153.325 
        add_55_25             18   714.142  14886.186  15600.328 
      par_ctr                 22   954.528  25527.307  26481.836 
        p0                     9   394.666  11855.506  12250.172 
          p0                   3   134.340   5006.942   5141.282 
            ha0                1    47.565    936.493    984.058 
            ha1                1    47.565   1560.766   1608.331 
            fa0                1    39.210   2509.683   2548.893 
          p1                   3   134.340   4835.651   4969.991 
            ha0                1    47.565    938.084    985.649 
            ha1                1    47.565   1387.882   1435.447 
            fa0                1    39.210   2509.684   2548.894 
        p1                     9   394.666  11631.533  12026.199 
          p0                   3   134.340   5006.943   5141.283 
            ha0                1    47.565    936.492    984.057 
            ha1                1    47.565   1560.766   1608.331 
            fa0                1    39.210   2509.684   2548.894 
          p1                   3   134.340   4787.678   4922.018 
            ha0                1    47.565    928.977    976.542 
            ha1                1    47.565   1374.236   1421.801 
            fa0                1    39.210   2484.465   2523.675 
    genblk1[1].genblk1.sng    87  1966.256 108063.318 110029.574 
      ctr                     38  1501.257  81869.951  83371.208 
    genblk1[0].genblk1.sng    85  1925.065 115380.722 117305.787 
      ctr                     37  1481.503  91762.600  93244.103 

