============================================================
  Generated by:           Encounter(R) RTL Compiler v14.10-s022_1
  Generated on:           Jul 25 2021  01:36:31 pm
  Module:                 ms_es_ordered_bs_by2_mul_synth
  Technology library:     gscl45nm 
  Operating conditions:   typical (balanced_tree)
  Wireload mode:          enclosed
  Area mode:              timing library
============================================================

                                       Leakage    Dynamic      Total    
            Instance            Cells Power(nW)  Power(nW)   Power(nW)  
------------------------------------------------------------------------
ms_es_orde..by2_mul_synth        2038 33048.188 1748348.260 1781396.448 
  TOP                            2038 33048.188 1643168.027 1676216.215 
    genblk2.stoch2bin             500 11755.625  455020.758  466776.383 
      ctr                         473 10743.574  423446.423  434189.997 
        add_55_25                 312  4795.491   62177.414   66972.905 
      par_ctr                      22   954.528   20383.654   21338.183 
        p0                          9   394.666    9622.923   10017.589 
          p0                        3   134.340    4119.712    4254.053 
            ha0                     1    47.565     755.259     802.824 
            ha1                     1    47.565    1270.890    1318.455 
            fa0                     1    39.210    2093.564    2132.774 
          p1                        3   134.340    3981.505    4115.845 
            ha0                     1    47.565     755.259     802.824 
            ha1                     1    47.565    1132.682    1180.247 
            fa0                     1    39.210    2093.564    2132.774 
        p1                          9   394.666    9484.714    9879.380 
          p0                        3   134.340    4119.712    4254.053 
            ha0                     1    47.565     755.259     802.824 
            ha1                     1    47.565    1270.890    1318.455 
            fa0                     1    39.210    2093.564    2132.774 
          p1                        3   134.340    3981.505    4115.845 
            ha0                     1    47.565     755.259     802.824 
            ha1                     1    47.565    1132.682    1180.247 
            fa0                     1    39.210    2093.564    2132.774 
    genblk1[1]..4.genblk1.sng     397  5397.955  300551.461  305949.417 
      ctr                          48  1891.489  116639.780  118531.269 
      genblk2[0].max_comparator   179  1859.790   96546.642   98406.433 
      genblk2[1].max_comparator   170  1646.676   87365.039   89011.715 
    genblk1[2]..4.genblk2.sng     393  5329.063  297067.635  302396.698 
      genblk2[0].max_comparator   183  1899.029   97423.652   99322.681 
      ctr                          48  1891.489  117871.548  119763.037 
      genblk2[1].max_comparator   162  1538.546   81772.435   83310.980 
    genblk1[0].genblk1.sng        371  5142.989  284433.899  289576.888 
      ctr                          47  1873.950  117784.619  119658.569 
      genblk2[0].max_comparator   159  1680.708   87855.889   89536.597 
      genblk2[1].max_comparator   165  1588.332   78793.391   80381.723 
    genblk1[3].genblk2.sng        351  5041.143  281992.202  287033.345 
      ctr                          49  1911.243  105327.852  107239.095 
      genblk2[0].min_comparator   163  1759.958   93014.934   94774.892 
      genblk2[1].min_comparator   139  1369.943   83649.415   85019.358 

