============================================================
  Generated by:           Encounter(R) RTL Compiler v14.10-s022_1
  Generated on:           Jul 25 2021  01:32:51 pm
  Module:                 ms_es_ordered_bs_by2_mul_synth
  Technology library:     gscl45nm 
  Operating conditions:   typical (balanced_tree)
  Wireload mode:          enclosed
  Area mode:              timing library
============================================================

             Instance               Cells  Cell Area  Net Area  Total Area  Wireload     
-----------------------------------------------------------------------------------------
ms_es_ordered_bs_by2_mul_synth        576       1841         0        1841    <none> (D) 
  TOP                                 576       1841         0        1841    <none> (D) 
    genblk2.stoch2bin                 103        545         0         545    <none> (D) 
      ctr                              91        479         0         479    <none> (D) 
        add_55_25                      18        156         0         156    <none> (D) 
      par_ctr                           9         59         0          59    <none> (D) 
        p1                              3         18         0          18    <none> (D) 
          fa0                           1          9         0           9    <none> (D) 
          ha1                           1          5         0           5    <none> (D) 
          ha0                           1          5         0           5    <none> (D) 
        p0                              3         18         0          18    <none> (D) 
          fa0                           1          9         0           9    <none> (D) 
          ha1                           1          5         0           5    <none> (D) 
          ha0                           1          5         0           5    <none> (D) 
    genblk1[1].genblk3.genblk1.sng    157        436         0         436    <none> (D) 
      genblk2[0].max_comparator        69        168         0         168    <none> (D) 
      genblk2[1].max_comparator        61        144         0         144    <none> (D) 
      ctr                              27        124         0         124    <none> (D) 
    genblk1[2].genblk2.sng            150        418         0         418    <none> (D) 
      genblk2[0].min_comparator        67        165         0         165    <none> (D) 
      ctr                              28        127         0         127    <none> (D) 
      genblk2[1].min_comparator        55        126         0         126    <none> (D) 
    genblk1[0].genblk1.sng            152        410         0         410    <none> (D) 
      genblk2[0].max_comparator        71        162         0         162    <none> (D) 
      ctr                              27        124         0         124    <none> (D) 
      genblk2[1].max_comparator        54        124         0         124    <none> (D) 

 (D) = wireload is default in technology library
