============================================================
  Generated by:           Encounter(R) RTL Compiler v14.10-s022_1
  Generated on:           Jul 25 2021  01:34:57 pm
  Module:                 ms_es_ordered_bs_by2_mul_synth
  Technology library:     gscl45nm 
  Operating conditions:   typical (balanced_tree)
  Wireload mode:          enclosed
  Area mode:              timing library
============================================================

                                       Leakage    Dynamic      Total    
            Instance            Cells Power(nW)  Power(nW)   Power(nW)  
------------------------------------------------------------------------
ms_es_orde..by2_mul_synth         943 17193.224 1038652.661 1055845.885 
  TOP                             943 17193.224  980221.270  997414.493 
    genblk2.stoch2bin             148  5531.001  277781.397  283312.399 
      ctr                         121  4518.950  241942.073  246461.024 
        add_55_25                  24   949.404   17300.167   18249.572 
      par_ctr                      22   954.528   27769.509   28724.037 
        p0                          9   394.666   12552.233   12946.900 
          p0                        3   134.340    5019.741    5154.081 
            ha0                     1    47.565     858.809     906.374 
            ha1                     1    47.565    1801.556    1849.121 
            fa0                     1    39.210    2359.376    2398.587 
          p1                        3   134.340    4822.504    4956.845 
            ha0                     1    47.565     859.870     907.435 
            ha1                     1    47.565    1603.258    1650.823 
            fa0                     1    39.210    2359.376    2398.587 
        p1                          9   394.666   12461.218   12855.884 
          p0                        3   134.340    5069.375    5203.716 
            ha0                     1    47.565     867.908     915.472 
            ha1                     1    47.565    1816.869    1864.434 
            fa0                     1    39.210    2384.599    2423.809 
          p1                        3   134.340    4870.474    5004.814 
            ha0                     1    47.565     868.969     916.534 
            ha1                     1    47.565    1616.906    1664.471 
            fa0                     1    39.210    2384.599    2423.809 
    genblk1[2]..4.genblk2.sng     205  3113.889  178262.363  181376.252 
      genblk2[0].max_comparator    95  1100.028   57741.848   58841.876 
      ctr                          27  1089.056   73512.013   74601.069 
      genblk2[1].max_comparator    83   924.805   47008.502   47933.307 
    genblk1[1]..4.genblk1.sng     197  2940.426  178497.272  181437.698 
      ctr                          27  1089.056   74705.057   75794.113 
      genblk2[0].max_comparator    88  1021.771   58076.307   59098.077 
      genblk2[1].max_comparator    82   829.599   45715.908   46545.508 
    genblk1[3].genblk2.sng        180  2648.108  158900.892  161548.999 
      ctr                          28  1108.810   64574.664   65683.474 
      genblk2[0].min_comparator    85   899.076   55518.148   56417.225 
      genblk2[1].min_comparator    67   640.222   38808.080   39448.301 
    genblk1[0].genblk1.sng        187  2578.387  159873.071  162451.458 
      ctr                          27  1089.056   76185.770   77274.827 
      genblk2[0].max_comparator    89   810.816   45136.884   45947.699 
      genblk2[1].max_comparator    71   678.515   38550.417   39228.932 

