============================================================
  Generated by:           Encounter(R) RTL Compiler v14.10-s022_1
  Generated on:           Jul 25 2021  01:15:35 pm
  Module:                 ms_es_naive_by2_mul_synth
  Technology library:     gscl45nm 
  Operating conditions:   typical (balanced_tree)
  Wireload mode:          enclosed
  Area mode:              timing library
============================================================

          Pin                 Type       Fanout Load Slew Delay Arrival   
                                                (fF) (ps)  (ps)   (ps)    
--------------------------------------------------------------------------
(clock clk_int1)            launch                                    0 R 
TOP
  genblk1[1].genblk1.sng
    ctr
      countval_reg[4]/CLK                               0             0 R 
      countval_reg[4]/Q     DFFSR             1  1.5   10  +109     109 R 
      drc_bufs183/A                                          +0     109   
      drc_bufs183/Y         BUFX2             4 12.6   31   +49     158 R 
    ctr/countval[4] 
    g291/A                                                   +0     158   
    g291/Y                  INVX1             1  2.3   11   +22     179 F 
    g289/A                                                   +0     179   
    g289/Y                  OR2X1             2  4.5   19   +45     224 F 
    g286/B                                                   +0     224   
    g286/Y                  NAND3X1           1  1.5   34   +33     256 R 
    drc_bufs/A                                               +0     256   
    drc_bufs/Y              BUFX2             1  2.3    9   +35     291 R 
    g283/A                                                   +0     291   
    g283/Y                  AND2X1            1  2.0   31   +30     321 R 
    g280/C                                                   +0     321   
    g280/Y                  OAI21X1           1  2.2    5   +19     340 F 
    g277/B                                                   +0     340   
    g277/Y                  OR2X1             4  8.5   31   +61     401 F 
    g275/A                                                   +0     401   
    g275/Y                  OR2X1             3  6.2   24   +50     450 F 
  genblk1[1].genblk1.sng/sn_out[0] 
  g48/B                                                      +0     450   
  g48/Y                     AND2X1            1  8.8   35   +59     509 F 
  genblk2.stoch2bin/data_in[2] 
    par_ctr/a[2] 
      fa0/b 
        g2/B                                                 +0     509   
        g2/YS               FAX1              1  3.4   12   +88     597 F 
      fa0/s 
      ha0/b 
        g17/B                                                +0     597   
        g17/YS              HAX1              2  5.6   24   +62     659 F 
      ha0/s 
    par_ctr/y[0] 
    ctr/data_in[0] 
      g665/B                                                 +0     659   
      g665/YC               HAX1              1  8.8   35   +62     721 F 
      g662/B                                                 +0     721   
      g662/YC               FAX1              1  7.1   29   +89     809 F 
      g658/C                                                 +0     809   
      g658/YC               FAX1              1  7.1   29   +82     891 F 
      g654/C                                                 +0     891   
      g654/YC               FAX1              1  7.1   26   +82     973 F 
      g650/C                                                 +0     973   
      g650/YC               FAX1              1  7.1   27   +81    1054 F 
      g646/C                                                 +0    1054   
      g646/YC               FAX1              1  7.1   27   +81    1135 F 
      g642/C                                                 +0    1135   
      g642/YC               FAX1              1  7.1   27   +81    1216 F 
      g638/C                                                 +0    1216   
      g638/YC               FAX1              1  7.1   27   +81    1297 F 
      g634/C                                                 +0    1297   
      g634/YC               FAX1              1 10.9   37   +89    1386 F 
      g2/A                                                   +0    1386   
      g2/YS                 FAX1              1  2.8   21   +84    1470 R 
      g628/A                                                 +0    1470   
      g628/Y                MUX2X1            1  1.5   19   +23    1493 F 
      g627/A                                                 +0    1493   
      g627/Y                INVX1             1  2.0    0    +3    1496 R 
      countval_reg[9]/D     DFFSR                            +0    1496   
      countval_reg[9]/CLK   setup                       0   +70    1566 R 
- - - - - - - - - - - - - - - - - - - - - - - - - - - - - - - - - - - - - 
(clock clk)                 capture                                5000 R 
                            uncertainty                     -50    4950 R 
--------------------------------------------------------------------------
Cost Group   : 'clk' (path_group 'clk')
Timing slack :    3384ps 
Start-point  : TOP/genblk1[1].genblk1.sng/ctr/countval_reg[4]/CLK
End-point    : TOP/genblk2.stoch2bin/ctr/countval_reg[9]/D
