============================================================
  Generated by:           Encounter(R) RTL Compiler v14.10-s022_1
  Generated on:           Jul 25 2021  01:31:04 pm
  Module:                 ms_es_ordered_bs_by2_mul_synth
  Technology library:     gscl45nm 
  Operating conditions:   typical (balanced_tree)
  Wireload mode:          enclosed
  Area mode:              timing library
============================================================

            Instance             Cells  Cell Area  Net Area  Total Area  Wireload     
--------------------------------------------------------------------------------------
ms_es_ordered_bs_by2_mul_synth     237        803         0         803    <none> (D) 
  TOP                              237        803         0         803    <none> (D) 
    genblk2.stoch2bin               56        288         0         288    <none> (D) 
      ctr                           51        265         0         265    <none> (D) 
      par_ctr                        3         18         0          18    <none> (D) 
        fa0                          1          9         0           9    <none> (D) 
        ha1                          1          5         0           5    <none> (D) 
        ha0                          1          5         0           5    <none> (D) 
    genblk1[1].genblk2.sng          95        266         0         266    <none> (D) 
      ctr                           23        104         0         104    <none> (D) 
      genblk2[0].min_comparator     37         85         0          85    <none> (D) 
      genblk2[1].min_comparator     35         77         0          77    <none> (D) 
    genblk1[0].genblk1.sng          80        236         0         236    <none> (D) 
      ctr                           22        102         0         102    <none> (D) 
      genblk2[0].max_comparator     31         73         0          73    <none> (D) 
      genblk2[1].max_comparator     27         61         0          61    <none> (D) 

 (D) = wireload is default in technology library
