============================================================
  Generated by:           Encounter(R) RTL Compiler v14.10-s022_1
  Generated on:           Jul 25 2021  02:17:47 pm
  Module:                 ms_es_ordered_bs_by4_mul_synth
  Technology library:     gscl45nm 
  Operating conditions:   typical (balanced_tree)
  Wireload mode:          enclosed
  Area mode:              timing library
============================================================

                                       Leakage    Dynamic     Total   
            Instance            Cells Power(nW)  Power(nW)  Power(nW) 
----------------------------------------------------------------------
ms_es_orde..by4_mul_synth         818 15414.812 940662.048 956076.861 
  TOP                             818 15414.812 897233.825 912648.637 
    genblk2.stoch2bin             187  7374.744 372645.596 380020.340 
      par_ctr                     104  4470.543 201263.541 205734.085 
        p0                         49  2113.463  96078.388  98191.851 
          p0                       22   954.528  44702.434  45656.962 
            p0                      9   394.666  19145.182  19539.848 
              p0                    3   134.340   6837.496   6971.836 
                ha0                 1    47.565   1533.211   1580.776 
                ha1                 1    47.565   2465.570   2513.135 
                fa0                 1    39.210   2838.715   2877.925 
              p1                    3   134.340   6499.113   6633.453 
                ha0                 1    47.565   1555.907   1603.472 
                ha1                 1    47.565   2104.502   2152.067 
                fa0                 1    39.210   2838.704   2877.915 
            p1                      9   394.666  19189.732  19584.398 
              p0                    3   134.340   6977.044   7111.384 
                ha0                 1    47.565   1551.707   1599.272 
                ha1                 1    47.565   2511.508   2559.073 
                fa0                 1    39.210   2913.829   2953.039 
              p1                    3   134.340   6690.167   6824.507 
                ha0                 1    47.565   1582.985   1630.549 
                ha1                 1    47.565   2168.676   2216.240 
                fa0                 1    39.210   2938.507   2977.718 
          p1                       22   954.528  44424.738  45379.266 
            p0                      9   394.666  19193.490  19588.156 
              p0                    3   134.340   6846.000   6980.340 
                ha0                 1    47.565   1541.717   1589.282 
                ha1                 1    47.565   2465.570   2513.135 
                fa0                 1    39.210   2838.714   2877.924 
              p1                    3   134.340   6508.144   6642.484 
                ha0                 1    47.565   1564.942   1612.507 
                ha1                 1    47.565   2104.501   2152.066 
                fa0                 1    39.210   2838.701   2877.911 
            p1                      9   394.666  19236.517  19631.183 
              p0                    3   134.340   6985.542   7119.883 
                ha0                 1    47.565   1560.211   1607.776 
                ha1                 1    47.565   2511.507   2559.072 
                fa0                 1    39.210   2913.824   2953.035 
              p1                    3   134.340   6699.196   6833.536 
                ha0                 1    47.565   1592.018   1639.583 
                ha1                 1    47.565   2168.675   2216.240 
                fa0                 1    39.210   2938.503   2977.713 
        p1                         49  2113.463  97838.766  99952.230 
          p0                       22   954.528  45445.999  46400.527 
            p0                      9   394.666  19460.600  19855.266 
              p0                    3   134.340   6940.293   7074.633 
                ha0                 1    47.565   1568.383   1615.948 
                ha1                 1    47.565   2495.631   2543.196 
                fa0                 1    39.210   2876.279   2915.490 
              p1                    3   134.340   6598.122   6732.462 
                ha0                 1    47.565   1592.140   1639.704 
                ha1                 1    47.565   2129.715   2177.280 
                fa0                 1    39.210   2876.267   2915.477 
            p1                      9   394.666  19498.789  19893.455 
              p0                    3   134.340   7079.836   7214.177 
                ha0                 1    47.565   1586.877   1634.441 
                ha1                 1    47.565   2541.570   2589.134 
                fa0                 1    39.210   2951.390   2990.601 
              p1                    3   134.340   6789.173   6923.514 
                ha0                 1    47.565   1619.215   1666.780 
                ha1                 1    47.565   2193.889   2241.454 
                fa0                 1    39.210   2976.069   3015.280 
          p1                       22   954.528  45755.936  46710.464 
            p0                      9   394.666  19775.606  20170.273 
              p0                    3   134.340   7050.155   7184.496 
                ha0                 1    47.565   1594.942   1642.507 
                ha1                 1    47.565   2541.000   2588.565 
                fa0                 1    39.210   2914.213   2953.424 
              p1                    3   134.340   6702.002   6836.342 
                ha0                 1    47.565   1619.229   1666.794 
                ha1                 1    47.565   2168.572   2216.137 
                fa0                 1    39.210   2914.200   2953.411 
            p1                      9   394.666  19807.302  20201.968 
              p0                    3   134.340   7189.700   7324.040 
                ha0                 1    47.565   1613.436   1661.001 
                ha1                 1    47.565   2586.940   2634.505 
                fa0                 1    39.210   2989.324   3028.534 
              p1                    3   134.340   6893.053   7027.393 
                ha0                 1    47.565   1646.306   1693.871 
                ha1                 1    47.565   2232.748   2280.313 
                fa0                 1    39.210   3013.999   3053.209 
      ctr                          76  2828.130 164199.713 167027.843 
        add_55_25                  15   596.510  15045.829  15642.340 
    genblk1[1]..3.genblk1.sng     193  2267.235 146241.686 148508.921 
      ctr                          17   696.609  54136.140  54832.749 
      genblk2[2].max_comparator    46   408.724  24763.460  25172.184 
      genblk2[3].max_comparator    43   401.444  23766.458  24167.902 
      genblk2[0].max_comparator    46   381.162  21664.067  22045.229 
      genblk2[1].max_comparator    41   379.295  21911.562  22290.857 
    genblk1[0].genblk1.sng        177  2246.548 138178.185 140424.733 
      ctr                          17   696.609  56297.236  56993.845 
      genblk2[2].max_comparator    45   470.716  23339.460  23810.176 
      genblk2[1].max_comparator    45   461.226  21804.260  22265.486 
      genblk2[0].max_comparator    38   339.480  21194.492  21533.972 
      genblk2[3].max_comparator    32   278.517  15542.737  15821.254 
    genblk1[2].genblk2.sng        178  2244.715 133443.361 135688.075 
      ctr                          18   716.363  43836.569  44552.932 
      genblk2[1].min_comparator    41   430.770  23704.949  24135.719 
      genblk2[0].min_comparator    46   416.090  25431.860  25847.950 
      genblk2[2].min_comparator    40   357.489  22858.246  23215.736 
      genblk2[3].min_comparator    33   324.003  17611.736  17935.739 

