============================================================
  Generated by:           Encounter(R) RTL Compiler v14.10-s022_1
  Generated on:           Jul 25 2021  02:24:03 pm
  Module:                 ms_es_ordered_bs_by4_mul_synth
  Technology library:     gscl45nm 
  Operating conditions:   typical (balanced_tree)
  Wireload mode:          enclosed
  Area mode:              timing library
============================================================

           Pin                 Type       Fanout Load Slew Delay Arrival   
                                                 (fF) (ps)  (ps)   (ps)    
---------------------------------------------------------------------------
(clock clk_int2)             launch                                    0 R 
TOP
  genblk1[2].genblk4.genblk2.sng
    ctr
      countval_reg[7]/CLK                                0             0 R 
      countval_reg[7]/Q      DFFSR             1  1.5   10  +115     115 F 
      drc_bufs489/A                                           +0     115   
      drc_bufs489/Y          BUFX2            12 27.3   37   +59     174 F 
    ctr/countval[7] 
    genblk2[3].max_comparator/counter_in[7] 
      g1834/A                                                 +0     174   
      g1834/Y                INVX1             9 25.2   97   +85     258 R 
      g1818/B                                                 +0     258   
      g1818/Y                OR2X1             4  8.0   47   +71     330 R 
      g1782/B                                                 +0     330   
      g1782/Y                NAND2X1           1  1.5   17   +22     352 F 
      drc_bufs1869/A                                          +0     352   
      drc_bufs1869/Y         BUFX2             1  2.2    3   +34     386 F 
      g1767/A                                                 +0     386   
      g1767/Y                NAND3X1           1  1.5   34   +32     418 R 
      drc_bufs1880/A                                          +0     418   
      drc_bufs1880/Y         BUFX2             1  2.3    9   +35     453 R 
      g1746/B                                                 +0     453   
      g1746/Y                AND2X1            1  2.8   36   +44     497 R 
      g1739/A                                                 +0     497   
      g1739/Y                AOI22X1           1  1.5   34   +37     534 F 
      drc_bufs1855/A                                          +0     534   
      drc_bufs1855/Y         BUFX2             1  2.6    7   +38     572 F 
      g1735/B                                                 +0     572   
      g1735/Y                OAI21X1           1  2.0   42   +38     610 R 
      g1731/C                                                 +0     610   
      g1731/Y                OAI21X1           2  4.8   12   +26     637 F 
      g1725/A                                                 +0     637   
      g1725/Y                AOI21X1           1  1.5   23   +34     671 R 
      drc_bufs1893/A                                          +0     671   
      drc_bufs1893/Y         BUFX2             1  1.6    6   +33     703 R 
      g1724/A                                                 +0     703   
      g1724/Y                INVX1             1  1.9   11   +14     717 F 
      g1723/A                                                 +0     717   
      g1723/Y                AND2X1            1  2.3   17   +32     750 F 
      g1722/A                                                 +0     750   
      g1722/Y                OR2X1             1  1.9   12   +40     790 F 
      g1721/C                                                 +0     790   
      g1721/Y                OAI21X1          12 27.6  161   +99     888 R 
    genblk2[3].max_comparator/sn_out 
  genblk1[2].genblk4.genblk2.sng/sn_out[3] 
  g2865/A                                                     +0     888   
  g2865/Y                    AND2X1           16 36.8  191  +137    1025 R 
  g2775/B                                                     +0    1025   
  g2775/Y                    AND2X1            1 12.7   64   +62    1087 R 
  genblk2.stoch2bin/data_in[255] 
    par_ctr/a[255] 
      p0/a[127] 
        p0/a[63] 
          p0/a[31] 
            p0/a[15] 
              p0/a[7] 
                p0/a[3] 
                  fa0/cin 
                    g2/A                                      +0    1087   
                    g2/YS    FAX1              1  3.4   12   +92    1179 F 
                  fa0/s 
                  ha0/b 
                    g17/B                                     +0    1179   
                    g17/YC   HAX1              1  3.4   20   +48    1227 F 
                  ha0/cout 
                  ha1/a 
                    g17/B                                     +0    1227   
                    g17/YS   HAX1              1 10.9   38   +73    1300 F 
                  ha1/s 
                p0/y[1] 
                g167/A                                        +0    1300   
                g167/YC      FAX1              1  7.1   29   +91    1392 F 
                g166/C                                        +0    1392   
                g166/YS      FAX1              1 12.7   67  +103    1494 R 
              p0/y[2] 
              g236/A                                          +0    1494   
              g236/YS        FAX1              1 12.7   67  +117    1612 R 
            p0/y[2] 
            g287/A                                            +0    1612   
            g287/YS          FAX1              1 12.7   67  +117    1729 R 
          p0/y[2] 
          g360/A                                              +0    1729   
          g360/YS            FAX1              1 12.7   67  +117    1846 R 
        p0/y[2] 
        g647/A                                                +0    1846   
        g647/YS              FAX1              1 12.7   67  +117    1964 R 
      p0/y[2] 
      g733/A                                                  +0    1964   
      g733/YS                FAX1              3  8.4   47  +104    2068 R 
    par_ctr/y[2] 
    ctr/data_in[2] 
      add_55_25/B[2] 
        g19756/B                                              +0    2068   
        g19756/YC            HAX1              1  2.4   21   +44    2112 R 
        g19707/C                                              +0    2112   
        g19707/Y             AOI21X1           1  1.5   14   +13    2126 F 
        drc_bufs19867/A                                       +0    2126   
        drc_bufs19867/Y      BUFX2             1  1.9    2   +33    2159 F 
        g19704/A                                              +0    2159   
        g19704/Y             AND2X1            3  6.7   30   +40    2199 F 
        g19701/A                                              +0    2199   
        g19701/Y             INVX1             2  5.5    0   +19    2218 R 
        g19698/B                                              +0    2218   
        g19698/Y             AOI21X1           1  1.5   16   +21    2238 F 
        drc_bufs19872/A                                       +0    2238   
        drc_bufs19872/Y      BUFX2             1  1.9    2   +34    2272 F 
        g19697/C                                              +0    2272   
        g19697/Y             OAI21X1           3  7.1   65   +31    2303 R 
        g19691/B                                              +0    2303   
        g19691/Y             AOI21X1           1  1.5   14   +36    2339 F 
        drc_bufs19873/A                                       +0    2339   
        drc_bufs19873/Y      BUFX2             1  1.9    2   +33    2373 F 
        g19690/C                                              +0    2373   
        g19690/Y             OAI21X1           3  7.1   65   +31    2404 R 
        g19684/B                                              +0    2404   
        g19684/Y             AOI21X1           1  1.5   14   +36    2440 F 
        drc_bufs19874/A                                       +0    2440   
        drc_bufs19874/Y      BUFX2             1  1.9    2   +33    2473 F 
        g19683/C                                              +0    2473   
        g19683/Y             OAI21X1           3  7.1   65   +31    2504 R 
        g19677/B                                              +0    2504   
        g19677/Y             AOI21X1           1  1.5   14   +36    2541 F 
        drc_bufs19875/A                                       +0    2541   
        drc_bufs19875/Y      BUFX2             1  1.9    2   +33    2574 F 
        g19676/C                                              +0    2574   
        g19676/Y             OAI21X1           3  7.1   65   +31    2605 R 
        g19673/B                                              +0    2605   
        g19673/Y             AOI21X1           1  1.5   14   +36    2641 F 
        drc_bufs19876/A                                       +0    2641   
        drc_bufs19876/Y      BUFX2             1  1.9    2   +33    2674 F 
        g19672/C                                              +0    2674   
        g19672/Y             OAI21X1           3  7.1   65   +31    2706 R 
        g19669/B                                              +0    2706   
        g19669/Y             AOI21X1           1  1.5   14   +36    2742 F 
        drc_bufs19877/A                                       +0    2742   
        drc_bufs19877/Y      BUFX2             1  1.9    2   +33    2775 F 
        g19668/C                                              +0    2775   
        g19668/Y             OAI21X1           3  7.1   65   +31    2806 R 
        g19665/B                                              +0    2806   
        g19665/Y             AOI21X1           1  1.5   14   +36    2842 F 
        drc_bufs19879/A                                       +0    2842   
        drc_bufs19879/Y      BUFX2             1  1.9    2   +33    2876 F 
        g19664/C                                              +0    2876   
        g19664/Y             OAI21X1           3  7.1   46   +31    2907 R 
        g19661/B                                              +0    2907   
        g19661/Y             AOI21X1           1  1.5   15   +32    2938 F 
        drc_bufs19888/A                                       +0    2938   
        drc_bufs19888/Y      BUFX2             1  1.9    2   +33    2972 F 
        g19660/C                                              +0    2972   
        g19660/Y             OAI21X1           3  7.1   46   +31    3003 R 
        g19657/B                                              +0    3003   
        g19657/Y             AOI21X1           1  1.5   15   +32    3035 F 
        drc_bufs19894/A                                       +0    3035   
        drc_bufs19894/Y      BUFX2             1  1.9    2   +33    3068 F 
        g19656/C                                              +0    3068   
        g19656/Y             OAI21X1           3  7.1   46   +31    3099 R 
        g19653/B                                              +0    3099   
        g19653/Y             AOI21X1           1  1.5   15   +32    3131 F 
        drc_bufs19883/A                                       +0    3131   
        drc_bufs19883/Y      BUFX2             1  1.9    2   +33    3164 F 
        g19652/C                                              +0    3164   
        g19652/Y             OAI21X1           3 10.1   61   +40    3205 R 
        g19651/B                                              +0    3205   
        g19651/Y             NAND2X1           1  1.5   16   +25    3230 F 
        drc_bufs19866/A                                       +0    3230   
        drc_bufs19866/Y      BUFX2             1  1.8    2   +34    3264 F 
        g19648/B                                              +0    3264   
        g19648/Y             AND2X1            3  8.7   36   +56    3319 F 
        g19647/A                                              +0    3319   
        g19647/Y             INVX1             1  2.0    0    +9    3329 R 
        g19646/C                                              +0    3329   
        g19646/Y             OAI21X1           1  1.9    1   +10    3339 F 
        g19642/A                                              +0    3339   
        g19642/Y             AND2X1            1  2.6   18   +31    3370 F 
        g19640/B                                              +0    3370   
        g19640/Y             OAI21X1           1  8.2   71   +61    3431 R 
        g19638/C                                              +0    3431   
        g19638/YC            FAX1              3  7.1   41   +72    3503 R 
        g19637/A                                              +0    3503   
        g19637/Y             INVX1             3  8.4   28   +37    3540 F 
        g19631/C                                              +0    3540   
        g19631/Y             NOR3X1            1  3.3   56   +31    3571 R 
        g19623/C                                              +0    3571   
        g19623/Y             NOR3X1            3  9.2   46   +46    3617 F 
        g19618/A                                              +0    3617   
        g19618/Y             OR2X1             1  1.5    5   +41    3658 F 
        g19617/A                                              +0    3658   
        g19617/Y             INVX1             2  5.4    0    +9    3668 R 
        g19610/B                                              +0    3668   
        g19610/Y             NOR3X1            3  6.7   39   +31    3699 F 
        g19609/A                                              +0    3699   
        g19609/Y             INVX1             2  5.5    0   +22    3720 R 
        g19595/B                                              +0    3720   
        g19595/Y             AOI21X1           1  1.5   16   +21    3741 F 
        drc_bufs19878/A                                       +0    3741   
        drc_bufs19878/Y      BUFX2             1  1.9    2   +34    3775 F 
        g19591/C                                              +0    3775   
        g19591/Y             OAI21X1           3  7.1   46   +31    3806 R 
        g19572/B                                              +0    3806   
        g19572/Y             AOI21X1           1  1.5   15   +32    3838 F 
        drc_bufs19892/A                                       +0    3838   
        drc_bufs19892/Y      BUFX2             1  1.9    2   +33    3871 F 
        g19570/C                                              +0    3871   
        g19570/Y             OAI21X1           4  9.4   57   +38    3909 R 
        g19558/B                                              +0    3909   
        g19558/Y             AOI21X1           1  1.5   14   +34    3944 F 
        drc_bufs19891/A                                       +0    3944   
        drc_bufs19891/Y      BUFX2             1  1.9    2   +33    3977 F 
        g19557/C                                              +0    3977   
        g19557/Y             OAI21X1           3  7.1   46   +31    4008 R 
        g19538/B                                              +0    4008   
        g19538/Y             AOI21X1           1  1.5   15   +32    4040 F 
        drc_bufs19880/A                                       +0    4040   
        drc_bufs19880/Y      BUFX2             1  1.9    2   +33    4074 F 
        g19535/C                                              +0    4074   
        g19535/Y             OAI21X1           3  7.1   46   +31    4105 R 
        g19525/B                                              +0    4105   
        g19525/Y             AOI21X1           1  1.5   15   +32    4136 F 
        drc_bufs19889/A                                       +0    4136   
        drc_bufs19889/Y      BUFX2             1  1.9    2   +33    4170 F 
        g19523/C                                              +0    4170   
        g19523/Y             OAI21X1           1  5.4   38   +26    4196 R 
        g19522/A                                              +0    4196   
        g19522/Y             XOR2X1            1  2.8   46   +38    4234 R 
      add_55_25/Z[27] 
      g125/A                                                  +0    4234   
      g125/Y                 MUX2X1            1  1.5   54   +28    4262 F 
      g124/A                                                  +0    4262   
      g124/Y                 INVX1             1  2.0    0   +16    4278 R 
      countval_reg[27]/D     DFFSR                            +0    4278   
      countval_reg[27]/CLK   setup                       0   +70    4348 R 
- - - - - - - - - - - - - - - - - - - - - - - - - - - - - - - - - - - - - -
(clock clk)                  capture                                5000 R 
                             uncertainty                     -50    4950 R 
---------------------------------------------------------------------------
Cost Group   : 'clk' (path_group 'clk')
Timing slack :     602ps 
Start-point  : TOP/genblk1[2].genblk4.genblk2.sng/ctr/countval_reg[7]/CLK
End-point    : TOP/genblk2.stoch2bin/ctr/countval_reg[27]/D
