============================================================
  Generated by:           Encounter(R) RTL Compiler v14.10-s022_1
  Generated on:           Jul 25 2021  01:53:13 pm
  Module:                 ms_es_naive_by4_mul_synth
  Technology library:     gscl45nm 
  Operating conditions:   typical (balanced_tree)
  Wireload mode:          enclosed
  Area mode:              timing library
============================================================

           Pin                 Type       Fanout Load Slew Delay Arrival   
                                                 (fF) (ps)  (ps)   (ps)    
---------------------------------------------------------------------------
(clock clk_int2)             launch                                    0 R 
TOP
  genblk1[2].genblk1.sng
    ctr
      countval_reg[3]/CLK                                0             0 R 
      countval_reg[3]/Q      DFFSR             1  1.5   10  +115     115 F 
      drc_bufs417/A                                           +0     115   
      drc_bufs417/Y          BUFX2             4 10.8   14   +42     156 F 
    ctr/countval[3] 
    g941/B                                                    +0     156   
    g941/Y                   NAND2X1           1  1.5   31   +11     168 R 
    drc_bufs968/A                                             +0     168   
    drc_bufs968/Y            BUFX2             2  4.3   14   +38     206 R 
    g925/B                                                    +0     206   
    g925/Y                   NAND2X1           1  1.5   21   +15     220 F 
    drc_bufs967/A                                             +0     220   
    drc_bufs967/Y            BUFX2             2  3.8    6   +37     257 F 
    g920/A                                                    +0     257   
    g920/Y                   OR2X1             1  1.8   11   +39     296 F 
    g3/B                                                      +0     296   
    g3/Y                     AND2X1            1  2.6   18   +44     340 F 
    g2/A                                                      +0     340   
    g2/Y                     OAI21X1           1  2.7   44   +45     386 R 
    g914/A                                                    +0     386   
    g914/Y                   OAI21X1           1  1.9    6   +23     409 F 
    g911/C                                                    +0     409   
    g911/Y                   OAI21X1           1  2.3   42   +17     426 R 
    g909/A                                                    +0     426   
    g909/Y                   AND2X1           14 32.4  177  +124     550 R 
    g907/B                                                    +0     550   
    g907/Y                   OR2X1            13 30.1  150  +144     694 R 
    g906/A                                                    +0     694   
    g906/Y                   OR2X1            12 27.6  132  +119     813 R 
  genblk1[2].genblk1.sng/sn_out[0] 
  g2887/A                                                     +0     813   
  g2887/Y                    AND2X1           16 36.8  189  +137     950 R 
  g2671/A                                                     +0     950   
  g2671/Y                    AND2X1            1 12.7   74   +62    1012 R 
  genblk2.stoch2bin/data_in[243] 
    par_ctr/a[243] 
      p0/a[115] 
        p0/a[51] 
          p0/a[19] 
            p0/a[3] 
              p1/a[3] 
                p1/a[3] 
                  fa0/cin 
                    g2/A                                      +0    1012   
                    g2/YS    FAX1              1  3.4   12   +93    1105 F 
                  fa0/s 
                  ha0/b 
                    g17/B                                     +0    1105   
                    g17/YS   HAX1              1  4.0   19   +59    1164 F 
                  ha0/s 
                p1/y[0] 
                g168/A                                        +0    1164   
                g168/YC      HAX1              1 10.9   41   +69    1232 F 
                g167/A                                        +0    1232   
                g167/YC      FAX1              1  7.1   29   +92    1324 F 
                g166/C                                        +0    1324   
                g166/YS      FAX1              1 10.3   56   +95    1419 R 
              p1/y[2] 
              g236/B                                          +0    1419   
              g236/YS        FAX1              1 12.7   67  +110    1529 R 
            p0/y[2] 
            g287/A                                            +0    1529   
            g287/YS          FAX1              1 12.7   67  +117    1647 R 
          p0/y[2] 
          g360/A                                              +0    1647   
          g360/YS            FAX1              1 12.7   67  +117    1764 R 
        p0/y[2] 
        g647/A                                                +0    1764   
        g647/YS              FAX1              1 12.7   67  +117    1881 R 
      p0/y[2] 
      g712/A                                                  +0    1881   
      g712/YS                FAX1              3  8.4   47  +104    1986 R 
    par_ctr/y[2] 
    ctr/data_in[2] 
      add_55_25/B[2] 
        g13549/B                                              +0    1986   
        g13549/YC            HAX1              1  2.4   21   +44    2030 R 
        g13497/C                                              +0    2030   
        g13497/Y             AOI21X1           1  1.5   14   +13    2043 F 
        drc_bufs13630/A                                       +0    2043   
        drc_bufs13630/Y      BUFX2             1  1.9    2   +33    2076 F 
        g13496/A                                              +0    2076   
        g13496/Y             AND2X1            3  6.7   30   +40    2116 F 
        g13495/A                                              +0    2116   
        g13495/Y             INVX1             2  5.5    0   +19    2135 R 
        g13491/B                                              +0    2135   
        g13491/Y             AOI21X1           1  1.5   16   +21    2156 F 
        drc_bufs13633/A                                       +0    2156   
        drc_bufs13633/Y      BUFX2             1  1.9    2   +34    2190 F 
        g13490/C                                              +0    2190   
        g13490/Y             OAI21X1           3 10.4   81   +42    2231 R 
        g13489/B                                              +0    2231   
        g13489/Y             NAND2X1           1  1.5   14   +30    2260 F 
        drc_bufs13629/A                                       +0    2260   
        drc_bufs13629/Y      BUFX2             1  1.8    2   +33    2294 F 
        g13486/B                                              +0    2294   
        g13486/Y             AND2X1            3  6.7   30   +52    2345 F 
        g13485/A                                              +0    2345   
        g13485/Y             INVX1             2  5.5    0   +19    2364 R 
        g13481/B                                              +0    2364   
        g13481/Y             AOI21X1           1  1.5   16   +21    2385 F 
        drc_bufs13636/A                                       +0    2385   
        drc_bufs13636/Y      BUFX2             1  1.9    2   +34    2418 F 
        g13480/C                                              +0    2418   
        g13480/Y             OAI21X1           3  7.1   65   +31    2449 R 
        g13474/B                                              +0    2449   
        g13474/Y             AOI21X1           1  1.5   14   +36    2486 F 
        drc_bufs13637/A                                       +0    2486   
        drc_bufs13637/Y      BUFX2             1  1.9    2   +33    2519 F 
        g13473/C                                              +0    2519   
        g13473/Y             OAI21X1           3  7.1   65   +31    2550 R 
        g13467/B                                              +0    2550   
        g13467/Y             AOI21X1           1  1.5   14   +36    2586 F 
        drc_bufs13638/A                                       +0    2586   
        drc_bufs13638/Y      BUFX2             1  1.9    2   +33    2620 F 
        g13466/C                                              +0    2620   
        g13466/Y             OAI21X1           3  7.1   65   +31    2651 R 
        g13460/B                                              +0    2651   
        g13460/Y             AOI21X1           1  1.5   14   +36    2687 F 
        drc_bufs13639/A                                       +0    2687   
        drc_bufs13639/Y      BUFX2             1  1.9    2   +33    2720 F 
        g13459/C                                              +0    2720   
        g13459/Y             OAI21X1           3  7.1   65   +31    2751 R 
        g13453/B                                              +0    2751   
        g13453/Y             AOI21X1           1  1.5   14   +36    2788 F 
        drc_bufs13649/A                                       +0    2788   
        drc_bufs13649/Y      BUFX2             1  1.9    2   +33    2821 F 
        g13452/C                                              +0    2821   
        g13452/Y             OAI21X1           3  7.1   46   +31    2852 R 
        g13446/B                                              +0    2852   
        g13446/Y             AOI21X1           1  1.5   15   +32    2884 F 
        drc_bufs13641/A                                       +0    2884   
        drc_bufs13641/Y      BUFX2             1  1.9    2   +33    2917 F 
        g13445/C                                              +0    2917   
        g13445/Y             OAI21X1           3  7.1   46   +31    2948 R 
        g13439/B                                              +0    2948   
        g13439/Y             AOI21X1           1  1.5   15   +32    2980 F 
        drc_bufs13645/A                                       +0    2980   
        drc_bufs13645/Y      BUFX2             1  1.9    2   +33    3013 F 
        g13438/C                                              +0    3013   
        g13438/Y             OAI21X1           3  7.1   46   +31    3044 R 
        g13432/B                                              +0    3044   
        g13432/Y             AOI21X1           1  1.5   15   +32    3076 F 
        drc_bufs13654/A                                       +0    3076   
        drc_bufs13654/Y      BUFX2             1  1.9    2   +33    3110 F 
        g13431/C                                              +0    3110   
        g13431/Y             OAI21X1           3  7.1   46   +31    3141 R 
        g13425/B                                              +0    3141   
        g13425/Y             AOI21X1           1  1.5   15   +32    3172 F 
        drc_bufs13643/A                                       +0    3172   
        drc_bufs13643/Y      BUFX2             1  1.9    2   +33    3206 F 
        g13424/C                                              +0    3206   
        g13424/Y             OAI21X1           3  7.1   46   +31    3237 R 
        g13418/B                                              +0    3237   
        g13418/Y             AOI21X1           1  1.5   15   +32    3269 F 
        drc_bufs13655/A                                       +0    3269   
        drc_bufs13655/Y      BUFX2             1  1.9    2   +33    3302 F 
        g13417/C                                              +0    3302   
        g13417/Y             OAI21X1           3  7.1   46   +31    3333 R 
        g13411/B                                              +0    3333   
        g13411/Y             AOI21X1           1  1.5   15   +32    3365 F 
        drc_bufs13634/A                                       +0    3365   
        drc_bufs13634/Y      BUFX2             1  1.9    2   +33    3398 F 
        g13410/C                                              +0    3398   
        g13410/Y             OAI21X1           3  7.1   46   +31    3430 R 
        g13404/B                                              +0    3430   
        g13404/Y             AOI21X1           1  1.5   15   +32    3461 F 
        drc_bufs13635/A                                       +0    3461   
        drc_bufs13635/Y      BUFX2             1  1.9    2   +33    3495 F 
        g13403/C                                              +0    3495   
        g13403/Y             OAI21X1           3  7.1   46   +31    3526 R 
        g13397/B                                              +0    3526   
        g13397/Y             AOI21X1           1  1.5   15   +32    3558 F 
        drc_bufs13648/A                                       +0    3558   
        drc_bufs13648/Y      BUFX2             1  1.9    2   +33    3591 F 
        g13396/C                                              +0    3591   
        g13396/Y             OAI21X1           3  7.1   46   +31    3622 R 
        g13390/B                                              +0    3622   
        g13390/Y             AOI21X1           1  1.5   15   +32    3654 F 
        drc_bufs13640/A                                       +0    3654   
        drc_bufs13640/Y      BUFX2             1  1.9    2   +33    3687 F 
        g13389/C                                              +0    3687   
        g13389/Y             OAI21X1           3  7.1   46   +31    3718 R 
        g13383/B                                              +0    3718   
        g13383/Y             AOI21X1           1  1.5   15   +32    3750 F 
        drc_bufs13650/A                                       +0    3750   
        drc_bufs13650/Y      BUFX2             1  1.9    2   +33    3784 F 
        g13382/C                                              +0    3784   
        g13382/Y             OAI21X1           3 10.0   60   +40    3824 R 
        g13379/A                                              +0    3824   
        g13379/Y             AND2X1            2  5.6   45   +40    3864 R 
        g13376/A                                              +0    3864   
        g13376/Y             AND2X1            1  3.1   34   +33    3897 R 
        g13369/B                                              +0    3897   
        g13369/Y             NOR3X1            3  6.7   39   +41    3938 F 
        g13368/A                                              +0    3938   
        g13368/Y             INVX1             3  7.5    7   +28    3966 R 
        g13365/C                                              +0    3966   
        g13365/Y             OAI21X1           1  1.9    2   +12    3978 F 
        g13352/A                                              +0    3978   
        g13352/Y             AND2X1            2  5.8   27   +38    4016 F 
        g13351/C                                              +0    4016   
        g13351/Y             NOR3X1            1  2.5   53   +28    4045 R 
        g13342/A                                              +0    4045   
        g13342/Y             OR2X1             4  9.4   53   +61    4106 R 
        g13341/A                                              +0    4106   
        g13341/Y             INVX1             3  8.4   27   +40    4146 F 
        g13332/C                                              +0    4146   
        g13332/Y             NOR3X1            1  2.5   52   +28    4175 R 
        g13322/A                                              +0    4175   
        g13322/Y             OR2X1             1  5.0   32   +48    4222 R 
        g13312/A                                              +0    4222   
        g13312/Y             XNOR2X1           1  2.8   41   +39    4262 R 
      add_55_25/Z[35] 
      g140/A                                                  +0    4262   
      g140/Y                 MUX2X1            1  1.5   46   +27    4289 F 
      g139/A                                                  +0    4289   
      g139/Y                 INVX1             1  2.0    0   +13    4302 R 
      countval_reg[35]/D     DFFSR                            +0    4302   
      countval_reg[35]/CLK   setup                       0   +70    4372 R 
- - - - - - - - - - - - - - - - - - - - - - - - - - - - - - - - - - - - - -
(clock clk)                  capture                                5000 R 
                             uncertainty                     -50    4950 R 
---------------------------------------------------------------------------
Cost Group   : 'clk' (path_group 'clk')
Timing slack :     578ps 
Start-point  : TOP/genblk1[2].genblk1.sng/ctr/countval_reg[3]/CLK
End-point    : TOP/genblk2.stoch2bin/ctr/countval_reg[35]/D
