============================================================
  Generated by:           Encounter(R) RTL Compiler v14.10-s022_1
  Generated on:           Jul 25 2021  02:03:50 pm
  Module:                 ms_es_ordered_cas_by4_mul_synth
  Technology library:     gscl45nm 
  Operating conditions:   typical (balanced_tree)
  Wireload mode:          enclosed
  Area mode:              timing library
============================================================

           Pin                 Type       Fanout Load Slew Delay Arrival   
                                                 (fF) (ps)  (ps)   (ps)    
---------------------------------------------------------------------------
(clock clk_int2)             launch                                    0 R 
TOP
  genblk1[2].genblk1.sng
    ctr
      countval_reg[4]/CLK                                0             0 R 
      countval_reg[4]/Q      DFFSR             1  1.5   10  +115     115 F 
      drc_bufs313/A                                           +0     115   
      drc_bufs313/Y          BUFX2             4 10.0   13   +41     156 F 
    ctr/countval[4] 
    g674/A                                                    +0     156   
    g674/Y                   AND2X1            2  3.8   11   +36     191 F 
    g661/A                                                    +0     191   
    g661/Y                   OR2X1             1  2.3   13   +40     232 F 
    g660/A                                                    +0     232   
    g660/Y                   OR2X1             2  4.9   20   +46     277 F 
    g655/A                                                    +0     277   
    g655/Y                   OR2X1             1  2.8   15   +42     319 F 
    g654/C                                                    +0     319   
    g654/Y                   NAND3X1           1  1.5   34   +29     348 R 
    drc_bufs697/A                                             +0     348   
    drc_bufs697/Y            BUFX2             1  1.6    8   +34     382 R 
    g653/A                                                    +0     382   
    g653/Y                   INVX1             1  1.9   11   +15     396 F 
    g650/C                                                    +0     396   
    g650/Y                   OAI21X1           1  2.8   26   +21     417 R 
    g646/A                                                    +0     417   
    g646/Y                   AOI22X1           1  1.5   34   +35     452 F 
    drc_bufs694/A                                             +0     452   
    drc_bufs694/Y            BUFX2             1  2.3    7   +38     489 F 
    g645/A                                                    +0     489   
    g645/Y                   OR2X1             1  1.9   12   +39     528 F 
    g644/A                                                    +0     528   
    g644/Y                   AND2X1            2  3.4   21   +35     563 F 
    g643/A                                                    +0     563   
    g643/Y                   INVX1            18 41.7  179  +133     696 R 
    g640/A                                                    +0     696   
    g640/Y                   OR2X1            18 42.3  200  +165     861 R 
    g639/A                                                    +0     861   
    g639/Y                   OR2X1            17 40.1  189  +158    1019 R 
  genblk1[2].genblk1.sng/sn_out[0] 
  g642/A                                                      +0    1019   
  g642/Y                     AND2X1            1  4.6   38   +36    1055 R 
  genblk2.stoch2bin/data_in[56] 
    par_ctr/a[56] 
      p0/a[24] 
        p0/a[8] 
          p0/a[0] 
            p1/a[0] 
              ha0/a 
                g17/A                                         +0    1055   
                g17/YS       HAX1              1  4.0   19   +66    1121 F 
              ha0/s 
            p1/y[0] 
            g168/A                                            +0    1121   
            g168/YC          HAX1              1  8.8   35   +65    1186 F 
            g167/B                                            +0    1186   
            g167/YC          FAX1              1  7.1   29   +89    1274 F 
            g166/C                                            +0    1274   
            g166/YS          FAX1              1 12.7   67  +103    1377 R 
          p0/y[2] 
          g236/A                                              +0    1377   
          g236/YS            FAX1              1 12.7   67  +117    1494 R 
        p0/y[2] 
        g287/A                                                +0    1494   
        g287/YS              FAX1              1 12.7   67  +117    1612 R 
      p0/y[2] 
      g360/A                                                  +0    1612   
      g360/YS                FAX1              2 11.1   34  +108    1720 F 
    par_ctr/y[2] 
    ctr/data_in[2] 
      add_55_25/B[2] 
        g575/B                                                +0    1720   
        g575/YC              FAX1              1  7.1   29   +88    1808 F 
        g574/C                                                +0    1808   
        g574/YC              FAX1              1  7.1   29   +82    1890 F 
        g573/C                                                +0    1890   
        g573/YC              FAX1              1  7.1   29   +82    1971 F 
        g572/C                                                +0    1971   
        g572/YC              FAX1              1  7.1   29   +82    2053 F 
        g571/C                                                +0    2053   
        g571/YC              FAX1              1  7.1   29   +82    2134 F 
        g570/C                                                +0    2134   
        g570/YC              FAX1              1  7.1   26   +82    2216 F 
        g569/C                                                +0    2216   
        g569/YC              FAX1              1  7.1   27   +81    2297 F 
        g568/C                                                +0    2297   
        g568/YC              FAX1              1  7.1   27   +81    2378 F 
        g567/C                                                +0    2378   
        g567/YC              FAX1              1  7.1   27   +81    2460 F 
        g566/C                                                +0    2460   
        g566/YC              FAX1              1  7.1   27   +81    2541 F 
        g565/C                                                +0    2541   
        g565/YC              FAX1              1  7.1   27   +81    2622 F 
        g564/C                                                +0    2622   
        g564/YC              FAX1              1  7.1   27   +81    2703 F 
        g563/C                                                +0    2703   
        g563/YC              FAX1              1  7.1   27   +81    2784 F 
        g562/C                                                +0    2784   
        g562/YC              FAX1              1  7.1   27   +81    2866 F 
        g561/C                                                +0    2866   
        g561/YC              FAX1              1  7.1   27   +81    2947 F 
        g560/C                                                +0    2947   
        g560/YC              FAX1              1  7.1   27   +81    3028 F 
        g559/C                                                +0    3028   
        g559/YC              FAX1              1  7.1   27   +81    3109 F 
        g558/C                                                +0    3109   
        g558/YC              FAX1              1  7.1   27   +81    3190 F 
        g557/C                                                +0    3190   
        g557/YC              FAX1              1  7.1   27   +81    3272 F 
        g556/C                                                +0    3272   
        g556/YC              FAX1              1  7.1   27   +81    3353 F 
        g555/C                                                +0    3353   
        g555/YC              FAX1              1 10.9   37   +89    3442 F 
        g2/A                                                  +0    3442   
        g2/YS                FAX1              1  2.8   21   +84    3526 R 
      add_55_25/Z[23] 
      g103/A                                                  +0    3526   
      g103/Y                 MUX2X1            1  1.5   20   +23    3548 F 
      g102/A                                                  +0    3548   
      g102/Y                 INVX1             1  2.0    0    +4    3552 R 
      countval_reg[23]/D     DFFSR                            +0    3552   
      countval_reg[23]/CLK   setup                       0   +70    3623 R 
- - - - - - - - - - - - - - - - - - - - - - - - - - - - - - - - - - - - - -
(clock clk)                  capture                                5000 R 
                             uncertainty                     -50    4950 R 
---------------------------------------------------------------------------
Cost Group   : 'clk' (path_group 'clk')
Timing slack :    1327ps 
Start-point  : TOP/genblk1[2].genblk1.sng/ctr/countval_reg[4]/CLK
End-point    : TOP/genblk2.stoch2bin/ctr/countval_reg[23]/D
