============================================================
  Generated by:           Encounter(R) RTL Compiler v14.10-s022_1
  Generated on:           Jul 25 2021  01:39:32 pm
  Module:                 ms_es_ordered_bs_by2_mul_synth
  Technology library:     gscl45nm 
  Operating conditions:   typical (balanced_tree)
  Wireload mode:          enclosed
  Area mode:              timing library
============================================================

             Instance               Cells  Cell Area  Net Area  Total Area  Wireload     
-----------------------------------------------------------------------------------------
ms_es_ordered_bs_by2_mul_synth       2772       7836         0        7836    <none> (D) 
  TOP                                2772       7836         0        7836    <none> (D) 
    genblk2.stoch2bin                 630       2241         0        2241    <none> (D) 
      ctr                             575       1888         0        1888    <none> (D) 
        add_55_25                     390       1066         0        1066    <none> (D) 
      par_ctr                          49        340         0         340    <none> (D) 
        p1                             22        150         0         150    <none> (D) 
          p1                            9         59         0          59    <none> (D) 
            p1                          3         18         0          18    <none> (D) 
              fa0                       1          9         0           9    <none> (D) 
              ha1                       1          5         0           5    <none> (D) 
              ha0                       1          5         0           5    <none> (D) 
            p0                          3         18         0          18    <none> (D) 
              fa0                       1          9         0           9    <none> (D) 
              ha1                       1          5         0           5    <none> (D) 
              ha0                       1          5         0           5    <none> (D) 
          p0                            9         59         0          59    <none> (D) 
            p1                          3         18         0          18    <none> (D) 
              fa0                       1          9         0           9    <none> (D) 
              ha1                       1          5         0           5    <none> (D) 
              ha0                       1          5         0           5    <none> (D) 
            p0                          3         18         0          18    <none> (D) 
              fa0                       1          9         0           9    <none> (D) 
              ha1                       1          5         0           5    <none> (D) 
              ha0                       1          5         0           5    <none> (D) 
        p0                             22        150         0         150    <none> (D) 
          p1                            9         59         0          59    <none> (D) 
            p1                          3         18         0          18    <none> (D) 
              fa0                       1          9         0           9    <none> (D) 
              ha1                       1          5         0           5    <none> (D) 
              ha0                       1          5         0           5    <none> (D) 
            p0                          3         18         0          18    <none> (D) 
              fa0                       1          9         0           9    <none> (D) 
              ha1                       1          5         0           5    <none> (D) 
              ha0                       1          5         0           5    <none> (D) 
          p0                            9         59         0          59    <none> (D) 
            p1                          3         18         0          18    <none> (D) 
              fa0                       1          9         0           9    <none> (D) 
              ha1                       1          5         0           5    <none> (D) 
              ha0                       1          5         0           5    <none> (D) 
            p0                          3         18         0          18    <none> (D) 
              fa0                       1          9         0           9    <none> (D) 
              ha1                       1          5         0           5    <none> (D) 
              ha0                       1          5         0           5    <none> (D) 
    genblk1[2].genblk5.genblk2.sng    437       1130         0        1130    <none> (D) 
      genblk2[0].max_comparator       197        477         0         477    <none> (D) 
      genblk2[1].max_comparator       195        456         0         456    <none> (D) 
      ctr                              45        197         0         197    <none> (D) 
    genblk1[1].genblk5.genblk1.sng    422       1107         0        1107    <none> (D) 
      genblk2[0].max_comparator       191        479         0         479    <none> (D) 
      genblk2[1].max_comparator       184        427         0         427    <none> (D) 
      ctr                              47        201         0         201    <none> (D) 
    genblk1[3].genblk5.genblk3.sng    419       1100         0        1100    <none> (D) 
      genblk2[0].max_comparator       199        489         0         489    <none> (D) 
      genblk2[1].max_comparator       175        413         0         413    <none> (D) 
      ctr                              45        197         0         197    <none> (D) 
    genblk1[4].genblk2.sng            398       1061         0        1061    <none> (D) 
      genblk2[0].min_comparator       169        435         0         435    <none> (D) 
      genblk2[1].min_comparator       183        427         0         427    <none> (D) 
      ctr                              46        199         0         199    <none> (D) 
    genblk1[0].genblk1.sng            404       1055         0        1055    <none> (D) 
      genblk2[0].max_comparator       190        457         0         457    <none> (D) 
      genblk2[1].max_comparator       172        406         0         406    <none> (D) 
      ctr                              42        192         0         192    <none> (D) 

 (D) = wireload is default in technology library
