============================================================
  Generated by:           Encounter(R) RTL Compiler v14.10-s022_1
  Generated on:           Jul 25 2021  01:33:05 pm
  Module:                 ms_es_ordered_bs_by2_mul_synth
  Technology library:     gscl45nm 
  Operating conditions:   typical (balanced_tree)
  Wireload mode:          enclosed
  Area mode:              timing library
============================================================

           Pin                 Type       Fanout Load Slew Delay Arrival   
                                                 (fF) (ps)  (ps)   (ps)    
---------------------------------------------------------------------------
(clock clk_int1)             launch                                    0 R 
TOP
  genblk1[1].genblk3.genblk1.sng
    ctr
      countval_reg[2]/CLK                                0             0 R 
      countval_reg[2]/Q      DFFSR             1  1.5   10  +115     115 F 
      drc_bufs286/A                                           +0     115   
      drc_bufs286/Y          BUFX2             5 11.5   15   +42     157 F 
    ctr/countval[2] 
    genblk2[0].max_comparator/counter_in[2] 
      g1066/A                                                 +0     157   
      g1066/Y                INVX1             9 26.7  102   +82     239 R 
      g1040/A                                                 +0     239   
      g1040/Y                AOI22X1           1  1.5   34   +50     289 F 
      drc_bufs1089/A                                          +0     289   
      drc_bufs1089/Y         BUFX2             1  1.5    6   +37     326 F 
      g1039/A                                                 +0     326   
      g1039/Y                INVX1             1  2.4    0    -0     326 R 
      g1020/B                                                 +0     326   
      g1020/Y                OR2X1             2  5.5   35   +59     385 R 
      g1014/B                                                 +0     385   
      g1014/Y                NAND3X1           1  1.5   15   +18     403 F 
      drc_bufs1074/A                                          +0     403   
      drc_bufs1074/Y         BUFX2             1  2.6    3   +34     437 F 
      g1011/A                                                 +0     437   
      g1011/Y                AOI21X1           1  1.5   23   +32     468 R 
      drc_bufs1078/A                                          +0     468   
      drc_bufs1078/Y         BUFX2             1  2.4    8   +34     502 R 
      g1010/C                                                 +0     502   
      g1010/Y                AOI21X1           1  1.5   15    +9     512 F 
      drc_bufs1069/A                                          +0     512   
      drc_bufs1069/Y         BUFX2             1  2.6    3   +34     546 F 
      g1009/B                                                 +0     546   
      g1009/Y                OAI21X1           1  2.0   42   +37     584 R 
      g1008/C                                                 +0     584   
      g1008/Y                OAI21X1           2  4.5   11   +26     609 F 
      g1007/B                                                 +0     609   
      g1007/Y                NAND2X1           1  1.5   32   +10     620 R 
      drc_bufs/A                                              +0     620   
      drc_bufs/Y             BUFX2             1  3.0   11   +36     655 R 
      g1006/C                                                 +0     655   
      g1006/Y                NAND3X1           1  1.5   15    +9     664 F 
      drc_bufs1088/A                                          +0     664   
      drc_bufs1088/Y         BUFX2             1  1.9    2   +34     698 F 
      g1005/C                                                 +0     698   
      g1005/Y                OAI21X1           4  9.2   75   +38     736 R 
    genblk2[0].max_comparator/sn_out 
  genblk1[1].genblk3.genblk1.sng/sn_out[0] 
  g146/B                                                      +0     736   
  g146/Y                     AND2X1            1  8.2   55   +56     792 R 
  genblk2.stoch2bin/data_in[5] 
    par_ctr/a[5] 
      p0/a[1] 
        fa0/a 
          g2/C                                                +0     792   
          g2/YS              FAX1              1  3.4   12   +84     876 F 
        fa0/s 
        ha0/b 
          g17/B                                               +0     876   
          g17/YC             HAX1              1  3.4   20   +48     925 F 
        ha0/cout 
        ha1/a 
          g17/B                                               +0     925   
          g17/YS             HAX1              1 12.7   65   +82    1006 R 
        ha1/s 
      p0/y[1] 
      g167/A                                                  +0    1006   
      g167/YS                FAX1              2 10.2   31  +106    1112 F 
    par_ctr/y[1] 
    ctr/data_in[1] 
      add_55_25/B[1] 
        g501/C                                                +0    1112   
        g501/YC              FAX1              1  7.1   29   +82    1194 F 
        g500/C                                                +0    1194   
        g500/YC              FAX1              1  7.1   29   +82    1275 F 
        g499/C                                                +0    1275   
        g499/YC              FAX1              1  7.1   29   +82    1357 F 
        g498/C                                                +0    1357   
        g498/YC              FAX1              1  7.1   26   +82    1438 F 
        g497/C                                                +0    1438   
        g497/YC              FAX1              1  7.1   27   +81    1520 F 
        g496/C                                                +0    1520   
        g496/YC              FAX1              1  7.1   27   +81    1601 F 
        g495/C                                                +0    1601   
        g495/YC              FAX1              1  7.1   27   +81    1682 F 
        g494/C                                                +0    1682   
        g494/YC              FAX1              1  7.1   27   +81    1763 F 
        g493/C                                                +0    1763   
        g493/YC              FAX1              1  7.1   27   +81    1844 F 
        g492/C                                                +0    1844   
        g492/YC              FAX1              1  7.1   27   +81    1926 F 
        g491/C                                                +0    1926   
        g491/YC              FAX1              1  7.1   27   +81    2007 F 
        g490/C                                                +0    2007   
        g490/YC              FAX1              1  7.1   27   +81    2088 F 
        g489/C                                                +0    2088   
        g489/YC              FAX1              1  7.1   27   +81    2169 F 
        g488/C                                                +0    2169   
        g488/YC              FAX1              1  7.1   27   +81    2250 F 
        g487/C                                                +0    2250   
        g487/YC              FAX1              1  7.1   27   +81    2332 F 
        g486/C                                                +0    2332   
        g486/YC              FAX1              1  7.1   27   +81    2413 F 
        g485/C                                                +0    2413   
        g485/YC              FAX1              1  7.1   27   +81    2494 F 
        g484/C                                                +0    2494   
        g484/YC              FAX1              1  7.1   27   +81    2575 F 
        g483/C                                                +0    2575   
        g483/YC              FAX1              1 10.9   37   +89    2664 F 
        g2/A                                                  +0    2664   
        g2/YS                FAX1              1  2.8   21   +84    2748 R 
      add_55_25/Z[20] 
      g82/A                                                   +0    2748   
      g82/Y                  MUX2X1            1  1.5   19   +23    2771 F 
      g81/A                                                   +0    2771   
      g81/Y                  INVX1             1  2.0    0    +3    2774 R 
      countval_reg[20]/D     DFFSR                            +0    2774   
      countval_reg[20]/CLK   setup                       0   +70    2844 R 
- - - - - - - - - - - - - - - - - - - - - - - - - - - - - - - - - - - - - -
(clock clk)                  capture                                5000 R 
                             uncertainty                     -50    4950 R 
---------------------------------------------------------------------------
Cost Group   : 'clk' (path_group 'clk')
Timing slack :    2106ps 
Start-point  : TOP/genblk1[1].genblk3.genblk1.sng/ctr/countval_reg[2]/CLK
End-point    : TOP/genblk2.stoch2bin/ctr/countval_reg[20]/D
