============================================================
  Generated by:           Encounter(R) RTL Compiler v14.10-s022_1
  Generated on:           Jul 25 2021  01:21:02 pm
  Module:                 ms_es_naive_by2_mul_synth
  Technology library:     gscl45nm 
  Operating conditions:   typical (balanced_tree)
  Wireload mode:          enclosed
  Area mode:              timing library
============================================================

         Instance           Cells  Cell Area  Net Area  Total Area  Wireload     
---------------------------------------------------------------------------------
ms_es_naive_by2_mul_synth     868       3017         0        3017    <none> (D) 
  TOP                         868       3017         0        3017    <none> (D) 
    genblk2.stoch2bin         478       1763         0        1763    <none> (D) 
      ctr                     423       1409         0        1409    <none> (D) 
        add_55_25             278        766         0         766    <none> (D) 
      par_ctr                  49        340         0         340    <none> (D) 
        p1                     22        150         0         150    <none> (D) 
          p1                    9         59         0          59    <none> (D) 
            p1                  3         18         0          18    <none> (D) 
              fa0               1          9         0           9    <none> (D) 
              ha1               1          5         0           5    <none> (D) 
              ha0               1          5         0           5    <none> (D) 
            p0                  3         18         0          18    <none> (D) 
              fa0               1          9         0           9    <none> (D) 
              ha1               1          5         0           5    <none> (D) 
              ha0               1          5         0           5    <none> (D) 
          p0                    9         59         0          59    <none> (D) 
            p1                  3         18         0          18    <none> (D) 
              fa0               1          9         0           9    <none> (D) 
              ha1               1          5         0           5    <none> (D) 
              ha0               1          5         0           5    <none> (D) 
            p0                  3         18         0          18    <none> (D) 
              fa0               1          9         0           9    <none> (D) 
              ha1               1          5         0           5    <none> (D) 
              ha0               1          5         0           5    <none> (D) 
        p0                     22        150         0         150    <none> (D) 
          p1                    9         59         0          59    <none> (D) 
            p1                  3         18         0          18    <none> (D) 
              fa0               1          9         0           9    <none> (D) 
              ha1               1          5         0           5    <none> (D) 
              ha0               1          5         0           5    <none> (D) 
            p0                  3         18         0          18    <none> (D) 
              fa0               1          9         0           9    <none> (D) 
              ha1               1          5         0           5    <none> (D) 
              ha0               1          5         0           5    <none> (D) 
          p0                    9         59         0          59    <none> (D) 
            p1                  3         18         0          18    <none> (D) 
              fa0               1          9         0           9    <none> (D) 
              ha1               1          5         0           5    <none> (D) 
              ha0               1          5         0           5    <none> (D) 
            p0                  3         18         0          18    <none> (D) 
              fa0               1          9         0           9    <none> (D) 
              ha1               1          5         0           5    <none> (D) 
              ha0               1          5         0           5    <none> (D) 
    genblk1[4].genblk1.sng     68        227         0         227    <none> (D) 
      ctr                      37        157         0         157    <none> (D) 
    genblk1[3].genblk1.sng     67        225         0         225    <none> (D) 
      ctr                      36        155         0         155    <none> (D) 
    genblk1[2].genblk1.sng     67        225         0         225    <none> (D) 
      ctr                      36        155         0         155    <none> (D) 
    genblk1[1].genblk1.sng     67        225         0         225    <none> (D) 
      ctr                      36        155         0         155    <none> (D) 
    genblk1[0].genblk1.sng     63        217         0         217    <none> (D) 
      ctr                      32        147         0         147    <none> (D) 

 (D) = wireload is default in technology library
