============================================================
  Generated by:           Encounter(R) RTL Compiler v14.10-s022_1
  Generated on:           Jul 25 2021  01:52:24 pm
  Module:                 ms_es_naive_by4_mul_synth
  Technology library:     gscl45nm 
  Operating conditions:   typical (balanced_tree)
  Wireload mode:          enclosed
  Area mode:              timing library
============================================================

                                  Leakage    Dynamic      Total    
         Instance          Cells Power(nW)  Power(nW)   Power(nW)  
-------------------------------------------------------------------
ms_es_naive_by4_mul_synth   1146 34547.699 1481177.350 1515725.049 
  TOP                       1146 34547.699 1458470.679 1493018.378 
    genblk2.stoch2bin        588 24152.788  716145.078  740297.865 
      par_ctr                438 18769.865  428688.862  447458.727 
        p0                   215  9223.914  215821.594  225045.507 
          p0                 104  4470.543  106291.838  110762.382 
            p0                49  2113.463   51821.167   53934.630 
              p0              22   954.528   24601.460   25555.988 
                p0             9   394.666   11335.871   11730.537 
                  p0           3   134.340    4708.613    4842.954 
                    ha0        1    47.565     895.985     943.550 
                    ha1        1    47.565    1483.177    1530.742 
                    fa0        1    39.210    2329.452    2368.662 
                  p1           3   134.340    4544.200    4678.541 
                    ha0        1    47.565     899.169     946.734 
                    ha1        1    47.565    1315.580    1363.145 
                    fa0        1    39.210    2329.452    2368.662 
                p1             9   394.666   10958.792   11353.458 
                  p0           3   134.340    4609.471    4743.811 
                    ha0        1    47.565     877.819     925.384 
                    ha1        1    47.565    1452.553    1500.118 
                    fa0        1    39.210    2279.099    2318.309 
                  p1           3   134.340    4460.003    4594.343 
                    ha0        1    47.565     881.003     928.568 
                    ha1        1    47.565    1299.900    1347.465 
                    fa0        1    39.210    2279.100    2318.311 
              p1              22   954.528   24643.624   25598.153 
                p0             9   394.666   11444.160   11838.826 
                  p0           3   134.340    4756.029    4890.370 
                    ha0        1    47.565     904.902     952.467 
                    ha1        1    47.565    1498.518    1546.083 
                    fa0        1    39.210    2352.608    2391.819 
                  p1           3   134.340    4586.734    4721.074 
                    ha0        1    47.565     906.951     954.516 
                    ha1        1    47.565    1329.227    1376.792 
                    fa0        1    39.210    2350.556    2389.767 
                p1             9   394.666   11070.658   11465.324 
                  p0           3   134.340    4652.390    4786.730 
                    ha0        1    47.565     885.235     932.800 
                    ha1        1    47.565    1467.894    1515.459 
                    fa0        1    39.210    2299.261    2338.472 
                  p1           3   134.340    4512.280    4646.620 
                    ha0        1    47.565     889.296     936.861 
                    ha1        1    47.565    1313.576    1361.141 
                    fa0        1    39.210    2309.408    2348.618 
            p1                49  2113.463   51780.572   53894.035 
              p0              22   954.528   24836.940   25791.468 
                p0             9   394.666   11445.207   11839.874 
                  p0           3   134.340    4754.945    4889.286 
                    ha0        1    47.565     905.187     952.752 
                    ha1        1    47.565    1498.489    1546.054 
                    fa0        1    39.210    2351.269    2390.480 
                  p1           3   134.340    4588.866    4723.206 
                    ha0        1    47.565     908.371     955.936 
                    ha1        1    47.565    1329.227    1376.792 
                    fa0        1    39.210    2351.268    2390.478 
                p1             9   394.666   11066.602   11461.269 
                  p0           3   134.340    4655.872    4790.213 
                    ha0        1    47.565     887.019     934.584 
                    ha1        1    47.565    1467.865    1515.430 
                    fa0        1    39.210    2300.989    2340.199 
                  p1           3   134.340    4504.739    4639.079 
                    ha0        1    47.565     890.203     937.768 
                    ha1        1    47.565    1313.546    1361.111 
                    fa0        1    39.210    2300.989    2340.200 
              p1              22   954.528   24568.071   25522.599 
                p0             9   394.666   11409.002   11803.668 
                  p0           3   134.340    4736.840    4871.180 
                    ha0        1    47.565     895.985     943.550 
                    ha1        1    47.565    1498.504    1546.069 
                    fa0        1    39.210    2342.352    2381.562 
                  p1           3   134.340    4570.762    4705.102 
                    ha0        1    47.565     899.170     946.734 
                    ha1        1    47.565    1329.242    1376.807 
                    fa0        1    39.210    2342.350    2381.561 
                p1             9   394.666   11030.260   11424.926 
                  p0           3   134.340    4637.699    4772.039 
                    ha0        1    47.565     877.819     925.384 
                    ha1        1    47.565    1467.880    1515.445 
                    fa0        1    39.210    2291.999    2331.210 
                  p1           3   134.340    4486.565    4620.905 
                    ha0        1    47.565     881.004     928.569 
                    ha1        1    47.565    1313.562    1361.127 
                    fa0        1    39.210    2291.999    2331.210 
          p1                 104  4470.543  106496.839  110967.382 
            p0                49  2113.463   52008.652   54122.115 
              p0              22   954.528   24653.389   25607.917 
                p0             9   394.666   11374.060   11768.726 
                  p0           3   134.340    4743.227    4877.567 
                    ha0        1    47.565     902.199     949.764 
                    ha1        1    47.565    1498.518    1546.083 
                    fa0        1    39.210    2342.509    2381.720 
                  p1           3   134.340    4529.385    4663.725 
                    ha0        1    47.565     896.329     943.894 
                    ha1        1    47.565    1315.610    1363.175 
                    fa0        1    39.210    2317.447    2356.657 
                p1             9   394.666   10934.966   11329.632 
                  p0           3   134.340    4597.553    4731.893 
                    ha0        1    47.565     875.302     922.867 
                    ha1        1    47.565    1452.582    1500.147 
                    fa0        1    39.210    2269.669    2308.879 
                  p1           3   134.340    4448.086    4582.426 
                    ha0        1    47.565     878.486     926.051 
                    ha1        1    47.565    1299.929    1347.494 
                    fa0        1    39.210    2269.670    2308.881 
              p1              22   954.528   24726.643   25681.171 
                p0             9   394.666   11514.972   11909.638 
                  p0           3   134.340    4805.974    4940.315 
                    ha0        1    47.565     914.125     961.690 
                    ha1        1    47.565    1513.801    1561.366 
                    fa0        1    39.210    2378.049    2417.259 
                  p1           3   134.340    4589.209    4723.549 
                    ha0        1    47.565     908.226     955.791 
                    ha1        1    47.565    1329.227    1376.792 
                    fa0        1    39.210    2351.755    2390.966 
                p1             9   394.666   11048.629   11443.295 
                  p0           3   134.340    4646.440    4780.780 
                    ha0        1    47.565     884.360     931.925 
                    ha1        1    47.565    1467.894    1515.459 
                    fa0        1    39.210    2294.186    2333.396 
                  p1           3   134.340    4496.188    4630.528 
                    ha0        1    47.565     887.544     935.109 
                    ha1        1    47.565    1313.576    1361.141 
                    fa0        1    39.210    2295.068    2334.278 
            p1                49  2113.463   51958.637   54072.100 
              p0              22   954.528   24916.639   25871.168 
                p0             9   394.666   11505.088   11899.754 
                  p0           3   134.340    4800.450    4934.790 
                    ha0        1    47.565     912.943     960.508 
                    ha1        1    47.565    1513.831    1561.396 
                    fa0        1    39.210    2373.676    2412.886 
                  p1           3   134.340    4584.851    4719.191 
                    ha0        1    47.565     907.029     954.594 
                    ha1        1    47.565    1329.257    1376.822 
                    fa0        1    39.210    2348.565    2387.775 
                p1             9   394.666   11048.857   11443.523 
                  p0           3   134.340    4646.996    4781.336 
                    ha0        1    47.565     884.360     931.925 
                    ha1        1    47.565    1467.894    1515.459 
                    fa0        1    39.210    2294.741    2333.952 
                  p1           3   134.340    4495.860    4630.200 
                    ha0        1    47.565     887.544     935.109 
                    ha1        1    47.565    1313.576    1361.141 
                    fa0        1    39.210    2294.740    2333.950 
              p1              22   954.528   24617.223   25571.752 
                p0             9   394.666   11447.821   11842.487 
                  p0           3   134.340    4771.760    4906.101 
                    ha0        1    47.565     902.273     949.838 
                    ha1        1    47.565    1513.846    1561.411 
                    fa0        1    39.210    2355.641    2394.852 
                  p1           3   134.340    4556.269    4690.609 
                    ha0        1    47.565     896.432     943.997 
                    ha1        1    47.565    1329.271    1376.836 
                    fa0        1    39.210    2330.566    2369.776 
                p1             9   394.666   11006.358   11401.024 
                  p0           3   134.340    4625.742    4760.082 
                    ha0        1    47.565     875.302     922.867 
                    ha1        1    47.565    1467.909    1515.474 
                    fa0        1    39.210    2282.531    2321.741 
                  p1           3   134.340    4474.609    4608.949 
                    ha0        1    47.565     878.487     926.052 
                    ha1        1    47.565    1313.592    1361.156 
                    fa0        1    39.210    2282.531    2321.741 
        p1                   215  9223.914  209604.548  218828.461 
          p0                 104  4470.543  103587.483  108058.026 
            p0                49  2113.463   50473.951   52587.414 
              p0              22   954.528   23910.581   24865.109 
                p0             9   394.666   11027.839   11422.505 
                  p0           3   134.340    4594.986    4729.326 
                    ha0        1    47.565     875.034     922.599 
                    ha1        1    47.565    1452.582    1500.147 
                    fa0        1    39.210    2267.371    2306.581 
                  p1           3   134.340    4386.402    4520.742 
                    ha0        1    47.565     869.424     916.989 
                    ha1        1    47.565    1274.668    1322.233 
                    fa0        1    39.210    2242.310    2281.520 
                p1             9   394.666   10593.359   10988.025 
                  p0           3   134.340    4449.254    4583.594 
                    ha0        1    47.565     848.153     895.718 
                    ha1        1    47.565    1406.645    1454.210 
                    fa0        1    39.210    2194.456    2233.666 
                  p1           3   134.340    4304.781    4439.121 
                    ha0        1    47.565     851.338     898.903 
                    ha1        1    47.565    1258.987    1306.552 
                    fa0        1    39.210    2194.456    2233.666 
              p1              22   954.528   23989.740   24944.269 
                p0             9   394.666   11167.693   11562.359 
                  p0           3   134.340    4657.319    4791.659 
                    ha0        1    47.565     886.877     934.442 
                    ha1        1    47.565    1467.865    1515.430 
                    fa0        1    39.210    2302.577    2341.788 
                  p1           3   134.340    4445.583    4579.924 
                    ha0        1    47.565     880.978     928.542 
                    ha1        1    47.565    1288.287    1335.851 
                    fa0        1    39.210    2276.319    2315.530 
                p1             9   394.666   10708.988   11103.654 
                  p0           3   134.340    4498.158    4632.498 
                    ha0        1    47.565     857.211     904.776 
                    ha1        1    47.565    1421.957    1469.522 
                    fa0        1    39.210    2218.989    2258.200 
                  p1           3   134.340    4354.833    4489.173 
                    ha0        1    47.565     860.396     907.961 
                    ha1        1    47.565    1272.635    1320.199 
                    fa0        1    39.210    2221.802    2261.013 
            p1                49  2113.463   50425.852   52539.315 
              p0              22   954.528   24171.751   25126.279 
                p0             9   394.666   11156.785   11551.451 
                  p0           3   134.340    4651.966    4786.307 
                    ha0        1    47.565     885.729     933.294 
                    ha1        1    47.565    1467.894    1515.459 
                    fa0        1    39.210    2298.344    2337.554 
                  p1           3   134.340    4440.029    4574.369 
                    ha0        1    47.565     878.482     926.047 
                    ha1        1    47.565    1288.315    1335.880 
                    fa0        1    39.210    2273.232    2312.442 
                p1             9   394.666   10707.249   11101.916 
                  p0           3   134.340    4498.695    4633.036 
                    ha0        1    47.565     857.211     904.776 
                    ha1        1    47.565    1421.957    1469.522 
                    fa0        1    39.210    2219.527    2258.737 
                  p1           3   134.340    4352.556    4486.896 
                    ha0        1    47.565     860.396     907.961 
                    ha1        1    47.565    1272.635    1320.199 
                    fa0        1    39.210    2219.526    2258.736 
              p1              22   954.528   23879.317   24833.846 
                p0             9   394.666   11101.505   11496.171 
                  p0           3   134.340    4623.509    4757.849 
                    ha0        1    47.565     875.105     922.670 
                    ha1        1    47.565    1467.909    1515.474 
                    fa0        1    39.210    2280.495    2319.705 
                  p1           3   134.340    4413.203    4547.543 
                    ha0        1    47.565     869.454     917.019 
                    ha1        1    47.565    1288.330    1335.895 
                    fa0        1    39.210    2255.419    2294.629 
                p1             9   394.666   10664.749   11059.415 
                  p0           3   134.340    4477.443    4611.783 
                    ha0        1    47.565     848.153     895.718 
                    ha1        1    47.565    1421.973    1469.538 
                    fa0        1    39.210    2207.317    2246.527 
                  p1           3   134.340    4331.305    4465.645 
                    ha0        1    47.565     851.338     898.903 
                    ha1        1    47.565    1272.650    1320.215 
                    fa0        1    39.210    2207.317    2246.527 
          p1                 104  4470.543  103386.980  107857.523 
            p0                49  2113.463   50478.093   52591.556 
              p0              22   954.528   23907.665   24862.193 
                p0             9   394.666   11027.579   11422.246 
                  p0           3   134.340    4594.986    4729.326 
                    ha0        1    47.565     875.034     922.599 
                    ha1        1    47.565    1452.582    1500.147 
                    fa0        1    39.210    2267.371    2306.581 
                  p1           3   134.340    4386.140    4520.480 
                    ha0        1    47.565     869.163     916.728 
                    ha1        1    47.565    1274.669    1322.233 
                    fa0        1    39.210    2242.309    2281.519 
                p1             9   394.666   10590.698   10985.364 
                  p0           3   134.340    4446.631    4580.971 
                    ha0        1    47.565     847.872     895.437 
                    ha1        1    47.565    1406.645    1454.210 
                    fa0        1    39.210    2192.114    2231.324 
                  p1           3   134.340    4304.739    4439.079 
                    ha0        1    47.565     851.313     898.878 
                    ha1        1    47.565    1258.987    1306.552 
                    fa0        1    39.210    2194.439    2233.649 
              p1              22   954.528   23996.785   24951.313 
                p0             9   394.666   11167.696   11562.362 
                  p0           3   134.340    4657.317    4791.657 
                    ha0        1    47.565     886.876     934.441 
                    ha1        1    47.565    1467.865    1515.430 
                    fa0        1    39.210    2302.576    2341.787 
                  p1           3   134.340    4445.584    4579.924 
                    ha0        1    47.565     880.978     928.543 
                    ha1        1    47.565    1288.287    1335.852 
                    fa0        1    39.210    2276.319    2315.530 
                p1             9   394.666   10716.025   11110.692 
                  p0           3   134.340    4507.175    4641.516 
                    ha0        1    47.565     859.603     907.168 
                    ha1        1    47.565    1421.929    1469.494 
                    fa0        1    39.210    2225.643    2264.854 
                  p1           3   134.340    4352.848    4487.188 
                    ha0        1    47.565     860.371     907.936 
                    ha1        1    47.565    1272.635    1320.199 
                    fa0        1    39.210    2219.843    2259.053 
            p1                49  2113.463   50429.318   52542.781 
              p0              22   954.528   24177.710   25132.239 
                p0             9   394.666   11158.121   11552.787 
                  p0           3   134.340    4651.965    4786.305 
                    ha0        1    47.565     885.729     933.293 
                    ha1        1    47.565    1467.894    1515.459 
                    fa0        1    39.210    2298.342    2337.553 
                  p1           3   134.340    4441.363    4575.703 
                    ha0        1    47.565     879.816     927.381 
                    ha1        1    47.565    1288.316    1335.881 
                    fa0        1    39.210    2273.232    2312.442 
                p1             9   394.666   10711.869   11106.535 
                  p0           3   134.340    4503.352    4637.692 
                    ha0        1    47.565     858.464     906.029 
                    ha1        1    47.565    1421.957    1469.522 
                    fa0        1    39.210    2222.931    2262.141 
                  p1           3   134.340    4352.515    4486.855 
                    ha0        1    47.565     860.371     907.936 
                    ha1        1    47.565    1272.635    1320.199 
                    fa0        1    39.210    2219.510    2258.720 
              p1              22   954.528   23876.811   24831.339 
                p0             9   394.666   11101.319   11495.985 
                  p0           3   134.340    4623.510    4757.850 
                    ha0        1    47.565     875.106     922.670 
                    ha1        1    47.565    1467.909    1515.474 
                    fa0        1    39.210    2280.495    2319.705 
                  p1           3   134.340    4413.012    4547.353 
                    ha0        1    47.565     869.263     916.828 
                    ha1        1    47.565    1288.330    1335.895 
                    fa0        1    39.210    2255.419    2294.629 
                p1             9   394.666   10662.426   11057.092 
                  p0           3   134.340    4475.157    4609.497 
                    ha0        1    47.565     847.941     895.506 
                    ha1        1    47.565    1421.973    1469.538 
                    fa0        1    39.210    2205.243    2244.453 
                  p1           3   134.340    4331.263    4465.604 
                    ha0        1    47.565     851.313     898.877 
                    ha1        1    47.565    1272.650    1320.215 
                    fa0        1    39.210    2207.301    2246.511 
      ctr                    141  5270.426  278779.262  284049.688 
        add_55_25             28  1106.246   20169.307   21275.552 
    genblk1[3].genblk1.sng    62  1433.835   84724.517   86158.352 
      ctr                     28  1108.810   61555.148   62663.957 
    genblk1[1].genblk1.sng    63  1418.518   90924.808   92343.327 
      ctr                     27  1089.056   71493.981   72583.037 
    genblk1[0].genblk1.sng    65  1403.924   91563.961   92967.885 
      ctr                     27  1089.056   70957.121   72046.177 
    genblk1[2].genblk1.sng    63  1392.553   96040.420   97432.973 
      ctr                     27  1089.056   70699.000   71788.056 

