============================================================
  Generated by:           Encounter(R) RTL Compiler v14.10-s022_1
  Generated on:           Jul 25 2021  01:19:57 pm
  Module:                 ms_es_naive_by2_mul_synth
  Technology library:     gscl45nm 
  Operating conditions:   typical (balanced_tree)
  Wireload mode:          enclosed
  Area mode:              timing library
============================================================

                                  Leakage    Dynamic     Total   
         Instance          Cells Power(nW)  Power(nW)  Power(nW) 
-----------------------------------------------------------------
ms_es_naive_by2_mul_synth    244  6963.247 331579.327 338542.574 
  TOP                        244  6963.247 321257.195 328220.442 
    genblk2.stoch2bin        111  4252.445 148269.599 152522.044 
      par_ctr                 49  2113.463  29057.988  31171.451 
        p0                    22   954.528  10327.401  11281.929 
          p0                   9   394.666   3570.795   3965.461 
            p0                 3   134.340    992.440   1126.780 
              ha0              1    47.565    261.445    309.009 
              ha1              1    47.565    331.316    378.881 
              fa0              1    39.210    399.680    438.890 
            p1                 3   134.340   1374.326   1508.667 
              ha0              1    47.565    355.103    402.668 
              ha1              1    47.565    431.415    478.980 
              fa0              1    39.210    587.809    627.019 
          p1                   9   394.666   4682.073   5076.740 
            p0                 3   134.340   1277.749   1412.089 
              ha0              1    47.565    324.770    372.335 
              ha1              1    47.565    453.302    500.867 
              fa0              1    39.210    499.677    538.887 
            p1                 3   134.340   1874.774   2009.115 
              ha0              1    47.565    473.518    521.083 
              ha1              1    47.565    612.943    660.508 
              fa0              1    39.210    788.313    827.524 
        p1                    22   954.528  15266.718  16221.246 
          p0                   9   394.666   5451.772   5846.438 
            p0                 3   134.340   1520.207   1654.547 
              ha0              1    47.565    379.351    426.916 
              ha1              1    47.565    514.751    562.316 
              fa0              1    39.210    626.105    665.315 
            p1                 3   134.340   2151.984   2286.324 
              ha0              1    47.565    509.969    557.534 
              ha1              1    47.565    699.642    747.207 
              fa0              1    39.210    942.373    981.583 
          p1                   9   394.666   6966.109   7360.775 
            p0                 3   134.340   1914.124   2048.464 
              ha0              1    47.565    469.459    517.024 
              ha1              1    47.565    667.532    715.096 
              fa0              1    39.210    777.133    816.344 
            p1                 3   134.340   2811.235   2945.575 
              ha0              1    47.565    673.915    721.480 
              ha1              1    47.565    943.319    990.884 
              fa0              1    39.210   1194.000   1233.211 
      ctr                     56  2076.654 115720.849 117797.503 
    genblk1[4].genblk1.sng    15   392.811  21589.202  21982.014 
      ctr                      8   323.916  18372.030  18695.946 
    genblk1[0].genblk1.sng    14   373.058  30361.431  30734.489 
      ctr                      7   304.162  27577.922  27882.085 
    genblk1[1].genblk1.sng    14   373.058  30982.455  31355.513 
      ctr                      7   304.162  27656.940  27961.102 
    genblk1[2].genblk1.sng    14   373.058  31296.778  31669.835 
      ctr                      7   304.162  27938.311  28242.473 
    genblk1[3].genblk1.sng    14   373.058  30633.097  31006.154 
      ctr                      7   304.162  27777.286  28081.448 

