============================================================
  Generated by:           Encounter(R) RTL Compiler v14.10-s022_1
  Generated on:           Jul 25 2021  01:23:43 pm
  Module:                 ms_es_ordered_cas_by2_mul_synth
  Technology library:     gscl45nm 
  Operating conditions:   typical (balanced_tree)
  Wireload mode:          enclosed
  Area mode:              timing library
============================================================

                                  Leakage    Dynamic     Total   
         Instance          Cells Power(nW)  Power(nW)  Power(nW) 
-----------------------------------------------------------------
ms_es_orde..by2_mul_synth    491 10719.871 535730.454 546450.325 
  TOP                        491 10719.871 512777.132 523497.003 
    genblk2.stoch2bin        106  3938.241 195126.923 199065.164 
      ctr                    101  3767.475 195126.923 198894.398 
        add_55_25             20   792.562  12938.007  13730.569 
      par_ctr                  3   134.340      0.000    134.340 
        ha0                    1    47.565      0.000     47.565 
        ha1                    1    47.565      0.000     47.565 
        fa0                    1    39.210      0.000     39.210 
    genblk1[1].genblk1.sng   118  2711.755 118051.154 120762.910 
      ctr                     49  1911.243  99886.763 101798.006 
    genblk1[0].genblk1.sng   116  2674.462 132805.322 135479.784 
      ctr                     47  1873.950 114062.079 115936.029 
    cas                      145  1326.118  66690.133  68016.251 
      genblk1.cas_a_b        145  1326.118  66690.133  68016.251 

