============================================================
  Generated by:           Encounter(R) RTL Compiler v14.10-s022_1
  Generated on:           Jul 25 2021  01:33:53 pm
  Module:                 ms_es_ordered_bs_by2_mul_synth
  Technology library:     gscl45nm 
  Operating conditions:   typical (balanced_tree)
  Wireload mode:          enclosed
  Area mode:              timing library
============================================================

             Instance               Cells  Cell Area  Net Area  Total Area  Wireload     
-----------------------------------------------------------------------------------------
ms_es_ordered_bs_by2_mul_synth       1075       3355         0        3355    <none> (D) 
  TOP                                1075       3355         0        3355    <none> (D) 
    genblk2.stoch2bin                 163        866         0         866    <none> (D) 
      ctr                             151        800         0         800    <none> (D) 
        add_55_25                      30        263         0         263    <none> (D) 
      par_ctr                           9         59         0          59    <none> (D) 
        p1                              3         18         0          18    <none> (D) 
          fa0                           1          9         0           9    <none> (D) 
          ha1                           1          5         0           5    <none> (D) 
          ha0                           1          5         0           5    <none> (D) 
        p0                              3         18         0          18    <none> (D) 
          fa0                           1          9         0           9    <none> (D) 
          ha1                           1          5         0           5    <none> (D) 
          ha0                           1          5         0           5    <none> (D) 
    genblk1[1].genblk3.genblk1.sng    315        855         0         855    <none> (D) 
      genblk2[0].max_comparator       137        333         0         333    <none> (D) 
      genblk2[1].max_comparator       130        306         0         306    <none> (D) 
      ctr                              48        216         0         216    <none> (D) 
    genblk1[2].genblk2.sng            300        816         0         816    <none> (D) 
      genblk2[0].min_comparator       128        313         0         313    <none> (D) 
      genblk2[1].min_comparator       123        285         0         285    <none> (D) 
      ctr                              49        219         0         219    <none> (D) 
    genblk1[0].genblk1.sng            283        786         0         786    <none> (D) 
      genblk2[0].max_comparator       118        298         0         298    <none> (D) 
      genblk2[1].max_comparator       118        273         0         273    <none> (D) 
      ctr                              47        214         0         214    <none> (D) 

 (D) = wireload is default in technology library
