============================================================
  Generated by:           Encounter(R) RTL Compiler v14.10-s022_1
  Generated on:           Jul 25 2021  01:18:04 pm
  Module:                 ms_es_naive_by2_mul_synth
  Technology library:     gscl45nm 
  Operating conditions:   typical (balanced_tree)
  Wireload mode:          enclosed
  Area mode:              timing library
============================================================

                                  Leakage    Dynamic     Total   
         Instance          Cells Power(nW)  Power(nW)  Power(nW) 
-----------------------------------------------------------------
ms_es_naive_by2_mul_synth    151  4409.557 240688.638 245098.194 
  TOP                        151  4409.557 232570.294 236979.850 
    genblk2.stoch2bin         68  2516.160 106900.888 109417.047 
      ctr                     41  1513.048  87972.897  89485.944 
      par_ctr                 22   954.528  16002.343  16956.871 
        p0                     9   394.666   5416.441   5811.107 
          p0                   3   134.340   1498.210   1632.550 
            ha0                1    47.565    367.963    415.528 
            ha1                1    47.565    554.040    601.605 
            fa0                1    39.210    576.207    615.418 
          p1                   3   134.340   1999.456   2133.796 
            ha0                1    47.565    546.109    593.674 
            ha1                1    47.565    652.102    699.667 
            fa0                1    39.210    801.244    840.455 
        p1                     9   394.666   7205.456   7600.122 
          p0                   3   134.340   2040.917   2175.258 
            ha0                1    47.565    502.805    550.370 
            ha1                1    47.565    748.433    795.998 
            fa0                1    39.210    789.679    828.889 
          p1                   3   134.340   2737.570   2871.911 
            ha0                1    47.565    737.207    784.771 
            ha1                1    47.565    897.765    945.330 
            fa0                1    39.210   1102.599   1141.809 
    genblk1[3].genblk1.sng    15   392.811  21932.756  22325.568 
      ctr                      8   323.916  18926.477  19250.392 
    genblk1[0].genblk1.sng    14   373.058  30567.672  30940.730 
      ctr                      7   304.162  27890.327  28194.490 
    genblk1[1].genblk1.sng    14   373.058  30029.986  30403.043 
      ctr                      7   304.162  27447.243  27751.406 
    genblk1[2].genblk1.sng    14   373.058  29817.959  30191.016 
      ctr                      7   304.162  27254.696  27558.858 

