============================================================
  Generated by:           Encounter(R) RTL Compiler v14.10-s022_1
  Generated on:           Jul 25 2021  02:19:05 pm
  Module:                 ms_es_ordered_bs_by4_mul_synth
  Technology library:     gscl45nm 
  Operating conditions:   typical (balanced_tree)
  Wireload mode:          enclosed
  Area mode:              timing library
============================================================

                                       Leakage    Dynamic      Total    
            Instance            Cells Power(nW)  Power(nW)   Power(nW)  
------------------------------------------------------------------------
ms_es_orde..by4_mul_synth        1698 27540.739 1485444.152 1512984.891 
  TOP                            1698 27540.739 1403731.869 1431272.608 
    genblk2.stoch2bin             247  9638.110  387086.406  396724.516 
      ctr                         136  5082.557  273521.705  278604.262 
        add_55_25                  27  1067.035   20210.065   21277.100 
      par_ctr                     104  4470.543  104594.110  109064.653 
        p0                         49  2113.463   51332.424   53445.887 
          p0                       22   954.528   24709.185   25663.713 
            p0                      9   394.666   11368.034   11762.700 
              p0                    3   134.340    4785.297    4919.637 
                ha0                 1    47.565     899.315     946.880 
                ha1                 1    47.565    1506.691    1554.256 
                fa0                 1    39.210    2379.290    2418.501 
              p1                    3   134.340    4618.315    4752.655 
                ha0                 1    47.565     900.908     948.472 
                ha1                 1    47.565    1338.117    1385.682 
                fa0                 1    39.210    2379.290    2418.501 
            p1                      9   394.666   11311.636   11706.303 
              p0                    3   134.340    4834.706    4969.047 
                ha0                 1    47.565     908.371     955.936 
                ha1                 1    47.565    1522.003    1569.568 
                fa0                 1    39.210    2404.332    2443.543 
              p1                    3   134.340    4666.059    4800.399 
                ha0                 1    47.565     909.963     957.528 
                ha1                 1    47.565    1351.764    1399.329 
                fa0                 1    39.210    2404.332    2443.543 
          p1                       22   954.528   24533.516   25488.044 
            p0                      9   394.666   11368.034   11762.700 
              p0                    3   134.340    4785.297    4919.637 
                ha0                 1    47.565     899.315     946.880 
                ha1                 1    47.565    1506.691    1554.256 
                fa0                 1    39.210    2379.290    2418.501 
              p1                    3   134.340    4618.315    4752.655 
                ha0                 1    47.565     900.908     948.472 
                ha1                 1    47.565    1338.117    1385.682 
                fa0                 1    39.210    2379.290    2418.501 
            p1                      9   394.666   11311.636   11706.303 
              p0                    3   134.340    4834.706    4969.047 
                ha0                 1    47.565     908.371     955.936 
                ha1                 1    47.565    1522.003    1569.568 
                fa0                 1    39.210    2404.332    2443.543 
              p1                    3   134.340    4666.059    4800.399 
                ha0                 1    47.565     909.963     957.528 
                ha1                 1    47.565    1351.764    1399.329 
                fa0                 1    39.210    2404.332    2443.543 
        p1                         49  2113.463   51156.754   53270.218 
          p0                       22   954.528   24709.185   25663.713 
            p0                      9   394.666   11368.034   11762.700 
              p0                    3   134.340    4785.297    4919.637 
                ha0                 1    47.565     899.315     946.880 
                ha1                 1    47.565    1506.691    1554.256 
                fa0                 1    39.210    2379.290    2418.501 
              p1                    3   134.340    4618.315    4752.655 
                ha0                 1    47.565     900.908     948.472 
                ha1                 1    47.565    1338.117    1385.682 
                fa0                 1    39.210    2379.290    2418.501 
            p1                      9   394.666   11311.636   11706.303 
              p0                    3   134.340    4834.706    4969.047 
                ha0                 1    47.565     908.371     955.936 
                ha1                 1    47.565    1522.003    1569.568 
                fa0                 1    39.210    2404.332    2443.543 
              p1                    3   134.340    4666.059    4800.399 
                ha0                 1    47.565     909.963     957.528 
                ha1                 1    47.565    1351.764    1399.329 
                fa0                 1    39.210    2404.332    2443.543 
          p1                       22   954.528   24533.516   25488.044 
            p0                      9   394.666   11368.034   11762.700 
              p0                    3   134.340    4785.297    4919.637 
                ha0                 1    47.565     899.315     946.880 
                ha1                 1    47.565    1506.691    1554.256 
                fa0                 1    39.210    2379.290    2418.501 
              p1                    3   134.340    4618.315    4752.655 
                ha0                 1    47.565     900.908     948.472 
                ha1                 1    47.565    1338.117    1385.682 
                fa0                 1    39.210    2379.290    2418.501 
            p1                      9   394.666   11311.636   11706.303 
              p0                    3   134.340    4834.706    4969.047 
                ha0                 1    47.565     908.371     955.936 
                ha1                 1    47.565    1522.003    1569.568 
                fa0                 1    39.210    2404.332    2443.543 
              p1                    3   134.340    4666.059    4800.399 
                ha0                 1    47.565     909.963     957.528 
                ha1                 1    47.565    1351.764    1399.329 
                fa0                 1    39.210    2404.332    2443.543 
    genblk1[1]..3.genblk1.sng     468  5725.841  318648.718  324374.559 
      ctr                          39  1500.784  104019.254  105520.038 
      genblk2[0].max_comparator   114  1135.528   56461.951   57597.480 
      genblk2[2].max_comparator   110  1102.823   59462.726   60565.549 
      genblk2[1].max_comparator   110  1028.241   50987.356   52015.597 
      genblk2[3].max_comparator    95   958.465   47717.431   48675.896 
    genblk1[2].genblk2.sng        460  5606.619  312303.461  317910.080 
      ctr                          38  1501.257   91707.419   93208.675 
      genblk2[0].min_comparator   116  1122.560   57737.025   58859.585 
      genblk2[1].min_comparator   105  1076.571   56821.334   57897.905 
      genblk2[2].min_comparator   106  1008.372   55855.190   56863.562 
      genblk2[3].min_comparator    95   897.860   50182.493   51080.353 
    genblk1[0].genblk1.sng        440  5288.598  294553.579  299842.177 
      ctr                          37  1481.503  100719.526  102201.029 
      genblk2[1].max_comparator   108  1035.646   51370.968   52406.615 
      genblk2[0].max_comparator   109  1029.043   49778.412   50807.455 
      genblk2[2].max_comparator   105  1004.067   51031.995   52036.062 
      genblk2[3].max_comparator    81   738.339   41652.677   42391.016 

