============================================================
  Generated by:           Encounter(R) RTL Compiler v14.10-s022_1
  Generated on:           Jul 25 2021  01:19:47 pm
  Module:                 ms_es_naive_by2_mul_synth
  Technology library:     gscl45nm 
  Operating conditions:   typical (balanced_tree)
  Wireload mode:          enclosed
  Area mode:              timing library
============================================================

                                  Leakage    Dynamic      Total    
         Instance          Cells Power(nW)  Power(nW)   Power(nW)  
-------------------------------------------------------------------
ms_es_naive_by2_mul_synth   1010 22683.684 1093519.311 1116202.995 
  TOP                       1010 22683.684 1061253.602 1083937.286 
    genblk2.stoch2bin        504 11496.252  453619.069  465115.321 
      ctr                    477 10484.201  420198.892  430683.093 
        add_55_25            316  4536.118   58415.282   62951.400 
      par_ctr                 22   954.528   21564.505   22519.033 
        p0                     9   394.666   10187.816   10582.482 
          p0                   3   134.340    4352.605    4486.945 
            ha0                1    47.565     800.714     848.279 
            ha1                1    47.565    1345.254    1392.818 
            fa0                1    39.210    2206.637    2245.847 
          p1                   3   134.340    4206.221    4340.561 
            ha0                1    47.565     800.714     848.279 
            ha1                1    47.565    1198.869    1246.434 
            fa0                1    39.210    2206.637    2245.847 
        p1                     9   394.666   10041.282   10435.948 
          p0                   3   134.340    4352.605    4486.945 
            ha0                1    47.565     800.714     848.279 
            ha1                1    47.565    1345.254    1392.818 
            fa0                1    39.210    2206.637    2245.847 
          p1                   3   134.340    4206.221    4340.561 
            ha0                1    47.565     800.714     848.279 
            ha1                1    47.565    1198.869    1246.434 
            fa0                1    39.210    2206.637    2245.847 
    genblk1[3].genblk1.sng   121  2720.705  135514.417  138235.122 
      ctr                     49  1911.243   97440.303   99351.545 
    genblk1[1].genblk1.sng   120  2700.951  150757.160  153458.112 
      ctr                     48  1891.489  111881.561  113773.051 
    genblk1[2].genblk1.sng   120  2700.951  147505.197  150206.148 
      ctr                     48  1891.489  110091.987  111983.476 
    genblk1[0].genblk1.sng   119  2683.412  148838.270  151521.682 
      ctr                     47  1873.950  111114.698  112988.647 

