============================================================
  Generated by:           Encounter(R) RTL Compiler v14.10-s022_1
  Generated on:           Jul 25 2021  01:20:30 pm
  Module:                 ms_es_naive_by2_mul_synth
  Technology library:     gscl45nm 
  Operating conditions:   typical (balanced_tree)
  Wireload mode:          enclosed
  Area mode:              timing library
============================================================

           Pin                 Type       Fanout Load Slew Delay Arrival   
                                                 (fF) (ps)  (ps)   (ps)    
---------------------------------------------------------------------------
(clock clk_int2)             launch                                    0 R 
TOP
  genblk1[2].genblk1.sng
    ctr
      countval_reg[4]/CLK                                0             0 R 
      countval_reg[4]/Q      DFFSR             1  1.5   10  +115     115 F 
      drc_bufs179/A                                           +0     115   
      drc_bufs179/Y          BUFX2             4 11.1   14   +42     157 F 
    ctr/countval[4] 
    g292/A                                                    +0     157   
    g292/Y                   INVX1             1  2.5    0    +3     160 R 
    g289/A                                                    +0     160   
    g289/Y                   OR2X1             2  4.8   35   +46     207 R 
    g286/B                                                    +0     207   
    g286/Y                   NAND3X1           1  1.5   15   +18     225 F 
    drc_bufs/A                                                +0     225   
    drc_bufs/Y               BUFX2             1  1.9    2   +33     258 F 
    g283/A                                                    +0     258   
    g283/Y                   AND2X1            1  1.9   16   +30     288 F 
    g280/C                                                    +0     288   
    g280/Y                   OAI21X1           1  2.4   43   +21     309 R 
    g277/B                                                    +0     309   
    g277/Y                   OR2X1             6 14.0   76   +87     396 R 
    g275/A                                                    +0     396   
    g275/Y                   OR2X1             5 11.5   61   +68     465 R 
  genblk1[2].genblk1.sng/sn_out[0] 
  g631/B                                                      +0     465   
  g631/Y                     AND2X1            5 11.5   72   +68     532 R 
  g620/A                                                      +0     532   
  g620/Y                     AND2X1            4  9.2   62   +52     584 R 
  g592/A                                                      +0     584   
  g592/Y                     AND2X1            1 12.7   77   +63     647 R 
  genblk2.stoch2bin/data_in[27] 
    par_ctr/a[27] 
      p0/a[11] 
        p0/a[3] 
          p1/a[3] 
            fa0/cin 
              g2/A                                            +0     647   
              g2/YS          FAX1              1  3.4   12   +93     740 F 
            fa0/s 
            ha0/b 
              g17/B                                           +0     740   
              g17/YS         HAX1              1  4.0   19   +59     799 F 
            ha0/s 
          p1/y[0] 
          g168/A                                              +0     799   
          g168/YC            HAX1              1 10.9   41   +69     868 F 
          g167/A                                              +0     868   
          g167/YC            FAX1              1  7.1   29   +92     959 F 
          g166/C                                              +0     959   
          g166/YS            FAX1              1 12.7   67  +103    1062 R 
        p0/y[2] 
        g236/A                                                +0    1062   
        g236/YS              FAX1              1 12.7   67  +117    1179 R 
      p0/y[2] 
      g286/A                                                  +0    1179   
      g286/YS                FAX1              2 11.1   34  +108    1287 F 
    par_ctr/y[2] 
    ctr/data_in[2] 
      add_55_25/B[2] 
        g625/B                                                +0    1287   
        g625/YC              FAX1              1  7.1   29   +88    1376 F 
        g624/C                                                +0    1376   
        g624/YC              FAX1              1  7.1   29   +82    1457 F 
        g623/C                                                +0    1457   
        g623/YC              FAX1              1  7.1   29   +82    1539 F 
        g622/C                                                +0    1539   
        g622/YC              FAX1              1  7.1   29   +82    1620 F 
        g621/C                                                +0    1620   
        g621/YC              FAX1              1  7.1   26   +82    1702 F 
        g620/C                                                +0    1702   
        g620/YC              FAX1              1  7.1   27   +81    1783 F 
        g619/C                                                +0    1783   
        g619/YC              FAX1              1  7.1   27   +81    1864 F 
        g618/C                                                +0    1864   
        g618/YC              FAX1              1  7.1   27   +81    1946 F 
        g617/C                                                +0    1946   
        g617/YC              FAX1              1  7.1   27   +81    2027 F 
        g616/C                                                +0    2027   
        g616/YC              FAX1              1  7.1   27   +81    2108 F 
        g615/C                                                +0    2108   
        g615/YC              FAX1              1  7.1   27   +81    2189 F 
        g614/C                                                +0    2189   
        g614/YC              FAX1              1  7.1   27   +81    2270 F 
        g613/C                                                +0    2270   
        g613/YC              FAX1              1  7.1   27   +81    2352 F 
        g612/C                                                +0    2352   
        g612/YC              FAX1              1  7.1   27   +81    2433 F 
        g611/C                                                +0    2433   
        g611/YC              FAX1              1  7.1   27   +81    2514 F 
        g610/C                                                +0    2514   
        g610/YC              FAX1              1  7.1   27   +81    2595 F 
        g609/C                                                +0    2595   
        g609/YC              FAX1              1  7.1   27   +81    2676 F 
        g608/C                                                +0    2676   
        g608/YC              FAX1              1  7.1   27   +81    2758 F 
        g607/C                                                +0    2758   
        g607/YC              FAX1              1  7.1   27   +81    2839 F 
        g606/C                                                +0    2839   
        g606/YC              FAX1              1  7.1   27   +81    2920 F 
        g605/C                                                +0    2920   
        g605/YC              FAX1              1  7.1   27   +81    3001 F 
        g604/C                                                +0    3001   
        g604/YC              FAX1              1  7.1   27   +81    3082 F 
        g603/C                                                +0    3082   
        g603/YC              FAX1              1 10.9   37   +89    3171 F 
        g2/A                                                  +0    3171   
        g2/YS                FAX1              1  2.8   21   +84    3255 R 
      add_55_25/Z[25] 
      g128/A                                                  +0    3255   
      g128/Y                 MUX2X1            1  1.5   24   +23    3278 F 
      g127/A                                                  +0    3278   
      g127/Y                 INVX1             1  2.0    0    +5    3283 R 
      countval_reg[25]/D     DFFSR                            +0    3283   
      countval_reg[25]/CLK   setup                       0   +70    3353 R 
- - - - - - - - - - - - - - - - - - - - - - - - - - - - - - - - - - - - - -
(clock clk)                  capture                                5000 R 
                             uncertainty                     -50    4950 R 
---------------------------------------------------------------------------
Cost Group   : 'clk' (path_group 'clk')
Timing slack :    1597ps 
Start-point  : TOP/genblk1[2].genblk1.sng/ctr/countval_reg[4]/CLK
End-point    : TOP/genblk2.stoch2bin/ctr/countval_reg[25]/D
