============================================================
  Generated by:           Encounter(R) RTL Compiler v14.10-s022_1
  Generated on:           Jul 25 2021  01:29:54 pm
  Module:                 ms_es_ordered_cas_by2_mul_synth
  Technology library:     gscl45nm 
  Operating conditions:   typical (balanced_tree)
  Wireload mode:          enclosed
  Area mode:              timing library
============================================================

           Pin                 Type       Fanout Load Slew Delay Arrival   
                                                 (fF) (ps)  (ps)   (ps)    
---------------------------------------------------------------------------
(clock clk_int2)             launch                                    0 R 
TOP
  genblk1[2].genblk1.sng
    ctr
      countval_reg[3]/CLK                                0             0 R 
      countval_reg[3]/Q      DFFSR             1  1.5   10  +109     109 R 
      drc_bufs396/A                                           +0     109   
      drc_bufs396/Y          BUFX2             3  8.9   22   +43     152 R 
    ctr/countval[3] 
    g851/A                                                    +0     152   
    g851/Y                   INVX1             2  5.7   21   +26     178 F 
    g836/B                                                    +0     178   
    g836/YS                  HAX1              2  5.6   24   +63     240 F 
    g828/C                                                    +0     240   
    g828/Y                   NAND3X1           1  1.5   34   +31     272 R 
    drc_bufs875/A                                             +0     272   
    drc_bufs875/Y            BUFX2             1  2.3    9   +35     306 R 
    g825/A                                                    +0     306   
    g825/Y                   AND2X1            2  5.0   45   +39     346 R 
    g815/B                                                    +0     346   
    g815/Y                   AOI21X1           1  1.5   15   +31     377 F 
    drc_bufs877/A                                             +0     377   
    drc_bufs877/Y            BUFX2             1  1.5    2   +33     410 F 
    g814/A                                                    +0     410   
    g814/Y                   INVX1             1  2.7    0    -0     409 R 
    g812/B                                                    +0     409   
    g812/Y                   AOI21X1           1  1.5   16   +21     430 F 
    drc_bufs871/A                                             +0     430   
    drc_bufs871/Y            BUFX2             1  2.6    3   +34     464 F 
    g810/B                                                    +0     464   
    g810/Y                   OAI21X1           5 11.5   84   +68     532 R 
  genblk1[2].genblk1.sng/sn_out[0] 
  g723/B                                                      +0     532   
  g723/Y                     AND2X1            5 11.5   69   +66     598 R 
  g712/A                                                      +0     598   
  g712/Y                     AND2X1            4  9.2   61   +52     650 R 
  g684/A                                                      +0     650   
  g684/Y                     AND2X1            1 12.7   76   +63     712 R 
  genblk2.stoch2bin/data_in[27] 
    par_ctr/a[27] 
      p0/a[11] 
        p0/a[3] 
          p1/a[3] 
            fa0/cin 
              g2/A                                            +0     712   
              g2/YS          FAX1              1  3.4   12   +93     806 F 
            fa0/s 
            ha0/b 
              g17/B                                           +0     806   
              g17/YS         HAX1              1  4.0   19   +59     865 F 
            ha0/s 
          p1/y[0] 
          g168/A                                              +0     865   
          g168/YC            HAX1              1 10.9   41   +69     934 F 
          g167/A                                              +0     934   
          g167/YC            FAX1              1  7.1   29   +92    1025 F 
          g166/C                                              +0    1025   
          g166/YS            FAX1              1 12.7   67  +103    1128 R 
        p0/y[2] 
        g239/A                                                +0    1128   
        g239/YS              FAX1              1 12.7   67  +117    1245 R 
      p0/y[2] 
      g286/A                                                  +0    1245   
      g286/YS                FAX1              3  7.9   45  +103    1348 R 
    par_ctr/y[2] 
    ctr/data_in[2] 
      add_55_25/B[2] 
        g21482/B                                              +0    1348   
        g21482/YC            HAX1              1  2.4   21   +44    1392 R 
        g21403/C                                              +0    1392   
        g21403/Y             AOI21X1           1  1.5   15   +13    1405 F 
        drc_bufs21637/A                                       +0    1405   
        drc_bufs21637/Y      BUFX2             1  1.9    2   +33    1439 F 
        g21401/C                                              +0    1439   
        g21401/Y             OAI21X1           3  7.1   65   +31    1470 R 
        g21395/B                                              +0    1470   
        g21395/Y             AOI21X1           1  1.5   14   +36    1506 F 
        drc_bufs21607/A                                       +0    1506   
        drc_bufs21607/Y      BUFX2             1  1.9    2   +33    1539 F 
        g21393/C                                              +0    1539   
        g21393/Y             OAI21X1           3  7.1   65   +31    1570 R 
        g21389/B                                              +0    1570   
        g21389/Y             AOI21X1           1  1.5   14   +36    1607 F 
        drc_bufs21608/A                                       +0    1607   
        drc_bufs21608/Y      BUFX2             1  1.9    2   +33    1640 F 
        g21388/C                                              +0    1640   
        g21388/Y             OAI21X1           3 10.1   79   +40    1680 R 
        g21387/B                                              +0    1680   
        g21387/Y             NAND2X1           1  1.5   14   +29    1710 F 
        drc_bufs21601/A                                       +0    1710   
        drc_bufs21601/Y      BUFX2             1  1.8    2   +33    1743 F 
        g21384/B                                              +0    1743   
        g21384/Y             AND2X1            3  6.7   30   +52    1794 F 
        g21383/A                                              +0    1794   
        g21383/Y             INVX1             2  5.5    0   +19    1813 R 
        g21379/B                                              +0    1813   
        g21379/Y             AOI21X1           1  1.5   16   +21    1834 F 
        drc_bufs21611/A                                       +0    1834   
        drc_bufs21611/Y      BUFX2             1  1.9    2   +34    1867 F 
        g21378/C                                              +0    1867   
        g21378/Y             OAI21X1           3  7.1   46   +31    1898 R 
        g21375/B                                              +0    1898   
        g21375/Y             AOI21X1           1  1.5   15   +32    1930 F 
        drc_bufs21612/A                                       +0    1930   
        drc_bufs21612/Y      BUFX2             1  1.9    2   +33    1964 F 
        g21374/C                                              +0    1964   
        g21374/Y             OAI21X1           3  7.1   46   +31    1995 R 
        g21371/B                                              +0    1995   
        g21371/Y             AOI21X1           1  1.5   15   +32    2026 F 
        drc_bufs21613/A                                       +0    2026   
        drc_bufs21613/Y      BUFX2             1  1.9    2   +33    2060 F 
        g21370/C                                              +0    2060   
        g21370/Y             OAI21X1           3  7.1   46   +31    2091 R 
        g21367/B                                              +0    2091   
        g21367/Y             AOI21X1           1  1.5   15   +32    2123 F 
        drc_bufs21614/A                                       +0    2123   
        drc_bufs21614/Y      BUFX2             1  1.9    2   +33    2156 F 
        g21366/C                                              +0    2156   
        g21366/Y             OAI21X1           3  7.1   46   +31    2187 R 
        g21363/B                                              +0    2187   
        g21363/Y             AOI21X1           1  1.5   15   +32    2219 F 
        drc_bufs21631/A                                       +0    2219   
        drc_bufs21631/Y      BUFX2             1  1.9    2   +33    2252 F 
        g21362/C                                              +0    2252   
        g21362/Y             OAI21X1           3  7.1   46   +31    2284 R 
        g21359/B                                              +0    2284   
        g21359/Y             AOI21X1           1  1.5   15   +32    2315 F 
        drc_bufs21609/A                                       +0    2315   
        drc_bufs21609/Y      BUFX2             1  1.9    2   +33    2349 F 
        g21358/C                                              +0    2349   
        g21358/Y             OAI21X1           3  7.1   46   +31    2380 R 
        g21355/B                                              +0    2380   
        g21355/Y             AOI21X1           1  1.5   15   +32    2412 F 
        drc_bufs21621/A                                       +0    2412   
        drc_bufs21621/Y      BUFX2             1  1.9    2   +33    2445 F 
        g21354/C                                              +0    2445   
        g21354/Y             OAI21X1           3  7.1   46   +31    2476 R 
        g21351/B                                              +0    2476   
        g21351/Y             AOI21X1           1  1.5   15   +32    2508 F 
        drc_bufs21618/A                                       +0    2508   
        drc_bufs21618/Y      BUFX2             1  1.9    2   +33    2541 F 
        g21350/C                                              +0    2541   
        g21350/Y             OAI21X1           3  7.1   46   +31    2572 R 
        g21347/B                                              +0    2572   
        g21347/Y             AOI21X1           1  1.5   15   +32    2604 F 
        drc_bufs21619/A                                       +0    2604   
        drc_bufs21619/Y      BUFX2             1  1.9    2   +33    2638 F 
        g21346/C                                              +0    2638   
        g21346/Y             OAI21X1           3  7.1   46   +31    2669 R 
        g21343/B                                              +0    2669   
        g21343/Y             AOI21X1           1  1.5   15   +32    2701 F 
        drc_bufs21636/A                                       +0    2701   
        drc_bufs21636/Y      BUFX2             1  1.9    2   +33    2734 F 
        g21342/C                                              +0    2734   
        g21342/Y             OAI21X1           3  7.1   46   +31    2765 R 
        g21339/B                                              +0    2765   
        g21339/Y             AOI21X1           1  1.5   15   +32    2797 F 
        drc_bufs21623/A                                       +0    2797   
        drc_bufs21623/Y      BUFX2             1  1.9    2   +33    2830 F 
        g21338/C                                              +0    2830   
        g21338/Y             OAI21X1           3  7.1   46   +31    2861 R 
        g21335/B                                              +0    2861   
        g21335/Y             AOI21X1           1  1.5   15   +32    2893 F 
        drc_bufs21633/A                                       +0    2893   
        drc_bufs21633/Y      BUFX2             1  1.9    2   +33    2927 F 
        g21334/C                                              +0    2927   
        g21334/Y             OAI21X1           3  7.1   46   +31    2958 R 
        g21331/B                                              +0    2958   
        g21331/Y             AOI21X1           1  1.5   15   +32    2990 F 
        drc_bufs21632/A                                       +0    2990   
        drc_bufs21632/Y      BUFX2             1  1.9    2   +33    3023 F 
        g21330/C                                              +0    3023   
        g21330/Y             OAI21X1           3 10.1   61   +40    3063 R 
        g21329/B                                              +0    3063   
        g21329/Y             NAND2X1           1  1.5   16   +25    3088 F 
        drc_bufs21602/A                                       +0    3088   
        drc_bufs21602/Y      BUFX2             1  1.8    2   +34    3122 F 
        g21326/B                                              +0    3122   
        g21326/Y             AND2X1            3  8.7   36   +56    3178 F 
        g21325/A                                              +0    3178   
        g21325/Y             INVX1             1  2.0    0    +9    3187 R 
        g21324/C                                              +0    3187   
        g21324/Y             OAI21X1           1  1.9    1   +10    3198 F 
        g21320/A                                              +0    3198   
        g21320/Y             AND2X1            1  2.6   18   +31    3229 F 
        g21318/B                                              +0    3229   
        g21318/Y             OAI21X1           3  7.1   66   +57    3286 R 
        g21317/A                                              +0    3286   
        g21317/Y             INVX1             3  8.4   26   +44    3330 F 
        g21310/C                                              +0    3330   
        g21310/Y             NOR3X1            1  3.3   56   +31    3360 R 
        g21308/C                                              +0    3360   
        g21308/Y             NOR3X1            4  9.3   47   +46    3407 F 
        g21295/B                                              +0    3407   
        g21295/Y             OAI21X1           3  7.1   65   +64    3470 R 
        g21294/A                                              +0    3470   
        g21294/Y             INVX1             3  7.8   25   +42    3512 F 
        g21274/B                                              +0    3512   
        g21274/Y             OAI21X1           1  2.0   42   +42    3555 R 
        g21272/C                                              +0    3555   
        g21272/Y             OAI21X1           1  1.9    4   +22    3576 F 
        g21266/A                                              +0    3576   
        g21266/Y             AND2X1            4 11.8   44   +51    3627 F 
        g21260/A                                              +0    3627   
        g21260/Y             OR2X1             2  6.0   24   +50    3678 F 
        g21246/C                                              +0    3678   
        g21246/Y             NAND3X1           1  1.5   34   +31    3709 R 
        drc_bufs21641/A                                       +0    3709   
        drc_bufs21641/Y      BUFX2             4  9.8   27   +46    3755 R 
        g21221/B                                              +0    3755   
        g21221/Y             AOI21X1           1  1.5   15   +27    3782 F 
        drc_bufs21590/A                                       +0    3782   
        drc_bufs21590/Y      BUFX2             1  2.6    3   +34    3816 F 
        g21206/B                                              +0    3816   
        g21206/Y             OAI21X1           1  5.4   56   +48    3865 R 
        g21199/A                                              +0    3865   
        g21199/Y             XOR2X1            1  2.8   46   +41    3905 R 
      add_55_25/Z[41] 
      g201/A                                                  +0    3905   
      g201/Y                 MUX2X1            1  1.5   67   +28    3934 F 
      g200/A                                                  +0    3934   
      g200/Y                 INVX1             1  2.0    0   +20    3954 R 
      countval_reg[41]/D     DFFSR                            +0    3954   
      countval_reg[41]/CLK   setup                       0   +70    4024 R 
- - - - - - - - - - - - - - - - - - - - - - - - - - - - - - - - - - - - - -
(clock clk)                  capture                                5000 R 
                             uncertainty                     -50    4950 R 
---------------------------------------------------------------------------
Cost Group   : 'clk' (path_group 'clk')
Timing slack :     926ps 
Start-point  : TOP/genblk1[2].genblk1.sng/ctr/countval_reg[3]/CLK
End-point    : TOP/genblk2.stoch2bin/ctr/countval_reg[41]/D
