============================================================
  Generated by:           Encounter(R) RTL Compiler v14.10-s022_1
  Generated on:           Jul 25 2021  01:59:44 pm
  Module:                 ms_es_naive_by4_mul_synth
  Technology library:     gscl45nm 
  Operating conditions:   typical (balanced_tree)
  Wireload mode:          enclosed
  Area mode:              timing library
============================================================

                                    Leakage    Dynamic      Total    
          Instance          Cells  Power(nW)  Power(nW)   Power(nW)  
---------------------------------------------------------------------
ms_es_naive_by4_mul_synth    4084 118360.677 4173658.208 4292018.885 
  TOP                        4084 118360.677 4135795.493 4254156.170 
    genblk2.stoch2bin        2388  89175.302 1982945.760 2072121.061 
      par_ctr                1780  76202.413 1481616.764 1557819.178 
        p0                    885  37900.978  739842.889  777743.867 
          p0                  438  18769.865  368995.557  387765.422 
            p0                215   9223.914  185678.509  194902.423 
              p0              104   4470.543   92965.119   97435.662 
                p0             49   2113.463   45751.135   47864.598 
                  p0           22    954.528   22126.868   23081.397 
                    p0          9    394.666   10257.210   10651.876 
                      p0        3    134.340    4317.762    4452.102 
                        ha0     1     47.565     786.951     834.516 
                        ha1     1     47.565    1390.859    1438.424 
                        fa0     1     39.210    2139.952    2179.162 
                      p1        3    134.340    4112.008    4246.348 
                        ha0     1     47.565     778.954     826.519 
                        ha1     1     47.565    1218.086    1265.651 
                        fa0     1     39.210    2114.969    2154.179 
                    p1          9    394.666   10017.361   10412.027 
                      p0        3    134.340    4268.375    4402.715 
                        ha0     1     47.565     777.892     825.457 
                        ha1     1     47.565    1375.547    1423.112 
                        fa0     1     39.210    2114.936    2154.146 
                      p1        3    134.340    4111.975    4246.316 
                        ha0     1     47.565     778.954     826.519 
                        ha1     1     47.565    1218.086    1265.651 
                        fa0     1     39.210    2114.936    2154.146 
                  p1           22    954.528   21722.802   22677.331 
                    p0          9    394.666   10141.766   10536.433 
                      p0        3    134.340    4268.375    4402.715 
                        ha0     1     47.565     777.892     825.457 
                        ha1     1     47.565    1375.547    1423.112 
                        fa0     1     39.210    2114.936    2154.146 
                      p1        3    134.340    4064.286    4198.626 
                        ha0     1     47.565     769.895     817.460 
                        ha1     1     47.565    1204.439    1252.004 
                        fa0     1     39.210    2089.952    2129.163 
                    p1          9    394.666    9903.583   10298.249 
                      p0        3    134.340    4218.988    4353.329 
                        ha0     1     47.565     768.834     816.399 
                        ha1     1     47.565    1360.234    1407.799 
                        fa0     1     39.210    2089.920    2129.130 
                      p1        3    134.340    4064.254    4198.594 
                        ha0     1     47.565     769.895     817.460 
                        ha1     1     47.565    1204.439    1252.004 
                        fa0     1     39.210    2089.920    2129.130 
                p1             49   2113.463   45293.378   47406.841 
                  p0           22    954.528   21879.321   22833.849 
                    p0          9    394.666   10141.766   10536.433 
                      p0        3    134.340    4268.375    4402.715 
                        ha0     1     47.565     777.892     825.457 
                        ha1     1     47.565    1375.547    1423.112 
                        fa0     1     39.210    2114.936    2154.146 
                      p1        3    134.340    4064.286    4198.626 
                        ha0     1     47.565     769.895     817.460 
                        ha1     1     47.565    1204.439    1252.004 
                        fa0     1     39.210    2089.952    2129.163 
                    p1          9    394.666    9903.583   10298.249 
                      p0        3    134.340    4218.988    4353.329 
                        ha0     1     47.565     768.834     816.399 
                        ha1     1     47.565    1360.234    1407.799 
                        fa0     1     39.210    2089.920    2129.130 
                      p1        3    134.340    4064.254    4198.594 
                        ha0     1     47.565     769.895     817.460 
                        ha1     1     47.565    1204.439    1252.004 
                        fa0     1     39.210    2089.920    2129.130 
                  p1           22    954.528   21706.633   22661.161 
                    p0          9    394.666   10133.658   10528.324 
                      p0        3    134.340    4264.281    4398.621 
                        ha0     1     47.565     776.032     823.597 
                        ha1     1     47.565    1375.601    1423.166 
                        fa0     1     39.210    2112.648    2151.859 
                      p1        3    134.340    4060.272    4194.612 
                        ha0     1     47.565     768.057     815.622 
                        ha1     1     47.565    1204.492    1252.057 
                        fa0     1     39.210    2087.723    2126.933 
                    p1          9    394.666    9895.522   10290.188 
                      p0        3    134.340    4214.974    4349.314 
                        ha0     1     47.565     766.995     814.560 
                        ha1     1     47.565    1360.288    1407.853 
                        fa0     1     39.210    2087.691    2126.901 
                      p1        3    134.340    4060.208    4194.548 
                        ha0     1     47.565     768.057     815.622 
                        ha1     1     47.565    1204.492    1252.057 
                        fa0     1     39.210    2087.659    2126.870 
              p1              104   4470.543   90724.857   95195.400 
                p0             49   2113.463   44726.268   46839.731 
                  p0           22    954.528   21631.094   22585.623 
                    p0          9    394.666   10025.982   10420.648 
                      p0        3    134.340    4218.817    4353.157 
                        ha0     1     47.565     768.739     816.304 
                        ha1     1     47.565    1360.235    1407.800 
                        fa0     1     39.210    2089.843    2129.054 
                      p1        3    134.340    4016.395    4150.735 
                        ha0     1     47.565     760.743     808.308 
                        ha1     1     47.565    1190.792    1238.357 
                        fa0     1     39.210    2064.860    2104.071 
                    p1          9    394.666    9789.468   10184.134 
                      p0        3    134.340    4169.432    4303.773 
                        ha0     1     47.565     759.682     807.247 
                        ha1     1     47.565    1344.922    1392.487 
                        fa0     1     39.210    2064.828    2104.039 
                      p1        3    134.340    4016.363    4150.703 
                        ha0     1     47.565     760.743     808.308 
                        ha1     1     47.565    1190.792    1238.357 
                        fa0     1     39.210    2064.828    2104.039 
                  p1           22    954.528   21230.363   22184.891 
                    p0          9    394.666    9910.542   10305.208 
                      p0        3    134.340    4169.432    4303.773 
                        ha0     1     47.565     759.682     807.247 
                        ha1     1     47.565    1344.922    1392.487 
                        fa0     1     39.210    2064.828    2104.039 
                      p1        3    134.340    3968.674    4103.014 
                        ha0     1     47.565     751.686     799.251 
                        ha1     1     47.565    1177.145    1224.709 
                        fa0     1     39.210    2039.844    2079.054 
                    p1          9    394.666    9675.692   10070.358 
                      p0        3    134.340    4120.047    4254.387 
                        ha0     1     47.565     750.624     798.189 
                        ha1     1     47.565    1329.610    1377.175 
                        fa0     1     39.210    2039.812    2079.023 
                      p1        3    134.340    3968.643    4102.983 
                        ha0     1     47.565     751.686     799.251 
                        ha1     1     47.565    1177.145    1224.709 
                        fa0     1     39.210    2039.812    2079.023 
                p1             49   2113.463   44272.819   46386.282 
                  p0           22    954.528   21383.551   22338.079 
                    p0          9    394.666    9910.542   10305.208 
                      p0        3    134.340    4169.432    4303.773 
                        ha0     1     47.565     759.682     807.247 
                        ha1     1     47.565    1344.922    1392.487 
                        fa0     1     39.210    2064.828    2104.039 
                      p1        3    134.340    3968.674    4103.014 
                        ha0     1     47.565     751.686     799.251 
                        ha1     1     47.565    1177.145    1224.709 
                        fa0     1     39.210    2039.844    2079.054 
                    p1          9    394.666    9675.692   10070.358 
                      p0        3    134.340    4120.047    4254.387 
                        ha0     1     47.565     750.624     798.189 
                        ha1     1     47.565    1329.610    1377.175 
                        fa0     1     39.210    2039.812    2079.023 
                      p1        3    134.340    3968.643    4102.983 
                        ha0     1     47.565     751.686     799.251 
                        ha1     1     47.565    1177.145    1224.709 
                        fa0     1     39.210    2039.812    2079.023 
                  p1           22    954.528   21215.166   22169.695 
                    p0          9    394.666    9902.921   10297.587 
                      p0        3    134.340    4165.584    4299.924 
                        ha0     1     47.565     757.958     805.523 
                        ha1     1     47.565    1344.975    1392.540 
                        fa0     1     39.210    2062.650    2101.861 
                      p1        3    134.340    3964.902    4099.242 
                        ha0     1     47.565     749.983     797.548 
                        ha1     1     47.565    1177.197    1224.762 
                        fa0     1     39.210    2037.722    2076.933 
                    p1          9    394.666    9668.116   10062.782 
                      p0        3    134.340    4116.274    4250.615 
                        ha0     1     47.565     748.921     796.486 
                        ha1     1     47.565    1329.662    1377.227 
                        fa0     1     39.210    2037.691    2076.901 
                      p1        3    134.340    3964.840    4099.180 
                        ha0     1     47.565     749.983     797.548 
                        ha1     1     47.565    1177.197    1224.762 
                        fa0     1     39.210    2037.660    2076.870 
            p1                215   9223.914  181271.016  190494.930 
              p0              104   4470.543   89844.732   94315.275 
                p0             49   2113.463   44215.571   46329.034 
                  p0           22    954.528   21384.078   22338.606 
                    p0          9    394.666    9910.804   10305.470 
                      p0        3    134.340    4169.563    4303.903 
                        ha0     1     47.565     759.737     807.301 
                        ha1     1     47.565    1344.922    1392.487 
                        fa0     1     39.210    2064.904    2104.115 
                      p1        3    134.340    3968.804    4103.144 
                        ha0     1     47.565     751.740     799.305 
                        ha1     1     47.565    1177.144    1224.709 
                        fa0     1     39.210    2039.920    2079.130 
                    p1          9    394.666    9675.954   10070.620 
                      p0        3    134.340    4120.177    4254.517 
                        ha0     1     47.565     750.678     798.243 
                        ha1     1     47.565    1329.610    1377.175 
                        fa0     1     39.210    2039.888    2079.099 
                      p1        3    134.340    3968.773    4103.113 
                        ha0     1     47.565     751.740     799.305 
                        ha1     1     47.565    1177.144    1224.709 
                        fa0     1     39.210    2039.888    2079.099 
                  p1           22    954.528   20985.008   21939.537 
                    p0          9    394.666    9795.361   10190.028 
                      p0        3    134.340    4120.177    4254.517 
                        ha0     1     47.565     750.678     798.243 
                        ha1     1     47.565    1329.610    1377.175 
                        fa0     1     39.210    2039.888    2079.099 
                      p1        3    134.340    3921.083    4055.423 
                        ha0     1     47.565     742.682     790.247 
                        ha1     1     47.565    1163.497    1211.062 
                        fa0     1     39.210    2014.904    2054.114 
                    p1          9    394.666    9562.177    9956.843 
                      p0        3    134.340    4070.791    4205.131 
                        ha0     1     47.565     741.621     789.186 
                        ha1     1     47.565    1314.298    1361.863 
                        fa0     1     39.210    2014.872    2054.083 
                      p1        3    134.340    3921.052    4055.392 
                        ha0     1     47.565     742.682     790.247 
                        ha1     1     47.565    1163.497    1211.062 
                        fa0     1     39.210    2014.872    2054.083 
                p1             49   2113.463   43763.533   45876.997 
                  p0           22    954.528   21136.531   22091.060 
                    p0          9    394.666    9795.361   10190.028 
                      p0        3    134.340    4120.177    4254.517 
                        ha0     1     47.565     750.678     798.243 
                        ha1     1     47.565    1329.610    1377.175 
                        fa0     1     39.210    2039.888    2079.099 
                      p1        3    134.340    3921.083    4055.423 
                        ha0     1     47.565     742.682     790.247 
                        ha1     1     47.565    1163.497    1211.062 
                        fa0     1     39.210    2014.904    2054.114 
                    p1          9    394.666    9562.177    9956.843 
                      p0        3    134.340    4070.791    4205.131 
                        ha0     1     47.565     741.621     789.186 
                        ha1     1     47.565    1314.298    1361.863 
                        fa0     1     39.210    2014.872    2054.083 
                      p1        3    134.340    3921.052    4055.392 
                        ha0     1     47.565     742.682     790.247 
                        ha1     1     47.565    1163.497    1211.062 
                        fa0     1     39.210    2014.872    2054.083 
                  p1           22    954.528   20969.561   21924.089 
                    p0          9    394.666    9787.614   10182.280 
                      p0        3    134.340    4116.264    4250.604 
                        ha0     1     47.565     748.921     796.486 
                        ha1     1     47.565    1329.662    1377.227 
                        fa0     1     39.210    2037.681    2076.891 
                      p1        3    134.340    3917.248    4051.588 
                        ha0     1     47.565     740.946     788.511 
                        ha1     1     47.565    1163.549    1211.114 
                        fa0     1     39.210    2012.753    2051.964 
                    p1          9    394.666    9554.477    9949.143 
                      p0        3    134.340    4066.956    4201.296 
                        ha0     1     47.565     739.885     787.449 
                        ha1     1     47.565    1314.349    1361.914 
                        fa0     1     39.210    2012.722    2051.932 
                      p1        3    134.340    3917.187    4051.527 
                        ha0     1     47.565     740.946     788.511 
                        ha1     1     47.565    1163.549    1211.114 
                        fa0     1     39.210    2012.692    2051.902 
              p1              104   4470.543   89687.636   94158.179 
                p0             49   2113.463   44215.236   46328.699 
                  p0           22    954.528   21383.909   22338.437 
                    p0          9    394.666    9910.720   10305.386 
                      p0        3    134.340    4169.520    4303.861 
                        ha0     1     47.565     759.801     807.366 
                        ha1     1     47.565    1344.922    1392.487 
                        fa0     1     39.210    2064.797    2104.008 
                      p1        3    134.340    3968.762    4103.102 
                        ha0     1     47.565     751.803     799.368 
                        ha1     1     47.565    1177.144    1224.709 
                        fa0     1     39.210    2039.814    2079.025 
                    p1          9    394.666    9675.870   10070.536 
                      p0        3    134.340    4120.135    4254.475 
                        ha0     1     47.565     750.742     798.307 
                        ha1     1     47.565    1329.610    1377.175 
                        fa0     1     39.210    2039.783    2078.993 
                      p1        3    134.340    3968.731    4103.071 
                        ha0     1     47.565     751.803     799.368 
                        ha1     1     47.565    1177.144    1224.709 
                        fa0     1     39.210    2039.783    2078.993 
                  p1           22    954.528   20984.842   21939.370 
                    p0          9    394.666    9795.278   10189.944 
                      p0        3    134.340    4120.135    4254.475 
                        ha0     1     47.565     750.742     798.307 
                        ha1     1     47.565    1329.610    1377.175 
                        fa0     1     39.210    2039.783    2078.993 
                      p1        3    134.340    3921.042    4055.382 
                        ha0     1     47.565     742.745     790.310 
                        ha1     1     47.565    1163.497    1211.062 
                        fa0     1     39.210    2014.799    2054.010 
                    p1          9    394.666    9562.094    9956.760 
                      p0        3    134.340    4070.749    4205.090 
                        ha0     1     47.565     741.683     789.248 
                        ha1     1     47.565    1314.298    1361.863 
                        fa0     1     39.210    2014.768    2053.979 
                      p1        3    134.340    3921.010    4055.351 
                        ha0     1     47.565     742.745     790.310 
                        ha1     1     47.565    1163.497    1211.062 
                        fa0     1     39.210    2014.768    2053.979 
                p1             49   2113.463   43763.290   45876.753 
                  p0           22    954.528   21136.365   22090.893 
                    p0          9    394.666    9795.278   10189.944 
                      p0        3    134.340    4120.135    4254.475 
                        ha0     1     47.565     750.742     798.307 
                        ha1     1     47.565    1329.610    1377.175 
                        fa0     1     39.210    2039.783    2078.993 
                      p1        3    134.340    3921.042    4055.382 
                        ha0     1     47.565     742.745     790.310 
                        ha1     1     47.565    1163.497    1211.062 
                        fa0     1     39.210    2014.799    2054.010 
                    p1          9    394.666    9562.094    9956.760 
                      p0        3    134.340    4070.749    4205.090 
                        ha0     1     47.565     741.683     789.248 
                        ha1     1     47.565    1314.298    1361.863 
                        fa0     1     39.210    2014.768    2053.979 
                      p1        3    134.340    3921.010    4055.351 
                        ha0     1     47.565     742.745     790.310 
                        ha1     1     47.565    1163.497    1211.062 
                        fa0     1     39.210    2014.768    2053.979 
                  p1           22    954.528   20969.483   21924.012 
                    p0          9    394.666    9787.575   10182.241 
                      p0        3    134.340    4116.245    4250.585 
                        ha0     1     47.565     748.921     796.486 
                        ha1     1     47.565    1329.662    1377.227 
                        fa0     1     39.210    2037.661    2076.872 
                      p1        3    134.340    3917.229    4051.569 
                        ha0     1     47.565     740.946     788.511 
                        ha1     1     47.565    1163.549    1211.114 
                        fa0     1     39.210    2012.734    2051.944 
                    p1          9    394.666    9554.439    9949.105 
                      p0        3    134.340    4066.937    4201.277 
                        ha0     1     47.565     739.885     787.449 
                        ha1     1     47.565    1314.349    1361.914 
                        fa0     1     39.210    2012.703    2051.913 
                      p1        3    134.340    3917.167    4051.508 
                        ha0     1     47.565     740.946     788.511 
                        ha1     1     47.565    1163.549    1211.114 
                        fa0     1     39.210    2012.672    2051.883 
          p1                  438  18769.865  368727.345  387497.209 
            p0                215   9223.914  185629.310  194853.224 
              p0              104   4470.543   92964.627   97435.170 
                p0             49   2113.463   45750.806   47864.269 
                  p0           22    954.528   22126.703   23081.231 
                    p0          9    394.666   10257.127   10651.793 
                      p0        3    134.340    4317.720    4452.060 
                        ha0     1     47.565     786.909     834.474 
                        ha1     1     47.565    1390.859    1438.424 
                        fa0     1     39.210    2139.952    2179.162 
                      p1        3    134.340    4111.967    4246.307 
                        ha0     1     47.565     778.913     826.477 
                        ha1     1     47.565    1218.086    1265.651 
                        fa0     1     39.210    2114.969    2154.179 
                    p1          9    394.666   10017.279   10411.945 
                      p0        3    134.340    4268.334    4402.674 
                        ha0     1     47.565     777.851     825.416 
                        ha1     1     47.565    1375.547    1423.112 
                        fa0     1     39.210    2114.936    2154.146 
                      p1        3    134.340    4111.934    4246.274 
                        ha0     1     47.565     778.913     826.477 
                        ha1     1     47.565    1218.086    1265.651 
                        fa0     1     39.210    2114.936    2154.146 
                  p1           22    954.528   21722.639   22677.167 
                    p0          9    394.666   10141.684   10536.351 
                      p0        3    134.340    4268.334    4402.674 
                        ha0     1     47.565     777.851     825.416 
                        ha1     1     47.565    1375.547    1423.112 
                        fa0     1     39.210    2114.936    2154.146 
                      p1        3    134.340    4064.246    4198.586 
                        ha0     1     47.565     769.855     817.419 
                        ha1     1     47.565    1204.439    1252.004 
                        fa0     1     39.210    2089.952    2129.163 
                    p1          9    394.666    9903.502   10298.168 
                      p0        3    134.340    4218.948    4353.288 
                        ha0     1     47.565     768.793     816.358 
                        ha1     1     47.565    1360.234    1407.799 
                        fa0     1     39.210    2089.920    2129.130 
                      p1        3    134.340    4064.213    4198.553 
                        ha0     1     47.565     769.855     817.419 
                        ha1     1     47.565    1204.439    1252.004 
                        fa0     1     39.210    2089.920    2129.130 
                p1             49   2113.463   45293.214   47406.677 
                  p0           22    954.528   21879.157   22833.686 
                    p0          9    394.666   10141.684   10536.351 
                      p0        3    134.340    4268.334    4402.674 
                        ha0     1     47.565     777.851     825.416 
                        ha1     1     47.565    1375.547    1423.112 
                        fa0     1     39.210    2114.936    2154.146 
                      p1        3    134.340    4064.246    4198.586 
                        ha0     1     47.565     769.855     817.419 
                        ha1     1     47.565    1204.439    1252.004 
                        fa0     1     39.210    2089.952    2129.163 
                    p1          9    394.666    9903.502   10298.168 
                      p0        3    134.340    4218.948    4353.288 
                        ha0     1     47.565     768.793     816.358 
                        ha1     1     47.565    1360.234    1407.799 
                        fa0     1     39.210    2089.920    2129.130 
                      p1        3    134.340    4064.213    4198.553 
                        ha0     1     47.565     769.855     817.419 
                        ha1     1     47.565    1204.439    1252.004 
                        fa0     1     39.210    2089.920    2129.130 
                  p1           22    954.528   21706.633   22661.161 
                    p0          9    394.666   10133.658   10528.324 
                      p0        3    134.340    4264.281    4398.621 
                        ha0     1     47.565     776.032     823.597 
                        ha1     1     47.565    1375.601    1423.166 
                        fa0     1     39.210    2112.648    2151.859 
                      p1        3    134.340    4060.272    4194.612 
                        ha0     1     47.565     768.057     815.622 
                        ha1     1     47.565    1204.492    1252.057 
                        fa0     1     39.210    2087.723    2126.933 
                    p1          9    394.666    9895.522   10290.188 
                      p0        3    134.340    4214.974    4349.314 
                        ha0     1     47.565     766.995     814.560 
                        ha1     1     47.565    1360.288    1407.853 
                        fa0     1     39.210    2087.691    2126.901 
                      p1        3    134.340    4060.208    4194.548 
                        ha0     1     47.565     768.057     815.622 
                        ha1     1     47.565    1204.492    1252.057 
                        fa0     1     39.210    2087.659    2126.870 
              p1              104   4470.543   90676.150   95146.693 
                p0             49   2113.463   44697.440   46810.903 
                  p0           22    954.528   21616.594   22571.122 
                    p0          9    394.666   10018.732   10413.399 
                      p0        3    134.340    4215.145    4349.485 
                        ha0     1     47.565     768.841     816.406 
                        ha1     1     47.565    1360.235    1407.800 
                        fa0     1     39.210    2086.069    2125.280 
                      p1        3    134.340    4012.817    4147.158 
                        ha0     1     47.565     760.844     808.409 
                        ha1     1     47.565    1190.792    1238.357 
                        fa0     1     39.210    2061.182    2100.392 
                    p1          9    394.666    9782.217   10176.883 
                      p0        3    134.340    4165.835    4300.175 
                        ha0     1     47.565     759.782     807.347 
                        ha1     1     47.565    1344.922    1392.487 
                        fa0     1     39.210    2061.130    2100.341 
                      p1        3    134.340    4012.710    4147.050 
                        ha0     1     47.565     760.844     808.409 
                        ha1     1     47.565    1190.792    1238.357 
                        fa0     1     39.210    2061.074    2100.285 
                  p1           22    954.528   21216.035   22170.564 
                    p0          9    394.666    9903.378   10298.044 
                      p0        3    134.340    4165.804    4300.144 
                        ha0     1     47.565     759.782     807.347 
                        ha1     1     47.565    1344.922    1392.487 
                        fa0     1     39.210    2061.099    2100.309 
                      p1        3    134.340    3965.139    4099.479 
                        ha0     1     47.565     751.785     799.350 
                        ha1     1     47.565    1177.145    1224.709 
                        fa0     1     39.210    2036.209    2075.420 
                    p1          9    394.666    9668.528   10063.194 
                      p0        3    134.340    4116.492    4250.833 
                        ha0     1     47.565     750.724     798.289 
                        ha1     1     47.565    1329.610    1377.175 
                        fa0     1     39.210    2036.158    2075.369 
                      p1        3    134.340    3965.033    4099.373 
                        ha0     1     47.565     751.785     799.350 
                        ha1     1     47.565    1177.145    1224.709 
                        fa0     1     39.210    2036.103    2075.313 
                p1             49   2113.463   44252.940   46366.403 
                  p0           22    954.528   21369.224   22323.752 
                    p0          9    394.666    9903.378   10298.044 
                      p0        3    134.340    4165.804    4300.144 
                        ha0     1     47.565     759.782     807.347 
                        ha1     1     47.565    1344.922    1392.487 
                        fa0     1     39.210    2061.099    2100.309 
                      p1        3    134.340    3965.139    4099.479 
                        ha0     1     47.565     751.785     799.350 
                        ha1     1     47.565    1177.145    1224.709 
                        fa0     1     39.210    2036.209    2075.420 
                    p1          9    394.666    9668.528   10063.194 
                      p0        3    134.340    4116.492    4250.833 
                        ha0     1     47.565     750.724     798.289 
                        ha1     1     47.565    1329.610    1377.175 
                        fa0     1     39.210    2036.158    2075.369 
                      p1        3    134.340    3965.033    4099.373 
                        ha0     1     47.565     751.785     799.350 
                        ha1     1     47.565    1177.145    1224.709 
                        fa0     1     39.210    2036.103    2075.313 
                  p1           22    954.528   21209.615   22164.143 
                    p0          9    394.666    9900.146   10294.812 
                      p0        3    134.340    4164.178    4298.518 
                        ha0     1     47.565     757.958     805.523 
                        ha1     1     47.565    1344.975    1392.540 
                        fa0     1     39.210    2061.245    2100.455 
                      p1        3    134.340    3963.533    4097.873 
                        ha0     1     47.565     749.983     797.548 
                        ha1     1     47.565    1177.197    1224.762 
                        fa0     1     39.210    2036.353    2075.564 
                    p1          9    394.666    9665.339   10060.006 
                      p0        3    134.340    4114.886    4249.226 
                        ha0     1     47.565     748.921     796.486 
                        ha1     1     47.565    1329.662    1377.227 
                        fa0     1     39.210    2036.302    2075.513 
                      p1        3    134.340    3963.451    4097.791 
                        ha0     1     47.565     749.983     797.548 
                        ha1     1     47.565    1177.197    1224.762 
                        fa0     1     39.210    2036.272    2075.482 
            p1                215   9223.914  181221.836  190445.750 
              p0              104   4470.543   89844.713   94315.256 
                p0             49   2113.463   44215.558   46329.021 
                  p0           22    954.528   21384.071   22338.599 
                    p0          9    394.666    9910.801   10305.467 
                      p0        3    134.340    4169.561    4303.901 
                        ha0     1     47.565     759.735     807.300 
                        ha1     1     47.565    1344.922    1392.487 
                        fa0     1     39.210    2064.904    2104.115 
                      p1        3    134.340    3968.802    4103.143 
                        ha0     1     47.565     751.738     799.303 
                        ha1     1     47.565    1177.144    1224.709 
                        fa0     1     39.210    2039.920    2079.130 
                    p1          9    394.666    9675.950   10070.617 
                      p0        3    134.340    4120.175    4254.515 
                        ha0     1     47.565     750.677     798.242 
                        ha1     1     47.565    1329.610    1377.175 
                        fa0     1     39.210    2039.888    2079.099 
                      p1        3    134.340    3968.771    4103.111 
                        ha0     1     47.565     751.738     799.303 
                        ha1     1     47.565    1177.144    1224.709 
                        fa0     1     39.210    2039.888    2079.099 
                  p1           22    954.528   20985.002   21939.530 
                    p0          9    394.666    9795.358   10190.024 
                      p0        3    134.340    4120.175    4254.515 
                        ha0     1     47.565     750.677     798.242 
                        ha1     1     47.565    1329.610    1377.175 
                        fa0     1     39.210    2039.888    2079.099 
                      p1        3    134.340    3921.081    4055.422 
                        ha0     1     47.565     742.681     790.245 
                        ha1     1     47.565    1163.497    1211.062 
                        fa0     1     39.210    2014.904    2054.114 
                    p1          9    394.666    9562.174    9956.840 
                      p0        3    134.340    4070.789    4205.130 
                        ha0     1     47.565     741.619     789.184 
                        ha1     1     47.565    1314.298    1361.863 
                        fa0     1     39.210    2014.872    2054.083 
                      p1        3    134.340    3921.050    4055.391 
                        ha0     1     47.565     742.681     790.245 
                        ha1     1     47.565    1163.497    1211.062 
                        fa0     1     39.210    2014.872    2054.083 
                p1             49   2113.463   43763.527   45876.990 
                  p0           22    954.528   21136.525   22091.053 
                    p0          9    394.666    9795.358   10190.024 
                      p0        3    134.340    4120.175    4254.515 
                        ha0     1     47.565     750.677     798.242 
                        ha1     1     47.565    1329.610    1377.175 
                        fa0     1     39.210    2039.888    2079.099 
                      p1        3    134.340    3921.081    4055.422 
                        ha0     1     47.565     742.681     790.245 
                        ha1     1     47.565    1163.497    1211.062 
                        fa0     1     39.210    2014.904    2054.114 
                    p1          9    394.666    9562.174    9956.840 
                      p0        3    134.340    4070.789    4205.130 
                        ha0     1     47.565     741.619     789.184 
                        ha1     1     47.565    1314.298    1361.863 
                        fa0     1     39.210    2014.872    2054.083 
                      p1        3    134.340    3921.050    4055.391 
                        ha0     1     47.565     742.681     790.245 
                        ha1     1     47.565    1163.497    1211.062 
                        fa0     1     39.210    2014.872    2054.083 
                  p1           22    954.528   20969.561   21924.089 
                    p0          9    394.666    9787.614   10182.280 
                      p0        3    134.340    4116.264    4250.604 
                        ha0     1     47.565     748.921     796.486 
                        ha1     1     47.565    1329.662    1377.227 
                        fa0     1     39.210    2037.681    2076.891 
                      p1        3    134.340    3917.248    4051.588 
                        ha0     1     47.565     740.946     788.511 
                        ha1     1     47.565    1163.549    1211.114 
                        fa0     1     39.210    2012.753    2051.964 
                    p1          9    394.666    9554.477    9949.143 
                      p0        3    134.340    4066.956    4201.296 
                        ha0     1     47.565     739.885     787.449 
                        ha1     1     47.565    1314.349    1361.914 
                        fa0     1     39.210    2012.722    2051.932 
                      p1        3    134.340    3917.187    4051.527 
                        ha0     1     47.565     740.946     788.511 
                        ha1     1     47.565    1163.549    1211.114 
                        fa0     1     39.210    2012.692    2051.902 
              p1              104   4470.543   89638.476   94109.019 
                p0             49   2113.463   44186.059   46299.522 
                  p0           22    954.528   21369.232   22323.760 
                    p0          9    394.666    9903.381   10298.047 
                      p0        3    134.340    4165.804    4300.144 
                        ha0     1     47.565     759.782     807.347 
                        ha1     1     47.565    1344.922    1392.487 
                        fa0     1     39.210    2061.099    2100.310 
                      p1        3    134.340    3965.140    4099.480 
                        ha0     1     47.565     751.785     799.350 
                        ha1     1     47.565    1177.144    1224.709 
                        fa0     1     39.210    2036.211    2075.421 
                    p1          9    394.666    9668.531   10063.198 
                      p0        3    134.340    4116.493    4250.833 
                        ha0     1     47.565     750.724     798.289 
                        ha1     1     47.565    1329.610    1377.175 
                        fa0     1     39.210    2036.160    2075.370 
                      p1        3    134.340    3965.034    4099.374 
                        ha0     1     47.565     751.785     799.350 
                        ha1     1     47.565    1177.144    1224.709 
                        fa0     1     39.210    2036.104    2075.315 
                  p1           22    954.528   20970.342   21924.871 
                    p0          9    394.666    9788.028   10182.694 
                      p0        3    134.340    4116.463    4250.803 
                        ha0     1     47.565     750.724     798.289 
                        ha1     1     47.565    1329.610    1377.175 
                        fa0     1     39.210    2036.129    2075.339 
                      p1        3    134.340    3917.463    4051.804 
                        ha0     1     47.565     742.727     790.292 
                        ha1     1     47.565    1163.497    1211.062 
                        fa0     1     39.210    2011.239    2050.450 
                    p1          9    394.666    9554.845    9949.511 
                      p0        3    134.340    4067.152    4201.492 
                        ha0     1     47.565     741.665     789.230 
                        ha1     1     47.565    1314.298    1361.863 
                        fa0     1     39.210    2011.189    2050.399 
                      p1        3    134.340    3917.358    4051.699 
                        ha0     1     47.565     742.727     790.292 
                        ha1     1     47.565    1163.497    1211.062 
                        fa0     1     39.210    2011.134    2050.345 
                p1             49   2113.463   43743.306   45856.769 
                  p0           22    954.528   21121.865   22076.394 
                    p0          9    394.666    9788.028   10182.694 
                      p0        3    134.340    4116.463    4250.803 
                        ha0     1     47.565     750.724     798.289 
                        ha1     1     47.565    1329.610    1377.175 
                        fa0     1     39.210    2036.129    2075.339 
                      p1        3    134.340    3917.463    4051.804 
                        ha0     1     47.565     742.727     790.292 
                        ha1     1     47.565    1163.497    1211.062 
                        fa0     1     39.210    2011.239    2050.450 
                    p1          9    394.666    9554.845    9949.511 
                      p0        3    134.340    4067.152    4201.492 
                        ha0     1     47.565     741.665     789.230 
                        ha1     1     47.565    1314.298    1361.863 
                        fa0     1     39.210    2011.189    2050.399 
                      p1        3    134.340    3917.358    4051.699 
                        ha0     1     47.565     742.727     790.292 
                        ha1     1     47.565    1163.497    1211.062 
                        fa0     1     39.210    2011.134    2050.345 
                  p1           22    954.528   20963.999   21918.527 
                    p0          9    394.666    9784.834   10179.501 
                      p0        3    134.340    4114.856    4249.196 
                        ha0     1     47.565     748.921     796.486 
                        ha1     1     47.565    1329.662    1377.227 
                        fa0     1     39.210    2036.273    2075.483 
                      p1        3    134.340    3915.876    4050.217 
                        ha0     1     47.565     740.946     788.511 
                        ha1     1     47.565    1163.549    1211.114 
                        fa0     1     39.210    2011.381    2050.592 
                    p1          9    394.666    9551.695    9946.361 
                      p0        3    134.340    4065.565    4199.905 
                        ha0     1     47.565     739.885     787.449 
                        ha1     1     47.565    1314.349    1361.914 
                        fa0     1     39.210    2011.331    2050.541 
                      p1        3    134.340    3915.796    4050.136 
                        ha0     1     47.565     740.946     788.511 
                        ha1     1     47.565    1163.549    1211.114 
                        fa0     1     39.210    2011.301    2050.511 
        p1                    885  37900.978  739975.188  777876.166 
          p0                  438  18769.865  368995.589  387765.454 
            p0                215   9223.914  185678.520  194902.434 
              p0              104   4470.543   92965.128   97435.672 
                p0             49   2113.463   45751.140   47864.603 
                  p0           22    954.528   22126.871   23081.399 
                    p0          9    394.666   10257.211   10651.877 
                      p0        3    134.340    4317.762    4452.102 
                        ha0     1     47.565     786.951     834.516 
                        ha1     1     47.565    1390.859    1438.424 
                        fa0     1     39.210    2139.952    2179.162 
                      p1        3    134.340    4112.008    4246.348 
                        ha0     1     47.565     778.954     826.519 
                        ha1     1     47.565    1218.086    1265.651 
                        fa0     1     39.210    2114.969    2154.179 
                    p1          9    394.666   10017.362   10412.028 
                      p0        3    134.340    4268.375    4402.715 
                        ha0     1     47.565     777.892     825.457 
                        ha1     1     47.565    1375.547    1423.112 
                        fa0     1     39.210    2114.936    2154.146 
                      p1        3    134.340    4111.975    4246.316 
                        ha0     1     47.565     778.954     826.519 
                        ha1     1     47.565    1218.086    1265.651 
                        fa0     1     39.210    2114.936    2154.146 
                  p1           22    954.528   21722.803   22677.332 
                    p0          9    394.666   10141.767   10536.433 
                      p0        3    134.340    4268.375    4402.715 
                        ha0     1     47.565     777.892     825.457 
                        ha1     1     47.565    1375.547    1423.112 
                        fa0     1     39.210    2114.936    2154.146 
                      p1        3    134.340    4064.286    4198.627 
                        ha0     1     47.565     769.895     817.460 
                        ha1     1     47.565    1204.439    1252.004 
                        fa0     1     39.210    2089.952    2129.163 
                    p1          9    394.666    9903.584   10298.250 
                      p0        3    134.340    4218.989    4353.329 
                        ha0     1     47.565     768.834     816.399 
                        ha1     1     47.565    1360.235    1407.800 
                        fa0     1     39.210    2089.920    2129.130 
                      p1        3    134.340    4064.254    4198.594 
                        ha0     1     47.565     769.895     817.460 
                        ha1     1     47.565    1204.439    1252.004 
                        fa0     1     39.210    2089.920    2129.130 
                p1             49   2113.463   45293.380   47406.843 
                  p0           22    954.528   21879.322   22833.850 
                    p0          9    394.666   10141.767   10536.433 
                      p0        3    134.340    4268.375    4402.715 
                        ha0     1     47.565     777.892     825.457 
                        ha1     1     47.565    1375.547    1423.112 
                        fa0     1     39.210    2114.936    2154.146 
                      p1        3    134.340    4064.286    4198.627 
                        ha0     1     47.565     769.895     817.460 
                        ha1     1     47.565    1204.439    1252.004 
                        fa0     1     39.210    2089.952    2129.163 
                    p1          9    394.666    9903.584   10298.250 
                      p0        3    134.340    4218.989    4353.329 
                        ha0     1     47.565     768.834     816.399 
                        ha1     1     47.565    1360.235    1407.800 
                        fa0     1     39.210    2089.920    2129.130 
                      p1        3    134.340    4064.254    4198.594 
                        ha0     1     47.565     769.895     817.460 
                        ha1     1     47.565    1204.439    1252.004 
                        fa0     1     39.210    2089.920    2129.130 
                  p1           22    954.528   21706.634   22661.162 
                    p0          9    394.666   10133.658   10528.324 
                      p0        3    134.340    4264.281    4398.621 
                        ha0     1     47.565     776.032     823.597 
                        ha1     1     47.565    1375.601    1423.166 
                        fa0     1     39.210    2112.648    2151.859 
                      p1        3    134.340    4060.272    4194.612 
                        ha0     1     47.565     768.057     815.622 
                        ha1     1     47.565    1204.492    1252.057 
                        fa0     1     39.210    2087.723    2126.933 
                    p1          9    394.666    9895.523   10290.189 
                      p0        3    134.340    4214.974    4349.314 
                        ha0     1     47.565     766.995     814.560 
                        ha1     1     47.565    1360.288    1407.853 
                        fa0     1     39.210    2087.691    2126.901 
                      p1        3    134.340    4060.208    4194.548 
                        ha0     1     47.565     768.057     815.622 
                        ha1     1     47.565    1204.492    1252.057 
                        fa0     1     39.210    2087.659    2126.870 
              p1              104   4470.543   90724.858   95195.402 
                p0             49   2113.463   44726.267   46839.731 
                  p0           22    954.528   21631.093   22585.622 
                    p0          9    394.666   10025.982   10420.648 
                      p0        3    134.340    4218.817    4353.157 
                        ha0     1     47.565     768.739     816.304 
                        ha1     1     47.565    1360.235    1407.800 
                        fa0     1     39.210    2089.843    2129.054 
                      p1        3    134.340    4016.394    4150.734 
                        ha0     1     47.565     760.743     808.308 
                        ha1     1     47.565    1190.792    1238.357 
                        fa0     1     39.210    2064.859    2104.069 
                    p1          9    394.666    9789.466   10184.132 
                      p0        3    134.340    4169.431    4303.771 
                        ha0     1     47.565     759.682     807.247 
                        ha1     1     47.565    1344.922    1392.487 
                        fa0     1     39.210    2064.827    2104.037 
                      p1        3    134.340    4016.362    4150.702 
                        ha0     1     47.565     760.743     808.308 
                        ha1     1     47.565    1190.792    1238.357 
                        fa0     1     39.210    2064.827    2104.037 
                  p1           22    954.528   21230.363   22184.891 
                    p0          9    394.666    9910.541   10305.207 
                      p0        3    134.340    4169.431    4303.771 
                        ha0     1     47.565     759.682     807.247 
                        ha1     1     47.565    1344.922    1392.487 
                        fa0     1     39.210    2064.827    2104.037 
                      p1        3    134.340    3968.674    4103.014 
                        ha0     1     47.565     751.686     799.251 
                        ha1     1     47.565    1177.145    1224.709 
                        fa0     1     39.210    2039.844    2079.054 
                    p1          9    394.666    9675.692   10070.358 
                      p0        3    134.340    4120.047    4254.387 
                        ha0     1     47.565     750.624     798.189 
                        ha1     1     47.565    1329.610    1377.175 
                        fa0     1     39.210    2039.812    2079.023 
                      p1        3    134.340    3968.643    4102.983 
                        ha0     1     47.565     751.686     799.251 
                        ha1     1     47.565    1177.145    1224.709 
                        fa0     1     39.210    2039.812    2079.023 
                p1             49   2113.463   44272.820   46386.283 
                  p0           22    954.528   21383.551   22338.079 
                    p0          9    394.666    9910.541   10305.207 
                      p0        3    134.340    4169.431    4303.771 
                        ha0     1     47.565     759.682     807.247 
                        ha1     1     47.565    1344.922    1392.487 
                        fa0     1     39.210    2064.827    2104.037 
                      p1        3    134.340    3968.674    4103.014 
                        ha0     1     47.565     751.686     799.251 
                        ha1     1     47.565    1177.145    1224.709 
                        fa0     1     39.210    2039.844    2079.054 
                    p1          9    394.666    9675.692   10070.358 
                      p0        3    134.340    4120.047    4254.387 
                        ha0     1     47.565     750.624     798.189 
                        ha1     1     47.565    1329.610    1377.175 
                        fa0     1     39.210    2039.812    2079.023 
                      p1        3    134.340    3968.643    4102.983 
                        ha0     1     47.565     751.686     799.251 
                        ha1     1     47.565    1177.145    1224.709 
                        fa0     1     39.210    2039.812    2079.023 
                  p1           22    954.528   21215.167   22169.695 
                    p0          9    394.666    9902.920   10297.586 
                      p0        3    134.340    4165.582    4299.923 
                        ha0     1     47.565     757.958     805.523 
                        ha1     1     47.565    1344.975    1392.540 
                        fa0     1     39.210    2062.649    2101.859 
                      p1        3    134.340    3964.902    4099.242 
                        ha0     1     47.565     749.983     797.548 
                        ha1     1     47.565    1177.197    1224.762 
                        fa0     1     39.210    2037.722    2076.933 
                    p1          9    394.666    9668.117   10062.783 
                      p0        3    134.340    4116.274    4250.615 
                        ha0     1     47.565     748.921     796.486 
                        ha1     1     47.565    1329.662    1377.227 
                        fa0     1     39.210    2037.691    2076.901 
                      p1        3    134.340    3964.840    4099.180 
                        ha0     1     47.565     749.983     797.548 
                        ha1     1     47.565    1177.197    1224.762 
                        fa0     1     39.210    2037.660    2076.870 
            p1                215   9223.914  181271.036  190494.950 
              p0              104   4470.543   89844.742   94315.285 
                p0             49   2113.463   44215.576   46329.039 
                  p0           22    954.528   21384.080   22338.609 
                    p0          9    394.666    9910.805   10305.471 
                      p0        3    134.340    4169.563    4303.903 
                        ha0     1     47.565     759.737     807.301 
                        ha1     1     47.565    1344.922    1392.487 
                        fa0     1     39.210    2064.904    2104.115 
                      p1        3    134.340    3968.805    4103.145 
                        ha0     1     47.565     751.740     799.305 
                        ha1     1     47.565    1177.145    1224.709 
                        fa0     1     39.210    2039.920    2079.130 
                    p1          9    394.666    9675.955   10070.621 
                      p0        3    134.340    4120.177    4254.517 
                        ha0     1     47.565     750.679     798.244 
                        ha1     1     47.565    1329.610    1377.175 
                        fa0     1     39.210    2039.888    2079.099 
                      p1        3    134.340    3968.773    4103.113 
                        ha0     1     47.565     751.740     799.305 
                        ha1     1     47.565    1177.145    1224.709 
                        fa0     1     39.210    2039.888    2079.099 
                  p1           22    954.528   20985.010   21939.538 
                    p0          9    394.666    9795.362   10190.029 
                      p0        3    134.340    4120.177    4254.517 
                        ha0     1     47.565     750.679     798.244 
                        ha1     1     47.565    1329.610    1377.175 
                        fa0     1     39.210    2039.888    2079.099 
                      p1        3    134.340    3921.083    4055.423 
                        ha0     1     47.565     742.682     790.247 
                        ha1     1     47.565    1163.497    1211.062 
                        fa0     1     39.210    2014.904    2054.114 
                    p1          9    394.666    9562.178    9956.844 
                      p0        3    134.340    4070.791    4205.131 
                        ha0     1     47.565     741.621     789.186 
                        ha1     1     47.565    1314.298    1361.863 
                        fa0     1     39.210    2014.872    2054.083 
                      p1        3    134.340    3921.052    4055.392 
                        ha0     1     47.565     742.682     790.247 
                        ha1     1     47.565    1163.497    1211.062 
                        fa0     1     39.210    2014.872    2054.083 
                p1             49   2113.463   43763.538   45877.001 
                  p0           22    954.528   21136.533   22091.061 
                    p0          9    394.666    9795.362   10190.029 
                      p0        3    134.340    4120.177    4254.517 
                        ha0     1     47.565     750.679     798.244 
                        ha1     1     47.565    1329.610    1377.175 
                        fa0     1     39.210    2039.888    2079.099 
                      p1        3    134.340    3921.083    4055.423 
                        ha0     1     47.565     742.682     790.247 
                        ha1     1     47.565    1163.497    1211.062 
                        fa0     1     39.210    2014.904    2054.114 
                    p1          9    394.666    9562.178    9956.844 
                      p0        3    134.340    4070.791    4205.131 
                        ha0     1     47.565     741.621     789.186 
                        ha1     1     47.565    1314.298    1361.863 
                        fa0     1     39.210    2014.872    2054.083 
                      p1        3    134.340    3921.052    4055.392 
                        ha0     1     47.565     742.682     790.247 
                        ha1     1     47.565    1163.497    1211.062 
                        fa0     1     39.210    2014.872    2054.083 
                  p1           22    954.528   20969.562   21924.091 
                    p0          9    394.666    9787.615   10182.281 
                      p0        3    134.340    4116.265    4250.605 
                        ha0     1     47.565     748.921     796.486 
                        ha1     1     47.565    1329.662    1377.227 
                        fa0     1     39.210    2037.681    2076.891 
                      p1        3    134.340    3917.248    4051.588 
                        ha0     1     47.565     740.946     788.511 
                        ha1     1     47.565    1163.549    1211.114 
                        fa0     1     39.210    2012.753    2051.964 
                    p1          9    394.666    9554.478    9949.144 
                      p0        3    134.340    4066.956    4201.296 
                        ha0     1     47.565     739.885     787.449 
                        ha1     1     47.565    1314.349    1361.914 
                        fa0     1     39.210    2012.722    2051.932 
                      p1        3    134.340    3917.187    4051.527 
                        ha0     1     47.565     740.946     788.511 
                        ha1     1     47.565    1163.549    1211.114 
                        fa0     1     39.210    2012.692    2051.902 
              p1              104   4470.543   89687.646   94158.189 
                p0             49   2113.463   44215.241   46328.704 
                  p0           22    954.528   21383.912   22338.440 
                    p0          9    394.666    9910.721   10305.387 
                      p0        3    134.340    4169.520    4303.861 
                        ha0     1     47.565     759.801     807.366 
                        ha1     1     47.565    1344.922    1392.487 
                        fa0     1     39.210    2064.797    2104.008 
                      p1        3    134.340    3968.763    4103.103 
                        ha0     1     47.565     751.804     799.368 
                        ha1     1     47.565    1177.145    1224.709 
                        fa0     1     39.210    2039.814    2079.025 
                    p1          9    394.666    9675.871   10070.537 
                      p0        3    134.340    4120.135    4254.475 
                        ha0     1     47.565     750.742     798.307 
                        ha1     1     47.565    1329.610    1377.175 
                        fa0     1     39.210    2039.783    2078.993 
                      p1        3    134.340    3968.731    4103.071 
                        ha0     1     47.565     751.804     799.368 
                        ha1     1     47.565    1177.145    1224.709 
                        fa0     1     39.210    2039.783    2078.993 
                  p1           22    954.528   20984.844   21939.372 
                    p0          9    394.666    9795.279   10189.945 
                      p0        3    134.340    4120.135    4254.475 
                        ha0     1     47.565     750.742     798.307 
                        ha1     1     47.565    1329.610    1377.175 
                        fa0     1     39.210    2039.783    2078.993 
                      p1        3    134.340    3921.042    4055.382 
                        ha0     1     47.565     742.745     790.310 
                        ha1     1     47.565    1163.497    1211.062 
                        fa0     1     39.210    2014.799    2054.010 
                    p1          9    394.666    9562.095    9956.761 
                      p0        3    134.340    4070.749    4205.090 
                        ha0     1     47.565     741.683     789.248 
                        ha1     1     47.565    1314.298    1361.863 
                        fa0     1     39.210    2014.768    2053.979 
                      p1        3    134.340    3921.010    4055.351 
                        ha0     1     47.565     742.745     790.310 
                        ha1     1     47.565    1163.497    1211.062 
                        fa0     1     39.210    2014.768    2053.979 
                p1             49   2113.463   43763.294   45876.757 
                  p0           22    954.528   21136.367   22090.895 
                    p0          9    394.666    9795.279   10189.945 
                      p0        3    134.340    4120.135    4254.475 
                        ha0     1     47.565     750.742     798.307 
                        ha1     1     47.565    1329.610    1377.175 
                        fa0     1     39.210    2039.783    2078.993 
                      p1        3    134.340    3921.042    4055.382 
                        ha0     1     47.565     742.745     790.310 
                        ha1     1     47.565    1163.497    1211.062 
                        fa0     1     39.210    2014.799    2054.010 
                    p1          9    394.666    9562.095    9956.761 
                      p0        3    134.340    4070.749    4205.090 
                        ha0     1     47.565     741.683     789.248 
                        ha1     1     47.565    1314.298    1361.863 
                        fa0     1     39.210    2014.768    2053.979 
                      p1        3    134.340    3921.010    4055.351 
                        ha0     1     47.565     742.745     790.310 
                        ha1     1     47.565    1163.497    1211.062 
                        fa0     1     39.210    2014.768    2053.979 
                  p1           22    954.528   20969.485   21924.013 
                    p0          9    394.666    9787.576   10182.242 
                      p0        3    134.340    4116.245    4250.585 
                        ha0     1     47.565     748.921     796.486 
                        ha1     1     47.565    1329.662    1377.227 
                        fa0     1     39.210    2037.661    2076.872 
                      p1        3    134.340    3917.229    4051.569 
                        ha0     1     47.565     740.946     788.511 
                        ha1     1     47.565    1163.549    1211.114 
                        fa0     1     39.210    2012.734    2051.944 
                    p1          9    394.666    9554.439    9949.105 
                      p0        3    134.340    4066.937    4201.277 
                        ha0     1     47.565     739.885     787.449 
                        ha1     1     47.565    1314.349    1361.914 
                        fa0     1     39.210    2012.703    2051.913 
                      p1        3    134.340    3917.167    4051.508 
                        ha0     1     47.565     740.946     788.511 
                        ha1     1     47.565    1163.549    1211.114 
                        fa0     1     39.210    2012.672    2051.883 
          p1                  438  18769.865  369029.446  387799.311 
            p0                215   9223.914  185780.765  195004.678 
              p0              104   4470.543   93018.331   97488.874 
                p0             49   2113.463   45775.641   47889.104 
                  p0           22    954.528   22139.196   23093.724 
                    p0          9    394.666   10263.376   10658.042 
                      p0        3    134.340    4320.879    4455.219 
                        ha0     1     47.565     786.973     834.538 
                        ha1     1     47.565    1390.859    1438.424 
                        fa0     1     39.210    2143.047    2182.257 
                      p1        3    134.340    4115.056    4249.396 
                        ha0     1     47.565     778.976     826.541 
                        ha1     1     47.565    1218.086    1265.651 
                        fa0     1     39.210    2117.994    2157.204 
                    p1          9    394.666   10023.522   10418.188 
                      p0        3    134.340    4271.455    4405.795 
                        ha0     1     47.565     777.915     825.480 
                        ha1     1     47.565    1375.547    1423.112 
                        fa0     1     39.210    2117.994    2157.204 
                      p1        3    134.340    4115.056    4249.396 
                        ha0     1     47.565     778.976     826.541 
                        ha1     1     47.565    1218.086    1265.651 
                        fa0     1     39.210    2117.994    2157.204 
                  p1           22    954.528   21734.979   22689.508 
                    p0          9    394.666   10147.857   10542.523 
                      p0        3    134.340    4271.455    4405.795 
                        ha0     1     47.565     777.915     825.480 
                        ha1     1     47.565    1375.547    1423.112 
                        fa0     1     39.210    2117.994    2157.204 
                      p1        3    134.340    4067.297    4201.637 
                        ha0     1     47.565     769.917     817.482 
                        ha1     1     47.565    1204.439    1252.004 
                        fa0     1     39.210    2092.941    2132.151 
                    p1          9    394.666    9909.670   10304.336 
                      p0        3    134.340    4222.031    4356.372 
                        ha0     1     47.565     768.856     816.421 
                        ha1     1     47.565    1360.235    1407.800 
                        fa0     1     39.210    2092.941    2132.151 
                      p1        3    134.340    4067.297    4201.637 
                        ha0     1     47.565     769.917     817.482 
                        ha1     1     47.565    1204.439    1252.004 
                        fa0     1     39.210    2092.941    2132.151 
                p1             49   2113.463   45322.082   47435.545 
                  p0           22    954.528   21891.498   22846.026 
                    p0          9    394.666   10147.857   10542.523 
                      p0        3    134.340    4271.455    4405.795 
                        ha0     1     47.565     777.915     825.480 
                        ha1     1     47.565    1375.547    1423.112 
                        fa0     1     39.210    2117.994    2157.204 
                      p1        3    134.340    4067.297    4201.637 
                        ha0     1     47.565     769.917     817.482 
                        ha1     1     47.565    1204.439    1252.004 
                        fa0     1     39.210    2092.941    2132.151 
                    p1          9    394.666    9909.670   10304.336 
                      p0        3    134.340    4222.031    4356.372 
                        ha0     1     47.565     768.856     816.421 
                        ha1     1     47.565    1360.235    1407.800 
                        fa0     1     39.210    2092.941    2132.151 
                      p1        3    134.340    4067.297    4201.637 
                        ha0     1     47.565     769.917     817.482 
                        ha1     1     47.565    1204.439    1252.004 
                        fa0     1     39.210    2092.941    2132.151 
                  p1           22    954.528   21723.159   22677.687 
                    p0          9    394.666   10141.945   10536.611 
                      p0        3    134.340    4268.465    4402.805 
                        ha0     1     47.565     777.915     825.480 
                        ha1     1     47.565    1375.547    1423.112 
                        fa0     1     39.210    2115.003    2154.214 
                      p1        3    134.340    4064.375    4198.715 
                        ha0     1     47.565     769.917     817.482 
                        ha1     1     47.565    1204.439    1252.004 
                        fa0     1     39.210    2090.019    2129.229 
                    p1          9    394.666    9903.761   10298.428 
                      p0        3    134.340    4219.077    4353.417 
                        ha0     1     47.565     768.856     816.421 
                        ha1     1     47.565    1360.235    1407.800 
                        fa0     1     39.210    2089.987    2129.197 
                      p1        3    134.340    4064.343    4198.683 
                        ha0     1     47.565     769.917     817.482 
                        ha1     1     47.565    1204.439    1252.004 
                        fa0     1     39.210    2089.987    2129.197 
              p1              104   4470.543   90773.901   95244.444 
                p0             49   2113.463   44748.648   46862.111 
                  p0           22    954.528   21642.353   22596.882 
                    p0          9    394.666   10031.614   10426.280 
                      p0        3    134.340    4221.666    4356.006 
                        ha0     1     47.565     768.735     816.300 
                        ha1     1     47.565    1360.235    1407.800 
                        fa0     1     39.210    2092.696    2131.907 
                      p1        3    134.340    4019.176    4153.516 
                        ha0     1     47.565     760.739     808.304 
                        ha1     1     47.565    1190.792    1238.357 
                        fa0     1     39.210    2067.645    2106.856 
                    p1          9    394.666    9795.095   10189.761 
                      p0        3    134.340    4172.246    4306.586 
                        ha0     1     47.565     759.678     807.243 
                        ha1     1     47.565    1344.922    1392.487 
                        fa0     1     39.210    2067.645    2106.856 
                      p1        3    134.340    4019.176    4153.516 
                        ha0     1     47.565     760.739     808.304 
                        ha1     1     47.565    1190.792    1238.357 
                        fa0     1     39.210    2067.645    2106.856 
                  p1           22    954.528   21241.484   22196.012 
                    p0          9    394.666    9916.103   10310.769 
                      p0        3    134.340    4172.246    4306.586 
                        ha0     1     47.565     759.678     807.243 
                        ha1     1     47.565    1344.922    1392.487 
                        fa0     1     39.210    2067.645    2106.856 
                      p1        3    134.340    3971.422    4105.762 
                        ha0     1     47.565     751.682     799.247 
                        ha1     1     47.565    1177.145    1224.709 
                        fa0     1     39.210    2042.595    2081.806 
                    p1          9    394.666    9681.251   10075.917 
                      p0        3    134.340    4122.826    4257.166 
                        ha0     1     47.565     750.621     798.186 
                        ha1     1     47.565    1329.610    1377.175 
                        fa0     1     39.210    2042.595    2081.806 
                      p1        3    134.340    3971.422    4105.762 
                        ha0     1     47.565     751.682     799.247 
                        ha1     1     47.565    1177.145    1224.709 
                        fa0     1     39.210    2042.595    2081.806 
                p1             49   2113.463   44299.481   46412.944 
                  p0           22    954.528   21394.672   22349.200 
                    p0          9    394.666    9916.103   10310.769 
                      p0        3    134.340    4172.246    4306.586 
                        ha0     1     47.565     759.678     807.243 
                        ha1     1     47.565    1344.922    1392.487 
                        fa0     1     39.210    2067.645    2106.856 
                      p1        3    134.340    3971.422    4105.762 
                        ha0     1     47.565     751.682     799.247 
                        ha1     1     47.565    1177.145    1224.709 
                        fa0     1     39.210    2042.595    2081.806 
                    p1          9    394.666    9681.251   10075.917 
                      p0        3    134.340    4122.826    4257.166 
                        ha0     1     47.565     750.621     798.186 
                        ha1     1     47.565    1329.610    1377.175 
                        fa0     1     39.210    2042.595    2081.806 
                      p1        3    134.340    3971.422    4105.762 
                        ha0     1     47.565     751.682     799.247 
                        ha1     1     47.565    1177.145    1224.709 
                        fa0     1     39.210    2042.595    2081.806 
                  p1           22    954.528   21230.708   22185.236 
                    p0          9    394.666    9910.714   10305.380 
                      p0        3    134.340    4169.518    4303.858 
                        ha0     1     47.565     759.678     807.243 
                        ha1     1     47.565    1344.922    1392.487 
                        fa0     1     39.210    2064.918    2104.128 
                      p1        3    134.340    3968.760    4103.100 
                        ha0     1     47.565     751.682     799.247 
                        ha1     1     47.565    1177.145    1224.709 
                        fa0     1     39.210    2039.933    2079.144 
                    p1          9    394.666    9675.864   10070.530 
                      p0        3    134.340    4120.133    4254.473 
                        ha0     1     47.565     750.621     798.186 
                        ha1     1     47.565    1329.610    1377.175 
                        fa0     1     39.210    2039.902    2079.112 
                      p1        3    134.340    3968.728    4103.069 
                        ha0     1     47.565     751.682     799.247 
                        ha1     1     47.565    1177.145    1224.709 
                        fa0     1     39.210    2039.902    2079.112 
            p1                215   9223.914  181372.483  190596.397 
              p0              104   4470.543   89895.161   94365.704 
                p0             49   2113.463   44238.768   46352.231 
                  p0           22    954.528   21395.749   22350.278 
                    p0          9    394.666    9916.642   10311.308 
                      p0        3    134.340    4172.516    4306.856 
                        ha0     1     47.565     759.737     807.301 
                        ha1     1     47.565    1344.922    1392.487 
                        fa0     1     39.210    2067.857    2107.067 
                      p1        3    134.340    3971.689    4106.029 
                        ha0     1     47.565     751.740     799.305 
                        ha1     1     47.565    1177.145    1224.709 
                        fa0     1     39.210    2042.804    2082.015 
                    p1          9    394.666    9681.787   10076.453 
                      p0        3    134.340    4123.093    4257.433 
                        ha0     1     47.565     750.679     798.244 
                        ha1     1     47.565    1329.610    1377.175 
                        fa0     1     39.210    2042.804    2082.015 
                      p1        3    134.340    3971.689    4106.029 
                        ha0     1     47.565     751.740     799.305 
                        ha1     1     47.565    1177.145    1224.709 
                        fa0     1     39.210    2042.804    2082.015 
                  p1           22    954.528   20996.533   21951.061 
                    p0          9    394.666    9801.126   10195.793 
                      p0        3    134.340    4123.093    4257.433 
                        ha0     1     47.565     750.679     798.244 
                        ha1     1     47.565    1329.610    1377.175 
                        fa0     1     39.210    2042.804    2082.015 
                      p1        3    134.340    3923.931    4058.271 
                        ha0     1     47.565     742.682     790.247 
                        ha1     1     47.565    1163.497    1211.062 
                        fa0     1     39.210    2017.752    2056.962 
                    p1          9    394.666    9567.936    9962.602 
                      p0        3    134.340    4073.670    4208.010 
                        ha0     1     47.565     741.621     789.186 
                        ha1     1     47.565    1314.298    1361.863 
                        fa0     1     39.210    2017.752    2056.962 
                      p1        3    134.340    3923.931    4058.271 
                        ha0     1     47.565     742.682     790.247 
                        ha1     1     47.565    1163.497    1211.062 
                        fa0     1     39.210    2017.752    2056.962 
                p1             49   2113.463   43790.765   45904.228 
                  p0           22    954.528   21148.056   22102.584 
                    p0          9    394.666    9801.126   10195.793 
                      p0        3    134.340    4123.093    4257.433 
                        ha0     1     47.565     750.679     798.244 
                        ha1     1     47.565    1329.610    1377.175 
                        fa0     1     39.210    2042.804    2082.015 
                      p1        3    134.340    3923.931    4058.271 
                        ha0     1     47.565     742.682     790.247 
                        ha1     1     47.565    1163.497    1211.062 
                        fa0     1     39.210    2017.752    2056.962 
                    p1          9    394.666    9567.936    9962.602 
                      p0        3    134.340    4073.670    4208.010 
                        ha0     1     47.565     741.621     789.186 
                        ha1     1     47.565    1314.298    1361.863 
                        fa0     1     39.210    2017.752    2056.962 
                      p1        3    134.340    3923.931    4058.271 
                        ha0     1     47.565     742.682     790.247 
                        ha1     1     47.565    1163.497    1211.062 
                        fa0     1     39.210    2017.752    2056.962 
                  p1           22    954.528   20985.268   21939.796 
                    p0          9    394.666    9795.492   10190.158 
                      p0        3    134.340    4120.242    4254.582 
                        ha0     1     47.565     750.679     798.244 
                        ha1     1     47.565    1329.610    1377.175 
                        fa0     1     39.210    2039.953    2079.164 
                      p1        3    134.340    3921.147    4055.487 
                        ha0     1     47.565     742.682     790.247 
                        ha1     1     47.565    1163.497    1211.062 
                        fa0     1     39.210    2014.968    2054.178 
                    p1          9    394.666    9562.306    9956.972 
                      p0        3    134.340    4070.855    4205.195 
                        ha0     1     47.565     741.621     789.186 
                        ha1     1     47.565    1314.298    1361.863 
                        fa0     1     39.210    2014.937    2054.147 
                      p1        3    134.340    3921.116    4055.456 
                        ha0     1     47.565     742.682     790.247 
                        ha1     1     47.565    1163.497    1211.062 
                        fa0     1     39.210    2014.937    2054.147 
              p1              104   4470.543   89738.673   94209.216 
                p0             49   2113.463   44238.843   46352.306 
                  p0           22    954.528   21395.787   22350.315 
                    p0          9    394.666    9916.661   10311.327 
                      p0        3    134.340    4172.525    4306.865 
                        ha0     1     47.565     759.797     807.362 
                        ha1     1     47.565    1344.922    1392.487 
                        fa0     1     39.210    2067.806    2107.016 
                      p1        3    134.340    3971.698    4106.039 
                        ha0     1     47.565     751.800     799.365 
                        ha1     1     47.565    1177.145    1224.709 
                        fa0     1     39.210    2042.754    2081.964 
                    p1          9    394.666    9681.806   10076.472 
                      p0        3    134.340    4123.103    4257.443 
                        ha0     1     47.565     750.738     798.303 
                        ha1     1     47.565    1329.610    1377.175 
                        fa0     1     39.210    2042.754    2081.964 
                      p1        3    134.340    3971.698    4106.039 
                        ha0     1     47.565     751.800     799.365 
                        ha1     1     47.565    1177.145    1224.709 
                        fa0     1     39.210    2042.754    2081.964 
                  p1           22    954.528   20996.570   21951.098 
                    p0          9    394.666    9801.145   10195.811 
                      p0        3    134.340    4123.103    4257.443 
                        ha0     1     47.565     750.738     798.303 
                        ha1     1     47.565    1329.610    1377.175 
                        fa0     1     39.210    2042.754    2081.964 
                      p1        3    134.340    3923.941    4058.281 
                        ha0     1     47.565     742.741     790.306 
                        ha1     1     47.565    1163.497    1211.062 
                        fa0     1     39.210    2017.702    2056.912 
                    p1          9    394.666    9567.955    9962.621 
                      p0        3    134.340    4073.680    4208.020 
                        ha0     1     47.565     741.680     789.245 
                        ha1     1     47.565    1314.298    1361.863 
                        fa0     1     39.210    2017.702    2056.912 
                      p1        3    134.340    3923.941    4058.281 
                        ha0     1     47.565     742.741     790.306 
                        ha1     1     47.565    1163.497    1211.062 
                        fa0     1     39.210    2017.702    2056.912 
                p1             49   2113.463   43790.719   45904.182 
                  p0           22    954.528   21148.093   22102.621 
                    p0          9    394.666    9801.145   10195.811 
                      p0        3    134.340    4123.103    4257.443 
                        ha0     1     47.565     750.738     798.303 
                        ha1     1     47.565    1329.610    1377.175 
                        fa0     1     39.210    2042.754    2081.964 
                      p1        3    134.340    3923.941    4058.281 
                        ha0     1     47.565     742.741     790.306 
                        ha1     1     47.565    1163.497    1211.062 
                        fa0     1     39.210    2017.702    2056.912 
                    p1          9    394.666    9567.955    9962.621 
                      p0        3    134.340    4073.680    4208.020 
                        ha0     1     47.565     741.680     789.245 
                        ha1     1     47.565    1314.298    1361.863 
                        fa0     1     39.210    2017.702    2056.912 
                      p1        3    134.340    3923.941    4058.281 
                        ha0     1     47.565     742.741     790.306 
                        ha1     1     47.565    1163.497    1211.062 
                        fa0     1     39.210    2017.702    2056.912 
                  p1           22    954.528   20985.184   21939.712 
                    p0          9    394.666    9795.450   10190.116 
                      p0        3    134.340    4120.221    4254.561 
                        ha0     1     47.565     750.738     798.303 
                        ha1     1     47.565    1329.610    1377.175 
                        fa0     1     39.210    2039.872    2079.083 
                      p1        3    134.340    3921.126    4055.467 
                        ha0     1     47.565     742.741     790.306 
                        ha1     1     47.565    1163.497    1211.062 
                        fa0     1     39.210    2014.888    2054.098 
                    p1          9    394.666    9562.264    9956.930 
                      p0        3    134.340    4070.834    4205.174 
                        ha0     1     47.565     741.680     789.245 
                        ha1     1     47.565    1314.298    1361.863 
                        fa0     1     39.210    2014.857    2054.067 
                      p1        3    134.340    3921.095    4055.435 
                        ha0     1     47.565     742.741     790.306 
                        ha1     1     47.565    1163.497    1211.062 
                        fa0     1     39.210    2014.857    2054.067 
      ctr                     598  12846.648  489774.211  502620.859 
        add_55_25             413   6006.614   72202.990   78209.604 
    genblk1[2].genblk1.sng    115   2317.314  135557.902  137875.216 
      ctr                      39   1500.784   92959.955   94460.739 
    genblk1[4].genblk1.sng    115   2305.288  120840.734  123146.022 
      ctr                      40   1520.537   78614.557   80135.095 
    genblk1[1].genblk1.sng    114   2293.094  138923.750  141216.844 
      ctr                      39   1500.784   93624.398   95125.182 
    genblk1[3].genblk1.sng    114   2293.094  130604.749  132897.843 
      ctr                      39   1500.784   91411.282   92912.066 
    genblk1[0].genblk1.sng    113   2290.473  140267.389  142557.863 
      ctr                      37   1481.503   94436.655   95918.158 

