============================================================
  Generated by:           Encounter(R) RTL Compiler v14.10-s022_1
  Generated on:           Jul 25 2021  01:32:07 pm
  Module:                 ms_es_ordered_bs_by2_mul_synth
  Technology library:     gscl45nm 
  Operating conditions:   typical (balanced_tree)
  Wireload mode:          enclosed
  Area mode:              timing library
============================================================

               Pin                      Type       Fanout Load Slew Delay Arrival   
                                                          (fF) (ps)  (ps)   (ps)    
------------------------------------------------------------------------------------
(clock clk)                           launch                                    0 R 
(ms_es_ordered_bs_by2_line_10_11_1)   ext delay                      +100     100 F 
bin_data_in[0][1]                     in port          10 22.5   20    +0     100 F 
TOP/bin_data_in[0][1] 
  genblk1[1].genblk3.genblk1.sng/bin_in[0][1] 
    genblk2[0].max_comparator/bin_in[0][1] 
      g234/A                                                           +0     100   
      g234/Y                          NAND2X1           1  1.5   31   +27     127 R 
      drc_bufs249/A                                                    +0     127   
      drc_bufs249/Y                   BUFX2             2  4.4   14   +38     165 R 
      g233/B                                                           +0     165   
      g233/Y                          NAND2X1           1  1.5   21   +15     180 F 
      drc_bufs246/A                                                    +0     180   
      drc_bufs246/Y                   BUFX2             1  2.8    5   +36     215 F 
      g230/C                                                           +0     215   
      g230/Y                          NAND3X1           1  1.5   34   +26     242 R 
      drc_bufs248/A                                                    +0     242   
      drc_bufs248/Y                   BUFX2             1  2.3    9   +35     276 R 
      g228/A                                                           +0     276   
      g228/Y                          AND2X1            1  2.0   31   +30     306 R 
      g227/C                                                           +0     306   
      g227/Y                          OAI21X1           2  3.8    8   +22     328 F 
    genblk2[0].max_comparator/sn_out 
  genblk1[1].genblk3.genblk1.sng/sn_out[0] 
  g149/A                                                               +0     328   
  g149/Y                              AND2X1            2  3.6   20   +34     362 F 
  g143/B                                                               +0     362   
  g143/Y                              AND2X1            1  8.8   35   +58     420 F 
  genblk2.stoch2bin/data_in[5] 
    par_ctr/a[5] 
      p0/a[1] 
        fa0/a 
          g2/B                                                         +0     420   
          g2/YS                       FAX1              1  3.4   12   +88     508 F 
        fa0/s 
        ha0/b 
          g17/B                                                        +0     508   
          g17/YC                      HAX1              1  3.4   20   +48     556 F 
        ha0/cout 
        ha1/a 
          g17/B                                                        +0     556   
          g17/YS                      HAX1              1 12.7   65   +82     638 R 
        ha1/s 
      p0/y[1] 
      g167/A                                                           +0     638   
      g167/YS                         FAX1              2 10.2   31  +106     743 F 
    par_ctr/y[1] 
    ctr/data_in[1] 
      g367/C                                                           +0     743   
      g367/YC                         FAX1              1  7.1   29   +82     825 F 
      g363/C                                                           +0     825   
      g363/YC                         FAX1              1  7.1   29   +82     907 F 
      g359/C                                                           +0     907   
      g359/YC                         FAX1              1  7.1   29   +82     988 F 
      g355/C                                                           +0     988   
      g355/YC                         FAX1              1 10.9   37   +89    1078 F 
      g2/A                                                             +0    1078   
      g2/YS                           FAX1              1  2.8   21   +84    1161 R 
      g349/A                                                           +0    1161   
      g349/Y                          MUX2X1            1  1.5   14   +23    1184 F 
      g348/A                                                           +0    1184   
      g348/Y                          INVX1             1  2.0    0    +2    1186 R 
      countval_reg[5]/D               DFFSR                            +0    1186   
      countval_reg[5]/CLK             setup                       0   +70    1256 R 
- - - - - - - - - - - - - - - - - - - - - - - - - - - - - - - - - - - - - - - - - - 
(clock clk)                           capture                                5000 R 
                                      uncertainty                     -50    4950 R 
------------------------------------------------------------------------------------
Cost Group   : 'clk' (path_group 'clk')
Timing slack :    3694ps 
Start-point  : bin_data_in[0][1]
End-point    : TOP/genblk2.stoch2bin/ctr/countval_reg[5]/D
