============================================================
  Generated by:           Encounter(R) RTL Compiler v14.10-s022_1
  Generated on:           Jul 25 2021  02:01:02 pm
  Module:                 ms_es_ordered_cas_by4_mul_synth
  Technology library:     gscl45nm 
  Operating conditions:   typical (balanced_tree)
  Wireload mode:          enclosed
  Area mode:              timing library
============================================================

            Instance             Cells  Cell Area  Net Area  Total Area  Wireload     
--------------------------------------------------------------------------------------
ms_es_ordered_cas_by4_mul_synth     87        321         0         321    <none> (D) 
  TOP                               87        321         0         321    <none> (D) 
    genblk2.stoch2bin               42        208         0         208    <none> (D) 
      ctr                           21        104         0         104    <none> (D) 
      par_ctr                       16         92         0          92    <none> (D) 
        p1                           9         51         0          51    <none> (D) 
          p1                         3         14         0          14    <none> (D) 
            ha1                      1          5         0           5    <none> (D) 
            ha0                      1          5         0           5    <none> (D) 
            fa0                      1          5         0           5    <none> (D) 
          p0                         3         14         0          14    <none> (D) 
            ha1                      1          5         0           5    <none> (D) 
            ha0                      1          5         0           5    <none> (D) 
            fa0                      1          5         0           5    <none> (D) 
        p0                           3         14         0          14    <none> (D) 
          p1                         3         14         0          14    <none> (D) 
            ha1                      1          5         0           5    <none> (D) 
            ha0                      1          5         0           5    <none> (D) 
            fa0                      1          5         0           5    <none> (D) 
    cas                             23         47         0          47    <none> (D) 
      genblk1.cas_a_b               23         47         0          47    <none> (D) 
    genblk1[1].genblk1.sng           6         21         0          21    <none> (D) 
      ctr                            4         16         0          16    <none> (D) 
    genblk1[0].genblk1.sng           5         19         0          19    <none> (D) 
      ctr                            3         14         0          14    <none> (D) 

 (D) = wireload is default in technology library
