============================================================
  Generated by:           Encounter(R) RTL Compiler v14.10-s022_1
  Generated on:           Jul 25 2021  01:17:19 pm
  Module:                 ms_es_naive_by2_mul_synth
  Technology library:     gscl45nm 
  Operating conditions:   typical (balanced_tree)
  Wireload mode:          enclosed
  Area mode:              timing library
============================================================

                                  Leakage    Dynamic     Total   
         Instance          Cells Power(nW)  Power(nW)  Power(nW) 
-----------------------------------------------------------------
ms_es_naive_by2_mul_synth    330  9321.849 557823.353 567145.202 
  TOP                        330  9321.849 538806.388 548128.237 
    genblk2.stoch2bin        118  4380.045 236884.577 241264.622 
      ctr                    106  3955.344 216421.720 220377.063 
        add_55_25             21   831.773  16584.958  17416.731 
      par_ctr                  9   394.666  12884.691  13279.357 
        p0                     3   134.340   5305.691   5440.031 
          ha0                  1    47.565    914.450    962.015 
          ha1                  1    47.565   1821.633   1869.198 
          fa0                  1    39.210   2569.608   2608.819 
        p1                     3   134.340   4965.146   5099.486 
          ha0                  1    47.565    887.153    934.718 
          ha1                  1    47.565   1571.064   1618.629 
          fa0                  1    39.210   2506.928   2546.139 
    genblk1[2].genblk1.sng    68  1610.364  89447.910  91058.273 
      ctr                     37  1348.955  71352.459  72701.414 
    genblk1[1].genblk1.sng    67  1590.610 100479.217 102069.827 
      ctr                     36  1329.201  83402.602  84731.803 
    genblk1[0].genblk1.sng    63  1546.688  99247.678 100794.366 
      ctr                     32  1285.280  82383.629  83668.909 

