============================================================
  Generated by:           Encounter(R) RTL Compiler v14.10-s022_1
  Generated on:           Jul 25 2021  01:54:41 pm
  Module:                 ms_es_naive_by4_mul_synth
  Technology library:     gscl45nm 
  Operating conditions:   typical (balanced_tree)
  Wireload mode:          enclosed
  Area mode:              timing library
============================================================

                                   Leakage    Dynamic      Total    
          Instance          Cells Power(nW)  Power(nW)   Power(nW)  
--------------------------------------------------------------------
ms_es_naive_by4_mul_synth    3095 99113.008 2763924.869 2863037.877 
  TOP                        3095 99113.008 2751628.622 2850741.630 
    genblk2.stoch2bin        1871 79335.714 1651778.045 1731113.759 
      par_ctr                1780 76202.413 1448667.975 1524870.389 
        p0                    885 37900.978  631892.182  669793.160 
          p0                  438 18769.865  288492.644  307262.509 
            p0                215  9223.914  123725.032  132948.945 
              p0              104  4470.543   51045.546   55516.089 
                p0             49  2113.463   20752.090   22865.553 
                  p0           22   954.528    8696.274    9650.802 
                    p0          9   394.666    2977.183    3371.849 
                      p0        3   134.340     828.718     963.058 
                        ha0     1    47.565     194.596     242.161 
                        ha1     1    47.565     273.580     321.145 
                        fa0     1    39.210     360.541     399.751 
                      p1        3   134.340    1170.891    1305.232 
                        ha0     1    47.565     289.902     337.467 
                        ha1     1    47.565     357.776     405.341 
                        fa0     1    39.210     523.213     562.424 
                    p1          9   394.666    4276.662    4671.328 
                      p0        3   134.340    1446.998    1581.339 
                        ha0     1    47.565     336.805     384.370 
                        ha1     1    47.565     474.856     522.421 
                        fa0     1    39.210     635.338     674.548 
                      p1        3   134.340    1553.862    1688.202 
                        ha0     1    47.565     380.462     428.026 
                        ha1     1    47.565     462.915     510.480 
                        fa0     1    39.210     710.485     749.695 
                  p1           22   954.528    9791.913   10746.442 
                    p0          9   394.666    3337.432    3732.098 
                      p0        3   134.340     921.572    1055.912 
                        ha0     1    47.565     221.253     268.818 
                        ha1     1    47.565     301.978     349.543 
                        fa0     1    39.210     398.340     437.550 
                      p1        3   134.340    1311.453    1445.793 
                        ha0     1    47.565     344.338     391.903 
                        ha1     1    47.565     394.554     442.119 
                        fa0     1    39.210     572.560     611.770 
                    p1          9   394.666    4879.099    5273.765 
                      p0        3   134.340    1599.234    1733.574 
                        ha0     1    47.565     398.211     445.776 
                        ha1     1    47.565     516.335     563.900 
                        fa0     1    39.210     684.688     723.898 
                      p1        3   134.340    1750.795    1885.135 
                        ha0     1    47.565     443.857     491.422 
                        ha1     1    47.565     522.839     570.404 
                        fa0     1    39.210     784.099     823.309 
                p1             49  2113.463   27196.556   29310.019 
                  p0           22   954.528   11469.102   12423.630 
                    p0          9   394.666    3883.809    4278.475 
                      p0        3   134.340    1119.173    1253.513 
                        ha0     1    47.565     257.413     304.978 
                        ha1     1    47.565     363.202     410.767 
                        fa0     1    39.210     498.558     537.768 
                      p1        3   134.340    1550.225    1684.566 
                        ha0     1    47.565     389.545     437.110 
                        ha1     1    47.565     462.787     510.352 
                        fa0     1    39.210     697.893     737.104 
                    p1          9   394.666    5693.043    6087.709 
                      p0        3   134.340    1936.263    2070.603 
                        ha0     1    47.565     470.504     518.069 
                        ha1     1    47.565     619.010     666.575 
                        fa0     1    39.210     846.749     885.960 
                      p1        3   134.340    2028.723    2163.063 
                        ha0     1    47.565     507.142     554.707 
                        ha1     1    47.565     600.518     648.083 
                        fa0     1    39.210     921.063     960.273 
                  p1           22   954.528   12937.058   13891.587 
                    p0          9   394.666    4451.979    4846.645 
                      p0        3   134.340    1339.618    1473.959 
                        ha0     1    47.565     310.605     358.170 
                        ha1     1    47.565     444.135     491.699 
                        fa0     1    39.210     584.879     624.089 
                      p1        3   134.340    1666.911    1801.251 
                        ha0     1    47.565     425.717     473.282 
                        ha1     1    47.565     507.160     554.724 
                        fa0     1    39.210     734.034     773.245 
                    p1          9   394.666    6451.244    6845.910 
                      p0        3   134.340    2186.751    2321.091 
                        ha0     1    47.565     540.747     588.312 
                        ha1     1    47.565     713.031     760.595 
                        fa0     1    39.210     932.974     972.184 
                      p1        3   134.340    2205.146    2339.487 
                        ha0     1    47.565     561.408     608.973 
                        ha1     1    47.565     660.657     708.222 
                        fa0     1    39.210     983.081    1022.292 
              p1              104  4470.543   68183.250   72653.794 
                p0             49  2113.463   28510.028   30623.492 
                  p0           22   954.528   12020.226   12974.754 
                    p0          9   394.666    4172.334    4567.000 
                      p0        3   134.340    1206.498    1340.838 
                        ha0     1    47.565     292.153     339.718 
                        ha1     1    47.565     391.645     439.210 
                        fa0     1    39.210     522.700     561.911 
                      p1        3   134.340    1633.581    1767.921 
                        ha0     1    47.565     407.648     455.212 
                        ha1     1    47.565     490.115     537.680 
                        fa0     1    39.210     735.818     775.029 
                    p1          9   394.666    5864.258    6258.924 
                      p0        3   134.340    2022.745    2157.085 
                        ha0     1    47.565     470.542     518.107 
                        ha1     1    47.565     654.167     701.732 
                        fa0     1    39.210     898.036     937.246 
                      p1        3   134.340    2141.844    2276.184 
                        ha0     1    47.565     534.488     582.053 
                        ha1     1    47.565     634.167     681.732 
                        fa0     1    39.210     973.189    1012.399 
                  p1           22   954.528   13406.319   14360.847 
                    p0          9   394.666    4665.801    5060.467 
                      p0        3   134.340    1333.670    1468.010 
                        ha0     1    47.565     327.396     374.961 
                        ha1     1    47.565     433.225     480.790 
                        fa0     1    39.210     573.048     612.259 
                      p1        3   134.340    1807.182    1941.523 
                        ha0     1    47.565     471.194     518.759 
                        ha1     1    47.565     538.562     586.127 
                        fa0     1    39.210     797.426     836.636 
                    p1          9   394.666    6596.622    6991.288 
                      p0        3   134.340    2208.997    2343.337 
                        ha0     1    47.565     540.522     588.087 
                        ha1     1    47.565     708.833     756.398 
                        fa0     1    39.210     959.642     998.852 
                      p1        3   134.340    2371.839    2506.180 
                        ha0     1    47.565     606.996     654.561 
                        ha1     1    47.565     705.758     753.323 
                        fa0     1    39.210    1059.086    1098.296 
                p1             49  2113.463   35877.018   37990.481 
                  p0           22   954.528   15371.534   16326.062 
                    p0          9   394.666    5327.858    5722.524 
                      p0        3   134.340    1580.707    1715.047 
                        ha0     1    47.565     372.612     420.177 
                        ha1     1    47.565     509.769     557.334 
                        fa0     1    39.210     698.325     737.536 
                      p1        3   134.340    2093.718    2228.059 
                        ha0     1    47.565     525.469     573.034 
                        ha1     1    47.565     620.446     668.011 
                        fa0     1    39.210     947.803     987.014 
                    p1          9   394.666    7524.703    7919.369 
                      p0        3   134.340    2595.532    2729.872 
                        ha0     1    47.565     621.893     669.458 
                        ha1     1    47.565     826.839     874.404 
                        fa0     1    39.210    1146.800    1186.010 
                      p1        3   134.340    2697.584    2831.924 
                        ha0     1    47.565     679.338     726.903 
                        ha1     1    47.565     797.094     844.659 
                        fa0     1    39.210    1221.151    1260.362 
                  p1           22   954.528   16845.830   17800.359 
                    p0          9   394.666    5880.657    6275.323 
                      p0        3   134.340    1786.064    1920.404 
                        ha0     1    47.565     425.815     473.380 
                        ha1     1    47.565     588.479     636.044 
                        fa0     1    39.210     771.770     810.980 
                      p1        3   134.340    2195.469    2329.809 
                        ha0     1    47.565     561.647     609.212 
                        ha1     1    47.565     662.747     710.312 
                        fa0     1    39.210     971.074    1010.285 
                    p1          9   394.666    8315.783    8710.449 
                      p0        3   134.340    2830.938    2965.279 
                        ha0     1    47.565     692.150     739.715 
                        ha1     1    47.565     918.640     966.205 
                        fa0     1    39.210    1220.149    1259.359 
                      p1        3   134.340    2891.763    3026.103 
                        ha0     1    47.565     742.663     790.228 
                        ha1     1    47.565     866.716     914.281 
                        fa0     1    39.210    1282.384    1321.594 
            p1                215  9223.914  158695.522  167919.435 
              p0              104  4470.543   73799.632   78270.175 
                p0             49  2113.463   30391.970   32505.433 
                  p0           22   954.528   12737.968   13692.496 
                    p0          9   394.666    4487.151    4881.817 
                      p0        3   134.340    1314.175    1448.515 
                        ha0     1    47.565     318.239     365.804 
                        ha1     1    47.565     422.330     469.895 
                        fa0     1    39.210     573.606     612.816 
                      p1        3   134.340    1737.819    1872.159 
                        ha0     1    47.565     434.780     482.345 
                        ha1     1    47.565     517.470     565.035 
                        fa0     1    39.210     785.569     824.779 
                    p1          9   394.666    6104.840    6499.506 
                      p0        3   134.340    2079.528    2213.869 
                        ha0     1    47.565     487.523     535.088 
                        ha1     1    47.565     669.544     717.109 
                        fa0     1    39.210     922.461     961.672 
                      p1        3   134.340    2221.782    2356.122 
                        ha0     1    47.565     552.522     600.087 
                        ha1     1    47.565     659.530     707.095 
                        fa0     1    39.210    1009.730    1048.940 
                  p1           22   954.528   14297.464   15251.992 
                    p0          9   394.666    5114.748    5509.414 
                      p0        3   134.340    1475.355    1609.696 
                        ha0     1    47.565     362.063     409.628 
                        ha1     1    47.565     477.094     524.659 
                        fa0     1    39.210     636.198     675.409 
                      p1        3   134.340    1945.631    2079.972 
                        ha0     1    47.565     507.438     555.003 
                        ha1     1    47.565     577.582     625.147 
                        fa0     1    39.210     860.612     899.823 
                    p1          9   394.666    6840.321    7234.987 
                      p0        3   134.340    2267.221    2401.561 
                        ha0     1    47.565     557.505     605.070 
                        ha1     1    47.565     724.207     771.772 
                        fa0     1    39.210     985.509    1024.719 
                      p1        3   134.340    2453.354    2587.695 
                        ha0     1    47.565     625.026     672.591 
                        ha1     1    47.565     731.124     778.689 
                        fa0     1    39.210    1097.204    1136.414 
                p1             49  2113.463   38982.332   41095.796 
                  p0           22   954.528   16888.046   17842.574 
                    p0          9   394.666    6042.963    6437.629 
                      p0        3   134.340    1814.610    1948.950 
                        ha0     1    47.565     433.873     481.438 
                        ha1     1    47.565     582.019     629.584 
                        fa0     1    39.210     798.718     837.928 
                      p1        3   134.340    2321.719    2456.060 
                        ha0     1    47.565     588.841     636.406 
                        ha1     1    47.565     684.663     732.228 
                        fa0     1    39.210    1048.215    1087.426 
                    p1          9   394.666    8029.646    8424.313 
                      p0        3   134.340    2745.989    2880.330 
                        ha0     1    47.565     665.479     713.044 
                        ha1     1    47.565     870.603     918.168 
                        fa0     1    39.210    1209.907    1249.117 
                      p1        3   134.340    2868.654    3002.995 
                        ha0     1    47.565     724.503     772.068 
                        ha1     1    47.565     847.664     895.229 
                        fa0     1    39.210    1296.487    1335.698 
                  p1           22   954.528   18114.442   19068.970 
                    p0          9   394.666    6495.608    6890.274 
                      p0        3   134.340    1985.735    2120.075 
                        ha0     1    47.565     478.024     525.589 
                        ha1     1    47.565     647.667     695.232 
                        fa0     1    39.210     860.044     899.255 
                      p1        3   134.340    2390.768    2525.108 
                        ha0     1    47.565     615.975     663.540 
                        ha1     1    47.565     715.425     762.990 
                        fa0     1    39.210    1059.367    1098.578 
                    p1          9   394.666    8722.281    9116.947 
                      p0        3   134.340    2947.148    3081.488 
                        ha0     1    47.565     726.682     774.247 
                        ha1     1    47.565     949.339     996.904 
                        fa0     1    39.210    1271.127    1310.337 
                      p1        3   134.340    3030.114    3164.454 
                        ha0     1    47.565     778.778     826.343 
                        ha1     1    47.565     905.742     953.307 
                        fa0     1    39.210    1345.594    1384.804 
              p1              104  4470.543   79285.623   83756.167 
                p0             49  2113.463   33382.204   35495.667 
                  p0           22   954.528   13943.602   14898.131 
                    p0          9   394.666    4846.049    5240.715 
                      p0        3   134.340    1385.183    1519.523 
                        ha0     1    47.565     335.779     383.344 
                        ha1     1    47.565     450.779     498.344 
                        fa0     1    39.210     598.624     637.835 
                      p1        3   134.340    1897.145    2031.486 
                        ha0     1    47.565     479.919     527.483 
                        ha1     1    47.565     567.947     615.512 
                        fa0     1    39.210     849.280     888.490 
                    p1          9   394.666    6711.265    7105.931 
                      p0        3   134.340    2244.339    2378.679 
                        ha0     1    47.565     531.591     579.156 
                        ha1     1    47.565     726.386     773.951 
                        fa0     1    39.210     986.362    1025.572 
                      p1        3   134.340    2429.306    2563.646 
                        ha0     1    47.565     606.756     654.321 
                        ha1     1    47.565     723.738     771.302 
                        fa0     1    39.210    1098.812    1138.023 
                  p1           22   954.528   15654.048   16608.576 
                    p0          9   394.666    5606.865    6001.531 
                      p0        3   134.340    1595.695    1730.035 
                        ha0     1    47.565     388.626     436.191 
                        ha1     1    47.565     520.847     568.412 
                        fa0     1    39.210     686.222     725.433 
                      p1        3   134.340    2151.447    2285.787 
                        ha0     1    47.565     561.599     609.164 
                        ha1     1    47.565     641.698     689.263 
                        fa0     1    39.210     948.150     987.360 
                    p1          9   394.666    7443.632    7838.299 
                      p0        3   134.340    2430.561    2564.901 
                        ha0     1    47.565     601.561     649.126 
                        ha1     1    47.565     781.044     828.609 
                        fa0     1    39.210    1047.955    1087.166 
                      p1        3   134.340    2659.324    2793.664 
                        ha0     1    47.565     679.257     726.822 
                        ha1     1    47.565     795.334     842.899 
                        fa0     1    39.210    1184.733    1223.943 
                p1             49  2113.463   41260.403   43373.866 
                  p0           22   954.528   17832.418   18786.947 
                    p0          9   394.666    6386.742    6781.408 
                      p0        3   134.340    1885.849    2020.190 
                        ha0     1    47.565     451.852     499.416 
                        ha1     1    47.565     610.379     657.944 
                        fa0     1    39.210     823.619     862.829 
                      p1        3   134.340    2479.571    2613.911 
                        ha0     1    47.565     633.892     681.457 
                        ha1     1    47.565     735.050     782.615 
                        fa0     1    39.210    1110.629    1149.839 
                    p1          9   394.666    8422.689    8817.355 
                      p0        3   134.340    2860.174    2994.514 
                        ha0     1    47.565     700.952     748.517 
                        ha1     1    47.565     912.031     959.596 
                        fa0     1    39.210    1247.191    1286.401 
                      p1        3   134.340    2978.829    3113.169 
                        ha0     1    47.565     760.574     808.139 
                        ha1     1    47.565     884.482     932.047 
                        fa0     1    39.210    1333.773    1372.983 
                  p1           22   954.528   19128.249   20082.777 
                    p0          9   394.666    6839.164    7233.830 
                      p0        3   134.340    2056.894    2191.234 
                        ha0     1    47.565     495.997     543.562 
                        ha1     1    47.565     676.007     723.572 
                        fa0     1    39.210     884.890     924.101 
                      p1        3   134.340    2548.507    2682.848 
                        ha0     1    47.565     661.016     708.581 
                        ha1     1    47.565     765.785     813.350 
                        fa0     1    39.210    1121.706    1160.917 
                    p1          9   394.666    9179.931    9574.597 
                      p0        3   134.340    3061.226    3195.567 
                        ha0     1    47.565     762.137     809.702 
                        ha1     1    47.565     990.744    1038.309 
                        fa0     1    39.210    1308.345    1347.556 
                      p1        3   134.340    3187.980    3322.320 
                        ha0     1    47.565     823.879     871.444 
                        ha1     1    47.565     956.199    1003.764 
                        fa0     1    39.210    1407.902    1447.112 
          p1                  438 18769.865  334563.931  353333.796 
            p0                215  9223.914  136335.901  145559.815 
              p0              104  4470.543   55513.732   59984.275 
                p0             49  2113.463   22147.710   24261.173 
                  p0           22   954.528    9044.163    9998.691 
                    p0          9   394.666    3022.744    3417.410 
                      p0        3   134.340     827.478     961.818 
                        ha0     1    47.565     193.963     241.528 
                        ha1     1    47.565     273.595     321.160 
                        fa0     1    39.210     359.919     399.129 
                      p1        3   134.340    1201.027    1335.368 
                        ha0     1    47.565     298.051     345.616 
                        ha1     1    47.565     369.366     416.931 
                        fa0     1    39.210     533.611     572.821 
                    p1          9   394.666    4499.492    4894.158 
                      p0        3   134.340    1478.096    1612.436 
                        ha0     1    47.565     344.799     392.364 
                        ha1     1    47.565     487.967     535.532 
                        fa0     1    39.210     645.329     684.540 
                      p1        3   134.340    1672.541    1806.881 
                        ha0     1    47.565     415.440     463.005 
                        ha1     1    47.565     499.738     547.303 
                        fa0     1    39.210     757.363     796.574 
                  p1           22   954.528   10616.628   11571.156 
                    p0          9   394.666    3600.611    3995.277 
                      p0        3   134.340    1004.415    1138.755 
                        ha0     1    47.565     239.309     286.874 
                        ha1     1    47.565     330.369     377.934 
                        fa0     1    39.210     434.737     473.947 
                      p1        3   134.340    1423.487    1557.827 
                        ha0     1    47.565     371.421     418.986 
                        ha1     1    47.565     431.320     478.885 
                        fa0     1    39.210     620.746     659.957 
                    p1          9   394.666    5318.030    5712.696 
                      p0        3   134.340    1715.758    1850.098 
                        ha0     1    47.565     425.289     472.854 
                        ha1     1    47.565     557.802     605.367 
                        fa0     1    39.210     732.667     771.877 
                      p1        3   134.340    1951.918    2086.258 
                        ha0     1    47.565     498.093     545.658 
                        ha1     1    47.565     584.821     632.386 
                        fa0     1    39.210     869.003     908.213 
                p1             49  2113.463   29868.098   31981.561 
                  p0           22   954.528   12297.233   13251.761 
                    p0          9   394.666    4144.695    4539.361 
                      p0        3   134.340    1201.095    1335.435 
                        ha0     1    47.565     274.646     322.210 
                        ha1     1    47.565     391.622     439.187 
                        fa0     1    39.210     534.827     574.038 
                      p1        3   134.340    1660.947    1795.287 
                        ha0     1    47.565     415.415     462.980 
                        ha1     1    47.565     499.596     547.161 
                        fa0     1    39.210     745.936     785.147 
                    p1          9   394.666    6128.522    6523.188 
                      p0        3   134.340    2051.071    2185.411 
                        ha0     1    47.565     496.134     543.699 
                        ha1     1    47.565     660.512     708.077 
                        fa0     1    39.210     894.425     933.636 
                      p1        3   134.340    2228.083    2362.424 
                        ha0     1    47.565     559.842     607.406 
                        ha1     1    47.565     662.538     710.103 
                        fa0     1    39.210    1005.704    1044.914 
                  p1           22   954.528   14462.975   15417.503 
                    p0          9   394.666    4918.551    5313.217 
                      p0        3   134.340    1457.464    1591.804 
                        ha0     1    47.565     362.932     410.497 
                        ha1     1    47.565     472.521     520.086 
                        fa0     1    39.210     622.011     661.221 
                      p1        3   134.340    1816.401    1950.742 
                        ha0     1    47.565     489.197     536.762 
                        ha1     1    47.565     543.918     591.483 
                        fa0     1    39.210     783.287     822.497 
                    p1          9   394.666    7220.228    7614.894 
                      p0        3   134.340    2347.323    2481.664 
                        ha0     1    47.565     610.656     658.221 
                        ha1     1    47.565     754.482     802.047 
                        fa0     1    39.210     982.185    1021.396 
                      p1        3   134.340    2510.052    2644.392 
                        ha0     1    47.565     679.199     726.763 
                        ha1     1    47.565     736.281     783.846 
                        fa0     1    39.210    1094.572    1133.783 
              p1              104  4470.543   75570.630   80041.173 
                p0             49  2113.463   30934.569   33048.032 
                  p0           22   954.528   12714.944   13669.473 
                    p0          9   394.666    4282.814    4677.480 
                      p0        3   134.340    1204.667    1339.007 
                        ha0     1    47.565     291.171     338.736 
                        ha1     1    47.565     391.663     439.228 
                        fa0     1    39.210     521.832     561.042 
                      p1        3   134.340    1710.325    1844.665 
                        ha0     1    47.565     424.445     472.010 
                        ha1     1    47.565     515.362     562.927 
                        fa0     1    39.210     770.518     809.729 
                    p1          9   394.666    6312.106    6706.772 
                      p0        3   134.340    2151.208    2285.548 
                        ha0     1    47.565     496.166     543.731 
                        ha1     1    47.565     697.913     745.478 
                        fa0     1    39.210     957.129     996.339 
                      p1        3   134.340    2354.482    2488.823 
                        ha0     1    47.565     586.992     634.557 
                        ha1     1    47.565     698.297     745.861 
                        fa0     1    39.210    1069.194    1108.405 
                  p1           22   954.528   14793.375   15747.903 
                    p0          9   394.666    5089.616    5484.283 
                      p0        3   134.340    1448.192    1582.532 
                        ha0     1    47.565     353.286     400.851 
                        ha1     1    47.565     474.722     522.287 
                        fa0     1    39.210     620.184     659.395 
                      p1        3   134.340    1996.211    2130.551 
                        ha0     1    47.565     514.742     562.307 
                        ha1     1    47.565     600.582     648.147 
                        fa0     1    39.210     880.887     920.097 
                    p1          9   394.666    7353.271    7747.937 
                      p0        3   134.340    2454.375    2588.715 
                        ha0     1    47.565     592.836     640.401 
                        ha1     1    47.565     794.057     841.622 
                        fa0     1    39.210    1067.482    1106.693 
                      p1        3   134.340    2696.611    2830.951 
                        ha0     1    47.565     686.280     733.845 
                        ha1     1    47.565     806.657     854.222 
                        fa0     1    39.210    1203.674    1242.884 
                p1             49  2113.463   40284.468   42397.931 
                  p0           22   954.528   16688.234   17642.763 
                    p0          9   394.666    5708.690    6103.357 
                      p0        3   134.340    1673.749    1808.090 
                        ha0     1    47.565     389.410     436.975 
                        ha1     1    47.565     551.330     598.895 
                        fa0     1    39.210     733.010     772.220 
                      p1        3   134.340    2261.205    2395.545 
                        ha0     1    47.565     559.909     607.474 
                        ha1     1    47.565     682.532     730.096 
                        fa0     1    39.210    1018.764    1057.975 
                    p1          9   394.666    8238.006    8632.672 
                      p0        3   134.340    2819.146    2953.486 
                        ha0     1    47.565     665.074     712.639 
                        ha1     1    47.565     912.118     959.683 
                        fa0     1    39.210    1241.954    1281.164 
                      p1        3   134.340    3000.701    3135.041 
                        ha0     1    47.565     749.497     797.062 
                        ha1     1    47.565     898.047     945.612 
                        fa0     1    39.210    1353.156    1392.366 
                  p1           22   954.528   19422.239   20376.767 
                    p0          9   394.666    6713.989    7108.655 
                      p0        3   134.340    1997.902    2132.242 
                        ha0     1    47.565     495.700     543.265 
                        ha1     1    47.565     658.488     706.053 
                        fa0     1    39.210     843.714     882.925 
                      p1        3   134.340    2481.297    2615.637 
                        ha0     1    47.565     652.241     699.806 
                        ha1     1    47.565     750.082     797.647 
                        fa0     1    39.210    1078.974    1118.184 
                    p1          9   394.666    9603.775    9998.441 
                      p0        3   134.340    3182.095    3316.435 
                        ha0     1    47.565     797.668     845.233 
                        ha1     1    47.565    1032.348    1079.913 
                        fa0     1    39.210    1352.079    1391.290 
                      p1        3   134.340    3380.173    3514.513 
                        ha0     1    47.565     896.603     944.168 
                        ha1     1    47.565    1006.563    1054.128 
                        fa0     1    39.210    1477.007    1516.217 
            p1                215  9223.914  191236.946  200460.859 
              p0              104  4470.543   87683.745   92154.288 
                p0             49  2113.463   35138.668   37252.131 
                  p0           22   954.528   14309.208   15263.737 
                    p0          9   394.666    4962.250    5356.916 
                      p0        3   134.340    1410.697    1545.037 
                        ha0     1    47.565     335.228     382.793 
                        ha1     1    47.565     452.964     500.529 
                        fa0     1    39.210     622.504     661.714 
                      p1        3   134.340    2006.139    2140.479 
                        ha0     1    47.565     487.623     535.187 
                        ha1     1    47.565     597.303     644.868 
                        fa0     1    39.210     921.214     960.424 
                    p1          9   394.666    6942.696    7337.362 
                      p0        3   134.340    2357.227    2491.567 
                        ha0     1    47.565     540.198     587.763 
                        ha1     1    47.565     759.223     806.788 
                        fa0     1    39.210    1057.807    1097.017 
                      p1        3   134.340    2600.275    2734.615 
                        ha0     1    47.565     641.097     688.662 
                        ha1     1    47.565     764.633     812.198 
                        fa0     1    39.210    1194.545    1233.756 
                  p1           22   954.528   16887.786   17842.315 
                    p0          9   394.666    6040.646    6435.312 
                      p0        3   134.340    1724.699    1859.040 
                        ha0     1    47.565     415.710     463.275 
                        ha1     1    47.565     562.371     609.936 
                        fa0     1    39.210     746.618     785.828 
                      p1        3   134.340    2361.410    2495.750 
                        ha0     1    47.565     597.758     645.323 
                        ha1     1    47.565     705.818     753.383 
                        fa0     1    39.210    1057.834    1097.045 
                    p1          9   394.666    8122.034    8516.700 
                      p0        3   134.340    2698.286    2832.626 
                        ha0     1    47.565     647.299     694.864 
                        ha1     1    47.565     868.504     916.069 
                        fa0     1    39.210    1182.482    1221.693 
                      p1        3   134.340    2979.786    3114.126 
                        ha0     1    47.565     751.548     799.112 
                        ha1     1    47.565     884.625     932.190 
                        fa0     1    39.210    1343.614    1382.824 
                p1             49  2113.463   47175.218   49288.681 
                  p0           22   954.528   19880.481   20835.010 
                    p0          9   394.666    7105.005    7499.671 
                      p0        3   134.340    2090.506    2224.846 
                        ha0     1    47.565     486.028     533.592 
                        ha1     1    47.565     682.692     730.257 
                        fa0     1    39.210     921.786     960.997 
                      p1        3   134.340    2809.661    2944.001 
                        ha0     1    47.565     686.252     733.817 
                        ha1     1    47.565     840.294     887.859 
                        fa0     1    39.210    1283.115    1322.325 
                    p1          9   394.666    9491.925    9886.591 
                      p0        3   134.340    3252.224    3386.565 
                        ha0     1    47.565     762.163     809.728 
                        ha1     1    47.565    1045.625    1093.190 
                        fa0     1    39.210    1444.437    1483.647 
                      p1        3   134.340    3466.793    3601.133 
                        ha0     1    47.565     857.712     905.277 
                        ha1     1    47.565    1028.569    1076.134 
                        fa0     1    39.210    1580.512    1619.722 
                  p1           22   954.528   22445.030   23399.558 
                    p0          9   394.666    8057.585    8452.252 
                      p0        3   134.340    2403.582    2537.922 
                        ha0     1    47.565     592.561     640.126 
                        ha1     1    47.565     776.740     824.305 
                        fa0     1    39.210    1034.281    1073.492 
                      p1        3   134.340    3021.144    3155.484 
                        ha0     1    47.565     778.868     826.433 
                        ha1     1    47.565     896.261     943.826 
                        fa0     1    39.210    1346.015    1385.226 
                    p1          9   394.666   10808.085   11202.751 
                      p0        3   134.340    3605.403    3739.743 
                        ha0     1    47.565     894.935     942.500 
                        ha1     1    47.565    1152.746    1200.311 
                        fa0     1    39.210    1557.722    1596.932 
                      p1        3   134.340    3837.501    3971.842 
                        ha0     1    47.565    1005.026    1052.591 
                        ha1     1    47.565    1125.494    1173.059 
                        fa0     1    39.210    1706.981    1746.192 
              p1              104  4470.543   96501.852  100972.395 
                p0             49  2113.463   39457.642   41571.105 
                  p0           22   954.528   15953.087   16907.615 
                    p0          9   394.666    5405.295    5799.961 
                      p0        3   134.340    1481.688    1616.028 
                        ha0     1    47.565     352.773     400.338 
                        ha1     1    47.565     481.414     528.979 
                        fa0     1    39.210     647.501     686.712 
                      p1        3   134.340    2211.842    2346.183 
                        ha0     1    47.565     541.774     589.339 
                        ha1     1    47.565     661.432     708.997 
                        fa0     1    39.210    1008.637    1047.847 
                    p1          9   394.666    7789.460    8184.126 
                      p0        3   134.340    2569.881    2704.221 
                        ha0     1    47.565     593.288     640.853 
                        ha1     1    47.565     831.379     878.944 
                        fa0     1    39.210    1145.214    1184.424 
                      p1        3   134.340    2949.045    3083.386 
                        ha0     1    47.565     722.355     769.920 
                        ha1     1    47.565     869.773     917.338 
                        fa0     1    39.210    1356.917    1396.127 
                  p1           22   954.528   18895.489   19850.017 
                    p0          9   394.666    6685.981    7080.647 
                      p0        3   134.340    1845.539    1979.879 
                        ha0     1    47.565     442.385     489.949 
                        ha1     1    47.565     606.124     653.688 
                        fa0     1    39.210     797.031     836.241 
                      p1        3   134.340    2663.383    2797.723 
                        ha0     1    47.565     670.171     717.735 
                        ha1     1    47.565     797.227     844.792 
                        fa0     1    39.210    1195.985    1235.195 
                    p1          9   394.666    9084.722    9479.389 
                      p0        3   134.340    2961.212    3095.552 
                        ha0     1    47.565     709.616     757.180 
                        ha1     1    47.565     955.962    1003.527 
                        fa0     1    39.210    1295.634    1334.844 
                      p1        3   134.340    3377.574    3511.915 
                        ha0     1    47.565     842.133     889.698 
                        ha1     1    47.565    1003.416    1050.981 
                        fa0     1    39.210    1532.025    1571.235 
                p1             49  2113.463   51228.817   53342.280 
                  p0           22   954.528   21642.186   22596.714 
                    p0          9   394.666    7597.055    7991.721 
                      p0        3   134.340    2160.239    2294.579 
                        ha0     1    47.565     504.112     551.676 
                        ha1     1    47.565     711.048     758.613 
                        fa0     1    39.210     945.079     984.289 
                      p1        3   134.340    3060.635    3194.975 
                        ha0     1    47.565     749.467     797.032 
                        ha1     1    47.565     917.980     965.545 
                        fa0     1    39.210    1393.188    1432.398 
                    p1          9   394.666   10366.867   10761.533 
                      p0        3   134.340    3496.547    3630.888 
                        ha0     1    47.565     824.335     871.900 
                        ha1     1    47.565    1130.852    1178.417 
                        fa0     1    39.210    1541.361    1580.571 
                      p1        3   134.340    3797.917    3932.257 
                        ha0     1    47.565     939.028     986.593 
                        ha1     1    47.565    1131.635    1179.199 
                        fa0     1    39.210    1727.254    1766.464 
                  p1           22   954.528   24097.266   25051.795 
                    p0          9   394.666    8508.772    8903.438 
                      p0        3   134.340    2452.703    2587.043 
                        ha0     1    47.565     601.639     649.204 
                        ha1     1    47.565     805.142     852.707 
                        fa0     1    39.210    1045.923    1085.133 
                      p1        3   134.340    3252.005    3386.345 
                        ha0     1    47.565     833.155     880.720 
                        ha1     1    47.565     973.981    1021.546 
                        fa0     1    39.210    1444.869    1484.079 
                    p1          9   394.666   11643.101   12037.767 
                      p0        3   134.340    3829.713    3964.053 
                        ha0     1    47.565     948.225     995.790 
                        ha1     1    47.565    1238.014    1285.579 
                        fa0     1    39.210    1643.474    1682.684 
                      p1        3   134.340    4148.801    4283.141 
                        ha0     1    47.565    1077.549    1125.114 
                        ha1     1    47.565    1228.608    1276.173 
                        fa0     1    39.210    1842.644    1881.854 
        p1                    885 37900.978  804297.952  842198.929 
          p0                  438 18769.865  374412.959  393182.824 
            p0                215  9223.914  150203.779  159427.693 
              p0              104  4470.543   60883.995   65354.538 
                p0             49  2113.463   24299.598   26413.061 
                  p0           22   954.528    9916.904   10871.432 
                    p0          9   394.666    3420.875    3815.542 
                      p0        3   134.340     943.081    1077.421 
                        ha0     1    47.565     229.031     276.596 
                        ha1     1    47.565     304.204     351.769 
                        fa0     1    39.210     409.846     449.056 
                      p1        3   134.340    1362.050    1496.390 
                        ha0     1    47.565     343.204     390.769 
                        ha1     1    47.565     410.302     457.866 
                        fa0     1    39.210     608.544     647.755 
                    p1          9   394.666    4861.274    5255.941 
                      p0        3   134.340    1643.039    1777.379 
                        ha0     1    47.565     388.890     436.455 
                        ha1     1    47.565     533.895     581.460 
                        fa0     1    39.210     720.254     759.464 
                      p1        3   134.340    1747.275    1881.615 
                        ha0     1    47.565     451.561     499.125 
                        ha1     1    47.565     513.388     560.953 
                        fa0     1    39.210     782.326     821.537 
                  p1           22   954.528   11720.457   12674.985 
                    p0          9   394.666    4001.306    4395.972 
                      p0        3   134.340    1121.111    1255.451 
                        ha0     1    47.565     274.524     322.089 
                        ha1     1    47.565     360.989     408.554 
                        fa0     1    39.210     485.597     524.808 
                      p1        3   134.340    1586.050    1720.390 
                        ha0     1    47.565     416.757     464.322 
                        ha1     1    47.565     472.271     519.836 
                        fa0     1    39.210     697.022     736.233 
                    p1          9   394.666    5880.274    6274.940 
                      p0        3   134.340    1950.917    2085.258 
                        ha0     1    47.565     487.656     535.221 
                        ha1     1    47.565     629.897     677.462 
                        fa0     1    39.210     833.364     872.575 
                      p1        3   134.340    2093.881    2228.221 
                        ha0     1    47.565     552.506     600.071 
                        ha1     1    47.565     621.589     669.154 
                        fa0     1    39.210     919.786     958.996 
                p1             49  2113.463   32734.024   34847.487 
                  p0           22   954.528   13279.927   14234.456 
                    p0          9   394.666    4545.423    4940.090 
                      p0        3   134.340    1317.804    1452.145 
                        ha0     1    47.565     310.697     358.262 
                        ha1     1    47.565     422.229     469.794 
                        fa0     1    39.210     584.878     624.089 
                      p1        3   134.340    1823.522    1957.862 
                        ha0     1    47.565     461.981     509.546 
                        ha1     1    47.565     540.520     588.085 
                        fa0     1    39.210     821.021     860.231 
                    p1          9   394.666    6560.226    6954.892 
                      p0        3   134.340    2252.105    2386.446 
                        ha0     1    47.565     550.937     598.502 
                        ha1     1    47.565     719.520     767.085 
                        fa0     1    39.210     981.649    1020.859 
                      p1        3   134.340    2304.657    2438.997 
                        ha0     1    47.565     597.710     645.275 
                        ha1     1    47.565     676.171     723.735 
                        fa0     1    39.210    1030.777    1069.987 
                  p1           22   954.528   16026.189   16980.717 
                    p0          9   394.666    5509.595    5904.261 
                      p0        3   134.340    1581.948    1716.288 
                        ha0     1    47.565     406.686     454.250 
                        ha1     1    47.565     503.149     550.714 
                        fa0     1    39.210     672.113     711.323 
                      p1        3   134.340    2082.460    2216.800 
                        ha0     1    47.565     561.677     609.242 
                        ha1     1    47.565     612.176     659.741 
                        fa0     1    39.210     908.606     947.817 
                    p1          9   394.666    7926.326    8320.992 
                      p0        3   134.340    2654.427    2788.767 
                        ha0     1    47.565     690.604     738.169 
                        ha1     1    47.565     844.156     891.721 
                        fa0     1    39.210    1119.667    1158.877 
                      p1        3   134.340    2689.717    2824.058 
                        ha0     1    47.565     742.684     790.249 
                        ha1     1    47.565     777.256     824.821 
                        fa0     1    39.210    1169.778    1208.988 
              p1              104  4470.543   83340.973   87811.516 
                p0             49  2113.463   33718.921   35832.384 
                  p0           22   954.528   13871.493   14826.021 
                    p0          9   394.666    4796.440    5191.107 
                      p0        3   134.340    1369.598    1503.938 
                        ha0     1    47.565     335.263     382.828 
                        ha1     1    47.565     437.589     485.154 
                        fa0     1    39.210     596.746     635.956 
                      p1        3   134.340    1919.006    2053.346 
                        ha0     1    47.565     478.627     526.192 
                        ha1     1    47.565     569.948     617.513 
                        fa0     1    39.210     870.430     909.641 
                    p1          9   394.666    6804.874    7199.540 
                      p0        3   134.340    2365.474    2499.814 
                        ha0     1    47.565     549.285     596.850 
                        ha1     1    47.565     759.157     806.722 
                        fa0     1    39.210    1057.031    1096.241 
                      p1        3   134.340    2476.852    2611.193 
                        ha0     1    47.565     632.137     679.702 
                        ha1     1    47.565     725.594     773.158 
                        fa0     1    39.210    1119.122    1158.332 
                  p1           22   954.528   16193.488   17148.016 
                    p0          9   394.666    5612.164    6006.830 
                      p0        3   134.340    1616.914    1751.254 
                        ha0     1    47.565     398.771     446.336 
                        ha1     1    47.565     520.633     568.198 
                        fa0     1    39.210     697.510     736.720 
                      p1        3   134.340    2210.081    2344.422 
                        ha0     1    47.565     570.782     618.347 
                        ha1     1    47.565     655.146     702.711 
                        fa0     1    39.210     984.153    1023.363 
                    p1          9   394.666    8055.869    8450.535 
                      p0        3   134.340    2743.320    2877.661 
                        ha0     1    47.565     666.198     713.763 
                        ha1     1    47.565     881.438     929.003 
                        fa0     1    39.210    1195.684    1234.895 
                      p1        3   134.340    2891.064    3025.404 
                        ha0     1    47.565     751.876     799.441 
                        ha1     1    47.565     857.039     904.604 
                        fa0     1    39.210    1282.149    1321.359 
                p1             49  2113.463   44794.061   46907.524 
                  p0           22   954.528   17964.326   18918.854 
                    p0          9   394.666    6228.809    6623.475 
                      p0        3   134.340    1841.499    1975.839 
                        ha0     1    47.565     434.962     482.527 
                        ha1     1    47.565     597.240     644.805 
                        fa0     1    39.210     809.297     848.508 
                      p1        3   134.340    2473.649    2607.989 
                        ha0     1    47.565     616.032     663.597 
                        ha1     1    47.565     737.091     784.656 
                        fa0     1    39.210    1120.526    1159.736 
                    p1          9   394.666    8806.340    9201.006 
                      p0        3   134.340    3072.194    3206.535 
                        ha0     1    47.565     729.514     777.079 
                        ha1     1    47.565     986.430    1033.995 
                        fa0     1    39.210    1356.251    1395.461 
                      p1        3   134.340    3127.829    3262.169 
                        ha0     1    47.565     797.097     844.662 
                        ha1     1    47.565     925.316     972.881 
                        fa0     1    39.210    1405.415    1444.626 
                  p1           22   954.528   22185.950   23140.479 
                    p0          9   394.666    7818.015    8212.681 
                      p0        3   134.340    2305.484    2439.824 
                        ha0     1    47.565     575.726     623.291 
                        ha1     1    47.565     759.026     806.591 
                        fa0     1    39.210     970.731    1009.942 
                      p1        3   134.340    2923.836    3058.177 
                        ha0     1    47.565     761.030     808.595 
                        ha1     1    47.565     880.369     927.934 
                        fa0     1    39.210    1282.437    1321.648 
                    p1          9   394.666   10817.488   11212.154 
                      p0        3   134.340    3674.585    3808.925 
                        ha0     1    47.565     913.958     961.523 
                        ha1     1    47.565    1191.928    1239.493 
                        fa0     1    39.210    1568.699    1607.909 
                      p1        3   134.340    3736.904    3871.244 
                        ha0     1    47.565     996.435    1044.000 
                        ha1     1    47.565    1109.564    1157.129 
                        fa0     1    39.210    1630.905    1670.115 
            p1                215  9223.914  215552.061  224775.975 
              p0              104  4470.543   98481.560  102952.103 
                p0             49  2113.463   39332.491   41445.954 
                  p0           22   954.528   15832.542   16787.070 
                    p0          9   394.666    5535.410    5930.076 
                      p0        3   134.340    1558.281    1692.621 
                        ha0     1    47.565     378.816     426.381 
                        ha1     1    47.565     507.685     555.250 
                        fa0     1    39.210     671.779     710.990 
                      p1        3   134.340    2196.699    2331.040 
                        ha0     1    47.565     541.818     589.382 
                        ha1     1    47.565     659.438     707.003 
                        fa0     1    39.210     995.444    1034.655 
                    p1          9   394.666    7607.449    8002.115 
                      p0        3   134.340    2588.302    2722.643 
                        ha0     1    47.565     601.828     649.393 
                        ha1     1    47.565     842.329     889.894 
                        fa0     1    39.210    1144.146    1183.356 
                      p1        3   134.340    2752.027    2886.367 
                        ha0     1    47.565     695.268     742.833 
                        ha1     1    47.565     813.048     860.613 
                        fa0     1    39.210    1243.711    1282.921 
                  p1           22   954.528   19128.693   20083.221 
                    p0          9   394.666    6849.211    7243.877 
                      p0        3   134.340    1972.805    2107.145 
                        ha0     1    47.565     477.693     525.258 
                        ha1     1    47.565     647.697     695.262 
                        fa0     1    39.210     847.414     886.625 
                      p1        3   134.340    2649.850    2784.190 
                        ha0     1    47.565     670.420     717.985 
                        ha1     1    47.565     795.238     842.803 
                        fa0     1    39.210    1184.191    1223.402 
                    p1          9   394.666    9217.033    9611.699 
                      p0        3   134.340    3099.380    3233.721 
                        ha0     1    47.565     745.520     793.084 
                        ha1     1    47.565    1008.382    1055.947 
                        fa0     1    39.210    1345.479    1384.689 
                      p1        3   134.340    3295.301    3429.641 
                        ha0     1    47.565     842.309     889.873 
                        ha1     1    47.565     983.436    1031.001 
                        fa0     1    39.210    1469.556    1508.766 
                p1             49  2113.463   53004.372   55117.835 
                  p0           22   954.528   21707.397   22661.926 
                    p0          9   394.666    7716.959    8111.625 
                      p0        3   134.340    2255.076    2389.416 
                        ha0     1    47.565     531.447     579.012 
                        ha1     1    47.565     739.599     787.164 
                        fa0     1    39.210     984.030    1023.240 
                      p1        3   134.340    3017.635    3151.975 
                        ha0     1    47.565     742.815     790.380 
                        ha1     1    47.565     904.461     952.026 
                        fa0     1    39.210    1370.359    1409.569 
                    p1          9   394.666   10342.178   10736.844 
                      p0        3   134.340    3569.577    3703.917 
                        ha0     1    47.565     844.496     892.061 
                        ha1     1    47.565    1157.073    1204.638 
                        fa0     1    39.210    1568.007    1607.218 
                      p1        3   134.340    3669.026    3803.367 
                        ha0     1    47.565     923.726     971.291 
                        ha1     1    47.565    1090.566    1138.131 
                        fa0     1    39.210    1654.734    1693.945 
                  p1           22   954.528   25738.367   26692.895 
                    p0          9   394.666    9249.501    9644.167 
                      p0        3   134.340    2706.509    2840.850 
                        ha0     1    47.565     672.165     719.730 
                        ha1     1    47.565     888.290     935.855 
                        fa0     1    39.210    1146.055    1185.265 
                      p1        3   134.340    3456.951    3591.291 
                        ha0     1    47.565     887.771     935.336 
                        ha1     1    47.565    1036.176    1083.741 
                        fa0     1    39.210    1533.003    1572.213 
                    p1          9   394.666   12298.458   12693.124 
                      p0        3   134.340    4159.467    4293.807 
                        ha0     1    47.565    1028.893    1076.458 
                        ha1     1    47.565    1349.466    1397.031 
                        fa0     1    39.210    1781.107    1820.318 
                      p1        3   134.340    4267.157    4401.497 
                        ha0     1    47.565    1123.007    1170.572 
                        ha1     1    47.565    1263.230    1310.795 
                        fa0     1    39.210    1880.919    1920.130 
              p1              104  4470.543  108912.135  113382.678 
                p0             49  2113.463   44475.421   46588.884 
                  p0           22   954.528   17888.326   18842.855 
                    p0          9   394.666    6209.378    6604.045 
                      p0        3   134.340    1727.886    1862.226 
                        ha0     1    47.565     414.410     461.975 
                        ha1     1    47.565     566.745     614.310 
                        fa0     1    39.210     746.731     785.941 
                      p1        3   134.340    2497.711    2632.051 
                        ha0     1    47.565     614.027     661.592 
                        ha1     1    47.565     750.854     798.419 
                        fa0     1    39.210    1132.829    1172.039 
                    p1          9   394.666    8616.826    9011.492 
                      p0        3   134.340    2899.586    3033.926 
                        ha0     1    47.565     672.979     720.544 
                        ha1     1    47.565     945.102     992.667 
                        fa0     1    39.210    1281.504    1320.715 
                      p1        3   134.340    3148.465    3282.805 
                        ha0     1    47.565     785.556     833.121 
                        ha1     1    47.565     931.836     979.401 
                        fa0     1    39.210    1431.073    1470.283 
                  p1           22   954.528   21544.535   22499.064 
                    p0          9   394.666    7724.647    8119.313 
                      p0        3   134.340    2191.892    2326.232 
                        ha0     1    47.565     522.328     569.892 
                        ha1     1    47.565     722.061     769.626 
                        fa0     1    39.210     947.503     986.713 
                      p1        3   134.340    3046.577    3180.917 
                        ha0     1    47.565     760.769     808.334 
                        ha1     1    47.565     913.939     961.504 
                        fa0     1    39.210    1371.869    1411.079 
                    p1          9   394.666   10341.008   10735.674 
                      p0        3   134.340    3460.290    3594.630 
                        ha0     1    47.565     825.760     873.325 
                        ha1     1    47.565    1126.463    1174.028 
                        fa0     1    39.210    1508.066    1547.277 
                      p1        3   134.340    3739.960    3874.301 
                        ha0     1    47.565     941.755     989.320 
                        ha1     1    47.565    1115.886    1163.451 
                        fa0     1    39.210    1682.319    1721.529 
                p1             49  2113.463   57898.064   60011.527 
                  p0           22   954.528   23890.801   24845.329 
                    p0          9   394.666    8443.975    8838.641 
                      p0        3   134.340    2425.057    2559.398 
                        ha0     1    47.565     567.508     615.072 
                        ha1     1    47.565     798.567     846.132 
                        fa0     1    39.210    1058.983    1098.194 
                      p1        3   134.340    3366.321    3500.662 
                        ha0     1    47.565     824.063     871.628 
                        ha1     1    47.565    1009.434    1056.999 
                        fa0     1    39.210    1532.824    1572.035 
                    p1          9   394.666   11385.451   11780.117 
                      p0        3   134.340    3915.223    4049.563 
                        ha0     1    47.565     924.723     972.288 
                        ha1     1    47.565    1272.916    1320.480 
                        fa0     1    39.210    1717.584    1756.795 
                      p1        3   134.340    4050.768    4185.108 
                        ha0     1    47.565    1014.114    1061.679 
                        ha1     1    47.565    1207.273    1254.838 
                        fa0     1    39.210    1829.381    1868.591 
                  p1           22   954.528   27806.949   28761.477 
                    p0          9   394.666    9934.159   10328.825 
                      p0        3   134.340    2855.321    2989.661 
                        ha0     1    47.565     699.160     746.725 
                        ha1     1    47.565     947.306     994.871 
                        fa0     1    39.210    1208.854    1248.065 
                      p1        3   134.340    3784.496    3918.836 
                        ha0     1    47.565     959.950    1007.515 
                        ha1     1    47.565    1141.190    1188.755 
                        fa0     1    39.210    1683.356    1722.566 
                    p1          9   394.666   13299.483   13694.149 
                      p0        3   134.340    4483.969    4618.309 
                        ha0     1    47.565    1100.044    1147.609 
                        ha1     1    47.565    1465.357    1512.922 
                        fa0     1    39.210    1918.567    1957.778 
                      p1        3   134.340    4627.769    4762.109 
                        ha0     1    47.565    1204.323    1251.888 
                        ha1     1    47.565    1379.993    1427.558 
                        fa0     1    39.210    2043.453    2082.664 
          p1                  438 18769.865  418334.897  437104.761 
            p0                215  9223.914  166943.521  176167.434 
              p0              104  4470.543   66736.494   71207.037 
                p0             49  2113.463   26241.153   28354.616 
                  p0           22   954.528   10701.656   11656.185 
                    p0          9   394.666    3653.926    4048.592 
                      p0        3   134.340     977.327    1111.667 
                        ha0     1    47.565     238.053     285.618 
                        ha1     1    47.565     317.298     364.863 
                        fa0     1    39.210     421.976     461.186 
                      p1        3   134.340    1490.074    1624.415 
                        ha0     1    47.565     370.288     417.853 
                        ha1     1    47.565     449.165     496.730 
                        fa0     1    39.210     670.621     709.832 
                    p1          9   394.666    5267.780    5662.446 
                      p0        3   134.340    1775.894    1910.234 
                        ha0     1    47.565     415.977     463.542 
                        ha1     1    47.565     577.606     625.171 
                        fa0     1    39.210     782.311     821.522 
                      p1        3   134.340    1922.946    2057.286 
                        ha0     1    47.565     487.674     535.239 
                        ha1     1    47.565     565.902     613.467 
                        fa0     1    39.210     869.369     908.579 
                  p1           22   954.528   12585.116   13539.644 
                    p0          9   394.666    4234.668    4629.335 
                      p0        3   134.340    1155.392    1289.732 
                        ha0     1    47.565     283.563     331.128 
                        ha1     1    47.565     374.073     421.638 
                        fa0     1    39.210     497.756     536.966 
                      p1        3   134.340    1714.311    1848.651 
                        ha0     1    47.565     443.888     491.453 
                        ha1     1    47.565     511.132     558.697 
                        fa0     1    39.210     759.290     798.501 
                    p1          9   394.666    6360.875    6755.541 
                      p0        3   134.340    2097.168    2231.508 
                        ha0     1    47.565     514.797     562.362 
                        ha1     1    47.565     686.730     734.295 
                        fa0     1    39.210     895.641     934.851 
                      p1        3   134.340    2281.544    2415.884 
                        ha0     1    47.565     588.704     636.269 
                        ha1     1    47.565     685.712     733.277 
                        fa0     1    39.210    1007.129    1046.339 
                p1             49  2113.463   36090.035   38203.498 
                  p0           22   954.528   14422.914   15377.442 
                    p0          9   394.666    4879.707    5274.373 
                      p0        3   134.340    1369.202    1503.542 
                        ha0     1    47.565     336.874     384.439 
                        ha1     1    47.565     435.319     482.884 
                        fa0     1    39.210     597.008     636.219 
                      p1        3   134.340    1969.886    2104.226 
                        ha0     1    47.565     507.308     554.873 
                        ha1     1    47.565     579.387     626.951 
                        fa0     1    39.210     883.192     922.402 
                    p1          9   394.666    7138.353    7533.020 
                      p0        3   134.340    2415.386    2549.726 
                        ha0     1    47.565     595.210     642.774 
                        ha1     1    47.565     776.355     823.920 
                        fa0     1    39.210    1043.821    1083.032 
                      p1        3   134.340    2510.368    2644.708 
                        ha0     1    47.565     652.096     699.660 
                        ha1     1    47.565     740.295     787.860 
                        fa0     1    39.210    1117.977    1157.187 
                  p1           22   954.528   17750.077   18704.605 
                    p0          9   394.666    5983.899    6378.565 
                      p0        3   134.340    1661.670    1796.010 
                        ha0     1    47.565     432.882     480.447 
                        ha1     1    47.565     531.595     579.160 
                        fa0     1    39.210     697.192     736.403 
                      p1        3   134.340    2303.318    2437.658 
                        ha0     1    47.565     616.054     663.619 
                        ha1     1    47.565     678.387     725.952 
                        fa0     1    39.210    1008.877    1048.087 
                    p1          9   394.666    8860.935    9255.601 
                      p0        3   134.340    2958.156    3092.496 
                        ha0     1    47.565     752.974     800.539 
                        ha1     1    47.565     960.114    1007.679 
                        fa0     1    39.210    1245.068    1284.279 
                      p1        3   134.340    3029.382    3163.722 
                        ha0     1    47.565     815.166     862.731 
                        ha1     1    47.565     893.989     941.554 
                        fa0     1    39.210    1320.227    1359.438 
              p1              104  4470.543   93307.296   97777.839 
                p0             49  2113.463   37493.639   39607.102 
                  p0           22   954.528   15515.755   16470.283 
                    p0          9   394.666    5402.702    5797.369 
                      p0        3   134.340    1533.775    1668.115 
                        ha0     1    47.565     370.833     418.398 
                        ha1     1    47.565     492.300     539.865 
                        fa0     1    39.210     670.642     709.853 
                      p1        3   134.340    2172.791    2307.131 
                        ha0     1    47.565     532.794     580.359 
                        ha1     1    47.565     645.731     693.295 
                        fa0     1    39.210     994.266    1033.476 
                    p1          9   394.666    7578.166    7972.832 
                      p0        3   134.340    2628.262    2762.603 
                        ha0     1    47.565     602.927     650.492 
                        ha1     1    47.565     844.486     892.051 
                        fa0     1    39.210    1180.850    1220.060 
                      p1        3   134.340    2778.281    2912.622 
                        ha0     1    47.565     695.334     742.899 
                        ha1     1    47.565     815.025     862.590 
                        fa0     1    39.210    1267.922    1307.133 
                  p1           22   954.528   17912.067   18866.596 
                    p0          9   394.666    6219.285    6613.951 
                      p0        3   134.340    1781.397    1915.737 
                        ha0     1    47.565     434.431     481.996 
                        ha1     1    47.565     575.332     622.897 
                        fa0     1    39.210     771.634     810.844 
                      p1        3   134.340    2464.372    2598.712 
                        ha0     1    47.565     625.072     672.637 
                        ha1     1    47.565     730.923     778.488 
                        fa0     1    39.210    1108.377    1147.587 
                    p1          9   394.666    8903.852    9298.518 
                      p0        3   134.340    3019.776    3154.116 
                        ha0     1    47.565     719.971     767.536 
                        ha1     1    47.565     979.888    1027.453 
                        fa0     1    39.210    1319.917    1359.128 
                      p1        3   134.340    3204.742    3339.082 
                        ha0     1    47.565     815.231     862.796 
                        ha1     1    47.565     958.078    1005.643 
                        fa0     1    39.210    1431.433    1470.644 
                p1             49  2113.463   50322.814   52436.277 
                  p0           22   954.528   20051.137   21005.665 
                    p0          9   394.666    6936.593    7331.259 
                      p0        3   134.340    2022.989    2157.329 
                        ha0     1    47.565     487.765     535.330 
                        ha1     1    47.565     651.941     699.506 
                        fa0     1    39.210     883.283     922.493 
                      p1        3   134.340    2745.918    2880.259 
                        ha0     1    47.565     688.518     736.083 
                        ha1     1    47.565     812.867     860.432 
                        fa0     1    39.210    1244.533    1283.744 
                    p1          9   394.666    9816.533   10211.200 
                      p0        3   134.340    3365.544    3499.884 
                        ha0     1    47.565     800.413     847.978 
                        ha1     1    47.565    1084.877    1132.442 
                        fa0     1    39.210    1480.254    1519.465 
                      p1        3   134.340    3507.161    3641.501 
                        ha0     1    47.565     887.693     935.258 
                        ha1     1    47.565    1040.004    1087.569 
                        fa0     1    39.210    1579.464    1618.674 
                  p1           22   954.528   24976.695   25931.223 
                    p0          9   394.666    8665.935    9060.601 
                      p0        3   134.340    2515.393    2649.734 
                        ha0     1    47.565     628.531     676.095 
                        ha1     1    47.565     829.086     876.651 
                        fa0     1    39.210    1057.777    1096.987 
                      p1        3   134.340    3270.718    3405.058 
                        ha0     1    47.565     842.561     890.126 
                        ha1     1    47.565     983.492    1031.057 
                        fa0     1    39.210    1444.664    1483.874 
                    p1          9   394.666   12298.312   12692.978 
                      p0        3   134.340    4157.908    4292.249 
                        ha0     1    47.565    1011.999    1059.564 
                        ha1     1    47.565    1364.810    1412.375 
                        fa0     1    39.210    1781.100    1820.310 
                      p1        3   134.340    4298.104    4432.444 
                        ha0     1    47.565    1114.169    1161.734 
                        ha1     1    47.565    1290.513    1338.078 
                        fa0     1    39.210    1893.422    1932.632 
            p1                215  9223.914  242075.514  251299.428 
              p0              104  4470.543  110578.806  115049.349 
                p0             49  2113.463   43932.064   46045.527 
                  p0           22   954.528   17741.754   18696.282 
                    p0          9   394.666    6141.593    6536.259 
                      p0        3   134.340    1722.457    1856.797 
                        ha0     1    47.565     414.383     461.947 
                        ha1     1    47.565     562.401     609.966 
                        fa0     1    39.210     745.674     784.884 
                      p1        3   134.340    2450.487    2584.827 
                        ha0     1    47.565     595.984     643.549 
                        ha1     1    47.565     735.221     782.786 
                        fa0     1    39.210    1119.282    1158.492 
                    p1          9   394.666    8608.250    9002.916 
                      p0        3   134.340    2949.722    3084.063 
                        ha0     1    47.565     673.530     721.095 
                        ha1     1    47.565     958.279    1005.844 
                        fa0     1    39.210    1317.913    1357.124 
                      p1        3   134.340    3148.765    3283.105 
                        ha0     1    47.565     776.528     824.093 
                        ha1     1    47.565     929.770     977.335 
                        fa0     1    39.210    1442.467    1481.677 
                  p1           22   954.528   21304.367   22258.895 
                    p0          9   394.666    7452.426    7847.092 
                      p0        3   134.340    2135.698    2270.038 
                        ha0     1    47.565     513.326     560.891 
                        ha1     1    47.565     702.406     749.971 
                        fa0     1    39.210     919.967     959.177 
                      p1        3   134.340    2901.906    3036.246 
                        ha0     1    47.565     724.678     772.243 
                        ha1     1    47.565     871.017     918.582 
                        fa0     1    39.210    1306.211    1345.422 
                    p1          9   394.666   10459.761   10854.428 
                      p0        3   134.340    3527.321    3661.661 
                        ha0     1    47.565     834.925     882.490 
                        ha1     1    47.565    1150.590    1198.155 
                        fa0     1    39.210    1541.805    1581.015 
                      p1        3   134.340    3755.881    3890.221 
                        ha0     1    47.565     941.825     989.390 
                        ha1     1    47.565    1123.387    1170.952 
                        fa0     1    39.210    1690.669    1729.879 
                p1             49  2113.463   59600.425   61713.888 
                  p0           22   954.528   24256.554   25211.082 
                    p0          9   394.666    8420.100    8814.766 
                      p0        3   134.340    2434.589    2568.929 
                        ha0     1    47.565     582.203     629.768 
                        ha1     1    47.565     794.346     841.911 
                        fa0     1    39.210    1058.039    1097.250 
                      p1        3   134.340    3287.362    3421.702 
                        ha0     1    47.565     812.689     860.254 
                        ha1     1    47.565     980.291    1027.856 
                        fa0     1    39.210    1494.382    1533.592 
                    p1          9   394.666   11746.549   12141.215 
                      p0        3   134.340    4014.097    4148.437 
                        ha0     1    47.565     948.073     995.638 
                        ha1     1    47.565    1299.343    1346.907 
                        fa0     1    39.210    1766.681    1805.892 
                      p1        3   134.340    4195.007    4329.347 
                        ha0     1    47.565    1047.319    1094.884 
                        ha1     1    47.565    1244.232    1291.797 
                        fa0     1    39.210    1903.456    1942.666 
                  p1           22   954.528   28989.287   29943.815 
                    p0          9   394.666   10094.448   10489.114 
                      p0        3   134.340    2916.369    3050.709 
                        ha0     1    47.565     724.941     772.506 
                        ha1     1    47.565     958.354    1005.918 
                        fa0     1    39.210    1233.075    1272.285 
                      p1        3   134.340    3800.937    3935.277 
                        ha0     1    47.565     969.262    1016.826 
                        ha1     1    47.565    1139.291    1186.856 
                        fa0     1    39.210    1692.384    1731.595 
                    p1          9   394.666   14176.094   14570.760 
                      p0        3   134.340    4793.384    4927.724 
                        ha0     1    47.565    1162.553    1210.118 
                        ha1     1    47.565    1566.104    1613.669 
                        fa0     1    39.210    2064.728    2103.938 
                      p1        3   134.340    4978.148    5112.488 
                        ha0     1    47.565    1276.889    1324.454 
                        ha1     1    47.565    1483.083    1530.648 
                        fa0     1    39.210    2218.176    2257.386 
              p1              104  4470.543  122091.420  126561.963 
                p0             49  2113.463   49538.788   51652.252 
                  p0           22   954.528   19992.702   20947.230 
                    p0          9   394.666    6882.068    7276.734 
                      p0        3   134.340    1892.069    2026.409 
                        ha0     1    47.565     449.978     497.543 
                        ha1     1    47.565     621.461     669.026 
                        fa0     1    39.210     820.630     859.840 
                      p1        3   134.340    2799.142    2933.482 
                        ha0     1    47.565     677.229     724.794 
                        ha1     1    47.565     840.284     887.849 
                        fa0     1    39.210    1281.629    1320.840 
                    p1          9   394.666    9710.525   10105.191 
                      p0        3   134.340    3310.327    3444.667 
                        ha0     1    47.565     753.718     801.283 
                        ha1     1    47.565    1076.365    1123.930 
                        fa0     1    39.210    1480.244    1519.455 
                      p1        3   134.340    3556.778    3691.118 
                        ha0     1    47.565     866.790     914.355 
                        ha1     1    47.565    1060.173    1107.738 
                        fa0     1    39.210    1629.814    1669.025 
                  p1           22   954.528   23921.656   24876.185 
                    p0          9   394.666    8398.200    8792.866 
                      p0        3   134.340    2356.360    2490.700 
                        ha0     1    47.565     557.958     605.523 
                        ha1     1    47.565     776.770     824.335 
                        fa0     1    39.210    1021.632    1060.842 
                      p1        3   134.340    3348.565    3482.905 
                        ha0     1    47.565     824.074     871.639 
                        ha1     1    47.565    1003.364    1050.929 
                        fa0     1    39.210    1521.127    1560.338 
                    p1          9   394.666   11682.296   12076.962 
                      p0        3   134.340    3940.297    4074.638 
                        ha0     1    47.565     924.208     971.773 
                        ha1     1    47.565    1283.984    1331.549 
                        fa0     1    39.210    1732.105    1771.316 
                      p1        3   134.340    4214.996    4349.336 
                        ha0     1    47.565    1041.220    1088.785 
                        ha1     1    47.565    1267.443    1315.007 
                        fa0     1    39.210    1906.333    1945.544 
                p1             49  2113.463   65083.689   67197.152 
                  p0           22   954.528   26693.650   27648.179 
                    p0          9   394.666    9213.618    9608.284 
                      p0        3   134.340    2604.595    2738.935 
                        ha0     1    47.565     618.322     665.887 
                        ha1     1    47.565     853.313     900.878 
                        fa0     1    39.210    1132.960    1172.170 
                      p1        3   134.340    3683.715    3818.055 
                        ha0     1    47.565     902.968     950.533 
                        ha1     1    47.565    1098.917    1146.482 
                        fa0     1    39.210    1681.830    1721.041 
                    p1          9   394.666   12931.911   13326.578 
                      p0        3   134.340    4426.180    4560.521 
                        ha0     1    47.565    1041.831    1089.396 
                        ha1     1    47.565    1437.049    1484.614 
                        fa0     1    39.210    1947.300    1986.511 
                      p1        3   134.340    4604.569    4738.909 
                        ha0     1    47.565    1142.130    1189.695 
                        ha1     1    47.565    1378.336    1425.901 
                        fa0     1    39.210    2084.102    2123.313 
                  p1           22   954.528   31313.988   32268.516 
                    p0          9   394.666   10848.415   11243.082 
                      p0        3   134.340    3065.157    3199.497 
                        ha0     1    47.565     751.925     799.490 
                        ha1     1    47.565    1017.368    1064.933 
                        fa0     1    39.210    1295.864    1335.075 
                      p1        3   134.340    4179.006    4313.346 
                        ha0     1    47.565    1050.477    1098.042 
                        ha1     1    47.565    1257.953    1305.518 
                        fa0     1    39.210    1870.576    1909.786 
                    p1          9   394.666   15322.834   15717.500 
                      p0        3   134.340    5187.923    5322.263 
                        ha0     1    47.565    1247.261    1294.826 
                        ha1     1    47.565    1703.851    1751.416 
                        fa0     1    39.210    2236.811    2276.022 
                      p1        3   134.340    5366.603    5500.943 
                        ha0     1    47.565    1362.665    1410.230 
                        ha1     1    47.565    1617.231    1664.796 
                        fa0     1    39.210    2386.707    2425.918 
      ctr                      81  3015.999  192241.720  195257.719 
        add_55_25              16   635.721   20460.371   21096.092 
    genblk1[4].genblk1.sng     22   427.184   27496.596   27923.780 
      ctr                       8   323.916   18866.119   19190.035 
    genblk1[0].genblk1.sng     20   419.185   37179.557   37598.742 
      ctr                       7   304.162   27172.366   27476.528 
    genblk1[1].genblk1.sng     21   414.990   37039.278   37454.268 
      ctr                       7   304.162   27398.756   27702.919 
    genblk1[2].genblk1.sng     18   414.912   33988.081   34402.993 
      ctr                       7   304.162   27528.177   27832.340 
    genblk1[3].genblk1.sng     18   414.912   33806.835   34221.747 
      ctr                       7   304.162   27455.743   27759.905 

