============================================================
  Generated by:           Encounter(R) RTL Compiler v14.10-s022_1
  Generated on:           Jul 25 2021  02:25:11 pm
  Module:                 ms_es_ordered_bs_by4_mul_synth
  Technology library:     gscl45nm 
  Operating conditions:   typical (balanced_tree)
  Wireload mode:          enclosed
  Area mode:              timing library
============================================================

                                        Leakage    Dynamic      Total    
            Instance            Cells  Power(nW)  Power(nW)   Power(nW)  
-------------------------------------------------------------------------
ms_es_orde..by4_mul_synth        3565 104212.788 3512234.982 3616447.770 
  TOP                            3565 104212.788 3459353.898 3563566.687 
    genblk2.stoch2bin            1871  79335.714 2258026.504 2337362.218 
      par_ctr                    1780  76202.413 2062239.054 2138441.468 
        p0                        885  37900.978 1010347.577 1048248.554 
          p0                      438  18769.865  491884.796  510654.661 
            p0                    215   9223.914  234086.340  243310.254 
              p0                  104   4470.543  110578.945  115049.488 
                p0                 49   2113.463   49160.981   51274.444 
                  p0               22    954.528   19962.865   20917.394 
                    p0              9    394.666    7232.143    7626.809 
                      p0            3    134.340    1777.779    1912.119 
                        ha0         1     47.565     498.070     545.635 
                        ha1         1     47.565     639.081     686.645 
                        fa0         1     39.210     640.628     679.838 
                      p1            3    134.340    2476.074    2610.415 
                        ha0         1     47.565     794.558     842.123 
                        ha1         1     47.565     738.647     786.212 
                        fa0         1     39.210     942.869     982.080 
                    p1              9    394.666    8587.673    8982.339 
                      p0            3    134.340    2575.650    2709.990 
                        ha0         1     47.565     848.210     895.774 
                        ha1         1     47.565     808.083     855.648 
                        fa0         1     39.210     919.358     958.568 
                      p1            3    134.340    2547.066    2681.406 
                        ha0         1     47.565     912.049     959.614 
                        ha1         1     47.565     715.660     763.224 
                        fa0         1     39.210     919.358     958.568 
                  p1               22    954.528   22312.654   23267.182 
                    p0              9    394.666    7701.656    8096.323 
                      p0            3    134.340    1781.026    1915.367 
                        ha0         1     47.565     499.996     547.561 
                        ha1         1     47.565     639.045     686.610 
                        fa0         1     39.210     641.986     681.196 
                      p1            3    134.340    2774.950    2909.290 
                        ha0         1     47.565     878.330     925.895 
                        ha1         1     47.565     830.848     878.413 
                        fa0         1     39.210    1065.771    1104.982 
                    p1              9    394.666   10084.038   10478.704 
                      p0            3    134.340    3005.727    3140.067 
                        ha0         1     47.565    1001.252    1048.817 
                        ha1         1     47.565     938.436     986.001 
                        fa0         1     39.210    1066.039    1105.250 
                      p1            3    134.340    3002.385    3136.726 
                        ha0         1     47.565    1105.473    1153.038 
                        ha1         1     47.565     830.873     878.438 
                        fa0         1     39.210    1066.039    1105.250 
                p1                 49   2113.463   53000.210   55113.674 
                  p0               22    954.528   22883.551   23838.079 
                    p0              9    394.666    7701.656    8096.323 
                      p0            3    134.340    1781.026    1915.367 
                        ha0         1     47.565     499.996     547.561 
                        ha1         1     47.565     639.045     686.610 
                        fa0         1     39.210     641.986     681.196 
                      p1            3    134.340    2774.950    2909.290 
                        ha0         1     47.565     878.330     925.895 
                        ha1         1     47.565     830.848     878.413 
                        fa0         1     39.210    1065.771    1104.982 
                    p1              9    394.666   10285.006   10679.672 
                      p0            3    134.340    3031.437    3165.777 
                        ha0         1     47.565    1026.914    1074.479 
                        ha1         1     47.565     938.440     986.005 
                        fa0         1     39.210    1066.082    1105.293 
                      p1            3    134.340    3020.550    3154.890 
                        ha0         1     47.565    1123.590    1171.155 
                        ha1         1     47.565     830.877     878.442 
                        fa0         1     39.210    1066.082    1105.293 
                  p1               22    954.528   22744.558   23699.087 
                    p0              9    394.666    7742.891    8137.557 
                      p0            3    134.340    1789.631    1923.971 
                        ha0         1     47.565     508.600     556.165 
                        ha1         1     47.565     639.045     686.610 
                        fa0         1     39.210     641.986     681.196 
                      p1            3    134.340    2774.945    2909.285 
                        ha0         1     47.565     878.325     925.890 
                        ha1         1     47.565     830.848     878.413 
                        fa0         1     39.210    1065.771    1104.982 
                    p1              9    394.666   10318.827   10713.493 
                      p0            3    134.340    3031.433    3165.774 
                        ha0         1     47.565    1026.911    1074.476 
                        ha1         1     47.565     938.440     986.005 
                        fa0         1     39.210    1066.082    1105.293 
                      p1            3    134.340    3029.684    3164.024 
                        ha0         1     47.565    1132.715    1180.280 
                        ha1         1     47.565     830.878     878.443 
                        fa0         1     39.210    1066.091    1105.301 
              p1                  104   4470.543  112885.097  117355.640 
                p0                 49   2113.463   49898.391   52011.854 
                  p0               22    954.528   20026.861   20981.389 
                    p0              9    394.666    7232.111    7626.777 
                      p0            3    134.340    1777.765    1912.105 
                        ha0         1     47.565     498.070     545.635 
                        ha1         1     47.565     639.081     686.645 
                        fa0         1     39.210     640.615     679.825 
                      p1            3    134.340    2476.056    2610.396 
                        ha0         1     47.565     794.558     842.123 
                        ha1         1     47.565     738.647     786.212 
                        fa0         1     39.210     942.851     982.061 
                    p1              9    394.666    8635.283    9029.949 
                      p0            3    134.340    2575.632    2709.972 
                        ha0         1     47.565     848.210     895.774 
                        ha1         1     47.565     808.083     855.648 
                        fa0         1     39.210     919.339     958.550 
                      p1            3    134.340    2579.439    2713.780 
                        ha0         1     47.565     921.061     968.626 
                        ha1         1     47.565     727.164     774.729 
                        fa0         1     39.210     931.215     970.425 
                  p1               22    954.528   22850.160   23804.688 
                    p0              9    394.666    7785.919    8180.585 
                      p0            3    134.340    1780.942    1915.282 
                        ha0         1     47.565     499.954     547.519 
                        ha1         1     47.565     639.045     686.610 
                        fa0         1     39.210     641.942     681.153 
                      p1            3    134.340    2825.460    2959.801 
                        ha0         1     47.565     905.528     953.093 
                        ha1         1     47.565     842.346     889.911 
                        fa0         1     39.210    1077.587    1116.797 
                    p1              9    394.666   10442.508   10837.174 
                      p0            3    134.340    3073.781    3208.121 
                        ha0         1     47.565    1044.465    1092.030 
                        ha1         1     47.565     951.448     999.013 
                        fa0         1     39.210    1077.868    1117.079 
                      p1            3    134.340    3103.465    3237.805 
                        ha0         1     47.565    1159.829    1207.394 
                        ha1         1     47.565     853.870     901.435 
                        fa0         1     39.210    1089.767    1128.977 
                p1                 49   2113.463   54596.486   56709.949 
                  p0               22    954.528   23537.533   24492.061 
                    p0              9    394.666    7785.919    8180.585 
                      p0            3    134.340    1780.942    1915.282 
                        ha0         1     47.565     499.954     547.519 
                        ha1         1     47.565     639.045     686.610 
                        fa0         1     39.210     641.942     681.153 
                      p1            3    134.340    2825.460    2959.801 
                        ha0         1     47.565     905.528     953.093 
                        ha1         1     47.565     842.346     889.911 
                        fa0         1     39.210    1077.587    1116.797 
                    p1              9    394.666   10719.578   11114.244 
                      p0            3    134.340    3108.018    3242.358 
                        ha0         1     47.565    1078.649    1126.214 
                        ha1         1     47.565     951.452     999.017 
                        fa0         1     39.210    1077.916    1117.127 
                      p1            3    134.340    3139.812    3274.152 
                        ha0         1     47.565    1196.125    1243.689 
                        ha1         1     47.565     853.874     901.439 
                        fa0         1     39.210    1089.814    1129.024 
                  p1               22    954.528   23363.996   24318.524 
                    p0              9    394.666    7827.150    8221.817 
                      p0            3    134.340    1789.545    1923.885 
                        ha0         1     47.565     508.557     556.122 
                        ha1         1     47.565     639.045     686.610 
                        fa0         1     39.210     641.942     681.153 
                      p1            3    134.340    2825.455    2959.795 
                        ha0         1     47.565     905.522     953.087 
                        ha1         1     47.565     842.346     889.911 
                        fa0         1     39.210    1077.587    1116.797 
                    p1              9    394.666   10735.151   11129.817 
                      p0            3    134.340    3108.014    3242.354 
                        ha0         1     47.565    1078.645    1126.210 
                        ha1         1     47.565     951.452     999.017 
                        fa0         1     39.210    1077.916    1117.127 
                      p1            3    134.340    3139.805    3274.145 
                        ha0         1     47.565    1196.108    1243.673 
                        ha1         1     47.565     853.875     901.440 
                        fa0         1     39.210    1089.823    1129.033 
            p1                    215   9223.914  246286.127  255510.040 
              p0                  104   4470.543  117526.230  121996.773 
                p0                 49   2113.463   51538.692   53652.155 
                  p0               22    954.528   20716.103   21670.631 
                    p0              9    394.666    7489.901    7884.567 
                      p0            3    134.340    1861.195    1995.535 
                        ha0         1     47.565     515.580     563.145 
                        ha1         1     47.565     667.620     715.185 
                        fa0         1     39.210     677.995     717.205 
                      p1            3    134.340    2557.106    2691.446 
                        ha0         1     47.565     812.599     860.164 
                        ha1         1     47.565     764.035     811.600 
                        fa0         1     39.210     980.472    1019.682 
                    p1              9    394.666    8947.138    9341.804 
                      p0            3    134.340    2667.854    2802.194 
                        ha0         1     47.565     874.257     921.822 
                        ha1         1     47.565     836.652     884.217 
                        fa0         1     39.210     956.944     996.155 
                      p1            3    134.340    2678.656    2812.996 
                        ha0         1     47.565     957.249    1004.814 
                        ha1         1     47.565     752.553     800.118 
                        fa0         1     39.210     968.854    1008.064 
                  p1               22    954.528   23599.590   24554.118 
                    p0              9    394.666    8044.320    8438.986 
                      p0            3    134.340    1864.591    1998.931 
                        ha0         1     47.565     517.599     565.164 
                        ha1         1     47.565     667.584     715.148 
                        fa0         1     39.210     679.408     718.619 
                      p1            3    134.340    2906.871    3041.211 
                        ha0         1     47.565     923.739     971.304 
                        ha1         1     47.565     867.746     915.310 
                        fa0         1     39.210    1115.387    1154.597 
                    p1              9    394.666   10804.503   11199.169 
                      p0            3    134.340    3175.090    3309.430 
                        ha0         1     47.565    1079.377    1126.942 
                        ha1         1     47.565     980.035    1027.600 
                        fa0         1     39.210    1115.677    1154.888 
                      p1            3    134.340    3212.390    3346.731 
                        ha0         1     47.565    1205.509    1253.074 
                        ha1         1     47.565     879.275     926.840 
                        fa0         1     39.210    1127.606    1166.816 
                p1                 49   2113.463   56836.989   58950.452 
                  p0               22    954.528   24511.505   25466.034 
                    p0              9    394.666    8044.320    8438.986 
                      p0            3    134.340    1864.591    1998.931 
                        ha0         1     47.565     517.599     565.164 
                        ha1         1     47.565     667.584     715.148 
                        fa0         1     39.210     679.408     718.619 
                      p1            3    134.340    2906.871    3041.211 
                        ha0         1     47.565     923.739     971.304 
                        ha1         1     47.565     867.746     915.310 
                        fa0         1     39.210    1115.387    1154.597 
                    p1              9    394.666   11252.993   11647.659 
                      p0            3    134.340    3243.234    3377.574 
                        ha0         1     47.565    1122.531    1170.096 
                        ha1         1     47.565     993.054    1040.619 
                        fa0         1     39.210    1127.649    1166.859 
                      p1            3    134.340    3329.088    3463.428 
                        ha0         1     47.565    1259.705    1307.270 
                        ha1         1     47.565     904.480     952.045 
                        fa0         1     39.210    1164.902    1204.113 
                  p1               22    954.528   24328.296   25282.825 
                    p0              9    394.666    8085.550    8480.216 
                      p0            3    134.340    1873.196    2007.536 
                        ha0         1     47.565     526.204     573.769 
                        ha1         1     47.565     667.584     715.148 
                        fa0         1     39.210     679.408     718.619 
                      p1            3    134.340    2906.866    3041.206 
                        ha0         1     47.565     923.734     971.299 
                        ha1         1     47.565     867.746     915.310 
                        fa0         1     39.210    1115.387    1154.597 
                    p1              9    394.666   11268.624   11663.290 
                      p0            3    134.340    3243.230    3377.570 
                        ha0         1     47.565    1122.527    1170.092 
                        ha1         1     47.565     993.054    1040.619 
                        fa0         1     39.210    1127.649    1166.859 
                      p1            3    134.340    3329.112    3463.452 
                        ha0         1     47.565    1259.696    1307.260 
                        ha1         1     47.565     904.483     952.048 
                        fa0         1     39.210    1164.933    1204.143 
              p1                  104   4470.543  118002.257  122472.800 
                p0                 49   2113.463   52031.012   54144.475 
                  p0               22    954.528   20946.380   21900.908 
                    p0              9    394.666    7589.243    7983.909 
                      p0            3    134.340    1895.230    2029.570 
                        ha0         1     47.565     524.587     572.152 
                        ha1         1     47.565     680.647     728.212 
                        fa0         1     39.210     689.995     729.206 
                      p1            3    134.340    2589.521    2723.862 
                        ha0         1     47.565     821.622     869.187 
                        ha1         1     47.565     775.541     823.106 
                        fa0         1     39.210     992.358    1031.569 
                    p1              9    394.666    9044.580    9439.246 
                      p0            3    134.340    2701.786    2836.126 
                        ha0         1     47.565     883.273     930.838 
                        ha1         1     47.565     849.674     897.239 
                        fa0         1     39.210     968.839    1008.050 
                      p1            3    134.340    2711.066    2845.406 
                        ha0         1     47.565     966.261    1013.826 
                        ha1         1     47.565     764.060     811.625 
                        fa0         1     39.210     980.745    1019.955 
                  p1               22    954.528   23828.113   24782.641 
                    p0              9    394.666    8143.670    8538.336 
                      p0            3    134.340    1898.641    2032.982 
                        ha0         1     47.565     526.596     574.161 
                        ha1         1     47.565     680.610     728.174 
                        fa0         1     39.210     691.436     730.646 
                      p1            3    134.340    2939.264    3073.605 
                        ha0         1     47.565     932.749     980.314 
                        ha1         1     47.565     879.246     926.811 
                        fa0         1     39.210    1127.269    1166.479 
                    p1              9    394.666   10901.811   11296.477 
                      p0            3    134.340    3208.974    3343.314 
                        ha0         1     47.565    1088.366    1135.931 
                        ha1         1     47.565     993.048    1040.613 
                        fa0         1     39.210    1127.559    1166.770 
                      p1            3    134.340    3244.739    3379.080 
                        ha0         1     47.565    1214.483    1262.048 
                        ha1         1     47.565     890.775     938.339 
                        fa0         1     39.210    1139.482    1178.692 
                p1                 49   2113.463   57275.542   59389.005 
                  p0               22    954.528   24741.681   25696.209 
                    p0              9    394.666    8143.670    8538.336 
                      p0            3    134.340    1898.641    2032.982 
                        ha0         1     47.565     526.596     574.161 
                        ha1         1     47.565     680.610     728.174 
                        fa0         1     39.210     691.436     730.646 
                      p1            3    134.340    2939.264    3073.605 
                        ha0         1     47.565     932.749     980.314 
                        ha1         1     47.565     879.246     926.811 
                        fa0         1     39.210    1127.269    1166.479 
                    p1              9    394.666   11350.280   11744.946 
                      p0            3    134.340    3277.110    3411.450 
                        ha0         1     47.565    1131.517    1179.082 
                        ha1         1     47.565    1006.066    1053.631 
                        fa0         1     39.210    1139.527    1178.737 
                      p1            3    134.340    3361.442    3495.782 
                        ha0         1     47.565    1268.678    1316.243 
                        ha1         1     47.565     915.981     963.546 
                        fa0         1     39.210    1176.783    1215.994 
                  p1               22    954.528   24489.589   25444.117 
                    p0              9    394.666    8134.471    8529.137 
                      p0            3    134.340    1898.649    2032.989 
                        ha0         1     47.565     526.593     574.158 
                        ha1         1     47.565     680.611     728.176 
                        fa0         1     39.210     691.445     730.655 
                      p1            3    134.340    2930.149    3064.490 
                        ha0         1     47.565     923.629     971.194 
                        ha1         1     47.565     879.246     926.811 
                        fa0         1     39.210    1127.274    1166.484 
                    p1              9    394.666   11365.914   11760.580 
                      p0            3    134.340    3277.110    3411.450 
                        ha0         1     47.565    1131.512    1179.077 
                        ha1         1     47.565    1006.067    1053.632 
                        fa0         1     39.210    1139.532    1178.742 
                      p1            3    134.340    3361.470    3495.811 
                        ha0         1     47.565    1268.668    1316.233 
                        ha1         1     47.565     915.984     963.549 
                        fa0         1     39.210    1176.818    1216.029 
          p1                      438  18769.865  505735.809  524505.674 
            p0                    215   9223.914  238191.133  247415.047 
              p0                  104   4470.543  112381.914  116852.458 
                p0                 49   2113.463   49750.631   51864.094 
                  p0               22    954.528   20205.370   21159.899 
                    p0              9    394.666    7278.934    7673.601 
                      p0            3    134.340    1776.835    1911.175 
                        ha0         1     47.565     498.105     545.670 
                        ha1         1     47.565     639.081     686.645 
                        fa0         1     39.210     639.649     678.860 
                      p1            3    134.340    2507.163    2641.504 
                        ha0         1     47.565     803.639     851.204 
                        ha1         1     47.565     750.149     797.714 
                        fa0         1     39.210     953.375     992.585 
                    p1              9    394.666    8731.276    9125.942 
                      p0            3    134.340    2616.803    2751.143 
                        ha0         1     47.565     865.830     913.395 
                        ha1         1     47.565     821.100     868.665 
                        fa0         1     39.210     929.872     969.083 
                      p1            3    134.340    2587.223    2721.564 
                        ha0         1     47.565     930.203     977.768 
                        ha1         1     47.565     727.164     774.729 
                        fa0         1     39.210     929.857     969.067 
                  p1               22    954.528   22551.074   23505.603 
                    p0              9    394.666    7748.784    8143.450 
                      p0            3    134.340    1780.382    1914.723 
                        ha0         1     47.565     499.996     547.561 
                        ha1         1     47.565     639.045     686.610 
                        fa0         1     39.210     641.342     680.552 
                      p1            3    134.340    2806.118    2940.458 
                        ha0         1     47.565     887.365     934.929 
                        ha1         1     47.565     842.346     889.911 
                        fa0         1     39.210    1076.407    1115.617 
                    p1              9    394.666   10227.918   10622.584 
                      p0            3    134.340    3047.024    3181.364 
                        ha0         1     47.565    1018.873    1066.438 
                        ha1         1     47.565     951.447     999.012 
                        fa0         1     39.210    1076.703    1115.914 
                      p1            3    134.340    3042.698    3177.039 
                        ha0         1     47.565    1123.624    1171.189 
                        ha1         1     47.565     842.371     889.936 
                        fa0         1     39.210    1076.703    1115.914 
                p1                 49   2113.463   54022.479   56135.942 
                  p0               22    954.528   23210.418   24164.946 
                    p0              9    394.666    7748.784    8143.450 
                      p0            3    134.340    1780.382    1914.723 
                        ha0         1     47.565     499.996     547.561 
                        ha1         1     47.565     639.045     686.610 
                        fa0         1     39.210     641.342     680.552 
                      p1            3    134.340    2806.118    2940.458 
                        ha0         1     47.565     887.365     934.929 
                        ha1         1     47.565     842.346     889.911 
                        fa0         1     39.210    1076.407    1115.617 
                    p1              9    394.666   10493.904   10888.570 
                      p0            3    134.340    3072.738    3207.079 
                        ha0         1     47.565    1044.537    1092.102 
                        ha1         1     47.565     951.451     999.016 
                        fa0         1     39.210    1076.750    1115.960 
                      p1            3    134.340    3108.889    3243.229 
                        ha0         1     47.565    1150.765    1198.330 
                        ha1         1     47.565     856.076     903.641 
                        fa0         1     39.210    1102.049    1141.259 
                  p1               22    954.528   23271.343   24225.871 
                    p0              9    394.666    7839.021    8233.687 
                      p0            3    134.340    1788.987    1923.327 
                        ha0         1     47.565     508.600     556.165 
                        ha1         1     47.565     639.045     686.610 
                        fa0         1     39.210     641.342     680.552 
                      p1            3    134.340    2838.513    2972.853 
                        ha0         1     47.565     896.396     943.961 
                        ha1         1     47.565     853.843     901.408 
                        fa0         1     39.210    1088.274    1127.484 
                    p1              9    394.666   10643.315   11037.981 
                      p0            3    134.340    3106.636    3240.976 
                        ha0         1     47.565    1053.559    1101.124 
                        ha1         1     47.565     964.461    1012.026 
                        fa0         1     39.210    1088.616    1127.827 
                      p1            3    134.340    3159.547    3293.887 
                        ha0         1     47.565    1178.042    1225.607 
                        ha1         1     47.565     867.575     915.140 
                        fa0         1     39.210    1113.929    1153.140 
              p1                  104   4470.543  114814.942  119285.485 
                p0                 49   2113.463   50384.101   52497.564 
                  p0               22    954.528   20227.198   21181.727 
                    p0              9    394.666    7292.984    7687.650 
                      p0            3    134.340    1780.497    1914.837 
                        ha0         1     47.565     498.105     545.670 
                        ha1         1     47.565     639.081     686.645 
                        fa0         1     39.210     643.312     682.522 
                      p1            3    134.340    2517.553    2651.893 
                        ha0         1     47.565     803.638     851.203 
                        ha1         1     47.565     750.149     797.714 
                        fa0         1     39.210     963.765    1002.976 
                    p1              9    394.666    8739.010    9133.677 
                      p0            3    134.340    2617.227    2751.568 
                        ha0         1     47.565     857.288     904.853 
                        ha1         1     47.565     821.100     868.665 
                        fa0         1     39.210     938.839     978.049 
                      p1            3    134.340    2610.530    2744.870 
                        ha0         1     47.565     930.139     977.704 
                        ha1         1     47.565     738.667     786.232 
                        fa0         1     39.210     941.724     980.934 
                  p1               22    954.528   23059.942   24014.471 
                    p0              9    394.666    7852.443    8247.109 
                      p0            3    134.340    1784.550    1918.890 
                        ha0         1     47.565     499.930     547.495 
                        ha1         1     47.565     639.045     686.610 
                        fa0         1     39.210     645.575     684.785 
                      p1            3    134.340    2871.781    3006.121 
                        ha0         1     47.565     914.535     962.100 
                        ha1         1     47.565     853.843     901.408 
                        fa0         1     39.210    1103.402    1142.613 
                    p1              9    394.666   10553.202   10947.868 
                      p0            3    134.340    3121.108    3255.448 
                        ha0         1     47.565    1053.446    1101.011 
                        ha1         1     47.565     964.458    1012.023 
                        fa0         1     39.210    1103.204    1142.414 
                      p1            3    134.340    3135.808    3270.148 
                        ha0         1     47.565    1168.797    1216.362 
                        ha1         1     47.565     865.366     912.931 
                        fa0         1     39.210    1101.645    1140.855 
                p1                 49   2113.463   55844.563   57958.026 
                  p0               22    954.528   23957.174   24911.702 
                    p0              9    394.666    7896.948    8291.614 
                      p0            3    134.340    1791.053    1925.393 
                        ha0         1     47.565     508.552     556.117 
                        ha1         1     47.565     639.045     686.610 
                        fa0         1     39.210     643.455     682.665 
                      p1            3    134.340    2877.069    3011.410 
                        ha0         1     47.565     923.681     971.245 
                        ha1         1     47.565     853.843     901.408 
                        fa0         1     39.210    1099.546    1138.756 
                    p1              9    394.666   10940.392   11335.058 
                      p0            3    134.340    3160.069    3294.409 
                        ha0         1     47.565    1096.267    1143.832 
                        ha1         1     47.565     964.463    1012.028 
                        fa0         1     39.210    1099.339    1138.549 
                      p1            3    134.340    3229.341    3363.681 
                        ha0         1     47.565    1223.246    1270.811 
                        ha1         1     47.565     879.075     926.639 
                        fa0         1     39.210    1127.020    1166.231 
                  p1               22    954.528   23998.820   24953.348 
                    p0              9    394.666    7996.265    8390.931 
                      p0            3    134.340    1799.656    1933.996 
                        ha0         1     47.565     517.156     564.721 
                        ha1         1     47.565     639.045     686.610 
                        fa0         1     39.210     643.455     682.665 
                      p1            3    134.340    2909.997    3044.338 
                        ha0         1     47.565     932.702     980.266 
                        ha1         1     47.565     865.339     912.904 
                        fa0         1     39.210    1111.957    1151.167 
                    p1              9    394.666   11062.854   11457.520 
                      p0            3    134.340    3194.501    3328.842 
                        ha0         1     47.565    1105.279    1152.844 
                        ha1         1     47.565     977.472    1025.037 
                        fa0         1     39.210    1111.750    1150.960 
                      p1            3    134.340    3261.722    3396.062 
                        ha0         1     47.565    1232.234    1279.799 
                        ha1         1     47.565     890.573     938.138 
                        fa0         1     39.210    1138.915    1178.126 
            p1                    215   9223.914  256027.163  265251.077 
              p0                  104   4470.543  121471.521  125942.064 
                p0                 49   2113.463   52688.612   54802.075 
                  p0               22    954.528   21222.345   22176.873 
                    p0              9    394.666    7669.374    8064.040 
                      p0            3    134.340    1894.291    2028.631 
                        ha0         1     47.565     524.161     571.725 
                        ha1         1     47.565     680.857     728.422 
                        fa0         1     39.210     689.273     728.484 
                      p1            3    134.340    2621.260    2755.600 
                        ha0         1     47.565     830.741     878.306 
                        ha1         1     47.565     787.242     834.806 
                        fa0         1     39.210    1003.277    1042.487 
                    p1              9    394.666    9171.323    9565.989 
                      p0            3    134.340    2734.527    2868.867 
                        ha0         1     47.565     891.876     939.441 
                        ha1         1     47.565     862.893     910.457 
                        fa0         1     39.210     979.758    1018.969 
                      p1            3    134.340    2742.808    2877.148 
                        ha0         1     47.565     975.403    1022.968 
                        ha1         1     47.565     775.761     823.326 
                        fa0         1     39.210     991.645    1030.855 
                  p1               22    954.528   24100.321   25054.849 
                    p0              9    394.666    8224.386    8619.052 
                      p0            3    134.340    1898.108    2032.449 
                        ha0         1     47.565     526.204     573.769 
                        ha1         1     47.565     680.821     728.386 
                        fa0         1     39.210     691.084     730.294 
                      p1            3    134.340    2971.226    3105.566 
                        ha0         1     47.565     941.882     989.447 
                        ha1         1     47.565     890.947     938.512 
                        fa0         1     39.210    1138.397    1177.607 
                    p1              9    394.666   11029.078   11423.744 
                      p0            3    134.340    3241.986    3376.326 
                        ha0         1     47.565    1096.991    1144.556 
                        ha1         1     47.565    1006.268    1053.833 
                        fa0         1     39.210    1138.726    1177.936 
                      p1            3    134.340    3276.761    3411.101 
                        ha0         1     47.565    1223.653    1271.218 
                        ha1         1     47.565     902.476     950.041 
                        fa0         1     39.210    1150.631    1189.842 
                p1                 49   2113.463   59301.596   61415.059 
                  p0               22    954.528   25486.514   26441.042 
                    p0              9    394.666    8391.372    8786.039 
                      p0            3    134.340    1956.076    2090.416 
                        ha0         1     47.565     543.824     591.388 
                        ha1         1     47.565     696.114     743.679 
                        fa0         1     39.210     716.138     755.348 
                      p1            3    134.340    3028.360    3162.700 
                        ha0         1     47.565     960.033    1007.598 
                        ha1         1     47.565     904.639     952.204 
                        fa0         1     39.210    1163.688    1202.898 
                    p1              9    394.666   11706.999   12101.665 
                      p0            3    134.340    3368.404    3502.744 
                        ha0         1     47.565    1157.768    1205.333 
                        ha1         1     47.565    1034.651    1082.216 
                        fa0         1     39.210    1175.985    1215.195 
                      p1            3    134.340    3498.550    3632.890 
                        ha0         1     47.565    1305.023    1352.588 
                        ha1         1     47.565     955.073    1002.637 
                        fa0         1     39.210    1238.454    1277.664 
                  p1               22    954.528   25527.447   26481.975 
                    p0              9    394.666    8490.172    8884.838 
                      p0            3    134.340    1964.682    2099.022 
                        ha0         1     47.565     552.430     599.995 
                        ha1         1     47.565     696.114     743.679 
                        fa0         1     39.210     716.138     755.348 
                      p1            3    134.340    3060.762    3195.102 
                        ha0         1     47.565     969.051    1016.616 
                        ha1         1     47.565     916.140     963.705 
                        fa0         1     39.210    1175.572    1214.782 
                    p1              9    394.666   11828.874   12223.540 
                      p0            3    134.340    3402.236    3536.576 
                        ha0         1     47.565    1166.707    1214.272 
                        ha1         1     47.565    1047.663    1095.228 
                        fa0         1     39.210    1187.865    1227.075 
                      p1            3    134.340    3530.903    3665.244 
                        ha0         1     47.565    1313.946    1361.511 
                        ha1         1     47.565     966.578    1014.143 
                        fa0         1     39.210    1250.379    1289.590 
              p1                  104   4470.543  123237.703  127708.246 
                p0                 49   2113.463   53801.766   55915.230 
                  p0               22    954.528   21724.922   22679.450 
                    p0              9    394.666    7833.230    8227.896 
                      p0            3    134.340    1940.727    2075.067 
                        ha0         1     47.565     541.712     589.277 
                        ha1         1     47.565     693.884     741.449 
                        fa0         1     39.210     705.130     744.340 
                      p1            3    134.340    2673.102    2807.443 
                        ha0         1     47.565     848.825     896.390 
                        ha1         1     47.565     798.747     846.312 
                        fa0         1     39.210    1025.530    1064.740 
                    p1              9    394.666    9424.456    9819.122 
                      p0            3    134.340    2820.384    2954.725 
                        ha0         1     47.565     918.448     966.013 
                        ha1         1     47.565     888.931     936.496 
                        fa0         1     39.210    1013.005    1052.215 
                      p1            3    134.340    2816.673    2951.013 
                        ha0         1     47.565    1002.501    1050.066 
                        ha1         1     47.565     798.771     846.335 
                        fa0         1     39.210    1015.401    1054.612 
                  p1               22    954.528   24609.753   25564.282 
                    p0              9    394.666    8393.527    8788.193 
                      p0            3    134.340    1945.168    2079.508 
                        ha0         1     47.565     543.710     591.275 
                        ha1         1     47.565     693.847     741.412 
                        fa0         1     39.210     707.611     746.821 
                      p1            3    134.340    3027.705    3162.045 
                        ha0         1     47.565     959.884    1007.449 
                        ha1         1     47.565     902.447     950.012 
                        fa0         1     39.210    1165.374    1204.585 
                    p1              9    394.666   11288.772   11683.438 
                      p0            3    134.340    3333.349    3467.689 
                        ha0         1     47.565    1123.438    1171.003 
                        ha1         1     47.565    1032.292    1079.857 
                        fa0         1     39.210    1177.618    1216.829 
                      p1            3    134.340    3351.732    3486.072 
                        ha0         1     47.565    1250.592    1298.157 
                        ha1         1     47.565     925.472     973.037 
                        fa0         1     39.210    1175.667    1214.878 
                p1                 49   2113.463   60349.570   62463.033 
                  p0               22    954.528   25990.439   26944.967 
                    p0              9    394.666    8553.992    8948.658 
                      p0            3    134.340    2000.789    2135.129 
                        ha0         1     47.565     561.345     608.910 
                        ha1         1     47.565     709.145     756.709 
                        fa0         1     39.210     730.299     769.510 
                      p1            3    134.340    3080.648    3214.988 
                        ha0         1     47.565     978.067    1025.631 
                        ha1         1     47.565     916.141     963.706 
                        fa0         1     39.210    1186.440    1225.650 
                    p1              9    394.666   11962.678   12357.344 
                      p0            3    134.340    3455.810    3590.150 
                        ha0         1     47.565    1184.109    1231.674 
                        ha1         1     47.565    1060.676    1108.241 
                        fa0         1     39.210    1211.024    1250.235 
                      p1            3    134.340    3573.474    3707.815 
                        ha0         1     47.565    1331.816    1379.381 
                        ha1         1     47.565     978.077    1025.642 
                        fa0         1     39.210    1263.581    1302.792 
                  p1               22    954.528   25960.217   26914.746 
                    p0              9    394.666    8602.856    8997.522 
                      p0            3    134.340    2000.781    2135.121 
                        ha0         1     47.565     561.342     608.907 
                        ha1         1     47.565     709.146     756.711 
                        fa0         1     39.210     730.294     769.504 
                      p1            3    134.340    3104.459    3238.799 
                        ha0         1     47.565     977.973    1025.538 
                        ha1         1     47.565     927.642     975.206 
                        fa0         1     39.210    1198.844    1238.055 
                    p1              9    394.666   12085.098   12479.765 
                      p0            3    134.340    3490.174    3624.514 
                        ha0         1     47.565    1193.052    1240.617 
                        ha1         1     47.565    1073.688    1121.253 
                        fa0         1     39.210    1223.434    1262.644 
                      p1            3    134.340    3605.850    3740.190 
                        ha0         1     47.565    1340.744    1388.309 
                        ha1         1     47.565     989.581    1037.146 
                        fa0         1     39.210    1275.525    1314.735 
        p1                        885  37900.978 1038268.894 1076169.871 
          p0                      438  18769.865  512923.187  531693.052 
            p0                    215   9223.914  239083.844  248307.758 
              p0                  104   4470.543  112803.314  117273.857 
                p0                 49   2113.463   49788.845   51902.308 
                  p0               22    954.528   20205.370   21159.899 
                    p0              9    394.666    7278.934    7673.601 
                      p0            3    134.340    1776.835    1911.175 
                        ha0         1     47.565     498.105     545.670 
                        ha1         1     47.565     639.081     686.645 
                        fa0         1     39.210     639.649     678.860 
                      p1            3    134.340    2507.163    2641.504 
                        ha0         1     47.565     803.639     851.204 
                        ha1         1     47.565     750.149     797.714 
                        fa0         1     39.210     953.375     992.585 
                    p1              9    394.666    8731.276    9125.942 
                      p0            3    134.340    2616.803    2751.143 
                        ha0         1     47.565     865.830     913.395 
                        ha1         1     47.565     821.100     868.665 
                        fa0         1     39.210     929.872     969.083 
                      p1            3    134.340    2587.223    2721.564 
                        ha0         1     47.565     930.203     977.768 
                        ha1         1     47.565     727.164     774.729 
                        fa0         1     39.210     929.857     969.067 
                  p1               22    954.528   22555.482   23510.010 
                    p0              9    394.666    7750.708    8145.374 
                      p0            3    134.340    1781.024    1915.364 
                        ha0         1     47.565     499.996     547.561 
                        ha1         1     47.565     639.045     686.610 
                        fa0         1     39.210     641.983     681.194 
                      p1            3    134.340    2807.388    2941.728 
                        ha0         1     47.565     887.369     934.934 
                        ha1         1     47.565     842.347     889.912 
                        fa0         1     39.210    1077.672    1116.882 
                    p1              9    394.666   10230.412   10625.078 
                      p0            3    134.340    3048.266    3182.606 
                        ha0         1     47.565    1018.876    1066.440 
                        ha1         1     47.565     951.448     999.013 
                        fa0         1     39.210    1077.942    1117.153 
                      p1            3    134.340    3043.941    3178.282 
                        ha0         1     47.565    1123.627    1171.192 
                        ha1         1     47.565     842.372     889.937 
                        fa0         1     39.210    1077.942    1117.153 
                p1                 49   2113.463   54315.470   56428.933 
                  p0               22    954.528   23214.833   24169.361 
                    p0              9    394.666    7750.708    8145.374 
                      p0            3    134.340    1781.024    1915.364 
                        ha0         1     47.565     499.996     547.561 
                        ha1         1     47.565     639.045     686.610 
                        fa0         1     39.210     641.983     681.194 
                      p1            3    134.340    2807.388    2941.728 
                        ha0         1     47.565     887.369     934.934 
                        ha1         1     47.565     842.347     889.912 
                        fa0         1     39.210    1077.672    1116.882 
                    p1              9    394.666   10496.406   10891.072 
                      p0            3    134.340    3073.977    3208.318 
                        ha0         1     47.565    1044.539    1092.104 
                        ha1         1     47.565     951.452     999.017 
                        fa0         1     39.210    1077.987    1117.197 
                      p1            3    134.340    3110.141    3244.481 
                        ha0         1     47.565    1150.768    1198.333 
                        ha1         1     47.565     856.077     903.641 
                        fa0         1     39.210    1103.297    1142.507 
                  p1               22    954.528   23525.859   24480.387 
                    p0              9    394.666    7957.665    8352.331 
                      p0            3    134.340    1839.026    1973.366 
                        ha0         1     47.565     517.610     565.174 
                        ha1         1     47.565     654.346     701.910 
                        fa0         1     39.210     667.071     706.281 
                      p1            3    134.340    2887.895    3022.235 
                        ha0         1     47.565     905.438     953.003 
                        ha1         1     47.565     867.545     915.109 
                        fa0         1     39.210    1114.913    1154.123 
                    p1              9    394.666   10761.581   11156.247 
                      p0            3    134.340    3157.653    3291.994 
                        ha0         1     47.565    1062.586    1110.151 
                        ha1         1     47.565     979.832    1027.397 
                        fa0         1     39.210    1115.235    1154.446 
                      p1            3    134.340    3208.876    3343.216 
                        ha0         1     47.565    1187.062    1234.627 
                        ha1         1     47.565     881.277     928.842 
                        fa0         1     39.210    1140.537    1179.748 
              p1                  104   4470.543  115118.336  119588.879 
                p0                 49   2113.463   50364.132   52477.595 
                  p0               22    954.528   20204.179   21158.708 
                    p0              9    394.666    7278.932    7673.598 
                      p0            3    134.340    1776.835    1911.175 
                        ha0         1     47.565     498.105     545.670 
                        ha1         1     47.565     639.081     686.645 
                        fa0         1     39.210     639.649     678.860 
                      p1            3    134.340    2507.163    2641.503 
                        ha0         1     47.565     803.638     851.203 
                        ha1         1     47.565     750.149     797.714 
                        fa0         1     39.210     953.375     992.585 
                    p1              9    394.666    8730.044    9124.710 
                      p0            3    134.340    2608.261    2742.601 
                        ha0         1     47.565     857.288     904.853 
                        ha1         1     47.565     821.100     868.665 
                        fa0         1     39.210     929.872     969.083 
                      p1            3    134.340    2610.530    2744.870 
                        ha0         1     47.565     930.139     977.704 
                        ha1         1     47.565     738.667     786.232 
                        fa0         1     39.210     941.724     980.934 
                  p1               22    954.528   23029.208   23983.736 
                    p0              9    394.666    7834.987    8229.653 
                      p0            3    134.340    1780.949    1915.289 
                        ha0         1     47.565     499.972     547.537 
                        ha1         1     47.565     639.045     686.610 
                        fa0         1     39.210     641.932     681.142 
                      p1            3    134.340    2857.913    2992.253 
                        ha0         1     47.565     914.599     962.164 
                        ha1         1     47.565     853.844     901.409 
                        fa0         1     39.210    1089.469    1128.680 
                    p1              9    394.666   10539.936   10934.602 
                      p0            3    134.340    3107.738    3242.078 
                        ha0         1     47.565    1053.524    1101.089 
                        ha1         1     47.565     964.459    1012.024 
                        fa0         1     39.210    1089.754    1128.965 
                      p1            3    134.340    3135.901    3270.241 
                        ha0         1     47.565    1168.885    1216.450 
                        ha1         1     47.565     865.367     912.932 
                        fa0         1     39.210    1101.649    1140.860 
                p1                 49   2113.463   56085.765   58199.228 
                  p0               22    954.528   23936.241   24890.769 
                    p0              9    394.666    7885.420    8280.086 
                      p0            3    134.340    1789.555    1923.895 
                        ha0         1     47.565     508.578     556.143 
                        ha1         1     47.565     639.045     686.610 
                        fa0         1     39.210     641.932     681.142 
                      p1            3    134.340    2867.025    3001.366 
                        ha0         1     47.565     923.712     971.277 
                        ha1         1     47.565     853.844     901.409 
                        fa0         1     39.210    1089.469    1128.680 
                    p1              9    394.666   10931.000   11325.666 
                      p0            3    134.340    3150.575    3284.915 
                        ha0         1     47.565    1096.310    1143.875 
                        ha1         1     47.565     964.464    1012.028 
                        fa0         1     39.210    1089.802    1129.012 
                      p1            3    134.340    3229.434    3363.774 
                        ha0         1     47.565    1223.339    1270.904 
                        ha1         1     47.565     879.075     926.640 
                        fa0         1     39.210    1127.019    1166.229 
                  p1               22    954.528   24226.908   25181.436 
                    p0              9    394.666    8100.910    8495.576 
                      p0            3    134.340    1847.554    1981.894 
                        ha0         1     47.565     526.191     573.756 
                        ha1         1     47.565     654.346     701.910 
                        fa0         1     39.210     667.018     706.228 
                      p1            3    134.340    2947.522    3081.862 
                        ha0         1     47.565     941.767     989.332 
                        ha1         1     47.565     879.043     926.607 
                        fa0         1     39.210    1126.712    1165.923 
                    p1              9    394.666   11168.691   11563.357 
                      p0            3    134.340    3234.242    3368.582 
                        ha0         1     47.565    1114.345    1161.910 
                        ha1         1     47.565     992.845    1040.410 
                        fa0         1     39.210    1127.052    1166.263 
                      p1            3    134.340    3309.887    3444.227 
                        ha0         1     47.565    1241.343    1288.908 
                        ha1         1     47.565     904.278     951.843 
                        fa0         1     39.210    1164.266    1203.476 
            p1                    215   9223.914  261328.549  270552.463 
              p0                  104   4470.543  123519.625  127990.168 
                p0                 49   2113.463   53182.549   55296.012 
                  p0               22    954.528   21418.192   22372.721 
                    p0              9    394.666    7690.408    8085.074 
                      p0            3    134.340    1894.291    2028.631 
                        ha0         1     47.565     524.161     571.725 
                        ha1         1     47.565     680.857     728.422 
                        fa0         1     39.210     689.273     728.484 
                      p1            3    134.340    2642.289    2776.629 
                        ha0         1     47.565     839.724     887.289 
                        ha1         1     47.565     787.162     834.727 
                        fa0         1     39.210    1015.402    1054.613 
                    p1              9    394.666    9310.738    9705.405 
                      p0            3    134.340    2789.454    2923.795 
                        ha0         1     47.565     909.861     957.426 
                        ha1         1     47.565     875.829     923.394 
                        fa0         1     39.210    1003.764    1042.974 
                      p1            3    134.340    2796.207    2930.547 
                        ha0         1     47.565     993.379    1040.944 
                        ha1         1     47.565     787.186     834.751 
                        fa0         1     39.210    1015.642    1054.852 
                  p1               22    954.528   24297.632   25252.161 
                    p0              9    394.666    8247.454    8642.121 
                      p0            3    134.340    1898.788    2033.128 
                        ha0         1     47.565     526.204     573.769 
                        ha1         1     47.565     680.821     728.386 
                        fa0         1     39.210     691.763     730.974 
                      p1            3    134.340    2993.596    3127.936 
                        ha0         1     47.565     950.866     998.431 
                        ha1         1     47.565     890.871     938.436 
                        fa0         1     39.210    1151.858    1191.069 
                    p1              9    394.666   11171.133   11565.800 
                      p0            3    134.340    3298.232    3432.572 
                        ha0         1     47.565    1114.974    1162.539 
                        ha1         1     47.565    1019.203    1066.768 
                        fa0         1     39.210    1164.055    1203.265 
                      p1            3    134.340    3331.496    3465.836 
                        ha0         1     47.565    1241.618    1289.183 
                        ha1         1     47.565     913.899     961.464 
                        fa0         1     39.210    1175.978    1215.189 
                p1                 49   2113.463   60623.212   62736.675 
                  p0               22    954.528   25936.304   26890.833 
                    p0              9    394.666    8513.872    8908.538 
                      p0            3    134.340    1990.841    2125.182 
                        ha0         1     47.565     552.837     600.401 
                        ha1         1     47.565     709.141     756.706 
                        fa0         1     39.210     728.864     768.074 
                      p1            3    134.340    3083.190    3217.530 
                        ha0         1     47.565     978.055    1025.620 
                        ha1         1     47.565     916.066     963.631 
                        fa0         1     39.210    1189.069    1228.280 
                    p1              9    394.666   11946.620   12341.287 
                      p0            3    134.340    3458.634    3592.975 
                        ha0         1     47.565    1184.776    1232.341 
                        ha1         1     47.565    1060.601    1108.166 
                        fa0         1     39.210    1213.257    1252.468 
                      p1            3    134.340    3585.821    3720.161 
                        ha0         1     47.565    1332.011    1379.576 
                        ha1         1     47.565     978.005    1025.570 
                        fa0         1     39.210    1275.804    1315.015 
                  p1               22    954.528   26220.541   27175.069 
                    p0              9    394.666    8729.270    9123.936 
                      p0            3    134.340    2048.837    2183.177 
                        ha0         1     47.565     570.451     618.016 
                        ha1         1     47.565     724.439     772.004 
                        fa0         1     39.210     753.947     793.157 
                      p1            3    134.340    3163.662    3298.002 
                        ha0         1     47.565     996.109    1043.674 
                        ha1         1     47.565     941.261     988.826 
                        fa0         1     39.210    1226.292    1265.503 
                    p1              9    394.666   12184.155   12578.821 
                      p0            3    134.340    3542.220    3676.560 
                        ha0         1     47.565    1202.743    1250.308 
                        ha1         1     47.565    1088.980    1136.545 
                        fa0         1     39.210    1250.497    1289.707 
                      p1            3    134.340    3666.223    3800.564 
                        ha0         1     47.565    1349.956    1397.521 
                        ha1         1     47.565    1003.209    1050.773 
                        fa0         1     39.210    1313.058    1352.269 
              p1                  104   4470.543  126072.586  130543.129 
                p0                 49   2113.463   54756.809   56870.272 
                  p0               22    954.528   22147.992   23102.520 
                    p0              9    394.666    7956.458    8351.124 
                      p0            3    134.340    1986.175    2120.515 
                        ha0         1     47.565     550.718     598.283 
                        ha1         1     47.565     709.183     756.748 
                        fa0         1     39.210     726.273     765.484 
                      p1            3    134.340    2731.677    2866.017 
                        ha0         1     47.565     866.830     914.395 
                        ha1         1     47.565     812.354     859.919 
                        fa0         1     39.210    1052.493    1091.703 
                    p1              9    394.666    9669.658   10064.324 
                      p0            3    134.340    2915.400    3049.740 
                        ha0         1     47.565     945.452     993.017 
                        ha1         1     47.565     917.221     964.786 
                        fa0         1     39.210    1052.727    1091.938 
                      p1            3    134.340    2917.981    3052.322 
                        ha0         1     47.565    1029.493    1077.058 
                        ha1         1     47.565     823.885     871.450 
                        fa0         1     39.210    1064.603    1103.814 
                  p1               22    954.528   25021.720   25976.248 
                    p0              9    394.666    8513.902    8908.568 
                      p0            3    134.340    1990.846    2125.186 
                        ha0         1     47.565     552.837     600.402 
                        ha1         1     47.565     709.145     756.710 
                        fa0         1     39.210     728.864     768.075 
                      p1            3    134.340    3083.185    3217.525 
                        ha0         1     47.565     978.064    1025.629 
                        ha1         1     47.565     916.068     963.633 
                        fa0         1     39.210    1189.053    1228.263 
                    p1              9    394.666   11530.572   11925.238 
                      p0            3    134.340    3424.409    3558.749 
                        ha0         1     47.565    1150.659    1198.224 
                        ha1         1     47.565    1060.595    1108.160 
                        fa0         1     39.210    1213.155    1252.366 
                      p1            3    134.340    3453.489    3587.829 
                        ha0         1     47.565    1277.812    1325.377 
                        ha1         1     47.565     950.599     998.164 
                        fa0         1     39.210    1225.078    1264.288 
                p1                 49   2113.463   61982.339   64095.802 
                  p0               22    954.528   26666.732   27621.261 
                    p0              9    394.666    8780.306    9174.973 
                      p0            3    134.340    2082.915    2217.255 
                        ha0         1     47.565     579.471     627.036 
                        ha1         1     47.565     737.472     785.036 
                        fa0         1     39.210     765.973     805.183 
                      p1            3    134.340    3172.776    3307.116 
                        ha0         1     47.565    1005.251    1052.816 
                        ha1         1     47.565     941.263     988.828 
                        fa0         1     39.210    1226.261    1265.471 
                    p1              9    394.666   12305.758   12700.424 
                      p0            3    134.340    3584.679    3719.019 
                        ha0         1     47.565    1220.324    1267.889 
                        ha1         1     47.565    1101.995    1149.560 
                        fa0         1     39.210    1262.360    1301.570 
                      p1            3    134.340    3707.688    3842.028 
                        ha0         1     47.565    1368.072    1415.637 
                        ha1         1     47.565    1014.709    1062.274 
                        fa0         1     39.210    1324.907    1364.117 
                  p1               22    954.528   26705.438   27659.966 
                    p0              9    394.666    8849.705    9244.371 
                      p0            3    134.340    2082.906    2217.246 
                        ha0         1     47.565     579.472     627.037 
                        ha1         1     47.565     737.473     785.038 
                        fa0         1     39.210     765.960     805.171 
                      p1            3    134.340    3217.141    3351.481 
                        ha0         1     47.565    1014.149    1061.714 
                        ha1         1     47.565     952.692    1000.257 
                        fa0         1     39.210    1250.300    1289.510 
                    p1              9    394.666   12469.670   12864.336 
                      p0            3    134.340    3639.539    3773.880 
                        ha0         1     47.565    1238.232    1285.797 
                        ha1         1     47.565    1114.933    1162.498 
                        fa0         1     39.210    1286.374    1325.584 
                      p1            3    134.340    3761.069    3895.409 
                        ha0         1     47.565    1385.962    1433.526 
                        ha1         1     47.565    1026.143    1073.708 
                        fa0         1     39.210    1348.964    1388.175 
          p1                      438  18769.865  512353.394  531123.259 
            p0                    215   9223.914  239278.315  248502.229 
              p0                  104   4470.543  112899.043  117369.587 
                p0                 49   2113.463   49841.618   51955.081 
                  p0               22    954.528   20228.395   21182.923 
                    p0              9    394.666    7292.986    7687.652 
                      p0            3    134.340    1780.493    1914.833 
                        ha0         1     47.565     498.105     545.670 
                        ha1         1     47.565     639.082     686.646 
                        fa0         1     39.210     643.306     682.517 
                      p1            3    134.340    2517.551    2651.891 
                        ha0         1     47.565     803.639     851.204 
                        ha1         1     47.565     750.150     797.715 
                        fa0         1     39.210     963.762    1002.972 
                    p1              9    394.666    8740.251    9134.917 
                      p0            3    134.340    2625.767    2760.107 
                        ha0         1     47.565     865.831     913.396 
                        ha1         1     47.565     821.101     868.666 
                        fa0         1     39.210     938.835     978.045 
                      p1            3    134.340    2587.229    2721.569 
                        ha0         1     47.565     930.203     977.768 
                        ha1         1     47.565     727.164     774.729 
                        fa0         1     39.210     929.861     969.072 
                  p1               22    954.528   22585.235   23539.763 
                    p0              9    394.666    7767.624    8162.290 
                      p0            3    134.340    1784.619    1918.959 
                        ha0         1     47.565     500.015     547.580 
                        ha1         1     47.565     639.046     686.611 
                        fa0         1     39.210     645.557     684.768 
                      p1            3    134.340    2820.705    2955.045 
                        ha0         1     47.565     887.406     934.971 
                        ha1         1     47.565     842.348     889.912 
                        fa0         1     39.210    1090.952    1130.162 
                    p1              9    394.666   10243.252   10637.919 
                      p0            3    134.340    3061.124    3195.464 
                        ha0         1     47.565    1018.917    1066.482 
                        ha1         1     47.565     951.448     999.013 
                        fa0         1     39.210    1090.758    1129.968 
                      p1            3    134.340    3043.918    3178.258 
                        ha0         1     47.565    1123.629    1171.194 
                        ha1         1     47.565     842.372     889.937 
                        fa0         1     39.210    1077.916    1117.127 
                p1                 49   2113.463   54358.447   56471.910 
                  p0               22    954.528   23236.125   24190.653 
                    p0              9    394.666    7764.189    8158.855 
                      p0            3    134.340    1783.471    1917.811 
                        ha0         1     47.565     500.032     547.597 
                        ha1         1     47.565     639.046     686.611 
                        fa0         1     39.210     644.392     683.603 
                      p1            3    134.340    2818.418    2952.758 
                        ha0         1     47.565     887.439     935.004 
                        ha1         1     47.565     842.348     889.912 
                        fa0         1     39.210    1088.632    1127.842 
                    p1              9    394.666   10504.217   10898.883 
                      p0            3    134.340    3084.554    3218.894 
                        ha0         1     47.565    1044.621    1092.186 
                        ha1         1     47.565     951.452     999.017 
                        fa0         1     39.210    1088.481    1127.691 
                      p1            3    134.340    3107.367    3241.707 
                        ha0         1     47.565    1150.769    1198.334 
                        ha1         1     47.565     856.077     903.642 
                        fa0         1     39.210    1100.521    1139.731 
                  p1               22    954.528   23547.567   24502.096 
                    p0              9    394.666    7971.421    8366.088 
                      p0            3    134.340    1841.436    1975.776 
                        ha0         1     47.565     517.655     565.220 
                        ha1         1     47.565     654.348     701.913 
                        fa0         1     39.210     669.433     708.644 
                      p1            3    134.340    2899.276    3033.617 
                        ha0         1     47.565     905.516     953.081 
                        ha1         1     47.565     867.544     915.109 
                        fa0         1     39.210    1126.216    1165.426 
                    p1              9    394.666   10769.574   11164.241 
                      p0            3    134.340    3168.577    3302.917 
                        ha0         1     47.565    1062.677    1110.242 
                        ha1         1     47.565     979.831    1027.396 
                        fa0         1     39.210    1126.069    1165.279 
                      p1            3    134.340    3205.985    3340.325 
                        ha0         1     47.565    1187.071    1234.636 
                        ha1         1     47.565     881.276     928.841 
                        fa0         1     39.210    1137.638    1176.849 
              p1                  104   4470.543  115217.083  119687.626 
                p0                 49   2113.463   50417.892   52531.355 
                  p0               22    954.528   20227.207   21181.735 
                    p0              9    394.666    7292.983    7687.650 
                      p0            3    134.340    1780.493    1914.833 
                        ha0         1     47.565     498.105     545.670 
                        ha1         1     47.565     639.082     686.646 
                        fa0         1     39.210     643.306     682.517 
                      p1            3    134.340    2517.551    2651.891 
                        ha0         1     47.565     803.639     851.204 
                        ha1         1     47.565     750.150     797.715 
                        fa0         1     39.210     963.762    1002.972 
                    p1              9    394.666    8739.022    9133.688 
                      p0            3    134.340    2617.224    2751.565 
                        ha0         1     47.565     857.289     904.854 
                        ha1         1     47.565     821.101     868.666 
                        fa0         1     39.210     938.835     978.045 
                      p1            3    134.340    2610.536    2744.876 
                        ha0         1     47.565     930.140     977.705 
                        ha1         1     47.565     738.668     786.233 
                        fa0         1     39.210     941.729     980.939 
                  p1               22    954.528   23059.946   24014.474 
                    p0              9    394.666    7852.416    8247.082 
                      p0            3    134.340    1784.524    1918.864 
                        ha0         1     47.565     499.974     547.539 
                        ha1         1     47.565     639.046     686.611 
                        fa0         1     39.210     645.504     684.715 
                      p1            3    134.340    2871.762    3006.103 
                        ha0         1     47.565     914.601     962.166 
                        ha1         1     47.565     853.844     901.409 
                        fa0         1     39.210    1103.317    1142.527 
                    p1              9    394.666   10553.247   10947.913 
                      p0            3    134.340    3121.100    3255.440 
                        ha0         1     47.565    1053.525    1101.090 
                        ha1         1     47.565     964.460    1012.024 
                        fa0         1     39.210    1103.115    1142.325 
                      p1            3    134.340    3135.844    3270.184 
                        ha0         1     47.565    1168.887    1216.452 
                        ha1         1     47.565     865.367     912.932 
                        fa0         1     39.210    1101.590    1140.800 
                p1                 49   2113.463   56130.773   58244.236 
                  p0               22    954.528   23958.552   24913.081 
                    p0              9    394.666    7899.456    8294.122 
                      p0            3    134.340    1792.010    1926.350 
                        ha0         1     47.565     508.597     556.162 
                        ha1         1     47.565     639.046     686.611 
                        fa0         1     39.210     644.367     683.577 
                      p1            3    134.340    2878.599    3012.939 
                        ha0         1     47.565     923.748     971.313 
                        ha1         1     47.565     853.844     901.409 
                        fa0         1     39.210    1101.007    1140.217 
                    p1              9    394.666   10939.277   11333.943 
                      p0            3    134.340    3161.663    3296.003 
                        ha0         1     47.565    1096.353    1143.918 
                        ha1         1     47.565     964.464    1012.029 
                        fa0         1     39.210    1100.846    1140.056 
                      p1            3    134.340    3226.615    3360.955 
                        ha0         1     47.565    1223.341    1270.906 
                        ha1         1     47.565     879.076     926.641 
                        fa0         1     39.210    1124.198    1163.408 
                  p1               22    954.528   24249.630   25204.158 
                    p0              9    394.666    8115.215    8509.881 
                      p0            3    134.340    1849.973    1984.313 
                        ha0         1     47.565     526.218     573.783 
                        ha1         1     47.565     654.348     701.913 
                        fa0         1     39.210     669.407     708.617 
                      p1            3    134.340    2959.443    3093.783 
                        ha0         1     47.565     941.810     989.375 
                        ha1         1     47.565     879.042     926.607 
                        fa0         1     39.210    1138.591    1177.801 
                    p1              9    394.666   11177.150   11571.816 
                      p0            3    134.340    3245.674    3380.014 
                        ha0         1     47.565    1114.396    1161.961 
                        ha1         1     47.565     992.844    1040.409 
                        fa0         1     39.210    1138.434    1177.644 
                      p1            3    134.340    3306.951    3441.292 
                        ha0         1     47.565    1241.352    1288.917 
                        ha1         1     47.565     904.277     951.842 
                        fa0         1     39.210    1161.322    1200.533 
            p1                    215   9223.914  261211.064  270434.978 
              p0                  104   4470.543  123618.531  128089.074 
                p0                 49   2113.463   53235.702   55349.165 
                  p0               22    954.528   21440.907   22395.436 
                    p0              9    394.666    7703.953    8098.619 
                      p0            3    134.340    1897.787    2032.127 
                        ha0         1     47.565     524.161     571.726 
                        ha1         1     47.565     680.858     728.423 
                        fa0         1     39.210     692.767     731.978 
                      p1            3    134.340    2652.330    2786.670 
                        ha0         1     47.565     839.725     887.290 
                        ha1         1     47.565     787.163     834.728 
                        fa0         1     39.210    1025.443    1064.653 
                    p1              9    394.666    9319.908    9714.574 
                      p0            3    134.340    2798.607    2932.948 
                        ha0         1     47.565     909.861     957.426 
                        ha1         1     47.565     875.830     923.395 
                        fa0         1     39.210    1012.916    1052.127 
                      p1            3    134.340    2796.213    2930.553 
                        ha0         1     47.565     993.379    1040.944 
                        ha1         1     47.565     787.186     834.751 
                        fa0         1     39.210    1015.647    1054.858 
                  p1               22    954.528   24328.077   25282.605 
                    p0              9    394.666    8264.387    8659.053 
                      p0            3    134.340    1902.235    2036.576 
                        ha0         1     47.565     526.225     573.790 
                        ha1         1     47.565     680.822     728.387 
                        fa0         1     39.210     695.189     734.399 
                      p1            3    134.340    3007.077    3141.417 
                        ha0         1     47.565     950.906     998.471 
                        ha1         1     47.565     890.872     938.437 
                        fa0         1     39.210    1165.299    1204.510 
                    p1              9    394.666   11184.645   11579.311 
                      p0            3    134.340    3311.762    3446.102 
                        ha0         1     47.565    1115.019    1162.584 
                        ha1         1     47.565    1019.203    1066.768 
                        fa0         1     39.210    1177.539    1216.750 
                      p1            3    134.340    3331.468    3465.808 
                        ha0         1     47.565    1241.620    1289.185 
                        ha1         1     47.565     913.900     961.465 
                        fa0         1     39.210    1175.948    1215.159 
                p1                 49   2113.463   60668.986   62782.449 
                  p0               22    954.528   25958.983   26913.511 
                    p0              9    394.666    8527.832    8922.498 
                      p0            3    134.340    1993.385    2127.725 
                        ha0         1     47.565     552.878     600.443 
                        ha1         1     47.565     709.143     756.708 
                        fa0         1     39.210     731.364     770.574 
                      p1            3    134.340    3094.599    3228.940 
                        ha0         1     47.565     978.132    1025.697 
                        ha1         1     47.565     916.066     963.631 
                        fa0         1     39.210    1200.402    1239.612 
                    p1              9    394.666   11955.340   12350.006 
                      p0            3    134.340    3470.514    3604.854 
                        ha0         1     47.565    1184.870    1232.435 
                        ha1         1     47.565    1060.601    1108.166 
                        fa0         1     39.210    1225.043    1264.253 
                      p1            3    134.340    3582.652    3716.992 
                        ha0         1     47.565    1332.013    1379.577 
                        ha1         1     47.565     978.006    1025.571 
                        fa0         1     39.210    1272.633    1311.844 
                  p1               22    954.528   26243.658   27198.186 
                    p0              9    394.666    8743.515    9138.181 
                      p0            3    134.340    2051.344    2185.685 
                        ha0         1     47.565     570.501     618.066 
                        ha1         1     47.565     724.442     772.007 
                        fa0         1     39.210     756.402     795.612 
                      p1            3    134.340    3175.433    3309.774 
                        ha0         1     47.565     996.196    1043.761 
                        ha1         1     47.565     941.261     988.826 
                        fa0         1     39.210    1237.977    1277.187 
                    p1              9    394.666   12193.066   12587.732 
                      p0            3    134.340    3554.454    3688.794 
                        ha0         1     47.565    1202.846    1250.411 
                        ha1         1     47.565    1088.980    1136.545 
                        fa0         1     39.210    1262.628    1301.839 
                      p1            3    134.340    3662.936    3797.276 
                        ha0         1     47.565    1349.965    1397.530 
                        ha1         1     47.565    1003.207    1050.772 
                        fa0         1     39.210    1309.763    1348.974 
              p1                  104   4470.543  125839.248  130309.791 
                p0                 49   2113.463   54643.721   56757.184 
                  p0               22    954.528   22087.712   23042.241 
                    p0              9    394.666    7928.129    8322.796 
                      p0            3    134.340    1968.714    2103.054 
                        ha0         1     47.565     541.720     589.285 
                        ha1         1     47.565     709.309     756.874 
                        fa0         1     39.210     717.684     756.895 
                      p1            3    134.340    2720.725    2855.065 
                        ha0         1     47.565     857.815     905.380 
                        ha1         1     47.565     812.440     860.004 
                        fa0         1     39.210    1050.470    1089.681 
                    p1              9    394.666    9637.724   10032.390 
                      p0            3    134.340    2904.101    3038.441 
                        ha0         1     47.565     936.441     984.006 
                        ha1         1     47.565     917.308     964.873 
                        fa0         1     39.210    1050.353    1089.563 
                      p1            3    134.340    2897.256    3031.596 
                        ha0         1     47.565    1020.486    1068.051 
                        ha1         1     47.565     823.969     871.534 
                        fa0         1     39.210    1052.801    1092.011 
                  p1               22    954.528   24968.976   25923.504 
                    p0              9    394.666    8488.833    8883.499 
                      p0            3    134.340    1973.289    2107.629 
                        ha0         1     47.565     543.850     591.415 
                        ha1         1     47.565     709.272     756.837 
                        fa0         1     39.210     720.167     759.378 
                      p1            3    134.340    3075.597    3209.938 
                        ha0         1     47.565     969.051    1016.616 
                        ha1         1     47.565     916.150     963.715 
                        fa0         1     39.210    1190.396    1229.606 
                    p1              9    394.666   11502.901   11897.567 
                      p0            3    134.340    3417.434    3551.774 
                        ha0         1     47.565    1141.654    1189.219 
                        ha1         1     47.565    1060.677    1108.242 
                        fa0         1     39.210    1215.103    1254.313 
                      p1            3    134.340    3432.703    3567.044 
                        ha0         1     47.565    1268.818    1316.383 
                        ha1         1     47.565     950.678     998.243 
                        fa0         1     39.210    1213.207    1252.418 
                p1                 49   2113.463   61862.174   63975.637 
                  p0               22    954.528   26606.085   27560.613 
                    p0              9    394.666    8752.231    9146.898 
                      p0            3    134.340    2064.431    2198.771 
                        ha0         1     47.565     570.503     618.068 
                        ha1         1     47.565     737.595     785.160 
                        fa0         1     39.210     756.333     795.543 
                      p1            3    134.340    3163.107    3297.447 
                        ha0         1     47.565     996.277    1043.842 
                        ha1         1     47.565     941.345     988.909 
                        fa0         1     39.210    1225.485    1264.696 
                    p1              9    394.666   12273.187   12667.853 
                      p0            3    134.340    3575.991    3710.332 
                        ha0         1     47.565    1211.364    1258.929 
                        ha1         1     47.565    1102.076    1149.641 
                        fa0         1     39.210    1262.551    1301.762 
                      p1            3    134.340    3683.713    3818.053 
                        ha0         1     47.565    1359.076    1406.641 
                        ha1         1     47.565    1014.787    1062.352 
                        fa0         1     39.210    1309.851    1349.061 
                  p1               22    954.528   26646.023   27600.552 
                    p0              9    394.666    8822.323    9216.989 
                      p0            3    134.340    2064.432    2198.772 
                        ha0         1     47.565     570.510     618.075 
                        ha1         1     47.565     737.597     785.162 
                        fa0         1     39.210     756.324     795.535 
                      p1            3    134.340    3208.197    3342.537 
                        ha0         1     47.565    1005.180    1052.745 
                        ha1         1     47.565     952.771    1000.336 
                        fa0         1     39.210    1250.246    1289.456 
                    p1              9    394.666   12437.681   12832.347 
                      p0            3    134.340    3631.618    3765.958 
                        ha0         1     47.565    1229.279    1276.843 
                        ha1         1     47.565    1115.011    1162.576 
                        fa0         1     39.210    1287.329    1326.539 
                      p1            3    134.340    3736.963    3871.303 
                        ha0         1     47.565    1376.969    1424.534 
                        ha1         1     47.565    1026.217    1073.782 
                        fa0         1     39.210    1333.777    1372.987 
      ctr                          81   3015.999  186675.097  189691.096 
        add_55_25                  16    635.721   19485.863   20121.584 
    genblk1[2]..5.genblk2.sng     139   1709.203   87108.878   88818.081 
      genblk2[0].max_comparator    43    447.414   15742.639   16190.052 
      genblk2[2].max_comparator    38    430.012   19903.869   20333.882 
      genblk2[1].max_comparator    35    354.499   15776.488   16130.987 
      ctr                           7    304.162   29120.346   29424.508 
      genblk2[3].max_comparator    16    173.116    6565.536    6738.652 
    genblk1[3]..5.genblk3.sng     137   1671.933   81286.279   82958.212 
      genblk2[2].max_comparator    48    499.349   17398.551   17897.900 
      genblk2[1].max_comparator    36    404.660   14197.141   14601.801 
      genblk2[0].max_comparator    35    360.294   16542.449   16902.743 
      ctr                           7    304.162   28594.150   28898.312 
      genblk2[3].max_comparator    11    103.467    4553.988    4657.455 
    genblk1[1]..5.genblk1.sng     119   1525.346   94916.726   96442.072 
      genblk2[2].max_comparator    43    475.828   21433.013   21908.842 
      genblk2[0].max_comparator    39    352.796   15745.537   16098.333 
      ctr                           7    304.162   28876.520   29180.683 
      genblk2[1].max_comparator    20    293.795   22960.859   23254.654 
      genblk2[3].max_comparator    10     98.764    5900.796    5999.561 
    genblk1[0].genblk1.sng         86   1161.771   61237.638   62399.409 
      ctr                           7    304.162   28299.917   28604.080 
      genblk2[0].max_comparator    26    298.197   11160.118   11458.314 
      genblk2[2].max_comparator    27    275.215   10686.777   10961.992 
      genblk2[1].max_comparator    19    214.820    8483.186    8698.006 
      genblk2[3].max_comparator     7     69.378    2607.640    2677.017 
    genblk1[4].genblk2.sng         85   1151.337   49543.114   50694.451 
      ctr                           8    323.916   18895.155   19219.071 
      genblk2[2].min_comparator    28    291.932    9701.165    9993.097 
      genblk2[0].min_comparator    23    269.895   11200.841   11470.737 
      genblk2[1].min_comparator    21    212.296    8311.235    8523.531 
      genblk2[3].min_comparator     5     53.298    1434.717    1488.015 

