============================================================
  Generated by:           Encounter(R) RTL Compiler v14.10-s022_1
  Generated on:           Jul 25 2021  02:02:34 pm
  Module:                 ms_es_ordered_cas_by4_mul_synth
  Technology library:     gscl45nm 
  Operating conditions:   typical (balanced_tree)
  Wireload mode:          enclosed
  Area mode:              timing library
============================================================

                                      Leakage    Dynamic     Total   
           Instance            Cells Power(nW)  Power(nW)  Power(nW) 
---------------------------------------------------------------------
ms_es_orde..by4_mul_synth        201  5316.049 129966.978 135283.028 
  TOP                            201  5316.049 124925.740 130241.789 
    genblk2.stoch2bin             97  3872.753  59039.692  62912.445 
      par_ctr                     59  2639.239      0.000   2639.239 
        p1                        37  1659.647      0.000   1659.647 
          p0                      16   727.620      0.000    727.620 
            p1                     9   411.375      0.000    411.375 
              p0                   3   142.695      0.000    142.695 
                fa0                1    47.565      0.000     47.565 
                ha0                1    47.565      0.000     47.565 
                ha1                1    47.565      0.000     47.565 
              p1                   3   142.695      0.000    142.695 
                fa0                1    47.565      0.000     47.565 
                ha0                1    47.565      0.000     47.565 
                ha1                1    47.565      0.000     47.565 
            p0                     3   142.695      0.000    142.695 
              p1                   3   142.695      0.000    142.695 
                fa0                1    47.565      0.000     47.565 
                ha0                1    47.565      0.000     47.565 
                ha1                1    47.565      0.000     47.565 
          p1                      16   727.620      0.000    727.620 
            p1                     9   411.375      0.000    411.375 
              p0                   3   142.695      0.000    142.695 
                fa0                1    47.565      0.000     47.565 
                ha0                1    47.565      0.000     47.565 
                ha1                1    47.565      0.000     47.565 
              p1                   3   142.695      0.000    142.695 
                fa0                1    47.565      0.000     47.565 
                ha0                1    47.565      0.000     47.565 
                ha1                1    47.565      0.000     47.565 
            p0                     3   142.695      0.000    142.695 
              p1                   3   142.695      0.000    142.695 
                fa0                1    47.565      0.000     47.565 
                ha0                1    47.565      0.000     47.565 
                ha1                1    47.565      0.000     47.565 
        p0                        16   727.620      0.000    727.620 
          p1                      16   727.620      0.000    727.620 
            p1                     9   411.375      0.000    411.375 
              p0                   3   142.695      0.000    142.695 
                fa0                1    47.565      0.000     47.565 
                ha0                1    47.565      0.000     47.565 
                ha1                1    47.565      0.000     47.565 
              p1                   3   142.695      0.000    142.695 
                fa0                1    47.565      0.000     47.565 
                ha0                1    47.565      0.000     47.565 
                ha1                1    47.565      0.000     47.565 
            p0                     3   142.695      0.000    142.695 
              p1                   3   142.695      0.000    142.695 
                fa0                1    47.565      0.000     47.565 
                ha0                1    47.565      0.000     47.565 
                ha1                1    47.565      0.000     47.565 
      ctr                         31  1137.310  59039.692  60177.002 
    cas                           50   382.032  25763.380  26145.413 
      genblk1.cas_abmax_abminc    23   189.965  12301.223  12491.187 
      genblk1.cas_abmin_c         16   112.320   7247.690   7360.010 
      genblk1.cas_a_b             11    79.747   6214.468   6294.215 
    genblk1[2].genblk1.sng         6   173.201   9036.782   9209.983 
      ctr                          4   143.852   9036.782   9180.634 
    genblk1[0].genblk1.sng         5   153.448  15614.505  15767.953 
      ctr                          3   124.098  15614.505  15738.603 
    genblk1[1].genblk1.sng         5   153.448  15471.381  15624.828 
      ctr                          3   124.098  15471.381  15595.479 

