============================================================
  Generated by:           Encounter(R) RTL Compiler v14.10-s022_1
  Generated on:           Jul 25 2021  01:31:58 pm
  Module:                 ms_es_ordered_bs_by2_mul_synth
  Technology library:     gscl45nm 
  Operating conditions:   typical (balanced_tree)
  Wireload mode:          enclosed
  Area mode:              timing library
============================================================

                                       Leakage    Dynamic     Total   
            Instance            Cells Power(nW)  Power(nW)  Power(nW) 
----------------------------------------------------------------------
ms_es_orde..by2_mul_synth         544 10781.337 638522.140 649303.477 
  TOP                             544 10781.337 609738.887 620520.224 
    genblk2.stoch2bin             106  3938.241 222202.502 226140.743 
      ctr                         101  3767.475 209373.927 213141.402 
        add_55_25                  20   792.562  16291.442  17084.004 
      par_ctr                       3   134.340   5225.182   5359.522 
        ha0                         1    47.565    954.961   1002.526 
        ha1                         1    47.565   1623.649   1671.214 
        fa0                         1    39.210   2646.571   2685.781 
    genblk1[1].genblk2.sng        220  3455.643 182327.051 185782.694 
      ctr                          50  1926.849 105316.211 107243.060 
      genblk2[0].min_comparator    92   884.780  40690.593  41575.372 
      genblk2[1].min_comparator    78   644.014  36320.247  36964.262 
    genblk1[0].genblk1.sng        212  3318.159 199574.066 202892.225 
      ctr                          47  1873.950 119983.630 121857.579 
      genblk2[0].max_comparator    86   791.264  40663.185  41454.449 
      genblk2[1].max_comparator    79   652.945  38927.251  39580.196 

