============================================================
  Generated by:           Encounter(R) RTL Compiler v14.10-s022_1
  Generated on:           Jul 25 2021  01:32:38 pm
  Module:                 ms_es_ordered_bs_by2_mul_synth
  Technology library:     gscl45nm 
  Operating conditions:   typical (balanced_tree)
  Wireload mode:          enclosed
  Area mode:              timing library
============================================================

                                       Leakage    Dynamic     Total   
            Instance            Cells Power(nW)  Power(nW)  Power(nW) 
----------------------------------------------------------------------
ms_es_orde..by2_mul_synth         470  9150.611 578066.539 587217.150 
  TOP                             470  9150.611 546113.351 555263.961 
    genblk2.stoch2bin              88  3243.893 179221.674 182465.567 
      ctr                          76  2828.130 157429.184 160257.315 
        add_55_25                  15   596.510  12639.140  13235.651 
      par_ctr                       9   394.666  15660.028  16054.694 
        p0                          3   134.340   6181.190   6315.530 
          ha0                       1    47.565    972.946   1020.511 
          ha1                       1    47.565   2384.451   2432.016 
          fa0                       1    39.210   2823.793   2863.003 
        p1                          3   134.340   5798.414   5932.754 
          ha0                       1    47.565    964.380   1011.944 
          ha1                       1    47.565   2048.034   2095.599 
          fa0                       1    39.210   2786.000   2825.211 
    genblk1[1]..3.genblk1.sng     128  1980.026 124341.593 126321.620 
      ctr                          22   892.833  64226.175  65119.008 
      genblk2[0].max_comparator    61   600.362  33356.573  33956.934 
      genblk2[1].max_comparator    45   486.832  26758.845  27245.677 
    genblk1[2].genblk2.sng        120  1917.694 113509.295 115426.988 
      ctr                          23   912.586  53185.121  54097.708 
      genblk2[0].min_comparator    52   618.235  34374.051  34992.286 
      genblk2[1].min_comparator    45   386.873  25950.123  26336.995 
    genblk1[0].genblk1.sng        120  1814.856 114984.445 116799.301 
      ctr                          22   892.833  64437.289  65330.121 
      genblk2[1].max_comparator    49   462.408  23505.533  23967.941 
      genblk2[0].max_comparator    49   459.615  27041.623  27501.239 

