============================================================
  Generated by:           Encounter(R) RTL Compiler v14.10-s022_1
  Generated on:           Jul 25 2021  01:20:07 pm
  Module:                 ms_es_naive_by2_mul_synth
  Technology library:     gscl45nm 
  Operating conditions:   typical (balanced_tree)
  Wireload mode:          enclosed
  Area mode:              timing library
============================================================

           Pin                 Type       Fanout Load Slew Delay Arrival   
                                                 (fF) (ps)  (ps)   (ps)    
---------------------------------------------------------------------------
(clock clk)                  launch                                    0 R 
TOP
  genblk1[0].genblk1.sng
    ctr
      countval_reg[2]/CLK                                0             0 R 
      countval_reg[2]/Q      DFFSR             1  1.5   10  +115     115 F 
      drc_bufs67/A                                            +0     115   
      drc_bufs67/Y           BUFX2             4 10.7   14   +42     156 F 
    ctr/countval[2] 
    g161/A                                                    +0     156   
    g161/Y                   INVX1             1  2.5    0    +3     160 R 
    g159/A                                                    +0     160   
    g159/Y                   OR2X1             2  4.6   34   +46     205 R 
    g157/C                                                    +0     205   
    g157/Y                   NAND3X1           1  1.5   16   +14     220 F 
    drc_bufs/A                                                +0     220   
    drc_bufs/Y               BUFX2             1  1.9    2   +34     254 F 
    g155/C                                                    +0     254   
    g155/Y                   OAI21X1           3  6.2   61   +28     282 R 
    g154/A                                                    +0     282   
    g154/Y                   INVX1             1  1.9    7   +29     311 F 
    g153/C                                                    +0     311   
    g153/Y                   OAI21X1           4  8.5   72   +37     348 R 
  genblk1[0].genblk1.sng/sn_out[0] 
  g655/A                                                      +0     348   
  g655/Y                     INVX1             1  2.3    8   +33     381 F 
  g652/A                                                      +0     381   
  g652/Y                     OR2X1             5 14.3   47   +64     445 F 
  g651/A                                                      +0     445   
  g651/Y                     INVX1             1  2.3    0   +14     459 R 
  g630/A                                                      +0     459   
  g630/Y                     AND2X1            4  9.2   58   +52     512 R 
  g613/A                                                      +0     512   
  g613/Y                     AND2X1            1  8.2   58   +49     560 R 
  genblk2.stoch2bin/data_in[10] 
    par_ctr/a[10] 
      p1/a[10] 
        p0/a[2] 
          p1/a[2] 
            fa0/b 
              g2/C                                            +0     560   
              g2/YS          FAX1              1  3.4   12   +85     645 F 
            fa0/s 
            ha0/b 
              g17/B                                           +0     645   
              g17/YS         HAX1              1  4.0   19   +59     704 F 
            ha0/s 
          p1/y[0] 
          g168/A                                              +0     704   
          g168/YC            HAX1              1 10.9   41   +69     773 F 
          g167/A                                              +0     773   
          g167/YC            FAX1              1  7.1   29   +92     864 F 
          g166/C                                              +0     864   
          g166/YS            FAX1              1 12.7   67  +103     967 R 
        p0/y[2] 
        g236/A                                                +0     967   
        g236/YS              FAX1              1 10.3   56  +110    1077 R 
      p1/y[2] 
      g286/B                                                  +0    1077   
      g286/YS                FAX1              2 11.1   34  +106    1183 F 
    par_ctr/y[2] 
    ctr/data_in[2] 
      add_55_25/B[2] 
        g375/B                                                +0    1183   
        g375/YC              FAX1              1  7.1   29   +88    1271 F 
        g374/C                                                +0    1271   
        g374/YC              FAX1              1  7.1   29   +82    1353 F 
        g373/C                                                +0    1353   
        g373/YC              FAX1              1  7.1   29   +82    1434 F 
        g372/C                                                +0    1434   
        g372/YC              FAX1              1  7.1   29   +82    1516 F 
        g371/C                                                +0    1516   
        g371/YC              FAX1              1  7.1   26   +82    1598 F 
        g370/C                                                +0    1598   
        g370/YC              FAX1              1  7.1   27   +81    1679 F 
        g369/C                                                +0    1679   
        g369/YC              FAX1              1  7.1   27   +81    1760 F 
        g368/C                                                +0    1760   
        g368/YC              FAX1              1  7.1   27   +81    1841 F 
        g367/C                                                +0    1841   
        g367/YC              FAX1              1  7.1   27   +81    1922 F 
        g366/C                                                +0    1922   
        g366/YC              FAX1              1  7.1   27   +81    2004 F 
        g365/C                                                +0    2004   
        g365/YC              FAX1              1  7.1   27   +81    2085 F 
        g364/C                                                +0    2085   
        g364/YC              FAX1              1  7.1   27   +81    2166 F 
        g363/C                                                +0    2166   
        g363/YC              FAX1              1 10.9   37   +89    2255 F 
        g2/A                                                  +0    2255   
        g2/YS                FAX1              1  2.8   21   +84    2339 R 
      add_55_25/Z[15] 
      g74/A                                                   +0    2339   
      g74/Y                  MUX2X1            1  1.5   38   +23    2361 F 
      g73/A                                                   +0    2361   
      g73/Y                  INVX1             1  2.0    0   +10    2371 R 
      countval_reg[15]/D     DFFSR                            +0    2371   
      countval_reg[15]/CLK   setup                       0   +70    2442 R 
- - - - - - - - - - - - - - - - - - - - - - - - - - - - - - - - - - - - - -
(clock clk)                  capture                                5000 R 
                             uncertainty                     -50    4950 R 
---------------------------------------------------------------------------
Cost Group   : 'clk' (path_group 'clk')
Timing slack :    2508ps 
Start-point  : TOP/genblk1[0].genblk1.sng/ctr/countval_reg[2]/CLK
End-point    : TOP/genblk2.stoch2bin/ctr/countval_reg[15]/D
