============================================================
  Generated by:           Encounter(R) RTL Compiler v14.10-s022_1
  Generated on:           Jul 25 2021  01:18:24 pm
  Module:                 ms_es_naive_by2_mul_synth
  Technology library:     gscl45nm 
  Operating conditions:   typical (balanced_tree)
  Wireload mode:          enclosed
  Area mode:              timing library
============================================================

           Pin                 Type       Fanout Load Slew Delay Arrival   
                                                 (fF) (ps)  (ps)   (ps)    
---------------------------------------------------------------------------
(clock clk_int2)             launch                                    0 R 
TOP
  genblk1[2].genblk1.sng
    ctr
      countval_reg[2]/CLK                                0             0 R 
      countval_reg[2]/Q      DFFSR             1  1.5   10  +109     109 R 
      drc_bufs130/A                                           +0     109   
      drc_bufs130/Y          BUFX2             4 11.7   29   +47     156 R 
    ctr/countval[2] 
    g228/A                                                    +0     156   
    g228/Y                   INVX1             1  2.3   11   +21     177 F 
    g223/A                                                    +0     177   
    g223/Y                   OR2X1             2  4.5   19   +45     222 F 
    g222/B                                                    +0     222   
    g222/Y                   NAND3X1           1  1.5   34   +33     254 R 
    drc_bufs233/A                                             +0     254   
    drc_bufs233/Y            BUFX2             1  2.0    8   +34     289 R 
    g219/C                                                    +0     289   
    g219/Y                   OAI21X1           1  2.7    5   +14     303 F 
    g218/A                                                    +0     303   
    g218/Y                   AOI22X1           1  1.5   44   +43     346 R 
    drc_bufs234/A                                             +0     346   
    drc_bufs234/Y            BUFX2             2  3.6   14   +38     384 R 
    drc_bufs230/A                                             +0     384   
    drc_bufs230/Y            INVX1             2  3.6   16   +20     403 F 
  genblk1[2].genblk1.sng/sn_out[1] 
  g207/B                                                      +0     403   
  g207/Y                     AND2X1            4  7.2   31   +54     458 F 
  g199/B                                                      +0     458   
  g199/Y                     AND2X1            1 10.9   40   +64     522 F 
  genblk2.stoch2bin/data_in[15] 
    par_ctr/a[15] 
      p0/a[7] 
        p0/a[3] 
          fa0/cin 
            g2/A                                              +0     522   
            g2/YS            FAX1              1  3.4   12   +88     610 F 
          fa0/s 
          ha0/b 
            g17/B                                             +0     610   
            g17/YC           HAX1              1  3.4   20   +48     658 F 
          ha0/cout 
          ha1/a 
            g17/B                                             +0     658   
            g17/YS           HAX1              1 10.9   38   +73     731 F 
          ha1/s 
        p0/y[1] 
        g167/A                                                +0     731   
        g167/YC              FAX1              1  7.1   29   +91     822 F 
        g166/C                                                +0     822   
        g166/YS              FAX1              1 12.7   67  +103     925 R 
      p0/y[2] 
      g234/A                                                  +0     925   
      g234/YS                FAX1              2 11.1   34  +108    1033 F 
    par_ctr/y[2] 
    ctr/data_in[2] 
      add_55_25/B[2] 
        g375/B                                                +0    1033   
        g375/YC              FAX1              1  7.1   29   +88    1121 F 
        g374/C                                                +0    1121   
        g374/YC              FAX1              1  7.1   29   +82    1203 F 
        g373/C                                                +0    1203   
        g373/YC              FAX1              1  7.1   29   +82    1285 F 
        g372/C                                                +0    1285   
        g372/YC              FAX1              1  7.1   26   +82    1366 F 
        g371/C                                                +0    1366   
        g371/YC              FAX1              1  7.1   27   +81    1447 F 
        g370/C                                                +0    1447   
        g370/YC              FAX1              1  7.1   27   +81    1528 F 
        g369/C                                                +0    1528   
        g369/YC              FAX1              1  7.1   27   +81    1610 F 
        g368/C                                                +0    1610   
        g368/YC              FAX1              1  7.1   27   +81    1691 F 
        g367/C                                                +0    1691   
        g367/YC              FAX1              1  7.1   27   +81    1772 F 
        g366/C                                                +0    1772   
        g366/YC              FAX1              1  7.1   27   +81    1853 F 
        g365/C                                                +0    1853   
        g365/YC              FAX1              1  7.1   27   +81    1934 F 
        g364/C                                                +0    1934   
        g364/YC              FAX1              1  7.1   27   +81    2016 F 
        g363/C                                                +0    2016   
        g363/YC              FAX1              1 10.9   37   +89    2105 F 
        g2/A                                                  +0    2105   
        g2/YS                FAX1              1  2.8   21   +84    2188 R 
      add_55_25/Z[15] 
      g74/A                                                   +0    2188   
      g74/Y                  MUX2X1            1  1.5   38   +23    2211 F 
      g73/A                                                   +0    2211   
      g73/Y                  INVX1             1  2.0    0   +10    2221 R 
      countval_reg[15]/D     DFFSR                            +0    2221   
      countval_reg[15]/CLK   setup                       0   +70    2292 R 
- - - - - - - - - - - - - - - - - - - - - - - - - - - - - - - - - - - - - -
(clock clk)                  capture                                5000 R 
                             uncertainty                     -50    4950 R 
---------------------------------------------------------------------------
Cost Group   : 'clk' (path_group 'clk')
Timing slack :    2658ps 
Start-point  : TOP/genblk1[2].genblk1.sng/ctr/countval_reg[2]/CLK
End-point    : TOP/genblk2.stoch2bin/ctr/countval_reg[15]/D
