============================================================
  Generated by:           Encounter(R) RTL Compiler v14.10-s022_1
  Generated on:           Jul 25 2021  01:52:04 pm
  Module:                 ms_es_naive_by4_mul_synth
  Technology library:     gscl45nm 
  Operating conditions:   typical (balanced_tree)
  Wireload mode:          enclosed
  Area mode:              timing library
============================================================

           Pin                 Type       Fanout Load Slew Delay Arrival   
                                                 (fF) (ps)  (ps)   (ps)    
---------------------------------------------------------------------------
(clock clk_int2)             launch                                    0 R 
TOP
  genblk1[2].genblk1.sng
    ctr
      countval_reg[5]/CLK                                0             0 R 
      countval_reg[5]/Q      DFFSR             1  1.5   10  +115     115 F 
      drc_bufs192/A                                           +0     115   
      drc_bufs192/Y          BUFX2             4 11.1   14   +42     157 F 
    ctr/countval[5] 
    g458/A                                                    +0     157   
    g458/Y                   INVX1             1  2.5    0    +3     160 R 
    g454/A                                                    +0     160   
    g454/Y                   OR2X1             2  5.0   36   +47     207 R 
    g451/C                                                    +0     207   
    g451/Y                   NAND3X1           1  1.5   16   +15     222 F 
    drc_bufs/A                                                +0     222   
    drc_bufs/Y               BUFX2             1  1.9    2   +34     256 F 
    g448/A                                                    +0     256   
    g448/Y                   AND2X1            1  1.9   16   +30     286 F 
    g444/C                                                    +0     286   
    g444/Y                   OAI21X1           1  2.4   43   +21     307 R 
    g442/B                                                    +0     307   
    g442/Y                   OR2X1            14 32.4  162  +144     451 R 
    g439/B                                                    +0     451   
    g439/Y                   OR2X1            13 30.1  151  +143     594 R 
    g436/A                                                    +0     594   
    g436/Y                   OR2X1            12 27.6  132  +119     713 R 
  genblk1[2].genblk1.sng/sn_out[0] 
  g2885/A                                                     +0     713   
  g2885/Y                    AND2X1           16 36.8  191  +137     850 R 
  g2669/A                                                     +0     850   
  g2669/Y                    AND2X1            1 12.7   74   +62     912 R 
  genblk2.stoch2bin/data_in[243] 
    par_ctr/a[243] 
      p0/a[115] 
        p0/a[51] 
          p0/a[19] 
            p0/a[3] 
              p1/a[3] 
                p1/a[3] 
                  fa0/cin 
                    g2/A                                      +0     912   
                    g2/YS    FAX1              1  3.4   12   +93    1004 F 
                  fa0/s 
                  ha0/b 
                    g17/B                                     +0    1004   
                    g17/YS   HAX1              1  4.0   19   +59    1063 F 
                  ha0/s 
                p1/y[0] 
                g168/A                                        +0    1063   
                g168/YC      HAX1              1  8.8   35   +65    1128 F 
                g167/B                                        +0    1128   
                g167/YC      FAX1              1  7.1   29   +89    1216 F 
                g166/C                                        +0    1216   
                g166/YS      FAX1              1 10.3   56   +95    1312 R 
              p1/y[2] 
              g236/B                                          +0    1312   
              g236/YS        FAX1              1 12.7   67  +110    1422 R 
            p0/y[2] 
            g287/A                                            +0    1422   
            g287/YS          FAX1              1 12.7   67  +117    1539 R 
          p0/y[2] 
          g360/A                                              +0    1539   
          g360/YS            FAX1              1 12.7   67  +117    1656 R 
        p0/y[2] 
        g647/A                                                +0    1656   
        g647/YS              FAX1              1 12.7   67  +117    1774 R 
      p0/y[2] 
      g733/A                                                  +0    1774   
      g733/YS                FAX1              2 11.1   34  +108    1882 F 
    par_ctr/y[2] 
    ctr/data_in[2] 
      add_55_25/B[2] 
        g575/B                                                +0    1882   
        g575/YC              FAX1              1  7.1   29   +88    1970 F 
        g574/C                                                +0    1970   
        g574/YC              FAX1              1  7.1   29   +82    2052 F 
        g573/C                                                +0    2052   
        g573/YC              FAX1              1  7.1   29   +82    2133 F 
        g572/C                                                +0    2133   
        g572/YC              FAX1              1  7.1   29   +82    2215 F 
        g571/C                                                +0    2215   
        g571/YC              FAX1              1  7.1   29   +82    2296 F 
        g570/C                                                +0    2296   
        g570/YC              FAX1              1  7.1   29   +82    2378 F 
        g569/C                                                +0    2378   
        g569/YC              FAX1              1  7.1   29   +82    2460 F 
        g568/C                                                +0    2460   
        g568/YC              FAX1              1  7.1   26   +82    2541 F 
        g567/C                                                +0    2541   
        g567/YC              FAX1              1  7.1   27   +81    2622 F 
        g566/C                                                +0    2622   
        g566/YC              FAX1              1  7.1   27   +81    2704 F 
        g565/C                                                +0    2704   
        g565/YC              FAX1              1  7.1   27   +81    2785 F 
        g564/C                                                +0    2785   
        g564/YC              FAX1              1  7.1   27   +81    2866 F 
        g563/C                                                +0    2866   
        g563/YC              FAX1              1  7.1   27   +81    2947 F 
        g562/C                                                +0    2947   
        g562/YC              FAX1              1  7.1   27   +81    3028 F 
        g561/C                                                +0    3028   
        g561/YC              FAX1              1  7.1   27   +81    3110 F 
        g560/C                                                +0    3110   
        g560/YC              FAX1              1  7.1   27   +81    3191 F 
        g559/C                                                +0    3191   
        g559/YC              FAX1              1  7.1   27   +81    3272 F 
        g558/C                                                +0    3272   
        g558/YC              FAX1              1  7.1   27   +81    3353 F 
        g557/C                                                +0    3353   
        g557/YC              FAX1              1  7.1   27   +81    3434 F 
        g556/C                                                +0    3434   
        g556/YC              FAX1              1  7.1   27   +81    3516 F 
        g555/C                                                +0    3516   
        g555/YC              FAX1              1 10.9   37   +89    3604 F 
        g2/A                                                  +0    3604   
        g2/YS                FAX1              1  2.8   21   +84    3688 R 
      add_55_25/Z[23] 
      g103/A                                                  +0    3688   
      g103/Y                 MUX2X1            1  1.5   20   +23    3711 F 
      g102/A                                                  +0    3711   
      g102/Y                 INVX1             1  2.0    0    +4    3715 R 
      countval_reg[23]/D     DFFSR                            +0    3715   
      countval_reg[23]/CLK   setup                       0   +70    3785 R 
- - - - - - - - - - - - - - - - - - - - - - - - - - - - - - - - - - - - - -
(clock clk)                  capture                                5000 R 
                             uncertainty                     -50    4950 R 
---------------------------------------------------------------------------
Cost Group   : 'clk' (path_group 'clk')
Timing slack :    1165ps 
Start-point  : TOP/genblk1[2].genblk1.sng/ctr/countval_reg[5]/CLK
End-point    : TOP/genblk2.stoch2bin/ctr/countval_reg[23]/D
