============================================================
  Generated by:           Encounter(R) RTL Compiler v14.10-s022_1
  Generated on:           Jul 25 2021  01:49:25 pm
  Module:                 ms_es_naive_by4_mul_synth
  Technology library:     gscl45nm 
  Operating conditions:   typical (balanced_tree)
  Wireload mode:          enclosed
  Area mode:              timing library
============================================================

                                  Leakage    Dynamic     Total   
         Instance          Cells Power(nW)  Power(nW)  Power(nW) 
-----------------------------------------------------------------
ms_es_naive_by4_mul_synth    340 10076.965 572670.755 582747.720 
  TOP                        340 10076.965 562435.894 572512.859 
    genblk2.stoch2bin        172  6811.137 320760.533 327571.670 
      par_ctr                104  4470.543 166336.963 170807.506 
        p0                    49  2113.463  73421.050  75534.513 
          p0                  22   954.528  31521.368  32475.897 
            p0                 9   394.666  13004.898  13399.565 
              p0               3   134.340   4512.075   4646.416 
                ha0            1    47.565    954.647   1002.212 
                ha1            1    47.565   1518.183   1565.748 
                fa0            1    39.210   2039.245   2078.456 
              p1               3   134.340   4957.477   5091.817 
                ha0            1    47.565   1095.201   1142.766 
                ha1            1    47.565   1535.681   1583.246 
                fa0            1    39.210   2326.596   2365.806 
            p1                 9   394.666  13935.651  14330.317 
              p0               3   134.340   5104.853   5239.194 
                ha0            1    47.565   1079.317   1126.882 
                ha1            1    47.565   1723.863   1771.428 
                fa0            1    39.210   2301.673   2340.883 
              p1               3   134.340   5129.654   5263.994 
                ha0            1    47.565   1131.407   1178.972 
                ha1            1    47.565   1609.469   1657.034 
                fa0            1    39.210   2388.778   2427.988 
          p1                  22   954.528  35490.868  36445.396 
            p0                 9   394.666  14786.695  15181.361 
              p0               3   134.340   5142.179   5276.519 
                ha0            1    47.565   1088.254   1135.819 
                ha1            1    47.565   1739.121   1786.686 
                fa0            1    39.210   2314.803   2354.014 
              p1               3   134.340   5598.166   5732.506 
                ha0            1    47.565   1240.007   1287.572 
                ha1            1    47.565   1743.886   1791.451 
                fa0            1    39.210   2614.273   2653.483 
            p1                 9   394.666  15819.344  16214.010 
              p0               3   134.340   5768.802   5903.142 
                ha0            1    47.565   1221.476   1269.041 
                ha1            1    47.565   1957.969   2005.534 
                fa0            1    39.210   2589.357   2628.567 
              p1               3   134.340   5806.763   5941.103 
                ha0            1    47.565   1285.234   1332.799 
                ha1            1    47.565   1819.710   1867.275 
                fa0            1    39.210   2701.819   2741.029 
        p1                    49  2113.463  84729.646  86843.109 
          p0                  22   954.528  37553.126  38507.654 
            p0                 9   394.666  15497.895  15892.561 
              p0               3   134.340   5360.158   5494.498 
                ha0            1    47.565   1131.906   1179.471 
                ha1            1    47.565   1837.665   1885.230 
                fa0            1    39.210   2390.587   2429.797 
              p1               3   134.340   5785.406   5919.746 
                ha0            1    47.565   1276.171   1323.736 
                ha1            1    47.565   1831.343   1878.908 
                fa0            1    39.210   2677.891   2717.102 
            p1                 9   394.666  16465.654  16860.320 
              p0               3   134.340   5978.715   6113.055 
                ha0            1    47.565   1256.070   1303.635 
                ha1            1    47.565   2069.698   2117.263 
                fa0            1    39.210   2652.946   2692.157 
              p1               3   134.340   5957.919   6092.259 
                ha0            1    47.565   1312.365   1359.930 
                ha1            1    47.565   1905.217   1952.781 
                fa0            1    39.210   2740.338   2779.548 
          p1                  22   954.528  40007.282  40961.810 
            p0                 9   394.666  16619.559  17014.225 
              p0               3   134.340   5762.396   5896.737 
                ha0            1    47.565   1212.263   1259.828 
                ha1            1    47.565   1984.241   2031.805 
                fa0            1    39.210   2565.893   2605.103 
              p1               3   134.340   6172.456   6306.796 
                ha0            1    47.565   1357.592   1405.157 
                ha1            1    47.565   1961.714   2009.279 
                fa0            1    39.210   2853.149   2892.359 
            p1                 9   394.666  17778.697  18173.363 
              p0               3   134.340   6430.320   6564.660 
                ha0            1    47.565   1345.484   1393.049 
                ha1            1    47.565   2231.584   2279.149 
                fa0            1    39.210   2853.252   2892.462 
              p1               3   134.340   6475.934   6610.275 
                ha0            1    47.565   1420.910   1468.475 
                ha1            1    47.565   2076.485   2124.050 
                fa0            1    39.210   2978.540   3017.750 
      ctr                     61  2264.523 147676.028 149940.551 
    genblk1[2].genblk1.sng    28   686.276  50350.920  51037.196 
      ctr                     13   520.139  30672.860  31193.000 
    genblk1[1].genblk1.sng    29   658.132  48726.410  49384.542 
      ctr                     12   500.386  38629.659  39130.045 
    genblk1[0].genblk1.sng    28   639.849  48626.140  49265.989 
      ctr                     12   500.386  38783.010  39283.396 

