============================================================
  Generated by:           Encounter(R) RTL Compiler v14.10-s022_1
  Generated on:           Jul 25 2021  01:23:21 pm
  Module:                 ms_es_ordered_cas_by2_mul_synth
  Technology library:     gscl45nm 
  Operating conditions:   typical (balanced_tree)
  Wireload mode:          enclosed
  Area mode:              timing library
============================================================

           Pin                 Type       Fanout Load Slew Delay Arrival   
                                                 (fF) (ps)  (ps)   (ps)    
---------------------------------------------------------------------------
(clock clk_int1)             launch                                    0 R 
TOP
  genblk1[1].genblk1.sng
    ctr
      countval_reg[2]/CLK                                0             0 R 
      countval_reg[2]/Q      DFFSR             1  1.5   10  +115     115 F 
      drc_bufs400/A                                           +0     115   
      drc_bufs400/Y          BUFX2             5 13.0   17   +44     159 F 
    ctr/countval[2] 
    g630/A                                                    +0     159   
    g630/Y                   INVX1             1  2.5    0    +4     163 R 
    g627/A                                                    +0     163   
    g627/Y                   OR2X1             2  5.1   36   +47     210 R 
    g619/C                                                    +0     210   
    g619/Y                   NAND3X1           1  1.5   16   +15     226 F 
    drc_bufs641/A                                             +0     226   
    drc_bufs641/Y            BUFX2             1  1.9    2   +34     259 F 
    g613/A                                                    +0     259   
    g613/Y                   AND2X1            1  2.6   18   +32     291 F 
    g610/B                                                    +0     291   
    g610/Y                   OAI21X1           1  2.8   45   +43     334 R 
    g609/A                                                    +0     334   
    g609/Y                   AOI22X1           1  1.5   34   +38     373 F 
    drc_bufs/A                                                +0     373   
    drc_bufs/Y               BUFX2             1  2.6    7   +38     411 F 
    g608/B                                                    +0     411   
    g608/Y                   OAI21X1           4  9.8   78   +63     474 R 
    g607/A                                                    +0     474   
    g607/Y                   OR2X1             3  7.4   42   +56     529 R 
  genblk1[1].genblk1.sng/sn_out[0] 
  g78/A                                                       +0     529   
  g78/Y                      AND2X1            1 10.3   66   +55     585 R 
  genblk2.stoch2bin/data_in[2] 
    par_ctr/a[2] 
      fa0/b 
        g2/B                                                  +0     585   
        g2/YS                FAX1              1  3.4   12   +91     676 F 
      fa0/s 
      ha0/b 
        g17/B                                                 +0     676   
        g17/YS               HAX1              2  5.6   24   +62     738 F 
      ha0/s 
    par_ctr/y[0] 
    ctr/data_in[0] 
      add_55_25/B[0] 
        g377/B                                                +0     738   
        g377/YC              HAX1              1  8.8   35   +62     800 F 
        g376/B                                                +0     800   
        g376/YC              FAX1              1  7.1   29   +89     889 F 
        g375/C                                                +0     889   
        g375/YC              FAX1              1  7.1   29   +82     970 F 
        g374/C                                                +0     970   
        g374/YC              FAX1              1  7.1   26   +82    1052 F 
        g373/C                                                +0    1052   
        g373/YC              FAX1              1  7.1   27   +81    1133 F 
        g372/C                                                +0    1133   
        g372/YC              FAX1              1  7.1   27   +81    1214 F 
        g371/C                                                +0    1214   
        g371/YC              FAX1              1  7.1   27   +81    1295 F 
        g370/C                                                +0    1295   
        g370/YC              FAX1              1  7.1   27   +81    1376 F 
        g369/C                                                +0    1376   
        g369/YC              FAX1              1  7.1   27   +81    1458 F 
        g368/C                                                +0    1458   
        g368/YC              FAX1              1  7.1   27   +81    1539 F 
        g367/C                                                +0    1539   
        g367/YC              FAX1              1  7.1   27   +81    1620 F 
        g366/C                                                +0    1620   
        g366/YC              FAX1              1  7.1   27   +81    1701 F 
        g365/C                                                +0    1701   
        g365/YC              FAX1              1  7.1   27   +81    1782 F 
        g364/C                                                +0    1782   
        g364/YC              FAX1              1  7.1   27   +81    1864 F 
        g363/C                                                +0    1864   
        g363/YC              FAX1              1 10.9   37   +89    1953 F 
        g2/A                                                  +0    1953   
        g2/YS                FAX1              1  2.8   21   +84    2036 R 
      add_55_25/Z[15] 
      g74/A                                                   +0    2036   
      g74/Y                  MUX2X1            1  1.5   38   +23    2059 F 
      g73/A                                                   +0    2059   
      g73/Y                  INVX1             1  2.0    0   +10    2069 R 
      countval_reg[15]/D     DFFSR                            +0    2069   
      countval_reg[15]/CLK   setup                       0   +70    2140 R 
- - - - - - - - - - - - - - - - - - - - - - - - - - - - - - - - - - - - - -
(clock clk)                  capture                                5000 R 
                             uncertainty                     -50    4950 R 
---------------------------------------------------------------------------
Cost Group   : 'clk' (path_group 'clk')
Timing slack :    2810ps 
Start-point  : TOP/genblk1[1].genblk1.sng/ctr/countval_reg[2]/CLK
End-point    : TOP/genblk2.stoch2bin/ctr/countval_reg[15]/D
