============================================================
  Generated by:           Encounter(R) RTL Compiler v14.10-s022_1
  Generated on:           Jul 25 2021  01:54:02 pm
  Module:                 ms_es_naive_by4_mul_synth
  Technology library:     gscl45nm 
  Operating conditions:   typical (balanced_tree)
  Wireload mode:          enclosed
  Area mode:              timing library
============================================================

               Pin                      Type       Fanout Load Slew Delay Arrival   
                                                          (fF) (ps)  (ps)   (ps)    
------------------------------------------------------------------------------------
(clock clk)                           launch                                    0 R 
(ms_es_naive_by4_mul._line_10_21_1)   ext delay                      +100     100 R 
bin_data_in[3][1]                     in port           5 11.6   20    +0     100 R 
TOP/bin_data_in[3][1] 
  genblk1[3].genblk1.sng/bin_in[1] 
    g50/B                                                              +0     100   
    g50/Y                             OR2X1             4  9.9   57   +73     173 R 
  genblk1[3].genblk1.sng/sn_out[0] 
  g6261/A                                                              +0     173   
  g6261/Y                             AND2X1           27 62.1  315  +217     390 R 
  g6019/A                                                              +0     390   
  g6019/Y                             AND2X1            1  4.6   36   +18     408 R 
  genblk2.stoch2bin/data_in[81] 
    par_ctr/a[81] 
      p1/a[81] 
        p1/a[81] 
          p1/a[81] 
            p0/a[17] 
              p1/a[17] 
                p0/a[1] 
                  p1/a[1] 
                    p1/a[1] 
                      fa0/a 
                        g20/A                                          +0     408   
                        g20/YS        HAX1              1  3.4   17   +64     472 F 
                      fa0/s 
                      ha0/b 
                        g17/B                                          +0     472   
                        g17/YS        HAX1              1  4.0   19   +59     531 F 
                      ha0/s 
                    p1/y[0] 
                    g168/A                                             +0     531   
                    g168/YC           HAX1              1  8.8   35   +64     596 F 
                    g167/B                                             +0     596   
                    g167/YC           FAX1              1  7.1   29   +89     684 F 
                    g166/C                                             +0     684   
                    g166/YS           FAX1              1 10.3   56   +95     780 R 
                  p1/y[2] 
                  g202/B                                               +0     780   
                  g202/YS             FAX1              1 12.7   67  +110     890 R 
                p0/y[2] 
                g287/A                                                 +0     890   
                g287/YS               FAX1              1 10.3   56  +110    1000 R 
              p1/y[2] 
              g335/B                                                   +0    1000   
              g335/YS                 FAX1              1 12.7   67  +110    1110 R 
            p0/y[2] 
            g539/A                                                     +0    1110   
            g539/YS                   FAX1              1 10.3   56  +110    1220 R 
          p1/y[2] 
          g640/B                                                       +0    1220   
          g640/YS                     FAX1              1  8.8   27  +101    1320 F 
        p1/y[2] 
        g705/B                                                         +0    1320   
        g705/YC                       FAX1              1  7.1   29   +87    1408 F 
        g704/C                                                         +0    1408   
        g704/YC                       FAX1              1  7.1   29   +82    1490 F 
        g703/C                                                         +0    1490   
        g703/YC                       FAX1              1  7.1   29   +82    1571 F 
        g702/C                                                         +0    1571   
        g702/YC                       FAX1              1  7.1   29   +82    1653 F 
        g701/C                                                         +0    1653   
        g701/YC                       FAX1              1  7.1   29   +82    1734 F 
        g700/C                                                         +0    1734   
        g700/YC                       FAX1              1  7.1   29   +82    1816 F 
        g699/C                                                         +0    1816   
        g699/YS                       FAX1              1 10.3   56   +95    1911 R 
      p1/y[8] 
      g770/B                                                           +0    1911   
      g770/YC                         FAX1              1  3.8   26   +63    1974 R 
      g769/B                                                           +0    1974   
      g769/YC                         HAX1              2 12.7   69   +76    2050 R 
    par_ctr/y[10] 
    g60/B                                                              +0    2050   
    g60/Y                             OR2X1             1  2.5   23   +53    2103 R 
    g59/A                                                              +0    2103   
    g59/Y                             OR2X1            11 45.1  222  +172    2274 R 
    ctr/en 
      g743/S                                                           +0    2274   
      g743/Y                          MUX2X1            1  1.5   20   +65    2340 F 
      g742/A                                                           +0    2340   
      g742/Y                          INVX1             1  2.0    0    +4    2343 R 
      countval_reg[0]/D               DFFSR                            +0    2343   
      countval_reg[0]/CLK             setup                       0   +70    2414 R 
- - - - - - - - - - - - - - - - - - - - - - - - - - - - - - - - - - - - - - - - - - 
(clock clk)                           capture                                5000 R 
                                      uncertainty                     -50    4950 R 
------------------------------------------------------------------------------------
Cost Group   : 'clk' (path_group 'clk')
Timing slack :    2536ps 
Start-point  : bin_data_in[3][1]
End-point    : TOP/genblk2.stoch2bin/ctr/countval_reg[0]/D
