============================================================
  Generated by:           Encounter(R) RTL Compiler v14.10-s022_1
  Generated on:           Jul 25 2021  02:20:00 pm
  Module:                 ms_es_ordered_bs_by4_mul_synth
  Technology library:     gscl45nm 
  Operating conditions:   typical (balanced_tree)
  Wireload mode:          enclosed
  Area mode:              timing library
============================================================

               Pin                      Type       Fanout Load Slew Delay Arrival   
                                                          (fF) (ps)  (ps)   (ps)    
------------------------------------------------------------------------------------
(clock clk)                           launch                                    0 R 
(ms_es_ordered_bs_by4_line_10_18_1)   ext delay                      +100     100 R 
bin_data_in[0][1]                     in port          18 43.8   20    +0     100 R 
TOP/bin_data_in[0][1] 
  genblk1[2].genblk4.genblk2.sng/bin_in[0][1] 
    genblk2[2].max_comparator/bin_in[0][1] 
      g374/B                                                           +0     100   
      g374/Y                          AND2X1            2  4.5   43   +49     149 R 
      g366/B                                                           +0     149   
      g366/Y                          NAND2X1           1  1.5   18   +21     170 F 
      drc_bufs402/A                                                    +0     170   
      drc_bufs402/Y                   BUFX2             2  4.0    6   +36     206 F 
      g361/B                                                           +0     206   
      g361/Y                          AND2X1            1  2.6   19   +44     250 F 
      g358/B                                                           +0     250   
      g358/Y                          OAI21X1           1  3.0   46   +44     294 R 
      g357/C                                                           +0     294   
      g357/Y                          NAND3X1           1  1.5   16   +17     312 F 
      drc_bufs401/A                                                    +0     312   
      drc_bufs401/Y                   BUFX2             1  1.9    2   +34     345 F 
      g356/C                                                           +0     345   
      g356/Y                          OAI21X1           1  2.4   44   +16     362 R 
      g355/C                                                           +0     362   
      g355/Y                          AOI21X1           1  1.5   16   +20     382 F 
      drc_bufs400/A                                                    +0     382   
      drc_bufs400/Y                   BUFX2             1  1.9    2   +34     415 F 
      g354/C                                                           +0     415   
      g354/Y                          OAI21X1          12 27.6  161   +95     511 R 
    genblk2[2].max_comparator/sn_out 
  genblk1[2].genblk4.genblk2.sng/sn_out[2] 
  g2865/A                                                              +0     511   
  g2865/Y                             AND2X1           16 36.8  192  +137     648 R 
  g2768/A                                                              +0     648   
  g2768/Y                             AND2X1            1 12.7   74   +62     709 R 
  genblk2.stoch2bin/data_in[251] 
    par_ctr/a[251] 
      p0/a[123] 
        p0/a[59] 
          p0/a[27] 
            p0/a[11] 
              p0/a[3] 
                p1/a[3] 
                  fa0/cin 
                    g2/A                                               +0     709   
                    g2/YS             FAX1              1  3.4   12   +93     802 F 
                  fa0/s 
                  ha0/b 
                    g17/B                                              +0     802   
                    g17/YS            HAX1              1  4.0   19   +59     861 F 
                  ha0/s 
                p1/y[0] 
                g180/A                                                 +0     861   
                g180/YC               HAX1              1  8.8   35   +65     926 F 
                g179/B                                                 +0     926   
                g179/YC               FAX1              1  7.1   29   +89    1014 F 
                g178/C                                                 +0    1014   
                g178/YS               FAX1              1 12.7   67  +103    1117 R 
              p0/y[2] 
              g236/A                                                   +0    1117   
              g236/YS                 FAX1              1 12.7   67  +117    1234 R 
            p0/y[2] 
            g287/A                                                     +0    1234   
            g287/YS                   FAX1              1 12.7   67  +117    1352 R 
          p0/y[2] 
          g360/A                                                       +0    1352   
          g360/YS                     FAX1              1 12.7   67  +117    1469 R 
        p0/y[2] 
        g649/A                                                         +0    1469   
        g649/YS                       FAX1              1 12.7   67  +117    1586 R 
      p0/y[2] 
      g652/A                                                           +0    1586   
      g652/YS                         FAX1              2 11.1   34  +108    1694 F 
    par_ctr/y[2] 
    ctr/data_in[2] 
      g825/B                                                           +0    1694   
      g825/YC                         FAX1              1  7.1   29   +88    1783 F 
      g821/C                                                           +0    1783   
      g821/YC                         FAX1              1  7.1   29   +82    1864 F 
      g817/C                                                           +0    1864   
      g817/YC                         FAX1              1  7.1   29   +82    1946 F 
      g813/C                                                           +0    1946   
      g813/YC                         FAX1              1  7.1   29   +82    2028 F 
      g809/C                                                           +0    2028   
      g809/YC                         FAX1              1  7.1   29   +82    2109 F 
      g805/C                                                           +0    2109   
      g805/YC                         FAX1              1  7.1   29   +82    2191 F 
      g801/C                                                           +0    2191   
      g801/YC                         FAX1              1  7.1   29   +82    2272 F 
      g797/C                                                           +0    2272   
      g797/YC                         FAX1              1  7.1   26   +82    2354 F 
      g793/C                                                           +0    2354   
      g793/YC                         FAX1              1 10.9   37   +89    2443 F 
      g2/A                                                             +0    2443   
      g2/YS                           FAX1              1  2.8   21   +84    2527 R 
      g787/A                                                           +0    2527   
      g787/Y                          MUX2X1            1  1.5   21   +23    2549 F 
      g786/A                                                           +0    2549   
      g786/Y                          INVX1             1  2.0    0    +4    2554 R 
      countval_reg[11]/D              DFFSR                            +0    2554   
      countval_reg[11]/CLK            setup                       0   +70    2624 R 
- - - - - - - - - - - - - - - - - - - - - - - - - - - - - - - - - - - - - - - - - - 
(clock clk)                           capture                                5000 R 
                                      uncertainty                     -50    4950 R 
------------------------------------------------------------------------------------
Cost Group   : 'clk' (path_group 'clk')
Timing slack :    2326ps 
Start-point  : bin_data_in[0][1]
End-point    : TOP/genblk2.stoch2bin/ctr/countval_reg[11]/D
