============================================================
  Generated by:           Encounter(R) RTL Compiler v14.10-s022_1
  Generated on:           Jul 25 2021  01:50:14 pm
  Module:                 ms_es_naive_by4_mul_synth
  Technology library:     gscl45nm 
  Operating conditions:   typical (balanced_tree)
  Wireload mode:          enclosed
  Area mode:              timing library
============================================================

                                  Leakage    Dynamic     Total   
         Instance          Cells Power(nW)  Power(nW)  Power(nW) 
-----------------------------------------------------------------
ms_es_naive_by4_mul_synth    540 15340.901 784145.629 799486.531 
  TOP                        540 15340.901 763536.455 778877.357 
    genblk2.stoch2bin        232  9074.503 362844.129 371918.632 
      ctr                    121  4518.950 244474.115 248993.066 
        add_55_25             24   949.404  18606.190  19555.594 
      par_ctr                104  4470.543 109981.617 114452.160 
        p0                    49  2113.463  53670.504  55783.967 
          p0                  22   954.528  25892.657  26847.185 
            p0                 9   394.666  11988.372  12383.039 
              p0               3   134.340   5051.211   5185.551 
                ha0            1    47.565    940.376    987.941 
                ha1            1    47.565   1605.183   1652.748 
                fa0            1    39.210   2505.651   2544.862 
              p1               3   134.340   4822.173   4956.513 
                ha0            1    47.565    932.911    980.475 
                ha1            1    47.565   1409.099   1456.664 
                fa0            1    39.210   2480.164   2519.374 
            p1                 9   394.666  11723.486  12118.152 
              p0               3   134.340   5001.589   5135.930 
                ha0            1    47.565    931.318    978.883 
                ha1            1    47.565   1589.871   1637.436 
                fa0            1    39.210   2480.400   2519.611 
              p1               3   134.340   4822.172   4956.512 
                ha0            1    47.565    932.911    980.476 
                ha1            1    47.565   1409.099   1456.664 
                fa0            1    39.210   2480.163   2519.373 
          p1                  22   954.528  25460.161  26414.689 
            p0                 9   394.666  11872.865  12267.531 
              p0               3   134.340   5001.789   5136.130 
                ha0            1    47.565    931.318    978.883 
                ha1            1    47.565   1589.871   1637.436 
                fa0            1    39.210   2480.600   2519.811 
              p1               3   134.340   4774.418   4908.758 
                ha0            1    47.565    923.852    971.417 
                ha1            1    47.565   1395.452   1443.016 
                fa0            1    39.210   2455.114   2494.325 
            p1                 9   394.666  11609.645  12004.311 
              p0               3   134.340   4952.168   5086.508 
                ha0            1    47.565    922.260    969.825 
                ha1            1    47.565   1574.558   1622.123 
                fa0            1    39.210   2455.350   2494.560 
              p1               3   134.340   4774.418   4908.759 
                ha0            1    47.565    923.852    971.417 
                ha1            1    47.565   1395.452   1443.016 
                fa0            1    39.210   2455.114   2494.325 
        p1                    49  2113.463  53690.465  55803.928 
          p0                  22   954.528  26140.361  27094.890 
            p0                 9   394.666  12103.891  12498.557 
              p0               3   134.340   5100.633   5234.974 
                ha0            1    47.565    949.434    996.999 
                ha1            1    47.565   1620.495   1668.060 
                fa0            1    39.210   2530.704   2569.915 
              p1               3   134.340   4869.927   5004.267 
                ha0            1    47.565    941.969    989.534 
                ha1            1    47.565   1422.746   1470.311 
                fa0            1    39.210   2505.212   2544.422 
            p1                 9   394.666  11837.337  12232.003 
              p0               3   134.340   5051.010   5185.350 
                ha0            1    47.565    940.376    987.941 
                ha1            1    47.565   1605.183   1652.748 
                fa0            1    39.210   2505.451   2544.661 
              p1               3   134.340   4869.925   5004.265 
                ha0            1    47.565    941.968    989.533 
                ha1            1    47.565   1422.746   1470.311 
                fa0            1    39.210   2505.211   2544.421 
          p1                  22   954.528  25373.839  26328.367 
            p0                 9   394.666  11829.696  12224.362 
              p0               3   134.340   4980.195   5114.535 
                ha0            1    47.565    922.260    969.825 
                ha1            1    47.565   1589.886   1637.451 
                fa0            1    39.210   2468.049   2507.259 
              p1               3   134.340   4752.828   4887.168 
                ha0            1    47.565    914.795    962.360 
                ha1            1    47.565   1395.467   1443.032 
                fa0            1    39.210   2442.567   2481.777 
            p1                 9   394.666  11566.478  11961.144 
              p0               3   134.340   4930.577   5064.917 
                ha0            1    47.565    913.202    960.767 
                ha1            1    47.565   1574.574   1622.139 
                fa0            1    39.210   2442.801   2482.011 
              p1               3   134.340   4752.828   4887.168 
                ha0            1    47.565    914.795    962.360 
                ha1            1    47.565   1395.467   1443.032 
                fa0            1    39.210   2442.567   2481.777 
    genblk1[1].genblk1.sng    75  1675.244 104952.592 106627.836 
      ctr                     32  1285.280  82282.338  83567.618 
    genblk1[2].genblk1.sng    76  1673.615  99950.947 101624.561 
      ctr                     33  1305.033  71251.772  72556.806 
    genblk1[0].genblk1.sng    73  1654.843 105713.513 107368.356 
      ctr                     32  1285.280  83320.300  84605.579 

