============================================================
  Generated by:           Encounter(R) RTL Compiler v14.10-s022_1
  Generated on:           Jul 25 2021  02:01:39 pm
  Module:                 ms_es_ordered_cas_by4_mul_synth
  Technology library:     gscl45nm 
  Operating conditions:   typical (balanced_tree)
  Wireload mode:          enclosed
  Area mode:              timing library
============================================================

            Instance             Cells  Cell Area  Net Area  Total Area  Wireload     
--------------------------------------------------------------------------------------
ms_es_ordered_cas_by4_mul_synth    295       1035         0        1035    <none> (D) 
  TOP                              295       1035         0        1035    <none> (D) 
    genblk2.stoch2bin               88        479         0         479    <none> (D) 
      ctr                           61        318         0         318    <none> (D) 
      par_ctr                       22        150         0         150    <none> (D) 
        p1                           9         59         0          59    <none> (D) 
          p1                         3         18         0          18    <none> (D) 
            fa0                      1          9         0           9    <none> (D) 
            ha1                      1          5         0           5    <none> (D) 
            ha0                      1          5         0           5    <none> (D) 
          p0                         3         18         0          18    <none> (D) 
            fa0                      1          9         0           9    <none> (D) 
            ha1                      1          5         0           5    <none> (D) 
            ha0                      1          5         0           5    <none> (D) 
        p0                           9         59         0          59    <none> (D) 
          p1                         3         18         0          18    <none> (D) 
            fa0                      1          9         0           9    <none> (D) 
            ha1                      1          5         0           5    <none> (D) 
            ha0                      1          5         0           5    <none> (D) 
          p0                         3         18         0          18    <none> (D) 
            fa0                      1          9         0           9    <none> (D) 
            ha1                      1          5         0           5    <none> (D) 
            ha0                      1          5         0           5    <none> (D) 
    cas                             88        184         0         184    <none> (D) 
      genblk1.cas_a_b               88        184         0         184    <none> (D) 
    genblk1[1].genblk1.sng          50        163         0         163    <none> (D) 
      ctr                           24        106         0         106    <none> (D) 
    genblk1[0].genblk1.sng          50        163         0         163    <none> (D) 
      ctr                           22        102         0         102    <none> (D) 

 (D) = wireload is default in technology library
