============================================================
  Generated by:           Encounter(R) RTL Compiler v14.10-s022_1
  Generated on:           Jul 25 2021  01:17:31 pm
  Module:                 ms_es_naive_by2_mul_synth
  Technology library:     gscl45nm 
  Operating conditions:   typical (balanced_tree)
  Wireload mode:          enclosed
  Area mode:              timing library
============================================================

           Pin                 Type       Fanout Load Slew Delay Arrival   
                                                 (fF) (ps)  (ps)   (ps)    
---------------------------------------------------------------------------
(clock clk_int2)             launch                                    0 R 
TOP
  genblk1[2].genblk1.sng
    ctr
      countval_reg[2]/CLK                                0             0 R 
      countval_reg[2]/Q      DFFSR             1  1.5   10  +115     115 F 
      drc_bufs400/A                                           +0     115   
      drc_bufs400/Y          BUFX2             5 12.6   16   +44     158 F 
    ctr/countval[2] 
    g630/A                                                    +0     158   
    g630/Y                   INVX1             1  2.5    0    +4     162 R 
    g627/A                                                    +0     162   
    g627/Y                   OR2X1             2  4.9   36   +47     209 R 
    g619/B                                                    +0     209   
    g619/Y                   NAND3X1           1  1.5   15   +18     227 F 
    drc_bufs641/A                                             +0     227   
    drc_bufs641/Y            BUFX2             1  1.9    2   +33     261 F 
    g613/A                                                    +0     261   
    g613/Y                   AND2X1            1  2.6   18   +32     292 F 
    g610/B                                                    +0     292   
    g610/Y                   OAI21X1           1  2.8   45   +43     336 R 
    g609/A                                                    +0     336   
    g609/Y                   AOI22X1           1  1.5   34   +38     374 F 
    drc_bufs/A                                                +0     374   
    drc_bufs/Y               BUFX2             1  2.6    7   +38     412 F 
    g608/B                                                    +0     412   
    g608/Y                   OAI21X1           6 14.4   99   +78     490 R 
    g607/A                                                    +0     490   
    g607/Y                   OR2X1             5 12.0   62   +70     560 R 
  genblk1[2].genblk1.sng/sn_out[0] 
  g135/B                                                      +0     560   
  g135/Y                     AND2X1            1 10.3   66   +64     624 R 
  genblk2.stoch2bin/data_in[6] 
    par_ctr/a[6] 
      p0/a[2] 
        fa0/b 
          g2/B                                                +0     624   
          g2/YS              FAX1              1  3.4   12   +91     715 F 
        fa0/s 
        ha0/b 
          g17/B                                               +0     715   
          g17/YC             HAX1              1  3.4   20   +48     763 F 
        ha0/cout 
        ha1/a 
          g17/B                                               +0     763   
          g17/YS             HAX1              1 12.7   65   +82     845 R 
        ha1/s 
      p0/y[1] 
      g167/A                                                  +0     845   
      g167/YS                FAX1              2 10.2   31  +106     950 F 
    par_ctr/y[1] 
    ctr/data_in[1] 
      add_55_25/B[1] 
        g576/C                                                +0     950   
        g576/YC              FAX1              1  7.1   29   +82    1032 F 
        g575/C                                                +0    1032   
        g575/YC              FAX1              1  7.1   29   +82    1114 F 
        g574/C                                                +0    1114   
        g574/YC              FAX1              1  7.1   29   +82    1195 F 
        g573/C                                                +0    1195   
        g573/YC              FAX1              1  7.1   26   +82    1277 F 
        g572/C                                                +0    1277   
        g572/YC              FAX1              1  7.1   27   +81    1358 F 
        g571/C                                                +0    1358   
        g571/YC              FAX1              1  7.1   27   +81    1439 F 
        g570/C                                                +0    1439   
        g570/YC              FAX1              1  7.1   27   +81    1520 F 
        g569/C                                                +0    1520   
        g569/YC              FAX1              1  7.1   27   +81    1602 F 
        g568/C                                                +0    1602   
        g568/YC              FAX1              1  7.1   27   +81    1683 F 
        g567/C                                                +0    1683   
        g567/YC              FAX1              1  7.1   27   +81    1764 F 
        g566/C                                                +0    1764   
        g566/YC              FAX1              1  7.1   27   +81    1845 F 
        g565/C                                                +0    1845   
        g565/YC              FAX1              1  7.1   27   +81    1926 F 
        g564/C                                                +0    1926   
        g564/YC              FAX1              1  7.1   27   +81    2008 F 
        g563/C                                                +0    2008   
        g563/YC              FAX1              1  7.1   27   +81    2089 F 
        g562/C                                                +0    2089   
        g562/YC              FAX1              1  7.1   27   +81    2170 F 
        g561/C                                                +0    2170   
        g561/YC              FAX1              1  7.1   27   +81    2251 F 
        g560/C                                                +0    2251   
        g560/YC              FAX1              1  7.1   27   +81    2332 F 
        g559/C                                                +0    2332   
        g559/YC              FAX1              1  7.1   27   +81    2414 F 
        g558/C                                                +0    2414   
        g558/YC              FAX1              1  7.1   27   +81    2495 F 
        g557/C                                                +0    2495   
        g557/YC              FAX1              1  7.1   27   +81    2576 F 
        g556/C                                                +0    2576   
        g556/YC              FAX1              1  7.1   27   +81    2657 F 
        g555/C                                                +0    2657   
        g555/YC              FAX1              1 10.9   37   +89    2746 F 
        g2/A                                                  +0    2746   
        g2/YS                FAX1              1  2.8   21   +84    2830 R 
      add_55_25/Z[23] 
      g103/A                                                  +0    2830   
      g103/Y                 MUX2X1            1  1.5   20   +23    2853 F 
      g102/A                                                  +0    2853   
      g102/Y                 INVX1             1  2.0    0    +4    2857 R 
      countval_reg[23]/D     DFFSR                            +0    2857   
      countval_reg[23]/CLK   setup                       0   +70    2927 R 
- - - - - - - - - - - - - - - - - - - - - - - - - - - - - - - - - - - - - -
(clock clk)                  capture                                5000 R 
                             uncertainty                     -50    4950 R 
---------------------------------------------------------------------------
Cost Group   : 'clk' (path_group 'clk')
Timing slack :    2023ps 
Start-point  : TOP/genblk1[2].genblk1.sng/ctr/countval_reg[2]/CLK
End-point    : TOP/genblk2.stoch2bin/ctr/countval_reg[23]/D
