============================================================
  Generated by:           Encounter(R) RTL Compiler v14.10-s022_1
  Generated on:           Jul 25 2021  01:18:13 pm
  Module:                 ms_es_naive_by2_mul_synth
  Technology library:     gscl45nm 
  Operating conditions:   typical (balanced_tree)
  Wireload mode:          enclosed
  Area mode:              timing library
============================================================

                                  Leakage    Dynamic     Total   
         Instance          Cells Power(nW)  Power(nW)  Power(nW) 
-----------------------------------------------------------------
ms_es_naive_by2_mul_synth    207  5920.268 377278.482 383198.750 
  TOP                        207  5920.268 366447.999 372368.267 
    genblk2.stoch2bin         88  3267.635 170885.303 174152.938 
      ctr                     61  2264.523 129847.393 132111.916 
      par_ctr                 22   954.528  35086.379  36040.907 
        p0                     9   394.666  13862.456  14257.122 
          p0                   3   134.340   4889.198   5023.538 
            ha0                1    47.565    906.844    954.409 
            ha1                1    47.565   1815.251   1862.816 
            fa0                1    39.210   2167.103   2206.313 
          p1                   3   134.340   5152.964   5287.305 
            ha0                1    47.565    991.866   1039.431 
            ha1                1    47.565   1767.331   1814.896 
            fa0                1    39.210   2393.767   2432.977 
        p1                     9   394.666  15732.563  16127.229 
          p0                   3   134.340   5746.579   5880.919 
            ha0                1    47.565   1070.075   1117.640 
            ha1                1    47.565   2132.500   2180.065 
            fa0                1    39.210   2544.005   2583.215 
          p1                   3   134.340   5811.106   5945.446 
            ha0                1    47.565   1128.344   1175.909 
            ha1                1    47.565   1987.059   2034.624 
            fa0                1    39.210   2695.703   2734.913 
    genblk1[3].genblk1.sng    24   582.620  34510.277  35092.897 
      ctr                     13   520.139  29285.253  29805.393 
    genblk1[0].genblk1.sng    23   562.867  44925.840  45488.707 
      ctr                     12   500.386  40174.308  40674.693 
    genblk1[1].genblk1.sng    23   562.867  44088.684  44651.551 
      ctr                     12   500.386  39098.583  39598.969 
    genblk1[2].genblk1.sng    23   562.867  43719.408  44282.275 
      ctr                     12   500.386  38975.480  39475.866 

