============================================================
  Generated by:           Encounter(R) RTL Compiler v14.10-s022_1
  Generated on:           Jul 25 2021  01:34:27 pm
  Module:                 ms_es_ordered_bs_by2_mul_synth
  Technology library:     gscl45nm 
  Operating conditions:   typical (balanced_tree)
  Wireload mode:          enclosed
  Area mode:              timing library
============================================================

           Pin                 Type       Fanout Load Slew Delay Arrival   
                                                 (fF) (ps)  (ps)   (ps)    
---------------------------------------------------------------------------
(clock clk_int2)             launch                                    0 R 
TOP
  genblk1[2].genblk4.genblk2.sng
    ctr
      countval_reg[1]/CLK                                0             0 R 
      countval_reg[1]/Q      DFFSR             1  1.5   10  +115     115 F 
      drc_bufs129/A                                           +0     115   
      drc_bufs129/Y          BUFX2             8 21.9   29   +53     168 F 
    ctr/countval[1] 
    genblk2[1].max_comparator/counter_in[1] 
      g721/A                                                  +0     168   
      g721/Y                 INVX1             7 19.8   69   +65     233 R 
      g714/C                                                  +0     233   
      g714/Y                 NAND3X1           1  1.5   15   +23     255 F 
      drc_bufs734/A                                           +0     255   
      drc_bufs734/Y          BUFX2             1  2.6    3   +34     290 F 
      g706/A                                                  +0     290   
      g706/Y                 AOI21X1           1  1.5   23   +32     321 R 
      drc_bufs742/A                                           +0     321   
      drc_bufs742/Y          BUFX2             1  8.2   22   +43     364 R 
      g2/C                                                    +0     364   
      g2/YC                  FAX1              1  1.6   16   +51     415 R 
      g3/A                                                    +0     415   
      g3/Y                   INVX1             2  4.1   17   +21     436 F 
      g695/A                                                  +0     436   
      g695/Y                 NAND2X1           1  1.5   32   +26     463 R 
      drc_bufs731/A                                           +0     463   
      drc_bufs731/Y          BUFX2             1  3.0   11   +36     498 R 
      g693/C                                                  +0     498   
      g693/Y                 NAND3X1           1  1.5   15    +9     507 F 
      drc_bufs746/A                                           +0     507   
      drc_bufs746/Y          BUFX2             1  1.9    2   +33     541 F 
      g692/C                                                  +0     541   
      g692/Y                 OAI21X1           2  4.6   53   +23     564 R 
    genblk2[1].max_comparator/sn_out 
  genblk1[2].genblk4.genblk2.sng/sn_out[1] 
  g207/B                                                      +0     564   
  g207/Y                     AND2X1            4  9.2   62   +61     625 R 
  g192/B                                                      +0     625   
  g192/Y                     AND2X1            1 12.7   78   +71     696 R 
  genblk2.stoch2bin/data_in[11] 
    par_ctr/a[11] 
      p0/a[3] 
        p1/a[3] 
          fa0/cin 
            g2/A                                              +0     696   
            g2/YS            FAX1              1  3.4   12   +94     790 F 
          fa0/s 
          ha0/b 
            g17/B                                             +0     790   
            g17/YS           HAX1              1  4.0   19   +59     848 F 
          ha0/s 
        p1/y[0] 
        g168/A                                                +0     848   
        g168/YC              HAX1              1 10.9   41   +69     917 F 
        g167/A                                                +0     917   
        g167/YC              FAX1              1  7.1   29   +92    1009 F 
        g166/C                                                +0    1009   
        g166/YS              FAX1              1 12.7   67  +103    1112 R 
      p0/y[2] 
      g234/A                                                  +0    1112   
      g234/YS                FAX1              2 11.1   34  +108    1219 F 
    par_ctr/y[2] 
    ctr/data_in[2] 
      add_55_25/B[2] 
        g375/B                                                +0    1219   
        g375/YC              FAX1              1  7.1   29   +88    1308 F 
        g374/C                                                +0    1308   
        g374/YC              FAX1              1  7.1   29   +82    1389 F 
        g373/C                                                +0    1389   
        g373/YC              FAX1              1  7.1   29   +82    1471 F 
        g372/C                                                +0    1471   
        g372/YC              FAX1              1  7.1   26   +82    1553 F 
        g371/C                                                +0    1553   
        g371/YC              FAX1              1  7.1   27   +81    1634 F 
        g370/C                                                +0    1634   
        g370/YC              FAX1              1  7.1   27   +81    1715 F 
        g369/C                                                +0    1715   
        g369/YC              FAX1              1  7.1   27   +81    1796 F 
        g368/C                                                +0    1796   
        g368/YC              FAX1              1  7.1   27   +81    1877 F 
        g367/C                                                +0    1877   
        g367/YC              FAX1              1  7.1   27   +81    1958 F 
        g366/C                                                +0    1958   
        g366/YC              FAX1              1  7.1   27   +81    2040 F 
        g365/C                                                +0    2040   
        g365/YC              FAX1              1  7.1   27   +81    2121 F 
        g364/C                                                +0    2121   
        g364/YC              FAX1              1  7.1   27   +81    2202 F 
        g363/C                                                +0    2202   
        g363/YC              FAX1              1 10.9   37   +89    2291 F 
        g2/A                                                  +0    2291   
        g2/YS                FAX1              1  2.8   21   +84    2375 R 
      add_55_25/Z[15] 
      g74/A                                                   +0    2375   
      g74/Y                  MUX2X1            1  1.5   38   +23    2398 F 
      g73/A                                                   +0    2398   
      g73/Y                  INVX1             1  2.0    0   +10    2408 R 
      countval_reg[15]/D     DFFSR                            +0    2408   
      countval_reg[15]/CLK   setup                       0   +70    2478 R 
- - - - - - - - - - - - - - - - - - - - - - - - - - - - - - - - - - - - - -
(clock clk)                  capture                                5000 R 
                             uncertainty                     -50    4950 R 
---------------------------------------------------------------------------
Cost Group   : 'clk' (path_group 'clk')
Timing slack :    2472ps 
Start-point  : TOP/genblk1[2].genblk4.genblk2.sng/ctr/countval_reg[1]/CLK
End-point    : TOP/genblk2.stoch2bin/ctr/countval_reg[15]/D
