============================================================
  Generated by:           Encounter(R) RTL Compiler v14.10-s022_1
  Generated on:           Jul 25 2021  01:24:33 pm
  Module:                 ms_es_ordered_cas_by2_mul_synth
  Technology library:     gscl45nm 
  Operating conditions:   typical (balanced_tree)
  Wireload mode:          enclosed
  Area mode:              timing library
============================================================

            Instance             Cells  Cell Area  Net Area  Total Area  Wireload     
--------------------------------------------------------------------------------------
ms_es_ordered_cas_by2_mul_synth    506       1624         0        1624    <none> (D) 
  TOP                              506       1624         0        1624    <none> (D) 
    genblk2.stoch2bin              103        545         0         545    <none> (D) 
      ctr                           91        479         0         479    <none> (D) 
        add_55_25                   18        156         0         156    <none> (D) 
      par_ctr                        9         59         0          59    <none> (D) 
        p1                           3         18         0          18    <none> (D) 
          fa0                        1          9         0           9    <none> (D) 
          ha1                        1          5         0           5    <none> (D) 
          ha0                        1          5         0           5    <none> (D) 
        p0                           3         18         0          18    <none> (D) 
          fa0                        1          9         0           9    <none> (D) 
          ha1                        1          5         0           5    <none> (D) 
          ha0                        1          5         0           5    <none> (D) 
    cas                            208        460         0         460    <none> (D) 
      genblk1.cas_abmax_abminc      88        184         0         184    <none> (D) 
      genblk1.cas_abmin_c           70        153         0         153    <none> (D) 
      genblk1.cas_a_b               50        122         0         122    <none> (D) 
    genblk1[2].genblk1.sng          62        199         0         199    <none> (D) 
      ctr                           31        132         0         132    <none> (D) 
    genblk1[1].genblk1.sng          61        197         0         197    <none> (D) 
      ctr                           30        130         0         130    <none> (D) 
    genblk1[0].genblk1.sng          58        191         0         191    <none> (D) 
      ctr                           27        124         0         124    <none> (D) 

 (D) = wireload is default in technology library
