============================================================
  Generated by:           Encounter(R) RTL Compiler v14.10-s022_1
  Generated on:           Jul 25 2021  01:22:41 pm
  Module:                 ms_es_ordered_cas_by2_mul_synth
  Technology library:     gscl45nm 
  Operating conditions:   typical (balanced_tree)
  Wireload mode:          enclosed
  Area mode:              timing library
============================================================

                                  Leakage    Dynamic     Total   
         Instance          Cells Power(nW)  Power(nW)  Power(nW) 
-----------------------------------------------------------------
ms_es_orde..by2_mul_synth    171  3855.569 205878.666 209734.235 
  TOP                        171  3855.569 196792.171 200647.740 
    genblk2.stoch2bin         46  1674.875  77430.394  79105.269 
      ctr                     41  1513.048  77430.394  78943.442 
      par_ctr                  3   134.340      0.000    134.340 
        ha0                    1    47.565      0.000     47.565 
        ha1                    1    47.565      0.000     47.565 
        fa0                    1    39.210      0.000     39.210 
    genblk1[1].genblk1.sng    34   842.199  43525.501  44367.700 
      ctr                     18   716.363  40395.567  41111.930 
    genblk1[0].genblk1.sng    33   822.446  53680.754  54503.199 
      ctr                     17   696.609  50568.595  51265.205 
    cas                       52   446.755  22018.365  22465.120 
      genblk1.cas_a_b         52   446.755  22018.365  22465.120 

