============================================================
  Generated by:           Encounter(R) RTL Compiler v14.10-s022_1
  Generated on:           Jul 25 2021  01:56:07 pm
  Module:                 ms_es_naive_by4_mul_synth
  Technology library:     gscl45nm 
  Operating conditions:   typical (balanced_tree)
  Wireload mode:          enclosed
  Area mode:              timing library
============================================================

             Pin                   Type       Fanout Load Slew Delay Arrival   
                                                     (fF) (ps)  (ps)   (ps)    
-------------------------------------------------------------------------------
(clock clk)                      launch                                    0 R 
TOP
  genblk1[0].genblk1.sng
    ctr
      countval_reg[3]/CLK                                    0             0 R 
      countval_reg[3]/Q          DFFSR             1  1.5   10  +115     115 F 
      drc_bufs114/A                                               +0     115   
      drc_bufs114/Y              BUFX2             4 10.7   14   +42     156 F 
    ctr/countval[3] 
    g397/A                                                        +0     156   
    g397/Y                       INVX1             1  2.5    0    +3     160 R 
    g391/A                                                        +0     160   
    g391/Y                       OR2X1             2  5.3   37   +48     208 R 
    g389/C                                                        +0     208   
    g389/Y                       NAND3X1           1  1.5   16   +15     223 F 
    drc_bufs402/A                                                 +0     223   
    drc_bufs402/Y                BUFX2             1  1.9    2   +34     256 F 
    g386/C                                                        +0     256   
    g386/Y                       OAI21X1           1  2.8   45   +18     274 R 
    g382/A                                                        +0     274   
    g382/Y                       AOI22X1           1  1.5   34   +38     313 F 
    drc_bufs403/A                                                 +0     313   
    drc_bufs403/Y                BUFX2             2  3.4    8   +39     352 F 
    drc_bufs400/A                                                 +0     352   
    drc_bufs400/Y                INVX1            11 25.4   94   +75     427 R 
    g377/B                                                        +0     427   
    g377/Y                       OR2X1            11 25.5  129  +125     552 R 
    g376/A                                                        +0     552   
    g376/Y                       OR2X1            10 23.0  112  +104     657 R 
  genblk1[0].genblk1.sng/sn_out[0] 
  g11975/A                                                        +0     657   
  g11975/Y                       AND2X1            4  9.2   56   +51     708 R 
  g11932/A                                                        +0     708   
  g11932/Y                       AND2X1           16 36.8  192  +138     846 R 
  g11137/A                                                        +0     846   
  g11137/Y                       AND2X1            1  8.2   38   +47     893 R 
  genblk2.stoch2bin/data_in[249] 
    par_ctr/a[249] 
      p1/a[249] 
        p1/a[249] 
          p0/a[121] 
            p0/a[57] 
              p0/a[25] 
                p0/a[9] 
                  p0/a[1] 
                    p1/a[1] 
                      fa0/a 
                        g2/C                                      +0     893   
                        g2/YS    FAX1              1  3.4   12   +82     976 F 
                      fa0/s 
                      ha0/b 
                        g17/B                                     +0     976   
                        g17/YS   HAX1              1  4.0   19   +59    1034 F 
                      ha0/s 
                    p1/y[0] 
                    g168/A                                        +0    1034   
                    g168/YC      HAX1              1 10.9   41   +69    1103 F 
                    g167/A                                        +0    1103   
                    g167/YC      FAX1              1  7.1   29   +92    1195 F 
                    g166/C                                        +0    1195   
                    g166/YS      FAX1              1 12.7   67  +103    1298 R 
                  p0/y[2] 
                  g236/A                                          +0    1298   
                  g236/YS        FAX1              1 12.7   67  +117    1415 R 
                p0/y[2] 
                g287/A                                            +0    1415   
                g287/YS          FAX1              1 12.7   67  +117    1532 R 
              p0/y[2] 
              g361/A                                              +0    1532   
              g361/YS            FAX1              1 12.7   67  +117    1650 R 
            p0/y[2] 
            g539/A                                                +0    1650   
            g539/YS              FAX1              1 12.7   67  +117    1767 R 
          p0/y[2] 
          g619/A                                                  +0    1767   
          g619/YS                FAX1              1 10.3   56  +110    1877 R 
        p1/y[2] 
        g919/B                                                    +0    1877   
        g919/YS                  FAX1              1 10.3   56  +102    1980 R 
      p1/y[2] 
      g825/B                                                      +0    1980   
      g825/YS                    FAX1              2 12.0   36  +108    2087 F 
    par_ctr/y[2] 
    ctr/data_in[2] 
      add_55_25/B[2] 
        g625/B                                                    +0    2087   
        g625/YC                  FAX1              1  7.1   29   +89    2176 F 
        g624/C                                                    +0    2176   
        g624/YC                  FAX1              1  7.1   29   +82    2258 F 
        g623/C                                                    +0    2258   
        g623/YC                  FAX1              1  7.1   29   +82    2339 F 
        g622/C                                                    +0    2339   
        g622/YC                  FAX1              1  7.1   29   +82    2421 F 
        g621/C                                                    +0    2421   
        g621/YC                  FAX1              1  7.1   29   +82    2502 F 
        g620/C                                                    +0    2502   
        g620/YC                  FAX1              1  7.1   29   +82    2584 F 
        g619/C                                                    +0    2584   
        g619/YC                  FAX1              1  7.1   29   +82    2666 F 
        g618/C                                                    +0    2666   
        g618/YC                  FAX1              1  7.1   29   +82    2747 F 
        g617/C                                                    +0    2747   
        g617/YC                  FAX1              1  7.1   29   +82    2829 F 
        g616/C                                                    +0    2829   
        g616/YC                  FAX1              1  7.1   26   +82    2910 F 
        g615/C                                                    +0    2910   
        g615/YC                  FAX1              1  7.1   27   +81    2992 F 
        g614/C                                                    +0    2992   
        g614/YC                  FAX1              1  7.1   27   +81    3073 F 
        g613/C                                                    +0    3073   
        g613/YC                  FAX1              1  7.1   27   +81    3154 F 
        g612/C                                                    +0    3154   
        g612/YC                  FAX1              1  7.1   27   +81    3235 F 
        g611/C                                                    +0    3235   
        g611/YC                  FAX1              1  7.1   27   +81    3316 F 
        g610/C                                                    +0    3316   
        g610/YC                  FAX1              1  7.1   27   +81    3398 F 
        g609/C                                                    +0    3398   
        g609/YC                  FAX1              1  7.1   27   +81    3479 F 
        g608/C                                                    +0    3479   
        g608/YC                  FAX1              1  7.1   27   +81    3560 F 
        g607/C                                                    +0    3560   
        g607/YC                  FAX1              1  7.1   27   +81    3641 F 
        g606/C                                                    +0    3641   
        g606/YC                  FAX1              1  7.1   27   +81    3722 F 
        g605/C                                                    +0    3722   
        g605/YC                  FAX1              1  7.1   27   +81    3804 F 
        g604/C                                                    +0    3804   
        g604/YC                  FAX1              1  7.1   27   +81    3885 F 
        g603/C                                                    +0    3885   
        g603/YC                  FAX1              1 10.9   37   +89    3974 F 
        g2/A                                                      +0    3974   
        g2/YS                    FAX1              1  2.8   21   +84    4058 R 
      add_55_25/Z[25] 
      g128/A                                                      +0    4058   
      g128/Y                     MUX2X1            1  1.5   24   +23    4080 F 
      g127/A                                                      +0    4080   
      g127/Y                     INVX1             1  2.0    0    +5    4086 R 
      countval_reg[25]/D         DFFSR                            +0    4086   
      countval_reg[25]/CLK       setup                       0   +70    4156 R 
- - - - - - - - - - - - - - - - - - - - - - - - - - - - - - - - - - - - - - - -
(clock clk)                      capture                                5000 R 
                                 uncertainty                     -50    4950 R 
-------------------------------------------------------------------------------
Cost Group   : 'clk' (path_group 'clk')
Timing slack :     794ps 
Start-point  : TOP/genblk1[0].genblk1.sng/ctr/countval_reg[3]/CLK
End-point    : TOP/genblk2.stoch2bin/ctr/countval_reg[25]/D
