============================================================
  Generated by:           Encounter(R) RTL Compiler v14.10-s022_1
  Generated on:           Jul 25 2021  02:11:02 pm
  Module:                 ms_es_ordered_cas_by4_mul_synth
  Technology library:     gscl45nm 
  Operating conditions:   typical (balanced_tree)
  Wireload mode:          enclosed
  Area mode:              timing library
============================================================

             Pin                   Type       Fanout Load Slew Delay Arrival   
                                                     (fF) (ps)  (ps)   (ps)    
-------------------------------------------------------------------------------
(clock clk_int1)                 launch                                    0 R 
TOP
  genblk1[1].genblk1.sng
    ctr
      countval_reg[5]/CLK                                    0             0 R 
      countval_reg[5]/Q          DFFSR             1  1.5   10  +115     115 F 
      drc_bufs192/A                                               +0     115   
      drc_bufs192/Y              BUFX2             4 11.8   15   +43     158 F 
    ctr/countval[5] 
    g456/B                                                        +0     158   
    g456/Y                       NAND2X1           1  1.5   31   +12     169 R 
    drc_bufs468/A                                                 +0     169   
    drc_bufs468/Y                BUFX2             2  5.0   15   +39     208 R 
    g453/C                                                        +0     208   
    g453/Y                       OAI21X1           3  9.0   18   +25     233 F 
    g449/C                                                        +0     233   
    g449/Y                       NOR3X1            2  3.9   59   +31     264 R 
    g447/A                                                        +0     264   
    g447/Y                       AND2X1            1  3.3   18   +33     298 R 
    g445/C                                                        +0     298   
    g445/Y                       NOR3X1            2  3.4   29   +24     322 F 
    g442/A                                                        +0     322   
    g442/Y                       INVX1            10 23.1   85   +75     397 R 
    g439/B                                                        +0     397   
    g439/Y                       OR2X1            10 23.1  119  +117     515 R 
    g437/C                                                        +0     515   
    g437/Y                       AOI21X1           1  1.5   15   +42     557 F 
    drc_bufs466/A                                                 +0     557   
    drc_bufs466/Y                BUFX2             1  1.5    2   +33     590 F 
    g436/A                                                        +0     590   
    g436/Y                       INVX1             9 20.7   70   +58     648 R 
  genblk1[1].genblk1.sng/sn_out[0] 
  g12030/A                                                        +0     648   
  g12030/Y                       AND2X1            3  6.9   45   +44     692 R 
  g12016/A                                                        +0     692   
  g12016/Y                       AND2X1           16 36.8  189  +138     831 R 
  g11833/B                                                        +0     831   
  g11833/Y                       AND2X1            1 12.7   64   +62     893 R 
  genblk2.stoch2bin/data_in[831] 
    par_ctr/a[831] 
      p0/a[319] 
        p0/a[63] 
          p1/a[63] 
            p1/a[63] 
              p0/a[31] 
                p0/a[15] 
                  p0/a[7] 
                    p0/a[3] 
                      fa0/cin 
                        g2/A                                      +0     893   
                        g2/YS    FAX1              1  3.4   12   +92     984 F 
                      fa0/s 
                      ha0/b 
                        g17/B                                     +0     984   
                        g17/YC   HAX1              1  3.4   20   +48    1033 F 
                      ha0/cout 
                      ha1/a 
                        g17/B                                     +0    1033   
                        g17/YS   HAX1              1 10.9   38   +73    1106 F 
                      ha1/s 
                    p0/y[1] 
                    g167/A                                        +0    1106   
                    g167/YC      FAX1              1  7.1   29   +91    1197 F 
                    g166/C                                        +0    1197   
                    g166/YS      FAX1              1 12.7   67  +103    1300 R 
                  p0/y[2] 
                  g239/A                                          +0    1300   
                  g239/YS        FAX1              1 12.7   67  +117    1417 R 
                p0/y[2] 
                g287/A                                            +0    1417   
                g287/YS          FAX1              1 12.7   67  +117    1535 R 
              p0/y[2] 
              g359/A                                              +0    1535   
              g359/YS            FAX1              1 10.3   56  +110    1645 R 
            p1/y[2] 
            g538/B                                                +0    1645   
            g538/YS              FAX1              1 10.3   56  +102    1747 R 
          p1/y[2] 
          g619/B                                                  +0    1747   
          g619/YS                FAX1              1 12.7   67  +110    1857 R 
        p0/y[2] 
        g937/A                                                    +0    1857   
        g937/YS                  FAX1              1 12.7   67  +117    1974 R 
      p0/y[2] 
      g825/A                                                      +0    1974   
      g825/YS                    FAX1              3  8.7   48  +105    2080 R 
    par_ctr/y[2] 
    ctr/data_in[2] 
      add_55_25/B[2] 
        g13215/B                                                  +0    2080   
        g13215/YC                HAX1              1  2.4   21   +44    2124 R 
        g13190/C                                                  +0    2124   
        g13190/Y                 AOI21X1           1  1.5   15   +13    2137 F 
        drc_bufs13284/A                                           +0    2137   
        drc_bufs13284/Y          BUFX2             1  1.9    2   +33    2170 F 
        g13189/C                                                  +0    2170   
        g13189/Y                 OAI21X1           3  7.1   64   +31    2202 R 
        g13186/B                                                  +0    2202   
        g13186/Y                 AOI21X1           1  1.5   14   +36    2238 F 
        drc_bufs13285/A                                           +0    2238   
        drc_bufs13285/Y          BUFX2             1  1.9    2   +33    2271 F 
        g13185/C                                                  +0    2271   
        g13185/Y                 OAI21X1           3  7.1   65   +31    2302 R 
        g13179/B                                                  +0    2302   
        g13179/Y                 AOI21X1           1  1.5   14   +36    2338 F 
        drc_bufs13286/A                                           +0    2338   
        drc_bufs13286/Y          BUFX2             1  1.9    2   +33    2372 F 
        g13178/C                                                  +0    2372   
        g13178/Y                 OAI21X1           3  7.1   65   +31    2403 R 
        g13172/B                                                  +0    2403   
        g13172/Y                 AOI21X1           1  1.5   14   +36    2439 F 
        drc_bufs13287/A                                           +0    2439   
        drc_bufs13287/Y          BUFX2             1  1.9    2   +33    2472 F 
        g13171/C                                                  +0    2472   
        g13171/Y                 OAI21X1           3  7.1   65   +31    2503 R 
        g13165/B                                                  +0    2503   
        g13165/Y                 AOI21X1           1  1.5   14   +36    2540 F 
        drc_bufs13288/A                                           +0    2540   
        drc_bufs13288/Y          BUFX2             1  1.9    2   +33    2573 F 
        g13164/C                                                  +0    2573   
        g13164/Y                 OAI21X1           3  7.1   65   +31    2604 R 
        g13158/B                                                  +0    2604   
        g13158/Y                 AOI21X1           1  1.5   14   +36    2640 F 
        drc_bufs13289/A                                           +0    2640   
        drc_bufs13289/Y          BUFX2             1  1.9    2   +33    2674 F 
        g13157/C                                                  +0    2674   
        g13157/Y                 OAI21X1           3  7.1   65   +31    2704 R 
        g13151/B                                                  +0    2704   
        g13151/Y                 AOI21X1           1  1.5   14   +36    2741 F 
        drc_bufs13295/A                                           +0    2741   
        drc_bufs13295/Y          BUFX2             1  1.9    2   +33    2774 F 
        g13150/C                                                  +0    2774   
        g13150/Y                 OAI21X1           3  7.1   65   +31    2805 R 
        g13144/B                                                  +0    2805   
        g13144/Y                 AOI21X1           1  1.5   14   +36    2841 F 
        drc_bufs13291/A                                           +0    2841   
        drc_bufs13291/Y          BUFX2             1  1.9    2   +33    2875 F 
        g13143/C                                                  +0    2875   
        g13143/Y                 OAI21X1           3  7.1   65   +31    2906 R 
        g13137/B                                                  +0    2906   
        g13137/Y                 AOI21X1           1  1.5   14   +36    2942 F 
        drc_bufs13283/A                                           +0    2942   
        drc_bufs13283/Y          BUFX2             1  1.9    2   +33    2975 F 
        g13136/C                                                  +0    2975   
        g13136/Y                 OAI21X1           3  7.1   65   +31    3006 R 
        g13130/B                                                  +0    3006   
        g13130/Y                 AOI21X1           1  1.5   14   +36    3043 F 
        drc_bufs13293/A                                           +0    3043   
        drc_bufs13293/Y          BUFX2             1  1.9    2   +33    3076 F 
        g13129/C                                                  +0    3076   
        g13129/Y                 OAI21X1           3  7.1   46   +31    3107 R 
        g13123/B                                                  +0    3107   
        g13123/Y                 AOI21X1           1  1.5   15   +32    3139 F 
        drc_bufs13294/A                                           +0    3139   
        drc_bufs13294/Y          BUFX2             1  1.9    2   +33    3172 F 
        g13122/C                                                  +0    3172   
        g13122/Y                 OAI21X1           3  7.1   46   +31    3203 R 
        g13116/B                                                  +0    3203   
        g13116/Y                 AOI21X1           1  1.5   15   +32    3235 F 
        drc_bufs13292/A                                           +0    3235   
        drc_bufs13292/Y          BUFX2             1  1.9    2   +33    3268 F 
        g13115/C                                                  +0    3268   
        g13115/Y                 OAI21X1           3 10.1   61   +40    3309 R 
        g13114/B                                                  +0    3309   
        g13114/Y                 NAND2X1           1  1.5   16   +25    3334 F 
        drc_bufs13280/A                                           +0    3334   
        drc_bufs13280/Y          BUFX2             1  1.8    2   +34    3368 F 
        g13111/B                                                  +0    3368   
        g13111/Y                 AND2X1            3  9.8   39   +58    3426 F 
        g13107/B                                                  +0    3426   
        g13107/Y                 OAI21X1           1  2.0   42   +45    3471 R 
        g13106/C                                                  +0    3471   
        g13106/Y                 OAI21X1           1  1.9    4   +22    3492 F 
        g13104/A                                                  +0    3492   
        g13104/Y                 AND2X1            3  8.7   35   +45    3537 F 
        g13103/A                                                  +0    3537   
        g13103/Y                 INVX1             1  2.0    0    +9    3546 R 
        g13101/C                                                  +0    3546   
        g13101/Y                 OAI21X1           1  1.9    1   +10    3557 F 
        g13097/A                                                  +0    3557   
        g13097/Y                 AND2X1            1  2.6   18   +31    3588 F 
        g13095/B                                                  +0    3588   
        g13095/Y                 OAI21X1           1  8.2   71   +61    3648 R 
        g13093/C                                                  +0    3648   
        g13093/YC                FAX1              3  7.1   41   +72    3721 R 
        g13092/A                                                  +0    3721   
        g13092/Y                 INVX1             3  7.8   26   +36    3756 F 
        g13085/B                                                  +0    3756   
        g13085/Y                 OAI21X1           1  2.0   42   +43    3799 R 
        g13084/C                                                  +0    3799   
        g13084/Y                 OAI21X1           1  1.9    4   +22    3820 F 
        g13082/A                                                  +0    3820   
        g13082/Y                 AND2X1            3  8.7   35   +45    3865 F 
        g13081/A                                                  +0    3865   
        g13081/Y                 INVX1             1  2.0    0    +9    3874 R 
        g13076/C                                                  +0    3874   
        g13076/Y                 OAI21X1           1  1.9    1   +10    3885 F 
        g13072/A                                                  +0    3885   
        g13072/Y                 AND2X1            2  5.8   27   +38    3923 F 
        g13071/C                                                  +0    3923   
        g13071/Y                 NOR3X1            1  3.3   57   +31    3954 R 
        g13064/C                                                  +0    3954   
        g13064/Y                 NOR3X1            3  8.7   44   +45    3999 F 
        g13063/A                                                  +0    3999   
        g13063/Y                 INVX1             1  2.0    0   +12    4011 R 
        g13058/C                                                  +0    4011   
        g13058/Y                 OAI21X1           1  1.9    1   +10    4021 F 
        g13051/A                                                  +0    4021   
        g13051/Y                 AND2X1            1  2.6   18   +31    4052 F 
        g13046/B                                                  +0    4052   
        g13046/Y                 OAI21X1           1  8.2   71   +61    4113 R 
        g13042/C                                                  +0    4113   
        g13042/YC                FAX1              1 12.7   67   +89    4202 R 
        g13367/A                                                  +0    4202   
        g13367/YS                FAX1              1  2.8   21   +87    4289 R 
      add_55_25/Z[30] 
      g107/A                                                      +0    4289   
      g107/Y                     MUX2X1            1  1.5   35   +23    4312 F 
      g106/A                                                      +0    4312   
      g106/Y                     INVX1             1  2.0    0    +9    4321 R 
      countval_reg[30]/D         DFFSR                            +0    4321   
      countval_reg[30]/CLK       setup                       0   +70    4391 R 
- - - - - - - - - - - - - - - - - - - - - - - - - - - - - - - - - - - - - - - -
(clock clk)                      capture                                5000 R 
                                 uncertainty                     -50    4950 R 
-------------------------------------------------------------------------------
Cost Group   : 'clk' (path_group 'clk')
Timing slack :     559ps 
Start-point  : TOP/genblk1[1].genblk1.sng/ctr/countval_reg[5]/CLK
End-point    : TOP/genblk2.stoch2bin/ctr/countval_reg[30]/D
