============================================================
  Generated by:           Encounter(R) RTL Compiler v14.10-s022_1
  Generated on:           Jul 25 2021  01:27:11 pm
  Module:                 ms_es_ordered_cas_by2_mul_synth
  Technology library:     gscl45nm 
  Operating conditions:   typical (balanced_tree)
  Wireload mode:          enclosed
  Area mode:              timing library
============================================================

                                       Leakage    Dynamic      Total    
            Instance            Cells Power(nW)  Power(nW)   Power(nW)  
------------------------------------------------------------------------
ms_es_orde..by2_mul_synth        1384 24955.031 1274297.136 1299252.167 
  TOP                            1384 24955.031 1234335.563 1259290.593 
    genblk2.stoch2bin             450 10471.262  369441.814  379913.076 
      ctr                         423  9459.211  369441.814  378901.025 
        add_55_25                 278  4105.762   50449.392   54555.153 
      par_ctr                      22   954.528       0.000     954.528 
        p0                          9   394.666       0.000     394.666 
          p0                        3   134.340       0.000     134.340 
            ha0                     1    47.565       0.000      47.565 
            ha1                     1    47.565       0.000      47.565 
            fa0                     1    39.210       0.000      39.210 
          p1                        3   134.340       0.000     134.340 
            ha0                     1    47.565       0.000      47.565 
            ha1                     1    47.565       0.000      47.565 
            fa0                     1    39.210       0.000      39.210 
        p1                          9   394.666       0.000     394.666 
          p0                        3   134.340       0.000     134.340 
            ha0                     1    47.565       0.000      47.565 
            ha1                     1    47.565       0.000      47.565 
            fa0                     1    39.210       0.000      39.210 
          p1                        3   134.340       0.000     134.340 
            ha0                     1    47.565       0.000      47.565 
            ha1                     1    47.565       0.000      47.565 
            fa0                     1    39.210       0.000      39.210 
    cas                           512  4962.474  422778.113  427740.588 
      genblk1.ca..ax_abmincdmin   138  1342.006  123563.355  124905.361 
      genblk1.cas_abmax_cdmax     111  1080.200   92706.617   93786.816 
      genblk1.cas_abmin_cdmin     111  1080.200   87139.032   88219.231 
      genblk1.cas_a_b              76   730.034   61433.124   62163.158 
      genblk1.cas_c_d              76   730.034   57935.986   58666.020 
    genblk1[3].genblk1.sng        100  2304.171  100254.408  102558.579 
      ctr                          44  1715.019   87923.267   89638.286 
    genblk1[1].genblk1.sng         99  2284.417  114023.468  116307.885 
      ctr                          43  1695.266  101415.567  103110.833 
    genblk1[2].genblk1.sng         99  2284.417  112196.797  114481.214 
      ctr                          43  1695.266   99569.453  101264.719 
    genblk1[0].genblk1.sng         98  2266.878  115524.840  117791.717 
      ctr                          42  1677.726  102462.322  104140.049 

