============================================================
  Generated by:           Encounter(R) RTL Compiler v14.10-s022_1
  Generated on:           Jul 25 2021  02:05:28 pm
  Module:                 ms_es_ordered_cas_by4_mul_synth
  Technology library:     gscl45nm 
  Operating conditions:   typical (balanced_tree)
  Wireload mode:          enclosed
  Area mode:              timing library
============================================================

           Pin                 Type       Fanout Load Slew Delay Arrival   
                                                 (fF) (ps)  (ps)   (ps)    
---------------------------------------------------------------------------
(clock clk_int2)             launch                                    0 R 
TOP
  genblk1[2].genblk1.sng
    ctr
      countval_reg[3]/CLK                                0             0 R 
      countval_reg[3]/Q      DFFSR             1  1.5   10  +115     115 F 
      drc_bufs138/A                                           +0     115   
      drc_bufs138/Y          BUFX2             4 10.7   14   +42     156 F 
    ctr/countval[3] 
    g397/A                                                    +0     156   
    g397/Y                   INVX1             1  2.5    0    +3     160 R 
    g391/A                                                    +0     160   
    g391/Y                   OR2X1             2  5.3   37   +48     208 R 
    g389/C                                                    +0     208   
    g389/Y                   NAND3X1           1  1.5   16   +15     223 F 
    drc_bufs402/A                                             +0     223   
    drc_bufs402/Y            BUFX2             1  1.9    2   +34     256 F 
    g386/C                                                    +0     256   
    g386/Y                   OAI21X1           1  2.8   26   +18     274 R 
    g382/A                                                    +0     274   
    g382/Y                   AOI22X1           1  1.5   34   +35     309 F 
    drc_bufs403/A                                             +0     309   
    drc_bufs403/Y            BUFX2             2  3.4    8   +39     348 F 
    drc_bufs400/A                                             +0     348   
    drc_bufs400/Y            INVX1            13 30.0  118   +90     438 R 
    g377/B                                                    +0     438   
    g377/Y                   OR2X1            13 30.1  152  +141     579 R 
    g376/A                                                    +0     579   
    g376/Y                   OR2X1            12 27.6  132  +119     698 R 
  genblk1[2].genblk1.sng/sn_out[0] 
  g2923/A                                                     +0     698   
  g2923/Y                    AND2X1           16 36.8  197  +137     835 R 
  g2707/A                                                     +0     835   
  g2707/Y                    AND2X1            1 12.7   73   +61     896 R 
  genblk2.stoch2bin/data_in[243] 
    par_ctr/a[243] 
      p0/a[115] 
        p0/a[51] 
          p0/a[19] 
            p0/a[3] 
              p1/a[3] 
                p1/a[3] 
                  fa0/cin 
                    g2/A                                      +0     896   
                    g2/YS    FAX1              1  3.4   12   +93     989 F 
                  fa0/s 
                  ha0/b 
                    g17/B                                     +0     989   
                    g17/YS   HAX1              1  4.0   19   +59    1048 F 
                  ha0/s 
                p1/y[0] 
                g168/A                                        +0    1048   
                g168/YC      HAX1              1  8.8   35   +65    1112 F 
                g167/B                                        +0    1112   
                g167/YC      FAX1              1  7.1   29   +89    1201 F 
                g166/C                                        +0    1201   
                g166/YS      FAX1              1 10.3   56   +95    1296 R 
              p1/y[2] 
              g236/B                                          +0    1296   
              g236/YS        FAX1              1 12.7   67  +110    1406 R 
            p0/y[2] 
            g287/A                                            +0    1406   
            g287/YS          FAX1              1 12.7   67  +117    1524 R 
          p0/y[2] 
          g360/A                                              +0    1524   
          g360/YS            FAX1              1 12.7   67  +117    1641 R 
        p0/y[2] 
        g647/A                                                +0    1641   
        g647/YS              FAX1              1 12.7   67  +117    1758 R 
      p0/y[2] 
      g733/A                                                  +0    1758   
      g733/YS                FAX1              2 11.1   34  +108    1866 F 
    par_ctr/y[2] 
    ctr/data_in[2] 
      add_55_25/B[2] 
        g475/B                                                +0    1866   
        g475/YC              FAX1              1  7.1   29   +88    1955 F 
        g474/C                                                +0    1955   
        g474/YC              FAX1              1  7.1   29   +82    2036 F 
        g473/C                                                +0    2036   
        g473/YC              FAX1              1  7.1   29   +82    2118 F 
        g472/C                                                +0    2118   
        g472/YC              FAX1              1  7.1   29   +82    2200 F 
        g471/C                                                +0    2200   
        g471/YC              FAX1              1  7.1   29   +82    2281 F 
        g470/C                                                +0    2281   
        g470/YC              FAX1              1  7.1   29   +82    2363 F 
        g469/C                                                +0    2363   
        g469/YC              FAX1              1  7.1   29   +82    2444 F 
        g468/C                                                +0    2444   
        g468/YC              FAX1              1  7.1   26   +82    2526 F 
        g467/C                                                +0    2526   
        g467/YC              FAX1              1  7.1   27   +81    2607 F 
        g466/C                                                +0    2607   
        g466/YC              FAX1              1  7.1   27   +81    2688 F 
        g465/C                                                +0    2688   
        g465/YC              FAX1              1  7.1   27   +81    2769 F 
        g464/C                                                +0    2769   
        g464/YC              FAX1              1  7.1   27   +81    2851 F 
        g463/C                                                +0    2851   
        g463/YC              FAX1              1  7.1   27   +81    2932 F 
        g462/C                                                +0    2932   
        g462/YC              FAX1              1  7.1   27   +81    3013 F 
        g461/C                                                +0    3013   
        g461/YC              FAX1              1  7.1   27   +81    3094 F 
        g460/C                                                +0    3094   
        g460/YC              FAX1              1  7.1   27   +81    3175 F 
        g459/C                                                +0    3175   
        g459/YC              FAX1              1 10.9   37   +89    3264 F 
        g2/A                                                  +0    3264   
        g2/YS                FAX1              1  2.8   21   +84    3348 R 
      add_55_25/Z[19] 
      g72/A                                                   +0    3348   
      g72/Y                  MUX2X1            1  1.5   18   +23    3371 F 
      g71/A                                                   +0    3371   
      g71/Y                  INVX1             1  2.0    0    +3    3374 R 
      countval_reg[19]/D     DFFSR                            +0    3374   
      countval_reg[19]/CLK   setup                       0   +70    3444 R 
- - - - - - - - - - - - - - - - - - - - - - - - - - - - - - - - - - - - - -
(clock clk)                  capture                                5000 R 
                             uncertainty                     -50    4950 R 
---------------------------------------------------------------------------
Cost Group   : 'clk' (path_group 'clk')
Timing slack :    1506ps 
Start-point  : TOP/genblk1[2].genblk1.sng/ctr/countval_reg[3]/CLK
End-point    : TOP/genblk2.stoch2bin/ctr/countval_reg[19]/D
