============================================================
  Generated by:           Encounter(R) RTL Compiler v14.10-s022_1
  Generated on:           Jul 25 2021  01:24:21 pm
  Module:                 ms_es_ordered_cas_by2_mul_synth
  Technology library:     gscl45nm 
  Operating conditions:   typical (balanced_tree)
  Wireload mode:          enclosed
  Area mode:              timing library
============================================================

           Pin                 Type       Fanout Load Slew Delay Arrival   
                                                 (fF) (ps)  (ps)   (ps)    
---------------------------------------------------------------------------
(clock clk)                  launch                                    0 R 
TOP
  genblk1[0].genblk1.sng
    ctr
      countval_reg[4]/CLK                                0             0 R 
      countval_reg[4]/Q      DFFSR             1  1.5   10  +109     109 R 
      drc_bufs139/A                                           +0     109   
      drc_bufs139/Y          BUFX2             4 11.4   28   +47     156 R 
    ctr/countval[4] 
    g291/A                                                    +0     156   
    g291/Y                   INVX1             1  2.3   11   +21     177 F 
    g289/A                                                    +0     177   
    g289/Y                   OR2X1             2  4.7   16   +45     222 F 
    g286/C                                                    +0     222   
    g286/Y                   NAND3X1           1  1.5   34   +29     251 R 
    drc_bufs/A                                                +0     251   
    drc_bufs/Y               BUFX2             1  2.3    9   +35     285 R 
    g283/A                                                    +0     285   
    g283/Y                   AND2X1            1  2.0   31   +30     315 R 
    g280/C                                                    +0     315   
    g280/Y                   OAI21X1           1  2.2    5   +19     334 F 
    g277/B                                                    +0     334   
    g277/Y                   OR2X1             3  5.8   23   +55     390 F 
    g275/B                                                    +0     390   
    g275/Y                   OR2X1             2  3.7   16   +53     442 F 
  genblk1[0].genblk1.sng/sn_out[0] 
  g171/B                                                      +0     442   
  g171/Y                     AND2X1            2  3.8   21   +48     490 F 
  g165/A                                                      +0     490   
  g165/Y                     AND2X1            1  8.8   34   +48     537 F 
  genblk2.stoch2bin/data_in[1] 
    par_ctr/a[1] 
      p1/a[1] 
        fa0/a 
          g2/B                                                +0     537   
          g2/YS              FAX1              1  3.4   12   +87     625 F 
        fa0/s 
        ha0/b 
          g17/B                                               +0     625   
          g17/YS             HAX1              1  4.0   19   +59     684 F 
        ha0/s 
      p1/y[0] 
      g168/A                                                  +0     684   
      g168/YC                HAX1              1 10.9   41   +69     752 F 
      g167/A                                                  +0     752   
      g167/YC                FAX1              1  7.1   29   +92     844 F 
      g166/C                                                  +0     844   
      g166/YS                FAX1              2 11.0   33   +97     941 F 
    par_ctr/y[2] 
    ctr/data_in[2] 
      add_55_25/B[2] 
        g350/B                                                +0     941   
        g350/YC              FAX1              1  7.1   29   +88    1029 F 
        g349/C                                                +0    1029   
        g349/YC              FAX1              1  7.1   29   +82    1111 F 
        g348/C                                                +0    1111   
        g348/YC              FAX1              1  7.1   26   +82    1193 F 
        g347/C                                                +0    1193   
        g347/YC              FAX1              1  7.1   27   +81    1274 F 
        g346/C                                                +0    1274   
        g346/YC              FAX1              1  7.1   27   +81    1355 F 
        g345/C                                                +0    1355   
        g345/YC              FAX1              1  7.1   27   +81    1436 F 
        g344/C                                                +0    1436   
        g344/YC              FAX1              1  7.1   27   +81    1517 F 
        g343/C                                                +0    1517   
        g343/YC              FAX1              1  7.1   27   +81    1598 F 
        g342/C                                                +0    1598   
        g342/YC              FAX1              1  7.1   27   +81    1680 F 
        g341/C                                                +0    1680   
        g341/YC              FAX1              1  7.1   27   +81    1761 F 
        g340/C                                                +0    1761   
        g340/YC              FAX1              1  7.1   27   +81    1842 F 
        g339/C                                                +0    1842   
        g339/YC              FAX1              1 10.9   37   +89    1931 F 
        g2/A                                                  +0    1931   
        g2/YS                FAX1              1  2.8   21   +84    2015 R 
      add_55_25/Z[14] 
      g66/A                                                   +0    2015   
      g66/Y                  MUX2X1            1  1.5   34   +23    2038 F 
      g65/A                                                   +0    2038   
      g65/Y                  INVX1             1  2.0    0    +9    2046 R 
      countval_reg[14]/D     DFFSR                            +0    2046   
      countval_reg[14]/CLK   setup                       0   +70    2117 R 
- - - - - - - - - - - - - - - - - - - - - - - - - - - - - - - - - - - - - -
(clock clk)                  capture                                5000 R 
                             uncertainty                     -50    4950 R 
---------------------------------------------------------------------------
Cost Group   : 'clk' (path_group 'clk')
Timing slack :    2833ps 
Start-point  : TOP/genblk1[0].genblk1.sng/ctr/countval_reg[4]/CLK
End-point    : TOP/genblk2.stoch2bin/ctr/countval_reg[14]/D
