============================================================
  Generated by:           Encounter(R) RTL Compiler v14.10-s022_1
  Generated on:           Jul 25 2021  01:36:42 pm
  Module:                 ms_es_ordered_bs_by2_mul_synth
  Technology library:     gscl45nm 
  Operating conditions:   typical (balanced_tree)
  Wireload mode:          enclosed
  Area mode:              timing library
============================================================

             Instance               Cells  Cell Area  Net Area  Total Area  Wireload     
-----------------------------------------------------------------------------------------
ms_es_ordered_bs_by2_mul_synth        388       1402         0        1402    <none> (D) 
  TOP                                 388       1402         0        1402    <none> (D) 
    genblk2.stoch2bin                 111        645         0         645    <none> (D) 
      par_ctr                          49        340         0         340    <none> (D) 
        p1                             22        150         0         150    <none> (D) 
          p1                            9         59         0          59    <none> (D) 
            p1                          3         18         0          18    <none> (D) 
              fa0                       1          9         0           9    <none> (D) 
              ha1                       1          5         0           5    <none> (D) 
              ha0                       1          5         0           5    <none> (D) 
            p0                          3         18         0          18    <none> (D) 
              fa0                       1          9         0           9    <none> (D) 
              ha1                       1          5         0           5    <none> (D) 
              ha0                       1          5         0           5    <none> (D) 
          p0                            9         59         0          59    <none> (D) 
            p1                          3         18         0          18    <none> (D) 
              fa0                       1          9         0           9    <none> (D) 
              ha1                       1          5         0           5    <none> (D) 
              ha0                       1          5         0           5    <none> (D) 
            p0                          3         18         0          18    <none> (D) 
              fa0                       1          9         0           9    <none> (D) 
              ha1                       1          5         0           5    <none> (D) 
              ha0                       1          5         0           5    <none> (D) 
        p0                             22        150         0         150    <none> (D) 
          p1                            9         59         0          59    <none> (D) 
            p1                          3         18         0          18    <none> (D) 
              fa0                       1          9         0           9    <none> (D) 
              ha1                       1          5         0           5    <none> (D) 
              ha0                       1          5         0           5    <none> (D) 
            p0                          3         18         0          18    <none> (D) 
              fa0                       1          9         0           9    <none> (D) 
              ha1                       1          5         0           5    <none> (D) 
              ha0                       1          5         0           5    <none> (D) 
          p0                            9         59         0          59    <none> (D) 
            p1                          3         18         0          18    <none> (D) 
              fa0                       1          9         0           9    <none> (D) 
              ha1                       1          5         0           5    <none> (D) 
              ha0                       1          5         0           5    <none> (D) 
            p0                          3         18         0          18    <none> (D) 
              fa0                       1          9         0           9    <none> (D) 
              ha1                       1          5         0           5    <none> (D) 
              ha0                       1          5         0           5    <none> (D) 
      ctr                              56        291         0         291    <none> (D) 
    genblk1[2].genblk5.genblk2.sng     58        150         0         150    <none> (D) 
      genblk2[0].max_comparator        35         80         0          80    <none> (D) 
      genblk2[1].max_comparator        16         36         0          36    <none> (D) 
      ctr                               7         34         0          34    <none> (D) 
    genblk1[3].genblk5.genblk3.sng     49        133         0         133    <none> (D) 
      genblk2[0].max_comparator        31         74         0          74    <none> (D) 
      ctr                               7         34         0          34    <none> (D) 
      genblk2[1].max_comparator        11         25         0          25    <none> (D) 
    genblk1[1].genblk5.genblk1.sng     37        131         0         131    <none> (D) 
      genblk2[0].max_comparator        20         72         0          72    <none> (D) 
      ctr                               7         34         0          34    <none> (D) 
      genblk2[1].max_comparator        10         25         0          25    <none> (D) 
    genblk1[4].genblk2.sng             34         97         0          97    <none> (D) 
      genblk2[0].min_comparator        21         48         0          48    <none> (D) 
      ctr                               8         37         0          37    <none> (D) 
      genblk2[1].min_comparator         5         12         0          12    <none> (D) 
    genblk1[0].genblk1.sng             31         95         0          95    <none> (D) 
      genblk2[0].max_comparator        19         48         0          48    <none> (D) 
      ctr                               7         34         0          34    <none> (D) 
      genblk2[1].max_comparator         5         13         0          13    <none> (D) 

 (D) = wireload is default in technology library
