============================================================
  Generated by:           Encounter(R) RTL Compiler v14.10-s022_1
  Generated on:           Jul 25 2021  02:34:23 pm
  Module:                 ms_es_ordered_bs_by4_mul_synth
  Technology library:     gscl45nm 
  Operating conditions:   typical (balanced_tree)
  Wireload mode:          enclosed
  Area mode:              timing library
============================================================

             Pin                   Type       Fanout  Load Slew Delay Arrival   
                                                      (fF) (ps)  (ps)   (ps)    
--------------------------------------------------------------------------------
(clock clk_int2)                 launch                                     0 R 
TOP
  genblk1[2].genblk5.genblk2.sng
    ctr
      countval_reg[2]/CLK                                     0             0 R 
      countval_reg[2]/Q          DFFSR             1   1.5   10  +115     115 F 
      drc_bufs481/A                                                +0     115   
      drc_bufs481/Y              BUFX2            17  42.7   59   +75     190 F 
    ctr/countval[2] 
    genblk2[2].max_comparator/counter_in[2] 
      g2539/A                                                      +0     190   
      g2539/Y                    INVX1            10  28.8  118  +104     294 R 
      g2527/B                                                      +0     294   
      g2527/Y                    NOR2X1            1   1.5    3   +40     334 F 
      drc_bufs2582/A                                               +0     334   
      drc_bufs2582/Y             BUFX2             1   2.7    1   +32     366 F 
      g2472/B                                                      +0     366   
      g2472/Y                    AOI22X1           1   1.5   43   +34     400 R 
      drc_bufs2669/A                                               +0     400   
      drc_bufs2669/Y             BUFX2             1   2.8   12   +36     436 R 
      g2453/A                                                      +0     436   
      g2453/Y                    AOI22X1           1   1.5   34   +32     468 F 
      drc_bufs2687/A                                               +0     468   
      drc_bufs2687/Y             BUFX2             1   2.3    7   +38     506 F 
      g2450/C                                                      +0     506   
      g2450/Y                    AOI21X1           1   1.5   23   +15     522 R 
      drc_bufs2696/A                                               +0     522   
      drc_bufs2696/Y             BUFX2             1   2.4    8   +34     556 R 
      g2445/C                                                      +0     556   
      g2445/Y                    AOI21X1           1   1.5   14    +9     565 F 
      drc_bufs2672/A                                               +0     565   
      drc_bufs2672/Y             BUFX2             1   2.6    3   +34     599 F 
      g2435/B                                                      +0     599   
      g2435/Y                    OAI21X1           1   2.8   46   +40     639 R 
      g2429/A                                                      +0     639   
      g2429/Y                    AOI22X1           1   1.5   34   +39     678 F 
      drc_bufs2723/A                                               +0     678   
      drc_bufs2723/Y             BUFX2             2   4.9   10   +40     718 F 
      g2423/B                                                      +0     718   
      g2423/Y                    NOR2X1            1   1.5   24   +26     744 R 
      drc_bufs2571/A                                               +0     744   
      drc_bufs2571/Y             BUFX2             1   2.8    9   +35     779 R 
      g2419/B                                                      +0     779   
      g2419/Y                    OAI21X1           2   6.0   15   +22     801 F 
      g2413/C                                                      +0     801   
      g2413/Y                    NOR3X1            2   5.1   64   +34     835 R 
      g2411/C                                                      +0     835   
      g2411/Y                    AOI21X1           1   1.5   16   +26     861 F 
      drc_bufs2567/A                                               +0     861   
      drc_bufs2567/Y             BUFX2             1   2.6    3   +34     895 F 
      g2408/B                                                      +0     895   
      g2408/Y                    OAI21X1           4   7.2   66   +54     949 R 
    genblk2[2].max_comparator/sn_out 
  genblk1[2].genblk5.genblk2.sng/sn_out[2] 
  g11977/A                                                         +0     949   
  g11977/Y                       AND2X2           64 147.2  352  +259    1208 R 
  g11407/B                                                         +0    1208   
  g11407/Y                       AND2X1            1  12.7   59   +51    1259 R 
  genblk2.stoch2bin/data_in[495] 
    par_ctr/a[495] 
      p1/a[495] 
        p0/a[239] 
          p0/a[111] 
            p0/a[47] 
              p0/a[15] 
                p1/a[15] 
                  p0/a[7] 
                    p0/a[3] 
                      fa0/cin 
                        g2/A                                       +0    1259   
                        g2/YS    FAX1              1   3.4   12   +91    1350 F 
                      fa0/s 
                      ha0/b 
                        g17/B                                      +0    1350   
                        g17/YC   HAX1              1   3.4   20   +48    1398 F 
                      ha0/cout 
                      ha1/a 
                        g17/B                                      +0    1398   
                        g17/YS   HAX1              1  10.9   38   +73    1472 F 
                      ha1/s 
                    p0/y[1] 
                    g167/A                                         +0    1472   
                    g167/YC      FAX1              1   7.1   29   +91    1563 F 
                    g166/C                                         +0    1563   
                    g166/YS      FAX1              1  12.7   67  +103    1666 R 
                  p0/y[2] 
                  g236/A                                           +0    1666   
                  g236/YS        FAX1              1  10.3   56  +110    1776 R 
                p1/y[2] 
                g287/B                                             +0    1776   
                g287/YS          FAX1              1  12.7   67  +110    1886 R 
              p0/y[2] 
              g361/A                                               +0    1886   
              g361/YS            FAX1              1  12.7   67  +117    2003 R 
            p0/y[2] 
            g539/A                                                 +0    2003   
            g539/YS              FAX1              1  12.7   67  +117    2120 R 
          p0/y[2] 
          g619/A                                                   +0    2120   
          g619/YS                FAX1              1  12.7   67  +117    2238 R 
        p0/y[2] 
        g919/A                                                     +0    2238   
        g919/YS                  FAX1              1  10.3   56  +110    2348 R 
      p1/y[2] 
      g825/B                                                       +0    2348   
      g825/YS                    FAX1              3   8.7   48   +98    2445 R 
    par_ctr/y[2] 
    ctr/data_in[2] 
      add_55_25/B[2] 
        g28224/B                                                   +0    2445   
        g28224/YC                HAX1              1   2.4   21   +44    2490 R 
        g28130/C                                                   +0    2490   
        g28130/Y                 AOI21X1           1   1.5   15   +13    2503 F 
        drc_bufs28408/A                                            +0    2503   
        drc_bufs28408/Y          BUFX2             1   1.9    2   +33    2536 F 
        g28124/C                                                   +0    2536   
        g28124/Y                 OAI21X1           3   9.7   77   +39    2575 R 
        g28114/B                                                   +0    2575   
        g28114/Y                 AOI21X1           1   1.5   14   +39    2615 F 
        drc_bufs28417/A                                            +0    2615   
        drc_bufs28417/Y          BUFX2             1   1.9    2   +33    2648 F 
        g28111/C                                                   +0    2648   
        g28111/Y                 OAI21X1           3   9.7   77   +39    2687 R 
        g28105/B                                                   +0    2687   
        g28105/Y                 AOI21X1           1   1.5   14   +39    2726 F 
        drc_bufs28384/A                                            +0    2726   
        drc_bufs28384/Y          BUFX2             1   1.9    2   +33    2760 F 
        g28104/C                                                   +0    2760   
        g28104/Y                 OAI21X1           3   9.7   77   +39    2799 R 
        g28098/B                                                   +0    2799   
        g28098/Y                 AOI21X1           1   1.5   14   +39    2838 F 
        drc_bufs28385/A                                            +0    2838   
        drc_bufs28385/Y          BUFX2             1   1.9    2   +33    2872 F 
        g28097/C                                                   +0    2872   
        g28097/Y                 OAI21X1           3   9.7   77   +39    2911 R 
        g28091/B                                                   +0    2911   
        g28091/Y                 AOI21X1           1   1.5   14   +39    2950 F 
        drc_bufs28386/A                                            +0    2950   
        drc_bufs28386/Y          BUFX2             1   1.9    2   +33    2983 F 
        g28090/C                                                   +0    2983   
        g28090/Y                 OAI21X1           3   9.7   77   +39    3022 R 
        g28084/B                                                   +0    3022   
        g28084/Y                 AOI21X1           1   1.5   14   +39    3062 F 
        drc_bufs28387/A                                            +0    3062   
        drc_bufs28387/Y          BUFX2             1   1.9    2   +33    3095 F 
        g28083/C                                                   +0    3095   
        g28083/Y                 OAI21X1           3   9.7   77   +39    3134 R 
        g28077/B                                                   +0    3134   
        g28077/Y                 AOI21X1           1   1.5   14   +39    3174 F 
        drc_bufs28388/A                                            +0    3174   
        drc_bufs28388/Y          BUFX2             1   1.9    2   +33    3207 F 
        g28076/C                                                   +0    3207   
        g28076/Y                 OAI21X1           3   9.7   77   +39    3246 R 
        g28070/B                                                   +0    3246   
        g28070/Y                 AOI21X1           1   1.5   14   +39    3285 F 
        drc_bufs28389/A                                            +0    3285   
        drc_bufs28389/Y          BUFX2             1   1.9    2   +33    3319 F 
        g28069/C                                                   +0    3319   
        g28069/Y                 OAI21X1           3   9.7   77   +39    3358 R 
        g28063/B                                                   +0    3358   
        g28063/Y                 AOI21X1           1   1.5   14   +39    3397 F 
        drc_bufs28391/A                                            +0    3397   
        drc_bufs28391/Y          BUFX2             1   1.9    2   +33    3430 F 
        g28062/C                                                   +0    3430   
        g28062/Y                 OAI21X1           3   9.7   77   +39    3470 R 
        g28056/B                                                   +0    3470   
        g28056/Y                 AOI21X1           1   1.5   14   +39    3509 F 
        drc_bufs28398/A                                            +0    3509   
        drc_bufs28398/Y          BUFX2             1   1.9    2   +33    3542 F 
        g28055/C                                                   +0    3542   
        g28055/Y                 OAI21X1           3   7.1   46   +31    3573 R 
        g28049/B                                                   +0    3573   
        g28049/Y                 AOI21X1           1   1.5   15   +32    3605 F 
        drc_bufs28390/A                                            +0    3605   
        drc_bufs28390/Y          BUFX2             1   1.9    2   +33    3638 F 
        g28048/C                                                   +0    3638   
        g28048/Y                 OAI21X1           3   7.1   46   +31    3670 R 
        g28042/B                                                   +0    3670   
        g28042/Y                 AOI21X1           1   1.5   15   +32    3701 F 
        drc_bufs28406/A                                            +0    3701   
        drc_bufs28406/Y          BUFX2             1   1.9    2   +33    3735 F 
        g28041/C                                                   +0    3735   
        g28041/Y                 OAI21X1           3   7.1   46   +31    3766 R 
        g28035/B                                                   +0    3766   
        g28035/Y                 AOI21X1           1   1.5   15   +32    3798 F 
        drc_bufs28413/A                                            +0    3798   
        drc_bufs28413/Y          BUFX2             1   1.9    2   +33    3831 F 
        g28034/C                                                   +0    3831   
        g28034/Y                 OAI21X1           3  10.1   61   +40    3872 R 
        g28033/B                                                   +0    3872   
        g28033/Y                 NAND2X1           1   1.5   16   +25    3897 F 
        drc_bufs28379/A                                            +0    3897   
        drc_bufs28379/Y          BUFX2             1   1.8    2   +34    3930 F 
        g28030/B                                                   +0    3930   
        g28030/Y                 AND2X1            5  13.1   48   +65    3995 F 
        g28021/C                                                   +0    3995   
        g28021/Y                 NOR3X1            1   3.1   55   +35    4030 R 
        g28013/B                                                   +0    4030   
        g28013/Y                 NOR3X1            4   9.3   47   +52    4082 F 
        g28008/A                                                   +0    4082   
        g28008/Y                 INVX1             2   5.5    0   +25    4107 R 
        g28004/B                                                   +0    4107   
        g28004/Y                 AOI21X1           1   1.5   16   +21    4127 F 
        drc_bufs28393/A                                            +0    4127   
        drc_bufs28393/Y          BUFX2             1   1.9    2   +34    4161 F 
        g27998/C                                                   +0    4161   
        g27998/Y                 OAI21X1           3  10.0   79   +40    4201 R 
        g27983/A                                                   +0    4201   
        g27983/Y                 AND2X1            2   4.8   42   +38    4239 R 
        g27974/A                                                   +0    4239   
        g27974/Y                 OR2X1             1   2.5   21   +40    4279 R 
        g27973/A                                                   +0    4279   
        g27973/Y                 OR2X1             3   7.1   44   +54    4333 R 
        g27944/B                                                   +0    4333   
        g27944/Y                 AOI21X1           1   1.5   15   +31    4364 F 
        drc_bufs28397/A                                            +0    4364   
        drc_bufs28397/Y          BUFX2             1   1.9    2   +33    4397 F 
        g27938/C                                                   +0    4397   
        g27938/Y                 OAI21X1           3   7.1   46   +31    4428 R 
        g27902/B                                                   +0    4428   
        g27902/Y                 AOI21X1           1   1.5   15   +32    4460 F 
        drc_bufs28395/A                                            +0    4460   
        drc_bufs28395/Y          BUFX2             1   1.9    2   +33    4494 F 
        g27896/C                                                   +0    4494   
        g27896/Y                 OAI21X1           4   9.4   57   +38    4532 R 
        g27871/B                                                   +0    4532   
        g27871/Y                 AOI21X1           1   1.5   14   +34    4566 F 
        drc_bufs28412/A                                            +0    4566   
        drc_bufs28412/Y          BUFX2             1   1.9    2   +33    4600 F 
        g27866/C                                                   +0    4600   
        g27866/Y                 OAI21X1           1   1.6   20   +14    4614 R 
        g27865/A                                                   +0    4614   
        g27865/Y                 INVX1             3   9.5   33   +34    4647 F 
        g27853/A                                                   +0    4647   
        g27853/Y                 OR2X1             2   4.7   19   +47    4694 F 
        g27846/A                                                   +0    4694   
        g27846/Y                 AND2X1            1   2.6   18   +34    4728 F 
        g27843/B                                                   +0    4728   
        g27843/Y                 OAI21X1           1   2.8   44   +43    4771 R 
      add_55_25/Z[38] 
      g933/A                                                       +0    4771   
      g933/Y                     MUX2X1            1   1.5   76   +28    4799 F 
      g932/A                                                       +0    4799   
      g932/Y                     INVX1             1   2.0    0   +24    4823 R 
      countval_reg[38]/D         DFFSR                             +0    4823   
      countval_reg[38]/CLK       setup                        0   +70    4894 R 
- - - - - - - - - - - - - - - - - - - - - - - - - - - - - - - - - - - - - - - - 
(clock clk)                      capture                                 5000 R 
                                 uncertainty                      -50    4950 R 
--------------------------------------------------------------------------------
Cost Group   : 'clk' (path_group 'clk')
Timing slack :      56ps 
Start-point  : TOP/genblk1[2].genblk5.genblk2.sng/ctr/countval_reg[2]/CLK
End-point    : TOP/genblk2.stoch2bin/ctr/countval_reg[38]/D
