============================================================
  Generated by:           Encounter(R) RTL Compiler v14.10-s022_1
  Generated on:           Jul 25 2021  01:50:41 pm
  Module:                 ms_es_naive_by4_mul_synth
  Technology library:     gscl45nm 
  Operating conditions:   typical (balanced_tree)
  Wireload mode:          enclosed
  Area mode:              timing library
============================================================

           Pin                 Type       Fanout Load Slew Delay Arrival   
                                                 (fF) (ps)  (ps)   (ps)    
---------------------------------------------------------------------------
(clock clk_int2)             launch                                    0 R 
TOP
  genblk1[2].genblk1.sng
    ctr
      countval_reg[9]/CLK                                0             0 R 
      countval_reg[9]/Q      DFFSR             1  1.5   10  +109     109 R 
      drc_bufs480/A                                           +0     109   
      drc_bufs480/Y          BUFX2             7 20.7   50   +62     170 R 
    ctr/countval[9] 
    g1333/A                                                   +0     170   
    g1333/Y                  INVX1             1  1.9    8   +26     196 F 
    g1324/A                                                   +0     196   
    g1324/Y                  AND2X1            2  4.8   24   +37     234 F 
    g1307/B                                                   +0     234   
    g1307/Y                  OR2X1             1  2.7   13   +51     284 F 
    g1284/A                                                   +0     284   
    g1284/Y                  AOI22X1           1  1.5   43   +46     330 R 
    drc_bufs1353/A                                            +0     330   
    drc_bufs1353/Y           BUFX2             2  4.3   15   +39     369 R 
    g1272/C                                                   +0     369   
    g1272/Y                  OAI21X1           4 11.6   31   +29     398 F 
    g1269/C                                                   +0     398   
    g1269/Y                  AOI21X1           1  1.5   24   +22     420 R 
    drc_bufs1352/A                                            +0     420   
    drc_bufs1352/Y           BUFX2             2  4.8   14   +38     458 R 
    g1261/B                                                   +0     458   
    g1261/Y                  OR2X1             2  5.0   32   +58     516 R 
    g1259/A                                                   +0     516   
    g1259/Y                  OR2X1            17 39.3  194  +154     670 R 
  genblk1[2].genblk1.sng/sn_out[2] 
  g588/B                                                      +0     670   
  g588/Y                     AND2X1            1 10.3   52   +54     724 R 
  genblk2.stoch2bin/data_in[58] 
    par_ctr/a[58] 
      p0/a[26] 
        p0/a[10] 
          p0/a[2] 
            p1/a[2] 
              fa0/b 
                g2/B                                          +0     724   
                g2/YS        FAX1              1  3.4   12   +89     814 F 
              fa0/s 
              ha0/b 
                g17/B                                         +0     814   
                g17/YS       HAX1              1  4.0   19   +59     872 F 
              ha0/s 
            p1/y[0] 
            g168/A                                            +0     872   
            g168/YC          HAX1              1 10.9   41   +69     941 F 
            g167/A                                            +0     941   
            g167/YC          FAX1              1  7.1   29   +92    1033 F 
            g166/C                                            +0    1033   
            g166/YS          FAX1              1 12.7   67  +103    1135 R 
          p0/y[2] 
          g236/A                                              +0    1135   
          g236/YS            FAX1              1 12.7   67  +117    1253 R 
        p0/y[2] 
        g287/A                                                +0    1253   
        g287/YS              FAX1              1 12.7   67  +117    1370 R 
      p0/y[2] 
      g360/A                                                  +0    1370   
      g360/YS                FAX1              2 11.1   34  +108    1478 F 
    par_ctr/y[2] 
    ctr/data_in[2] 
      add_55_25/B[2] 
        g725/B                                                +0    1478   
        g725/YC              FAX1              1  7.1   29   +88    1566 F 
        g724/C                                                +0    1566   
        g724/YC              FAX1              1  7.1   29   +82    1648 F 
        g723/C                                                +0    1648   
        g723/YC              FAX1              1  7.1   29   +82    1730 F 
        g722/C                                                +0    1730   
        g722/YC              FAX1              1  7.1   29   +82    1811 F 
        g721/C                                                +0    1811   
        g721/YC              FAX1              1  7.1   29   +82    1893 F 
        g720/C                                                +0    1893   
        g720/YC              FAX1              1  7.1   26   +82    1974 F 
        g719/C                                                +0    1974   
        g719/YC              FAX1              1  7.1   27   +81    2056 F 
        g718/C                                                +0    2056   
        g718/YC              FAX1              1  7.1   27   +81    2137 F 
        g717/C                                                +0    2137   
        g717/YC              FAX1              1  7.1   27   +81    2218 F 
        g716/C                                                +0    2218   
        g716/YC              FAX1              1  7.1   27   +81    2299 F 
        g715/C                                                +0    2299   
        g715/YC              FAX1              1  7.1   27   +81    2380 F 
        g714/C                                                +0    2380   
        g714/YC              FAX1              1  7.1   27   +81    2462 F 
        g713/C                                                +0    2462   
        g713/YC              FAX1              1  7.1   27   +81    2543 F 
        g712/C                                                +0    2543   
        g712/YC              FAX1              1  7.1   27   +81    2624 F 
        g711/C                                                +0    2624   
        g711/YC              FAX1              1  7.1   27   +81    2705 F 
        g710/C                                                +0    2705   
        g710/YC              FAX1              1  7.1   27   +81    2786 F 
        g709/C                                                +0    2786   
        g709/YC              FAX1              1  7.1   27   +81    2868 F 
        g708/C                                                +0    2868   
        g708/YC              FAX1              1  7.1   27   +81    2949 F 
        g707/C                                                +0    2949   
        g707/YC              FAX1              1  7.1   27   +81    3030 F 
        g706/C                                                +0    3030   
        g706/YC              FAX1              1  7.1   27   +81    3111 F 
        g705/C                                                +0    3111   
        g705/YC              FAX1              1  7.1   27   +81    3192 F 
        g704/C                                                +0    3192   
        g704/YC              FAX1              1  7.1   27   +81    3274 F 
        g703/C                                                +0    3274   
        g703/YC              FAX1              1  7.1   27   +81    3355 F 
        g702/C                                                +0    3355   
        g702/YC              FAX1              1  7.1   27   +81    3436 F 
        g701/C                                                +0    3436   
        g701/YC              FAX1              1  7.1   27   +81    3517 F 
        g700/C                                                +0    3517   
        g700/YC              FAX1              1  7.1   27   +81    3598 F 
        g699/C                                                +0    3598   
        g699/YC              FAX1              1 10.9   37   +89    3687 F 
        g2/A                                                  +0    3687   
        g2/YS                FAX1              1  2.8   21   +84    3771 R 
      add_55_25/Z[29] 
      g97/A                                                   +0    3771   
      g97/Y                  MUX2X1            1  1.5   33   +23    3794 F 
      g96/A                                                   +0    3794   
      g96/Y                  INVX1             1  2.0    0    +8    3802 R 
      countval_reg[29]/D     DFFSR                            +0    3802   
      countval_reg[29]/CLK   setup                       0   +70    3873 R 
- - - - - - - - - - - - - - - - - - - - - - - - - - - - - - - - - - - - - -
(clock clk)                  capture                                5000 R 
                             uncertainty                     -50    4950 R 
---------------------------------------------------------------------------
Cost Group   : 'clk' (path_group 'clk')
Timing slack :    1077ps 
Start-point  : TOP/genblk1[2].genblk1.sng/ctr/countval_reg[9]/CLK
End-point    : TOP/genblk2.stoch2bin/ctr/countval_reg[29]/D
