============================================================
  Generated by:           Encounter(R) RTL Compiler v14.10-s022_1
  Generated on:           Jul 25 2021  01:52:48 pm
  Module:                 ms_es_naive_by4_mul_synth
  Technology library:     gscl45nm 
  Operating conditions:   typical (balanced_tree)
  Wireload mode:          enclosed
  Area mode:              timing library
============================================================

           Pin                 Type       Fanout Load Slew Delay Arrival   
                                                 (fF) (ps)  (ps)   (ps)    
---------------------------------------------------------------------------
(clock clk_int3)             launch                                    0 R 
TOP
  genblk1[3].genblk1.sng
    ctr
      countval_reg[5]/CLK                                0             0 R 
      countval_reg[5]/Q      DFFSR             1  1.5   10  +115     115 F 
      drc_bufs314/A                                           +0     115   
      drc_bufs314/Y          BUFX2             3  8.1   10   +39     154 F 
    ctr/countval[5] 
    g667/A                                                    +0     154   
    g667/Y                   INVX1             2  5.4    0   +11     165 R 
    g664/A                                                    +0     165   
    g664/Y                   OR2X1             1  2.3   23   +39     204 R 
    g654/B                                                    +0     204   
    g654/Y                   AND2X1            1  2.3   32   +42     246 R 
    g652/A                                                    +0     246   
    g652/Y                   AND2X1            2  4.3   42   +37     282 R 
    g647/B                                                    +0     282   
    g647/Y                   AND2X1            1  2.5   31   +41     323 R 
    g644/A                                                    +0     323   
    g644/Y                   OR2X1            12 27.2  138  +116     440 R 
    g640/A                                                    +0     440   
    g640/Y                   OR2X1            11 25.3  122  +112     552 R 
    g639/A                                                    +0     552   
    g639/Y                   INVX1             1  1.9    3   +46     597 F 
    g638/C                                                    +0     597   
    g638/Y                   OAI21X1           9 21.7  133   +77     674 R 
  genblk1[3].genblk1.sng/sn_out[0] 
  g2909/B                                                     +0     674   
  g2909/Y                    AND2X1            9 20.7  108   +91     765 R 
  g2667/A                                                     +0     765   
  g2667/Y                    AND2X1            4  9.2   56   +51     816 R 
  g2644/A                                                     +0     816   
  g2644/Y                    AND2X1            1  4.6   28   +37     854 R 
  genblk2.stoch2bin/data_in[232] 
    par_ctr/a[232] 
      p0/a[104] 
        p0/a[40] 
          p0/a[8] 
            p1/a[8] 
              p0/a[0] 
                p1/a[0] 
                  ha0/a 
                    g17/A                                     +0     854   
                    g17/YS   HAX1              1  4.0   19   +65     919 F 
                  ha0/s 
                p1/y[0] 
                g168/A                                        +0     919   
                g168/YC      HAX1              1 10.9   41   +69     988 F 
                g167/A                                        +0     988   
                g167/YC      FAX1              1  7.1   29   +92    1079 F 
                g166/C                                        +0    1079   
                g166/YS      FAX1              1 12.7   67  +103    1182 R 
              p0/y[2] 
              g236/A                                          +0    1182   
              g236/YS        FAX1              1 10.3   56  +110    1292 R 
            p1/y[2] 
            g287/B                                            +0    1292   
            g287/YS          FAX1              1 12.7   67  +110    1402 R 
          p0/y[2] 
          g360/A                                              +0    1402   
          g360/YS            FAX1              1 12.7   67  +117    1519 R 
        p0/y[2] 
        g647/A                                                +0    1519   
        g647/YS              FAX1              1 12.7   67  +117    1637 R 
      p0/y[2] 
      g733/A                                                  +0    1637   
      g733/YS                FAX1              3  8.4   47  +104    1741 R 
    par_ctr/y[2] 
    ctr/data_in[2] 
      add_55_25/B[2] 
        g12632/B                                              +0    1741   
        g12632/YC            HAX1              1  2.4   21   +44    1785 R 
        g12602/C                                              +0    1785   
        g12602/Y             AOI21X1           1  1.5   14   +13    1798 F 
        drc_bufs12707/A                                       +0    1798   
        drc_bufs12707/Y      BUFX2             1  1.9    2   +33    1832 F 
        g12601/A                                              +0    1832   
        g12601/Y             AND2X1            3  6.7   30   +40    1872 F 
        g12600/A                                              +0    1872   
        g12600/Y             INVX1             2  5.5    0   +19    1890 R 
        g12596/B                                              +0    1890   
        g12596/Y             AOI21X1           1  1.5   16   +21    1911 F 
        drc_bufs12726/A                                       +0    1911   
        drc_bufs12726/Y      BUFX2             1  1.9    2   +34    1945 F 
        g12595/C                                              +0    1945   
        g12595/Y             OAI21X1           3  7.1   65   +31    1976 R 
        g12590/B                                              +0    1976   
        g12590/Y             AOI21X1           1  1.5   14   +36    2012 F 
        drc_bufs12711/A                                       +0    2012   
        drc_bufs12711/Y      BUFX2             1  1.9    2   +33    2045 F 
        g12589/C                                              +0    2045   
        g12589/Y             OAI21X1           3  7.1   65   +31    2076 R 
        g12583/B                                              +0    2076   
        g12583/Y             AOI21X1           1  1.5   14   +36    2113 F 
        drc_bufs12712/A                                       +0    2113   
        drc_bufs12712/Y      BUFX2             1  1.9    2   +33    2146 F 
        g12582/C                                              +0    2146   
        g12582/Y             OAI21X1           3  7.1   65   +31    2177 R 
        g12576/B                                              +0    2177   
        g12576/Y             AOI21X1           1  1.5   14   +36    2213 F 
        drc_bufs12713/A                                       +0    2213   
        drc_bufs12713/Y      BUFX2             1  1.9    2   +33    2247 F 
        g12575/C                                              +0    2247   
        g12575/Y             OAI21X1           3  7.1   65   +31    2278 R 
        g12572/B                                              +0    2278   
        g12572/Y             AOI21X1           1  1.5   14   +36    2314 F 
        drc_bufs12721/A                                       +0    2314   
        drc_bufs12721/Y      BUFX2             1  1.9    2   +33    2347 F 
        g12571/C                                              +0    2347   
        g12571/Y             OAI21X1           3  7.1   65   +31    2378 R 
        g12568/B                                              +0    2378   
        g12568/Y             AOI21X1           1  1.5   14   +36    2414 F 
        drc_bufs12715/A                                       +0    2414   
        drc_bufs12715/Y      BUFX2             1  1.9    2   +33    2448 F 
        g12567/C                                              +0    2448   
        g12567/Y             OAI21X1           3  7.1   65   +31    2479 R 
        g12564/B                                              +0    2479   
        g12564/Y             AOI21X1           1  1.5   14   +36    2515 F 
        drc_bufs12722/A                                       +0    2515   
        drc_bufs12722/Y      BUFX2             1  1.9    2   +33    2548 F 
        g12563/C                                              +0    2548   
        g12563/Y             OAI21X1           3  7.1   46   +31    2579 R 
        g12560/B                                              +0    2579   
        g12560/Y             AOI21X1           1  1.5   15   +32    2611 F 
        drc_bufs12724/A                                       +0    2611   
        drc_bufs12724/Y      BUFX2             1  1.9    2   +33    2645 F 
        g12559/C                                              +0    2645   
        g12559/Y             OAI21X1           3  7.1   46   +31    2676 R 
        g12556/B                                              +0    2676   
        g12556/Y             AOI21X1           1  1.5   15   +32    2708 F 
        drc_bufs12717/A                                       +0    2708   
        drc_bufs12717/Y      BUFX2             1  1.9    2   +33    2741 F 
        g12555/C                                              +0    2741   
        g12555/Y             OAI21X1           3  7.1   46   +31    2772 R 
        g12552/B                                              +0    2772   
        g12552/Y             AOI21X1           1  1.5   15   +32    2804 F 
        drc_bufs12723/A                                       +0    2804   
        drc_bufs12723/Y      BUFX2             1  1.9    2   +33    2837 F 
        g12551/C                                              +0    2837   
        g12551/Y             OAI21X1           3  7.1   46   +31    2868 R 
        g12548/B                                              +0    2868   
        g12548/Y             AOI21X1           1  1.5   15   +32    2900 F 
        drc_bufs12720/A                                       +0    2900   
        drc_bufs12720/Y      BUFX2             1  1.9    2   +33    2934 F 
        g12547/C                                              +0    2934   
        g12547/Y             OAI21X1           3  7.1   46   +31    2965 R 
        g12544/B                                              +0    2965   
        g12544/Y             AOI21X1           1  1.5   15   +32    2996 F 
        drc_bufs12714/A                                       +0    2996   
        drc_bufs12714/Y      BUFX2             1  1.9    2   +33    3030 F 
        g12543/C                                              +0    3030   
        g12543/Y             OAI21X1           3  7.1   46   +31    3061 R 
        g12540/B                                              +0    3061   
        g12540/Y             AOI21X1           1  1.5   15   +32    3093 F 
        drc_bufs12718/A                                       +0    3093   
        drc_bufs12718/Y      BUFX2             1  1.9    2   +33    3126 F 
        g12539/C                                              +0    3126   
        g12539/Y             OAI21X1           3 10.1   61   +40    3167 R 
        g12538/B                                              +0    3167   
        g12538/Y             NAND2X1           1  1.5   16   +25    3192 F 
        drc_bufs12708/A                                       +0    3192   
        drc_bufs12708/Y      BUFX2             1  1.8    2   +34    3225 F 
        g12535/B                                              +0    3225   
        g12535/Y             AND2X1            3  9.8   39   +58    3283 F 
        g12531/B                                              +0    3283   
        g12531/Y             OAI21X1           1  2.0   42   +45    3329 R 
        g12530/C                                              +0    3329   
        g12530/Y             OAI21X1           1  1.9    4   +22    3350 F 
        g12528/A                                              +0    3350   
        g12528/Y             AND2X1            3  9.8   38   +47    3397 F 
        g12523/B                                              +0    3397   
        g12523/Y             OAI21X1           1  2.0   42   +45    3442 R 
        g12522/C                                              +0    3442   
        g12522/Y             OAI21X1           1  1.9    4   +22    3464 F 
        g12520/A                                              +0    3464   
        g12520/Y             AND2X1            3  9.8   38   +47    3511 F 
        g12515/B                                              +0    3511   
        g12515/Y             OAI21X1           1  2.0   42   +45    3556 R 
        g12514/C                                              +0    3556   
        g12514/Y             OAI21X1           1  1.9    4   +22    3578 F 
        g12512/A                                              +0    3578   
        g12512/Y             AND2X1            3  8.7   35   +45    3622 F 
        g12511/A                                              +0    3622   
        g12511/Y             INVX1             1  2.0    0    +9    3632 R 
        g12506/C                                              +0    3632   
        g12506/Y             OAI21X1           1  1.9    1   +10    3642 F 
        g12502/A                                              +0    3642   
        g12502/Y             AND2X1            2  5.8   27   +38    3680 F 
        g12501/C                                              +0    3680   
        g12501/Y             NOR3X1            1  2.5   53   +28    3708 R 
        g12494/A                                              +0    3708   
        g12494/Y             OR2X1             4  9.8   55   +63    3771 R 
        g12483/B                                              +0    3771   
        g12483/Y             AOI21X1           1  1.5   15   +34    3805 F 
        drc_bufs12703/A                                       +0    3805   
        drc_bufs12703/Y      BUFX2             1  2.6    3   +34    3839 F 
        g12476/B                                              +0    3839   
        g12476/Y             OAI21X1           1  5.4   57   +48    3887 R 
        g12471/A                                              +0    3887   
        g12471/Y             XOR2X1            1  2.8   46   +41    3928 R 
      add_55_25/Z[30] 
      g109/A                                                  +0    3928   
      g109/Y                 MUX2X1            1  1.5   37   +28    3956 F 
      g108/A                                                  +0    3956   
      g108/Y                 INVX1             1  2.0    0   +10    3966 R 
      countval_reg[30]/D     DFFSR                            +0    3966   
      countval_reg[30]/CLK   setup                       0   +70    4036 R 
- - - - - - - - - - - - - - - - - - - - - - - - - - - - - - - - - - - - - -
(clock clk)                  capture                                5000 R 
                             uncertainty                     -50    4950 R 
---------------------------------------------------------------------------
Cost Group   : 'clk' (path_group 'clk')
Timing slack :     914ps 
Start-point  : TOP/genblk1[3].genblk1.sng/ctr/countval_reg[5]/CLK
End-point    : TOP/genblk2.stoch2bin/ctr/countval_reg[30]/D
