============================================================
  Generated by:           Encounter(R) RTL Compiler v14.10-s022_1
  Generated on:           Jul 25 2021  02:04:05 pm
  Module:                 ms_es_ordered_cas_by4_mul_synth
  Technology library:     gscl45nm 
  Operating conditions:   typical (balanced_tree)
  Wireload mode:          enclosed
  Area mode:              timing library
============================================================

           Pin                 Type       Fanout Load Slew Delay Arrival   
                                                 (fF) (ps)  (ps)   (ps)    
---------------------------------------------------------------------------
(clock clk_int2)             launch                                    0 R 
TOP
  genblk1[2].genblk1.sng
    ctr
      countval_reg[3]/CLK                                0             0 R 
      countval_reg[3]/Q      DFFSR             1  1.5   10  +115     115 F 
      drc_bufs417/A                                           +0     115   
      drc_bufs417/Y          BUFX2             4 10.8   14   +42     156 F 
    ctr/countval[3] 
    g942/A                                                    +0     156   
    g942/Y                   AND2X1            2  4.6   13   +38     194 F 
    g927/A                                                    +0     194   
    g927/Y                   OR2X1             2  4.2   14   +44     238 F 
    g921/A                                                    +0     238   
    g921/Y                   OR2X1             1  1.8   11   +39     278 F 
    g3/B                                                      +0     278   
    g3/Y                     AND2X1            1  2.6   18   +44     322 F 
    g2/A                                                      +0     322   
    g2/Y                     OAI21X1           1  2.8   44   +46     368 R 
    g915/B                                                    +0     368   
    g915/Y                   OAI21X1           1  1.9    4   +22     390 F 
    g913/C                                                    +0     390   
    g913/Y                   OAI21X1           1  2.3   23   +17     407 R 
    g912/A                                                    +0     407   
    g912/Y                   AND2X1           19 44.2  233  +161     568 R 
    g910/A                                                    +0     568   
    g910/Y                   OR2X1            18 42.3  199  +166     734 R 
    g909/A                                                    +0     734   
    g909/Y                   OR2X1            17 40.1  189  +158     892 R 
  genblk1[2].genblk1.sng/sn_out[0] 
  g648/A                                                      +0     892   
  g648/Y                     AND2X1            1  4.6   39   +36     929 R 
  genblk2.stoch2bin/data_in[56] 
    par_ctr/a[56] 
      p0/a[24] 
        p0/a[8] 
          p0/a[0] 
            p1/a[0] 
              ha0/a 
                g17/A                                         +0     929   
                g17/YS       HAX1              1  4.0   19   +66     994 F 
              ha0/s 
            p1/y[0] 
            g168/A                                            +0     994   
            g168/YC          HAX1              1 10.9   41   +69    1063 F 
            g167/A                                            +0    1063   
            g167/YC          FAX1              1  7.1   29   +92    1155 F 
            g166/C                                            +0    1155   
            g166/YS          FAX1              1 12.7   67  +103    1258 R 
          p0/y[2] 
          g236/A                                              +0    1258   
          g236/YS            FAX1              1 12.7   67  +117    1375 R 
        p0/y[2] 
        g287/A                                                +0    1375   
        g287/YS              FAX1              1 12.7   67  +117    1492 R 
      p0/y[2] 
      g360/A                                                  +0    1492   
      g360/YS                FAX1              2 11.1   34  +108    1600 F 
    par_ctr/y[2] 
    ctr/data_in[2] 
      add_55_25/B[2] 
        g650/B                                                +0    1600   
        g650/YC              FAX1              1  7.1   29   +88    1689 F 
        g649/C                                                +0    1689   
        g649/YC              FAX1              1  7.1   29   +82    1770 F 
        g648/C                                                +0    1770   
        g648/YC              FAX1              1  7.1   29   +82    1852 F 
        g647/C                                                +0    1852   
        g647/YC              FAX1              1  7.1   29   +82    1934 F 
        g646/C                                                +0    1934   
        g646/YC              FAX1              1  7.1   29   +82    2015 F 
        g645/C                                                +0    2015   
        g645/YC              FAX1              1  7.1   26   +82    2097 F 
        g644/C                                                +0    2097   
        g644/YC              FAX1              1  7.1   27   +81    2178 F 
        g643/C                                                +0    2178   
        g643/YC              FAX1              1  7.1   27   +81    2259 F 
        g642/C                                                +0    2259   
        g642/YC              FAX1              1  7.1   27   +81    2340 F 
        g641/C                                                +0    2340   
        g641/YC              FAX1              1  7.1   27   +81    2422 F 
        g640/C                                                +0    2422   
        g640/YC              FAX1              1  7.1   27   +81    2503 F 
        g639/C                                                +0    2503   
        g639/YC              FAX1              1  7.1   27   +81    2584 F 
        g638/C                                                +0    2584   
        g638/YC              FAX1              1  7.1   27   +81    2665 F 
        g637/C                                                +0    2665   
        g637/YC              FAX1              1  7.1   27   +81    2746 F 
        g636/C                                                +0    2746   
        g636/YC              FAX1              1  7.1   27   +81    2828 F 
        g635/C                                                +0    2828   
        g635/YC              FAX1              1  7.1   27   +81    2909 F 
        g634/C                                                +0    2909   
        g634/YC              FAX1              1  7.1   27   +81    2990 F 
        g633/C                                                +0    2990   
        g633/YC              FAX1              1  7.1   27   +81    3071 F 
        g632/C                                                +0    3071   
        g632/YC              FAX1              1  7.1   27   +81    3152 F 
        g631/C                                                +0    3152   
        g631/YC              FAX1              1  7.1   27   +81    3234 F 
        g630/C                                                +0    3234   
        g630/YC              FAX1              1  7.1   27   +81    3315 F 
        g629/C                                                +0    3315   
        g629/YC              FAX1              1  7.1   27   +81    3396 F 
        g628/C                                                +0    3396   
        g628/YC              FAX1              1  7.1   27   +81    3477 F 
        g627/C                                                +0    3477   
        g627/YC              FAX1              1 10.9   37   +89    3566 F 
        g2/A                                                  +0    3566   
        g2/YS                FAX1              1  2.8   21   +84    3650 R 
      add_55_25/Z[26] 
      g76/A                                                   +0    3650   
      g76/Y                  MUX2X1            1  1.5   26   +23    3673 F 
      g75/A                                                   +0    3673   
      g75/Y                  INVX1             1  2.0    0    +6    3679 R 
      countval_reg[26]/D     DFFSR                            +0    3679   
      countval_reg[26]/CLK   setup                       0   +70    3749 R 
- - - - - - - - - - - - - - - - - - - - - - - - - - - - - - - - - - - - - -
(clock clk)                  capture                                5000 R 
                             uncertainty                     -50    4950 R 
---------------------------------------------------------------------------
Cost Group   : 'clk' (path_group 'clk')
Timing slack :    1201ps 
Start-point  : TOP/genblk1[2].genblk1.sng/ctr/countval_reg[3]/CLK
End-point    : TOP/genblk2.stoch2bin/ctr/countval_reg[26]/D
