============================================================
  Generated by:           Encounter(R) RTL Compiler v14.10-s022_1
  Generated on:           Jul 25 2021  01:23:10 pm
  Module:                 ms_es_ordered_cas_by2_mul_synth
  Technology library:     gscl45nm 
  Operating conditions:   typical (balanced_tree)
  Wireload mode:          enclosed
  Area mode:              timing library
============================================================

                                  Leakage    Dynamic     Total   
         Instance          Cells Power(nW)  Power(nW)  Power(nW) 
-----------------------------------------------------------------
ms_es_orde..by2_mul_synth    313  7001.320 360143.479 367144.799 
  TOP                        313  7001.320 344422.554 351423.874 
    genblk2.stoch2bin         76  2802.088 133667.191 136469.280 
      ctr                     71  2640.261 133667.191 136307.452 
      par_ctr                  3   134.340      0.000    134.340 
        ha0                    1    47.565      0.000     47.565 
        ha1                    1    47.565      0.000     47.565 
        fa0                    1    39.210      0.000     39.210 
    genblk1[1].genblk1.sng    68  1610.364  77360.415  78970.778 
      ctr                     37  1348.955  71577.125  72926.080 
    genblk1[0].genblk1.sng    63  1546.688  85064.373  86611.062 
      ctr                     32  1285.280  79786.898  81072.177 
    cas                      100   972.885  48212.175  49185.060 
      genblk1.cas_a_b        100   972.885  48212.175  49185.060 

