============================================================
  Generated by:           Encounter(R) RTL Compiler v14.10-s022_1
  Generated on:           Jul 25 2021  01:51:27 pm
  Module:                 ms_es_naive_by4_mul_synth
  Technology library:     gscl45nm 
  Operating conditions:   typical (balanced_tree)
  Wireload mode:          enclosed
  Area mode:              timing library
============================================================

                                  Leakage    Dynamic      Total    
         Instance          Cells Power(nW)  Power(nW)   Power(nW)  
-------------------------------------------------------------------
ms_es_naive_by4_mul_synth    944 29290.476 1579828.474 1609118.951 
  TOP                        944 29290.476 1566675.472 1595965.948 
    genblk2.stoch2bin        528 21889.422  910751.346  932640.768 
      par_ctr                438 18769.865  717015.623  735785.488 
        p0                   215  9223.914  336261.473  345485.386 
          p0                 104  4470.543  160580.386  165050.929 
            p0                49  2113.463   73570.789   75684.252 
              p0              22   954.528   33038.781   33993.309 
                p0             9   394.666   13976.291   14370.957 
                  p0           3   134.340    5252.921    5387.261 
                    ha0        1    47.565    1043.916    1091.481 
                    ha1        1    47.565    1749.038    1796.603 
                    fa0        1    39.210    2459.966    2499.177 
                  p1           3   134.340    5291.539    5425.879 
                    ha0        1    47.565    1117.124    1164.689 
                    ha1        1    47.565    1610.092    1657.657 
                    fa0        1    39.210    2564.323    2603.534 
                p1             9   394.666   14580.990   14975.656 
                  p0           3   134.340    5708.212    5842.553 
                    ha0        1    47.565    1141.174    1188.739 
                    ha1        1    47.565    1914.973    1962.538 
                    fa0        1    39.210    2652.065    2691.276 
                  p1           3   134.340    5392.760    5527.101 
                    ha0        1    47.565    1135.216    1182.781 
                    ha1        1    47.565    1656.520    1704.085 
                    fa0        1    39.210    2601.024    2640.235 
              p1              22   954.528   34468.461   35422.989 
                p0             9   394.666   14635.894   15030.560 
                  p0           3   134.340    5462.136    5596.477 
                    ha0        1    47.565    1094.683    1142.248 
                    ha1        1    47.565    1838.811    1886.376 
                    fa0        1    39.210    2528.642    2567.853 
                  p1           3   134.340    5489.762    5624.102 
                    ha0        1    47.565    1170.326    1217.891 
                    ha1        1    47.565    1683.807    1731.372 
                    fa0        1    39.210    2635.629    2674.839 
                p1             9   394.666   15351.911   15746.577 
                  p0           3   134.340    5893.188    6027.528 
                    ha0        1    47.565    1192.171    1239.736 
                    ha1        1    47.565    2004.230    2051.795 
                    fa0        1    39.210    2696.787    2735.998 
                  p1           3   134.340    5663.317    5797.658 
                    ha0        1    47.565    1215.811    1263.376 
                    ha1        1    47.565    1753.483    1801.048 
                    fa0        1    39.210    2694.023    2733.233 
            p1                49  2113.463   79690.547   81804.010 
              p0              22   954.528   36177.888   37132.416 
                p0             9   394.666   15192.898   15587.564 
                  p0           3   134.340    5680.497    5814.838 
                    ha0        1    47.565    1142.206    1189.771 
                    ha1        1    47.565    1914.788    1962.353 
                    fa0        1    39.210    2623.503    2662.713 
                  p1           3   134.340    5690.301    5824.641 
                    ha0        1    47.565    1217.021    1264.585 
                    ha1        1    47.565    1749.939    1797.504 
                    fa0        1    39.210    2723.341    2762.552 
                p1             9   394.666   15996.965   16391.631 
                  p0           3   134.340    6154.442    6288.782 
                    ha0        1    47.565    1248.017    1295.582 
                    ha1        1    47.565    2095.515    2143.080 
                    fa0        1    39.210    2810.910    2850.121 
                  p1           3   134.340    5902.084    6036.424 
                    ha0        1    47.565    1271.520    1319.084 
                    ha1        1    47.565    1833.255    1880.820 
                    fa0        1    39.210    2797.310    2836.520 
              p1              22   954.528   37394.098   38348.626 
                p0             9   394.666   15891.463   16286.129 
                  p0           3   134.340    5961.295    6095.635 
                    ha0        1    47.565    1205.003    1252.568 
                    ha1        1    47.565    2006.608    2054.173 
                    fa0        1    39.210    2749.684    2788.895 
                  p1           3   134.340    5966.988    6101.328 
                    ha0        1    47.565    1280.332    1327.897 
                    ha1        1    47.565    1831.763    1879.328 
                    fa0        1    39.210    2854.893    2894.103 
                p1             9   394.666   16707.072   17101.738 
                  p0           3   134.340    6440.740    6575.081 
                    ha0        1    47.565    1310.789    1358.354 
                    ha1        1    47.565    2187.325    2234.890 
                    fa0        1    39.210    2942.626    2981.837 
                  p1           3   134.340    6178.869    6313.210 
                    ha0        1    47.565    1334.813    1382.378 
                    ha1        1    47.565    1915.071    1962.636 
                    fa0        1    39.210    2928.985    2968.195 
          p1                 104  4470.543  166545.223  171015.767 
            p0                49  2113.463   76497.521   78610.984 
              p0              22   954.528   34065.604   35020.132 
                p0             9   394.666   14407.501   14802.167 
                  p0           3   134.340    5309.427    5443.768 
                    ha0        1    47.565    1066.298    1113.863 
                    ha1        1    47.565    1778.695    1826.260 
                    fa0        1    39.210    2464.435    2503.645 
                  p1           3   134.340    5442.964    5577.304 
                    ha0        1    47.565    1167.945    1215.509 
                    ha1        1    47.565    1660.673    1708.238 
                    fa0        1    39.210    2614.346    2653.557 
                p1             9   394.666   14947.268   15341.934 
                  p0           3   134.340    5819.189    5953.529 
                    ha0        1    47.565    1180.764    1228.329 
                    ha1        1    47.565    1959.944    2007.509 
                    fa0        1    39.210    2678.480    2717.691 
                  p1           3   134.340    5450.271    5584.611 
                    ha0        1    47.565    1167.928    1215.493 
                    ha1        1    47.565    1679.813    1727.378 
                    fa0        1    39.210    2602.530    2641.741 
              p1              22   954.528   36023.740   36978.269 
                p0             9   394.666   15286.963   15681.629 
                  p0           3   134.340    5583.074    5717.414 
                    ha0        1    47.565    1140.166    1187.730 
                    ha1        1    47.565    1883.210    1930.775 
                    fa0        1    39.210    2559.698    2598.909 
                  p1           3   134.340    5701.515    5835.855 
                    ha0        1    47.565    1244.251    1291.816 
                    ha1        1    47.565    1745.945    1793.510 
                    fa0        1    39.210    2711.319    2750.530 
                p1             9   394.666   15925.159   16319.825 
                  p0           3   134.340    6066.696    6201.036 
                    ha0        1    47.565    1254.431    1301.996 
                    ha1        1    47.565    2063.944    2111.509 
                    fa0        1    39.210    2748.320    2787.531 
                  p1           3   134.340    5757.486    5891.827 
                    ha0        1    47.565    1267.559    1315.124 
                    ha1        1    47.565    1788.382    1835.947 
                    fa0        1    39.210    2701.545    2740.755 
            p1                49  2113.463   82756.527   84869.990 
              p0              22   954.528   37726.379   38680.908 
                p0             9   394.666   15824.789   16219.455 
                  p0           3   134.340    5788.350    5922.690 
                    ha0        1    47.565    1183.268    1230.833 
                    ha1        1    47.565    1959.267    2006.832 
                    fa0        1    39.210    2645.815    2685.025 
                  p1           3   134.340    5895.963    6030.303 
                    ha0        1    47.565    1287.722    1335.287 
                    ha1        1    47.565    1812.160    1859.725 
                    fa0        1    39.210    2796.080    2835.291 
                p1             9   394.666   16564.802   16959.468 
                  p0           3   134.340    6313.526    6447.867 
                    ha0        1    47.565    1304.207    1351.772 
                    ha1        1    47.565    2155.314    2202.879 
                    fa0        1    39.210    2854.006    2893.216 
                  p1           3   134.340    6005.246    6139.586 
                    ha0        1    47.565    1321.764    1369.328 
                    ha1        1    47.565    1868.195    1915.760 
                    fa0        1    39.210    2815.287    2854.498 
              p1              22   954.528   38495.566   39450.094 
                p0             9   394.666   16337.062   16731.728 
                  p0           3   134.340    6009.980    6144.320 
                    ha0        1    47.565    1234.609    1282.174 
                    ha1        1    47.565    2035.769    2083.334 
                    fa0        1    39.210    2739.601    2778.812 
                  p1           3   134.340    6063.790    6198.130 
                    ha0        1    47.565    1330.824    1378.389 
                    ha1        1    47.565    1866.688    1914.253 
                    fa0        1    39.210    2866.278    2905.488 
                p1             9   394.666   17033.547   17428.213 
                  p0           3   134.340    6502.475    6636.815 
                    ha0        1    47.565    1357.472    1405.037 
                    ha1        1    47.565    2216.498    2264.063 
                    fa0        1    39.210    2928.504    2967.714 
                  p1           3   134.340    6142.160    6276.500 
                    ha0        1    47.565    1366.984    1414.549 
                    ha1        1    47.565    1909.069    1956.633 
                    fa0        1    39.210    2866.107    2905.317 
        p1                   215  9223.914  369479.558  378703.472 
          p0                 104  4470.543  177365.683  181836.227 
            p0                49  2113.463   81412.503   83525.966 
              p0              22   954.528   36109.743   37064.271 
                p0             9   394.666   15236.311   15630.977 
                  p0           3   134.340    5576.501    5710.841 
                    ha0        1    47.565    1128.011    1175.576 
                    ha1        1    47.565    1883.817    1931.381 
                    fa0        1    39.210    2564.674    2603.884 
                  p1           3   134.340    5722.531    5856.871 
                    ha0        1    47.565    1231.322    1278.887 
                    ha1        1    47.565    1761.749    1809.313 
                    fa0        1    39.210    2729.460    2768.671 
                p1             9   394.666   15800.080   16194.747 
                  p0           3   134.340    6114.669    6249.009 
                    ha0        1    47.565    1242.517    1290.082 
                    ha1        1    47.565    2080.419    2127.984 
                    fa0        1    39.210    2791.732    2830.943 
                  p1           3   134.340    5689.229    5823.569 
                    ha0        1    47.565    1231.289    1278.853 
                    ha1        1    47.565    1767.242    1814.807 
                    fa0        1    39.210    2690.698    2729.908 
              p1              22   954.528   38380.243   39334.771 
                p0             9   394.666   16169.432   16564.098 
                  p0           3   134.340    5850.898    5985.238 
                    ha0        1    47.565    1201.955    1249.520 
                    ha1        1    47.565    1988.332    2035.897 
                    fa0        1    39.210    2660.611    2699.821 
                  p1           3   134.340    6015.067    6149.407 
                    ha0        1    47.565    1312.738    1360.303 
                    ha1        1    47.565    1860.715    1908.280 
                    fa0        1    39.210    2841.614    2880.824 
                p1             9   394.666   17005.013   17399.679 
                  p0           3   134.340    6457.631    6591.972 
                    ha0        1    47.565    1334.367    1381.932 
                    ha1        1    47.565    2215.045    2262.610 
                    fa0        1    39.210    2908.220    2947.430 
                  p1           3   134.340    6094.598    6228.938 
                    ha0        1    47.565    1348.956    1396.521 
                    ha1        1    47.565    1903.110    1950.675 
                    fa0        1    39.210    2842.532    2881.743 
            p1                49  2113.463   87496.565   89610.028 
              p0              22   954.528   39785.445   40739.974 
                p0             9   394.666   16579.899   16974.565 
                  p0           3   134.340    6020.380    6154.720 
                    ha0        1    47.565    1236.393    1283.958 
                    ha1        1    47.565    2049.549    2097.114 
                    fa0        1    39.210    2734.437    2773.648 
                  p1           3   134.340    6182.310    6316.650 
                    ha0        1    47.565    1348.801    1396.366 
                    ha1        1    47.565    1915.228    1962.793 
                    fa0        1    39.210    2918.281    2957.492 
                p1             9   394.666   17516.352   17911.018 
                  p0           3   134.340    6672.604    6806.944 
                    ha0        1    47.565    1375.431    1422.996 
                    ha1        1    47.565    2291.573    2339.138 
                    fa0        1    39.210    3005.600    3044.810 
                  p1           3   134.340    6307.113    6441.454 
                    ha0        1    47.565    1394.066    1441.631 
                    ha1        1    47.565    1971.263    2018.828 
                    fa0        1    39.210    2941.785    2980.995 
              p1              22   954.528   40659.525   41614.054 
                p0             9   394.666   17099.736   17494.402 
                  p0           3   134.340    6241.726    6376.067 
                    ha0        1    47.565    1287.679    1335.244 
                    ha1        1    47.565    2126.050    2173.615 
                    fa0        1    39.210    2827.997    2867.208 
                  p1           3   134.340    6357.943    6492.283 
                    ha0        1    47.565    1394.008    1441.572 
                    ha1        1    47.565    1969.754    2017.319 
                    fa0        1    39.210    2994.181    3033.391 
                p1             9   394.666   18070.087   18464.753 
                  p0           3   134.340    6912.350    7046.690 
                    ha0        1    47.565    1437.704    1485.269 
                    ha1        1    47.565    2368.067    2415.632 
                    fa0        1    39.210    3106.578    3145.788 
                  p1           3   134.340    6444.019    6578.359 
                    ha0        1    47.565    1439.289    1486.854 
                    ha1        1    47.565    2012.135    2059.700 
                    fa0        1    39.210    2992.595    3031.805 
          p1                 104  4470.543  182234.986  186705.529 
            p0                49  2113.463   83648.521   85761.984 
              p0              22   954.528   36833.830   37788.358 
                p0             9   394.666   15561.243   15955.909 
                  p0           3   134.340    5651.414    5785.754 
                    ha0        1    47.565    1162.594    1210.159 
                    ha1        1    47.565    1899.127    1946.692 
                    fa0        1    39.210    2589.693    2628.904 
                  p1           3   134.340    5843.040    5977.380 
                    ha0        1    47.565    1276.492    1324.056 
                    ha1        1    47.565    1789.041    1836.606 
                    fa0        1    39.210    2777.507    2816.718 
                p1             9   394.666   16023.678   16418.345 
                  p0           3   134.340    6189.480    6323.820 
                    ha0        1    47.565    1277.117    1324.682 
                    ha1        1    47.565    2095.730    2143.295 
                    fa0        1    39.210    2816.633    2855.844 
                  p1           3   134.340    5716.204    5850.544 
                    ha0        1    47.565    1258.433    1305.998 
                    ha1        1    47.565    1767.242    1814.807 
                    fa0        1    39.210    2690.529    2729.739 
              p1              22   954.528   39577.171   40531.699 
                p0             9   394.666   16691.131   17085.797 
                  p0           3   134.340    5970.257    6104.597 
                    ha0        1    47.565    1253.832    1301.397 
                    ha1        1    47.565    2018.475    2066.040 
                    fa0        1    39.210    2697.950    2737.160 
                  p1           3   134.340    6192.753    6327.093 
                    ha0        1    47.565    1380.329    1427.894 
                    ha1        1    47.565    1899.610    1947.175 
                    fa0        1    39.210    2912.815    2952.025 
                p1             9   394.666   17420.770   17815.436 
                  p0           3   134.340    6581.232    6715.572 
                    ha0        1    47.565    1386.258    1433.823 
                    ha1        1    47.565    2245.191    2292.756 
                    fa0        1    39.210    2949.783    2988.993 
                  p1           3   134.340    6174.491    6308.831 
                    ha0        1    47.565    1398.598    1446.163 
                    ha1        1    47.565    1914.717    1962.282 
                    fa0        1    39.210    2861.175    2900.386 
            p1                49  2113.463   90222.293   92335.756 
              p0              22   954.528   40656.608   41611.136 
                p0             9   394.666   16962.144   17356.810 
                  p0           3   134.340    6103.928    6238.269 
                    ha0        1    47.565    1279.568    1327.133 
                    ha1        1    47.565    2064.854    2112.419 
                    fa0        1    39.210    2759.506    2798.717 
                  p1           3   134.340    6320.720    6455.060 
                    ha0        1    47.565    1405.344    1452.909 
                    ha1        1    47.565    1942.514    1990.079 
                    fa0        1    39.210    2972.862    3012.072 
                p1             9   394.666   17796.377   18191.043 
                  p0           3   134.340    6760.787    6895.127 
                    ha0        1    47.565    1418.478    1466.043 
                    ha1        1    47.565    2306.878    2354.443 
                    fa0        1    39.210    3035.430    3074.640 
                  p1           3   134.340    6347.888    6482.228 
                    ha0        1    47.565    1430.193    1477.758 
                    ha1        1    47.565    1971.258    2018.823 
                    fa0        1    39.210    2946.437    2985.647 
              p1              22   954.528   42191.244   43145.772 
                p0             9   394.666   17752.416   18147.082 
                  p0           3   134.340    6432.424    6566.764 
                    ha0        1    47.565    1357.349    1404.914 
                    ha1        1    47.565    2171.981    2219.546 
                    fa0        1    39.210    2903.094    2942.304 
                  p1           3   134.340    6592.103    6726.443 
                    ha0        1    47.565    1474.923    1522.488 
                    ha1        1    47.565    2024.335    2071.900 
                    fa0        1    39.210    3092.845    3132.055 
                p1             9   394.666   18658.263   19052.929 
                  p0           3   134.340    7107.884    7242.224 
                    ha0        1    47.565    1515.970    1563.535 
                    ha1        1    47.565    2413.998    2461.563 
                    fa0        1    39.210    3177.916    3217.127 
                  p1           3   134.340    6593.662    6728.002 
                    ha0        1    47.565    1511.699    1559.264 
                    ha1        1    47.565    2039.423    2086.988 
                    fa0        1    39.210    3042.539    3081.749 
      ctr                     81  3015.999  184306.887  187322.886 
        add_55_25             16   635.721   18955.060   19590.781 
    genblk1[3].genblk1.sng    28   686.276   44547.599   45233.875 
      ctr                     13   520.139   29815.039   30335.178 
    genblk1[2].genblk1.sng    27   666.522   54553.055   55219.577 
      ctr                     12   500.386   39255.784   39756.170 
    genblk1[1].genblk1.sng    28   662.327   49605.292   50267.620 
      ctr                     12   500.386   38864.747   39365.133 
    genblk1[0].genblk1.sng    28   639.849   50877.196   51517.045 
      ctr                     12   500.386   39225.673   39726.059 

