============================================================
  Generated by:           Encounter(R) RTL Compiler v14.10-s022_1
  Generated on:           Jul 25 2021  01:18:24 pm
  Module:                 ms_es_naive_by2_mul_synth
  Technology library:     gscl45nm 
  Operating conditions:   typical (balanced_tree)
  Wireload mode:          enclosed
  Area mode:              timing library
============================================================

         Instance           Cells  Cell Area  Net Area  Total Area  Wireload     
---------------------------------------------------------------------------------
ms_es_naive_by2_mul_synth     267       1105         0        1105    <none> (D) 
  TOP                         267       1105         0        1105    <none> (D) 
    genblk2.stoch2bin         108        586         0         586    <none> (D) 
      ctr                      81        425         0         425    <none> (D) 
        add_55_25              16        138         0         138    <none> (D) 
      par_ctr                  22        150         0         150    <none> (D) 
        p1                      9         59         0          59    <none> (D) 
          p1                    3         18         0          18    <none> (D) 
            fa0                 1          9         0           9    <none> (D) 
            ha1                 1          5         0           5    <none> (D) 
            ha0                 1          5         0           5    <none> (D) 
          p0                    3         18         0          18    <none> (D) 
            fa0                 1          9         0           9    <none> (D) 
            ha1                 1          5         0           5    <none> (D) 
            ha0                 1          5         0           5    <none> (D) 
        p0                      9         59         0          59    <none> (D) 
          p1                    3         18         0          18    <none> (D) 
            fa0                 1          9         0           9    <none> (D) 
            ha1                 1          5         0           5    <none> (D) 
            ha0                 1          5         0           5    <none> (D) 
          p0                    3         18         0          18    <none> (D) 
            fa0                 1          9         0           9    <none> (D) 
            ha1                 1          5         0           5    <none> (D) 
            ha0                 1          5         0           5    <none> (D) 
    genblk1[3].genblk1.sng     34        116         0         116    <none> (D) 
      ctr                      18         82         0          82    <none> (D) 
    genblk1[2].genblk1.sng     33        114         0         114    <none> (D) 
      ctr                      17         79         0          79    <none> (D) 
    genblk1[1].genblk1.sng     33        114         0         114    <none> (D) 
      ctr                      17         79         0          79    <none> (D) 
    genblk1[0].genblk1.sng     33        114         0         114    <none> (D) 
      ctr                      17         79         0          79    <none> (D) 

 (D) = wireload is default in technology library
