============================================================
  Generated by:           Encounter(R) RTL Compiler v14.10-s022_1
  Generated on:           Jul 25 2021  01:16:40 pm
  Module:                 ms_es_naive_by2_mul_synth
  Technology library:     gscl45nm 
  Operating conditions:   typical (balanced_tree)
  Wireload mode:          enclosed
  Area mode:              timing library
============================================================

                                  Leakage    Dynamic     Total   
         Instance          Cells Power(nW)  Power(nW)  Power(nW) 
-----------------------------------------------------------------
ms_es_naive_by2_mul_synth    142  4019.175 272700.765 276719.940 
  TOP                        142  4019.175 264273.267 268292.441 
    genblk2.stoch2bin         58  2116.679 128274.082 130390.762 
      ctr                     46  1700.917 106602.388 108303.305 
      par_ctr                  9   394.666  16978.893  17373.559 
        p0                     3   134.340   5838.496   5972.836 
          ha0                  1    47.565   1044.601   1092.166 
          ha1                  1    47.565   2321.826   2369.390 
          fa0                  1    39.210   2472.069   2511.280 
        p1                     3   134.340   6116.548   6250.888 
          ha0                  1    47.565   1156.476   1204.041 
          ha1                  1    47.565   2197.901   2245.465 
          fa0                  1    39.210   2762.171   2801.382 
    genblk1[2].genblk1.sng    24   582.620  34433.862  35016.482 
      ctr                     13   520.139  29351.523  29871.662 
    genblk1[0].genblk1.sng    23   562.867  43893.779  44456.646 
      ctr                     12   500.386  38692.076  39192.462 
    genblk1[1].genblk1.sng    23   562.867  44110.115  44672.982 
      ctr                     12   500.386  39383.719  39884.105 

