============================================================
  Generated by:           Encounter(R) RTL Compiler v14.10-s022_1
  Generated on:           Jul 25 2021  02:16:31 pm
  Module:                 ms_es_ordered_bs_by4_mul_synth
  Technology library:     gscl45nm 
  Operating conditions:   typical (balanced_tree)
  Wireload mode:          enclosed
  Area mode:              timing library
============================================================

                                       Leakage    Dynamic     Total   
            Instance            Cells Power(nW)  Power(nW)  Power(nW) 
----------------------------------------------------------------------
ms_es_orde..by4_mul_synth         651 10972.772 653213.155 664185.928 
  TOP                             651 10972.772 619196.614 630169.387 
    genblk2.stoch2bin             108  4019.111 209115.207 213134.318 
      ctr                          81  3015.999 173771.235 176787.234 
        add_55_25                  16   635.721  14910.788  15546.509 
      par_ctr                      22   954.528  29014.615  29969.144 
        p0                          9   394.666  13022.530  13417.196 
          p0                        3   134.340   5287.365   5421.705 
            ha0                     1    47.565   1020.315   1067.880 
            ha1                     1    47.565   1724.052   1771.617 
            fa0                     1    39.210   2542.998   2582.208 
          p1                        3   134.340   5087.341   5221.682 
            ha0                     1    47.565   1026.684   1074.249 
            ha1                     1    47.565   1517.658   1565.223 
            fa0                     1    39.210   2542.999   2582.209 
        p1                          9   394.666  13174.492  13569.158 
          p0                        3   134.340   5436.083   5570.423 
            ha0                     1    47.565   1047.573   1095.138 
            ha1                     1    47.565   1769.988   1817.553 
            fa0                     1    39.210   2618.522   2657.732 
          p1                        3   134.340   5231.061   5365.401 
            ha0                     1    47.565   1053.942   1101.507 
            ha1                     1    47.565   1558.598   1606.163 
            fa0                     1    39.210   2618.521   2657.731 
    genblk1[1].genblk2.sng        275  3400.198 192872.532 196272.730 
      ctr                          33  1305.033  81245.585  82550.618 
      genblk2[0].min_comparator    64   566.444  28718.106  29284.550 
      genblk2[1].min_comparator    59   537.018  28714.719  29251.737 
      genblk2[3].min_comparator    57   509.224  25424.586  25933.811 
      genblk2[2].min_comparator    62   482.479  28769.535  29252.014 
    genblk1[0].genblk1.sng        249  3270.670 196465.926 199736.596 
      ctr                          32  1285.280  88830.741  90116.020 
      genblk2[2].max_comparator    56   540.714  30325.093  30865.807 
      genblk2[1].max_comparator    55   505.825  27634.445  28140.270 
      genblk2[0].max_comparator    59   499.397  27437.895  27937.292 
      genblk2[3].max_comparator    47   439.454  22237.754  22677.208 

