============================================================
  Generated by:           Encounter(R) RTL Compiler v14.10-s022_1
  Generated on:           Jul 25 2021  01:24:33 pm
  Module:                 ms_es_ordered_cas_by2_mul_synth
  Technology library:     gscl45nm 
  Operating conditions:   typical (balanced_tree)
  Wireload mode:          enclosed
  Area mode:              timing library
============================================================

           Pin                 Type       Fanout Load Slew Delay Arrival   
                                                 (fF) (ps)  (ps)   (ps)    
---------------------------------------------------------------------------
(clock clk)                  launch                                    0 R 
TOP
  genblk1[0].genblk1.sng
    ctr
      countval_reg[3]/CLK                                0             0 R 
      countval_reg[3]/Q      DFFSR             1  1.5   10  +109     109 R 
      drc_bufs174/A                                           +0     109   
      drc_bufs174/Y          BUFX2             3  8.9   22   +43     152 R 
    ctr/countval[3] 
    g386/A                                                    +0     152   
    g386/Y                   INVX1             2  4.9   19   +24     176 F 
    g378/A                                                    +0     176   
    g378/Y                   OR2X1             1  1.8    7   +40     216 F 
    g375/B                                                    +0     216   
    g375/Y                   AND2X1            3  8.4   35   +56     272 F 
    g372/C                                                    +0     272   
    g372/Y                   NAND3X1           1  1.5   34   +34     306 R 
    drc_bufs396/A                                             +0     306   
    drc_bufs396/Y            BUFX2             2  4.3   14   +38     343 R 
    drc_bufs389/A                                             +0     343   
    drc_bufs389/Y            INVX1             1  1.9   11   +16     360 F 
    g368/A                                                    +0     360   
    g368/Y                   AND2X1            1  2.6    7   +33     393 F 
    g365/A                                                    +0     393   
    g365/Y                   OAI21X1           1  2.0   42   +41     433 R 
    g364/C                                                    +0     433   
    g364/Y                   OAI21X1           3  5.9   13   +28     461 F 
    g363/A                                                    +0     461   
    g363/Y                   OR2X1             2  3.7   18   +43     504 F 
  genblk1[0].genblk1.sng/sn_out[0] 
  g178/A                                                      +0     504   
  g178/Y                     AND2X1            2  3.8   22   +36     541 F 
  g175/A                                                      +0     541   
  g175/Y                     AND2X1            1 10.9   40   +52     593 F 
  genblk2.stoch2bin/data_in[3] 
    par_ctr/a[3] 
      p1/a[3] 
        fa0/cin 
          g2/A                                                +0     593   
          g2/YS              FAX1              1  3.8   25   +87     680 R 
        fa0/s 
        ha0/b 
          g17/B                                               +0     680   
          g17/YS             HAX1              1  4.0   19   +60     740 F 
        ha0/s 
      p1/y[0] 
      g168/A                                                  +0     740   
      g168/YC                HAX1              1  8.8   35   +65     804 F 
      g167/B                                                  +0     804   
      g167/YC                FAX1              1  7.1   29   +89     893 F 
      g166/C                                                  +0     893   
      g166/YS                FAX1              2 11.1   34   +97     990 F 
    par_ctr/y[2] 
    ctr/data_in[2] 
      add_55_25/B[2] 
        g425/B                                                +0     990   
        g425/YC              FAX1              1  7.1   29   +88    1078 F 
        g424/C                                                +0    1078   
        g424/YC              FAX1              1  7.1   29   +82    1160 F 
        g423/C                                                +0    1160   
        g423/YC              FAX1              1  7.1   26   +82    1242 F 
        g422/C                                                +0    1242   
        g422/YC              FAX1              1  7.1   27   +81    1323 F 
        g421/C                                                +0    1323   
        g421/YC              FAX1              1  7.1   27   +81    1404 F 
        g420/C                                                +0    1404   
        g420/YC              FAX1              1  7.1   27   +81    1485 F 
        g419/C                                                +0    1485   
        g419/YC              FAX1              1  7.1   27   +81    1566 F 
        g418/C                                                +0    1566   
        g418/YC              FAX1              1  7.1   27   +81    1648 F 
        g417/C                                                +0    1648   
        g417/YC              FAX1              1  7.1   27   +81    1729 F 
        g416/C                                                +0    1729   
        g416/YC              FAX1              1  7.1   27   +81    1810 F 
        g415/C                                                +0    1810   
        g415/YC              FAX1              1  7.1   27   +81    1891 F 
        g414/C                                                +0    1891   
        g414/YC              FAX1              1  7.1   27   +81    1972 F 
        g413/C                                                +0    1972   
        g413/YC              FAX1              1  7.1   27   +81    2054 F 
        g412/C                                                +0    2054   
        g412/YC              FAX1              1  7.1   27   +81    2135 F 
        g411/C                                                +0    2135   
        g411/YC              FAX1              1 10.9   37   +89    2224 F 
        g2/A                                                  +0    2224   
        g2/YS                FAX1              1  2.8   21   +84    2308 R 
      add_55_25/Z[17] 
      g67/A                                                   +0    2308   
      g67/Y                  MUX2X1            1  1.5   17   +23    2330 F 
      g66/A                                                   +0    2330   
      g66/Y                  INVX1             1  2.0    0    +3    2333 R 
      countval_reg[17]/D     DFFSR                            +0    2333   
      countval_reg[17]/CLK   setup                       0   +70    2404 R 
- - - - - - - - - - - - - - - - - - - - - - - - - - - - - - - - - - - - - -
(clock clk)                  capture                                5000 R 
                             uncertainty                     -50    4950 R 
---------------------------------------------------------------------------
Cost Group   : 'clk' (path_group 'clk')
Timing slack :    2546ps 
Start-point  : TOP/genblk1[0].genblk1.sng/ctr/countval_reg[3]/CLK
End-point    : TOP/genblk2.stoch2bin/ctr/countval_reg[17]/D
