============================================================
  Generated by:           Encounter(R) RTL Compiler v14.10-s022_1
  Generated on:           Jul 25 2021  02:04:05 pm
  Module:                 ms_es_ordered_cas_by4_mul_synth
  Technology library:     gscl45nm 
  Operating conditions:   typical (balanced_tree)
  Wireload mode:          enclosed
  Area mode:              timing library
============================================================

                                      Leakage    Dynamic     Total   
           Instance            Cells Power(nW)  Power(nW)  Power(nW) 
---------------------------------------------------------------------
ms_es_orde..by4_mul_synth        912 19903.450 807566.863 827470.313 
  TOP                            912 19903.450 777686.480 797589.930 
    genblk2.stoch2bin            247  9638.110 260990.561 270628.671 
      ctr                        136  5082.557 260990.561 266073.118 
        add_55_25                 27  1067.035  17570.481  18637.516 
      par_ctr                    104  4470.543      0.000   4470.543 
        p0                        49  2113.463      0.000   2113.463 
          p0                      22   954.528      0.000    954.528 
            p0                     9   394.666      0.000    394.666 
              p0                   3   134.340      0.000    134.340 
                ha0                1    47.565      0.000     47.565 
                ha1                1    47.565      0.000     47.565 
                fa0                1    39.210      0.000     39.210 
              p1                   3   134.340      0.000    134.340 
                ha0                1    47.565      0.000     47.565 
                ha1                1    47.565      0.000     47.565 
                fa0                1    39.210      0.000     39.210 
            p1                     9   394.666      0.000    394.666 
              p0                   3   134.340      0.000    134.340 
                ha0                1    47.565      0.000     47.565 
                ha1                1    47.565      0.000     47.565 
                fa0                1    39.210      0.000     39.210 
              p1                   3   134.340      0.000    134.340 
                ha0                1    47.565      0.000     47.565 
                ha1                1    47.565      0.000     47.565 
                fa0                1    39.210      0.000     39.210 
          p1                      22   954.528      0.000    954.528 
            p0                     9   394.666      0.000    394.666 
              p0                   3   134.340      0.000    134.340 
                ha0                1    47.565      0.000     47.565 
                ha1                1    47.565      0.000     47.565 
                fa0                1    39.210      0.000     39.210 
              p1                   3   134.340      0.000    134.340 
                ha0                1    47.565      0.000     47.565 
                ha1                1    47.565      0.000     47.565 
                fa0                1    39.210      0.000     39.210 
            p1                     9   394.666      0.000    394.666 
              p0                   3   134.340      0.000    134.340 
                ha0                1    47.565      0.000     47.565 
                ha1                1    47.565      0.000     47.565 
                fa0                1    39.210      0.000     39.210 
              p1                   3   134.340      0.000    134.340 
                ha0                1    47.565      0.000     47.565 
                ha1                1    47.565      0.000     47.565 
                fa0                1    39.210      0.000     39.210 
        p1                        49  2113.463      0.000   2113.463 
          p0                      22   954.528      0.000    954.528 
            p0                     9   394.666      0.000    394.666 
              p0                   3   134.340      0.000    134.340 
                ha0                1    47.565      0.000     47.565 
                ha1                1    47.565      0.000     47.565 
                fa0                1    39.210      0.000     39.210 
              p1                   3   134.340      0.000    134.340 
                ha0                1    47.565      0.000     47.565 
                ha1                1    47.565      0.000     47.565 
                fa0                1    39.210      0.000     39.210 
            p1                     9   394.666      0.000    394.666 
              p0                   3   134.340      0.000    134.340 
                ha0                1    47.565      0.000     47.565 
                ha1                1    47.565      0.000     47.565 
                fa0                1    39.210      0.000     39.210 
              p1                   3   134.340      0.000    134.340 
                ha0                1    47.565      0.000     47.565 
                ha1                1    47.565      0.000     47.565 
                fa0                1    39.210      0.000     39.210 
          p1                      22   954.528      0.000    954.528 
            p0                     9   394.666      0.000    394.666 
              p0                   3   134.340      0.000    134.340 
                ha0                1    47.565      0.000     47.565 
                ha1                1    47.565      0.000     47.565 
                fa0                1    39.210      0.000     39.210 
              p1                   3   134.340      0.000    134.340 
                ha0                1    47.565      0.000     47.565 
                ha1                1    47.565      0.000     47.565 
                fa0                1    39.210      0.000     39.210 
            p1                     9   394.666      0.000    394.666 
              p0                   3   134.340      0.000    134.340 
                ha0                1    47.565      0.000     47.565 
                ha1                1    47.565      0.000     47.565 
                fa0                1    39.210      0.000     39.210 
              p1                   3   134.340      0.000    134.340 
                ha0                1    47.565      0.000     47.565 
                ha1                1    47.565      0.000     47.565 
                fa0                1    39.210      0.000     39.210 
    cas                          325  3152.240 226986.357 230138.597 
      genblk1.cas_abmax_abminc   138  1342.006  92523.352  93865.359 
      genblk1.cas_abmin_c        111  1080.200  73518.471  74598.671 
      genblk1.cas_a_b             76   730.034  60944.533  61674.567 
    genblk1[2].genblk1.sng        83  1960.889  87514.012  89474.901 
      ctr                         38  1501.257  78898.605  80399.861 
    genblk1[0].genblk1.sng        87  1935.320 101360.636 103295.957 
      ctr                         37  1481.503  92612.754  94094.257 
    genblk1[1].genblk1.sng        87  1935.320 100834.914 102770.234 
      ctr                         37  1481.503  92470.518  93952.020 

