============================================================
  Generated by:           Encounter(R) RTL Compiler v14.10-s022_1
  Generated on:           Jul 25 2021  01:17:55 pm
  Module:                 ms_es_naive_by2_mul_synth
  Technology library:     gscl45nm 
  Operating conditions:   typical (balanced_tree)
  Wireload mode:          enclosed
  Area mode:              timing library
============================================================

           Pin                 Type       Fanout Load Slew Delay Arrival   
                                                 (fF) (ps)  (ps)   (ps)    
---------------------------------------------------------------------------
(clock clk_int2)             launch                                    0 R 
TOP
  genblk1[2].genblk1.sng
    ctr
      countval_reg[1]/CLK                                0             0 R 
      countval_reg[1]/Q      DFFSR             1  1.5   10  +115     115 F 
      drc_bufs480/A                                           +0     115   
      drc_bufs480/Y          BUFX2             3 10.0   13   +41     156 F 
    ctr/countval[1] 
    g1418/A                                                   +0     156   
    g1418/Y                  INVX1             2  5.6    0   +13     168 R 
    g1403/A                                                   +0     168   
    g1403/Y                  AOI22X1           1  1.5   34   +30     198 F 
    drc_bufs1447/A                                            +0     198   
    drc_bufs1447/Y           BUFX2             2  3.4    8   +39     237 F 
    g1387/A                                                   +0     237   
    g1387/Y                  NAND2X1           1  1.5   32   +23     260 R 
    drc_bufs1440/A                                            +0     260   
    drc_bufs1440/Y           BUFX2             1  2.7   10   +35     295 R 
    g1379/B                                                   +0     295   
    g1379/Y                  AOI21X1           1  1.5   15   +23     318 F 
    drc_bufs1444/A                                            +0     318   
    drc_bufs1444/Y           BUFX2             1  2.3    3   +34     352 F 
    g1373/B                                                   +0     352   
    g1373/Y                  NOR2X1            1  1.5   25   +25     377 R 
    drc_bufs1436/A                                            +0     377   
    drc_bufs1436/Y           BUFX2             1  3.3   10   +36     412 R 
    g1371/C                                                   +0     412   
    g1371/Y                  NOR3X1            1  2.6   28   +20     433 F 
    g1367/B                                                   +0     433   
    g1367/Y                  OAI21X1           1  2.3   43   +44     477 R 
    g1365/A                                                   +0     477   
    g1365/Y                  AND2X1            3  7.3   55   +46     523 R 
  genblk1[2].genblk1.sng/sn_out[0] 
  g162/B                                                      +0     523   
  g162/Y                     AND2X1            2  4.6   40   +47     569 R 
  g148/A                                                      +0     569   
  g148/Y                     AND2X1            1 10.3   65   +55     625 R 
  genblk2.stoch2bin/data_in[6] 
    par_ctr/a[6] 
      p0/a[2] 
        fa0/b 
          g2/B                                                +0     625   
          g2/YS              FAX1              1  3.4   12   +91     716 F 
        fa0/s 
        ha0/b 
          g17/B                                               +0     716   
          g17/YC             HAX1              1  3.4   20   +48     764 F 
        ha0/cout 
        ha1/a 
          g17/B                                               +0     764   
          g17/YS             HAX1              1 12.7   65   +82     846 R 
        ha1/s 
      p0/y[1] 
      g167/A                                                  +0     846   
      g167/YS                FAX1              2 10.2   31  +106     951 F 
    par_ctr/y[1] 
    ctr/data_in[1] 
      add_55_25/B[1] 
        g726/C                                                +0     951   
        g726/YC              FAX1              1  7.1   29   +82    1033 F 
        g725/C                                                +0    1033   
        g725/YC              FAX1              1  7.1   29   +82    1115 F 
        g724/C                                                +0    1115   
        g724/YC              FAX1              1  7.1   29   +82    1196 F 
        g723/C                                                +0    1196   
        g723/YC              FAX1              1  7.1   26   +82    1278 F 
        g722/C                                                +0    1278   
        g722/YC              FAX1              1  7.1   27   +81    1359 F 
        g721/C                                                +0    1359   
        g721/YC              FAX1              1  7.1   27   +81    1440 F 
        g720/C                                                +0    1440   
        g720/YC              FAX1              1  7.1   27   +81    1521 F 
        g719/C                                                +0    1521   
        g719/YC              FAX1              1  7.1   27   +81    1603 F 
        g718/C                                                +0    1603   
        g718/YC              FAX1              1  7.1   27   +81    1684 F 
        g717/C                                                +0    1684   
        g717/YC              FAX1              1  7.1   27   +81    1765 F 
        g716/C                                                +0    1765   
        g716/YC              FAX1              1  7.1   27   +81    1846 F 
        g715/C                                                +0    1846   
        g715/YC              FAX1              1  7.1   27   +81    1927 F 
        g714/C                                                +0    1927   
        g714/YC              FAX1              1  7.1   27   +81    2009 F 
        g713/C                                                +0    2009   
        g713/YC              FAX1              1  7.1   27   +81    2090 F 
        g712/C                                                +0    2090   
        g712/YC              FAX1              1  7.1   27   +81    2171 F 
        g711/C                                                +0    2171   
        g711/YC              FAX1              1  7.1   27   +81    2252 F 
        g710/C                                                +0    2252   
        g710/YC              FAX1              1  7.1   27   +81    2333 F 
        g709/C                                                +0    2333   
        g709/YC              FAX1              1  7.1   27   +81    2415 F 
        g708/C                                                +0    2415   
        g708/YC              FAX1              1  7.1   27   +81    2496 F 
        g707/C                                                +0    2496   
        g707/YC              FAX1              1  7.1   27   +81    2577 F 
        g706/C                                                +0    2577   
        g706/YC              FAX1              1  7.1   27   +81    2658 F 
        g705/C                                                +0    2658   
        g705/YC              FAX1              1  7.1   27   +81    2739 F 
        g704/C                                                +0    2739   
        g704/YC              FAX1              1  7.1   27   +81    2821 F 
        g703/C                                                +0    2821   
        g703/YC              FAX1              1  7.1   27   +81    2902 F 
        g702/C                                                +0    2902   
        g702/YC              FAX1              1  7.1   27   +81    2983 F 
        g701/C                                                +0    2983   
        g701/YC              FAX1              1  7.1   27   +81    3064 F 
        g700/C                                                +0    3064   
        g700/YC              FAX1              1  7.1   27   +81    3145 F 
        g699/C                                                +0    3145   
        g699/YC              FAX1              1 10.9   37   +89    3234 F 
        g2/A                                                  +0    3234   
        g2/YS                FAX1              1  2.8   21   +84    3318 R 
      add_55_25/Z[29] 
      g97/A                                                   +0    3318   
      g97/Y                  MUX2X1            1  1.5   33   +23    3341 F 
      g96/A                                                   +0    3341   
      g96/Y                  INVX1             1  2.0    0    +8    3349 R 
      countval_reg[29]/D     DFFSR                            +0    3349   
      countval_reg[29]/CLK   setup                       0   +70    3420 R 
- - - - - - - - - - - - - - - - - - - - - - - - - - - - - - - - - - - - - -
(clock clk)                  capture                                5000 R 
                             uncertainty                     -50    4950 R 
---------------------------------------------------------------------------
Cost Group   : 'clk' (path_group 'clk')
Timing slack :    1530ps 
Start-point  : TOP/genblk1[2].genblk1.sng/ctr/countval_reg[1]/CLK
End-point    : TOP/genblk2.stoch2bin/ctr/countval_reg[29]/D
