============================================================
  Generated by:           Encounter(R) RTL Compiler v14.10-s022_1
  Generated on:           Jul 25 2021  02:17:32 pm
  Module:                 ms_es_ordered_bs_by4_mul_synth
  Technology library:     gscl45nm 
  Operating conditions:   typical (balanced_tree)
  Wireload mode:          enclosed
  Area mode:              timing library
============================================================

                                       Leakage    Dynamic     Total   
            Instance            Cells Power(nW)  Power(nW)  Power(nW) 
----------------------------------------------------------------------
ms_es_orde..by4_mul_synth         650 13055.442 830344.683 843400.125 
  TOP                             650 13055.442 796539.627 809595.069 
    genblk2.stoch2bin             172  6811.137 388028.506 394839.643 
      par_ctr                     104  4470.543 230289.741 234760.284 
        p0                         49  2113.463 106735.039 108848.502 
          p0                       22   954.528  48176.873  49131.401 
            p0                      9   394.666  19856.934  20251.600 
              p0                    3   134.340   6485.160   6619.500 
                ha0                 1    47.565   1518.679   1566.244 
                ha1                 1    47.565   2394.721   2442.286 
                fa0                 1    39.210   2571.759   2610.969 
              p1                    3   134.340   6725.168   6859.509 
                ha0                 1    47.565   1727.900   1775.465 
                ha1                 1    47.565   2151.024   2198.589 
                fa0                 1    39.210   2846.245   2885.455 
            p1                      9   394.666  20463.969  20858.635 
              p0                    3   134.340   7126.061   7260.402 
                ha0                 1    47.565   1704.164   1751.729 
                ha1                 1    47.565   2575.677   2623.242 
                fa0                 1    39.210   2846.221   2885.431 
              p1                    3   134.340   6780.817   6915.157 
                ha0                 1    47.565   1746.018   1793.583 
                ha1                 1    47.565   2176.498   2224.063 
                fa0                 1    39.210   2858.302   2897.512 
          p1                       22   954.528  49007.199  49961.727 
            p0                      9   394.666  20273.795  20668.461 
              p0                    3   134.340   6560.133   6694.474 
                ha0                 1    47.565   1553.324   1600.889 
                ha1                 1    47.565   2410.028   2457.593 
                fa0                 1    39.210   2596.781   2635.991 
              p1                    3   134.340   6886.523   7020.863 
                ha0                 1    47.565   1800.113   1847.677 
                ha1                 1    47.565   2189.805   2237.370 
                fa0                 1    39.210   2896.605   2935.816 
            p1                      9   394.666  21045.626  21440.293 
              p0                    3   134.340   7299.710   7434.050 
                ha0                 1    47.565   1782.173   1829.738 
                ha1                 1    47.565   2620.978   2668.543 
                fa0                 1    39.210   2896.559   2935.770 
              p1                    3   134.340   6938.736   7073.076 
                ha0                 1    47.565   1827.076   1874.641 
                ha1                 1    47.565   2215.225   2262.790 
                fa0                 1    39.210   2896.435   2935.645 
        p1                         49  2113.463 112907.612 115021.075 
          p0                       22   954.528  51616.243  52570.771 
            p0                      9   394.666  21124.162  21518.828 
              p0                    3   134.340   6813.802   6948.142 
                ha0                 1    47.565   1641.108   1688.673 
                ha1                 1    47.565   2500.092   2547.657 
                fa0                 1    39.210   2672.601   2711.811 
              p1                    3   134.340   7154.616   7288.956 
                ha0                 1    47.565   1890.541   1938.106 
                ha1                 1    47.565   2279.051   2326.616 
                fa0                 1    39.210   2985.024   3024.235 
            p1                      9   394.666  21894.269  22288.935 
              p0                    3   134.340   7544.991   7679.332 
                ha0                 1    47.565   1860.838   1908.403 
                ha1                 1    47.565   2711.703   2759.268 
                fa0                 1    39.210   2972.450   3011.660 
              p1                    3   134.340   7221.393   7355.733 
                ha0                 1    47.565   1917.438   1965.003 
                ha1                 1    47.565   2306.574   2354.139 
                fa0                 1    39.210   2997.380   3036.591 
          p1                       22   954.528  51500.418  52454.946 
            p0                      9   394.666  21300.110  21694.776 
              p0                    3   134.340   6886.458   7020.798 
                ha0                 1    47.565   1658.613   1706.178 
                ha1                 1    47.565   2530.198   2577.763 
                fa0                 1    39.210   2697.648   2736.858 
              p1                    3   134.340   7175.191   7309.531 
                ha0                 1    47.565   1899.524   1947.089 
                ha1                 1    47.565   2290.654   2338.219 
                fa0                 1    39.210   2985.014   3024.224 
            p1                      9   394.666  22016.144  22410.810 
              p0                    3   134.340   7568.218   7702.558 
                ha0                 1    47.565   1869.287   1916.852 
                ha1                 1    47.565   2726.491   2774.056 
                fa0                 1    39.210   2972.440   3011.650 
              p1                    3   134.340   7241.899   7376.239 
                ha0                 1    47.565   1926.350   1973.915 
                ha1                 1    47.565   2318.179   2365.744 
                fa0                 1    39.210   2997.371   3036.581 
      ctr                          61  2264.523 150482.842 152747.365 
    genblk1[2].genblk2.sng        144  1798.127 106829.337 108627.464 
      ctr                          13   520.139  33263.078  33783.217 
      genblk2[2].min_comparator    40   404.514  22618.202  23022.716 
      genblk2[0].min_comparator    44   401.008  25007.185  25408.193 
      genblk2[1].min_comparator    30   316.659  16284.689  16601.348 
      genblk2[3].min_comparator    17   155.807   9656.184   9811.990 
    genblk1[1]..3.genblk1.sng     135  1657.747 103229.142 104886.889 
      ctr                          12   500.386  42131.323  42631.709 
      genblk2[2].max_comparator    34   361.629  18492.637  18854.266 
      genblk2[1].max_comparator    35   316.741  16715.961  17032.702 
      genblk2[0].max_comparator    34   289.994  14937.220  15227.214 
      genblk2[3].max_comparator    20   188.998  10952.000  11140.998 
    genblk1[0].genblk1.sng        116  1506.860  92940.356  94447.216 
      ctr                          12   500.386  42233.913  42734.299 
      genblk2[0].max_comparator    32   351.477  15883.527  16235.005 
      genblk2[2].max_comparator    31   290.302  13833.480  14123.782 
      genblk2[1].max_comparator    28   245.441  14142.185  14387.626 
      genblk2[3].max_comparator    13   119.254   6847.250   6966.505 

