============================================================
  Generated by:           Encounter(R) RTL Compiler v14.10-s022_1
  Generated on:           Jul 25 2021  02:24:25 pm
  Module:                 ms_es_ordered_bs_by4_mul_synth
  Technology library:     gscl45nm 
  Operating conditions:   typical (balanced_tree)
  Wireload mode:          enclosed
  Area mode:              timing library
============================================================

               Pin                      Type       Fanout Load Slew Delay Arrival   
                                                          (fF) (ps)  (ps)   (ps)    
------------------------------------------------------------------------------------
(clock clk)                           launch                                    0 R 
(ms_es_ordered_bs_by4_line_10_24_1)   ext delay                      +100     100 R 
bin_data_in[4][0]                     in port          11 26.3   20    +0     100 R 
TOP/bin_data_in[4][0] 
  genblk1[3].genblk5.genblk3.sng/bin_in[4][0] 
    genblk2[0].max_comparator/bin_in[4][0] 
      g225/A                                                           +0     100   
      g225/Y                          NOR2X1            1  1.5    0   +15     115 F 
      drc_bufs240/A                                                    +0     115   
      drc_bufs240/Y                   BUFX2             2  4.1    2   +33     147 F 
      g220/B                                                           +0     147   
      g220/Y                          AND2X1            1  2.6   19   +43     191 F 
      g217/B                                                           +0     191   
      g217/Y                          OAI21X1           1  3.0   47   +44     235 R 
      g216/C                                                           +0     235   
      g216/Y                          NAND3X1           1  1.5   14   +18     252 F 
      drc_bufs238/A                                                    +0     252   
      drc_bufs238/Y                   BUFX2             1  1.9    2   +33     286 F 
      g215/C                                                           +0     286   
      g215/Y                          OAI21X1           4  9.2   74   +38     323 R 
    genblk2[0].max_comparator/sn_out 
  genblk1[3].genblk5.genblk3.sng/sn_out[0] 
  g6355/A                                                              +0     323   
  g6355/Y                             AND2X1           27 62.1  315  +217     540 R 
  g6105/B                                                              +0     540   
  g6105/Y                             AND2X1            1  4.6   22   +28     568 R 
  genblk2.stoch2bin/data_in[82] 
    par_ctr/a[82] 
      p1/a[82] 
        p1/a[82] 
          p1/a[82] 
            p0/a[18] 
              p1/a[18] 
                p0/a[2] 
                  p1/a[2] 
                    p1/a[2] 
                      fa0/b 
                        g20/A                                          +0     568   
                        g20/YS        HAX1              1  3.4   17   +63     631 F 
                      fa0/s 
                      ha0/b 
                        g17/B                                          +0     631   
                        g17/YS        HAX1              1  4.0   19   +59     690 F 
                      ha0/s 
                    p1/y[0] 
                    g168/A                                             +0     690   
                    g168/YC           HAX1              1  8.8   35   +64     755 F 
                    g167/B                                             +0     755   
                    g167/YC           FAX1              1  7.1   29   +89     844 F 
                    g166/C                                             +0     844   
                    g166/YS           FAX1              1 10.3   56   +95     939 R 
                  p1/y[2] 
                  g202/B                                               +0     939   
                  g202/YS             FAX1              1 12.7   67  +110    1048 R 
                p0/y[2] 
                g287/A                                                 +0    1048   
                g287/YS               FAX1              1 10.3   56  +110    1158 R 
              p1/y[2] 
              g335/B                                                   +0    1158   
              g335/YS                 FAX1              1 12.7   67  +110    1268 R 
            p0/y[2] 
            g539/A                                                     +0    1268   
            g539/YS                   FAX1              1 10.3   56  +110    1378 R 
          p1/y[2] 
          g640/B                                                       +0    1378   
          g640/YS                     FAX1              1  8.8   27  +101    1480 F 
        p1/y[2] 
        g705/B                                                         +0    1480   
        g705/YC                       FAX1              1  7.1   29   +87    1567 F 
        g704/C                                                         +0    1567   
        g704/YC                       FAX1              1  7.1   29   +82    1648 F 
        g703/C                                                         +0    1648   
        g703/YC                       FAX1              1  7.1   29   +82    1730 F 
        g702/C                                                         +0    1730   
        g702/YC                       FAX1              1  7.1   29   +82    1812 F 
        g701/C                                                         +0    1812   
        g701/YC                       FAX1              1  7.1   29   +82    1893 F 
        g700/C                                                         +0    1893   
        g700/YC                       FAX1              1  7.1   29   +82    1975 F 
        g699/C                                                         +0    1975   
        g699/YS                       FAX1              1 10.3   56   +95    2070 R 
      p1/y[8] 
      g770/B                                                           +0    2070   
      g770/YC                         FAX1              1  3.8   26   +63    2133 R 
      g769/B                                                           +0    2133   
      g769/YC                         HAX1              2 12.7   69   +76    2208 R 
    par_ctr/y[10] 
    g60/B                                                              +0    2208   
    g60/Y                             OR2X1             1  2.5   23   +53    2262 R 
    g59/A                                                              +0    2262   
    g59/Y                             OR2X1            11 45.1  222  +172    2433 R 
    ctr/en 
      g743/S                                                           +0    2433   
      g743/Y                          MUX2X1            1  1.5   20   +65    2499 F 
      g742/A                                                           +0    2499   
      g742/Y                          INVX1             1  2.0    0    +4    2502 R 
      countval_reg[0]/D               DFFSR                            +0    2502   
      countval_reg[0]/CLK             setup                       0   +70    2573 R 
- - - - - - - - - - - - - - - - - - - - - - - - - - - - - - - - - - - - - - - - - - 
(clock clk)                           capture                                5000 R 
                                      uncertainty                     -50    4950 R 
------------------------------------------------------------------------------------
Cost Group   : 'clk' (path_group 'clk')
Timing slack :    2377ps 
Start-point  : bin_data_in[4][0]
End-point    : TOP/genblk2.stoch2bin/ctr/countval_reg[0]/D
