============================================================
  Generated by:           Encounter(R) RTL Compiler v14.10-s022_1
  Generated on:           Jul 25 2021  02:20:01 pm
  Module:                 ms_es_ordered_bs_by4_mul_synth
  Technology library:     gscl45nm 
  Operating conditions:   typical (balanced_tree)
  Wireload mode:          enclosed
  Area mode:              timing library
============================================================

             Instance               Cells  Cell Area  Net Area  Total Area  Wireload     
-----------------------------------------------------------------------------------------
ms_es_ordered_bs_by4_mul_synth       1145       5022         0        5022    <none> (D) 
  TOP                                1145       5022         0        5022    <none> (D) 
    genblk2.stoch2bin                 508       3438         0        3438    <none> (D) 
      par_ctr                         438       3099         0        3099    <none> (D) 
        p1                            215       1516         0        1516    <none> (D) 
          p1                          104        729         0         729    <none> (D) 
            p1                         49        340         0         340    <none> (D) 
              p1                       22        150         0         150    <none> (D) 
                p1                      9         59         0          59    <none> (D) 
                  p1                    3         18         0          18    <none> (D) 
                    fa0                 1          9         0           9    <none> (D) 
                    ha1                 1          5         0           5    <none> (D) 
                    ha0                 1          5         0           5    <none> (D) 
                  p0                    3         18         0          18    <none> (D) 
                    fa0                 1          9         0           9    <none> (D) 
                    ha1                 1          5         0           5    <none> (D) 
                    ha0                 1          5         0           5    <none> (D) 
                p0                      9         59         0          59    <none> (D) 
                  p1                    3         18         0          18    <none> (D) 
                    fa0                 1          9         0           9    <none> (D) 
                    ha1                 1          5         0           5    <none> (D) 
                    ha0                 1          5         0           5    <none> (D) 
                  p0                    3         18         0          18    <none> (D) 
                    fa0                 1          9         0           9    <none> (D) 
                    ha1                 1          5         0           5    <none> (D) 
                    ha0                 1          5         0           5    <none> (D) 
              p0                       22        150         0         150    <none> (D) 
                p1                      9         59         0          59    <none> (D) 
                  p1                    3         18         0          18    <none> (D) 
                    fa0                 1          9         0           9    <none> (D) 
                    ha1                 1          5         0           5    <none> (D) 
                    ha0                 1          5         0           5    <none> (D) 
                  p0                    3         18         0          18    <none> (D) 
                    fa0                 1          9         0           9    <none> (D) 
                    ha1                 1          5         0           5    <none> (D) 
                    ha0                 1          5         0           5    <none> (D) 
                p0                      9         59         0          59    <none> (D) 
                  p1                    3         18         0          18    <none> (D) 
                    fa0                 1          9         0           9    <none> (D) 
                    ha1                 1          5         0           5    <none> (D) 
                    ha0                 1          5         0           5    <none> (D) 
                  p0                    3         18         0          18    <none> (D) 
                    fa0                 1          9         0           9    <none> (D) 
                    ha1                 1          5         0           5    <none> (D) 
                    ha0                 1          5         0           5    <none> (D) 
            p0                         49        340         0         340    <none> (D) 
              p1                       22        150         0         150    <none> (D) 
                p1                      9         59         0          59    <none> (D) 
                  p1                    3         18         0          18    <none> (D) 
                    fa0                 1          9         0           9    <none> (D) 
                    ha1                 1          5         0           5    <none> (D) 
                    ha0                 1          5         0           5    <none> (D) 
                  p0                    3         18         0          18    <none> (D) 
                    fa0                 1          9         0           9    <none> (D) 
                    ha1                 1          5         0           5    <none> (D) 
                    ha0                 1          5         0           5    <none> (D) 
                p0                      9         59         0          59    <none> (D) 
                  p1                    3         18         0          18    <none> (D) 
                    fa0                 1          9         0           9    <none> (D) 
                    ha1                 1          5         0           5    <none> (D) 
                    ha0                 1          5         0           5    <none> (D) 
                  p0                    3         18         0          18    <none> (D) 
                    fa0                 1          9         0           9    <none> (D) 
                    ha1                 1          5         0           5    <none> (D) 
                    ha0                 1          5         0           5    <none> (D) 
              p0                       22        150         0         150    <none> (D) 
                p1                      9         59         0          59    <none> (D) 
                  p1                    3         18         0          18    <none> (D) 
                    fa0                 1          9         0           9    <none> (D) 
                    ha1                 1          5         0           5    <none> (D) 
                    ha0                 1          5         0           5    <none> (D) 
                  p0                    3         18         0          18    <none> (D) 
                    fa0                 1          9         0           9    <none> (D) 
                    ha1                 1          5         0           5    <none> (D) 
                    ha0                 1          5         0           5    <none> (D) 
                p0                      9         59         0          59    <none> (D) 
                  p1                    3         18         0          18    <none> (D) 
                    fa0                 1          9         0           9    <none> (D) 
                    ha1                 1          5         0           5    <none> (D) 
                    ha0                 1          5         0           5    <none> (D) 
                  p0                    3         18         0          18    <none> (D) 
                    fa0                 1          9         0           9    <none> (D) 
                    ha1                 1          5         0           5    <none> (D) 
                    ha0                 1          5         0           5    <none> (D) 
          p0                          104        729         0         729    <none> (D) 
            p1                         49        340         0         340    <none> (D) 
              p1                       22        150         0         150    <none> (D) 
                p1                      9         59         0          59    <none> (D) 
                  p1                    3         18         0          18    <none> (D) 
                    fa0                 1          9         0           9    <none> (D) 
                    ha1                 1          5         0           5    <none> (D) 
                    ha0                 1          5         0           5    <none> (D) 
                  p0                    3         18         0          18    <none> (D) 
                    fa0                 1          9         0           9    <none> (D) 
                    ha1                 1          5         0           5    <none> (D) 
                    ha0                 1          5         0           5    <none> (D) 
                p0                      9         59         0          59    <none> (D) 
                  p1                    3         18         0          18    <none> (D) 
                    fa0                 1          9         0           9    <none> (D) 
                    ha1                 1          5         0           5    <none> (D) 
                    ha0                 1          5         0           5    <none> (D) 
                  p0                    3         18         0          18    <none> (D) 
                    fa0                 1          9         0           9    <none> (D) 
                    ha1                 1          5         0           5    <none> (D) 
                    ha0                 1          5         0           5    <none> (D) 
              p0                       22        150         0         150    <none> (D) 
                p1                      9         59         0          59    <none> (D) 
                  p1                    3         18         0          18    <none> (D) 
                    fa0                 1          9         0           9    <none> (D) 
                    ha1                 1          5         0           5    <none> (D) 
                    ha0                 1          5         0           5    <none> (D) 
                  p0                    3         18         0          18    <none> (D) 
                    fa0                 1          9         0           9    <none> (D) 
                    ha1                 1          5         0           5    <none> (D) 
                    ha0                 1          5         0           5    <none> (D) 
                p0                      9         59         0          59    <none> (D) 
                  p1                    3         18         0          18    <none> (D) 
                    fa0                 1          9         0           9    <none> (D) 
                    ha1                 1          5         0           5    <none> (D) 
                    ha0                 1          5         0           5    <none> (D) 
                  p0                    3         18         0          18    <none> (D) 
                    fa0                 1          9         0           9    <none> (D) 
                    ha1                 1          5         0           5    <none> (D) 
                    ha0                 1          5         0           5    <none> (D) 
            p0                         49        340         0         340    <none> (D) 
              p1                       22        150         0         150    <none> (D) 
                p1                      9         59         0          59    <none> (D) 
                  p1                    3         18         0          18    <none> (D) 
                    fa0                 1          9         0           9    <none> (D) 
                    ha1                 1          5         0           5    <none> (D) 
                    ha0                 1          5         0           5    <none> (D) 
                  p0                    3         18         0          18    <none> (D) 
                    fa0                 1          9         0           9    <none> (D) 
                    ha1                 1          5         0           5    <none> (D) 
                    ha0                 1          5         0           5    <none> (D) 
                p0                      9         59         0          59    <none> (D) 
                  p1                    3         18         0          18    <none> (D) 
                    fa0                 1          9         0           9    <none> (D) 
                    ha1                 1          5         0           5    <none> (D) 
                    ha0                 1          5         0           5    <none> (D) 
                  p0                    3         18         0          18    <none> (D) 
                    fa0                 1          9         0           9    <none> (D) 
                    ha1                 1          5         0           5    <none> (D) 
                    ha0                 1          5         0           5    <none> (D) 
              p0                       22        150         0         150    <none> (D) 
                p1                      9         59         0          59    <none> (D) 
                  p1                    3         18         0          18    <none> (D) 
                    fa0                 1          9         0           9    <none> (D) 
                    ha1                 1          5         0           5    <none> (D) 
                    ha0                 1          5         0           5    <none> (D) 
                  p0                    3         18         0          18    <none> (D) 
                    fa0                 1          9         0           9    <none> (D) 
                    ha1                 1          5         0           5    <none> (D) 
                    ha0                 1          5         0           5    <none> (D) 
                p0                      9         59         0          59    <none> (D) 
                  p1                    3         18         0          18    <none> (D) 
                    fa0                 1          9         0           9    <none> (D) 
                    ha1                 1          5         0           5    <none> (D) 
                    ha0                 1          5         0           5    <none> (D) 
                  p0                    3         18         0          18    <none> (D) 
                    fa0                 1          9         0           9    <none> (D) 
                    ha1                 1          5         0           5    <none> (D) 
                    ha0                 1          5         0           5    <none> (D) 
        p0                            215       1516         0        1516    <none> (D) 
          p1                          104        729         0         729    <none> (D) 
            p1                         49        340         0         340    <none> (D) 
              p1                       22        150         0         150    <none> (D) 
                p1                      9         59         0          59    <none> (D) 
                  p1                    3         18         0          18    <none> (D) 
                    fa0                 1          9         0           9    <none> (D) 
                    ha1                 1          5         0           5    <none> (D) 
                    ha0                 1          5         0           5    <none> (D) 
                  p0                    3         18         0          18    <none> (D) 
                    fa0                 1          9         0           9    <none> (D) 
                    ha1                 1          5         0           5    <none> (D) 
                    ha0                 1          5         0           5    <none> (D) 
                p0                      9         59         0          59    <none> (D) 
                  p1                    3         18         0          18    <none> (D) 
                    fa0                 1          9         0           9    <none> (D) 
                    ha1                 1          5         0           5    <none> (D) 
                    ha0                 1          5         0           5    <none> (D) 
                  p0                    3         18         0          18    <none> (D) 
                    fa0                 1          9         0           9    <none> (D) 
                    ha1                 1          5         0           5    <none> (D) 
                    ha0                 1          5         0           5    <none> (D) 
              p0                       22        150         0         150    <none> (D) 
                p1                      9         59         0          59    <none> (D) 
                  p1                    3         18         0          18    <none> (D) 
                    fa0                 1          9         0           9    <none> (D) 
                    ha1                 1          5         0           5    <none> (D) 
                    ha0                 1          5         0           5    <none> (D) 
                  p0                    3         18         0          18    <none> (D) 
                    fa0                 1          9         0           9    <none> (D) 
                    ha1                 1          5         0           5    <none> (D) 
                    ha0                 1          5         0           5    <none> (D) 
                p0                      9         59         0          59    <none> (D) 
                  p1                    3         18         0          18    <none> (D) 
                    fa0                 1          9         0           9    <none> (D) 
                    ha1                 1          5         0           5    <none> (D) 
                    ha0                 1          5         0           5    <none> (D) 
                  p0                    3         18         0          18    <none> (D) 
                    fa0                 1          9         0           9    <none> (D) 
                    ha1                 1          5         0           5    <none> (D) 
                    ha0                 1          5         0           5    <none> (D) 
            p0                         49        340         0         340    <none> (D) 
              p1                       22        150         0         150    <none> (D) 
                p1                      9         59         0          59    <none> (D) 
                  p1                    3         18         0          18    <none> (D) 
                    fa0                 1          9         0           9    <none> (D) 
                    ha1                 1          5         0           5    <none> (D) 
                    ha0                 1          5         0           5    <none> (D) 
                  p0                    3         18         0          18    <none> (D) 
                    fa0                 1          9         0           9    <none> (D) 
                    ha1                 1          5         0           5    <none> (D) 
                    ha0                 1          5         0           5    <none> (D) 
                p0                      9         59         0          59    <none> (D) 
                  p1                    3         18         0          18    <none> (D) 
                    fa0                 1          9         0           9    <none> (D) 
                    ha1                 1          5         0           5    <none> (D) 
                    ha0                 1          5         0           5    <none> (D) 
                  p0                    3         18         0          18    <none> (D) 
                    fa0                 1          9         0           9    <none> (D) 
                    ha1                 1          5         0           5    <none> (D) 
                    ha0                 1          5         0           5    <none> (D) 
              p0                       22        150         0         150    <none> (D) 
                p1                      9         59         0          59    <none> (D) 
                  p1                    3         18         0          18    <none> (D) 
                    fa0                 1          9         0           9    <none> (D) 
                    ha1                 1          5         0           5    <none> (D) 
                    ha0                 1          5         0           5    <none> (D) 
                  p0                    3         18         0          18    <none> (D) 
                    fa0                 1          9         0           9    <none> (D) 
                    ha1                 1          5         0           5    <none> (D) 
                    ha0                 1          5         0           5    <none> (D) 
                p0                      9         59         0          59    <none> (D) 
                  p1                    3         18         0          18    <none> (D) 
                    fa0                 1          9         0           9    <none> (D) 
                    ha1                 1          5         0           5    <none> (D) 
                    ha0                 1          5         0           5    <none> (D) 
                  p0                    3         18         0          18    <none> (D) 
                    fa0                 1          9         0           9    <none> (D) 
                    ha1                 1          5         0           5    <none> (D) 
                    ha0                 1          5         0           5    <none> (D) 
          p0                          104        729         0         729    <none> (D) 
            p1                         49        340         0         340    <none> (D) 
              p1                       22        150         0         150    <none> (D) 
                p1                      9         59         0          59    <none> (D) 
                  p1                    3         18         0          18    <none> (D) 
                    fa0                 1          9         0           9    <none> (D) 
                    ha1                 1          5         0           5    <none> (D) 
                    ha0                 1          5         0           5    <none> (D) 
                  p0                    3         18         0          18    <none> (D) 
                    fa0                 1          9         0           9    <none> (D) 
                    ha1                 1          5         0           5    <none> (D) 
                    ha0                 1          5         0           5    <none> (D) 
                p0                      9         59         0          59    <none> (D) 
                  p1                    3         18         0          18    <none> (D) 
                    fa0                 1          9         0           9    <none> (D) 
                    ha1                 1          5         0           5    <none> (D) 
                    ha0                 1          5         0           5    <none> (D) 
                  p0                    3         18         0          18    <none> (D) 
                    fa0                 1          9         0           9    <none> (D) 
                    ha1                 1          5         0           5    <none> (D) 
                    ha0                 1          5         0           5    <none> (D) 
              p0                       22        150         0         150    <none> (D) 
                p1                      9         59         0          59    <none> (D) 
                  p1                    3         18         0          18    <none> (D) 
                    fa0                 1          9         0           9    <none> (D) 
                    ha1                 1          5         0           5    <none> (D) 
                    ha0                 1          5         0           5    <none> (D) 
                  p0                    3         18         0          18    <none> (D) 
                    fa0                 1          9         0           9    <none> (D) 
                    ha1                 1          5         0           5    <none> (D) 
                    ha0                 1          5         0           5    <none> (D) 
                p0                      9         59         0          59    <none> (D) 
                  p1                    3         18         0          18    <none> (D) 
                    fa0                 1          9         0           9    <none> (D) 
                    ha1                 1          5         0           5    <none> (D) 
                    ha0                 1          5         0           5    <none> (D) 
                  p0                    3         18         0          18    <none> (D) 
                    fa0                 1          9         0           9    <none> (D) 
                    ha1                 1          5         0           5    <none> (D) 
                    ha0                 1          5         0           5    <none> (D) 
            p0                         49        340         0         340    <none> (D) 
              p1                       22        150         0         150    <none> (D) 
                p1                      9         59         0          59    <none> (D) 
                  p1                    3         18         0          18    <none> (D) 
                    fa0                 1          9         0           9    <none> (D) 
                    ha1                 1          5         0           5    <none> (D) 
                    ha0                 1          5         0           5    <none> (D) 
                  p0                    3         18         0          18    <none> (D) 
                    fa0                 1          9         0           9    <none> (D) 
                    ha1                 1          5         0           5    <none> (D) 
                    ha0                 1          5         0           5    <none> (D) 
                p0                      9         59         0          59    <none> (D) 
                  p1                    3         18         0          18    <none> (D) 
                    fa0                 1          9         0           9    <none> (D) 
                    ha1                 1          5         0           5    <none> (D) 
                    ha0                 1          5         0           5    <none> (D) 
                  p0                    3         18         0          18    <none> (D) 
                    fa0                 1          9         0           9    <none> (D) 
                    ha1                 1          5         0           5    <none> (D) 
                    ha0                 1          5         0           5    <none> (D) 
              p0                       22        150         0         150    <none> (D) 
                p1                      9         59         0          59    <none> (D) 
                  p1                    3         18         0          18    <none> (D) 
                    fa0                 1          9         0           9    <none> (D) 
                    ha1                 1          5         0           5    <none> (D) 
                    ha0                 1          5         0           5    <none> (D) 
                  p0                    3         18         0          18    <none> (D) 
                    fa0                 1          9         0           9    <none> (D) 
                    ha1                 1          5         0           5    <none> (D) 
                    ha0                 1          5         0           5    <none> (D) 
                p0                      9         59         0          59    <none> (D) 
                  p1                    3         18         0          18    <none> (D) 
                    fa0                 1          9         0           9    <none> (D) 
                    ha1                 1          5         0           5    <none> (D) 
                    ha0                 1          5         0           5    <none> (D) 
                  p0                    3         18         0          18    <none> (D) 
                    fa0                 1          9         0           9    <none> (D) 
                    ha1                 1          5         0           5    <none> (D) 
                    ha0                 1          5         0           5    <none> (D) 
      ctr                              61        318         0         318    <none> (D) 
    genblk1[1].genblk4.genblk1.sng    100        264         0         264    <none> (D) 
      genblk2[2].max_comparator        32         78         0          78    <none> (D) 
      genblk2[0].max_comparator        26         66         0          66    <none> (D) 
      genblk2[1].max_comparator        28         64         0          64    <none> (D) 
      ctr                               7         34         0          34    <none> (D) 
      genblk2[3].max_comparator         7         21         0          21    <none> (D) 
    genblk1[2].genblk4.genblk2.sng     98        252         0         252    <none> (D) 
      genblk2[2].max_comparator        34         78         0          78    <none> (D) 
      genblk2[0].max_comparator        26         64         0          64    <none> (D) 
      genblk2[1].max_comparator        22         54         0          54    <none> (D) 
      ctr                               7         34         0          34    <none> (D) 
      genblk2[3].max_comparator         9         21         0          21    <none> (D) 
    genblk1[0].genblk1.sng             69        182         0         182    <none> (D) 
      genblk2[2].max_comparator        23         53         0          53    <none> (D) 
      genblk2[0].max_comparator        21         51         0          51    <none> (D) 
      ctr                               7         34         0          34    <none> (D) 
      genblk2[1].max_comparator        13         33         0          33    <none> (D) 
      genblk2[3].max_comparator         5         11         0          11    <none> (D) 
    genblk1[3].genblk2.sng             66        173         0         173    <none> (D) 
      genblk2[2].min_comparator        22         50         0          50    <none> (D) 
      genblk2[0].min_comparator        18         44         0          44    <none> (D) 
      ctr                               8         37         0          37    <none> (D) 
      genblk2[1].min_comparator        13         31         0          31    <none> (D) 
      genblk2[3].min_comparator         5         11         0          11    <none> (D) 

 (D) = wireload is default in technology library
