============================================================
  Generated by:           Encounter(R) RTL Compiler v14.10-s022_1
  Generated on:           Jul 25 2021  01:50:54 pm
  Module:                 ms_es_naive_by4_mul_synth
  Technology library:     gscl45nm 
  Operating conditions:   typical (balanced_tree)
  Wireload mode:          enclosed
  Area mode:              timing library
============================================================

         Instance           Cells  Cell Area  Net Area  Total Area  Wireload     
---------------------------------------------------------------------------------
ms_es_naive_by4_mul_synth     364       1752         0        1752    <none> (D) 
  TOP                         364       1752         0        1752    <none> (D) 
    genblk2.stoch2bin         242       1437         0        1437    <none> (D) 
      par_ctr                 192       1205         0        1205    <none> (D) 
        p1                    125        781         0         781    <none> (D) 
          p1                   59        361         0         361    <none> (D) 
            p1                 37        224         0         224    <none> (D) 
              p1               16         92         0          92    <none> (D) 
                p1              9         51         0          51    <none> (D) 
                  p1            3         14         0          14    <none> (D) 
                    ha1         1          5         0           5    <none> (D) 
                    ha0         1          5         0           5    <none> (D) 
                    fa0         1          5         0           5    <none> (D) 
                  p0            3         14         0          14    <none> (D) 
                    ha1         1          5         0           5    <none> (D) 
                    ha0         1          5         0           5    <none> (D) 
                    fa0         1          5         0           5    <none> (D) 
                p0              3         14         0          14    <none> (D) 
                  p1            3         14         0          14    <none> (D) 
                    ha1         1          5         0           5    <none> (D) 
                    ha0         1          5         0           5    <none> (D) 
                    fa0         1          5         0           5    <none> (D) 
              p0               16         92         0          92    <none> (D) 
                p1              9         51         0          51    <none> (D) 
                  p1            3         14         0          14    <none> (D) 
                    ha1         1          5         0           5    <none> (D) 
                    ha0         1          5         0           5    <none> (D) 
                    fa0         1          5         0           5    <none> (D) 
                  p0            3         14         0          14    <none> (D) 
                    ha1         1          5         0           5    <none> (D) 
                    ha0         1          5         0           5    <none> (D) 
                    fa0         1          5         0           5    <none> (D) 
                p0              3         14         0          14    <none> (D) 
                  p1            3         14         0          14    <none> (D) 
                    ha1         1          5         0           5    <none> (D) 
                    ha0         1          5         0           5    <none> (D) 
                    fa0         1          5         0           5    <none> (D) 
            p0                 16         92         0          92    <none> (D) 
              p1               16         92         0          92    <none> (D) 
                p1              9         51         0          51    <none> (D) 
                  p1            3         14         0          14    <none> (D) 
                    ha1         1          5         0           5    <none> (D) 
                    ha0         1          5         0           5    <none> (D) 
                    fa0         1          5         0           5    <none> (D) 
                  p0            3         14         0          14    <none> (D) 
                    ha1         1          5         0           5    <none> (D) 
                    ha0         1          5         0           5    <none> (D) 
                    fa0         1          5         0           5    <none> (D) 
                p0              3         14         0          14    <none> (D) 
                  p1            3         14         0          14    <none> (D) 
                    ha1         1          5         0           5    <none> (D) 
                    ha0         1          5         0           5    <none> (D) 
                    fa0         1          5         0           5    <none> (D) 
          p0                   59        361         0         361    <none> (D) 
            p1                 37        224         0         224    <none> (D) 
              p1               16         92         0          92    <none> (D) 
                p1              9         51         0          51    <none> (D) 
                  p1            3         14         0          14    <none> (D) 
                    ha1         1          5         0           5    <none> (D) 
                    ha0         1          5         0           5    <none> (D) 
                    fa0         1          5         0           5    <none> (D) 
                  p0            3         14         0          14    <none> (D) 
                    ha1         1          5         0           5    <none> (D) 
                    ha0         1          5         0           5    <none> (D) 
                    fa0         1          5         0           5    <none> (D) 
                p0              3         14         0          14    <none> (D) 
                  p1            3         14         0          14    <none> (D) 
                    ha1         1          5         0           5    <none> (D) 
                    ha0         1          5         0           5    <none> (D) 
                    fa0         1          5         0           5    <none> (D) 
              p0               16         92         0          92    <none> (D) 
                p1              9         51         0          51    <none> (D) 
                  p1            3         14         0          14    <none> (D) 
                    ha1         1          5         0           5    <none> (D) 
                    ha0         1          5         0           5    <none> (D) 
                    fa0         1          5         0           5    <none> (D) 
                  p0            3         14         0          14    <none> (D) 
                    ha1         1          5         0           5    <none> (D) 
                    ha0         1          5         0           5    <none> (D) 
                    fa0         1          5         0           5    <none> (D) 
                p0              3         14         0          14    <none> (D) 
                  p1            3         14         0          14    <none> (D) 
                    ha1         1          5         0           5    <none> (D) 
                    ha0         1          5         0           5    <none> (D) 
                    fa0         1          5         0           5    <none> (D) 
            p0                 16         92         0          92    <none> (D) 
              p1               16         92         0          92    <none> (D) 
                p1              9         51         0          51    <none> (D) 
                  p1            3         14         0          14    <none> (D) 
                    ha1         1          5         0           5    <none> (D) 
                    ha0         1          5         0           5    <none> (D) 
                    fa0         1          5         0           5    <none> (D) 
                  p0            3         14         0          14    <none> (D) 
                    ha1         1          5         0           5    <none> (D) 
                    ha0         1          5         0           5    <none> (D) 
                    fa0         1          5         0           5    <none> (D) 
                p0              3         14         0          14    <none> (D) 
                  p1            3         14         0          14    <none> (D) 
                    ha1         1          5         0           5    <none> (D) 
                    ha0         1          5         0           5    <none> (D) 
                    fa0         1          5         0           5    <none> (D) 
        p0                     59        361         0         361    <none> (D) 
          p1                   59        361         0         361    <none> (D) 
            p1                 37        224         0         224    <none> (D) 
              p1               16         92         0          92    <none> (D) 
                p1              9         51         0          51    <none> (D) 
                  p1            3         14         0          14    <none> (D) 
                    ha1         1          5         0           5    <none> (D) 
                    ha0         1          5         0           5    <none> (D) 
                    fa0         1          5         0           5    <none> (D) 
                  p0            3         14         0          14    <none> (D) 
                    ha1         1          5         0           5    <none> (D) 
                    ha0         1          5         0           5    <none> (D) 
                    fa0         1          5         0           5    <none> (D) 
                p0              3         14         0          14    <none> (D) 
                  p1            3         14         0          14    <none> (D) 
                    ha1         1          5         0           5    <none> (D) 
                    ha0         1          5         0           5    <none> (D) 
                    fa0         1          5         0           5    <none> (D) 
              p0               16         92         0          92    <none> (D) 
                p1              9         51         0          51    <none> (D) 
                  p1            3         14         0          14    <none> (D) 
                    ha1         1          5         0           5    <none> (D) 
                    ha0         1          5         0           5    <none> (D) 
                    fa0         1          5         0           5    <none> (D) 
                  p0            3         14         0          14    <none> (D) 
                    ha1         1          5         0           5    <none> (D) 
                    ha0         1          5         0           5    <none> (D) 
                    fa0         1          5         0           5    <none> (D) 
                p0              3         14         0          14    <none> (D) 
                  p1            3         14         0          14    <none> (D) 
                    ha1         1          5         0           5    <none> (D) 
                    ha0         1          5         0           5    <none> (D) 
                    fa0         1          5         0           5    <none> (D) 
            p0                 16         92         0          92    <none> (D) 
              p1               16         92         0          92    <none> (D) 
                p1              9         51         0          51    <none> (D) 
                  p1            3         14         0          14    <none> (D) 
                    ha1         1          5         0           5    <none> (D) 
                    ha0         1          5         0           5    <none> (D) 
                    fa0         1          5         0           5    <none> (D) 
                  p0            3         14         0          14    <none> (D) 
                    ha1         1          5         0           5    <none> (D) 
                    ha0         1          5         0           5    <none> (D) 
                    fa0         1          5         0           5    <none> (D) 
                p0              3         14         0          14    <none> (D) 
                  p1            3         14         0          14    <none> (D) 
                    ha1         1          5         0           5    <none> (D) 
                    ha0         1          5         0           5    <none> (D) 
                    fa0         1          5         0           5    <none> (D) 
      ctr                      41        211         0         211    <none> (D) 
    genblk1[3].genblk1.sng      6         21         0          21    <none> (D) 
      ctr                       4         16         0          16    <none> (D) 
    genblk1[2].genblk1.sng      5         19         0          19    <none> (D) 
      ctr                       3         14         0          14    <none> (D) 
    genblk1[1].genblk1.sng      5         19         0          19    <none> (D) 
      ctr                       3         14         0          14    <none> (D) 
    genblk1[0].genblk1.sng      5         19         0          19    <none> (D) 
      ctr                       3         14         0          14    <none> (D) 

 (D) = wireload is default in technology library
