============================================================
  Generated by:           Encounter(R) RTL Compiler v14.10-s022_1
  Generated on:           Jul 25 2021  01:30:46 pm
  Module:                 ms_es_ordered_bs_by2_mul_synth
  Technology library:     gscl45nm 
  Operating conditions:   typical (balanced_tree)
  Wireload mode:          enclosed
  Area mode:              timing library
============================================================

          Pin                 Type       Fanout Load Slew Delay Arrival   
                                                (fF) (ps)  (ps)   (ps)    
--------------------------------------------------------------------------
(clock clk_int1)            launch                                    0 R 
TOP
  genblk1[1].genblk2.sng
    ctr
      countval_reg[1]/CLK                               0             0 R 
      countval_reg[1]/Q     DFFSR             1  1.5   10  +109     109 R 
      drc_bufs67/A                                           +0     109   
      drc_bufs67/Y          BUFX2             6 20.2   49   +61     170 R 
    ctr/countval[1] 
    genblk2[0].min_comparator/counter_in[1] 
      g295/A                                                 +0     170   
      g295/Y                INVX1             1  1.9    8   +26     195 F 
      g288/A                                                 +0     195   
      g288/Y                AND2X1            1  3.2   20   +34     229 F 
      g287/C                                                 +0     229   
      g287/Y                NOR3X1            1  1.6   47   +24     253 R 
      g286/A                                                 +0     253   
      g286/Y                INVX1             1  2.7   11   +27     280 F 
      g283/A                                                 +0     280   
      g283/Y                AOI22X1           1  1.5   43   +45     325 R 
      drc_bufs298/A                                          +0     325   
      drc_bufs298/Y         BUFX2             1  2.7   12   +36     361 R 
      g281/A                                                 +0     361   
      g281/Y                OAI21X1           1  2.3    5   +15     376 F 
      g280/A                                                 +0     376   
      g280/Y                OR2X1             3  6.2   23   +48     424 F 
    genblk2[0].min_comparator/sn_out 
  genblk1[1].genblk2.sng/sn_out[0] 
  g48/B                                                      +0     424   
  g48/Y                     AND2X1            1  8.8   35   +59     482 F 
  genblk2.stoch2bin/data_in[2] 
    par_ctr/a[2] 
      fa0/b 
        g2/B                                                 +0     482   
        g2/YS               FAX1              1  3.4   12   +88     570 F 
      fa0/s 
      ha0/b 
        g17/B                                                +0     570   
        g17/YS              HAX1              2  5.6   24   +62     632 F 
      ha0/s 
    par_ctr/y[0] 
    ctr/data_in[0] 
      g364/B                                                 +0     632   
      g364/YC               HAX1              1  8.8   35   +62     694 F 
      g361/B                                                 +0     694   
      g361/YC               FAX1              1  7.1   29   +89     783 F 
      g357/C                                                 +0     783   
      g357/YC               FAX1              1  7.1   29   +82     864 F 
      g353/C                                                 +0     864   
      g353/YC               FAX1              1  7.1   26   +82     946 F 
      g349/C                                                 +0     946   
      g349/YC               FAX1              1 10.9   37   +89    1035 F 
      g2/A                                                   +0    1035   
      g2/YS                 FAX1              1  2.8   21   +84    1119 R 
      g343/A                                                 +0    1119   
      g343/Y                MUX2X1            1  1.5   14   +23    1142 F 
      g342/A                                                 +0    1142   
      g342/Y                INVX1             1  2.0    0    +2    1143 R 
      countval_reg[5]/D     DFFSR                            +0    1143   
      countval_reg[5]/CLK   setup                       0   +70    1214 R 
- - - - - - - - - - - - - - - - - - - - - - - - - - - - - - - - - - - - - 
(clock clk)                 capture                                5000 R 
                            uncertainty                     -50    4950 R 
--------------------------------------------------------------------------
Cost Group   : 'clk' (path_group 'clk')
Timing slack :    3736ps 
Start-point  : TOP/genblk1[1].genblk2.sng/ctr/countval_reg[1]/CLK
End-point    : TOP/genblk2.stoch2bin/ctr/countval_reg[5]/D
