============================================================
  Generated by:           Encounter(R) RTL Compiler v14.10-s022_1
  Generated on:           Jul 25 2021  01:22:25 pm
  Module:                 ms_es_ordered_cas_by2_mul_synth
  Technology library:     gscl45nm 
  Operating conditions:   typical (balanced_tree)
  Wireload mode:          enclosed
  Area mode:              timing library
============================================================

                                  Leakage   Dynamic     Total   
         Instance          Cells Power(nW) Power(nW)  Power(nW) 
----------------------------------------------------------------
ms_es_orde..by2_mul_synth     84  1928.394 98458.972 100387.366 
  TOP                         84  1928.394 93829.361  95757.754 
    genblk2.stoch2bin         26   903.265 38667.261  39570.526 
      ctr                     21   761.572 38667.261  39428.832 
      par_ctr                  3   134.340     0.000    134.340 
        ha0                    1    47.565     0.000     47.565 
        ha1                    1    47.565     0.000     47.565 
        fa0                    1    39.210     0.000     39.210 
    genblk1[1].genblk1.sng    15   392.811 18795.960  19188.771 
      ctr                      8   323.916 18655.324  18979.240 
    genblk1[0].genblk1.sng    14   373.058 27771.576  28144.634 
      ctr                      7   304.162 27613.968  27918.130 
    cas                       23   189.965  8421.974   8611.939 
      genblk1.cas_a_b         23   189.965  8421.974   8611.939 

