============================================================
  Generated by:           Encounter(R) RTL Compiler v14.10-s022_1
  Generated on:           Jul 25 2021  02:10:11 pm
  Module:                 ms_es_ordered_cas_by4_mul_synth
  Technology library:     gscl45nm 
  Operating conditions:   typical (balanced_tree)
  Wireload mode:          enclosed
  Area mode:              timing library
============================================================

                                    Leakage    Dynamic     Total    
          Instance          Cells  Power(nW)  Power(nW)  Power(nW)  
--------------------------------------------------------------------
ms_es_orde..by4_mul_synth    3695 107856.370 921388.913 1029245.283 
  TOP                        3695 107856.370 894670.714 1002527.084 
    genblk2.stoch2bin        1921  81223.342 253318.011  334541.353 
      par_ctr                1780  76202.413      0.000   76202.413 
        p0                    885  37900.978      0.000   37900.978 
          p0                  438  18769.865      0.000   18769.865 
            p0                215   9223.914      0.000    9223.914 
              p0              104   4470.543      0.000    4470.543 
                p0             49   2113.463      0.000    2113.463 
                  p0           22    954.528      0.000     954.528 
                    p0          9    394.666      0.000     394.666 
                      p0        3    134.340      0.000     134.340 
                        ha0     1     47.565      0.000      47.565 
                        ha1     1     47.565      0.000      47.565 
                        fa0     1     39.210      0.000      39.210 
                      p1        3    134.340      0.000     134.340 
                        ha0     1     47.565      0.000      47.565 
                        ha1     1     47.565      0.000      47.565 
                        fa0     1     39.210      0.000      39.210 
                    p1          9    394.666      0.000     394.666 
                      p0        3    134.340      0.000     134.340 
                        ha0     1     47.565      0.000      47.565 
                        ha1     1     47.565      0.000      47.565 
                        fa0     1     39.210      0.000      39.210 
                      p1        3    134.340      0.000     134.340 
                        ha0     1     47.565      0.000      47.565 
                        ha1     1     47.565      0.000      47.565 
                        fa0     1     39.210      0.000      39.210 
                  p1           22    954.528      0.000     954.528 
                    p0          9    394.666      0.000     394.666 
                      p0        3    134.340      0.000     134.340 
                        ha0     1     47.565      0.000      47.565 
                        ha1     1     47.565      0.000      47.565 
                        fa0     1     39.210      0.000      39.210 
                      p1        3    134.340      0.000     134.340 
                        ha0     1     47.565      0.000      47.565 
                        ha1     1     47.565      0.000      47.565 
                        fa0     1     39.210      0.000      39.210 
                    p1          9    394.666      0.000     394.666 
                      p0        3    134.340      0.000     134.340 
                        ha0     1     47.565      0.000      47.565 
                        ha1     1     47.565      0.000      47.565 
                        fa0     1     39.210      0.000      39.210 
                      p1        3    134.340      0.000     134.340 
                        ha0     1     47.565      0.000      47.565 
                        ha1     1     47.565      0.000      47.565 
                        fa0     1     39.210      0.000      39.210 
                p1             49   2113.463      0.000    2113.463 
                  p0           22    954.528      0.000     954.528 
                    p0          9    394.666      0.000     394.666 
                      p0        3    134.340      0.000     134.340 
                        ha0     1     47.565      0.000      47.565 
                        ha1     1     47.565      0.000      47.565 
                        fa0     1     39.210      0.000      39.210 
                      p1        3    134.340      0.000     134.340 
                        ha0     1     47.565      0.000      47.565 
                        ha1     1     47.565      0.000      47.565 
                        fa0     1     39.210      0.000      39.210 
                    p1          9    394.666      0.000     394.666 
                      p0        3    134.340      0.000     134.340 
                        ha0     1     47.565      0.000      47.565 
                        ha1     1     47.565      0.000      47.565 
                        fa0     1     39.210      0.000      39.210 
                      p1        3    134.340      0.000     134.340 
                        ha0     1     47.565      0.000      47.565 
                        ha1     1     47.565      0.000      47.565 
                        fa0     1     39.210      0.000      39.210 
                  p1           22    954.528      0.000     954.528 
                    p0          9    394.666      0.000     394.666 
                      p0        3    134.340      0.000     134.340 
                        ha0     1     47.565      0.000      47.565 
                        ha1     1     47.565      0.000      47.565 
                        fa0     1     39.210      0.000      39.210 
                      p1        3    134.340      0.000     134.340 
                        ha0     1     47.565      0.000      47.565 
                        ha1     1     47.565      0.000      47.565 
                        fa0     1     39.210      0.000      39.210 
                    p1          9    394.666      0.000     394.666 
                      p0        3    134.340      0.000     134.340 
                        ha0     1     47.565      0.000      47.565 
                        ha1     1     47.565      0.000      47.565 
                        fa0     1     39.210      0.000      39.210 
                      p1        3    134.340      0.000     134.340 
                        ha0     1     47.565      0.000      47.565 
                        ha1     1     47.565      0.000      47.565 
                        fa0     1     39.210      0.000      39.210 
              p1              104   4470.543      0.000    4470.543 
                p0             49   2113.463      0.000    2113.463 
                  p0           22    954.528      0.000     954.528 
                    p0          9    394.666      0.000     394.666 
                      p0        3    134.340      0.000     134.340 
                        ha0     1     47.565      0.000      47.565 
                        ha1     1     47.565      0.000      47.565 
                        fa0     1     39.210      0.000      39.210 
                      p1        3    134.340      0.000     134.340 
                        ha0     1     47.565      0.000      47.565 
                        ha1     1     47.565      0.000      47.565 
                        fa0     1     39.210      0.000      39.210 
                    p1          9    394.666      0.000     394.666 
                      p0        3    134.340      0.000     134.340 
                        ha0     1     47.565      0.000      47.565 
                        ha1     1     47.565      0.000      47.565 
                        fa0     1     39.210      0.000      39.210 
                      p1        3    134.340      0.000     134.340 
                        ha0     1     47.565      0.000      47.565 
                        ha1     1     47.565      0.000      47.565 
                        fa0     1     39.210      0.000      39.210 
                  p1           22    954.528      0.000     954.528 
                    p0          9    394.666      0.000     394.666 
                      p0        3    134.340      0.000     134.340 
                        ha0     1     47.565      0.000      47.565 
                        ha1     1     47.565      0.000      47.565 
                        fa0     1     39.210      0.000      39.210 
                      p1        3    134.340      0.000     134.340 
                        ha0     1     47.565      0.000      47.565 
                        ha1     1     47.565      0.000      47.565 
                        fa0     1     39.210      0.000      39.210 
                    p1          9    394.666      0.000     394.666 
                      p0        3    134.340      0.000     134.340 
                        ha0     1     47.565      0.000      47.565 
                        ha1     1     47.565      0.000      47.565 
                        fa0     1     39.210      0.000      39.210 
                      p1        3    134.340      0.000     134.340 
                        ha0     1     47.565      0.000      47.565 
                        ha1     1     47.565      0.000      47.565 
                        fa0     1     39.210      0.000      39.210 
                p1             49   2113.463      0.000    2113.463 
                  p0           22    954.528      0.000     954.528 
                    p0          9    394.666      0.000     394.666 
                      p0        3    134.340      0.000     134.340 
                        ha0     1     47.565      0.000      47.565 
                        ha1     1     47.565      0.000      47.565 
                        fa0     1     39.210      0.000      39.210 
                      p1        3    134.340      0.000     134.340 
                        ha0     1     47.565      0.000      47.565 
                        ha1     1     47.565      0.000      47.565 
                        fa0     1     39.210      0.000      39.210 
                    p1          9    394.666      0.000     394.666 
                      p0        3    134.340      0.000     134.340 
                        ha0     1     47.565      0.000      47.565 
                        ha1     1     47.565      0.000      47.565 
                        fa0     1     39.210      0.000      39.210 
                      p1        3    134.340      0.000     134.340 
                        ha0     1     47.565      0.000      47.565 
                        ha1     1     47.565      0.000      47.565 
                        fa0     1     39.210      0.000      39.210 
                  p1           22    954.528      0.000     954.528 
                    p0          9    394.666      0.000     394.666 
                      p0        3    134.340      0.000     134.340 
                        ha0     1     47.565      0.000      47.565 
                        ha1     1     47.565      0.000      47.565 
                        fa0     1     39.210      0.000      39.210 
                      p1        3    134.340      0.000     134.340 
                        ha0     1     47.565      0.000      47.565 
                        ha1     1     47.565      0.000      47.565 
                        fa0     1     39.210      0.000      39.210 
                    p1          9    394.666      0.000     394.666 
                      p0        3    134.340      0.000     134.340 
                        ha0     1     47.565      0.000      47.565 
                        ha1     1     47.565      0.000      47.565 
                        fa0     1     39.210      0.000      39.210 
                      p1        3    134.340      0.000     134.340 
                        ha0     1     47.565      0.000      47.565 
                        ha1     1     47.565      0.000      47.565 
                        fa0     1     39.210      0.000      39.210 
            p1                215   9223.914      0.000    9223.914 
              p0              104   4470.543      0.000    4470.543 
                p0             49   2113.463      0.000    2113.463 
                  p0           22    954.528      0.000     954.528 
                    p0          9    394.666      0.000     394.666 
                      p0        3    134.340      0.000     134.340 
                        ha0     1     47.565      0.000      47.565 
                        ha1     1     47.565      0.000      47.565 
                        fa0     1     39.210      0.000      39.210 
                      p1        3    134.340      0.000     134.340 
                        ha0     1     47.565      0.000      47.565 
                        ha1     1     47.565      0.000      47.565 
                        fa0     1     39.210      0.000      39.210 
                    p1          9    394.666      0.000     394.666 
                      p0        3    134.340      0.000     134.340 
                        ha0     1     47.565      0.000      47.565 
                        ha1     1     47.565      0.000      47.565 
                        fa0     1     39.210      0.000      39.210 
                      p1        3    134.340      0.000     134.340 
                        ha0     1     47.565      0.000      47.565 
                        ha1     1     47.565      0.000      47.565 
                        fa0     1     39.210      0.000      39.210 
                  p1           22    954.528      0.000     954.528 
                    p0          9    394.666      0.000     394.666 
                      p0        3    134.340      0.000     134.340 
                        ha0     1     47.565      0.000      47.565 
                        ha1     1     47.565      0.000      47.565 
                        fa0     1     39.210      0.000      39.210 
                      p1        3    134.340      0.000     134.340 
                        ha0     1     47.565      0.000      47.565 
                        ha1     1     47.565      0.000      47.565 
                        fa0     1     39.210      0.000      39.210 
                    p1          9    394.666      0.000     394.666 
                      p0        3    134.340      0.000     134.340 
                        ha0     1     47.565      0.000      47.565 
                        ha1     1     47.565      0.000      47.565 
                        fa0     1     39.210      0.000      39.210 
                      p1        3    134.340      0.000     134.340 
                        ha0     1     47.565      0.000      47.565 
                        ha1     1     47.565      0.000      47.565 
                        fa0     1     39.210      0.000      39.210 
                p1             49   2113.463      0.000    2113.463 
                  p0           22    954.528      0.000     954.528 
                    p0          9    394.666      0.000     394.666 
                      p0        3    134.340      0.000     134.340 
                        ha0     1     47.565      0.000      47.565 
                        ha1     1     47.565      0.000      47.565 
                        fa0     1     39.210      0.000      39.210 
                      p1        3    134.340      0.000     134.340 
                        ha0     1     47.565      0.000      47.565 
                        ha1     1     47.565      0.000      47.565 
                        fa0     1     39.210      0.000      39.210 
                    p1          9    394.666      0.000     394.666 
                      p0        3    134.340      0.000     134.340 
                        ha0     1     47.565      0.000      47.565 
                        ha1     1     47.565      0.000      47.565 
                        fa0     1     39.210      0.000      39.210 
                      p1        3    134.340      0.000     134.340 
                        ha0     1     47.565      0.000      47.565 
                        ha1     1     47.565      0.000      47.565 
                        fa0     1     39.210      0.000      39.210 
                  p1           22    954.528      0.000     954.528 
                    p0          9    394.666      0.000     394.666 
                      p0        3    134.340      0.000     134.340 
                        ha0     1     47.565      0.000      47.565 
                        ha1     1     47.565      0.000      47.565 
                        fa0     1     39.210      0.000      39.210 
                      p1        3    134.340      0.000     134.340 
                        ha0     1     47.565      0.000      47.565 
                        ha1     1     47.565      0.000      47.565 
                        fa0     1     39.210      0.000      39.210 
                    p1          9    394.666      0.000     394.666 
                      p0        3    134.340      0.000     134.340 
                        ha0     1     47.565      0.000      47.565 
                        ha1     1     47.565      0.000      47.565 
                        fa0     1     39.210      0.000      39.210 
                      p1        3    134.340      0.000     134.340 
                        ha0     1     47.565      0.000      47.565 
                        ha1     1     47.565      0.000      47.565 
                        fa0     1     39.210      0.000      39.210 
              p1              104   4470.543      0.000    4470.543 
                p0             49   2113.463      0.000    2113.463 
                  p0           22    954.528      0.000     954.528 
                    p0          9    394.666      0.000     394.666 
                      p0        3    134.340      0.000     134.340 
                        ha0     1     47.565      0.000      47.565 
                        ha1     1     47.565      0.000      47.565 
                        fa0     1     39.210      0.000      39.210 
                      p1        3    134.340      0.000     134.340 
                        ha0     1     47.565      0.000      47.565 
                        ha1     1     47.565      0.000      47.565 
                        fa0     1     39.210      0.000      39.210 
                    p1          9    394.666      0.000     394.666 
                      p0        3    134.340      0.000     134.340 
                        ha0     1     47.565      0.000      47.565 
                        ha1     1     47.565      0.000      47.565 
                        fa0     1     39.210      0.000      39.210 
                      p1        3    134.340      0.000     134.340 
                        ha0     1     47.565      0.000      47.565 
                        ha1     1     47.565      0.000      47.565 
                        fa0     1     39.210      0.000      39.210 
                  p1           22    954.528      0.000     954.528 
                    p0          9    394.666      0.000     394.666 
                      p0        3    134.340      0.000     134.340 
                        ha0     1     47.565      0.000      47.565 
                        ha1     1     47.565      0.000      47.565 
                        fa0     1     39.210      0.000      39.210 
                      p1        3    134.340      0.000     134.340 
                        ha0     1     47.565      0.000      47.565 
                        ha1     1     47.565      0.000      47.565 
                        fa0     1     39.210      0.000      39.210 
                    p1          9    394.666      0.000     394.666 
                      p0        3    134.340      0.000     134.340 
                        ha0     1     47.565      0.000      47.565 
                        ha1     1     47.565      0.000      47.565 
                        fa0     1     39.210      0.000      39.210 
                      p1        3    134.340      0.000     134.340 
                        ha0     1     47.565      0.000      47.565 
                        ha1     1     47.565      0.000      47.565 
                        fa0     1     39.210      0.000      39.210 
                p1             49   2113.463      0.000    2113.463 
                  p0           22    954.528      0.000     954.528 
                    p0          9    394.666      0.000     394.666 
                      p0        3    134.340      0.000     134.340 
                        ha0     1     47.565      0.000      47.565 
                        ha1     1     47.565      0.000      47.565 
                        fa0     1     39.210      0.000      39.210 
                      p1        3    134.340      0.000     134.340 
                        ha0     1     47.565      0.000      47.565 
                        ha1     1     47.565      0.000      47.565 
                        fa0     1     39.210      0.000      39.210 
                    p1          9    394.666      0.000     394.666 
                      p0        3    134.340      0.000     134.340 
                        ha0     1     47.565      0.000      47.565 
                        ha1     1     47.565      0.000      47.565 
                        fa0     1     39.210      0.000      39.210 
                      p1        3    134.340      0.000     134.340 
                        ha0     1     47.565      0.000      47.565 
                        ha1     1     47.565      0.000      47.565 
                        fa0     1     39.210      0.000      39.210 
                  p1           22    954.528      0.000     954.528 
                    p0          9    394.666      0.000     394.666 
                      p0        3    134.340      0.000     134.340 
                        ha0     1     47.565      0.000      47.565 
                        ha1     1     47.565      0.000      47.565 
                        fa0     1     39.210      0.000      39.210 
                      p1        3    134.340      0.000     134.340 
                        ha0     1     47.565      0.000      47.565 
                        ha1     1     47.565      0.000      47.565 
                        fa0     1     39.210      0.000      39.210 
                    p1          9    394.666      0.000     394.666 
                      p0        3    134.340      0.000     134.340 
                        ha0     1     47.565      0.000      47.565 
                        ha1     1     47.565      0.000      47.565 
                        fa0     1     39.210      0.000      39.210 
                      p1        3    134.340      0.000     134.340 
                        ha0     1     47.565      0.000      47.565 
                        ha1     1     47.565      0.000      47.565 
                        fa0     1     39.210      0.000      39.210 
          p1                  438  18769.865      0.000   18769.865 
            p0                215   9223.914      0.000    9223.914 
              p0              104   4470.543      0.000    4470.543 
                p0             49   2113.463      0.000    2113.463 
                  p0           22    954.528      0.000     954.528 
                    p0          9    394.666      0.000     394.666 
                      p0        3    134.340      0.000     134.340 
                        ha0     1     47.565      0.000      47.565 
                        ha1     1     47.565      0.000      47.565 
                        fa0     1     39.210      0.000      39.210 
                      p1        3    134.340      0.000     134.340 
                        ha0     1     47.565      0.000      47.565 
                        ha1     1     47.565      0.000      47.565 
                        fa0     1     39.210      0.000      39.210 
                    p1          9    394.666      0.000     394.666 
                      p0        3    134.340      0.000     134.340 
                        ha0     1     47.565      0.000      47.565 
                        ha1     1     47.565      0.000      47.565 
                        fa0     1     39.210      0.000      39.210 
                      p1        3    134.340      0.000     134.340 
                        ha0     1     47.565      0.000      47.565 
                        ha1     1     47.565      0.000      47.565 
                        fa0     1     39.210      0.000      39.210 
                  p1           22    954.528      0.000     954.528 
                    p0          9    394.666      0.000     394.666 
                      p0        3    134.340      0.000     134.340 
                        ha0     1     47.565      0.000      47.565 
                        ha1     1     47.565      0.000      47.565 
                        fa0     1     39.210      0.000      39.210 
                      p1        3    134.340      0.000     134.340 
                        ha0     1     47.565      0.000      47.565 
                        ha1     1     47.565      0.000      47.565 
                        fa0     1     39.210      0.000      39.210 
                    p1          9    394.666      0.000     394.666 
                      p0        3    134.340      0.000     134.340 
                        ha0     1     47.565      0.000      47.565 
                        ha1     1     47.565      0.000      47.565 
                        fa0     1     39.210      0.000      39.210 
                      p1        3    134.340      0.000     134.340 
                        ha0     1     47.565      0.000      47.565 
                        ha1     1     47.565      0.000      47.565 
                        fa0     1     39.210      0.000      39.210 
                p1             49   2113.463      0.000    2113.463 
                  p0           22    954.528      0.000     954.528 
                    p0          9    394.666      0.000     394.666 
                      p0        3    134.340      0.000     134.340 
                        ha0     1     47.565      0.000      47.565 
                        ha1     1     47.565      0.000      47.565 
                        fa0     1     39.210      0.000      39.210 
                      p1        3    134.340      0.000     134.340 
                        ha0     1     47.565      0.000      47.565 
                        ha1     1     47.565      0.000      47.565 
                        fa0     1     39.210      0.000      39.210 
                    p1          9    394.666      0.000     394.666 
                      p0        3    134.340      0.000     134.340 
                        ha0     1     47.565      0.000      47.565 
                        ha1     1     47.565      0.000      47.565 
                        fa0     1     39.210      0.000      39.210 
                      p1        3    134.340      0.000     134.340 
                        ha0     1     47.565      0.000      47.565 
                        ha1     1     47.565      0.000      47.565 
                        fa0     1     39.210      0.000      39.210 
                  p1           22    954.528      0.000     954.528 
                    p0          9    394.666      0.000     394.666 
                      p0        3    134.340      0.000     134.340 
                        ha0     1     47.565      0.000      47.565 
                        ha1     1     47.565      0.000      47.565 
                        fa0     1     39.210      0.000      39.210 
                      p1        3    134.340      0.000     134.340 
                        ha0     1     47.565      0.000      47.565 
                        ha1     1     47.565      0.000      47.565 
                        fa0     1     39.210      0.000      39.210 
                    p1          9    394.666      0.000     394.666 
                      p0        3    134.340      0.000     134.340 
                        ha0     1     47.565      0.000      47.565 
                        ha1     1     47.565      0.000      47.565 
                        fa0     1     39.210      0.000      39.210 
                      p1        3    134.340      0.000     134.340 
                        ha0     1     47.565      0.000      47.565 
                        ha1     1     47.565      0.000      47.565 
                        fa0     1     39.210      0.000      39.210 
              p1              104   4470.543      0.000    4470.543 
                p0             49   2113.463      0.000    2113.463 
                  p0           22    954.528      0.000     954.528 
                    p0          9    394.666      0.000     394.666 
                      p0        3    134.340      0.000     134.340 
                        ha0     1     47.565      0.000      47.565 
                        ha1     1     47.565      0.000      47.565 
                        fa0     1     39.210      0.000      39.210 
                      p1        3    134.340      0.000     134.340 
                        ha0     1     47.565      0.000      47.565 
                        ha1     1     47.565      0.000      47.565 
                        fa0     1     39.210      0.000      39.210 
                    p1          9    394.666      0.000     394.666 
                      p0        3    134.340      0.000     134.340 
                        ha0     1     47.565      0.000      47.565 
                        ha1     1     47.565      0.000      47.565 
                        fa0     1     39.210      0.000      39.210 
                      p1        3    134.340      0.000     134.340 
                        ha0     1     47.565      0.000      47.565 
                        ha1     1     47.565      0.000      47.565 
                        fa0     1     39.210      0.000      39.210 
                  p1           22    954.528      0.000     954.528 
                    p0          9    394.666      0.000     394.666 
                      p0        3    134.340      0.000     134.340 
                        ha0     1     47.565      0.000      47.565 
                        ha1     1     47.565      0.000      47.565 
                        fa0     1     39.210      0.000      39.210 
                      p1        3    134.340      0.000     134.340 
                        ha0     1     47.565      0.000      47.565 
                        ha1     1     47.565      0.000      47.565 
                        fa0     1     39.210      0.000      39.210 
                    p1          9    394.666      0.000     394.666 
                      p0        3    134.340      0.000     134.340 
                        ha0     1     47.565      0.000      47.565 
                        ha1     1     47.565      0.000      47.565 
                        fa0     1     39.210      0.000      39.210 
                      p1        3    134.340      0.000     134.340 
                        ha0     1     47.565      0.000      47.565 
                        ha1     1     47.565      0.000      47.565 
                        fa0     1     39.210      0.000      39.210 
                p1             49   2113.463      0.000    2113.463 
                  p0           22    954.528      0.000     954.528 
                    p0          9    394.666      0.000     394.666 
                      p0        3    134.340      0.000     134.340 
                        ha0     1     47.565      0.000      47.565 
                        ha1     1     47.565      0.000      47.565 
                        fa0     1     39.210      0.000      39.210 
                      p1        3    134.340      0.000     134.340 
                        ha0     1     47.565      0.000      47.565 
                        ha1     1     47.565      0.000      47.565 
                        fa0     1     39.210      0.000      39.210 
                    p1          9    394.666      0.000     394.666 
                      p0        3    134.340      0.000     134.340 
                        ha0     1     47.565      0.000      47.565 
                        ha1     1     47.565      0.000      47.565 
                        fa0     1     39.210      0.000      39.210 
                      p1        3    134.340      0.000     134.340 
                        ha0     1     47.565      0.000      47.565 
                        ha1     1     47.565      0.000      47.565 
                        fa0     1     39.210      0.000      39.210 
                  p1           22    954.528      0.000     954.528 
                    p0          9    394.666      0.000     394.666 
                      p0        3    134.340      0.000     134.340 
                        ha0     1     47.565      0.000      47.565 
                        ha1     1     47.565      0.000      47.565 
                        fa0     1     39.210      0.000      39.210 
                      p1        3    134.340      0.000     134.340 
                        ha0     1     47.565      0.000      47.565 
                        ha1     1     47.565      0.000      47.565 
                        fa0     1     39.210      0.000      39.210 
                    p1          9    394.666      0.000     394.666 
                      p0        3    134.340      0.000     134.340 
                        ha0     1     47.565      0.000      47.565 
                        ha1     1     47.565      0.000      47.565 
                        fa0     1     39.210      0.000      39.210 
                      p1        3    134.340      0.000     134.340 
                        ha0     1     47.565      0.000      47.565 
                        ha1     1     47.565      0.000      47.565 
                        fa0     1     39.210      0.000      39.210 
            p1                215   9223.914      0.000    9223.914 
              p0              104   4470.543      0.000    4470.543 
                p0             49   2113.463      0.000    2113.463 
                  p0           22    954.528      0.000     954.528 
                    p0          9    394.666      0.000     394.666 
                      p0        3    134.340      0.000     134.340 
                        ha0     1     47.565      0.000      47.565 
                        ha1     1     47.565      0.000      47.565 
                        fa0     1     39.210      0.000      39.210 
                      p1        3    134.340      0.000     134.340 
                        ha0     1     47.565      0.000      47.565 
                        ha1     1     47.565      0.000      47.565 
                        fa0     1     39.210      0.000      39.210 
                    p1          9    394.666      0.000     394.666 
                      p0        3    134.340      0.000     134.340 
                        ha0     1     47.565      0.000      47.565 
                        ha1     1     47.565      0.000      47.565 
                        fa0     1     39.210      0.000      39.210 
                      p1        3    134.340      0.000     134.340 
                        ha0     1     47.565      0.000      47.565 
                        ha1     1     47.565      0.000      47.565 
                        fa0     1     39.210      0.000      39.210 
                  p1           22    954.528      0.000     954.528 
                    p0          9    394.666      0.000     394.666 
                      p0        3    134.340      0.000     134.340 
                        ha0     1     47.565      0.000      47.565 
                        ha1     1     47.565      0.000      47.565 
                        fa0     1     39.210      0.000      39.210 
                      p1        3    134.340      0.000     134.340 
                        ha0     1     47.565      0.000      47.565 
                        ha1     1     47.565      0.000      47.565 
                        fa0     1     39.210      0.000      39.210 
                    p1          9    394.666      0.000     394.666 
                      p0        3    134.340      0.000     134.340 
                        ha0     1     47.565      0.000      47.565 
                        ha1     1     47.565      0.000      47.565 
                        fa0     1     39.210      0.000      39.210 
                      p1        3    134.340      0.000     134.340 
                        ha0     1     47.565      0.000      47.565 
                        ha1     1     47.565      0.000      47.565 
                        fa0     1     39.210      0.000      39.210 
                p1             49   2113.463      0.000    2113.463 
                  p0           22    954.528      0.000     954.528 
                    p0          9    394.666      0.000     394.666 
                      p0        3    134.340      0.000     134.340 
                        ha0     1     47.565      0.000      47.565 
                        ha1     1     47.565      0.000      47.565 
                        fa0     1     39.210      0.000      39.210 
                      p1        3    134.340      0.000     134.340 
                        ha0     1     47.565      0.000      47.565 
                        ha1     1     47.565      0.000      47.565 
                        fa0     1     39.210      0.000      39.210 
                    p1          9    394.666      0.000     394.666 
                      p0        3    134.340      0.000     134.340 
                        ha0     1     47.565      0.000      47.565 
                        ha1     1     47.565      0.000      47.565 
                        fa0     1     39.210      0.000      39.210 
                      p1        3    134.340      0.000     134.340 
                        ha0     1     47.565      0.000      47.565 
                        ha1     1     47.565      0.000      47.565 
                        fa0     1     39.210      0.000      39.210 
                  p1           22    954.528      0.000     954.528 
                    p0          9    394.666      0.000     394.666 
                      p0        3    134.340      0.000     134.340 
                        ha0     1     47.565      0.000      47.565 
                        ha1     1     47.565      0.000      47.565 
                        fa0     1     39.210      0.000      39.210 
                      p1        3    134.340      0.000     134.340 
                        ha0     1     47.565      0.000      47.565 
                        ha1     1     47.565      0.000      47.565 
                        fa0     1     39.210      0.000      39.210 
                    p1          9    394.666      0.000     394.666 
                      p0        3    134.340      0.000     134.340 
                        ha0     1     47.565      0.000      47.565 
                        ha1     1     47.565      0.000      47.565 
                        fa0     1     39.210      0.000      39.210 
                      p1        3    134.340      0.000     134.340 
                        ha0     1     47.565      0.000      47.565 
                        ha1     1     47.565      0.000      47.565 
                        fa0     1     39.210      0.000      39.210 
              p1              104   4470.543      0.000    4470.543 
                p0             49   2113.463      0.000    2113.463 
                  p0           22    954.528      0.000     954.528 
                    p0          9    394.666      0.000     394.666 
                      p0        3    134.340      0.000     134.340 
                        ha0     1     47.565      0.000      47.565 
                        ha1     1     47.565      0.000      47.565 
                        fa0     1     39.210      0.000      39.210 
                      p1        3    134.340      0.000     134.340 
                        ha0     1     47.565      0.000      47.565 
                        ha1     1     47.565      0.000      47.565 
                        fa0     1     39.210      0.000      39.210 
                    p1          9    394.666      0.000     394.666 
                      p0        3    134.340      0.000     134.340 
                        ha0     1     47.565      0.000      47.565 
                        ha1     1     47.565      0.000      47.565 
                        fa0     1     39.210      0.000      39.210 
                      p1        3    134.340      0.000     134.340 
                        ha0     1     47.565      0.000      47.565 
                        ha1     1     47.565      0.000      47.565 
                        fa0     1     39.210      0.000      39.210 
                  p1           22    954.528      0.000     954.528 
                    p0          9    394.666      0.000     394.666 
                      p0        3    134.340      0.000     134.340 
                        ha0     1     47.565      0.000      47.565 
                        ha1     1     47.565      0.000      47.565 
                        fa0     1     39.210      0.000      39.210 
                      p1        3    134.340      0.000     134.340 
                        ha0     1     47.565      0.000      47.565 
                        ha1     1     47.565      0.000      47.565 
                        fa0     1     39.210      0.000      39.210 
                    p1          9    394.666      0.000     394.666 
                      p0        3    134.340      0.000     134.340 
                        ha0     1     47.565      0.000      47.565 
                        ha1     1     47.565      0.000      47.565 
                        fa0     1     39.210      0.000      39.210 
                      p1        3    134.340      0.000     134.340 
                        ha0     1     47.565      0.000      47.565 
                        ha1     1     47.565      0.000      47.565 
                        fa0     1     39.210      0.000      39.210 
                p1             49   2113.463      0.000    2113.463 
                  p0           22    954.528      0.000     954.528 
                    p0          9    394.666      0.000     394.666 
                      p0        3    134.340      0.000     134.340 
                        ha0     1     47.565      0.000      47.565 
                        ha1     1     47.565      0.000      47.565 
                        fa0     1     39.210      0.000      39.210 
                      p1        3    134.340      0.000     134.340 
                        ha0     1     47.565      0.000      47.565 
                        ha1     1     47.565      0.000      47.565 
                        fa0     1     39.210      0.000      39.210 
                    p1          9    394.666      0.000     394.666 
                      p0        3    134.340      0.000     134.340 
                        ha0     1     47.565      0.000      47.565 
                        ha1     1     47.565      0.000      47.565 
                        fa0     1     39.210      0.000      39.210 
                      p1        3    134.340      0.000     134.340 
                        ha0     1     47.565      0.000      47.565 
                        ha1     1     47.565      0.000      47.565 
                        fa0     1     39.210      0.000      39.210 
                  p1           22    954.528      0.000     954.528 
                    p0          9    394.666      0.000     394.666 
                      p0        3    134.340      0.000     134.340 
                        ha0     1     47.565      0.000      47.565 
                        ha1     1     47.565      0.000      47.565 
                        fa0     1     39.210      0.000      39.210 
                      p1        3    134.340      0.000     134.340 
                        ha0     1     47.565      0.000      47.565 
                        ha1     1     47.565      0.000      47.565 
                        fa0     1     39.210      0.000      39.210 
                    p1          9    394.666      0.000     394.666 
                      p0        3    134.340      0.000     134.340 
                        ha0     1     47.565      0.000      47.565 
                        ha1     1     47.565      0.000      47.565 
                        fa0     1     39.210      0.000      39.210 
                      p1        3    134.340      0.000     134.340 
                        ha0     1     47.565      0.000      47.565 
                        ha1     1     47.565      0.000      47.565 
                        fa0     1     39.210      0.000      39.210 
        p1                    885  37900.978      0.000   37900.978 
          p0                  438  18769.865      0.000   18769.865 
            p0                215   9223.914      0.000    9223.914 
              p0              104   4470.543      0.000    4470.543 
                p0             49   2113.463      0.000    2113.463 
                  p0           22    954.528      0.000     954.528 
                    p0          9    394.666      0.000     394.666 
                      p0        3    134.340      0.000     134.340 
                        ha0     1     47.565      0.000      47.565 
                        ha1     1     47.565      0.000      47.565 
                        fa0     1     39.210      0.000      39.210 
                      p1        3    134.340      0.000     134.340 
                        ha0     1     47.565      0.000      47.565 
                        ha1     1     47.565      0.000      47.565 
                        fa0     1     39.210      0.000      39.210 
                    p1          9    394.666      0.000     394.666 
                      p0        3    134.340      0.000     134.340 
                        ha0     1     47.565      0.000      47.565 
                        ha1     1     47.565      0.000      47.565 
                        fa0     1     39.210      0.000      39.210 
                      p1        3    134.340      0.000     134.340 
                        ha0     1     47.565      0.000      47.565 
                        ha1     1     47.565      0.000      47.565 
                        fa0     1     39.210      0.000      39.210 
                  p1           22    954.528      0.000     954.528 
                    p0          9    394.666      0.000     394.666 
                      p0        3    134.340      0.000     134.340 
                        ha0     1     47.565      0.000      47.565 
                        ha1     1     47.565      0.000      47.565 
                        fa0     1     39.210      0.000      39.210 
                      p1        3    134.340      0.000     134.340 
                        ha0     1     47.565      0.000      47.565 
                        ha1     1     47.565      0.000      47.565 
                        fa0     1     39.210      0.000      39.210 
                    p1          9    394.666      0.000     394.666 
                      p0        3    134.340      0.000     134.340 
                        ha0     1     47.565      0.000      47.565 
                        ha1     1     47.565      0.000      47.565 
                        fa0     1     39.210      0.000      39.210 
                      p1        3    134.340      0.000     134.340 
                        ha0     1     47.565      0.000      47.565 
                        ha1     1     47.565      0.000      47.565 
                        fa0     1     39.210      0.000      39.210 
                p1             49   2113.463      0.000    2113.463 
                  p0           22    954.528      0.000     954.528 
                    p0          9    394.666      0.000     394.666 
                      p0        3    134.340      0.000     134.340 
                        ha0     1     47.565      0.000      47.565 
                        ha1     1     47.565      0.000      47.565 
                        fa0     1     39.210      0.000      39.210 
                      p1        3    134.340      0.000     134.340 
                        ha0     1     47.565      0.000      47.565 
                        ha1     1     47.565      0.000      47.565 
                        fa0     1     39.210      0.000      39.210 
                    p1          9    394.666      0.000     394.666 
                      p0        3    134.340      0.000     134.340 
                        ha0     1     47.565      0.000      47.565 
                        ha1     1     47.565      0.000      47.565 
                        fa0     1     39.210      0.000      39.210 
                      p1        3    134.340      0.000     134.340 
                        ha0     1     47.565      0.000      47.565 
                        ha1     1     47.565      0.000      47.565 
                        fa0     1     39.210      0.000      39.210 
                  p1           22    954.528      0.000     954.528 
                    p0          9    394.666      0.000     394.666 
                      p0        3    134.340      0.000     134.340 
                        ha0     1     47.565      0.000      47.565 
                        ha1     1     47.565      0.000      47.565 
                        fa0     1     39.210      0.000      39.210 
                      p1        3    134.340      0.000     134.340 
                        ha0     1     47.565      0.000      47.565 
                        ha1     1     47.565      0.000      47.565 
                        fa0     1     39.210      0.000      39.210 
                    p1          9    394.666      0.000     394.666 
                      p0        3    134.340      0.000     134.340 
                        ha0     1     47.565      0.000      47.565 
                        ha1     1     47.565      0.000      47.565 
                        fa0     1     39.210      0.000      39.210 
                      p1        3    134.340      0.000     134.340 
                        ha0     1     47.565      0.000      47.565 
                        ha1     1     47.565      0.000      47.565 
                        fa0     1     39.210      0.000      39.210 
              p1              104   4470.543      0.000    4470.543 
                p0             49   2113.463      0.000    2113.463 
                  p0           22    954.528      0.000     954.528 
                    p0          9    394.666      0.000     394.666 
                      p0        3    134.340      0.000     134.340 
                        ha0     1     47.565      0.000      47.565 
                        ha1     1     47.565      0.000      47.565 
                        fa0     1     39.210      0.000      39.210 
                      p1        3    134.340      0.000     134.340 
                        ha0     1     47.565      0.000      47.565 
                        ha1     1     47.565      0.000      47.565 
                        fa0     1     39.210      0.000      39.210 
                    p1          9    394.666      0.000     394.666 
                      p0        3    134.340      0.000     134.340 
                        ha0     1     47.565      0.000      47.565 
                        ha1     1     47.565      0.000      47.565 
                        fa0     1     39.210      0.000      39.210 
                      p1        3    134.340      0.000     134.340 
                        ha0     1     47.565      0.000      47.565 
                        ha1     1     47.565      0.000      47.565 
                        fa0     1     39.210      0.000      39.210 
                  p1           22    954.528      0.000     954.528 
                    p0          9    394.666      0.000     394.666 
                      p0        3    134.340      0.000     134.340 
                        ha0     1     47.565      0.000      47.565 
                        ha1     1     47.565      0.000      47.565 
                        fa0     1     39.210      0.000      39.210 
                      p1        3    134.340      0.000     134.340 
                        ha0     1     47.565      0.000      47.565 
                        ha1     1     47.565      0.000      47.565 
                        fa0     1     39.210      0.000      39.210 
                    p1          9    394.666      0.000     394.666 
                      p0        3    134.340      0.000     134.340 
                        ha0     1     47.565      0.000      47.565 
                        ha1     1     47.565      0.000      47.565 
                        fa0     1     39.210      0.000      39.210 
                      p1        3    134.340      0.000     134.340 
                        ha0     1     47.565      0.000      47.565 
                        ha1     1     47.565      0.000      47.565 
                        fa0     1     39.210      0.000      39.210 
                p1             49   2113.463      0.000    2113.463 
                  p0           22    954.528      0.000     954.528 
                    p0          9    394.666      0.000     394.666 
                      p0        3    134.340      0.000     134.340 
                        ha0     1     47.565      0.000      47.565 
                        ha1     1     47.565      0.000      47.565 
                        fa0     1     39.210      0.000      39.210 
                      p1        3    134.340      0.000     134.340 
                        ha0     1     47.565      0.000      47.565 
                        ha1     1     47.565      0.000      47.565 
                        fa0     1     39.210      0.000      39.210 
                    p1          9    394.666      0.000     394.666 
                      p0        3    134.340      0.000     134.340 
                        ha0     1     47.565      0.000      47.565 
                        ha1     1     47.565      0.000      47.565 
                        fa0     1     39.210      0.000      39.210 
                      p1        3    134.340      0.000     134.340 
                        ha0     1     47.565      0.000      47.565 
                        ha1     1     47.565      0.000      47.565 
                        fa0     1     39.210      0.000      39.210 
                  p1           22    954.528      0.000     954.528 
                    p0          9    394.666      0.000     394.666 
                      p0        3    134.340      0.000     134.340 
                        ha0     1     47.565      0.000      47.565 
                        ha1     1     47.565      0.000      47.565 
                        fa0     1     39.210      0.000      39.210 
                      p1        3    134.340      0.000     134.340 
                        ha0     1     47.565      0.000      47.565 
                        ha1     1     47.565      0.000      47.565 
                        fa0     1     39.210      0.000      39.210 
                    p1          9    394.666      0.000     394.666 
                      p0        3    134.340      0.000     134.340 
                        ha0     1     47.565      0.000      47.565 
                        ha1     1     47.565      0.000      47.565 
                        fa0     1     39.210      0.000      39.210 
                      p1        3    134.340      0.000     134.340 
                        ha0     1     47.565      0.000      47.565 
                        ha1     1     47.565      0.000      47.565 
                        fa0     1     39.210      0.000      39.210 
            p1                215   9223.914      0.000    9223.914 
              p0              104   4470.543      0.000    4470.543 
                p0             49   2113.463      0.000    2113.463 
                  p0           22    954.528      0.000     954.528 
                    p0          9    394.666      0.000     394.666 
                      p0        3    134.340      0.000     134.340 
                        ha0     1     47.565      0.000      47.565 
                        ha1     1     47.565      0.000      47.565 
                        fa0     1     39.210      0.000      39.210 
                      p1        3    134.340      0.000     134.340 
                        ha0     1     47.565      0.000      47.565 
                        ha1     1     47.565      0.000      47.565 
                        fa0     1     39.210      0.000      39.210 
                    p1          9    394.666      0.000     394.666 
                      p0        3    134.340      0.000     134.340 
                        ha0     1     47.565      0.000      47.565 
                        ha1     1     47.565      0.000      47.565 
                        fa0     1     39.210      0.000      39.210 
                      p1        3    134.340      0.000     134.340 
                        ha0     1     47.565      0.000      47.565 
                        ha1     1     47.565      0.000      47.565 
                        fa0     1     39.210      0.000      39.210 
                  p1           22    954.528      0.000     954.528 
                    p0          9    394.666      0.000     394.666 
                      p0        3    134.340      0.000     134.340 
                        ha0     1     47.565      0.000      47.565 
                        ha1     1     47.565      0.000      47.565 
                        fa0     1     39.210      0.000      39.210 
                      p1        3    134.340      0.000     134.340 
                        ha0     1     47.565      0.000      47.565 
                        ha1     1     47.565      0.000      47.565 
                        fa0     1     39.210      0.000      39.210 
                    p1          9    394.666      0.000     394.666 
                      p0        3    134.340      0.000     134.340 
                        ha0     1     47.565      0.000      47.565 
                        ha1     1     47.565      0.000      47.565 
                        fa0     1     39.210      0.000      39.210 
                      p1        3    134.340      0.000     134.340 
                        ha0     1     47.565      0.000      47.565 
                        ha1     1     47.565      0.000      47.565 
                        fa0     1     39.210      0.000      39.210 
                p1             49   2113.463      0.000    2113.463 
                  p0           22    954.528      0.000     954.528 
                    p0          9    394.666      0.000     394.666 
                      p0        3    134.340      0.000     134.340 
                        ha0     1     47.565      0.000      47.565 
                        ha1     1     47.565      0.000      47.565 
                        fa0     1     39.210      0.000      39.210 
                      p1        3    134.340      0.000     134.340 
                        ha0     1     47.565      0.000      47.565 
                        ha1     1     47.565      0.000      47.565 
                        fa0     1     39.210      0.000      39.210 
                    p1          9    394.666      0.000     394.666 
                      p0        3    134.340      0.000     134.340 
                        ha0     1     47.565      0.000      47.565 
                        ha1     1     47.565      0.000      47.565 
                        fa0     1     39.210      0.000      39.210 
                      p1        3    134.340      0.000     134.340 
                        ha0     1     47.565      0.000      47.565 
                        ha1     1     47.565      0.000      47.565 
                        fa0     1     39.210      0.000      39.210 
                  p1           22    954.528      0.000     954.528 
                    p0          9    394.666      0.000     394.666 
                      p0        3    134.340      0.000     134.340 
                        ha0     1     47.565      0.000      47.565 
                        ha1     1     47.565      0.000      47.565 
                        fa0     1     39.210      0.000      39.210 
                      p1        3    134.340      0.000     134.340 
                        ha0     1     47.565      0.000      47.565 
                        ha1     1     47.565      0.000      47.565 
                        fa0     1     39.210      0.000      39.210 
                    p1          9    394.666      0.000     394.666 
                      p0        3    134.340      0.000     134.340 
                        ha0     1     47.565      0.000      47.565 
                        ha1     1     47.565      0.000      47.565 
                        fa0     1     39.210      0.000      39.210 
                      p1        3    134.340      0.000     134.340 
                        ha0     1     47.565      0.000      47.565 
                        ha1     1     47.565      0.000      47.565 
                        fa0     1     39.210      0.000      39.210 
              p1              104   4470.543      0.000    4470.543 
                p0             49   2113.463      0.000    2113.463 
                  p0           22    954.528      0.000     954.528 
                    p0          9    394.666      0.000     394.666 
                      p0        3    134.340      0.000     134.340 
                        ha0     1     47.565      0.000      47.565 
                        ha1     1     47.565      0.000      47.565 
                        fa0     1     39.210      0.000      39.210 
                      p1        3    134.340      0.000     134.340 
                        ha0     1     47.565      0.000      47.565 
                        ha1     1     47.565      0.000      47.565 
                        fa0     1     39.210      0.000      39.210 
                    p1          9    394.666      0.000     394.666 
                      p0        3    134.340      0.000     134.340 
                        ha0     1     47.565      0.000      47.565 
                        ha1     1     47.565      0.000      47.565 
                        fa0     1     39.210      0.000      39.210 
                      p1        3    134.340      0.000     134.340 
                        ha0     1     47.565      0.000      47.565 
                        ha1     1     47.565      0.000      47.565 
                        fa0     1     39.210      0.000      39.210 
                  p1           22    954.528      0.000     954.528 
                    p0          9    394.666      0.000     394.666 
                      p0        3    134.340      0.000     134.340 
                        ha0     1     47.565      0.000      47.565 
                        ha1     1     47.565      0.000      47.565 
                        fa0     1     39.210      0.000      39.210 
                      p1        3    134.340      0.000     134.340 
                        ha0     1     47.565      0.000      47.565 
                        ha1     1     47.565      0.000      47.565 
                        fa0     1     39.210      0.000      39.210 
                    p1          9    394.666      0.000     394.666 
                      p0        3    134.340      0.000     134.340 
                        ha0     1     47.565      0.000      47.565 
                        ha1     1     47.565      0.000      47.565 
                        fa0     1     39.210      0.000      39.210 
                      p1        3    134.340      0.000     134.340 
                        ha0     1     47.565      0.000      47.565 
                        ha1     1     47.565      0.000      47.565 
                        fa0     1     39.210      0.000      39.210 
                p1             49   2113.463      0.000    2113.463 
                  p0           22    954.528      0.000     954.528 
                    p0          9    394.666      0.000     394.666 
                      p0        3    134.340      0.000     134.340 
                        ha0     1     47.565      0.000      47.565 
                        ha1     1     47.565      0.000      47.565 
                        fa0     1     39.210      0.000      39.210 
                      p1        3    134.340      0.000     134.340 
                        ha0     1     47.565      0.000      47.565 
                        ha1     1     47.565      0.000      47.565 
                        fa0     1     39.210      0.000      39.210 
                    p1          9    394.666      0.000     394.666 
                      p0        3    134.340      0.000     134.340 
                        ha0     1     47.565      0.000      47.565 
                        ha1     1     47.565      0.000      47.565 
                        fa0     1     39.210      0.000      39.210 
                      p1        3    134.340      0.000     134.340 
                        ha0     1     47.565      0.000      47.565 
                        ha1     1     47.565      0.000      47.565 
                        fa0     1     39.210      0.000      39.210 
                  p1           22    954.528      0.000     954.528 
                    p0          9    394.666      0.000     394.666 
                      p0        3    134.340      0.000     134.340 
                        ha0     1     47.565      0.000      47.565 
                        ha1     1     47.565      0.000      47.565 
                        fa0     1     39.210      0.000      39.210 
                      p1        3    134.340      0.000     134.340 
                        ha0     1     47.565      0.000      47.565 
                        ha1     1     47.565      0.000      47.565 
                        fa0     1     39.210      0.000      39.210 
                    p1          9    394.666      0.000     394.666 
                      p0        3    134.340      0.000     134.340 
                        ha0     1     47.565      0.000      47.565 
                        ha1     1     47.565      0.000      47.565 
                        fa0     1     39.210      0.000      39.210 
                      p1        3    134.340      0.000     134.340 
                        ha0     1     47.565      0.000      47.565 
                        ha1     1     47.565      0.000      47.565 
                        fa0     1     39.210      0.000      39.210 
          p1                  438  18769.865      0.000   18769.865 
            p0                215   9223.914      0.000    9223.914 
              p0              104   4470.543      0.000    4470.543 
                p0             49   2113.463      0.000    2113.463 
                  p0           22    954.528      0.000     954.528 
                    p0          9    394.666      0.000     394.666 
                      p0        3    134.340      0.000     134.340 
                        ha0     1     47.565      0.000      47.565 
                        ha1     1     47.565      0.000      47.565 
                        fa0     1     39.210      0.000      39.210 
                      p1        3    134.340      0.000     134.340 
                        ha0     1     47.565      0.000      47.565 
                        ha1     1     47.565      0.000      47.565 
                        fa0     1     39.210      0.000      39.210 
                    p1          9    394.666      0.000     394.666 
                      p0        3    134.340      0.000     134.340 
                        ha0     1     47.565      0.000      47.565 
                        ha1     1     47.565      0.000      47.565 
                        fa0     1     39.210      0.000      39.210 
                      p1        3    134.340      0.000     134.340 
                        ha0     1     47.565      0.000      47.565 
                        ha1     1     47.565      0.000      47.565 
                        fa0     1     39.210      0.000      39.210 
                  p1           22    954.528      0.000     954.528 
                    p0          9    394.666      0.000     394.666 
                      p0        3    134.340      0.000     134.340 
                        ha0     1     47.565      0.000      47.565 
                        ha1     1     47.565      0.000      47.565 
                        fa0     1     39.210      0.000      39.210 
                      p1        3    134.340      0.000     134.340 
                        ha0     1     47.565      0.000      47.565 
                        ha1     1     47.565      0.000      47.565 
                        fa0     1     39.210      0.000      39.210 
                    p1          9    394.666      0.000     394.666 
                      p0        3    134.340      0.000     134.340 
                        ha0     1     47.565      0.000      47.565 
                        ha1     1     47.565      0.000      47.565 
                        fa0     1     39.210      0.000      39.210 
                      p1        3    134.340      0.000     134.340 
                        ha0     1     47.565      0.000      47.565 
                        ha1     1     47.565      0.000      47.565 
                        fa0     1     39.210      0.000      39.210 
                p1             49   2113.463      0.000    2113.463 
                  p0           22    954.528      0.000     954.528 
                    p0          9    394.666      0.000     394.666 
                      p0        3    134.340      0.000     134.340 
                        ha0     1     47.565      0.000      47.565 
                        ha1     1     47.565      0.000      47.565 
                        fa0     1     39.210      0.000      39.210 
                      p1        3    134.340      0.000     134.340 
                        ha0     1     47.565      0.000      47.565 
                        ha1     1     47.565      0.000      47.565 
                        fa0     1     39.210      0.000      39.210 
                    p1          9    394.666      0.000     394.666 
                      p0        3    134.340      0.000     134.340 
                        ha0     1     47.565      0.000      47.565 
                        ha1     1     47.565      0.000      47.565 
                        fa0     1     39.210      0.000      39.210 
                      p1        3    134.340      0.000     134.340 
                        ha0     1     47.565      0.000      47.565 
                        ha1     1     47.565      0.000      47.565 
                        fa0     1     39.210      0.000      39.210 
                  p1           22    954.528      0.000     954.528 
                    p0          9    394.666      0.000     394.666 
                      p0        3    134.340      0.000     134.340 
                        ha0     1     47.565      0.000      47.565 
                        ha1     1     47.565      0.000      47.565 
                        fa0     1     39.210      0.000      39.210 
                      p1        3    134.340      0.000     134.340 
                        ha0     1     47.565      0.000      47.565 
                        ha1     1     47.565      0.000      47.565 
                        fa0     1     39.210      0.000      39.210 
                    p1          9    394.666      0.000     394.666 
                      p0        3    134.340      0.000     134.340 
                        ha0     1     47.565      0.000      47.565 
                        ha1     1     47.565      0.000      47.565 
                        fa0     1     39.210      0.000      39.210 
                      p1        3    134.340      0.000     134.340 
                        ha0     1     47.565      0.000      47.565 
                        ha1     1     47.565      0.000      47.565 
                        fa0     1     39.210      0.000      39.210 
              p1              104   4470.543      0.000    4470.543 
                p0             49   2113.463      0.000    2113.463 
                  p0           22    954.528      0.000     954.528 
                    p0          9    394.666      0.000     394.666 
                      p0        3    134.340      0.000     134.340 
                        ha0     1     47.565      0.000      47.565 
                        ha1     1     47.565      0.000      47.565 
                        fa0     1     39.210      0.000      39.210 
                      p1        3    134.340      0.000     134.340 
                        ha0     1     47.565      0.000      47.565 
                        ha1     1     47.565      0.000      47.565 
                        fa0     1     39.210      0.000      39.210 
                    p1          9    394.666      0.000     394.666 
                      p0        3    134.340      0.000     134.340 
                        ha0     1     47.565      0.000      47.565 
                        ha1     1     47.565      0.000      47.565 
                        fa0     1     39.210      0.000      39.210 
                      p1        3    134.340      0.000     134.340 
                        ha0     1     47.565      0.000      47.565 
                        ha1     1     47.565      0.000      47.565 
                        fa0     1     39.210      0.000      39.210 
                  p1           22    954.528      0.000     954.528 
                    p0          9    394.666      0.000     394.666 
                      p0        3    134.340      0.000     134.340 
                        ha0     1     47.565      0.000      47.565 
                        ha1     1     47.565      0.000      47.565 
                        fa0     1     39.210      0.000      39.210 
                      p1        3    134.340      0.000     134.340 
                        ha0     1     47.565      0.000      47.565 
                        ha1     1     47.565      0.000      47.565 
                        fa0     1     39.210      0.000      39.210 
                    p1          9    394.666      0.000     394.666 
                      p0        3    134.340      0.000     134.340 
                        ha0     1     47.565      0.000      47.565 
                        ha1     1     47.565      0.000      47.565 
                        fa0     1     39.210      0.000      39.210 
                      p1        3    134.340      0.000     134.340 
                        ha0     1     47.565      0.000      47.565 
                        ha1     1     47.565      0.000      47.565 
                        fa0     1     39.210      0.000      39.210 
                p1             49   2113.463      0.000    2113.463 
                  p0           22    954.528      0.000     954.528 
                    p0          9    394.666      0.000     394.666 
                      p0        3    134.340      0.000     134.340 
                        ha0     1     47.565      0.000      47.565 
                        ha1     1     47.565      0.000      47.565 
                        fa0     1     39.210      0.000      39.210 
                      p1        3    134.340      0.000     134.340 
                        ha0     1     47.565      0.000      47.565 
                        ha1     1     47.565      0.000      47.565 
                        fa0     1     39.210      0.000      39.210 
                    p1          9    394.666      0.000     394.666 
                      p0        3    134.340      0.000     134.340 
                        ha0     1     47.565      0.000      47.565 
                        ha1     1     47.565      0.000      47.565 
                        fa0     1     39.210      0.000      39.210 
                      p1        3    134.340      0.000     134.340 
                        ha0     1     47.565      0.000      47.565 
                        ha1     1     47.565      0.000      47.565 
                        fa0     1     39.210      0.000      39.210 
                  p1           22    954.528      0.000     954.528 
                    p0          9    394.666      0.000     394.666 
                      p0        3    134.340      0.000     134.340 
                        ha0     1     47.565      0.000      47.565 
                        ha1     1     47.565      0.000      47.565 
                        fa0     1     39.210      0.000      39.210 
                      p1        3    134.340      0.000     134.340 
                        ha0     1     47.565      0.000      47.565 
                        ha1     1     47.565      0.000      47.565 
                        fa0     1     39.210      0.000      39.210 
                    p1          9    394.666      0.000     394.666 
                      p0        3    134.340      0.000     134.340 
                        ha0     1     47.565      0.000      47.565 
                        ha1     1     47.565      0.000      47.565 
                        fa0     1     39.210      0.000      39.210 
                      p1        3    134.340      0.000     134.340 
                        ha0     1     47.565      0.000      47.565 
                        ha1     1     47.565      0.000      47.565 
                        fa0     1     39.210      0.000      39.210 
            p1                215   9223.914      0.000    9223.914 
              p0              104   4470.543      0.000    4470.543 
                p0             49   2113.463      0.000    2113.463 
                  p0           22    954.528      0.000     954.528 
                    p0          9    394.666      0.000     394.666 
                      p0        3    134.340      0.000     134.340 
                        ha0     1     47.565      0.000      47.565 
                        ha1     1     47.565      0.000      47.565 
                        fa0     1     39.210      0.000      39.210 
                      p1        3    134.340      0.000     134.340 
                        ha0     1     47.565      0.000      47.565 
                        ha1     1     47.565      0.000      47.565 
                        fa0     1     39.210      0.000      39.210 
                    p1          9    394.666      0.000     394.666 
                      p0        3    134.340      0.000     134.340 
                        ha0     1     47.565      0.000      47.565 
                        ha1     1     47.565      0.000      47.565 
                        fa0     1     39.210      0.000      39.210 
                      p1        3    134.340      0.000     134.340 
                        ha0     1     47.565      0.000      47.565 
                        ha1     1     47.565      0.000      47.565 
                        fa0     1     39.210      0.000      39.210 
                  p1           22    954.528      0.000     954.528 
                    p0          9    394.666      0.000     394.666 
                      p0        3    134.340      0.000     134.340 
                        ha0     1     47.565      0.000      47.565 
                        ha1     1     47.565      0.000      47.565 
                        fa0     1     39.210      0.000      39.210 
                      p1        3    134.340      0.000     134.340 
                        ha0     1     47.565      0.000      47.565 
                        ha1     1     47.565      0.000      47.565 
                        fa0     1     39.210      0.000      39.210 
                    p1          9    394.666      0.000     394.666 
                      p0        3    134.340      0.000     134.340 
                        ha0     1     47.565      0.000      47.565 
                        ha1     1     47.565      0.000      47.565 
                        fa0     1     39.210      0.000      39.210 
                      p1        3    134.340      0.000     134.340 
                        ha0     1     47.565      0.000      47.565 
                        ha1     1     47.565      0.000      47.565 
                        fa0     1     39.210      0.000      39.210 
                p1             49   2113.463      0.000    2113.463 
                  p0           22    954.528      0.000     954.528 
                    p0          9    394.666      0.000     394.666 
                      p0        3    134.340      0.000     134.340 
                        ha0     1     47.565      0.000      47.565 
                        ha1     1     47.565      0.000      47.565 
                        fa0     1     39.210      0.000      39.210 
                      p1        3    134.340      0.000     134.340 
                        ha0     1     47.565      0.000      47.565 
                        ha1     1     47.565      0.000      47.565 
                        fa0     1     39.210      0.000      39.210 
                    p1          9    394.666      0.000     394.666 
                      p0        3    134.340      0.000     134.340 
                        ha0     1     47.565      0.000      47.565 
                        ha1     1     47.565      0.000      47.565 
                        fa0     1     39.210      0.000      39.210 
                      p1        3    134.340      0.000     134.340 
                        ha0     1     47.565      0.000      47.565 
                        ha1     1     47.565      0.000      47.565 
                        fa0     1     39.210      0.000      39.210 
                  p1           22    954.528      0.000     954.528 
                    p0          9    394.666      0.000     394.666 
                      p0        3    134.340      0.000     134.340 
                        ha0     1     47.565      0.000      47.565 
                        ha1     1     47.565      0.000      47.565 
                        fa0     1     39.210      0.000      39.210 
                      p1        3    134.340      0.000     134.340 
                        ha0     1     47.565      0.000      47.565 
                        ha1     1     47.565      0.000      47.565 
                        fa0     1     39.210      0.000      39.210 
                    p1          9    394.666      0.000     394.666 
                      p0        3    134.340      0.000     134.340 
                        ha0     1     47.565      0.000      47.565 
                        ha1     1     47.565      0.000      47.565 
                        fa0     1     39.210      0.000      39.210 
                      p1        3    134.340      0.000     134.340 
                        ha0     1     47.565      0.000      47.565 
                        ha1     1     47.565      0.000      47.565 
                        fa0     1     39.210      0.000      39.210 
              p1              104   4470.543      0.000    4470.543 
                p0             49   2113.463      0.000    2113.463 
                  p0           22    954.528      0.000     954.528 
                    p0          9    394.666      0.000     394.666 
                      p0        3    134.340      0.000     134.340 
                        ha0     1     47.565      0.000      47.565 
                        ha1     1     47.565      0.000      47.565 
                        fa0     1     39.210      0.000      39.210 
                      p1        3    134.340      0.000     134.340 
                        ha0     1     47.565      0.000      47.565 
                        ha1     1     47.565      0.000      47.565 
                        fa0     1     39.210      0.000      39.210 
                    p1          9    394.666      0.000     394.666 
                      p0        3    134.340      0.000     134.340 
                        ha0     1     47.565      0.000      47.565 
                        ha1     1     47.565      0.000      47.565 
                        fa0     1     39.210      0.000      39.210 
                      p1        3    134.340      0.000     134.340 
                        ha0     1     47.565      0.000      47.565 
                        ha1     1     47.565      0.000      47.565 
                        fa0     1     39.210      0.000      39.210 
                  p1           22    954.528      0.000     954.528 
                    p0          9    394.666      0.000     394.666 
                      p0        3    134.340      0.000     134.340 
                        ha0     1     47.565      0.000      47.565 
                        ha1     1     47.565      0.000      47.565 
                        fa0     1     39.210      0.000      39.210 
                      p1        3    134.340      0.000     134.340 
                        ha0     1     47.565      0.000      47.565 
                        ha1     1     47.565      0.000      47.565 
                        fa0     1     39.210      0.000      39.210 
                    p1          9    394.666      0.000     394.666 
                      p0        3    134.340      0.000     134.340 
                        ha0     1     47.565      0.000      47.565 
                        ha1     1     47.565      0.000      47.565 
                        fa0     1     39.210      0.000      39.210 
                      p1        3    134.340      0.000     134.340 
                        ha0     1     47.565      0.000      47.565 
                        ha1     1     47.565      0.000      47.565 
                        fa0     1     39.210      0.000      39.210 
                p1             49   2113.463      0.000    2113.463 
                  p0           22    954.528      0.000     954.528 
                    p0          9    394.666      0.000     394.666 
                      p0        3    134.340      0.000     134.340 
                        ha0     1     47.565      0.000      47.565 
                        ha1     1     47.565      0.000      47.565 
                        fa0     1     39.210      0.000      39.210 
                      p1        3    134.340      0.000     134.340 
                        ha0     1     47.565      0.000      47.565 
                        ha1     1     47.565      0.000      47.565 
                        fa0     1     39.210      0.000      39.210 
                    p1          9    394.666      0.000     394.666 
                      p0        3    134.340      0.000     134.340 
                        ha0     1     47.565      0.000      47.565 
                        ha1     1     47.565      0.000      47.565 
                        fa0     1     39.210      0.000      39.210 
                      p1        3    134.340      0.000     134.340 
                        ha0     1     47.565      0.000      47.565 
                        ha1     1     47.565      0.000      47.565 
                        fa0     1     39.210      0.000      39.210 
                  p1           22    954.528      0.000     954.528 
                    p0          9    394.666      0.000     394.666 
                      p0        3    134.340      0.000     134.340 
                        ha0     1     47.565      0.000      47.565 
                        ha1     1     47.565      0.000      47.565 
                        fa0     1     39.210      0.000      39.210 
                      p1        3    134.340      0.000     134.340 
                        ha0     1     47.565      0.000      47.565 
                        ha1     1     47.565      0.000      47.565 
                        fa0     1     39.210      0.000      39.210 
                    p1          9    394.666      0.000     394.666 
                      p0        3    134.340      0.000     134.340 
                        ha0     1     47.565      0.000      47.565 
                        ha1     1     47.565      0.000      47.565 
                        fa0     1     39.210      0.000      39.210 
                      p1        3    134.340      0.000     134.340 
                        ha0     1     47.565      0.000      47.565 
                        ha1     1     47.565      0.000      47.565 
                        fa0     1     39.210      0.000      39.210 
      ctr                     131   4894.688 253318.011  258212.700 
        add_55_25              26   1027.825  17795.438   18823.263 
    cas                       452   4429.132 382205.246  386634.379 
      genblk1.cas8             73    692.917  62519.011   63211.928 
      genblk1.cas5             58    547.469  41337.026   41884.495 
      genblk1.cas6             58    547.469  45848.593   46396.061 
      genblk1.cas7             58    547.469  57263.611   57811.080 
      genblk1.cas0             41    418.762  29936.874   30355.636 
      genblk1.cas1             41    418.762  30678.557   31097.319 
      genblk1.cas2             41    418.762  33015.400   33434.162 
      genblk1.cas3             41    418.762  37694.936   38113.697 
      genblk1.cas4             41    418.762  43911.238   44330.000 
    genblk1[4].genblk1.sng     41    912.149  43449.212   44361.361 
      ctr                      18    716.363  40004.517   40720.880 
    genblk1[0].genblk1.sng     39    901.409  53915.016   54816.424 
      ctr                      17    696.609  50438.133   51134.742 
    genblk1[1].genblk1.sng     39    901.409  54071.018   54972.426 
      ctr                      17    696.609  50502.463   51199.073 
    genblk1[2].genblk1.sng     39    901.409  54514.952   55416.360 
      ctr                      17    696.609  50922.672   51619.281 
    genblk1[3].genblk1.sng     39    901.409  53197.259   54098.668 
      ctr                      17    696.609  49653.369   50349.978 

