============================================================
  Generated by:           Encounter(R) RTL Compiler v14.10-s022_1
  Generated on:           Jul 25 2021  01:35:37 pm
  Module:                 ms_es_ordered_bs_by2_mul_synth
  Technology library:     gscl45nm 
  Operating conditions:   typical (balanced_tree)
  Wireload mode:          enclosed
  Area mode:              timing library
============================================================

             Instance               Cells  Cell Area  Net Area  Total Area  Wireload     
-----------------------------------------------------------------------------------------
ms_es_ordered_bs_by2_mul_synth       1416       4311         0        4311    <none> (D) 
  TOP                                1416       4311         0        4311    <none> (D) 
    genblk2.stoch2bin                 188       1015         0        1015    <none> (D) 
      ctr                             161        853         0         853    <none> (D) 
        add_55_25                      32        281         0         281    <none> (D) 
      par_ctr                          22        150         0         150    <none> (D) 
        p1                              9         59         0          59    <none> (D) 
          p1                            3         18         0          18    <none> (D) 
            fa0                         1          9         0           9    <none> (D) 
            ha1                         1          5         0           5    <none> (D) 
            ha0                         1          5         0           5    <none> (D) 
          p0                            3         18         0          18    <none> (D) 
            fa0                         1          9         0           9    <none> (D) 
            ha1                         1          5         0           5    <none> (D) 
            ha0                         1          5         0           5    <none> (D) 
        p0                              9         59         0          59    <none> (D) 
          p1                            3         18         0          18    <none> (D) 
            fa0                         1          9         0           9    <none> (D) 
            ha1                         1          5         0           5    <none> (D) 
            ha0                         1          5         0           5    <none> (D) 
          p0                            3         18         0          18    <none> (D) 
            fa0                         1          9         0           9    <none> (D) 
            ha1                         1          5         0           5    <none> (D) 
            ha0                         1          5         0           5    <none> (D) 
    genblk1[2].genblk4.genblk2.sng    311        830         0         830    <none> (D) 
      genblk2[0].max_comparator       142        352         0         352    <none> (D) 
      genblk2[1].max_comparator       132        308         0         308    <none> (D) 
      ctr                              37        169         0         169    <none> (D) 
    genblk1[1].genblk4.genblk1.sng    304        825         0         825    <none> (D) 
      genblk2[0].max_comparator       140        352         0         352    <none> (D) 
      genblk2[1].max_comparator       127        305         0         305    <none> (D) 
      ctr                              37        169         0         169    <none> (D) 
    genblk1[0].genblk1.sng            294        793         0         793    <none> (D) 
      genblk2[0].max_comparator       141        348         0         348    <none> (D) 
      genblk2[1].max_comparator       116        276         0         276    <none> (D) 
      ctr                              37        169         0         169    <none> (D) 
    genblk1[3].genblk2.sng            293        787         0         787    <none> (D) 
      genblk2[0].min_comparator       142        344         0         344    <none> (D) 
      genblk2[1].min_comparator       113        272         0         272    <none> (D) 
      ctr                              38        172         0         172    <none> (D) 

 (D) = wireload is default in technology library
