============================================================
  Generated by:           Encounter(R) RTL Compiler v14.10-s022_1
  Generated on:           Jul 25 2021  01:33:05 pm
  Module:                 ms_es_ordered_bs_by2_mul_synth
  Technology library:     gscl45nm 
  Operating conditions:   typical (balanced_tree)
  Wireload mode:          enclosed
  Area mode:              timing library
============================================================

             Instance               Cells  Cell Area  Net Area  Total Area  Wireload     
-----------------------------------------------------------------------------------------
ms_es_ordered_bs_by2_mul_synth        698       2199         0        2199    <none> (D) 
  TOP                                 698       2199         0        2199    <none> (D) 
    genblk2.stoch2bin                 118        625         0         625    <none> (D) 
      ctr                             106        559         0         559    <none> (D) 
        add_55_25                      21        183         0         183    <none> (D) 
      par_ctr                           9         59         0          59    <none> (D) 
        p1                              3         18         0          18    <none> (D) 
          fa0                           1          9         0           9    <none> (D) 
          ha1                           1          5         0           5    <none> (D) 
          ha0                           1          5         0           5    <none> (D) 
        p0                              3         18         0          18    <none> (D) 
          fa0                           1          9         0           9    <none> (D) 
          ha1                           1          5         0           5    <none> (D) 
          ha0                           1          5         0           5    <none> (D) 
    genblk1[1].genblk3.genblk1.sng    192        523         0         523    <none> (D) 
      genblk2[0].max_comparator        86        203         0         203    <none> (D) 
      genblk2[1].max_comparator        74        173         0         173    <none> (D) 
      ctr                              32        147         0         147    <none> (D) 
    genblk1[2].genblk2.sng            190        516         0         516    <none> (D) 
      genblk2[0].min_comparator        79        189         0         189    <none> (D) 
      genblk2[1].min_comparator        78        177         0         177    <none> (D) 
      ctr                              33        149         0         149    <none> (D) 
    genblk1[0].genblk1.sng            184        503         0         503    <none> (D) 
      genblk2[0].max_comparator        82        196         0         196    <none> (D) 
      genblk2[1].max_comparator        70        161         0         161    <none> (D) 
      ctr                              32        147         0         147    <none> (D) 

 (D) = wireload is default in technology library
