============================================================
  Generated by:           Encounter(R) RTL Compiler v14.10-s022_1
  Generated on:           Jul 25 2021  01:49:15 pm
  Module:                 ms_es_naive_by4_mul_synth
  Technology library:     gscl45nm 
  Operating conditions:   typical (balanced_tree)
  Wireload mode:          enclosed
  Area mode:              timing library
============================================================

         Instance           Cells  Cell Area  Net Area  Total Area  Wireload     
---------------------------------------------------------------------------------
ms_es_naive_by4_mul_synth     297       1357         0        1357    <none> (D) 
  TOP                         297       1357         0        1357    <none> (D) 
    genblk2.stoch2bin         157        983         0         983    <none> (D) 
      par_ctr                 104        729         0         729    <none> (D) 
        p1                     49        340         0         340    <none> (D) 
          p1                   22        150         0         150    <none> (D) 
            p1                  9         59         0          59    <none> (D) 
              p1                3         18         0          18    <none> (D) 
                fa0             1          9         0           9    <none> (D) 
                ha1             1          5         0           5    <none> (D) 
                ha0             1          5         0           5    <none> (D) 
              p0                3         18         0          18    <none> (D) 
                fa0             1          9         0           9    <none> (D) 
                ha1             1          5         0           5    <none> (D) 
                ha0             1          5         0           5    <none> (D) 
            p0                  9         59         0          59    <none> (D) 
              p1                3         18         0          18    <none> (D) 
                fa0             1          9         0           9    <none> (D) 
                ha1             1          5         0           5    <none> (D) 
                ha0             1          5         0           5    <none> (D) 
              p0                3         18         0          18    <none> (D) 
                fa0             1          9         0           9    <none> (D) 
                ha1             1          5         0           5    <none> (D) 
                ha0             1          5         0           5    <none> (D) 
          p0                   22        150         0         150    <none> (D) 
            p1                  9         59         0          59    <none> (D) 
              p1                3         18         0          18    <none> (D) 
                fa0             1          9         0           9    <none> (D) 
                ha1             1          5         0           5    <none> (D) 
                ha0             1          5         0           5    <none> (D) 
              p0                3         18         0          18    <none> (D) 
                fa0             1          9         0           9    <none> (D) 
                ha1             1          5         0           5    <none> (D) 
                ha0             1          5         0           5    <none> (D) 
            p0                  9         59         0          59    <none> (D) 
              p1                3         18         0          18    <none> (D) 
                fa0             1          9         0           9    <none> (D) 
                ha1             1          5         0           5    <none> (D) 
                ha0             1          5         0           5    <none> (D) 
              p0                3         18         0          18    <none> (D) 
                fa0             1          9         0           9    <none> (D) 
                ha1             1          5         0           5    <none> (D) 
                ha0             1          5         0           5    <none> (D) 
        p0                     49        340         0         340    <none> (D) 
          p1                   22        150         0         150    <none> (D) 
            p1                  9         59         0          59    <none> (D) 
              p1                3         18         0          18    <none> (D) 
                fa0             1          9         0           9    <none> (D) 
                ha1             1          5         0           5    <none> (D) 
                ha0             1          5         0           5    <none> (D) 
              p0                3         18         0          18    <none> (D) 
                fa0             1          9         0           9    <none> (D) 
                ha1             1          5         0           5    <none> (D) 
                ha0             1          5         0           5    <none> (D) 
            p0                  9         59         0          59    <none> (D) 
              p1                3         18         0          18    <none> (D) 
                fa0             1          9         0           9    <none> (D) 
                ha1             1          5         0           5    <none> (D) 
                ha0             1          5         0           5    <none> (D) 
              p0                3         18         0          18    <none> (D) 
                fa0             1          9         0           9    <none> (D) 
                ha1             1          5         0           5    <none> (D) 
                ha0             1          5         0           5    <none> (D) 
          p0                   22        150         0         150    <none> (D) 
            p1                  9         59         0          59    <none> (D) 
              p1                3         18         0          18    <none> (D) 
                fa0             1          9         0           9    <none> (D) 
                ha1             1          5         0           5    <none> (D) 
                ha0             1          5         0           5    <none> (D) 
              p0                3         18         0          18    <none> (D) 
                fa0             1          9         0           9    <none> (D) 
                ha1             1          5         0           5    <none> (D) 
                ha0             1          5         0           5    <none> (D) 
            p0                  9         59         0          59    <none> (D) 
              p1                3         18         0          18    <none> (D) 
                fa0             1          9         0           9    <none> (D) 
                ha1             1          5         0           5    <none> (D) 
                ha0             1          5         0           5    <none> (D) 
              p0                3         18         0          18    <none> (D) 
                fa0             1          9         0           9    <none> (D) 
                ha1             1          5         0           5    <none> (D) 
                ha0             1          5         0           5    <none> (D) 
      ctr                      46        238         0         238    <none> (D) 
    genblk1[2].genblk1.sng     21         62         0          62    <none> (D) 
      ctr                       8         37         0          37    <none> (D) 
    genblk1[1].genblk1.sng     18         58         0          58    <none> (D) 
      ctr                       7         34         0          34    <none> (D) 
    genblk1[0].genblk1.sng     18         58         0          58    <none> (D) 
      ctr                       7         34         0          34    <none> (D) 

 (D) = wireload is default in technology library
