============================================================
  Generated by:           Encounter(R) RTL Compiler v14.10-s022_1
  Generated on:           Jul 25 2021  02:06:39 pm
  Module:                 ms_es_ordered_cas_by4_mul_synth
  Technology library:     gscl45nm 
  Operating conditions:   typical (balanced_tree)
  Wireload mode:          enclosed
  Area mode:              timing library
============================================================

                Instance                 Cells  Cell Area  Net Area  Total Area  Wireload     
----------------------------------------------------------------------------------------------
ms_es_ordered_cas_by4_mul_synth           1816       6929         0        6929    <none> (D) 
  TOP                                     1816       6929         0        6929    <none> (D) 
    genblk2.stoch2bin                      799       4328         0        4328    <none> (D) 
      par_ctr                              438       3099         0        3099    <none> (D) 
        p1                                 215       1516         0        1516    <none> (D) 
          p1                               104        729         0         729    <none> (D) 
            p1                              49        340         0         340    <none> (D) 
              p1                            22        150         0         150    <none> (D) 
                p1                           9         59         0          59    <none> (D) 
                  p1                         3         18         0          18    <none> (D) 
                    fa0                      1          9         0           9    <none> (D) 
                    ha1                      1          5         0           5    <none> (D) 
                    ha0                      1          5         0           5    <none> (D) 
                  p0                         3         18         0          18    <none> (D) 
                    fa0                      1          9         0           9    <none> (D) 
                    ha1                      1          5         0           5    <none> (D) 
                    ha0                      1          5         0           5    <none> (D) 
                p0                           9         59         0          59    <none> (D) 
                  p1                         3         18         0          18    <none> (D) 
                    fa0                      1          9         0           9    <none> (D) 
                    ha1                      1          5         0           5    <none> (D) 
                    ha0                      1          5         0           5    <none> (D) 
                  p0                         3         18         0          18    <none> (D) 
                    fa0                      1          9         0           9    <none> (D) 
                    ha1                      1          5         0           5    <none> (D) 
                    ha0                      1          5         0           5    <none> (D) 
              p0                            22        150         0         150    <none> (D) 
                p1                           9         59         0          59    <none> (D) 
                  p1                         3         18         0          18    <none> (D) 
                    fa0                      1          9         0           9    <none> (D) 
                    ha1                      1          5         0           5    <none> (D) 
                    ha0                      1          5         0           5    <none> (D) 
                  p0                         3         18         0          18    <none> (D) 
                    fa0                      1          9         0           9    <none> (D) 
                    ha1                      1          5         0           5    <none> (D) 
                    ha0                      1          5         0           5    <none> (D) 
                p0                           9         59         0          59    <none> (D) 
                  p1                         3         18         0          18    <none> (D) 
                    fa0                      1          9         0           9    <none> (D) 
                    ha1                      1          5         0           5    <none> (D) 
                    ha0                      1          5         0           5    <none> (D) 
                  p0                         3         18         0          18    <none> (D) 
                    fa0                      1          9         0           9    <none> (D) 
                    ha1                      1          5         0           5    <none> (D) 
                    ha0                      1          5         0           5    <none> (D) 
            p0                              49        340         0         340    <none> (D) 
              p1                            22        150         0         150    <none> (D) 
                p1                           9         59         0          59    <none> (D) 
                  p1                         3         18         0          18    <none> (D) 
                    fa0                      1          9         0           9    <none> (D) 
                    ha1                      1          5         0           5    <none> (D) 
                    ha0                      1          5         0           5    <none> (D) 
                  p0                         3         18         0          18    <none> (D) 
                    fa0                      1          9         0           9    <none> (D) 
                    ha1                      1          5         0           5    <none> (D) 
                    ha0                      1          5         0           5    <none> (D) 
                p0                           9         59         0          59    <none> (D) 
                  p1                         3         18         0          18    <none> (D) 
                    fa0                      1          9         0           9    <none> (D) 
                    ha1                      1          5         0           5    <none> (D) 
                    ha0                      1          5         0           5    <none> (D) 
                  p0                         3         18         0          18    <none> (D) 
                    fa0                      1          9         0           9    <none> (D) 
                    ha1                      1          5         0           5    <none> (D) 
                    ha0                      1          5         0           5    <none> (D) 
              p0                            22        150         0         150    <none> (D) 
                p1                           9         59         0          59    <none> (D) 
                  p1                         3         18         0          18    <none> (D) 
                    fa0                      1          9         0           9    <none> (D) 
                    ha1                      1          5         0           5    <none> (D) 
                    ha0                      1          5         0           5    <none> (D) 
                  p0                         3         18         0          18    <none> (D) 
                    fa0                      1          9         0           9    <none> (D) 
                    ha1                      1          5         0           5    <none> (D) 
                    ha0                      1          5         0           5    <none> (D) 
                p0                           9         59         0          59    <none> (D) 
                  p1                         3         18         0          18    <none> (D) 
                    fa0                      1          9         0           9    <none> (D) 
                    ha1                      1          5         0           5    <none> (D) 
                    ha0                      1          5         0           5    <none> (D) 
                  p0                         3         18         0          18    <none> (D) 
                    fa0                      1          9         0           9    <none> (D) 
                    ha1                      1          5         0           5    <none> (D) 
                    ha0                      1          5         0           5    <none> (D) 
          p0                               104        729         0         729    <none> (D) 
            p1                              49        340         0         340    <none> (D) 
              p1                            22        150         0         150    <none> (D) 
                p1                           9         59         0          59    <none> (D) 
                  p1                         3         18         0          18    <none> (D) 
                    fa0                      1          9         0           9    <none> (D) 
                    ha1                      1          5         0           5    <none> (D) 
                    ha0                      1          5         0           5    <none> (D) 
                  p0                         3         18         0          18    <none> (D) 
                    fa0                      1          9         0           9    <none> (D) 
                    ha1                      1          5         0           5    <none> (D) 
                    ha0                      1          5         0           5    <none> (D) 
                p0                           9         59         0          59    <none> (D) 
                  p1                         3         18         0          18    <none> (D) 
                    fa0                      1          9         0           9    <none> (D) 
                    ha1                      1          5         0           5    <none> (D) 
                    ha0                      1          5         0           5    <none> (D) 
                  p0                         3         18         0          18    <none> (D) 
                    fa0                      1          9         0           9    <none> (D) 
                    ha1                      1          5         0           5    <none> (D) 
                    ha0                      1          5         0           5    <none> (D) 
              p0                            22        150         0         150    <none> (D) 
                p1                           9         59         0          59    <none> (D) 
                  p1                         3         18         0          18    <none> (D) 
                    fa0                      1          9         0           9    <none> (D) 
                    ha1                      1          5         0           5    <none> (D) 
                    ha0                      1          5         0           5    <none> (D) 
                  p0                         3         18         0          18    <none> (D) 
                    fa0                      1          9         0           9    <none> (D) 
                    ha1                      1          5         0           5    <none> (D) 
                    ha0                      1          5         0           5    <none> (D) 
                p0                           9         59         0          59    <none> (D) 
                  p1                         3         18         0          18    <none> (D) 
                    fa0                      1          9         0           9    <none> (D) 
                    ha1                      1          5         0           5    <none> (D) 
                    ha0                      1          5         0           5    <none> (D) 
                  p0                         3         18         0          18    <none> (D) 
                    fa0                      1          9         0           9    <none> (D) 
                    ha1                      1          5         0           5    <none> (D) 
                    ha0                      1          5         0           5    <none> (D) 
            p0                              49        340         0         340    <none> (D) 
              p1                            22        150         0         150    <none> (D) 
                p1                           9         59         0          59    <none> (D) 
                  p1                         3         18         0          18    <none> (D) 
                    fa0                      1          9         0           9    <none> (D) 
                    ha1                      1          5         0           5    <none> (D) 
                    ha0                      1          5         0           5    <none> (D) 
                  p0                         3         18         0          18    <none> (D) 
                    fa0                      1          9         0           9    <none> (D) 
                    ha1                      1          5         0           5    <none> (D) 
                    ha0                      1          5         0           5    <none> (D) 
                p0                           9         59         0          59    <none> (D) 
                  p1                         3         18         0          18    <none> (D) 
                    fa0                      1          9         0           9    <none> (D) 
                    ha1                      1          5         0           5    <none> (D) 
                    ha0                      1          5         0           5    <none> (D) 
                  p0                         3         18         0          18    <none> (D) 
                    fa0                      1          9         0           9    <none> (D) 
                    ha1                      1          5         0           5    <none> (D) 
                    ha0                      1          5         0           5    <none> (D) 
              p0                            22        150         0         150    <none> (D) 
                p1                           9         59         0          59    <none> (D) 
                  p1                         3         18         0          18    <none> (D) 
                    fa0                      1          9         0           9    <none> (D) 
                    ha1                      1          5         0           5    <none> (D) 
                    ha0                      1          5         0           5    <none> (D) 
                  p0                         3         18         0          18    <none> (D) 
                    fa0                      1          9         0           9    <none> (D) 
                    ha1                      1          5         0           5    <none> (D) 
                    ha0                      1          5         0           5    <none> (D) 
                p0                           9         59         0          59    <none> (D) 
                  p1                         3         18         0          18    <none> (D) 
                    fa0                      1          9         0           9    <none> (D) 
                    ha1                      1          5         0           5    <none> (D) 
                    ha0                      1          5         0           5    <none> (D) 
                  p0                         3         18         0          18    <none> (D) 
                    fa0                      1          9         0           9    <none> (D) 
                    ha1                      1          5         0           5    <none> (D) 
                    ha0                      1          5         0           5    <none> (D) 
        p0                                 215       1516         0        1516    <none> (D) 
          p1                               104        729         0         729    <none> (D) 
            p1                              49        340         0         340    <none> (D) 
              p1                            22        150         0         150    <none> (D) 
                p1                           9         59         0          59    <none> (D) 
                  p1                         3         18         0          18    <none> (D) 
                    fa0                      1          9         0           9    <none> (D) 
                    ha1                      1          5         0           5    <none> (D) 
                    ha0                      1          5         0           5    <none> (D) 
                  p0                         3         18         0          18    <none> (D) 
                    fa0                      1          9         0           9    <none> (D) 
                    ha1                      1          5         0           5    <none> (D) 
                    ha0                      1          5         0           5    <none> (D) 
                p0                           9         59         0          59    <none> (D) 
                  p1                         3         18         0          18    <none> (D) 
                    fa0                      1          9         0           9    <none> (D) 
                    ha1                      1          5         0           5    <none> (D) 
                    ha0                      1          5         0           5    <none> (D) 
                  p0                         3         18         0          18    <none> (D) 
                    fa0                      1          9         0           9    <none> (D) 
                    ha1                      1          5         0           5    <none> (D) 
                    ha0                      1          5         0           5    <none> (D) 
              p0                            22        150         0         150    <none> (D) 
                p1                           9         59         0          59    <none> (D) 
                  p1                         3         18         0          18    <none> (D) 
                    fa0                      1          9         0           9    <none> (D) 
                    ha1                      1          5         0           5    <none> (D) 
                    ha0                      1          5         0           5    <none> (D) 
                  p0                         3         18         0          18    <none> (D) 
                    fa0                      1          9         0           9    <none> (D) 
                    ha1                      1          5         0           5    <none> (D) 
                    ha0                      1          5         0           5    <none> (D) 
                p0                           9         59         0          59    <none> (D) 
                  p1                         3         18         0          18    <none> (D) 
                    fa0                      1          9         0           9    <none> (D) 
                    ha1                      1          5         0           5    <none> (D) 
                    ha0                      1          5         0           5    <none> (D) 
                  p0                         3         18         0          18    <none> (D) 
                    fa0                      1          9         0           9    <none> (D) 
                    ha1                      1          5         0           5    <none> (D) 
                    ha0                      1          5         0           5    <none> (D) 
            p0                              49        340         0         340    <none> (D) 
              p1                            22        150         0         150    <none> (D) 
                p1                           9         59         0          59    <none> (D) 
                  p1                         3         18         0          18    <none> (D) 
                    fa0                      1          9         0           9    <none> (D) 
                    ha1                      1          5         0           5    <none> (D) 
                    ha0                      1          5         0           5    <none> (D) 
                  p0                         3         18         0          18    <none> (D) 
                    fa0                      1          9         0           9    <none> (D) 
                    ha1                      1          5         0           5    <none> (D) 
                    ha0                      1          5         0           5    <none> (D) 
                p0                           9         59         0          59    <none> (D) 
                  p1                         3         18         0          18    <none> (D) 
                    fa0                      1          9         0           9    <none> (D) 
                    ha1                      1          5         0           5    <none> (D) 
                    ha0                      1          5         0           5    <none> (D) 
                  p0                         3         18         0          18    <none> (D) 
                    fa0                      1          9         0           9    <none> (D) 
                    ha1                      1          5         0           5    <none> (D) 
                    ha0                      1          5         0           5    <none> (D) 
              p0                            22        150         0         150    <none> (D) 
                p1                           9         59         0          59    <none> (D) 
                  p1                         3         18         0          18    <none> (D) 
                    fa0                      1          9         0           9    <none> (D) 
                    ha1                      1          5         0           5    <none> (D) 
                    ha0                      1          5         0           5    <none> (D) 
                  p0                         3         18         0          18    <none> (D) 
                    fa0                      1          9         0           9    <none> (D) 
                    ha1                      1          5         0           5    <none> (D) 
                    ha0                      1          5         0           5    <none> (D) 
                p0                           9         59         0          59    <none> (D) 
                  p1                         3         18         0          18    <none> (D) 
                    fa0                      1          9         0           9    <none> (D) 
                    ha1                      1          5         0           5    <none> (D) 
                    ha0                      1          5         0           5    <none> (D) 
                  p0                         3         18         0          18    <none> (D) 
                    fa0                      1          9         0           9    <none> (D) 
                    ha1                      1          5         0           5    <none> (D) 
                    ha0                      1          5         0           5    <none> (D) 
          p0                               104        729         0         729    <none> (D) 
            p1                              49        340         0         340    <none> (D) 
              p1                            22        150         0         150    <none> (D) 
                p1                           9         59         0          59    <none> (D) 
                  p1                         3         18         0          18    <none> (D) 
                    fa0                      1          9         0           9    <none> (D) 
                    ha1                      1          5         0           5    <none> (D) 
                    ha0                      1          5         0           5    <none> (D) 
                  p0                         3         18         0          18    <none> (D) 
                    fa0                      1          9         0           9    <none> (D) 
                    ha1                      1          5         0           5    <none> (D) 
                    ha0                      1          5         0           5    <none> (D) 
                p0                           9         59         0          59    <none> (D) 
                  p1                         3         18         0          18    <none> (D) 
                    fa0                      1          9         0           9    <none> (D) 
                    ha1                      1          5         0           5    <none> (D) 
                    ha0                      1          5         0           5    <none> (D) 
                  p0                         3         18         0          18    <none> (D) 
                    fa0                      1          9         0           9    <none> (D) 
                    ha1                      1          5         0           5    <none> (D) 
                    ha0                      1          5         0           5    <none> (D) 
              p0                            22        150         0         150    <none> (D) 
                p1                           9         59         0          59    <none> (D) 
                  p1                         3         18         0          18    <none> (D) 
                    fa0                      1          9         0           9    <none> (D) 
                    ha1                      1          5         0           5    <none> (D) 
                    ha0                      1          5         0           5    <none> (D) 
                  p0                         3         18         0          18    <none> (D) 
                    fa0                      1          9         0           9    <none> (D) 
                    ha1                      1          5         0           5    <none> (D) 
                    ha0                      1          5         0           5    <none> (D) 
                p0                           9         59         0          59    <none> (D) 
                  p1                         3         18         0          18    <none> (D) 
                    fa0                      1          9         0           9    <none> (D) 
                    ha1                      1          5         0           5    <none> (D) 
                    ha0                      1          5         0           5    <none> (D) 
                  p0                         3         18         0          18    <none> (D) 
                    fa0                      1          9         0           9    <none> (D) 
                    ha1                      1          5         0           5    <none> (D) 
                    ha0                      1          5         0           5    <none> (D) 
            p0                              49        340         0         340    <none> (D) 
              p1                            22        150         0         150    <none> (D) 
                p1                           9         59         0          59    <none> (D) 
                  p1                         3         18         0          18    <none> (D) 
                    fa0                      1          9         0           9    <none> (D) 
                    ha1                      1          5         0           5    <none> (D) 
                    ha0                      1          5         0           5    <none> (D) 
                  p0                         3         18         0          18    <none> (D) 
                    fa0                      1          9         0           9    <none> (D) 
                    ha1                      1          5         0           5    <none> (D) 
                    ha0                      1          5         0           5    <none> (D) 
                p0                           9         59         0          59    <none> (D) 
                  p1                         3         18         0          18    <none> (D) 
                    fa0                      1          9         0           9    <none> (D) 
                    ha1                      1          5         0           5    <none> (D) 
                    ha0                      1          5         0           5    <none> (D) 
                  p0                         3         18         0          18    <none> (D) 
                    fa0                      1          9         0           9    <none> (D) 
                    ha1                      1          5         0           5    <none> (D) 
                    ha0                      1          5         0           5    <none> (D) 
              p0                            22        150         0         150    <none> (D) 
                p1                           9         59         0          59    <none> (D) 
                  p1                         3         18         0          18    <none> (D) 
                    fa0                      1          9         0           9    <none> (D) 
                    ha1                      1          5         0           5    <none> (D) 
                    ha0                      1          5         0           5    <none> (D) 
                  p0                         3         18         0          18    <none> (D) 
                    fa0                      1          9         0           9    <none> (D) 
                    ha1                      1          5         0           5    <none> (D) 
                    ha0                      1          5         0           5    <none> (D) 
                p0                           9         59         0          59    <none> (D) 
                  p1                         3         18         0          18    <none> (D) 
                    fa0                      1          9         0           9    <none> (D) 
                    ha1                      1          5         0           5    <none> (D) 
                    ha0                      1          5         0           5    <none> (D) 
                  p0                         3         18         0          18    <none> (D) 
                    fa0                      1          9         0           9    <none> (D) 
                    ha1                      1          5         0           5    <none> (D) 
                    ha0                      1          5         0           5    <none> (D) 
      ctr                                  352       1208         0        1208    <none> (D) 
        add_55_25                          223        636         0         636    <none> (D) 
    cas                                    446        994         0         994    <none> (D) 
      genblk1.cas_abmaxcdmax_abmincdmin    118        248         0         248    <none> (D) 
      genblk1.cas_abmin_cdmin               94        206         0         206    <none> (D) 
      genblk1.cas_abmax_cdmax               94        206         0         206    <none> (D) 
      genblk1.cas_c_d                       70        167         0         167    <none> (D) 
      genblk1.cas_a_b                       70        167         0         167    <none> (D) 
    genblk1[3].genblk1.sng                  68        225         0         225    <none> (D) 
      ctr                                   33        149         0         149    <none> (D) 
    genblk1[2].genblk1.sng                  66        222         0         222    <none> (D) 
      ctr                                   32        147         0         147    <none> (D) 
    genblk1[1].genblk1.sng                  66        222         0         222    <none> (D) 
      ctr                                   32        147         0         147    <none> (D) 
    genblk1[0].genblk1.sng                  66        222         0         222    <none> (D) 
      ctr                                   32        147         0         147    <none> (D) 

 (D) = wireload is default in technology library
