============================================================
  Generated by:           Encounter(R) RTL Compiler v14.10-s022_1
  Generated on:           Jul 25 2021  01:23:32 pm
  Module:                 ms_es_ordered_cas_by2_mul_synth
  Technology library:     gscl45nm 
  Operating conditions:   typical (balanced_tree)
  Wireload mode:          enclosed
  Area mode:              timing library
============================================================

           Pin                 Type       Fanout Load Slew Delay Arrival   
                                                 (fF) (ps)  (ps)   (ps)    
---------------------------------------------------------------------------
(clock clk)                  launch                                    0 R 
TOP
  genblk1[0].genblk1.sng
    ctr
      countval_reg[3]/CLK                                0             0 R 
      countval_reg[3]/Q      DFFSR             1  1.5   10  +109     109 R 
      drc_bufs289/A                                           +0     109   
      drc_bufs289/Y          BUFX2             3  8.9   22   +43     152 R 
    ctr/countval[3] 
    g843/A                                                    +0     152   
    g843/Y                   INVX1             2  5.7   21   +26     178 F 
    g827/B                                                    +0     178   
    g827/YS                  HAX1              2  5.6   24   +63     240 F 
    g819/C                                                    +0     240   
    g819/Y                   NAND3X1           1  1.5   34   +31     272 R 
    drc_bufs862/A                                             +0     272   
    drc_bufs862/Y            BUFX2             1  2.3    9   +35     306 R 
    g816/A                                                    +0     306   
    g816/Y                   AND2X1            2  4.6   43   +38     344 R 
    g808/A                                                    +0     344   
    g808/Y                   AND2X1            1  2.5   34   +31     375 R 
    g806/A                                                    +0     375   
    g806/Y                   OR2X1             1  2.7   23   +40     416 R 
    g804/B                                                    +0     416   
    g804/Y                   AOI21X1           1  1.5   15   +26     442 F 
    drc_bufs858/A                                             +0     442   
    drc_bufs858/Y            BUFX2             1  2.6    3   +34     476 F 
    g802/B                                                    +0     476   
    g802/Y                   OAI21X1           2  4.6   52   +46     522 R 
  genblk1[0].genblk1.sng/sn_out[0] 
  g83/B                                                       +0     522   
  g83/Y                      AND2X1            1 10.3   67   +64     586 R 
  genblk2.stoch2bin/data_in[1] 
    par_ctr/a[1] 
      fa0/a 
        g2/B                                                  +0     586   
        g2/YS                FAX1              1  3.4   12   +91     677 F 
      fa0/s 
      ha0/b 
        g17/B                                                 +0     677   
        g17/YS               HAX1              2  5.6   24   +62     739 F 
      ha0/s 
    par_ctr/y[0] 
    ctr/data_in[0] 
      add_55_25/B[0] 
        g427/B                                                +0     739   
        g427/YC              HAX1              1  8.8   35   +62     802 F 
        g426/B                                                +0     802   
        g426/YC              FAX1              1  7.1   29   +89     890 F 
        g425/C                                                +0     890   
        g425/YC              FAX1              1  7.1   29   +82     972 F 
        g424/C                                                +0     972   
        g424/YC              FAX1              1  7.1   26   +82    1053 F 
        g423/C                                                +0    1053   
        g423/YC              FAX1              1  7.1   27   +81    1134 F 
        g422/C                                                +0    1134   
        g422/YC              FAX1              1  7.1   27   +81    1216 F 
        g421/C                                                +0    1216   
        g421/YC              FAX1              1  7.1   27   +81    1297 F 
        g420/C                                                +0    1297   
        g420/YC              FAX1              1  7.1   27   +81    1378 F 
        g419/C                                                +0    1378   
        g419/YC              FAX1              1  7.1   27   +81    1459 F 
        g418/C                                                +0    1459   
        g418/YC              FAX1              1  7.1   27   +81    1540 F 
        g417/C                                                +0    1540   
        g417/YC              FAX1              1  7.1   27   +81    1622 F 
        g416/C                                                +0    1622   
        g416/YC              FAX1              1  7.1   27   +81    1703 F 
        g415/C                                                +0    1703   
        g415/YC              FAX1              1  7.1   27   +81    1784 F 
        g414/C                                                +0    1784   
        g414/YC              FAX1              1  7.1   27   +81    1865 F 
        g413/C                                                +0    1865   
        g413/YC              FAX1              1  7.1   27   +81    1946 F 
        g412/C                                                +0    1946   
        g412/YC              FAX1              1  7.1   27   +81    2028 F 
        g411/C                                                +0    2028   
        g411/YC              FAX1              1 10.9   37   +89    2117 F 
        g2/A                                                  +0    2117   
        g2/YS                FAX1              1  2.8   21   +84    2200 R 
      add_55_25/Z[17] 
      g67/A                                                   +0    2200   
      g67/Y                  MUX2X1            1  1.5   17   +23    2223 F 
      g66/A                                                   +0    2223   
      g66/Y                  INVX1             1  2.0    0    +3    2226 R 
      countval_reg[17]/D     DFFSR                            +0    2226   
      countval_reg[17]/CLK   setup                       0   +70    2296 R 
- - - - - - - - - - - - - - - - - - - - - - - - - - - - - - - - - - - - - -
(clock clk)                  capture                                5000 R 
                             uncertainty                     -50    4950 R 
---------------------------------------------------------------------------
Cost Group   : 'clk' (path_group 'clk')
Timing slack :    2654ps 
Start-point  : TOP/genblk1[0].genblk1.sng/ctr/countval_reg[3]/CLK
End-point    : TOP/genblk2.stoch2bin/ctr/countval_reg[17]/D
