============================================================
  Generated by:           Encounter(R) RTL Compiler v14.10-s022_1
  Generated on:           Jul 25 2021  01:24:11 pm
  Module:                 ms_es_ordered_cas_by2_mul_synth
  Technology library:     gscl45nm 
  Operating conditions:   typical (balanced_tree)
  Wireload mode:          enclosed
  Area mode:              timing library
============================================================

            Instance             Cells  Cell Area  Net Area  Total Area  Wireload     
--------------------------------------------------------------------------------------
ms_es_ordered_cas_by2_mul_synth    308       1026         0        1026    <none> (D) 
  TOP                              308       1026         0        1026    <none> (D) 
    genblk2.stoch2bin               73        384         0         384    <none> (D) 
      ctr                           61        318         0         318    <none> (D) 
      par_ctr                        9         59         0          59    <none> (D) 
        p1                           3         18         0          18    <none> (D) 
          fa0                        1          9         0           9    <none> (D) 
          ha1                        1          5         0           5    <none> (D) 
          ha0                        1          5         0           5    <none> (D) 
        p0                           3         18         0          18    <none> (D) 
          fa0                        1          9         0           9    <none> (D) 
          ha1                        1          5         0           5    <none> (D) 
          ha0                        1          5         0           5    <none> (D) 
    cas                            121        265         0         265    <none> (D) 
      genblk1.cas_abmax_abminc      52        107         0         107    <none> (D) 
      genblk1.cas_abmin_c           38         84         0          84    <none> (D) 
      genblk1.cas_a_b               31         74         0          74    <none> (D) 
    genblk1[2].genblk1.sng          34        116         0         116    <none> (D) 
      ctr                           18         82         0          82    <none> (D) 
    genblk1[1].genblk1.sng          33        114         0         114    <none> (D) 
      ctr                           17         79         0          79    <none> (D) 
    genblk1[0].genblk1.sng          33        114         0         114    <none> (D) 
      ctr                           17         79         0          79    <none> (D) 

 (D) = wireload is default in technology library
