============================================================
  Generated by:           Encounter(R) RTL Compiler v14.10-s022_1
  Generated on:           Jul 25 2021  01:25:11 pm
  Module:                 ms_es_ordered_cas_by2_mul_synth
  Technology library:     gscl45nm 
  Operating conditions:   typical (balanced_tree)
  Wireload mode:          enclosed
  Area mode:              timing library
============================================================

           Pin                 Type       Fanout Load Slew Delay Arrival   
                                                 (fF) (ps)  (ps)   (ps)    
---------------------------------------------------------------------------
(clock clk)                  launch                                    0 R 
TOP
  genblk1[0].genblk1.sng
    ctr
      countval_reg[3]/CLK                                0             0 R 
      countval_reg[3]/Q      DFFSR             1  1.5   10  +109     109 R 
      drc_bufs289/A                                           +0     109   
      drc_bufs289/Y          BUFX2             3  8.9   22   +43     152 R 
    ctr/countval[3] 
    g843/A                                                    +0     152   
    g843/Y                   INVX1             2  5.7   21   +26     178 F 
    g829/B                                                    +0     178   
    g829/YS                  HAX1              2  5.6   24   +63     240 F 
    g820/C                                                    +0     240   
    g820/Y                   NAND3X1           1  1.5   34   +31     272 R 
    drc_bufs866/A                                             +0     272   
    drc_bufs866/Y            BUFX2             1  2.3    9   +35     306 R 
    g817/A                                                    +0     306   
    g817/Y                   AND2X1            2  4.6   43   +38     344 R 
    g808/A                                                    +0     344   
    g808/Y                   AND2X1            1  2.5   34   +31     375 R 
    g806/A                                                    +0     375   
    g806/Y                   OR2X1             1  2.7   23   +40     416 R 
    g804/B                                                    +0     416   
    g804/Y                   AOI21X1           1  1.5   15   +26     442 F 
    drc_bufs864/A                                             +0     442   
    drc_bufs864/Y            BUFX2             1  2.6    3   +34     476 F 
    g802/B                                                    +0     476   
    g802/Y                   OAI21X1           2  4.6   54   +46     522 R 
  genblk1[0].genblk1.sng/sn_out[0] 
  g208/B                                                      +0     522   
  g208/Y                     AND2X1            2  4.6   40   +47     568 R 
  g205/A                                                      +0     568   
  g205/Y                     AND2X1            1 12.7   75   +63     631 R 
  genblk2.stoch2bin/data_in[3] 
    par_ctr/a[3] 
      p1/a[3] 
        fa0/cin 
          g2/A                                                +0     631   
          g2/YS              FAX1              1  3.4   12   +93     724 F 
        fa0/s 
        ha0/b 
          g17/B                                               +0     724   
          g17/YS             HAX1              1  4.0   19   +59     783 F 
        ha0/s 
      p1/y[0] 
      g168/A                                                  +0     783   
      g168/YC                HAX1              1 10.9   41   +69     852 F 
      g167/A                                                  +0     852   
      g167/YC                FAX1              1  7.1   29   +92     944 F 
      g166/C                                                  +0     944   
      g166/YS                FAX1              2 11.1   34   +97    1041 F 
    par_ctr/y[2] 
    ctr/data_in[2] 
      add_55_25/B[2] 
        g650/B                                                +0    1041   
        g650/YC              FAX1              1  7.1   29   +88    1129 F 
        g649/C                                                +0    1129   
        g649/YC              FAX1              1  7.1   29   +82    1211 F 
        g648/C                                                +0    1211   
        g648/YC              FAX1              1  7.1   26   +82    1293 F 
        g647/C                                                +0    1293   
        g647/YC              FAX1              1  7.1   27   +81    1374 F 
        g646/C                                                +0    1374   
        g646/YC              FAX1              1  7.1   27   +81    1455 F 
        g645/C                                                +0    1455   
        g645/YC              FAX1              1  7.1   27   +81    1536 F 
        g644/C                                                +0    1536   
        g644/YC              FAX1              1  7.1   27   +81    1617 F 
        g643/C                                                +0    1617   
        g643/YC              FAX1              1  7.1   27   +81    1698 F 
        g642/C                                                +0    1698   
        g642/YC              FAX1              1  7.1   27   +81    1780 F 
        g641/C                                                +0    1780   
        g641/YC              FAX1              1  7.1   27   +81    1861 F 
        g640/C                                                +0    1861   
        g640/YC              FAX1              1  7.1   27   +81    1942 F 
        g639/C                                                +0    1942   
        g639/YC              FAX1              1  7.1   27   +81    2023 F 
        g638/C                                                +0    2023   
        g638/YC              FAX1              1  7.1   27   +81    2104 F 
        g637/C                                                +0    2104   
        g637/YC              FAX1              1  7.1   27   +81    2186 F 
        g636/C                                                +0    2186   
        g636/YC              FAX1              1  7.1   27   +81    2267 F 
        g635/C                                                +0    2267   
        g635/YC              FAX1              1  7.1   27   +81    2348 F 
        g634/C                                                +0    2348   
        g634/YC              FAX1              1  7.1   27   +81    2429 F 
        g633/C                                                +0    2429   
        g633/YC              FAX1              1  7.1   27   +81    2510 F 
        g632/C                                                +0    2510   
        g632/YC              FAX1              1  7.1   27   +81    2592 F 
        g631/C                                                +0    2592   
        g631/YC              FAX1              1  7.1   27   +81    2673 F 
        g630/C                                                +0    2673   
        g630/YC              FAX1              1  7.1   27   +81    2754 F 
        g629/C                                                +0    2754   
        g629/YC              FAX1              1  7.1   27   +81    2835 F 
        g628/C                                                +0    2835   
        g628/YC              FAX1              1  7.1   27   +81    2916 F 
        g627/C                                                +0    2916   
        g627/YC              FAX1              1 10.9   37   +89    3005 F 
        g2/A                                                  +0    3005   
        g2/YS                FAX1              1  2.8   21   +84    3089 R 
      add_55_25/Z[26] 
      g76/A                                                   +0    3089   
      g76/Y                  MUX2X1            1  1.5   26   +23    3112 F 
      g75/A                                                   +0    3112   
      g75/Y                  INVX1             1  2.0    0    +6    3118 R 
      countval_reg[26]/D     DFFSR                            +0    3118   
      countval_reg[26]/CLK   setup                       0   +70    3188 R 
- - - - - - - - - - - - - - - - - - - - - - - - - - - - - - - - - - - - - -
(clock clk)                  capture                                5000 R 
                             uncertainty                     -50    4950 R 
---------------------------------------------------------------------------
Cost Group   : 'clk' (path_group 'clk')
Timing slack :    1762ps 
Start-point  : TOP/genblk1[0].genblk1.sng/ctr/countval_reg[3]/CLK
End-point    : TOP/genblk2.stoch2bin/ctr/countval_reg[26]/D
