============================================================
  Generated by:           Encounter(R) RTL Compiler v14.10-s022_1
  Generated on:           Jul 25 2021  01:51:10 pm
  Module:                 ms_es_naive_by4_mul_synth
  Technology library:     gscl45nm 
  Operating conditions:   typical (balanced_tree)
  Wireload mode:          enclosed
  Area mode:              timing library
============================================================

                                  Leakage    Dynamic      Total    
         Instance          Cells Power(nW)  Power(nW)   Power(nW)  
-------------------------------------------------------------------
ms_es_naive_by4_mul_synth    891 27565.321 1075002.035 1102567.356 
  TOP                        891 27565.321 1065458.311 1093023.632 
    genblk2.stoch2bin        508 21137.946  660693.466  681831.412 
      par_ctr                438 18769.865  493940.604  512710.469 
        p0                   215  9223.914  195705.762  204929.676 
          p0                 104  4470.543   84735.956   89206.499 
            p0                49  2113.463   31175.501   33288.964 
              p0              22   954.528   12078.930   13033.459 
                p0             9   394.666    4275.789    4670.455 
                  p0           3   134.340    1270.275    1404.615 
                    ha0        1    47.565     345.585     393.150 
                    ha1        1    47.565     387.245     434.810 
                    fa0        1    39.210     537.445     576.656 
                  p1           3   134.340    1517.880    1652.220 
                    ha0        1    47.565     436.985     484.550 
                    ha1        1    47.565     431.314     478.879 
                    fa0        1    39.210     649.581     688.792 
                p1             9   394.666    5645.262    6039.928 
                  p0           3   134.340    1757.302    1891.642 
                    ha0        1    47.565     461.942     509.507 
                    ha1        1    47.565     557.696     605.260 
                    fa0        1    39.210     737.664     776.874 
                  p1           3   134.340    2042.050    2176.390 
                    ha0        1    47.565     554.865     602.429 
                    ha1        1    47.565     598.608     646.173 
                    fa0        1    39.210     888.577     927.787 
              p1              22   954.528   15379.611   16334.139 
                p0             9   394.666    5188.570    5583.236 
                  p0           3   134.340    1529.515    1663.855 
                    ha0        1    47.565     406.756     454.321 
                    ha1        1    47.565     485.809     533.374 
                    fa0        1    39.210     636.949     676.160 
                  p1           3   134.340    1827.272    1961.612 
                    ha0        1    47.565     520.119     567.684 
                    ha1        1    47.565     530.407     577.972 
                    fa0        1    39.210     776.746     815.956 
                p1             9   394.666    7557.731    7952.397 
                  p0           3   134.340    2295.201    2429.541 
                    ha0        1    47.565     593.318     640.883 
                    ha1        1    47.565     750.263     797.828 
                    fa0        1    39.210     951.620     990.830 
                  p1           3   134.340    2727.092    2861.432 
                    ha0        1    47.565     729.245     776.809 
                    ha1        1    47.565     819.862     867.427 
                    fa0        1    39.210    1177.986    1217.196 
            p1                49  2113.463   47967.482   50080.945 
              p0              22   954.528   20390.809   21345.338 
                p0             9   394.666    7088.206    7482.872 
                  p0           3   134.340    2054.008    2188.348 
                    ha0        1    47.565     522.193     569.758 
                    ha1        1    47.565     669.790     717.355 
                    fa0        1    39.210     862.025     901.235 
                  p1           3   134.340    2568.844    2703.184 
                    ha0        1    47.565     682.358     729.923 
                    ha1        1    47.565     762.001     809.566 
                    fa0        1    39.210    1124.485    1163.695 
                p1             9   394.666    9722.102   10116.768 
                  p0           3   134.340    3113.961    3248.301 
                    ha0        1    47.565     764.052     811.616 
                    ha1        1    47.565    1026.107    1073.672 
                    fa0        1    39.210    1323.801    1363.012 
                  p1           3   134.340    3418.839    3553.179 
                    ha0        1    47.565     882.118     929.683 
                    ha1        1    47.565    1037.825    1085.390 
                    fa0        1    39.210    1498.896    1538.106 
              p1              22   954.528   22347.894   23302.422 
                p0             9   394.666    7946.196    8340.862 
                  p0           3   134.340    2337.300    2471.640 
                    ha0        1    47.565     593.605     641.170 
                    ha1        1    47.565     768.085     815.649 
                    fa0        1    39.210     975.611    1014.821 
                  p1           3   134.340    2864.373    2998.713 
                    ha0        1    47.565     763.949     811.514 
                    ha1        1    47.565     849.301     896.866 
                    fa0        1    39.210    1251.122    1290.332 
                p1             9   394.666   10593.588   10988.254 
                  p0           3   134.340    3329.436    3463.776 
                    ha0        1    47.565     816.830     864.395 
                    ha1        1    47.565    1098.381    1145.946 
                    fa0        1    39.210    1414.224    1453.435 
                  p1           3   134.340    3768.355    3902.695 
                    ha0        1    47.565     963.687    1011.252 
                    ha1        1    47.565    1152.538    1200.103 
                    fa0        1    39.210    1652.130    1691.340 
          p1                 104  4470.543  102599.084  107069.627 
            p0                49  2113.463   38493.047   40606.510 
              p0              22   954.528   15079.297   16033.825 
                p0             9   394.666    5429.326    5823.992 
                  p0           3   134.340    1710.065    1844.405 
                    ha0        1    47.565     442.397     489.962 
                    ha1        1    47.565     520.655     568.220 
                    fa0        1    39.210     747.013     786.223 
                  p1           3   134.340    1952.919    2087.259 
                    ha0        1    47.565     543.713     591.277 
                    ha1        1    47.565     550.052     597.617 
                    fa0        1    39.210     859.154     898.364 
                p1             9   394.666    7102.706    7497.372 
                  p0           3   134.340    2254.539    2388.879 
                    ha0        1    47.565     576.100     623.665 
                    ha1        1    47.565     706.448     754.013 
                    fa0        1    39.210     971.990    1011.201 
                  p1           3   134.340    2651.830    2786.170 
                    ha0        1    47.565     697.409     744.974 
                    ha1        1    47.565     769.861     817.426 
                    fa0        1    39.210    1184.560    1223.771 
              p1              22   954.528   19012.144   19966.673 
                p0             9   394.666    6512.904    6907.570 
                  p0           3   134.340    2009.384    2143.724 
                    ha0        1    47.565     514.562     562.127 
                    ha1        1    47.565     632.266     679.831 
                    fa0        1    39.210     862.556     901.767 
                  p1           3   134.340    2334.526    2468.866 
                    ha0        1    47.565     652.397     699.962 
                    ha1        1    47.565     672.256     719.821 
                    fa0        1    39.210    1009.872    1049.082 
                p1             9   394.666    9382.881    9777.547 
                  p0           3   134.340    2900.819    3035.159 
                    ha0        1    47.565     743.468     791.033 
                    ha1        1    47.565     938.313     985.878 
                    fa0        1    39.210    1219.038    1258.248 
                  p1           3   134.340    3439.141    3573.481 
                    ha0        1    47.565     905.770     953.335 
                    ha1        1    47.565    1025.886    1073.451 
                    fa0        1    39.210    1507.486    1546.696 
            p1                49  2113.463   57783.731   59897.194 
              p0              22   954.528   24311.065   25265.594 
                p0             9   394.666    8429.758    8824.424 
                  p0           3   134.340    2530.914    2665.254 
                    ha0        1    47.565     628.591     676.156 
                    ha1        1    47.565     816.254     863.819 
                    fa0        1    39.210    1086.069    1125.280 
                  p1           3   134.340    3077.287    3211.628 
                    ha0        1    47.565     815.353     862.918 
                    ha1        1    47.565     903.856     951.421 
                    fa0        1    39.210    1358.079    1397.289 
                p1             9   394.666   11699.708   12094.374 
                  p0           3   134.340    3754.620    3888.961 
                    ha0        1    47.565     920.870     968.435 
                    ha1        1    47.565    1227.360    1274.925 
                    fa0        1    39.210    1606.391    1645.601 
                  p1           3   134.340    4176.673    4311.014 
                    ha0        1    47.565    1077.869    1125.434 
                    ha1        1    47.565    1255.512    1303.077 
                    fa0        1    39.210    1843.292    1882.502 
              p1              22   954.528   27197.252   28151.780 
                p0             9   394.666    9743.109   10137.775 
                  p0           3   134.340    2974.832    3109.172 
                    ha0        1    47.565     734.105     781.669 
                    ha1        1    47.565     971.443    1019.007 
                    fa0        1    39.210    1269.285    1308.495 
                  p1           3   134.340    3531.511    3665.851 
                    ha0        1    47.565     933.023     980.588 
                    ha1        1    47.565    1041.681    1089.245 
                    fa0        1    39.210    1556.808    1596.018 
                p1             9   394.666   12939.957   13334.623 
                  p0           3   134.340    4099.926    4234.266 
                    ha0        1    47.565    1000.219    1047.784 
                    ha1        1    47.565    1343.443    1391.008 
                    fa0        1    39.210    1756.263    1795.474 
                  p1           3   134.340    4651.490    4785.831 
                    ha0        1    47.565    1186.495    1234.060 
                    ha1        1    47.565    1409.194    1456.759 
                    fa0        1    39.210    2055.801    2095.011 
        p1                   215  9223.914  285996.835  295220.749 
          p0                 104  4470.543  124373.402  128843.945 
            p0                49  2113.463   47360.131   49473.594 
              p0              22   954.528   18308.999   19263.527 
                p0             9   394.666    6461.305    6855.971 
                  p0           3   134.340    1941.540    2075.880 
                    ha0        1    47.565     503.649     551.214 
                    ha1        1    47.565     603.822     651.387 
                    fa0        1    39.210     834.069     873.280 
                  p1           3   134.340    2347.563    2481.903 
                    ha0        1    47.565     652.424     699.989 
                    ha1        1    47.565     674.327     721.892 
                    fa0        1    39.210    1020.812    1060.022 
                p1             9   394.666    8608.102    9002.768 
                  p0           3   134.340    2708.835    2843.176 
                    ha0        1    47.565     690.200     737.765 
                    ha1        1    47.565     872.776     920.341 
                    fa0        1    39.210    1145.859    1185.070 
                  p1           3   134.340    3123.759    3258.099 
                    ha0        1    47.565     824.238     871.803 
                    ha1        1    47.565     928.951     976.515 
                    fa0        1    39.210    1370.570    1409.780 
              p1              22   954.528   23390.600   24345.128 
                p0             9   394.666    7834.432    8229.098 
                  p0           3   134.340    2312.749    2447.089 
                    ha0        1    47.565     593.732     641.297 
                    ha1        1    47.565     743.885     791.450 
                    fa0        1    39.210     975.131    1014.342 
                  p1           3   134.340    2843.639    2977.979 
                    ha0        1    47.565     788.294     835.859 
                    ha1        1    47.565     835.452     883.017 
                    fa0        1    39.210    1219.893    1259.104 
                p1             9   394.666   11576.141   11970.807 
                  p0           3   134.340    3531.124    3665.464 
                    ha0        1    47.565     901.795     949.360 
                    ha1        1    47.565    1161.552    1209.117 
                    fa0        1    39.210    1467.777    1506.987 
                  p1           3   134.340    4195.963    4330.304 
                    ha0        1    47.565    1114.083    1161.647 
                    ha1        1    47.565    1262.802    1310.367 
                    fa0        1    39.210    1819.079    1858.289 
            p1                49  2113.463   68682.607   70796.070 
              p0              22   954.528   28914.254   29868.782 
                p0             9   394.666    9752.667   10147.333 
                  p0           3   134.340    2833.986    2968.326 
                    ha0        1    47.565     707.631     755.196 
                    ha1        1    47.565     927.894     975.458 
                    fa0        1    39.210    1198.461    1237.671 
                  p1           3   134.340    3588.205    3722.545 
                    ha0        1    47.565     951.241     998.806 
                    ha1        1    47.565    1067.059    1114.624 
                    fa0        1    39.210    1569.905    1609.115 
                p1             9   394.666   14022.479   14417.145 
                  p0           3   134.340    4418.946    4553.286 
                    ha0        1    47.565    1087.764    1135.328 
                    ha1        1    47.565    1463.802    1511.367 
                    fa0        1    39.210    1867.380    1906.590 
                  p1           3   134.340    4966.271    5100.611 
                    ha0        1    47.565    1295.290    1342.855 
                    ha1        1    47.565    1504.113    1551.678 
                    fa0        1    39.210    2166.867    2206.077 
              p1              22   954.528   31996.728   32951.257 
                p0             9   394.666   11173.971   11568.637 
                  p0           3   134.340    3285.865    3420.205 
                    ha0        1    47.565     821.425     868.990 
                    ha1        1    47.565    1083.072    1130.637 
                    fa0        1    39.210    1381.368    1420.578 
                  p1           3   134.340    4084.431    4218.771 
                    ha0        1    47.565    1087.031    1134.596 
                    ha1        1    47.565    1216.548    1264.113 
                    fa0        1    39.210    1780.852    1820.063 
                p1             9   394.666   15326.349   15721.015 
                  p0           3   134.340    4756.868    4891.208 
                    ha0        1    47.565    1175.181    1222.746 
                    ha1        1    47.565    1577.773    1625.338 
                    fa0        1    39.210    2003.914    2043.124 
                  p1           3   134.340    5435.290    5569.631 
                    ha0        1    47.565    1413.003    1460.568 
                    ha1        1    47.565    1655.827    1703.392 
                    fa0        1    39.210    2366.460    2405.671 
          p1                 104  4470.543  150133.462  154604.005 
            p0                49  2113.463   57689.640   59803.103 
              p0              22   954.528   22481.817   23436.345 
                p0             9   394.666    7948.771    8343.437 
                  p0           3   134.340    2446.737    2581.077 
                    ha0        1    47.565     609.572     657.137 
                    ha1        1    47.565     803.025     850.590 
                    fa0        1    39.210    1034.140    1073.350 
                  p1           3   134.340    2785.540    2919.881 
                    ha0        1    47.565     751.983     799.548 
                    ha1        1    47.565     837.603     885.168 
                    fa0        1    39.210    1195.954    1235.164 
                p1             9   394.666   10584.169   10978.835 
                  p0           3   134.340    3366.909    3501.249 
                    ha0        1    47.565     831.793     879.358 
                    ha1        1    47.565    1139.685    1187.250 
                    fa0        1    39.210    1395.431    1434.641 
                  p1           3   134.340    3764.111    3898.451 
                    ha0        1    47.565     978.115    1025.679 
                    ha1        1    47.565    1165.860    1213.425 
                    fa0        1    39.210    1620.137    1659.347 
              p1              22   954.528   28563.924   29518.452 
                p0             9   394.666    9762.886   10157.552 
                  p0           3   134.340    2949.999    3084.339 
                    ha0        1    47.565     726.321     773.886 
                    ha1        1    47.565     997.920    1045.485 
                    fa0        1    39.210    1225.757    1264.968 
                  p1           3   134.340    3407.095    3541.435 
                    ha0        1    47.565     915.108     962.673 
                    ha1        1    47.565    1047.341    1094.906 
                    fa0        1    39.210    1444.646    1483.856 
                p1             9   394.666   13980.858   14375.524 
                  p0           3   134.340    4319.846    4454.186 
                    ha0        1    47.565    1069.569    1117.134 
                    ha1        1    47.565    1483.290    1530.855 
                    fa0        1    39.210    1766.987    1806.197 
                  p1           3   134.340    4960.576    5094.916 
                    ha0        1    47.565    1295.204    1342.769 
                    ha1        1    47.565    1548.316    1595.881 
                    fa0        1    39.210    2117.056    2156.266 
            p1                49  2113.463   83217.913   85331.376 
              p0              22   954.528   35234.532   36189.061 
                p0             9   394.666   12056.561   12451.227 
                  p0           3   134.340    3615.386    3749.727 
                    ha0        1    47.565     876.080     923.645 
                    ha1        1    47.565    1227.688    1275.253 
                    fa0        1    39.210    1511.619    1550.829 
                  p1           3   134.340    4291.310    4425.650 
                    ha0        1    47.565    1114.116    1161.681 
                    ha1        1    47.565    1319.719    1367.284 
                    fa0        1    39.210    1857.475    1896.686 
                p1             9   394.666   16942.563   17337.229 
                  p0           3   134.340    5401.725    5536.065 
                    ha0        1    47.565    1300.642    1348.207 
                    ha1        1    47.565    1846.611    1894.176 
                    fa0        1    39.210    2254.472    2293.682 
                  p1           3   134.340    5967.275    6101.615 
                    ha0        1    47.565    1530.554    1578.119 
                    ha1        1    47.565    1857.693    1905.258 
                    fa0        1    39.210    2579.028    2618.238 
              p1              22   954.528   38746.505   39701.033 
                p0             9   394.666   13705.563   14100.229 
                  p0           3   134.340    4139.554    4273.894 
                    ha0        1    47.565    1007.641    1055.206 
                    ha1        1    47.565    1400.287    1447.852 
                    fa0        1    39.210    1731.625    1770.836 
                  p1           3   134.340    4913.544    5047.884 
                    ha0        1    47.565    1286.084    1333.649 
                    ha1        1    47.565    1496.441    1544.006 
                    fa0        1    39.210    2131.020    2170.230 
                p1             9   394.666   18417.480   18812.146 
                  p0           3   134.340    5818.809    5953.149 
                    ha0        1    47.565    1414.675    1462.240 
                    ha1        1    47.565    1975.842    2023.406 
                    fa0        1    39.210    2428.292    2467.503 
                  p1           3   134.340    6488.083    6622.423 
                    ha0        1    47.565    1675.364    1722.929 
                    ha1        1    47.565    2009.300    2056.865 
                    fa0        1    39.210    2803.420    2842.630 
      ctr                     61  2264.523  156482.882  158747.405 
    genblk1[3].genblk1.sng    21   431.378   30153.783   30585.162 
      ctr                      8   323.916   19430.050   19753.966 
    genblk1[2].genblk1.sng    20   419.185   38843.110   39262.295 
      ctr                      7   304.162   27284.434   27588.596 
    genblk1[1].genblk1.sng    17   419.107   34469.211   34888.318 
      ctr                      7   304.162   27480.117   27784.279 
    genblk1[0].genblk1.sng    20   411.625   34827.580   35239.205 
      ctr                      7   304.162   27330.024   27634.186 

