============================================================
  Generated by:           Encounter(R) RTL Compiler v14.10-s022_1
  Generated on:           Jul 25 2021  01:29:02 pm
  Module:                 ms_es_ordered_cas_by2_mul_synth
  Technology library:     gscl45nm 
  Operating conditions:   typical (balanced_tree)
  Wireload mode:          enclosed
  Area mode:              timing library
============================================================

            Instance             Cells  Cell Area  Net Area  Total Area  Wireload     
--------------------------------------------------------------------------------------
ms_es_ordered_cas_by2_mul_synth   1521       4493         0        4493    <none> (D) 
  TOP                             1521       4493         0        4493    <none> (D) 
    genblk2.stoch2bin              476       1762         0        1762    <none> (D) 
      ctr                          421       1408         0        1408    <none> (D) 
        add_55_25                  276        764         0         764    <none> (D) 
      par_ctr                       49        340         0         340    <none> (D) 
        p1                          22        150         0         150    <none> (D) 
          p1                         9         59         0          59    <none> (D) 
            p1                       3         18         0          18    <none> (D) 
              fa0                    1          9         0           9    <none> (D) 
              ha1                    1          5         0           5    <none> (D) 
              ha0                    1          5         0           5    <none> (D) 
            p0                       3         18         0          18    <none> (D) 
              fa0                    1          9         0           9    <none> (D) 
              ha1                    1          5         0           5    <none> (D) 
              ha0                    1          5         0           5    <none> (D) 
          p0                         9         59         0          59    <none> (D) 
            p1                       3         18         0          18    <none> (D) 
              fa0                    1          9         0           9    <none> (D) 
              ha1                    1          5         0           5    <none> (D) 
              ha0                    1          5         0           5    <none> (D) 
            p0                       3         18         0          18    <none> (D) 
              fa0                    1          9         0           9    <none> (D) 
              ha1                    1          5         0           5    <none> (D) 
              ha0                    1          5         0           5    <none> (D) 
        p0                          22        150         0         150    <none> (D) 
          p1                         9         59         0          59    <none> (D) 
            p1                       3         18         0          18    <none> (D) 
              fa0                    1          9         0           9    <none> (D) 
              ha1                    1          5         0           5    <none> (D) 
              ha0                    1          5         0           5    <none> (D) 
            p0                       3         18         0          18    <none> (D) 
              fa0                    1          9         0           9    <none> (D) 
              ha1                    1          5         0           5    <none> (D) 
              ha0                    1          5         0           5    <none> (D) 
          p0                         9         59         0          59    <none> (D) 
            p1                       3         18         0          18    <none> (D) 
              fa0                    1          9         0           9    <none> (D) 
              ha1                    1          5         0           5    <none> (D) 
              ha0                    1          5         0           5    <none> (D) 
            p0                       3         18         0          18    <none> (D) 
              fa0                    1          9         0           9    <none> (D) 
              ha1                    1          5         0           5    <none> (D) 
              ha0                    1          5         0           5    <none> (D) 
    cas                            647       1464         0        1464    <none> (D) 
      genblk1.cas8                 100        210         0         210    <none> (D) 
      genblk1.cas7                  79        175         0         175    <none> (D) 
      genblk1.cas5                  79        175         0         175    <none> (D) 
      genblk1.cas6                  79        174         0         174    <none> (D) 
      genblk1.cas4                  62        146         0         146    <none> (D) 
      genblk1.cas3                  62        146         0         146    <none> (D) 
      genblk1.cas2                  62        146         0         146    <none> (D) 
      genblk1.cas1                  62        146         0         146    <none> (D) 
      genblk1.cas0                  62        146         0         146    <none> (D) 
    genblk1[1].genblk1.sng          69        229         0         229    <none> (D) 
      ctr                           38        159         0         159    <none> (D) 
    genblk1[4].genblk1.sng          68        227         0         227    <none> (D) 
      ctr                           37        157         0         157    <none> (D) 
    genblk1[3].genblk1.sng          67        225         0         225    <none> (D) 
      ctr                           36        155         0         155    <none> (D) 
    genblk1[2].genblk1.sng          67        225         0         225    <none> (D) 
      ctr                           36        155         0         155    <none> (D) 
    genblk1[0].genblk1.sng          63        217         0         217    <none> (D) 
      ctr                           32        147         0         147    <none> (D) 

 (D) = wireload is default in technology library
