============================================================
  Generated by:           Encounter(R) RTL Compiler v14.10-s022_1
  Generated on:           Jul 25 2021  01:52:05 pm
  Module:                 ms_es_naive_by4_mul_synth
  Technology library:     gscl45nm 
  Operating conditions:   typical (balanced_tree)
  Wireload mode:          enclosed
  Area mode:              timing library
============================================================

         Instance           Cells  Cell Area  Net Area  Total Area  Wireload     
---------------------------------------------------------------------------------
ms_es_naive_by4_mul_synth    1075       5127         0        5127    <none> (D) 
  TOP                        1075       5127         0        5127    <none> (D) 
    genblk2.stoch2bin         568       3759         0        3759    <none> (D) 
      par_ctr                 438       3099         0        3099    <none> (D) 
        p1                    215       1516         0        1516    <none> (D) 
          p1                  104        729         0         729    <none> (D) 
            p1                 49        340         0         340    <none> (D) 
              p1               22        150         0         150    <none> (D) 
                p1              9         59         0          59    <none> (D) 
                  p1            3         18         0          18    <none> (D) 
                    fa0         1          9         0           9    <none> (D) 
                    ha1         1          5         0           5    <none> (D) 
                    ha0         1          5         0           5    <none> (D) 
                  p0            3         18         0          18    <none> (D) 
                    fa0         1          9         0           9    <none> (D) 
                    ha1         1          5         0           5    <none> (D) 
                    ha0         1          5         0           5    <none> (D) 
                p0              9         59         0          59    <none> (D) 
                  p1            3         18         0          18    <none> (D) 
                    fa0         1          9         0           9    <none> (D) 
                    ha1         1          5         0           5    <none> (D) 
                    ha0         1          5         0           5    <none> (D) 
                  p0            3         18         0          18    <none> (D) 
                    fa0         1          9         0           9    <none> (D) 
                    ha1         1          5         0           5    <none> (D) 
                    ha0         1          5         0           5    <none> (D) 
              p0               22        150         0         150    <none> (D) 
                p1              9         59         0          59    <none> (D) 
                  p1            3         18         0          18    <none> (D) 
                    fa0         1          9         0           9    <none> (D) 
                    ha1         1          5         0           5    <none> (D) 
                    ha0         1          5         0           5    <none> (D) 
                  p0            3         18         0          18    <none> (D) 
                    fa0         1          9         0           9    <none> (D) 
                    ha1         1          5         0           5    <none> (D) 
                    ha0         1          5         0           5    <none> (D) 
                p0              9         59         0          59    <none> (D) 
                  p1            3         18         0          18    <none> (D) 
                    fa0         1          9         0           9    <none> (D) 
                    ha1         1          5         0           5    <none> (D) 
                    ha0         1          5         0           5    <none> (D) 
                  p0            3         18         0          18    <none> (D) 
                    fa0         1          9         0           9    <none> (D) 
                    ha1         1          5         0           5    <none> (D) 
                    ha0         1          5         0           5    <none> (D) 
            p0                 49        340         0         340    <none> (D) 
              p1               22        150         0         150    <none> (D) 
                p1              9         59         0          59    <none> (D) 
                  p1            3         18         0          18    <none> (D) 
                    fa0         1          9         0           9    <none> (D) 
                    ha1         1          5         0           5    <none> (D) 
                    ha0         1          5         0           5    <none> (D) 
                  p0            3         18         0          18    <none> (D) 
                    fa0         1          9         0           9    <none> (D) 
                    ha1         1          5         0           5    <none> (D) 
                    ha0         1          5         0           5    <none> (D) 
                p0              9         59         0          59    <none> (D) 
                  p1            3         18         0          18    <none> (D) 
                    fa0         1          9         0           9    <none> (D) 
                    ha1         1          5         0           5    <none> (D) 
                    ha0         1          5         0           5    <none> (D) 
                  p0            3         18         0          18    <none> (D) 
                    fa0         1          9         0           9    <none> (D) 
                    ha1         1          5         0           5    <none> (D) 
                    ha0         1          5         0           5    <none> (D) 
              p0               22        150         0         150    <none> (D) 
                p1              9         59         0          59    <none> (D) 
                  p1            3         18         0          18    <none> (D) 
                    fa0         1          9         0           9    <none> (D) 
                    ha1         1          5         0           5    <none> (D) 
                    ha0         1          5         0           5    <none> (D) 
                  p0            3         18         0          18    <none> (D) 
                    fa0         1          9         0           9    <none> (D) 
                    ha1         1          5         0           5    <none> (D) 
                    ha0         1          5         0           5    <none> (D) 
                p0              9         59         0          59    <none> (D) 
                  p1            3         18         0          18    <none> (D) 
                    fa0         1          9         0           9    <none> (D) 
                    ha1         1          5         0           5    <none> (D) 
                    ha0         1          5         0           5    <none> (D) 
                  p0            3         18         0          18    <none> (D) 
                    fa0         1          9         0           9    <none> (D) 
                    ha1         1          5         0           5    <none> (D) 
                    ha0         1          5         0           5    <none> (D) 
          p0                  104        729         0         729    <none> (D) 
            p1                 49        340         0         340    <none> (D) 
              p1               22        150         0         150    <none> (D) 
                p1              9         59         0          59    <none> (D) 
                  p1            3         18         0          18    <none> (D) 
                    fa0         1          9         0           9    <none> (D) 
                    ha1         1          5         0           5    <none> (D) 
                    ha0         1          5         0           5    <none> (D) 
                  p0            3         18         0          18    <none> (D) 
                    fa0         1          9         0           9    <none> (D) 
                    ha1         1          5         0           5    <none> (D) 
                    ha0         1          5         0           5    <none> (D) 
                p0              9         59         0          59    <none> (D) 
                  p1            3         18         0          18    <none> (D) 
                    fa0         1          9         0           9    <none> (D) 
                    ha1         1          5         0           5    <none> (D) 
                    ha0         1          5         0           5    <none> (D) 
                  p0            3         18         0          18    <none> (D) 
                    fa0         1          9         0           9    <none> (D) 
                    ha1         1          5         0           5    <none> (D) 
                    ha0         1          5         0           5    <none> (D) 
              p0               22        150         0         150    <none> (D) 
                p1              9         59         0          59    <none> (D) 
                  p1            3         18         0          18    <none> (D) 
                    fa0         1          9         0           9    <none> (D) 
                    ha1         1          5         0           5    <none> (D) 
                    ha0         1          5         0           5    <none> (D) 
                  p0            3         18         0          18    <none> (D) 
                    fa0         1          9         0           9    <none> (D) 
                    ha1         1          5         0           5    <none> (D) 
                    ha0         1          5         0           5    <none> (D) 
                p0              9         59         0          59    <none> (D) 
                  p1            3         18         0          18    <none> (D) 
                    fa0         1          9         0           9    <none> (D) 
                    ha1         1          5         0           5    <none> (D) 
                    ha0         1          5         0           5    <none> (D) 
                  p0            3         18         0          18    <none> (D) 
                    fa0         1          9         0           9    <none> (D) 
                    ha1         1          5         0           5    <none> (D) 
                    ha0         1          5         0           5    <none> (D) 
            p0                 49        340         0         340    <none> (D) 
              p1               22        150         0         150    <none> (D) 
                p1              9         59         0          59    <none> (D) 
                  p1            3         18         0          18    <none> (D) 
                    fa0         1          9         0           9    <none> (D) 
                    ha1         1          5         0           5    <none> (D) 
                    ha0         1          5         0           5    <none> (D) 
                  p0            3         18         0          18    <none> (D) 
                    fa0         1          9         0           9    <none> (D) 
                    ha1         1          5         0           5    <none> (D) 
                    ha0         1          5         0           5    <none> (D) 
                p0              9         59         0          59    <none> (D) 
                  p1            3         18         0          18    <none> (D) 
                    fa0         1          9         0           9    <none> (D) 
                    ha1         1          5         0           5    <none> (D) 
                    ha0         1          5         0           5    <none> (D) 
                  p0            3         18         0          18    <none> (D) 
                    fa0         1          9         0           9    <none> (D) 
                    ha1         1          5         0           5    <none> (D) 
                    ha0         1          5         0           5    <none> (D) 
              p0               22        150         0         150    <none> (D) 
                p1              9         59         0          59    <none> (D) 
                  p1            3         18         0          18    <none> (D) 
                    fa0         1          9         0           9    <none> (D) 
                    ha1         1          5         0           5    <none> (D) 
                    ha0         1          5         0           5    <none> (D) 
                  p0            3         18         0          18    <none> (D) 
                    fa0         1          9         0           9    <none> (D) 
                    ha1         1          5         0           5    <none> (D) 
                    ha0         1          5         0           5    <none> (D) 
                p0              9         59         0          59    <none> (D) 
                  p1            3         18         0          18    <none> (D) 
                    fa0         1          9         0           9    <none> (D) 
                    ha1         1          5         0           5    <none> (D) 
                    ha0         1          5         0           5    <none> (D) 
                  p0            3         18         0          18    <none> (D) 
                    fa0         1          9         0           9    <none> (D) 
                    ha1         1          5         0           5    <none> (D) 
                    ha0         1          5         0           5    <none> (D) 
        p0                    215       1516         0        1516    <none> (D) 
          p1                  104        729         0         729    <none> (D) 
            p1                 49        340         0         340    <none> (D) 
              p1               22        150         0         150    <none> (D) 
                p1              9         59         0          59    <none> (D) 
                  p1            3         18         0          18    <none> (D) 
                    fa0         1          9         0           9    <none> (D) 
                    ha1         1          5         0           5    <none> (D) 
                    ha0         1          5         0           5    <none> (D) 
                  p0            3         18         0          18    <none> (D) 
                    fa0         1          9         0           9    <none> (D) 
                    ha1         1          5         0           5    <none> (D) 
                    ha0         1          5         0           5    <none> (D) 
                p0              9         59         0          59    <none> (D) 
                  p1            3         18         0          18    <none> (D) 
                    fa0         1          9         0           9    <none> (D) 
                    ha1         1          5         0           5    <none> (D) 
                    ha0         1          5         0           5    <none> (D) 
                  p0            3         18         0          18    <none> (D) 
                    fa0         1          9         0           9    <none> (D) 
                    ha1         1          5         0           5    <none> (D) 
                    ha0         1          5         0           5    <none> (D) 
              p0               22        150         0         150    <none> (D) 
                p1              9         59         0          59    <none> (D) 
                  p1            3         18         0          18    <none> (D) 
                    fa0         1          9         0           9    <none> (D) 
                    ha1         1          5         0           5    <none> (D) 
                    ha0         1          5         0           5    <none> (D) 
                  p0            3         18         0          18    <none> (D) 
                    fa0         1          9         0           9    <none> (D) 
                    ha1         1          5         0           5    <none> (D) 
                    ha0         1          5         0           5    <none> (D) 
                p0              9         59         0          59    <none> (D) 
                  p1            3         18         0          18    <none> (D) 
                    fa0         1          9         0           9    <none> (D) 
                    ha1         1          5         0           5    <none> (D) 
                    ha0         1          5         0           5    <none> (D) 
                  p0            3         18         0          18    <none> (D) 
                    fa0         1          9         0           9    <none> (D) 
                    ha1         1          5         0           5    <none> (D) 
                    ha0         1          5         0           5    <none> (D) 
            p0                 49        340         0         340    <none> (D) 
              p1               22        150         0         150    <none> (D) 
                p1              9         59         0          59    <none> (D) 
                  p1            3         18         0          18    <none> (D) 
                    fa0         1          9         0           9    <none> (D) 
                    ha1         1          5         0           5    <none> (D) 
                    ha0         1          5         0           5    <none> (D) 
                  p0            3         18         0          18    <none> (D) 
                    fa0         1          9         0           9    <none> (D) 
                    ha1         1          5         0           5    <none> (D) 
                    ha0         1          5         0           5    <none> (D) 
                p0              9         59         0          59    <none> (D) 
                  p1            3         18         0          18    <none> (D) 
                    fa0         1          9         0           9    <none> (D) 
                    ha1         1          5         0           5    <none> (D) 
                    ha0         1          5         0           5    <none> (D) 
                  p0            3         18         0          18    <none> (D) 
                    fa0         1          9         0           9    <none> (D) 
                    ha1         1          5         0           5    <none> (D) 
                    ha0         1          5         0           5    <none> (D) 
              p0               22        150         0         150    <none> (D) 
                p1              9         59         0          59    <none> (D) 
                  p1            3         18         0          18    <none> (D) 
                    fa0         1          9         0           9    <none> (D) 
                    ha1         1          5         0           5    <none> (D) 
                    ha0         1          5         0           5    <none> (D) 
                  p0            3         18         0          18    <none> (D) 
                    fa0         1          9         0           9    <none> (D) 
                    ha1         1          5         0           5    <none> (D) 
                    ha0         1          5         0           5    <none> (D) 
                p0              9         59         0          59    <none> (D) 
                  p1            3         18         0          18    <none> (D) 
                    fa0         1          9         0           9    <none> (D) 
                    ha1         1          5         0           5    <none> (D) 
                    ha0         1          5         0           5    <none> (D) 
                  p0            3         18         0          18    <none> (D) 
                    fa0         1          9         0           9    <none> (D) 
                    ha1         1          5         0           5    <none> (D) 
                    ha0         1          5         0           5    <none> (D) 
          p0                  104        729         0         729    <none> (D) 
            p1                 49        340         0         340    <none> (D) 
              p1               22        150         0         150    <none> (D) 
                p1              9         59         0          59    <none> (D) 
                  p1            3         18         0          18    <none> (D) 
                    fa0         1          9         0           9    <none> (D) 
                    ha1         1          5         0           5    <none> (D) 
                    ha0         1          5         0           5    <none> (D) 
                  p0            3         18         0          18    <none> (D) 
                    fa0         1          9         0           9    <none> (D) 
                    ha1         1          5         0           5    <none> (D) 
                    ha0         1          5         0           5    <none> (D) 
                p0              9         59         0          59    <none> (D) 
                  p1            3         18         0          18    <none> (D) 
                    fa0         1          9         0           9    <none> (D) 
                    ha1         1          5         0           5    <none> (D) 
                    ha0         1          5         0           5    <none> (D) 
                  p0            3         18         0          18    <none> (D) 
                    fa0         1          9         0           9    <none> (D) 
                    ha1         1          5         0           5    <none> (D) 
                    ha0         1          5         0           5    <none> (D) 
              p0               22        150         0         150    <none> (D) 
                p1              9         59         0          59    <none> (D) 
                  p1            3         18         0          18    <none> (D) 
                    fa0         1          9         0           9    <none> (D) 
                    ha1         1          5         0           5    <none> (D) 
                    ha0         1          5         0           5    <none> (D) 
                  p0            3         18         0          18    <none> (D) 
                    fa0         1          9         0           9    <none> (D) 
                    ha1         1          5         0           5    <none> (D) 
                    ha0         1          5         0           5    <none> (D) 
                p0              9         59         0          59    <none> (D) 
                  p1            3         18         0          18    <none> (D) 
                    fa0         1          9         0           9    <none> (D) 
                    ha1         1          5         0           5    <none> (D) 
                    ha0         1          5         0           5    <none> (D) 
                  p0            3         18         0          18    <none> (D) 
                    fa0         1          9         0           9    <none> (D) 
                    ha1         1          5         0           5    <none> (D) 
                    ha0         1          5         0           5    <none> (D) 
            p0                 49        340         0         340    <none> (D) 
              p1               22        150         0         150    <none> (D) 
                p1              9         59         0          59    <none> (D) 
                  p1            3         18         0          18    <none> (D) 
                    fa0         1          9         0           9    <none> (D) 
                    ha1         1          5         0           5    <none> (D) 
                    ha0         1          5         0           5    <none> (D) 
                  p0            3         18         0          18    <none> (D) 
                    fa0         1          9         0           9    <none> (D) 
                    ha1         1          5         0           5    <none> (D) 
                    ha0         1          5         0           5    <none> (D) 
                p0              9         59         0          59    <none> (D) 
                  p1            3         18         0          18    <none> (D) 
                    fa0         1          9         0           9    <none> (D) 
                    ha1         1          5         0           5    <none> (D) 
                    ha0         1          5         0           5    <none> (D) 
                  p0            3         18         0          18    <none> (D) 
                    fa0         1          9         0           9    <none> (D) 
                    ha1         1          5         0           5    <none> (D) 
                    ha0         1          5         0           5    <none> (D) 
              p0               22        150         0         150    <none> (D) 
                p1              9         59         0          59    <none> (D) 
                  p1            3         18         0          18    <none> (D) 
                    fa0         1          9         0           9    <none> (D) 
                    ha1         1          5         0           5    <none> (D) 
                    ha0         1          5         0           5    <none> (D) 
                  p0            3         18         0          18    <none> (D) 
                    fa0         1          9         0           9    <none> (D) 
                    ha1         1          5         0           5    <none> (D) 
                    ha0         1          5         0           5    <none> (D) 
                p0              9         59         0          59    <none> (D) 
                  p1            3         18         0          18    <none> (D) 
                    fa0         1          9         0           9    <none> (D) 
                    ha1         1          5         0           5    <none> (D) 
                    ha0         1          5         0           5    <none> (D) 
                  p0            3         18         0          18    <none> (D) 
                    fa0         1          9         0           9    <none> (D) 
                    ha1         1          5         0           5    <none> (D) 
                    ha0         1          5         0           5    <none> (D) 
      ctr                     121        639         0         639    <none> (D) 
        add_55_25              24        210         0         210    <none> (D) 
    genblk1[3].genblk1.sng     53        168         0         168    <none> (D) 
      ctr                      24        106         0         106    <none> (D) 
    genblk1[1].genblk1.sng     52        165         0         165    <none> (D) 
      ctr                      23        104         0         104    <none> (D) 
    genblk1[2].genblk1.sng     49        161         0         161    <none> (D) 
      ctr                      23        104         0         104    <none> (D) 
    genblk1[0].genblk1.sng     48        158         0         158    <none> (D) 
      ctr                      22        102         0         102    <none> (D) 

 (D) = wireload is default in technology library
