============================================================
  Generated by:           Encounter(R) RTL Compiler v14.10-s022_1
  Generated on:           Jul 25 2021  01:26:21 pm
  Module:                 ms_es_ordered_cas_by2_mul_synth
  Technology library:     gscl45nm 
  Operating conditions:   typical (balanced_tree)
  Wireload mode:          enclosed
  Area mode:              timing library
============================================================

           Pin                 Type       Fanout Load Slew Delay Arrival   
                                                 (fF) (ps)  (ps)   (ps)    
---------------------------------------------------------------------------
(clock clk_int3)             launch                                    0 R 
TOP
  genblk1[3].genblk1.sng
    ctr
      countval_reg[3]/CLK                                0             0 R 
      countval_reg[3]/Q      DFFSR             1  1.5   10  +109     109 R 
      drc_bufs243/A                                           +0     109   
      drc_bufs243/Y          BUFX2             4 11.4   28   +47     156 R 
    ctr/countval[3] 
    g387/A                                                    +0     156   
    g387/Y                   INVX1             2  4.9   19   +26     182 F 
    g379/A                                                    +0     182   
    g379/Y                   OR2X1             1  1.8    7   +40     222 F 
    g376/B                                                    +0     222   
    g376/Y                   AND2X1            3  8.4   35   +56     277 F 
    g373/C                                                    +0     277   
    g373/Y                   NAND3X1           1  1.5   34   +34     311 R 
    drc_bufs397/A                                             +0     311   
    drc_bufs397/Y            BUFX2             2  4.3   14   +38     349 R 
    drc_bufs390/A                                             +0     349   
    drc_bufs390/Y            INVX1             1  1.9   11   +16     365 F 
    g369/A                                                    +0     365   
    g369/Y                   AND2X1            1  2.6    7   +33     398 F 
    g366/A                                                    +0     398   
    g366/Y                   OAI21X1           1  2.0   42   +41     439 R 
    g365/C                                                    +0     439   
    g365/Y                   OAI21X1           4  8.6   19   +32     471 F 
    g363/A                                                    +0     471   
    g363/Y                   OR2X1             3  6.4   25   +49     520 F 
  genblk1[3].genblk1.sng/sn_out[0] 
  g258/A                                                      +0     520   
  g258/Y                     AND2X1            4  7.6   32   +46     566 F 
  g246/A                                                      +0     566   
  g246/Y                     AND2X1            1  8.8   34   +49     615 F 
  genblk2.stoch2bin/data_in[14] 
    par_ctr/a[14] 
      p0/a[6] 
        p0/a[2] 
          fa0/b 
            g2/B                                              +0     615   
            g2/YS            FAX1              1  3.4   12   +88     702 F 
          fa0/s 
          ha0/b 
            g17/B                                             +0     702   
            g17/YC           HAX1              1  3.4   20   +48     751 F 
          ha0/cout 
          ha1/a 
            g17/B                                             +0     751   
            g17/YS           HAX1              1 10.9   38   +73     824 F 
          ha1/s 
        p0/y[1] 
        g167/A                                                +0     824   
        g167/YC              FAX1              1  7.1   29   +91     915 F 
        g166/C                                                +0     915   
        g166/YS              FAX1              1 12.7   67  +103    1018 R 
      p0/y[2] 
      g234/A                                                  +0    1018   
      g234/YS                FAX1              2 11.1   34  +108    1126 F 
    par_ctr/y[2] 
    ctr/data_in[2] 
      add_55_25/B[2] 
        g575/B                                                +0    1126   
        g575/YC              FAX1              1  7.1   29   +88    1214 F 
        g574/C                                                +0    1214   
        g574/YC              FAX1              1  7.1   29   +82    1296 F 
        g573/C                                                +0    1296   
        g573/YC              FAX1              1  7.1   29   +82    1377 F 
        g572/C                                                +0    1377   
        g572/YC              FAX1              1  7.1   26   +82    1459 F 
        g571/C                                                +0    1459   
        g571/YC              FAX1              1  7.1   27   +81    1540 F 
        g570/C                                                +0    1540   
        g570/YC              FAX1              1  7.1   27   +81    1621 F 
        g569/C                                                +0    1621   
        g569/YC              FAX1              1  7.1   27   +81    1702 F 
        g568/C                                                +0    1702   
        g568/YC              FAX1              1  7.1   27   +81    1784 F 
        g567/C                                                +0    1784   
        g567/YC              FAX1              1  7.1   27   +81    1865 F 
        g566/C                                                +0    1865   
        g566/YC              FAX1              1  7.1   27   +81    1946 F 
        g565/C                                                +0    1946   
        g565/YC              FAX1              1  7.1   27   +81    2027 F 
        g564/C                                                +0    2027   
        g564/YC              FAX1              1  7.1   27   +81    2108 F 
        g563/C                                                +0    2108   
        g563/YC              FAX1              1  7.1   27   +81    2190 F 
        g562/C                                                +0    2190   
        g562/YC              FAX1              1  7.1   27   +81    2271 F 
        g561/C                                                +0    2271   
        g561/YC              FAX1              1  7.1   27   +81    2352 F 
        g560/C                                                +0    2352   
        g560/YC              FAX1              1  7.1   27   +81    2433 F 
        g559/C                                                +0    2433   
        g559/YC              FAX1              1  7.1   27   +81    2514 F 
        g558/C                                                +0    2514   
        g558/YC              FAX1              1  7.1   27   +81    2596 F 
        g557/C                                                +0    2596   
        g557/YC              FAX1              1  7.1   27   +81    2677 F 
        g556/C                                                +0    2677   
        g556/YC              FAX1              1  7.1   27   +81    2758 F 
        g555/C                                                +0    2758   
        g555/YC              FAX1              1 10.9   37   +89    2847 F 
        g2/A                                                  +0    2847   
        g2/YS                FAX1              1  2.8   21   +84    2931 R 
      add_55_25/Z[23] 
      g103/A                                                  +0    2931   
      g103/Y                 MUX2X1            1  1.5   20   +23    2954 F 
      g102/A                                                  +0    2954   
      g102/Y                 INVX1             1  2.0    0    +4    2958 R 
      countval_reg[23]/D     DFFSR                            +0    2958   
      countval_reg[23]/CLK   setup                       0   +70    3028 R 
- - - - - - - - - - - - - - - - - - - - - - - - - - - - - - - - - - - - - -
(clock clk)                  capture                                5000 R 
                             uncertainty                     -50    4950 R 
---------------------------------------------------------------------------
Cost Group   : 'clk' (path_group 'clk')
Timing slack :    1922ps 
Start-point  : TOP/genblk1[3].genblk1.sng/ctr/countval_reg[3]/CLK
End-point    : TOP/genblk2.stoch2bin/ctr/countval_reg[23]/D
