============================================================
  Generated by:           Encounter(R) RTL Compiler v14.10-s022_1
  Generated on:           Jul 25 2021  01:23:10 pm
  Module:                 ms_es_ordered_cas_by2_mul_synth
  Technology library:     gscl45nm 
  Operating conditions:   typical (balanced_tree)
  Wireload mode:          enclosed
  Area mode:              timing library
============================================================

           Pin                 Type       Fanout Load Slew Delay Arrival   
                                                 (fF) (ps)  (ps)   (ps)    
---------------------------------------------------------------------------
(clock clk_int1)             launch                                    0 R 
TOP
  genblk1[1].genblk1.sng
    ctr
      countval_reg[4]/CLK                                0             0 R 
      countval_reg[4]/Q      DFFSR             1  1.5   10  +115     115 F 
      drc_bufs318/A                                           +0     115   
      drc_bufs318/Y          BUFX2             4 10.3   13   +41     156 F 
    ctr/countval[4] 
    g475/A                                                    +0     156   
    g475/Y                   INVX1             2  4.8    0   +10     166 R 
    g469/A                                                    +0     166   
    g469/Y                   OR2X1             2  5.0   36   +47     213 R 
    g466/C                                                    +0     213   
    g466/Y                   OAI21X1           3  7.2   16   +28     242 F 
    g461/A                                                    +0     242   
    g461/Y                   OR2X1             2  5.1   20   +46     288 F 
    g458/C                                                    +0     288   
    g458/Y                   NOR3X1            1  3.3   48   +30     317 R 
    g454/C                                                    +0     317   
    g454/Y                   NOR3X1            1  2.6   27   +30     348 F 
    g453/B                                                    +0     348   
    g453/Y                   OAI21X1           4  9.8   78   +68     415 R 
    g452/A                                                    +0     415   
    g452/Y                   OR2X1             3  7.4   42   +56     471 R 
  genblk1[1].genblk1.sng/sn_out[0] 
  g74/A                                                       +0     471   
  g74/Y                      AND2X1            1 10.3   66   +55     526 R 
  genblk2.stoch2bin/data_in[2] 
    par_ctr/a[2] 
      fa0/b 
        g2/B                                                  +0     526   
        g2/YS                FAX1              1  3.4   12   +91     617 F 
      fa0/s 
      ha0/b 
        g17/B                                                 +0     617   
        g17/YS               HAX1              2  5.6   24   +62     679 F 
      ha0/s 
    par_ctr/y[0] 
    ctr/data_in[0] 
      g1099/B                                                 +0     679   
      g1099/YC               HAX1              1  8.8   35   +62     741 F 
      g1096/B                                                 +0     741   
      g1096/YC               FAX1              1  7.1   29   +89     830 F 
      g1092/C                                                 +0     830   
      g1092/YC               FAX1              1  7.1   29   +82     912 F 
      g1088/C                                                 +0     912   
      g1088/YC               FAX1              1  7.1   26   +82     993 F 
      g1084/C                                                 +0     993   
      g1084/YC               FAX1              1  7.1   27   +81    1074 F 
      g1080/C                                                 +0    1074   
      g1080/YC               FAX1              1  7.1   27   +81    1156 F 
      g1076/C                                                 +0    1156   
      g1076/YC               FAX1              1  7.1   27   +81    1237 F 
      g1072/C                                                 +0    1237   
      g1072/YC               FAX1              1  7.1   27   +81    1318 F 
      g1068/C                                                 +0    1318   
      g1068/YC               FAX1              1  7.1   27   +81    1399 F 
      g1064/C                                                 +0    1399   
      g1064/YC               FAX1              1  7.1   27   +81    1480 F 
      g1060/C                                                 +0    1480   
      g1060/YC               FAX1              1  7.1   27   +81    1562 F 
      g1056/C                                                 +0    1562   
      g1056/YC               FAX1              1  7.1   27   +81    1643 F 
      g1052/C                                                 +0    1643   
      g1052/YC               FAX1              1 10.9   37   +89    1732 F 
      g2/A                                                    +0    1732   
      g2/YS                  FAX1              1  2.8   21   +84    1816 R 
      g1046/A                                                 +0    1816   
      g1046/Y                MUX2X1            1  1.5   29   +23    1838 F 
      g1045/A                                                 +0    1838   
      g1045/Y                INVX1             1  2.0    0    +7    1845 R 
      countval_reg[13]/D     DFFSR                            +0    1845   
      countval_reg[13]/CLK   setup                       0   +70    1916 R 
- - - - - - - - - - - - - - - - - - - - - - - - - - - - - - - - - - - - - -
(clock clk)                  capture                                5000 R 
                             uncertainty                     -50    4950 R 
---------------------------------------------------------------------------
Cost Group   : 'clk' (path_group 'clk')
Timing slack :    3034ps 
Start-point  : TOP/genblk1[1].genblk1.sng/ctr/countval_reg[4]/CLK
End-point    : TOP/genblk2.stoch2bin/ctr/countval_reg[13]/D
