============================================================
  Generated by:           Encounter(R) RTL Compiler v14.10-s022_1
  Generated on:           Jul 25 2021  01:16:49 pm
  Module:                 ms_es_naive_by2_mul_synth
  Technology library:     gscl45nm 
  Operating conditions:   typical (balanced_tree)
  Wireload mode:          enclosed
  Area mode:              timing library
============================================================

                                  Leakage    Dynamic     Total   
         Instance          Cells Power(nW)  Power(nW)  Power(nW) 
-----------------------------------------------------------------
ms_es_naive_by2_mul_synth    187  5361.519 352969.643 358331.162 
  TOP                        187  5361.519 341670.134 347031.652 
    genblk2.stoch2bin         73  2680.286 158147.079 160827.365 
      ctr                     61  2264.523 132703.779 134968.303 
      par_ctr                  9   394.666  19015.052  19409.718 
        p0                     3   134.340   7136.001   7270.341 
          ha0                  1    47.565   1242.692   1290.257 
          ha1                  1    47.565   2651.369   2698.934 
          fa0                  1    39.210   3241.940   3281.150 
        p1                     3   134.340   6838.056   6972.396 
          ha0                  1    47.565   1227.693   1275.258 
          ha1                  1    47.565   2393.077   2440.642 
          fa0                  1    39.210   3217.286   3256.496 
    genblk1[2].genblk1.sng    34   842.199  49126.642  49968.842 
      ctr                     18   716.363  39891.437  40607.800 
    genblk1[0].genblk1.sng    33   822.446  59793.669  60616.115 
      ctr                     17   696.609  51699.838  52396.447 
    genblk1[1].genblk1.sng    33   822.446  58782.852  59605.297 
      ctr                     17   696.609  50277.869  50974.478 

