============================================================
  Generated by:           Encounter(R) RTL Compiler v14.10-s022_1
  Generated on:           Jul 25 2021  02:01:49 pm
  Module:                 ms_es_ordered_cas_by4_mul_synth
  Technology library:     gscl45nm 
  Operating conditions:   typical (balanced_tree)
  Wireload mode:          enclosed
  Area mode:              timing library
============================================================

           Pin                 Type       Fanout Load Slew Delay Arrival   
                                                 (fF) (ps)  (ps)   (ps)    
---------------------------------------------------------------------------
(clock clk)                  launch                                    0 R 
TOP
  genblk1[0].genblk1.sng
    ctr
      countval_reg[3]/CLK                                0             0 R 
      countval_reg[3]/Q      DFFSR             1  1.5   10  +115     115 F 
      drc_bufs188/A                                           +0     115   
      drc_bufs188/Y          BUFX2             5 14.5   19   +46     160 F 
    ctr/countval[3] 
    g525/A                                                    +0     160   
    g525/Y                   AOI22X1           1  1.5   43   +47     208 R 
    drc_bufs545/A                                             +0     208   
    drc_bufs545/Y            BUFX2             1  2.3   11   +36     243 R 
    g522/A                                                    +0     243   
    g522/Y                   AND2X1            2  4.6   42   +38     281 R 
    g520/A                                                    +0     281   
    g520/Y                   AND2X1            2  4.8   46   +38     319 R 
    g518/B                                                    +0     319   
    g518/Y                   NAND2X1           1  1.5   17   +22     341 F 
    drc_bufs541/A                                             +0     341   
    drc_bufs541/Y            BUFX2             1  2.8    4   +35     376 F 
    g517/C                                                    +0     376   
    g517/Y                   NAND3X1           1  1.5   34   +26     402 R 
    drc_bufs543/A                                             +0     402   
    drc_bufs543/Y            BUFX2             1  2.8   10   +36     438 R 
    g512/A                                                    +0     438   
    g512/Y                   AOI22X1           1  1.5   34   +32     469 F 
    drc_bufs546/A                                             +0     469   
    drc_bufs546/Y            BUFX2             2  3.4    8   +39     508 F 
    drc_bufs539/A                                             +0     508   
    drc_bufs539/Y            INVX1             5 11.6   24   +31     539 R 
    g508/B                                                    +0     539   
    g508/Y                   OR2X1             5 11.7   67   +79     618 R 
    g507/A                                                    +0     618   
    g507/Y                   OR2X1             4  9.2   51   +61     679 R 
  genblk1[0].genblk1.sng/sn_out[0] 
  g183/A                                                      +0     679   
  g183/Y                     AND2X1            1 12.7   73   +63     742 R 
  genblk2.stoch2bin/data_in[3] 
    par_ctr/a[3] 
      p1/a[3] 
        p1/a[3] 
          fa0/cin 
            g2/A                                              +0     742   
            g2/YS            FAX1              1  3.4   12   +93     835 F 
          fa0/s 
          ha0/b 
            g17/B                                             +0     835   
            g17/YS           HAX1              1  4.0   19   +59     893 F 
          ha0/s 
        p1/y[0] 
        g168/A                                                +0     893   
        g168/YC              HAX1              1 10.9   41   +69     962 F 
        g167/A                                                +0     962   
        g167/YC              FAX1              1  7.1   29   +92    1054 F 
        g166/C                                                +0    1054   
        g166/YS              FAX1              1 10.3   56   +95    1149 R 
      p1/y[2] 
      g234/B                                                  +0    1149   
      g234/YS                FAX1              2 11.1   34  +106    1255 F 
    par_ctr/y[2] 
    ctr/data_in[2] 
      g1092/B                                                 +0    1255   
      g1092/YC               FAX1              1  7.1   29   +88    1343 F 
      g1088/C                                                 +0    1343   
      g1088/YC               FAX1              1  7.1   29   +82    1425 F 
      g1084/C                                                 +0    1425   
      g1084/YC               FAX1              1  7.1   29   +82    1506 F 
      g1080/C                                                 +0    1506   
      g1080/YC               FAX1              1  7.1   26   +82    1588 F 
      g1076/C                                                 +0    1588   
      g1076/YC               FAX1              1  7.1   27   +81    1669 F 
      g1072/C                                                 +0    1669   
      g1072/YC               FAX1              1  7.1   27   +81    1750 F 
      g1068/C                                                 +0    1750   
      g1068/YC               FAX1              1  7.1   27   +81    1832 F 
      g1064/C                                                 +0    1832   
      g1064/YC               FAX1              1  7.1   27   +81    1913 F 
      g1060/C                                                 +0    1913   
      g1060/YC               FAX1              1  7.1   27   +81    1994 F 
      g1056/C                                                 +0    1994   
      g1056/YC               FAX1              1  7.1   27   +81    2075 F 
      g1052/C                                                 +0    2075   
      g1052/YC               FAX1              1 10.9   37   +89    2164 F 
      g2/A                                                    +0    2164   
      g2/YS                  FAX1              1  2.8   21   +84    2248 R 
      g1046/A                                                 +0    2248   
      g1046/Y                MUX2X1            1  1.5   29   +23    2271 F 
      g1045/A                                                 +0    2271   
      g1045/Y                INVX1             1  2.0    0    +7    2278 R 
      countval_reg[13]/D     DFFSR                            +0    2278   
      countval_reg[13]/CLK   setup                       0   +70    2348 R 
- - - - - - - - - - - - - - - - - - - - - - - - - - - - - - - - - - - - - -
(clock clk)                  capture                                5000 R 
                             uncertainty                     -50    4950 R 
---------------------------------------------------------------------------
Cost Group   : 'clk' (path_group 'clk')
Timing slack :    2602ps 
Start-point  : TOP/genblk1[0].genblk1.sng/ctr/countval_reg[3]/CLK
End-point    : TOP/genblk2.stoch2bin/ctr/countval_reg[13]/D
