============================================================
  Generated by:           Encounter(R) RTL Compiler v14.10-s022_1
  Generated on:           Jul 25 2021  01:49:48 pm
  Module:                 ms_es_naive_by4_mul_synth
  Technology library:     gscl45nm 
  Operating conditions:   typical (balanced_tree)
  Wireload mode:          enclosed
  Area mode:              timing library
============================================================

                                  Leakage    Dynamic     Total   
         Instance          Cells Power(nW)  Power(nW)  Power(nW) 
-----------------------------------------------------------------
ms_es_naive_by4_mul_synth    436 12724.433 721912.727 734637.161 
  TOP                        436 12724.433 706788.257 719512.690 
    genblk2.stoch2bin        202  7947.290 358814.414 366761.704 
      par_ctr                104  4470.543 154675.654 159146.198 
        p0                    49  2113.463  75151.348  77264.811 
          p0                  22   954.528  35105.602  36060.131 
            p0                 9   394.666  15684.365  16079.031 
              p0               3   134.340   6310.314   6444.655 
                ha0            1    47.565   1232.074   1279.639 
                ha1            1    47.565   1986.540   2034.105 
                fa0            1    39.210   3091.701   3130.911 
              p1               3   134.340   6167.403   6301.743 
                ha0            1    47.565   1267.724   1315.289 
                ha1            1    47.565   1783.172   1830.737 
                fa0            1    39.210   3116.507   3155.717 
            p1                 9   394.666  15633.513  16028.179 
              p0               3   134.340   6449.355   6583.695 
                ha0            1    47.565   1275.712   1323.277 
                ha1            1    47.565   2031.961   2079.526 
                fa0            1    39.210   3141.682   3180.892 
              p1               3   134.340   6077.730   6212.070 
                ha0            1    47.565   1267.611   1315.176 
                ha1            1    47.565   1755.862   1803.427 
                fa0            1    39.210   3054.257   3093.467 
          p1                  22   954.528  35344.572  36299.100 
            p0                 9   394.666  15834.976  16229.642 
              p0               3   134.340   6331.929   6466.269 
                ha0            1    47.565   1240.084   1287.649 
                ha1            1    47.565   2000.860   2048.424 
                fa0            1    39.210   3090.986   3130.196 
              p1               3   134.340   6185.379   6319.719 
                ha0            1    47.565   1276.799   1324.364 
                ha1            1    47.565   1792.788   1840.353 
                fa0            1    39.210   3115.792   3155.002 
            p1                 9   394.666  15893.245  16287.911 
              p0               3   134.340   6520.383   6654.723 
                ha0            1    47.565   1292.781   1340.346 
                ha1            1    47.565   2061.594   2109.159 
                fa0            1    39.210   3166.008   3205.219 
              p1               3   134.340   6143.446   6277.786 
                ha0            1    47.565   1285.743   1333.308 
                ha1            1    47.565   1779.124   1826.689 
                fa0            1    39.210   3078.578   3117.789 
        p1                    49  2113.463  74160.927  76274.390 
          p0                  22   954.528  35651.919  36606.447 
            p0                 9   394.666  15835.005  16229.671 
              p0               3   134.340   6331.922   6466.262 
                ha0            1    47.565   1240.082   1287.647 
                ha1            1    47.565   2000.857   2048.422 
                fa0            1    39.210   3090.982   3130.192 
              p1               3   134.340   6185.373   6319.713 
                ha0            1    47.565   1276.798   1324.362 
                ha1            1    47.565   1792.785   1840.350 
                fa0            1    39.210   3115.790   3155.001 
            p1                 9   394.666  15893.270  16287.936 
              p0               3   134.340   6520.373   6654.714 
                ha0            1    47.565   1292.779   1340.344 
                ha1            1    47.565   2061.591   2109.156 
                fa0            1    39.210   3166.003   3205.213 
              p1               3   134.340   6143.436   6277.776 
                ha0            1    47.565   1285.741   1333.306 
                ha1            1    47.565   1779.122   1826.687 
                fa0            1    39.210   3078.573   3117.783 
          p1                  22   954.528  34067.085  35021.613 
            p0                 9   394.666  15257.562  15652.228 
              p0               3   134.340   6084.868   6219.208 
                ha0            1    47.565   1194.804   1242.369 
                ha1            1    47.565   1924.299   1971.864 
                fa0            1    39.210   2965.765   3004.976 
              p1               3   134.340   5946.654   6080.995 
                ha0            1    47.565   1231.520   1279.085 
                ha1            1    47.565   1724.553   1772.118 
                fa0            1    39.210   2990.581   3029.791 
            p1                 9   394.666  15276.472  15671.138 
              p0               3   134.340   6273.323   6407.663 
                ha0            1    47.565   1247.502   1295.067 
                ha1            1    47.565   1985.033   2032.598 
                fa0            1    39.210   3040.788   3079.999 
              p1               3   134.340   5856.973   5991.314 
                ha0            1    47.565   1231.408   1278.972 
                ha1            1    47.565   1697.243   1744.808 
                fa0            1    39.210   2928.323   2967.533 
      ctr                     91  3391.737 195693.413 199085.150 
        add_55_25             18   714.142  16738.409  17452.551 
    genblk1[2].genblk1.sng    50  1189.800  76393.349  77583.149 
      ctr                     24   930.125  50582.908  51513.034 
    genblk1[1].genblk1.sng    51  1161.656  79211.391  80373.048 
      ctr                     23   910.372  62587.859  63498.231 
    genblk1[0].genblk1.sng    50  1144.117  79141.734  80285.851 
      ctr                     22   892.833  62384.033  63276.866 

