============================================================
  Generated by:           Encounter(R) RTL Compiler v14.10-s022_1
  Generated on:           Jul 25 2021  01:30:25 pm
  Module:                 ms_es_ordered_cas_by2_mul_synth
  Technology library:     gscl45nm 
  Operating conditions:   typical (balanced_tree)
  Wireload mode:          enclosed
  Area mode:              timing library
============================================================

                                  Leakage    Dynamic      Total    
         Instance          Cells Power(nW)  Power(nW)   Power(nW)  
-------------------------------------------------------------------
ms_es_orde..by2_mul_synth   2273 39169.321 2100255.262 2139424.583 
  TOP                       2273 39169.321 2044436.449 2083605.770 
    genblk2.stoch2bin        702 16504.128  538431.847  554935.974 
      ctr                    647 14319.398  538431.847  552751.245 
        add_55_25            442  6736.072   83031.256   89767.328 
      par_ctr                 49  2113.463       0.000    2113.463 
        p0                    22   954.528       0.000     954.528 
          p0                   9   394.666       0.000     394.666 
            p0                 3   134.340       0.000     134.340 
              ha0              1    47.565       0.000      47.565 
              ha1              1    47.565       0.000      47.565 
              fa0              1    39.210       0.000      39.210 
            p1                 3   134.340       0.000     134.340 
              ha0              1    47.565       0.000      47.565 
              ha1              1    47.565       0.000      47.565 
              fa0              1    39.210       0.000      39.210 
          p1                   9   394.666       0.000     394.666 
            p0                 3   134.340       0.000     134.340 
              ha0              1    47.565       0.000      47.565 
              ha1              1    47.565       0.000      47.565 
              fa0              1    39.210       0.000      39.210 
            p1                 3   134.340       0.000     134.340 
              ha0              1    47.565       0.000      47.565 
              ha1              1    47.565       0.000      47.565 
              fa0              1    39.210       0.000      39.210 
        p1                    22   954.528       0.000     954.528 
          p0                   9   394.666       0.000     394.666 
            p0                 3   134.340       0.000     134.340 
              ha0              1    47.565       0.000      47.565 
              ha1              1    47.565       0.000      47.565 
              fa0              1    39.210       0.000      39.210 
            p1                 3   134.340       0.000     134.340 
              ha0              1    47.565       0.000      47.565 
              ha1              1    47.565       0.000      47.565 
              fa0              1    39.210       0.000      39.210 
          p1                   9   394.666       0.000     394.666 
            p0                 3   134.340       0.000     134.340 
              ha0              1    47.565       0.000      47.565 
              ha1              1    47.565       0.000      47.565 
              fa0              1    39.210       0.000      39.210 
            p1                 3   134.340       0.000     134.340 
              ha0              1    47.565       0.000      47.565 
              ha1              1    47.565       0.000      47.565 
              fa0              1    39.210       0.000      39.210 
    cas                      901  8188.420  874919.972  883108.392 
      genblk1.cas8           145  1326.118  131402.712  132728.830 
      genblk1.cas5           117  1056.429   95750.494   96806.923 
      genblk1.cas6           117  1056.429  110052.514  111108.943 
      genblk1.cas7           117  1056.429  133917.989  134974.418 
      genblk1.cas0            81   738.603   68069.533   68808.136 
      genblk1.cas1            81   738.603   66227.967   66966.570 
      genblk1.cas2            81   738.603   74321.703   75060.307 
      genblk1.cas3            81   738.603   90787.990   91526.593 
      genblk1.cas4            81   738.603  104389.070  105127.673 
    genblk1[4].genblk1.sng   126  2764.768  119205.790  121970.558 
      ctr                     52  1937.625   99881.634  101819.259 
    genblk1[3].genblk1.sng   126  2746.756  129019.665  131766.421 
      ctr                     51  1917.872  110152.210  112070.081 
    genblk1[1].genblk1.sng   123  2727.334  127972.646  130699.980 
      ctr                     51  1917.872  110678.900  112596.772 
    genblk1[2].genblk1.sng   123  2727.334  129571.107  132298.441 
      ctr                     51  1917.872  112038.098  113955.969 
    genblk1[0].genblk1.sng   113  2614.174  125203.855  127818.029 
      ctr                     47  1873.950  109825.943  111699.893 

