============================================================
  Generated by:           Encounter(R) RTL Compiler v14.10-s022_1
  Generated on:           Jul 25 2021  01:47:46 pm
  Module:                 ms_es_naive_by4_mul_synth
  Technology library:     gscl45nm 
  Operating conditions:   typical (balanced_tree)
  Wireload mode:          enclosed
  Area mode:              timing library
============================================================

         Instance           Cells  Cell Area  Net Area  Total Area  Wireload     
---------------------------------------------------------------------------------
ms_es_naive_by4_mul_synth     116        485         0         485    <none> (D) 
  TOP                         116        485         0         485    <none> (D) 
    genblk2.stoch2bin          58        319         0         319    <none> (D) 
      ctr                      31        158         0         158    <none> (D) 
      par_ctr                  22        150         0         150    <none> (D) 
        p1                      9         59         0          59    <none> (D) 
          p1                    3         18         0          18    <none> (D) 
            fa0                 1          9         0           9    <none> (D) 
            ha1                 1          5         0           5    <none> (D) 
            ha0                 1          5         0           5    <none> (D) 
          p0                    3         18         0          18    <none> (D) 
            fa0                 1          9         0           9    <none> (D) 
            ha1                 1          5         0           5    <none> (D) 
            ha0                 1          5         0           5    <none> (D) 
        p0                      9         59         0          59    <none> (D) 
          p1                    3         18         0          18    <none> (D) 
            fa0                 1          9         0           9    <none> (D) 
            ha1                 1          5         0           5    <none> (D) 
            ha0                 1          5         0           5    <none> (D) 
          p0                    3         18         0          18    <none> (D) 
            fa0                 1          9         0           9    <none> (D) 
            ha1                 1          5         0           5    <none> (D) 
            ha0                 1          5         0           5    <none> (D) 
    genblk1[1].genblk1.sng     21         63         0          63    <none> (D) 
      ctr                       8         37         0          37    <none> (D) 
    genblk1[0].genblk1.sng     18         58         0          58    <none> (D) 
      ctr                       7         34         0          34    <none> (D) 

 (D) = wireload is default in technology library
