============================================================
  Generated by:           Encounter(R) RTL Compiler v14.10-s022_1
  Generated on:           Jul 25 2021  01:17:09 pm
  Module:                 ms_es_naive_by2_mul_synth
  Technology library:     gscl45nm 
  Operating conditions:   typical (balanced_tree)
  Wireload mode:          enclosed
  Area mode:              timing library
============================================================

                                  Leakage    Dynamic     Total   
         Instance          Cells Power(nW)  Power(nW)  Power(nW) 
-----------------------------------------------------------------
ms_es_naive_by2_mul_synth    298  8233.186 488200.759 496433.945 
  TOP                        298  8233.186 471773.874 480007.060 
    genblk2.stoch2bin        103  3816.439 207926.333 211742.771 
      ctr                     91  3391.737 186240.962 189632.699 
        add_55_25             18   714.142  14784.041  15498.182 
      par_ctr                  9   394.666  14197.511  14592.177 
        p0                     3   134.340   5731.711   5866.051 
          ha0                  1    47.565    991.198   1038.762 
          ha1                  1    47.565   1942.645   1990.210 
          fa0                  1    39.210   2797.868   2837.078 
        p1                     3   134.340   5615.557   5749.897 
          ha0                  1    47.565   1009.926   1057.491 
          ha1                  1    47.565   1757.367   1804.931 
          fa0                  1    39.210   2848.265   2887.475 
    genblk1[2].genblk1.sng    62  1431.712  77365.944  78797.657 
      ctr                     31  1141.834  61491.617  62633.451 
    genblk1[1].genblk1.sng    61  1411.959  87420.288  88832.247 
      ctr                     30  1122.080  72485.331  73607.411 
    genblk1[0].genblk1.sng    58  1378.934  85403.085  86782.019 
      ctr                     27  1089.056  71306.494  72395.550 

