============================================================
  Generated by:           Encounter(R) RTL Compiler v14.10-s022_1
  Generated on:           Jul 25 2021  01:29:01 pm
  Module:                 ms_es_ordered_cas_by2_mul_synth
  Technology library:     gscl45nm 
  Operating conditions:   typical (balanced_tree)
  Wireload mode:          enclosed
  Area mode:              timing library
============================================================

           Pin                 Type       Fanout Load Slew Delay Arrival   
                                                 (fF) (ps)  (ps)   (ps)    
---------------------------------------------------------------------------
(clock clk_int2)             launch                                    0 R 
TOP
  genblk1[2].genblk1.sng
    ctr
      countval_reg[4]/CLK                                0             0 R 
      countval_reg[4]/Q      DFFSR             1  1.5   10  +115     115 F 
      drc_bufs318/A                                           +0     115   
      drc_bufs318/Y          BUFX2             4 10.3   13   +41     156 F 
    ctr/countval[4] 
    g477/A                                                    +0     156   
    g477/Y                   INVX1             2  4.8    0   +10     166 R 
    g471/A                                                    +0     166   
    g471/Y                   OR2X1             2  5.0   36   +47     213 R 
    g467/C                                                    +0     213   
    g467/Y                   OAI21X1           3  7.2   16   +28     242 F 
    g462/A                                                    +0     242   
    g462/Y                   OR2X1             2  5.1   20   +46     288 F 
    g458/C                                                    +0     288   
    g458/Y                   NOR3X1            1  3.3   48   +30     317 R 
    g454/C                                                    +0     317   
    g454/Y                   NOR3X1            1  2.6   27   +30     348 F 
    g453/B                                                    +0     348   
    g453/Y                   OAI21X1           6 13.3   94   +79     427 R 
    g452/A                                                    +0     427   
    g452/Y                   OR2X1             5 10.8   57   +66     493 R 
  genblk1[2].genblk1.sng/sn_out[0] 
  g711/A                                                      +0     493   
  g711/Y                     AND2X1            5 11.5   71   +59     552 R 
  g691/A                                                      +0     552   
  g691/Y                     AND2X1            4  9.2   60   +52     604 R 
  g664/A                                                      +0     604   
  g664/Y                     AND2X1            1 12.7   84   +63     666 R 
  genblk2.stoch2bin/data_in[27] 
    par_ctr/a[27] 
      p0/a[11] 
        p0/a[3] 
          p1/a[3] 
            fa0/cin 
              g2/A                                            +0     666   
              g2/YS          FAX1              1  3.4   12   +94     761 F 
            fa0/s 
            ha0/b 
              g17/B                                           +0     761   
              g17/YS         HAX1              1  4.0   19   +59     819 F 
            ha0/s 
          p1/y[0] 
          g168/A                                              +0     819   
          g168/YC            HAX1              1  8.8   35   +65     884 F 
          g167/B                                              +0     884   
          g167/YC            FAX1              1  7.1   29   +89     973 F 
          g166/C                                              +0     973   
          g166/YS            FAX1              1 12.7   67  +103    1075 R 
        p0/y[2] 
        g239/A                                                +0    1075   
        g239/YS              FAX1              1 12.7   67  +117    1193 R 
      p0/y[2] 
      g286/A                                                  +0    1193   
      g286/YS                FAX1              3  7.9   45  +103    1295 R 
    par_ctr/y[2] 
    ctr/data_in[2] 
      add_55_25/B[2] 
        g18014/B                                              +0    1295   
        g18014/YC            HAX1              1  2.4   21   +44    1340 R 
        g17971/C                                              +0    1340   
        g17971/Y             AOI21X1           1  1.5   15   +13    1353 F 
        drc_bufs18118/A                                       +0    1353   
        drc_bufs18118/Y      BUFX2             1  1.9    2   +33    1386 F 
        g17970/C                                              +0    1386   
        g17970/Y             OAI21X1           3  7.1   65   +31    1417 R 
        g17964/B                                              +0    1417   
        g17964/Y             AOI21X1           1  1.5   14   +36    1454 F 
        drc_bufs18122/A                                       +0    1454   
        drc_bufs18122/Y      BUFX2             1  1.9    2   +33    1487 F 
        g17962/C                                              +0    1487   
        g17962/Y             OAI21X1           3  7.1   65   +31    1518 R 
        g17958/B                                              +0    1518   
        g17958/Y             AOI21X1           1  1.5   14   +36    1554 F 
        drc_bufs18098/A                                       +0    1554   
        drc_bufs18098/Y      BUFX2             1  1.9    2   +33    1587 F 
        g17957/C                                              +0    1587   
        g17957/Y             OAI21X1           3 10.1   79   +40    1628 R 
        g17956/B                                              +0    1628   
        g17956/Y             NAND2X1           1  1.5   14   +29    1657 F 
        drc_bufs18096/A                                       +0    1657   
        drc_bufs18096/Y      BUFX2             1  1.8    2   +33    1690 F 
        g17953/B                                              +0    1690   
        g17953/Y             AND2X1            3  6.7   30   +52    1742 F 
        g17952/A                                              +0    1742   
        g17952/Y             INVX1             2  5.5    0   +19    1760 R 
        g17948/B                                              +0    1760   
        g17948/Y             AOI21X1           1  1.5   16   +21    1781 F 
        drc_bufs18101/A                                       +0    1781   
        drc_bufs18101/Y      BUFX2             1  1.9    2   +34    1815 F 
        g17947/C                                              +0    1815   
        g17947/Y             OAI21X1           3  7.1   46   +31    1846 R 
        g17944/B                                              +0    1846   
        g17944/Y             AOI21X1           1  1.5   15   +32    1878 F 
        drc_bufs18102/A                                       +0    1878   
        drc_bufs18102/Y      BUFX2             1  1.9    2   +33    1911 F 
        g17943/C                                              +0    1911   
        g17943/Y             OAI21X1           3  7.1   46   +31    1942 R 
        g17940/B                                              +0    1942   
        g17940/Y             AOI21X1           1  1.5   15   +32    1974 F 
        drc_bufs18103/A                                       +0    1974   
        drc_bufs18103/Y      BUFX2             1  1.9    2   +33    2007 F 
        g17939/C                                              +0    2007   
        g17939/Y             OAI21X1           3  7.1   46   +31    2038 R 
        g17936/B                                              +0    2038   
        g17936/Y             AOI21X1           1  1.5   15   +32    2070 F 
        drc_bufs18104/A                                       +0    2070   
        drc_bufs18104/Y      BUFX2             1  1.9    2   +33    2104 F 
        g17935/C                                              +0    2104   
        g17935/Y             OAI21X1           3  7.1   46   +31    2135 R 
        g17932/B                                              +0    2135   
        g17932/Y             AOI21X1           1  1.5   15   +32    2167 F 
        drc_bufs18105/A                                       +0    2167   
        drc_bufs18105/Y      BUFX2             1  1.9    2   +33    2200 F 
        g17931/C                                              +0    2200   
        g17931/Y             OAI21X1           3  7.1   46   +31    2231 R 
        g17928/B                                              +0    2231   
        g17928/Y             AOI21X1           1  1.5   15   +32    2263 F 
        drc_bufs18106/A                                       +0    2263   
        drc_bufs18106/Y      BUFX2             1  1.9    2   +33    2296 F 
        g17927/C                                              +0    2296   
        g17927/Y             OAI21X1           3  7.1   46   +31    2327 R 
        g17924/B                                              +0    2327   
        g17924/Y             AOI21X1           1  1.5   15   +32    2359 F 
        drc_bufs18110/A                                       +0    2359   
        drc_bufs18110/Y      BUFX2             1  1.9    2   +33    2393 F 
        g17923/C                                              +0    2393   
        g17923/Y             OAI21X1           3  7.1   46   +31    2424 R 
        g17920/B                                              +0    2424   
        g17920/Y             AOI21X1           1  1.5   15   +32    2456 F 
        drc_bufs18116/A                                       +0    2456   
        drc_bufs18116/Y      BUFX2             1  1.9    2   +33    2489 F 
        g17919/C                                              +0    2489   
        g17919/Y             OAI21X1           3  7.1   46   +31    2520 R 
        g17916/B                                              +0    2520   
        g17916/Y             AOI21X1           1  1.5   15   +32    2552 F 
        drc_bufs18114/A                                       +0    2552   
        drc_bufs18114/Y      BUFX2             1  1.9    2   +33    2585 F 
        g17915/C                                              +0    2585   
        g17915/Y             OAI21X1           3  7.1   46   +31    2616 R 
        g17912/B                                              +0    2616   
        g17912/Y             AOI21X1           1  1.5   15   +32    2648 F 
        drc_bufs18123/A                                       +0    2648   
        drc_bufs18123/Y      BUFX2             1  1.9    2   +33    2682 F 
        g17911/C                                              +0    2682   
        g17911/Y             OAI21X1           3  7.1   46   +31    2713 R 
        g17908/B                                              +0    2713   
        g17908/Y             AOI21X1           1  1.5   15   +32    2744 F 
        drc_bufs18111/A                                       +0    2744   
        drc_bufs18111/Y      BUFX2             1  1.9    2   +33    2778 F 
        g17907/C                                              +0    2778   
        g17907/Y             OAI21X1           3  7.1   46   +31    2809 R 
        g17904/B                                              +0    2809   
        g17904/Y             AOI21X1           1  1.5   15   +32    2841 F 
        drc_bufs18099/A                                       +0    2841   
        drc_bufs18099/Y      BUFX2             1  1.9    2   +33    2874 F 
        g17903/C                                              +0    2874   
        g17903/Y             OAI21X1           3  7.1   46   +31    2905 R 
        g17900/B                                              +0    2905   
        g17900/Y             AOI21X1           1  1.5   15   +32    2937 F 
        drc_bufs18100/A                                       +0    2937   
        drc_bufs18100/Y      BUFX2             1  1.9    2   +33    2970 F 
        g17899/C                                              +0    2970   
        g17899/Y             OAI21X1           3 10.1   61   +40    3011 R 
        g17898/B                                              +0    3011   
        g17898/Y             NAND2X1           1  1.5   16   +25    3036 F 
        drc_bufs18095/A                                       +0    3036   
        drc_bufs18095/Y      BUFX2             1  1.8    2   +34    3070 F 
        g17895/B                                              +0    3070   
        g17895/Y             AND2X1            4  9.9   39   +58    3128 F 
        g17893/C                                              +0    3128   
        g17893/Y             NOR3X1            1  3.3   56   +34    3161 R 
        g17891/C                                              +0    3161   
        g17891/Y             NOR3X1            1  2.6   28   +32    3194 F 
        g17887/B                                              +0    3194   
        g17887/Y             OAI21X1           4  9.4   77   +66    3260 R 
        g17881/A                                              +0    3260   
        g17881/Y             AND2X1            1  2.8   35   +32    3292 R 
        g17875/B                                              +0    3292   
        g17875/Y             OAI21X1           1  1.9    5   +20    3312 F 
        g17871/A                                              +0    3312   
        g17871/Y             AND2X1            3  9.8   38   +47    3359 F 
        g17865/B                                              +0    3359   
        g17865/Y             OAI21X1           1  2.0   42   +45    3405 R 
        g17863/C                                              +0    3405   
        g17863/Y             OAI21X1           1  1.9    4   +22    3426 F 
        g17861/A                                              +0    3426   
        g17861/Y             AND2X1            3  9.2   37   +46    3472 F 
        g17856/A                                              +0    3472   
        g17856/Y             OR2X1             3  7.5   22   +53    3525 F 
        g17851/B                                              +0    3525   
        g17851/Y             NOR2X1            1  1.5   22   +29    3553 R 
        drc_bufs18093/A                                       +0    3553   
        drc_bufs18093/Y      BUFX2             1  2.4    8   +34    3587 R 
        g17844/B                                              +0    3587   
        g17844/Y             NOR2X1            1  1.5    0   +10    3597 F 
        drc_bufs18112/A                                       +0    3597   
        drc_bufs18112/Y      BUFX2             1  1.9    0   +30    3627 F 
        g17842/C                                              +0    3627   
        g17842/Y             OAI21X1           3  7.1   63   +30    3658 R 
        g17841/A                                              +0    3658   
        g17841/Y             INVX1             3  7.5   24   +41    3699 F 
        g17837/A                                              +0    3699   
        g17837/Y             OR2X1             1  2.6   13   +42    3740 F 
        g17829/B                                              +0    3740   
        g17829/Y             OAI21X1           1  5.4   56   +51    3791 R 
        g17827/A                                              +0    3791   
        g17827/Y             XOR2X1            1  2.8   46   +41    3832 R 
      add_55_25/Z[34] 
      g138/A                                                  +0    3832   
      g138/Y                 MUX2X1            1  1.5   46   +28    3860 F 
      g137/A                                                  +0    3860   
      g137/Y                 INVX1             1  2.0    0   +13    3873 R 
      countval_reg[34]/D     DFFSR                            +0    3873   
      countval_reg[34]/CLK   setup                       0   +70    3943 R 
- - - - - - - - - - - - - - - - - - - - - - - - - - - - - - - - - - - - - -
(clock clk)                  capture                                5000 R 
                             uncertainty                     -50    4950 R 
---------------------------------------------------------------------------
Cost Group   : 'clk' (path_group 'clk')
Timing slack :    1007ps 
Start-point  : TOP/genblk1[2].genblk1.sng/ctr/countval_reg[4]/CLK
End-point    : TOP/genblk2.stoch2bin/ctr/countval_reg[34]/D
