============================================================
  Generated by:           Encounter(R) RTL Compiler v14.10-s022_1
  Generated on:           Jul 25 2021  01:35:15 pm
  Module:                 ms_es_ordered_bs_by2_mul_synth
  Technology library:     gscl45nm 
  Operating conditions:   typical (balanced_tree)
  Wireload mode:          enclosed
  Area mode:              timing library
============================================================

             Instance               Cells  Cell Area  Net Area  Total Area  Wireload     
-----------------------------------------------------------------------------------------
ms_es_ordered_bs_by2_mul_synth       1151       3550         0        3550    <none> (D) 
  TOP                                1151       3550         0        3550    <none> (D) 
    genblk2.stoch2bin                 168        908         0         908    <none> (D) 
      ctr                             141        746         0         746    <none> (D) 
        add_55_25                      28        245         0         245    <none> (D) 
      par_ctr                          22        150         0         150    <none> (D) 
        p1                              9         59         0          59    <none> (D) 
          p1                            3         18         0          18    <none> (D) 
            fa0                         1          9         0           9    <none> (D) 
            ha1                         1          5         0           5    <none> (D) 
            ha0                         1          5         0           5    <none> (D) 
          p0                            3         18         0          18    <none> (D) 
            fa0                         1          9         0           9    <none> (D) 
            ha1                         1          5         0           5    <none> (D) 
            ha0                         1          5         0           5    <none> (D) 
        p0                              9         59         0          59    <none> (D) 
          p1                            3         18         0          18    <none> (D) 
            fa0                         1          9         0           9    <none> (D) 
            ha1                         1          5         0           5    <none> (D) 
            ha0                         1          5         0           5    <none> (D) 
          p0                            3         18         0          18    <none> (D) 
            fa0                         1          9         0           9    <none> (D) 
            ha1                         1          5         0           5    <none> (D) 
            ha0                         1          5         0           5    <none> (D) 
    genblk1[3].genblk2.sng            242        654         0         654    <none> (D) 
      genblk2[0].min_comparator       112        278         0         278    <none> (D) 
      genblk2[1].min_comparator        97        226         0         226    <none> (D) 
      ctr                              33        149         0         149    <none> (D) 
    genblk1[0].genblk1.sng            240        648         0         648    <none> (D) 
      genblk2[0].max_comparator       115        284         0         284    <none> (D) 
      genblk2[1].max_comparator        93        217         0         217    <none> (D) 
      ctr                              32        147         0         147    <none> (D) 
    genblk1[2].genblk4.genblk2.sng    239        640         0         640    <none> (D) 
      genblk2[0].max_comparator       112        268         0         268    <none> (D) 
      genblk2[1].max_comparator        95        225         0         225    <none> (D) 
      ctr                              32        147         0         147    <none> (D) 
    genblk1[1].genblk4.genblk1.sng    236        640         0         640    <none> (D) 
      genblk2[0].max_comparator       107        260         0         260    <none> (D) 
      genblk2[1].max_comparator        97        233         0         233    <none> (D) 
      ctr                              32        147         0         147    <none> (D) 

 (D) = wireload is default in technology library
