============================================================
  Generated by:           Encounter(R) RTL Compiler v14.10-s022_1
  Generated on:           Jul 25 2021  02:01:11 pm
  Module:                 ms_es_ordered_cas_by4_mul_synth
  Technology library:     gscl45nm 
  Operating conditions:   typical (balanced_tree)
  Wireload mode:          enclosed
  Area mode:              timing library
============================================================

                                  Leakage    Dynamic     Total   
         Instance          Cells Power(nW)  Power(nW)  Power(nW) 
-----------------------------------------------------------------
ms_es_orde..by4_mul_synth    150  3615.432 129380.156 132995.588 
  TOP                        150  3615.432 123389.748 127005.180 
    genblk2.stoch2bin         58  2140.422  58859.678  61000.100 
      ctr                     31  1137.310  58859.678  59996.988 
      par_ctr                 22   954.528      0.000    954.528 
        p0                     9   394.666      0.000    394.666 
          p0                   3   134.340      0.000    134.340 
            ha0                1    47.565      0.000     47.565 
            ha1                1    47.565      0.000     47.565 
            fa0                1    39.210      0.000     39.210 
          p1                   3   134.340      0.000    134.340 
            ha0                1    47.565      0.000     47.565 
            ha1                1    47.565      0.000     47.565 
            fa0                1    39.210      0.000     39.210 
        p1                     9   394.666      0.000    394.666 
          p0                   3   134.340      0.000    134.340 
            ha0                1    47.565      0.000     47.565 
            ha1                1    47.565      0.000     47.565 
            fa0                1    39.210      0.000     39.210 
          p1                   3   134.340      0.000    134.340 
            ha0                1    47.565      0.000     47.565 
            ha1                1    47.565      0.000     47.565 
            fa0                1    39.210      0.000     39.210 
    genblk1[1].genblk1.sng    17   443.055  19894.991  20338.046 
      ctr                      8   323.916  19191.802  19515.718 
    genblk1[0].genblk1.sng    18   414.912  28542.296  28957.208 
      ctr                      7   304.162  27784.180  28088.342 
    cas                       38   334.250  16092.783  16427.033 
      genblk1.cas_a_b         38   334.250  16092.783  16427.033 

