============================================================
  Generated by:           Encounter(R) RTL Compiler v14.10-s022_1
  Generated on:           Jul 25 2021  01:31:46 pm
  Module:                 ms_es_ordered_bs_by2_mul_synth
  Technology library:     gscl45nm 
  Operating conditions:   typical (balanced_tree)
  Wireload mode:          enclosed
  Area mode:              timing library
============================================================

                                       Leakage    Dynamic     Total   
            Instance            Cells Power(nW)  Power(nW)  Power(nW) 
----------------------------------------------------------------------
ms_es_orde..by2_mul_synth         490  9548.928 570195.616 579744.544 
  TOP                             490  9548.928 545709.375 555258.303 
    genblk2.stoch2bin              96  3562.503 201839.020 205401.523 
      ctr                          91  3391.737 190012.537 193404.274 
        add_55_25                  18   714.142  15692.505  16406.647 
      par_ctr                       3   134.340   5111.206   5245.546 
        ha0                         1    47.565    919.296    966.861 
        ha1                         1    47.565   1631.008   1678.573 
        fa0                         1    39.210   2560.902   2600.113 
    genblk1[1].genblk2.sng        197  2982.828 165720.482 168703.310 
      ctr                          46  1734.300  95272.495  97006.795 
      genblk2[0].min_comparator    80   687.745  36264.488  36952.233 
      genblk2[1].min_comparator    71   560.782  34183.499  34744.282 
    genblk1[0].genblk1.sng        191  2934.303 172564.335 175498.638 
      ctr                          42  1677.726 105608.789 107286.516 
      genblk2[0].max_comparator    81   721.655  35675.308  36396.963 
      genblk2[1].max_comparator    68   534.922  31280.237  31815.159 

