============================================================
  Generated by:           Encounter(R) RTL Compiler v14.10-s022_1
  Generated on:           Jul 25 2021  02:02:12 pm
  Module:                 ms_es_ordered_cas_by4_mul_synth
  Technology library:     gscl45nm 
  Operating conditions:   typical (balanced_tree)
  Wireload mode:          enclosed
  Area mode:              timing library
============================================================

                                  Leakage    Dynamic     Total   
         Instance          Cells Power(nW)  Power(nW)  Power(nW) 
-----------------------------------------------------------------
ms_es_orde..by4_mul_synth    446  9898.470 453783.080 463681.550 
  TOP                        446  9898.470 433768.092 443666.562 
    genblk2.stoch2bin        118  4403.788 174290.961 178694.749 
      ctr                     91  3391.737 174290.961 177682.698 
        add_55_25             18   714.142  11739.231  12453.373 
      par_ctr                 22   954.528      0.000    954.528 
        p0                     9   394.666      0.000    394.666 
          p0                   3   134.340      0.000    134.340 
            ha0                1    47.565      0.000     47.565 
            ha1                1    47.565      0.000     47.565 
            fa0                1    39.210      0.000     39.210 
          p1                   3   134.340      0.000    134.340 
            ha0                1    47.565      0.000     47.565 
            ha1                1    47.565      0.000     47.565 
            fa0                1    39.210      0.000     39.210 
        p1                     9   394.666      0.000    394.666 
          p0                   3   134.340      0.000    134.340 
            ha0                1    47.565      0.000     47.565 
            ha1                1    47.565      0.000     47.565 
            fa0                1    39.210      0.000     39.210 
          p1                   3   134.340      0.000    134.340 
            ha0                1    47.565      0.000     47.565 
            ha1                1    47.565      0.000     47.565 
            fa0                1    39.210      0.000     39.210 
    genblk1[1].genblk1.sng    86  1944.818  90463.656  92408.474 
      ctr                     38  1501.257  81860.897  83362.153 
    genblk1[0].genblk1.sng    85  1925.065 100242.263 102167.327 
      ctr                     37  1481.503  91762.600  93244.103 
    cas                      138  1342.006  68771.212  70113.219 
      genblk1.cas_a_b        138  1342.006  68771.212  70113.219 

