============================================================
  Generated by:           Encounter(R) RTL Compiler v14.10-s022_1
  Generated on:           Jul 25 2021  01:49:25 pm
  Module:                 ms_es_naive_by4_mul_synth
  Technology library:     gscl45nm 
  Operating conditions:   typical (balanced_tree)
  Wireload mode:          enclosed
  Area mode:              timing library
============================================================

           Pin                 Type       Fanout Load Slew Delay Arrival   
                                                 (fF) (ps)  (ps)   (ps)    
---------------------------------------------------------------------------
(clock clk_int2)             launch                                    0 R 
TOP
  genblk1[2].genblk1.sng
    ctr
      countval_reg[3]/CLK                                0             0 R 
      countval_reg[3]/Q      DFFSR             1  1.5   10  +115     115 F 
      drc_bufs80/A                                            +0     115   
      drc_bufs80/Y           BUFX2             4 10.7   14   +42     156 F 
    ctr/countval[3] 
    g255/A                                                    +0     156   
    g255/Y                   INVX1             1  2.5    0    +3     160 R 
    g252/A                                                    +0     160   
    g252/Y                   OR2X1             2  5.1   36   +47     207 R 
    g249/B                                                    +0     207   
    g249/Y                   NAND3X1           1  1.5   14   +18     225 F 
    drc_bufs/A                                                +0     225   
    drc_bufs/Y               BUFX2             1  1.9    2   +33     259 F 
    g248/C                                                    +0     259   
    g248/Y                   OAI21X1          19 44.0  238  +147     405 R 
    g245/B                                                    +0     405   
    g245/Y                   OR2X1            18 41.8  205  +183     588 R 
    g243/A                                                    +0     588   
    g243/Y                   OR2X1            17 40.1  189  +159     747 R 
  genblk1[2].genblk1.sng/sn_out[0] 
  g596/B                                                      +0     747   
  g596/Y                     AND2X1            1  4.6   25   +37     784 R 
  genblk2.stoch2bin/data_in[56] 
    par_ctr/a[56] 
      p0/a[24] 
        p0/a[8] 
          p0/a[0] 
            p1/a[0] 
              ha0/a 
                g17/A                                         +0     784   
                g17/YS       HAX1              1  4.0   19   +64     848 F 
              ha0/s 
            p1/y[0] 
            g168/A                                            +0     848   
            g168/YC          HAX1              1 10.9   41   +69     917 F 
            g167/A                                            +0     917   
            g167/YC          FAX1              1  7.1   29   +92    1009 F 
            g166/C                                            +0    1009   
            g166/YS          FAX1              1 12.7   67  +103    1111 R 
          p0/y[2] 
          g236/A                                              +0    1111   
          g236/YS            FAX1              1 12.7   67  +117    1229 R 
        p0/y[2] 
        g287/A                                                +0    1229   
        g287/YS              FAX1              1 12.7   67  +117    1346 R 
      p0/y[2] 
      g360/A                                                  +0    1346   
      g360/YS                FAX1              2 11.1   34  +108    1454 F 
    par_ctr/y[2] 
    ctr/data_in[2] 
      g825/B                                                  +0    1454   
      g825/YC                FAX1              1  7.1   29   +88    1542 F 
      g821/C                                                  +0    1542   
      g821/YC                FAX1              1  7.1   29   +82    1624 F 
      g817/C                                                  +0    1624   
      g817/YC                FAX1              1  7.1   29   +82    1706 F 
      g813/C                                                  +0    1706   
      g813/YC                FAX1              1  7.1   29   +82    1787 F 
      g809/C                                                  +0    1787   
      g809/YC                FAX1              1  7.1   29   +82    1869 F 
      g805/C                                                  +0    1869   
      g805/YC                FAX1              1  7.1   26   +82    1950 F 
      g801/C                                                  +0    1950   
      g801/YC                FAX1              1  7.1   27   +81    2032 F 
      g797/C                                                  +0    2032   
      g797/YC                FAX1              1  7.1   27   +81    2113 F 
      g793/C                                                  +0    2113   
      g793/YC                FAX1              1 10.9   37   +89    2202 F 
      g2/A                                                    +0    2202   
      g2/YS                  FAX1              1  2.8   21   +84    2285 R 
      g787/A                                                  +0    2285   
      g787/Y                 MUX2X1            1  1.5   21   +23    2308 F 
      g786/A                                                  +0    2308   
      g786/Y                 INVX1             1  2.0    0    +4    2312 R 
      countval_reg[11]/D     DFFSR                            +0    2312   
      countval_reg[11]/CLK   setup                       0   +70    2383 R 
- - - - - - - - - - - - - - - - - - - - - - - - - - - - - - - - - - - - - -
(clock clk)                  capture                                5000 R 
                             uncertainty                     -50    4950 R 
---------------------------------------------------------------------------
Cost Group   : 'clk' (path_group 'clk')
Timing slack :    2567ps 
Start-point  : TOP/genblk1[2].genblk1.sng/ctr/countval_reg[3]/CLK
End-point    : TOP/genblk2.stoch2bin/ctr/countval_reg[11]/D
