============================================================
  Generated by:           Encounter(R) RTL Compiler v14.10-s022_1
  Generated on:           Jul 25 2021  02:10:10 pm
  Module:                 ms_es_ordered_cas_by4_mul_synth
  Technology library:     gscl45nm 
  Operating conditions:   typical (balanced_tree)
  Wireload mode:          enclosed
  Area mode:              timing library
============================================================

             Pin                   Type       Fanout Load Slew Delay Arrival   
                                                     (fF) (ps)  (ps)   (ps)    
-------------------------------------------------------------------------------
(clock clk)                      launch                                    0 R 
TOP
  genblk1[0].genblk1.sng
    ctr
      countval_reg[3]/CLK                                    0             0 R 
      countval_reg[3]/Q          DFFSR             1  1.5   10  +115     115 F 
      drc_bufs114/A                                               +0     115   
      drc_bufs114/Y              BUFX2             4 10.7   14   +42     156 F 
    ctr/countval[3] 
    g397/A                                                        +0     156   
    g397/Y                       INVX1             1  2.5    0    +3     160 R 
    g391/A                                                        +0     160   
    g391/Y                       OR2X1             2  5.3   37   +48     208 R 
    g389/C                                                        +0     208   
    g389/Y                       NAND3X1           1  1.5   16   +15     223 F 
    drc_bufs402/A                                                 +0     223   
    drc_bufs402/Y                BUFX2             1  1.9    2   +34     256 F 
    g386/C                                                        +0     256   
    g386/Y                       OAI21X1           1  2.8   26   +18     274 R 
    g382/A                                                        +0     274   
    g382/Y                       AOI22X1           1  1.5   34   +35     309 F 
    drc_bufs403/A                                                 +0     309   
    drc_bufs403/Y                BUFX2             2  3.4    8   +39     348 F 
    drc_bufs400/A                                                 +0     348   
    drc_bufs400/Y                INVX1            11 25.4   94   +75     423 R 
    g377/B                                                        +0     423   
    g377/Y                       OR2X1            11 25.5  130  +125     548 R 
    g376/A                                                        +0     548   
    g376/Y                       OR2X1            10 23.0  112  +104     653 R 
  genblk1[0].genblk1.sng/sn_out[0] 
  g12023/B                                                        +0     653   
  g12023/Y                       AND2X1            4  9.2   55   +57     710 R 
  g11980/A                                                        +0     710   
  g11980/Y                       AND2X1           16 36.8  190  +138     848 R 
  g11185/A                                                        +0     848   
  g11185/Y                       AND2X1            1  8.2   38   +48     895 R 
  genblk2.stoch2bin/data_in[249] 
    par_ctr/a[249] 
      p1/a[249] 
        p1/a[249] 
          p0/a[121] 
            p0/a[57] 
              p0/a[25] 
                p0/a[9] 
                  p0/a[1] 
                    p1/a[1] 
                      fa0/a 
                        g2/C                                      +0     895   
                        g2/YS    FAX1              1  3.4   12   +82     978 F 
                      fa0/s 
                      ha0/b 
                        g17/B                                     +0     978   
                        g17/YS   HAX1              1  4.0   19   +59    1036 F 
                      ha0/s 
                    p1/y[0] 
                    g168/A                                        +0    1036   
                    g168/YC      HAX1              1 10.9   41   +69    1105 F 
                    g167/A                                        +0    1105   
                    g167/YC      FAX1              1  7.1   29   +92    1197 F 
                    g166/C                                        +0    1197   
                    g166/YS      FAX1              1 12.7   67  +103    1299 R 
                  p0/y[2] 
                  g236/A                                          +0    1299   
                  g236/YS        FAX1              1 12.7   67  +117    1417 R 
                p0/y[2] 
                g287/A                                            +0    1417   
                g287/YS          FAX1              1 12.7   67  +117    1534 R 
              p0/y[2] 
              g361/A                                              +0    1534   
              g361/YS            FAX1              1 12.7   67  +117    1652 R 
            p0/y[2] 
            g539/A                                                +0    1652   
            g539/YS              FAX1              1 12.7   67  +117    1769 R 
          p0/y[2] 
          g619/A                                                  +0    1769   
          g619/YS                FAX1              1 10.3   56  +110    1879 R 
        p1/y[2] 
        g937/B                                                    +0    1879   
        g937/YS                  FAX1              1 10.3   56  +102    1982 R 
      p1/y[2] 
      g825/B                                                      +0    1982   
      g825/YS                    FAX1              2 12.0   36  +108    2089 F 
    par_ctr/y[2] 
    ctr/data_in[2] 
      add_55_25/B[2] 
        g625/B                                                    +0    2089   
        g625/YC                  FAX1              1  7.1   29   +89    2178 F 
        g624/C                                                    +0    2178   
        g624/YC                  FAX1              1  7.1   29   +82    2260 F 
        g623/C                                                    +0    2260   
        g623/YC                  FAX1              1  7.1   29   +82    2341 F 
        g622/C                                                    +0    2341   
        g622/YC                  FAX1              1  7.1   29   +82    2423 F 
        g621/C                                                    +0    2423   
        g621/YC                  FAX1              1  7.1   29   +82    2504 F 
        g620/C                                                    +0    2504   
        g620/YC                  FAX1              1  7.1   29   +82    2586 F 
        g619/C                                                    +0    2586   
        g619/YC                  FAX1              1  7.1   29   +82    2668 F 
        g618/C                                                    +0    2668   
        g618/YC                  FAX1              1  7.1   29   +82    2749 F 
        g617/C                                                    +0    2749   
        g617/YC                  FAX1              1  7.1   29   +82    2831 F 
        g616/C                                                    +0    2831   
        g616/YC                  FAX1              1  7.1   26   +82    2912 F 
        g615/C                                                    +0    2912   
        g615/YC                  FAX1              1  7.1   27   +81    2993 F 
        g614/C                                                    +0    2993   
        g614/YC                  FAX1              1  7.1   27   +81    3075 F 
        g613/C                                                    +0    3075   
        g613/YC                  FAX1              1  7.1   27   +81    3156 F 
        g612/C                                                    +0    3156   
        g612/YC                  FAX1              1  7.1   27   +81    3237 F 
        g611/C                                                    +0    3237   
        g611/YC                  FAX1              1  7.1   27   +81    3318 F 
        g610/C                                                    +0    3318   
        g610/YC                  FAX1              1  7.1   27   +81    3399 F 
        g609/C                                                    +0    3399   
        g609/YC                  FAX1              1  7.1   27   +81    3481 F 
        g608/C                                                    +0    3481   
        g608/YC                  FAX1              1  7.1   27   +81    3562 F 
        g607/C                                                    +0    3562   
        g607/YC                  FAX1              1  7.1   27   +81    3643 F 
        g606/C                                                    +0    3643   
        g606/YC                  FAX1              1  7.1   27   +81    3724 F 
        g605/C                                                    +0    3724   
        g605/YC                  FAX1              1  7.1   27   +81    3805 F 
        g604/C                                                    +0    3805   
        g604/YC                  FAX1              1  7.1   27   +81    3887 F 
        g603/C                                                    +0    3887   
        g603/YC                  FAX1              1 10.9   37   +89    3976 F 
        g2/A                                                      +0    3976   
        g2/YS                    FAX1              1  2.8   21   +84    4059 R 
      add_55_25/Z[25] 
      g128/A                                                      +0    4059   
      g128/Y                     MUX2X1            1  1.5   24   +23    4082 F 
      g127/A                                                      +0    4082   
      g127/Y                     INVX1             1  2.0    0    +5    4087 R 
      countval_reg[25]/D         DFFSR                            +0    4087   
      countval_reg[25]/CLK       setup                       0   +70    4158 R 
- - - - - - - - - - - - - - - - - - - - - - - - - - - - - - - - - - - - - - - -
(clock clk)                      capture                                5000 R 
                                 uncertainty                     -50    4950 R 
-------------------------------------------------------------------------------
Cost Group   : 'clk' (path_group 'clk')
Timing slack :     792ps 
Start-point  : TOP/genblk1[0].genblk1.sng/ctr/countval_reg[3]/CLK
End-point    : TOP/genblk2.stoch2bin/ctr/countval_reg[25]/D
