============================================================
  Generated by:           Encounter(R) RTL Compiler v14.10-s022_1
  Generated on:           Jul 25 2021  01:22:13 pm
  Module:                 ms_es_naive_by2_mul_synth
  Technology library:     gscl45nm 
  Operating conditions:   typical (balanced_tree)
  Wireload mode:          enclosed
  Area mode:              timing library
============================================================

                                  Leakage    Dynamic      Total    
         Instance          Cells Power(nW)  Power(nW)   Power(nW)  
-------------------------------------------------------------------
ms_es_naive_by2_mul_synth   1371 30979.159 1424141.282 1455120.441 
  TOP                       1371 30979.159 1382656.054 1413635.213 
    genblk2.stoch2bin        702 16504.128  599523.226  616027.354 
      ctr                    647 14319.398  543991.753  558311.151 
        add_55_25            442  6736.072   82761.001   89497.072 
      par_ctr                 49  2113.463   41894.969   44008.432 
        p0                    22   954.528   20378.425   21332.953 
          p0                   9   394.666    9506.138    9900.804 
            p0                 3   134.340    4069.654    4203.994 
              ha0              1    47.565     745.881     793.446 
              ha1              1    47.565    1255.578    1303.143 
              fa0              1    39.210    2068.195    2107.406 
            p1                 3   134.340    3933.112    4067.452 
              ha0              1    47.565     745.881     793.446 
              ha1              1    47.565    1119.036    1166.601 
              fa0              1    39.210    2068.195    2107.406 
          p1                   9   394.666    9369.594    9764.260 
            p0                 3   134.340    4069.654    4203.994 
              ha0              1    47.565     745.881     793.446 
              ha1              1    47.565    1255.578    1303.143 
              fa0              1    39.210    2068.195    2107.406 
            p1                 3   134.340    3933.112    4067.452 
              ha0              1    47.565     745.881     793.446 
              ha1              1    47.565    1119.036    1166.601 
              fa0              1    39.210    2068.195    2107.406 
        p1                    22   954.528   20249.694   21204.222 
          p0                   9   394.666    9510.045    9904.711 
            p0                 3   134.340    4071.608    4205.948 
              ha0              1    47.565     746.819     794.384 
              ha1              1    47.565    1255.578    1303.143 
              fa0              1    39.210    2069.210    2108.420 
            p1                 3   134.340    3935.065    4069.405 
              ha0              1    47.565     746.819     794.384 
              ha1              1    47.565    1119.036    1166.601 
              fa0              1    39.210    2069.210    2108.420 
          p1                   9   394.666    9373.501    9768.167 
            p0                 3   134.340    4071.608    4205.948 
              ha0              1    47.565     746.819     794.384 
              ha1              1    47.565    1255.578    1303.143 
              fa0              1    39.210    2069.210    2108.420 
            p1                 3   134.340    3935.065    4069.405 
              ha0              1    47.565     746.819     794.384 
              ha1              1    47.565    1119.036    1166.601 
              fa0              1    39.210    2069.210    2108.420 
    genblk1[4].genblk1.sng   126  2764.768  139041.159  141805.927 
      ctr                     52  1937.625  100042.200  101979.825 
    genblk1[3].genblk1.sng   125  2745.014  150556.730  153301.744 
      ctr                     51  1917.872  111917.131  113835.002 
    genblk1[1].genblk1.sng   123  2727.334  152375.578  155102.912 
      ctr                     51  1917.872  113465.377  115383.249 
    genblk1[2].genblk1.sng   123  2727.334  148976.147  151703.481 
      ctr                     51  1917.872  111347.997  113265.868 
    genblk1[0].genblk1.sng   113  2614.174  140761.708  143375.882 
      ctr                     47  1873.950  108715.835  110589.785 

