============================================================
  Generated by:           Encounter(R) RTL Compiler v14.10-s022_1
  Generated on:           Jul 25 2021  01:32:07 pm
  Module:                 ms_es_ordered_bs_by2_mul_synth
  Technology library:     gscl45nm 
  Operating conditions:   typical (balanced_tree)
  Wireload mode:          enclosed
  Area mode:              timing library
============================================================

                                       Leakage    Dynamic     Total   
            Instance            Cells Power(nW)  Power(nW)  Power(nW) 
----------------------------------------------------------------------
ms_es_orde..by2_mul_synth         129  3221.678 205273.526 208495.204 
  TOP                             129  3221.678 195084.419 198306.097 
    genblk2.stoch2bin              43  1553.073  88623.999  90177.072 
      ctr                          31  1137.310  71966.592  73103.902 
      par_ctr                       9   394.666  13378.892  13773.558 
        p0                          3   134.340   4267.797   4402.137 
          ha0                       1    47.565   1081.687   1129.252 
          ha1                       1    47.565   1660.081   1707.646 
          fa0                       1    39.210   1526.028   1565.239 
        p1                          3   134.340   4354.553   4488.893 
          ha0                       1    47.565   1239.639   1287.204 
          ha1                       1    47.565   1477.138   1524.703 
          fa0                       1    39.210   1637.776   1676.986 
    genblk1[1]..3.genblk1.sng      28   566.187  39800.031  40366.218 
      ctr                           7   304.162  27814.803  28118.966 
      genblk2[0].max_comparator    16   210.437   9449.998   9660.435 
      genblk2[1].max_comparator     5    51.587   2535.230   2586.817 
    genblk1[2].genblk2.sng         23   462.223  24891.915  25354.138 
      ctr                           8   323.916  19078.255  19402.171 
      genblk2[0].min_comparator    11   107.909   4310.600   4418.509 
      genblk2[1].min_comparator     4    30.398   1503.060   1533.458 
    genblk1[0].genblk1.sng         21   446.053  33045.568  33491.621 
      ctr                           7   304.162  27688.285  27992.448 
      genblk2[0].max_comparator    10   117.190   4002.304   4119.494 
      genblk2[1].max_comparator     4    24.701   1354.979   1379.679 

