============================================================
  Generated by:           Encounter(R) RTL Compiler v14.10-s022_1
  Generated on:           Jul 25 2021  01:27:43 pm
  Module:                 ms_es_ordered_cas_by2_mul_synth
  Technology library:     gscl45nm 
  Operating conditions:   typical (balanced_tree)
  Wireload mode:          enclosed
  Area mode:              timing library
============================================================

                                  Leakage    Dynamic     Total   
         Instance          Cells Power(nW)  Power(nW)  Power(nW) 
-----------------------------------------------------------------
ms_es_orde..by2_mul_synth    371  7908.374 327543.585 335451.959 
  TOP                        371  7908.374 316921.827 324830.201 
    genblk2.stoch2bin        111  4252.445 106834.677 111087.122 
      par_ctr                 49  2113.463      0.000   2113.463 
        p0                    22   954.528      0.000    954.528 
          p0                   9   394.666      0.000    394.666 
            p0                 3   134.340      0.000    134.340 
              ha0              1    47.565      0.000     47.565 
              ha1              1    47.565      0.000     47.565 
              fa0              1    39.210      0.000     39.210 
            p1                 3   134.340      0.000    134.340 
              ha0              1    47.565      0.000     47.565 
              ha1              1    47.565      0.000     47.565 
              fa0              1    39.210      0.000     39.210 
          p1                   9   394.666      0.000    394.666 
            p0                 3   134.340      0.000    134.340 
              ha0              1    47.565      0.000     47.565 
              ha1              1    47.565      0.000     47.565 
              fa0              1    39.210      0.000     39.210 
            p1                 3   134.340      0.000    134.340 
              ha0              1    47.565      0.000     47.565 
              ha1              1    47.565      0.000     47.565 
              fa0              1    39.210      0.000     39.210 
        p1                    22   954.528      0.000    954.528 
          p0                   9   394.666      0.000    394.666 
            p0                 3   134.340      0.000    134.340 
              ha0              1    47.565      0.000     47.565 
              ha1              1    47.565      0.000     47.565 
              fa0              1    39.210      0.000     39.210 
            p1                 3   134.340      0.000    134.340 
              ha0              1    47.565      0.000     47.565 
              ha1              1    47.565      0.000     47.565 
              fa0              1    39.210      0.000     39.210 
          p1                   9   394.666      0.000    394.666 
            p0                 3   134.340      0.000    134.340 
              ha0              1    47.565      0.000     47.565 
              ha1              1    47.565      0.000     47.565 
              fa0              1    39.210      0.000     39.210 
            p1                 3   134.340      0.000    134.340 
              ha0              1    47.565      0.000     47.565 
              ha1              1    47.565      0.000     47.565 
              fa0              1    39.210      0.000     39.210 
      ctr                     56  2076.654 106834.677 108911.332 
    cas                      127   945.127  79715.363  80660.490 
      genblk1.cas8            23   189.965  15558.797  15748.762 
      genblk1.cas6            17   131.786   8807.831   8939.616 
      genblk1.cas5            16   112.320   7014.156   7126.476 
      genblk1.cas7            16   112.320  11780.196  11892.516 
      genblk1.cas0            11    79.747   6665.009   6744.756 
      genblk1.cas1            11    79.747   6081.612   6161.359 
      genblk1.cas2            11    79.747   6710.372   6790.119 
      genblk1.cas3            11    79.747   7491.746   7571.494 
      genblk1.cas4            11    79.747   9605.645   9685.392 
    genblk1[4].genblk1.sng    15   392.811  18764.514  19157.325 
      ctr                      8   323.916  18614.179  18938.095 
    genblk1[0].genblk1.sng    14   373.058  27812.124  28185.182 
      ctr                      7   304.162  27656.940  27961.102 
    genblk1[1].genblk1.sng    14   373.058  28091.070  28464.128 
      ctr                      7   304.162  27938.311  28242.473 
    genblk1[2].genblk1.sng    14   373.058  27932.470  28305.527 
      ctr                      7   304.162  27777.286  28081.448 
    genblk1[3].genblk1.sng    14   373.058  27604.734  27977.791 
      ctr                      7   304.162  27456.824  27760.986 

