============================================================
  Generated by:           Encounter(R) RTL Compiler v14.10-s022_1
  Generated on:           Jul 25 2021  01:56:57 pm
  Module:                 ms_es_naive_by4_mul_synth
  Technology library:     gscl45nm 
  Operating conditions:   typical (balanced_tree)
  Wireload mode:          enclosed
  Area mode:              timing library
============================================================

                                    Leakage    Dynamic      Total    
          Instance          Cells  Power(nW)  Power(nW)   Power(nW)  
---------------------------------------------------------------------
ms_es_naive_by4_mul_synth    3495 107542.795 4494395.545 4601938.340 
  TOP                        3495 107542.795 4470387.557 4577930.352 
    genblk2.stoch2bin        2119  84086.456 2375691.649 2459778.104 
      par_ctr                1780  76202.413 2026798.640 2103001.053 
        p0                    885  37900.978  997344.066 1035245.043 
          p0                  438  18769.865  494424.802  513194.667 
            p0                215   9223.914  243401.454  252625.367 
              p0              104   4470.543  119575.710  124046.253 
                p0             49   2113.463   58022.965   60136.428 
                  p0           22    954.528   27536.623   28491.151 
                    p0          9    394.666   12547.611   12942.277 
                      p0        3    134.340    5039.899    5174.239 
                        ha0     1     47.565     981.269    1028.834 
                        ha1     1     47.565    1618.717    1666.282 
                        fa0     1     39.210    2439.913    2479.123 
                      p1        3    134.340    4856.776    4991.116 
                        ha0     1     47.565     987.082    1034.647 
                        ha1     1     47.565    1441.869    1489.434 
                        fa0     1     39.210    2427.825    2467.036 
                    p1          9    394.666   11924.473   12319.139 
                      p0        3    134.340    4830.177    4964.518 
                        ha0     1     47.565     945.010     992.575 
                        ha1     1     47.565    1557.450    1605.015 
                        fa0     1     39.210    2327.717    2366.928 
                      p1        3    134.340    4809.051    4943.392 
                        ha0     1     47.565     978.025    1025.590 
                        ha1     1     47.565    1428.223    1475.787 
                        fa0     1     39.210    2402.804    2442.014 
                  p1           22    954.528   26942.526   27897.054 
                    p0          9    394.666   12439.096   12833.763 
                      p0        3    134.340    4994.011    5128.351 
                        ha0     1     47.565     972.210    1019.775 
                        ha1     1     47.565    1603.405    1650.970 
                        fa0     1     39.210    2418.395    2457.606 
                      p1        3    134.340    4812.488    4946.828 
                        ha0     1     47.565     978.023    1025.588 
                        ha1     1     47.565    1428.222    1475.787 
                        fa0     1     39.210    2406.242    2445.453 
                    p1          9    394.666   11703.554   12098.220 
                      p0        3    134.340    4734.691    4869.031 
                        ha0     1     47.565     926.892     974.457 
                        ha1     1     47.565    1526.826    1574.391 
                        fa0     1     39.210    2280.972    2320.183 
                      p1        3    134.340    4716.967    4851.307 
                        ha0     1     47.565     959.907    1007.472 
                        ha1     1     47.565    1400.929    1448.493 
                        fa0     1     39.210    2356.131    2395.342 
                p1             49   2113.463   57649.606   59763.069 
                  p0           22    954.528   27254.467   28208.995 
                    p0          9    394.666   12439.105   12833.771 
                      p0        3    134.340    4994.011    5128.351 
                        ha0     1     47.565     972.211    1019.776 
                        ha1     1     47.565    1603.405    1650.970 
                        fa0     1     39.210    2418.395    2457.606 
                      p1        3    134.340    4812.486    4946.826 
                        ha0     1     47.565     978.023    1025.588 
                        ha1     1     47.565    1428.222    1475.787 
                        fa0     1     39.210    2406.241    2445.451 
                    p1          9    394.666   11752.434   12147.100 
                      p0        3    134.340    4743.220    4877.560 
                        ha0     1     47.565     935.423     982.988 
                        ha1     1     47.565    1526.826    1574.391 
                        fa0     1     39.210    2280.971    2320.182 
                      p1        3    134.340    4726.028    4860.368 
                        ha0     1     47.565     968.968    1016.533 
                        ha1     1     47.565    1400.928    1448.493 
                        fa0     1     39.210    2356.131    2395.342 
                  p1           22    954.528   26929.656   27884.185 
                    p0          9    394.666   12458.268   12852.934 
                      p0        3    134.340    4994.010    5128.350 
                        ha0     1     47.565     972.212    1019.776 
                        ha1     1     47.565    1603.406    1650.970 
                        fa0     1     39.210    2418.393    2457.603 
                      p1        3    134.340    4812.486    4946.826 
                        ha0     1     47.565     978.024    1025.589 
                        ha1     1     47.565    1428.222    1475.787 
                        fa0     1     39.210    2406.240    2445.450 
                    p1          9    394.666   11638.598   12033.264 
                      p0        3    134.340    4693.795    4828.136 
                        ha0     1     47.565     926.365     973.930 
                        ha1     1     47.565    1511.514    1559.079 
                        fa0     1     39.210    2255.917    2295.127 
                      p1        3    134.340    4678.268    4812.608 
                        ha0     1     47.565     959.911    1007.476 
                        ha1     1     47.565    1387.282    1434.847 
                        fa0     1     39.210    2331.075    2370.286 
              p1              104   4470.543  119548.477  124019.020 
                p0             49   2113.463   58150.294   60263.758 
                  p0           22    954.528   27600.524   28555.052 
                    p0          9    394.666   12605.260   12999.926 
                      p0        3    134.340    5052.753    5187.093 
                        ha0     1     47.565     981.054    1028.619 
                        ha1     1     47.565    1631.845    1679.410 
                        fa0     1     39.210    2439.853    2479.064 
                      p1        3    134.340    4868.116    5002.457 
                        ha0     1     47.565     986.868    1034.433 
                        ha1     1     47.565    1453.480    1501.045 
                        fa0     1     39.210    2427.768    2466.978 
                    p1          9    394.666   11915.373   12310.039 
                      p0        3    134.340    4843.043    4977.383 
                        ha0     1     47.565     944.802     992.367 
                        ha1     1     47.565    1570.578    1618.143 
                        fa0     1     39.210    2327.662    2366.873 
                      p1        3    134.340    4772.671    4907.011 
                        ha0     1     47.565     968.755    1016.320 
                        ha1     1     47.565    1426.187    1473.752 
                        fa0     1     39.210    2377.729    2416.939 
                  p1           22    954.528   27005.366   27959.894 
                    p0          9    394.666   12496.219   12890.885 
                      p0        3    134.340    5006.604    5140.944 
                        ha0     1     47.565     971.997    1019.562 
                        ha1     1     47.565    1616.534    1664.099 
                        fa0     1     39.210    2418.073    2457.283 
                      p1        3    134.340    4823.565    4957.905 
                        ha0     1     47.565     977.811    1025.376 
                        ha1     1     47.565    1439.833    1487.398 
                        fa0     1     39.210    2405.921    2445.131 
                    p1          9    394.666   11693.921   12088.587 
                      p0        3    134.340    4747.309    4881.649 
                        ha0     1     47.565     926.688     974.252 
                        ha1     1     47.565    1539.953    1587.518 
                        fa0     1     39.210    2280.668    2319.878 
                      p1        3    134.340    4680.301    4814.641 
                        ha0     1     47.565     950.641     998.206 
                        ha1     1     47.565    1398.893    1446.458 
                        fa0     1     39.210    2330.767    2369.977 
                p1             49   2113.463   57775.781   59889.244 
                  p0           22    954.528   27317.261   28271.790 
                    p0          9    394.666   12496.228   12890.894 
                      p0        3    134.340    5006.602    5140.942 
                        ha0     1     47.565     971.998    1019.563 
                        ha1     1     47.565    1616.534    1664.099 
                        fa0     1     39.210    2418.070    2457.281 
                      p1        3    134.340    4823.566    4957.906 
                        ha0     1     47.565     977.811    1025.376 
                        ha1     1     47.565    1439.834    1487.399 
                        fa0     1     39.210    2405.921    2445.131 
                    p1          9    394.666   11742.763   12137.430 
                      p0        3    134.340    4755.836    4890.176 
                        ha0     1     47.565     935.214     982.779 
                        ha1     1     47.565    1539.954    1587.518 
                        fa0     1     39.210    2280.668    2319.879 
                      p1        3    134.340    4689.358    4823.698 
                        ha0     1     47.565     959.698    1007.263 
                        ha1     1     47.565    1398.893    1446.458 
                        fa0     1     39.210    2330.767    2369.977 
                  p1           22    954.528   26992.443   27946.972 
                    p0          9    394.666   12515.388   12910.054 
                      p0        3    134.340    5006.601    5140.941 
                        ha0     1     47.565     971.998    1019.563 
                        ha1     1     47.565    1616.534    1664.099 
                        fa0     1     39.210    2418.069    2457.279 
                      p1        3    134.340    4823.566    4957.906 
                        ha0     1     47.565     977.812    1025.377 
                        ha1     1     47.565    1439.834    1487.399 
                        fa0     1     39.210    2405.920    2445.130 
                    p1          9    394.666   11628.934   12023.600 
                      p0        3    134.340    4706.415    4840.755 
                        ha0     1     47.565     926.158     973.723 
                        ha1     1     47.565    1524.642    1572.206 
                        fa0     1     39.210    2255.615    2294.826 
                      p1        3    134.340    4641.601    4775.941 
                        ha0     1     47.565     950.642     998.207 
                        ha1     1     47.565    1385.246    1432.811 
                        fa0     1     39.210    2305.713    2344.924 
            p1                215   9223.914  246536.082  255759.996 
              p0              104   4470.543  120230.739  124701.282 
                p0             49   2113.463   58341.907   60455.370 
                  p0           22    954.528   27687.518   28642.046 
                    p0          9    394.666   12673.453   13068.119 
                      p0        3    134.340    5102.333    5236.673 
                        ha0     1     47.565     990.247    1037.812 
                        ha1     1     47.565    1647.158    1694.723 
                        fa0     1     39.210    2464.928    2504.139 
                      p1        3    134.340    4868.307    5002.647 
                        ha0     1     47.565     987.001    1034.566 
                        ha1     1     47.565    1453.480    1501.045 
                        fa0     1     39.210    2427.826    2467.036 
                    p1          9    394.666   11915.759   12310.425 
                      p0        3    134.340    4843.226    4977.567 
                        ha0     1     47.565     944.931     992.496 
                        ha1     1     47.565    1570.578    1618.143 
                        fa0     1     39.210    2327.717    2366.928 
                      p1        3    134.340    4772.860    4907.200 
                        ha0     1     47.565     968.886    1016.451 
                        ha1     1     47.565    1426.187    1473.752 
                        fa0     1     39.210    2377.787    2416.997 
                  p1           22    954.528   27091.605   28046.133 
                    p0          9    394.666   12564.897   12959.563 
                      p0        3    134.340    5056.444    5190.784 
                        ha0     1     47.565     981.189    1028.753 
                        ha1     1     47.565    1631.846    1679.411 
                        fa0     1     39.210    2443.409    2482.620 
                      p1        3    134.340    4823.981    4958.321 
                        ha0     1     47.565     977.943    1025.508 
                        ha1     1     47.565    1439.833    1487.398 
                        fa0     1     39.210    2406.205    2445.415 
                    p1          9    394.666   11694.730   12089.396 
                      p0        3    134.340    4747.703    4882.043 
                        ha0     1     47.565     926.814     974.379 
                        ha1     1     47.565    1539.953    1587.518 
                        fa0     1     39.210    2280.936    2320.146 
                      p1        3    134.340    4680.703    4815.043 
                        ha0     1     47.565     950.770     998.334 
                        ha1     1     47.565    1398.893    1446.458 
                        fa0     1     39.210    2331.041    2370.251 
                p1             49   2113.463   57966.668   60080.131 
                  p0           22    954.528   27405.172   28359.700 
                    p0          9    394.666   12564.910   12959.576 
                      p0        3    134.340    5056.444    5190.784 
                        ha0     1     47.565     981.189    1028.753 
                        ha1     1     47.565    1631.846    1679.411 
                        fa0     1     39.210    2443.409    2482.620 
                      p1        3    134.340    4823.981    4958.321 
                        ha0     1     47.565     977.944    1025.509 
                        ha1     1     47.565    1439.834    1487.399 
                        fa0     1     39.210    2406.204    2445.414 
                    p1          9    394.666   11743.575   12138.241 
                      p0        3    134.340    4756.231    4890.571 
                        ha0     1     47.565     935.343     982.908 
                        ha1     1     47.565    1539.954    1587.519 
                        fa0     1     39.210    2280.934    2320.145 
                      p1        3    134.340    4689.761    4824.102 
                        ha0     1     47.565     959.829    1007.394 
                        ha1     1     47.565    1398.893    1446.458 
                        fa0     1     39.210    2331.039    2370.250 
                  p1           22    954.528   27078.690   28033.219 
                    p0          9    394.666   12584.071   12978.737 
                      p0        3    134.340    5056.443    5190.783 
                        ha0     1     47.565     981.189    1028.754 
                        ha1     1     47.565    1631.846    1679.411 
                        fa0     1     39.210    2443.407    2482.617 
                      p1        3    134.340    4823.980    4958.321 
                        ha0     1     47.565     977.944    1025.509 
                        ha1     1     47.565    1439.834    1487.399 
                        fa0     1     39.210    2406.202    2445.413 
                    p1          9    394.666   11629.743   12024.409 
                      p0        3    134.340    4706.808    4841.148 
                        ha0     1     47.565     926.286     973.851 
                        ha1     1     47.565    1524.642    1572.207 
                        fa0     1     39.210    2255.880    2295.091 
                      p1        3    134.340    4642.002    4776.342 
                        ha0     1     47.565     950.772     998.337 
                        ha1     1     47.565    1385.246    1432.811 
                        fa0     1     39.210    2305.984    2345.194 
              p1              104   4470.543  122299.304  126769.847 
                p0             49   2113.463   59479.768   61593.231 
                  p0           22    954.528   28215.991   29170.519 
                    p0          9    394.666   12897.211   13291.877 
                      p0        3    134.340    5173.234    5307.574 
                        ha0     1     47.565    1007.753    1055.318 
                        ha1     1     47.565    1675.597    1723.162 
                        fa0     1     39.210    2489.885    2529.095 
                      p1        3    134.340    4936.559    5070.899 
                        ha0     1     47.565    1005.038    1052.603 
                        ha1     1     47.565    1478.737    1526.302 
                        fa0     1     39.210    2452.783    2491.993 
                    p1          9    394.666   12134.709   12529.376 
                      p0        3    134.340    4914.132    5048.472 
                        ha0     1     47.565     962.439    1010.004 
                        ha1     1     47.565    1599.016    1646.581 
                        fa0     1     39.210    2352.677    2391.887 
                      p1        3    134.340    4841.111    4975.452 
                        ha0     1     47.565     986.925    1034.489 
                        ha1     1     47.565    1451.444    1499.009 
                        fa0     1     39.210    2402.743    2441.953 
                  p1           22    954.528   27614.936   28569.464 
                    p0          9    394.666   12788.579   13183.245 
                      p0        3    134.340    5127.306    5261.646 
                        ha0     1     47.565     998.695    1046.260 
                        ha1     1     47.565    1660.285    1707.850 
                        fa0     1     39.210    2468.326    2507.537 
                      p1        3    134.340    4892.194    5026.534 
                        ha0     1     47.565     995.980    1043.545 
                        ha1     1     47.565    1465.091    1512.656 
                        fa0     1     39.210    2431.123    2470.333 
                    p1          9    394.666   11913.610   12308.277 
                      p0        3    134.340    4818.575    4952.916 
                        ha0     1     47.565     944.323     991.888 
                        ha1     1     47.565    1568.392    1615.957 
                        fa0     1     39.210    2305.861    2345.071 
                      p1        3    134.340    4748.919    4883.260 
                        ha0     1     47.565     968.808    1016.373 
                        ha1     1     47.565    1424.150    1471.715 
                        fa0     1     39.210    2355.961    2395.172 
                p1             49   2113.463   59099.366   61212.829 
                  p0           22    954.528   27933.498   28888.027 
                    p0          9    394.666   12788.588   13183.255 
                      p0        3    134.340    5127.304    5261.645 
                        ha0     1     47.565     998.695    1046.260 
                        ha1     1     47.565    1660.285    1707.850 
                        fa0     1     39.210    2468.324    2507.534 
                      p1        3    134.340    4892.192    5026.532 
                        ha0     1     47.565     995.981    1043.546 
                        ha1     1     47.565    1465.091    1512.656 
                        fa0     1     39.210    2431.120    2470.330 
                    p1          9    394.666   11962.451   12357.117 
                      p0        3    134.340    4827.102    4961.443 
                        ha0     1     47.565     952.852    1000.417 
                        ha1     1     47.565    1568.392    1615.957 
                        fa0     1     39.210    2305.858    2345.069 
                      p1        3    134.340    4757.979    4892.320 
                        ha0     1     47.565     977.868    1025.433 
                        ha1     1     47.565    1424.150    1471.715 
                        fa0     1     39.210    2355.961    2395.172 
                  p1           22    954.528   27602.018   28556.546 
                    p0          9    394.666   12807.750   13202.416 
                      p0        3    134.340    5127.304    5261.644 
                        ha0     1     47.565     998.696    1046.261 
                        ha1     1     47.565    1660.285    1707.850 
                        fa0     1     39.210    2468.322    2507.533 
                      p1        3    134.340    4892.192    5026.532 
                        ha0     1     47.565     995.982    1043.547 
                        ha1     1     47.565    1465.091    1512.656 
                        fa0     1     39.210    2431.119    2470.329 
                    p1          9    394.666   11848.624   12243.290 
                      p0        3    134.340    4777.681    4912.021 
                        ha0     1     47.565     943.795     991.360 
                        ha1     1     47.565    1553.080    1600.645 
                        fa0     1     39.210    2280.805    2320.016 
                      p1        3    134.340    4710.222    4844.562 
                        ha0     1     47.565     968.811    1016.376 
                        ha1     1     47.565    1410.503    1458.068 
                        fa0     1     39.210    2330.907    2370.118 
          p1                  438  18769.865  498057.183  516827.048 
            p0                215   9223.914  245344.333  254568.246 
              p0              104   4470.543  120562.500  125033.043 
                p0             49   2113.463   58506.566   60620.029 
                  p0           22    954.528   27757.335   28711.864 
                    p0          9    394.666   12649.431   13044.097 
                      p0        3    134.340    5082.401    5216.742 
                        ha0     1     47.565     987.791    1035.356 
                        ha1     1     47.565    1634.096    1681.661 
                        fa0     1     39.210    2460.514    2499.724 
                      p1        3    134.340    4897.736    5032.076 
                        ha0     1     47.565     993.645    1041.210 
                        ha1     1     47.565    1455.583    1503.148 
                        fa0     1     39.210    2448.508    2487.718 
                    p1          9    394.666   12025.015   12419.681 
                      p0        3    134.340    4873.005    5007.345 
                        ha0     1     47.565     951.660     999.225 
                        ha1     1     47.565    1572.827    1620.392 
                        fa0     1     39.210    2348.518    2387.728 
                      p1        3    134.340    4850.077    4984.417 
                        ha0     1     47.565     984.609    1032.174 
                        ha1     1     47.565    1441.936    1489.501 
                        fa0     1     39.210    2423.532    2462.742 
                  p1           22    954.528   27187.031   28141.559 
                    p0          9    394.666   12553.825   12948.492 
                      p0        3    134.340    5043.028    5177.368 
                        ha0     1     47.565     980.996    1028.561 
                        ha1     1     47.565    1618.717    1666.282 
                        fa0     1     39.210    2443.314    2482.524 
                      p1        3    134.340    4859.843    4994.183 
                        ha0     1     47.565     986.811    1034.376 
                        ha1     1     47.565    1441.869    1489.434 
                        fa0     1     39.210    2431.163    2470.373 
                    p1          9    394.666   11816.644   12211.311 
                      p0        3    134.340    4783.729    4918.069 
                        ha0     1     47.565     935.692     983.257 
                        ha1     1     47.565    1542.138    1589.703 
                        fa0     1     39.210    2305.899    2345.109 
                      p1        3    134.340    4764.329    4898.669 
                        ha0     1     47.565     968.700    1016.265 
                        ha1     1     47.565    1414.576    1462.141 
                        fa0     1     39.210    2381.054    2420.264 
                p1             49   2113.463   58134.391   60247.854 
                  p0           22    954.528   27478.012   28432.540 
                    p0          9    394.666   12542.340   12937.006 
                      p0        3    134.340    5037.227    5171.567 
                        ha0     1     47.565     978.632    1026.197 
                        ha1     1     47.565    1618.783    1666.348 
                        fa0     1     39.210    2439.812    2479.022 
                      p1        3    134.340    4854.149    4988.489 
                        ha0     1     47.565     984.486    1032.050 
                        ha1     1     47.565    1441.936    1489.501 
                        fa0     1     39.210    2427.728    2466.939 
                    p1          9    394.666   11854.393   12249.059 
                      p0        3    134.340    4786.758    4921.099 
                        ha0     1     47.565     941.950     989.514 
                        ha1     1     47.565    1542.202    1589.767 
                        fa0     1     39.210    2302.607    2341.817 
                      p1        3    134.340    4767.758    4902.099 
                        ha0     1     47.565     975.426    1022.991 
                        ha1     1     47.565    1414.641    1462.206 
                        fa0     1     39.210    2377.691    2416.902 
                  p1           22    954.528   27174.156   28128.684 
                    p0          9    394.666   12573.000   12967.666 
                      p0        3    134.340    5043.027    5177.367 
                        ha0     1     47.565     980.998    1028.563 
                        ha1     1     47.565    1618.718    1666.283 
                        fa0     1     39.210    2443.311    2482.521 
                      p1        3    134.340    4859.841    4994.181 
                        ha0     1     47.565     986.812    1034.377 
                        ha1     1     47.565    1441.870    1489.435 
                        fa0     1     39.210    2431.159    2470.369 
                    p1          9    394.666   11751.682   12146.349 
                      p0        3    134.340    4742.831    4877.171 
                        ha0     1     47.565     935.162     982.727 
                        ha1     1     47.565    1526.826    1574.391 
                        fa0     1     39.210    2280.843    2320.053 
                      p1        3    134.340    4725.627    4859.967 
                        ha0     1     47.565     968.700    1016.265 
                        ha1     1     47.565    1400.929    1448.494 
                        fa0     1     39.210    2355.998    2395.208 
              p1              104   4470.543  120486.150  124956.693 
                p0             49   2113.463   58618.984   60732.447 
                  p0           22    954.528   27822.344   28776.872 
                    p0          9    394.666   12707.608   13102.274 
                      p0        3    134.340    5095.520    5229.860 
                        ha0     1     47.565     987.779    1035.344 
                        ha1     1     47.565    1647.225    1694.790 
                        fa0     1     39.210    2460.515    2499.726 
                      p1        3    134.340    4909.338    5043.679 
                        ha0     1     47.565     993.633    1041.198 
                        ha1     1     47.565    1467.196    1514.760 
                        fa0     1     39.210    2448.509    2487.720 
                    p1          9    394.666   12016.493   12411.159 
                      p0        3    134.340    4886.123    5020.463 
                        ha0     1     47.565     951.648     999.212 
                        ha1     1     47.565    1585.956    1633.521 
                        fa0     1     39.210    2348.519    2387.730 
                      p1        3    134.340    4814.017    4948.358 
                        ha0     1     47.565     975.560    1023.125 
                        ha1     1     47.565    1439.901    1487.466 
                        fa0     1     39.210    2398.557    2437.767 
                  p1           22    954.528   27233.848   28188.376 
                    p0          9    394.666   12601.843   12996.509 
                      p0        3    134.340    5051.023    5185.364 
                        ha0     1     47.565     981.005    1028.570 
                        ha1     1     47.565    1631.846    1679.411 
                        fa0     1     39.210    2438.173    2477.383 
                      p1        3    134.340    4866.410    5000.750 
                        ha0     1     47.565     986.820    1034.385 
                        ha1     1     47.565    1453.481    1501.046 
                        fa0     1     39.210    2426.109    2465.320 
                    p1          9    394.666   11800.090   12194.756 
                      p0        3    134.340    4792.012    4926.353 
                        ha0     1     47.565     935.698     983.263 
                        ha1     1     47.565    1555.266    1602.830 
                        fa0     1     39.210    2301.048    2340.259 
                      p1        3    134.340    4725.075    4859.415 
                        ha0     1     47.565     959.650    1007.215 
                        ha1     1     47.565    1412.540    1460.105 
                        fa0     1     39.210    2352.884    2392.094 
                p1             49   2113.463   58228.025   60341.488 
                  p0           22    954.528   27525.969   28480.497 
                    p0          9    394.666   12591.835   12986.501 
                      p0        3    134.340    5045.965    5180.306 
                        ha0     1     47.565     978.685    1026.250 
                        ha1     1     47.565    1631.913    1679.478 
                        fa0     1     39.210    2435.367    2474.578 
                      p1        3    134.340    4861.450    4995.790 
                        ha0     1     47.565     984.539    1032.104 
                        ha1     1     47.565    1453.548    1501.113 
                        fa0     1     39.210    2423.363    2462.573 
                    p1          9    394.666   11837.510   12232.176 
                      p0        3    134.340    4795.758    4930.098 
                        ha0     1     47.565     942.000     989.565 
                        ha1     1     47.565    1555.330    1602.895 
                        fa0     1     39.210    2298.428    2337.638 
                      p1        3    134.340    4727.490    4861.831 
                        ha0     1     47.565     966.442    1014.007 
                        ha1     1     47.565    1412.605    1460.170 
                        fa0     1     39.210    2348.443    2387.654 
                  p1           22    954.528   27219.242   28173.770 
                    p0          9    394.666   12621.013   13015.679 
                      p0        3    134.340    5051.022    5185.362 
                        ha0     1     47.565     981.006    1028.571 
                        ha1     1     47.565    1631.846    1679.411 
                        fa0     1     39.210    2438.170    2477.380 
                      p1        3    134.340    4866.407    5000.747 
                        ha0     1     47.565     986.821    1034.385 
                        ha1     1     47.565    1453.481    1501.046 
                        fa0     1     39.210    2426.105    2465.315 
                    p1          9    394.666   11733.424   12128.090 
                      p0        3    134.340    4751.167    4885.507 
                        ha0     1     47.565     935.168     982.733 
                        ha1     1     47.565    1539.954    1587.519 
                        fa0     1     39.210    2276.045    2315.256 
                      p1        3    134.340    4684.645    4818.985 
                        ha0     1     47.565     959.651    1007.216 
                        ha1     1     47.565    1398.893    1446.458 
                        fa0     1     39.210    2326.101    2365.311 
            p1                215   9223.914  248515.170  257739.084 
              p0              104   4470.543  121218.976  125689.519 
                p0             49   2113.463   58826.160   60939.623 
                  p0           22    954.528   27908.512   28863.040 
                    p0          9    394.666   12775.351   13170.017 
                      p0        3    134.340    5144.841    5279.181 
                        ha0     1     47.565     996.816    1044.381 
                        ha1     1     47.565    1662.538    1710.103 
                        fa0     1     39.210    2485.486    2524.696 
                      p1        3    134.340    4909.337    5043.677 
                        ha0     1     47.565     993.634    1041.198 
                        ha1     1     47.565    1467.196    1514.761 
                        fa0     1     39.210    2448.508    2487.718 
                    p1          9    394.666   12016.503   12411.169 
                      p0        3    134.340    4886.121    5020.462 
                        ha0     1     47.565     951.648     999.213 
                        ha1     1     47.565    1585.956    1633.521 
                        fa0     1     39.210    2348.518    2387.728 
                      p1        3    134.340    4814.017    4948.357 
                        ha0     1     47.565     975.560    1023.125 
                        ha1     1     47.565    1439.901    1487.466 
                        fa0     1     39.210    2398.556    2437.766 
                  p1           22    954.528   27336.479   28291.008 
                    p0          9    394.666   12679.809   13074.475 
                      p0        3    134.340    5105.550    5239.891 
                        ha0     1     47.565     990.027    1037.592 
                        ha1     1     47.565    1647.158    1694.723 
                        fa0     1     39.210    2468.365    2507.575 
                      p1        3    134.340    4871.426    5005.766 
                        ha0     1     47.565     986.785    1034.350 
                        ha1     1     47.565    1453.481    1501.046 
                        fa0     1     39.210    2431.160    2470.371 
                    p1          9    394.666   11808.005   12202.671 
                      p0        3    134.340    4796.830    4931.170 
                        ha0     1     47.565     935.665     983.230 
                        ha1     1     47.565    1555.266    1602.831 
                        fa0     1     39.210    2305.899    2345.109 
                      p1        3    134.340    4728.158    4862.498 
                        ha0     1     47.565     959.617    1007.182 
                        ha1     1     47.565    1412.540    1460.105 
                        fa0     1     39.210    2356.000    2395.211 
                p1             49   2113.463   58452.250   60565.713 
                  p0           22    954.528   27629.146   28583.674 
                    p0          9    394.666   12668.301   13062.967 
                      p0        3    134.340    5099.709    5234.049 
                        ha0     1     47.565     987.656    1035.221 
                        ha1     1     47.565    1647.226    1694.791 
                        fa0     1     39.210    2464.828    2504.038 
                      p1        3    134.340    4865.748    5000.089 
                        ha0     1     47.565     984.474    1032.039 
                        ha1     1     47.565    1453.548    1501.113 
                        fa0     1     39.210    2427.726    2466.937 
                    p1          9    394.666   11845.805   12240.471 
                      p0        3    134.340    4799.874    4934.214 
                        ha0     1     47.565     941.937     989.502 
                        ha1     1     47.565    1555.330    1602.895 
                        fa0     1     39.210    2302.607    2341.818 
                      p1        3    134.340    4731.656    4865.996 
                        ha0     1     47.565     966.378    1013.943 
                        ha1     1     47.565    1412.606    1460.171 
                        fa0     1     39.210    2352.672    2391.883 
                  p1           22    954.528   27323.562   28278.090 
                    p0          9    394.666   12698.985   13093.651 
                      p0        3    134.340    5105.549    5239.889 
                        ha0     1     47.565     990.028    1037.593 
                        ha1     1     47.565    1647.159    1694.724 
                        fa0     1     39.210    2468.362    2507.572 
                      p1        3    134.340    4871.425    5005.765 
                        ha0     1     47.565     986.786    1034.351 
                        ha1     1     47.565    1453.481    1501.046 
                        fa0     1     39.210    2431.158    2470.368 
                    p1          9    394.666   11743.016   12137.682 
                      p0        3    134.340    4755.932    4890.273 
                        ha0     1     47.565     935.135     982.700 
                        ha1     1     47.565    1539.954    1587.519 
                        fa0     1     39.210    2280.843    2320.054 
                      p1        3    134.340    4689.457    4823.797 
                        ha0     1     47.565     959.617    1007.182 
                        ha1     1     47.565    1398.893    1446.458 
                        fa0     1     39.210    2330.946    2370.156 
              p1              104   4470.543  123273.403  127743.946 
                p0             49   2113.463   59964.095   62077.558 
                  p0           22    954.528   28437.065   29391.593 
                    p0          9    394.666   12999.149   13393.815 
                      p0        3    134.340    5215.761    5350.101 
                        ha0     1     47.565    1014.324    1061.889 
                        ha1     1     47.565    1690.979    1738.544 
                        fa0     1     39.210    2510.458    2549.669 
                      p1        3    134.340    4977.607    5111.947 
                        ha0     1     47.565    1011.672    1059.237 
                        ha1     1     47.565    1492.454    1540.019 
                        fa0     1     39.210    2473.481    2512.691 
                    p1          9    394.666   12235.489   12630.155 
                      p0        3    134.340    4957.041    5091.382 
                        ha0     1     47.565     969.156    1016.720 
                        ha1     1     47.565    1614.395    1661.960 
                        fa0     1     39.210    2373.490    2412.701 
                      p1        3    134.340    4882.287    5016.627 
                        ha0     1     47.565     993.599    1041.164 
                        ha1     1     47.565    1465.160    1512.724 
                        fa0     1     39.210    2423.529    2462.739 
                  p1           22    954.528   27859.801   28814.329 
                    p0          9    394.666   12902.559   13297.225 
                      p0        3    134.340    5175.002    5309.342 
                        ha0     1     47.565    1007.622    1055.186 
                        ha1     1     47.565    1675.597    1723.162 
                        fa0     1     39.210    2491.783    2530.994 
                      p1        3    134.340    4940.117    5074.457 
                        ha0     1     47.565    1004.909    1052.474 
                        ha1     1     47.565    1478.738    1526.303 
                        fa0     1     39.210    2456.470    2495.680 
                    p1          9    394.666   12027.804   12422.470 
                      p0        3    134.340    4868.156    5002.496 
                        ha0     1     47.565     953.258    1000.822 
                        ha1     1     47.565    1583.704    1631.269 
                        fa0     1     39.210    2331.194    2370.404 
                      p1        3    134.340    4796.838    4931.178 
                        ha0     1     47.565     977.740    1025.305 
                        ha1     1     47.565    1437.797    1485.362 
                        fa0     1     39.210    2381.300    2420.511 
                p1             49   2113.463   59572.398   61685.862 
                  p0           22    954.528   28143.037   29097.565 
                    p0          9    394.666   12885.728   13280.394 
                      p0        3    134.340    5168.559    5302.899 
                        ha0     1     47.565    1007.653    1055.218 
                        ha1     1     47.565    1675.597    1723.162 
                        fa0     1     39.210    2485.308    2524.519 
                      p1        3    134.340    4929.715    5064.055 
                        ha0     1     47.565    1002.576    1050.141 
                        ha1     1     47.565    1478.807    1526.372 
                        fa0     1     39.210    2448.331    2487.542 
                    p1          9    394.666   12056.494   12451.160 
                      p0        3    134.340    4866.673    5001.013 
                        ha0     1     47.565     959.507    1007.072 
                        ha1     1     47.565    1583.770    1631.335 
                        fa0     1     39.210    2323.396    2362.606 
                      p1        3    134.340    4795.756    4930.096 
                        ha0     1     47.565     984.480    1032.045 
                        ha1     1     47.565    1437.864    1485.429 
                        fa0     1     39.210    2373.412    2412.622 
                  p1           22    954.528   27848.771   28803.299 
                    p0          9    394.666   12923.630   13318.296 
                      p0        3    134.340    5176.896    5311.236 
                        ha0     1     47.565    1007.623    1055.188 
                        ha1     1     47.565    1675.598    1723.163 
                        fa0     1     39.210    2493.675    2532.885 
                      p1        3    134.340    4940.116    5074.456 
                        ha0     1     47.565    1004.911    1052.476 
                        ha1     1     47.565    1478.738    1526.303 
                        fa0     1     39.210    2456.467    2495.677 
                    p1          9    394.666   11962.810   12357.476 
                      p0        3    134.340    4827.256    4961.596 
                        ha0     1     47.565     952.728    1000.293 
                        ha1     1     47.565    1568.393    1615.957 
                        fa0     1     39.210    2306.135    2345.346 
                      p1        3    134.340    4758.135    4892.475 
                        ha0     1     47.565     977.741    1025.306 
                        ha1     1     47.565    1424.151    1471.715 
                        fa0     1     39.210    2356.243    2395.454 
        p1                    885  37900.978 1024807.145 1062708.122 
          p0                  438  18769.865  511207.426  529977.291 
            p0                215   9223.914  251759.514  260983.427 
              p0              104   4470.543  123719.673  128190.216 
                p0             49   2113.463   60065.943   62179.406 
                  p0           22    954.528   28521.990   29476.518 
                    p0          9    394.666   13009.447   13404.114 
                      p0        3    134.340    5237.447    5371.787 
                        ha0     1     47.565    1017.505    1065.070 
                        ha1     1     47.565    1679.966    1727.531 
                        fa0     1     39.210    2539.976    2579.187 
                      p1        3    134.340    5047.669    5182.009 
                        ha0     1     47.565    1023.319    1070.884 
                        ha1     1     47.565    1496.458    1544.022 
                        fa0     1     39.210    2527.893    2567.103 
                    p1          9    394.666   12374.631   12769.297 
                      p0        3    134.340    5025.255    5159.595 
                        ha0     1     47.565     978.706    1026.271 
                        ha1     1     47.565    1618.766    1666.331 
                        fa0     1     39.210    2427.783    2466.994 
                      p1        3    134.340    4997.404    5131.744 
                        ha0     1     47.565    1011.653    1059.218 
                        ha1     1     47.565    1482.879    1530.444 
                        fa0     1     39.210    2502.871    2542.082 
                  p1           22    954.528   27926.671   28881.199 
                    p0          9    394.666   12901.145   13295.811 
                      p0        3    134.340    5191.666    5326.006 
                        ha0     1     47.565    1008.446    1056.011 
                        ha1     1     47.565    1664.654    1712.219 
                        fa0     1     39.210    2518.566    2557.776 
                      p1        3    134.340    5003.485    5137.825 
                        ha0     1     47.565    1014.260    1061.825 
                        ha1     1     47.565    1482.811    1530.375 
                        fa0     1     39.210    2506.415    2545.625 
                    p1          9    394.666   12158.939   12553.605 
                      p0        3    134.340    4932.350    5066.690 
                        ha0     1     47.565     963.129    1010.694 
                        ha1     1     47.565    1588.075    1635.640 
                        fa0     1     39.210    2381.145    2420.356 
                      p1        3    134.340    4907.964    5042.304 
                        ha0     1     47.565     996.144    1043.709 
                        ha1     1     47.565    1455.517    1503.082 
                        fa0     1     39.210    2456.303    2495.513 
                p1             49   2113.463   59677.084   61790.547 
                  p0           22    954.528   28230.947   29185.475 
                    p0          9    394.666   12893.847   13288.513 
                      p0        3    134.340    5187.979    5322.319 
                        ha0     1     47.565    1008.447    1056.012 
                        ha1     1     47.565    1664.654    1712.219 
                        fa0     1     39.210    2514.878    2554.088 
                      p1        3    134.340    4999.864    5134.204 
                        ha0     1     47.565    1014.260    1061.825 
                        ha1     1     47.565    1482.810    1530.375 
                        fa0     1     39.210    2502.793    2542.004 
                    p1          9    394.666   12200.800   12595.466 
                      p0        3    134.340    4937.406    5071.746 
                        ha0     1     47.565     971.659    1019.224 
                        ha1     1     47.565    1588.075    1635.640 
                        fa0     1     39.210    2377.672    2416.882 
                      p1        3    134.340    4913.478    5047.818 
                        ha0     1     47.565    1005.205    1052.770 
                        ha1     1     47.565    1455.517    1503.082 
                        fa0     1     39.210    2452.756    2491.966 
                  p1           22    954.528   27913.804   28868.332 
                    p0          9    394.666   12920.322   13314.988 
                      p0        3    134.340    5191.667    5326.007 
                        ha0     1     47.565    1008.448    1056.013 
                        ha1     1     47.565    1664.654    1712.219 
                        fa0     1     39.210    2518.565    2557.775 
                      p1        3    134.340    5003.482    5137.823 
                        ha0     1     47.565    1014.261    1061.826 
                        ha1     1     47.565    1482.811    1530.376 
                        fa0     1     39.210    2506.410    2545.621 
                    p1          9    394.666   12093.983   12488.649 
                      p0        3    134.340    4891.453    5025.793 
                        ha0     1     47.565     962.601    1010.166 
                        ha1     1     47.565    1572.763    1620.328 
                        fa0     1     39.210    2356.088    2395.299 
                      p1        3    134.340    4869.265    5003.605 
                        ha0     1     47.565     996.147    1043.712 
                        ha1     1     47.565    1441.870    1489.435 
                        fa0     1     39.210    2431.247    2470.458 
              p1              104   4470.543  123689.032  128159.575 
                p0             49   2113.463   60195.748   62309.211 
                  p0           22    954.528   28588.530   29543.059 
                    p0          9    394.666   13067.028   13461.694 
                      p0        3    134.340    5250.264    5384.604 
                        ha0     1     47.565    1017.254    1064.819 
                        ha1     1     47.565    1693.095    1740.659 
                        fa0     1     39.210    2539.916    2579.126 
                      p1        3    134.340    5058.969    5193.309 
                        ha0     1     47.565    1023.068    1070.633 
                        ha1     1     47.565    1508.069    1555.634 
                        fa0     1     39.210    2527.831    2567.042 
                    p1          9    394.666   12368.230   12762.896 
                      p0        3    134.340    5038.312    5172.652 
                        ha0     1     47.565     978.693    1026.258 
                        ha1     1     47.565    1631.894    1679.459 
                        fa0     1     39.210    2427.724    2466.935 
                      p1        3    134.340    4963.526    5097.866 
                        ha0     1     47.565    1004.956    1052.521 
                        ha1     1     47.565    1480.776    1528.341 
                        fa0     1     39.210    2477.794    2517.004 
                  p1           22    954.528   27989.339   28943.868 
                    p0          9    394.666   12958.176   13352.842 
                      p0        3    134.340    5204.209    5338.549 
                        ha0     1     47.565    1008.198    1055.762 
                        ha1     1     47.565    1677.783    1725.347 
                        fa0     1     39.210    2518.229    2557.439 
                      p1        3    134.340    5014.513    5148.853 
                        ha0     1     47.565    1014.012    1061.576 
                        ha1     1     47.565    1494.422    1541.987 
                        fa0     1     39.210    2506.080    2545.290 
                    p1          9    394.666   12149.216   12543.882 
                      p0        3    134.340    4944.920    5079.260 
                        ha0     1     47.565     962.890    1010.455 
                        ha1     1     47.565    1601.203    1648.768 
                        fa0     1     39.210    2380.827    2420.038 
                      p1        3    134.340    4871.251    5005.591 
                        ha0     1     47.565     986.843    1034.408 
                        ha1     1     47.565    1453.482    1501.046 
                        fa0     1     39.210    2430.927    2470.137 
                p1             49   2113.463   59804.028   61917.492 
                  p0           22    954.528   28294.678   29249.206 
                    p0          9    394.666   12951.430   13346.096 
                      p0        3    134.340    5200.797    5335.137 
                        ha0     1     47.565    1008.198    1055.763 
                        ha1     1     47.565    1677.782    1725.347 
                        fa0     1     39.210    2514.816    2554.027 
                      p1        3    134.340    5011.167    5145.507 
                        ha0     1     47.565    1014.012    1061.577 
                        ha1     1     47.565    1494.422    1541.987 
                        fa0     1     39.210    2502.733    2541.943 
                    p1          9    394.666   12191.595   12586.261 
                      p0        3    134.340    4950.232    5084.572 
                        ha0     1     47.565     971.416    1018.981 
                        ha1     1     47.565    1601.203    1648.768 
                        fa0     1     39.210    2377.614    2416.824 
                      p1        3    134.340    4877.060    5011.400 
                        ha0     1     47.565     995.899    1043.464 
                        ha1     1     47.565    1453.482    1501.047 
                        fa0     1     39.210    2427.679    2466.890 
                  p1           22    954.528   27976.419   28930.948 
                    p0          9    394.666   12977.351   13372.017 
                      p0        3    134.340    5204.207    5338.548 
                        ha0     1     47.565    1008.198    1055.763 
                        ha1     1     47.565    1677.783    1725.348 
                        fa0     1     39.210    2518.226    2557.436 
                      p1        3    134.340    5014.512    5148.853 
                        ha0     1     47.565    1014.013    1061.578 
                        ha1     1     47.565    1494.422    1541.987 
                        fa0     1     39.210    2506.077    2545.287 
                    p1          9    394.666   12084.230   12478.896 
                      p0        3    134.340    4904.026    5038.366 
                        ha0     1     47.565     962.360    1009.925 
                        ha1     1     47.565    1585.891    1633.456 
                        fa0     1     39.210    2355.775    2394.986 
                      p1        3    134.340    4832.551    4966.891 
                        ha0     1     47.565     986.843    1034.408 
                        ha1     1     47.565    1439.835    1487.400 
                        fa0     1     39.210    2405.873    2445.084 
            p1                215   9223.914  254887.093  264111.007 
              p0              104   4470.543  124377.069  128847.612 
                p0             49   2113.463   60387.313   62500.776 
                  p0           22    954.528   28675.414   29629.942 
                    p0          9    394.666   13135.232   13529.898 
                      p0        3    134.340    5299.850    5434.191 
                        ha0     1     47.565    1026.451    1074.016 
                        ha1     1     47.565    1708.407    1755.971 
                        fa0     1     39.210    2564.993    2604.203 
                      p1        3    134.340    5059.167    5193.507 
                        ha0     1     47.565    1023.206    1070.771 
                        ha1     1     47.565    1508.069    1555.634 
                        fa0     1     39.210    2527.891    2567.102 
                    p1          9    394.666   12368.497   12763.163 
                      p0        3    134.340    5038.370    5172.710 
                        ha0     1     47.565     978.694    1026.259 
                        ha1     1     47.565    1631.894    1679.459 
                        fa0     1     39.210    2427.782    2466.992 
                      p1        3    134.340    4963.721    5098.061 
                        ha0     1     47.565    1005.092    1052.657 
                        ha1     1     47.565    1480.776    1528.341 
                        fa0     1     39.210    2477.853    2517.063 
                  p1           22    954.528   28075.644   29030.172 
                    p0          9    394.666   13026.888   13421.554 
                      p0        3    134.340    5254.067    5388.407 
                        ha0     1     47.565    1017.393    1064.958 
                        ha1     1     47.565    1693.095    1740.659 
                        fa0     1     39.210    2543.580    2582.790 
                      p1        3    134.340    5014.945    5149.285 
                        ha0     1     47.565    1014.148    1061.713 
                        ha1     1     47.565    1494.422    1541.987 
                        fa0     1     39.210    2506.374    2545.585 
                    p1          9    394.666   12150.059   12544.725 
                      p0        3    134.340    4945.332    5079.672 
                        ha0     1     47.565     963.021    1010.586 
                        ha1     1     47.565    1601.203    1648.768 
                        fa0     1     39.210    2381.108    2420.319 
                      p1        3    134.340    4871.668    5006.008 
                        ha0     1     47.565     986.976    1034.541 
                        ha1     1     47.565    1453.481    1501.046 
                        fa0     1     39.210    2431.211    2470.421 
                p1             49   2113.463   59994.081   62107.544 
                  p0           22    954.528   28381.692   29336.220 
                    p0          9    394.666   13019.631   13414.297 
                      p0        3    134.340    5250.381    5384.721 
                        ha0     1     47.565    1017.394    1064.959 
                        ha1     1     47.565    1693.095    1740.660 
                        fa0     1     39.210    2539.892    2579.103 
                      p1        3    134.340    5011.363    5145.703 
                        ha0     1     47.565    1014.149    1061.714 
                        ha1     1     47.565    1494.422    1541.987 
                        fa0     1     39.210    2502.792    2542.003 
                    p1          9    394.666   12191.994   12586.660 
                      p0        3    134.340    4950.422    5084.763 
                        ha0     1     47.565     971.549    1019.114 
                        ha1     1     47.565    1601.203    1648.768 
                        fa0     1     39.210    2377.670    2416.881 
                      p1        3    134.340    4877.255    5011.595 
                        ha0     1     47.565     996.035    1043.600 
                        ha1     1     47.565    1453.482    1501.047 
                        fa0     1     39.210    2427.739    2466.949 
                  p1           22    954.528   28062.731   29017.259 
                    p0          9    394.666   13046.066   13440.732 
                      p0        3    134.340    5254.067    5388.407 
                        ha0     1     47.565    1017.395    1064.960 
                        ha1     1     47.565    1693.095    1740.660 
                        fa0     1     39.210    2543.577    2582.787 
                      p1        3    134.340    5014.943    5149.283 
                        ha0     1     47.565    1014.150    1061.715 
                        ha1     1     47.565    1494.423    1541.988 
                        fa0     1     39.210    2506.370    2545.580 
                    p1          9    394.666   12085.072   12479.738 
                      p0        3    134.340    4904.435    5038.775 
                        ha0     1     47.565     962.492    1010.057 
                        ha1     1     47.565    1585.891    1633.456 
                        fa0     1     39.210    2356.052    2395.262 
                      p1        3    134.340    4832.968    4967.308 
                        ha0     1     47.565     986.978    1034.543 
                        ha1     1     47.565    1439.835    1487.400 
                        fa0     1     39.210    2406.156    2445.366 
              p1              104   4470.543  126437.099  130907.642 
                p0             49   2113.463   61522.901   63636.364 
                  p0           22    954.528   29201.498   30156.026 
                    p0          9    394.666   13356.563   13751.229 
                      p0        3    134.340    5370.778    5505.118 
                        ha0     1     47.565    1043.986    1091.550 
                        ha1     1     47.565    1736.846    1784.411 
                        fa0     1     39.210    2589.947    2629.157 
                      p1        3    134.340    5124.957    5259.297 
                        ha0     1     47.565    1038.715    1086.280 
                        ha1     1     47.565    1533.397    1580.962 
                        fa0     1     39.210    2552.845    2592.055 
                    p1          9    394.666   12587.475   12982.141 
                      p0        3    134.340    5109.272    5243.612 
                        ha0     1     47.565     996.200    1043.765 
                        ha1     1     47.565    1660.334    1707.899 
                        fa0     1     39.210    2452.737    2491.948 
                      p1        3    134.340    5031.998    5166.338 
                        ha0     1     47.565    1023.158    1070.723 
                        ha1     1     47.565    1506.033    1553.598 
                        fa0     1     39.210    2502.807    2542.018 
                  p1           22    954.528   28599.082   29553.610 
                    p0          9    394.666   13250.620   13645.286 
                      p0        3    134.340    5324.951    5459.291 
                        ha0     1     47.565    1034.928    1082.493 
                        ha1     1     47.565    1721.534    1769.099 
                        fa0     1     39.210    2568.489    2607.700 
                      p1        3    134.340    5083.180    5217.520 
                        ha0     1     47.565    1032.214    1079.779 
                        ha1     1     47.565    1519.679    1567.244 
                        fa0     1     39.210    2531.286    2570.496 
                    p1          9    394.666   12368.986   12763.652 
                      p0        3    134.340    5016.224    5150.564 
                        ha0     1     47.565     980.557    1028.122 
                        ha1     1     47.565    1629.641    1677.206 
                        fa0     1     39.210    2406.026    2445.236 
                      p1        3    134.340    4939.907    5074.247 
                        ha0     1     47.565    1005.042    1052.607 
                        ha1     1     47.565    1478.739    1526.303 
                        fa0     1     39.210    2456.127    2495.337 
                p1             49   2113.463   61127.169   63240.632 
                  p0           22    954.528   28910.292   29864.820 
                    p0          9    394.666   13243.448   13638.114 
                      p0        3    134.340    5321.307    5455.647 
                        ha0     1     47.565    1034.929    1082.494 
                        ha1     1     47.565    1721.534    1769.099 
                        fa0     1     39.210    2564.844    2604.054 
                      p1        3    134.340    5079.639    5213.979 
                        ha0     1     47.565    1032.214    1079.779 
                        ha1     1     47.565    1519.679    1567.244 
                        fa0     1     39.210    2527.745    2566.955 
                    p1          9    394.666   12410.996   12805.662 
                      p0        3    134.340    5021.352    5155.692 
                        ha0     1     47.565     989.085    1036.650 
                        ha1     1     47.565    1629.641    1677.206 
                        fa0     1     39.210    2402.626    2441.837 
                      p1        3    134.340    4945.534    5079.874 
                        ha0     1     47.565    1014.101    1061.666 
                        ha1     1     47.565    1478.739    1526.304 
                        fa0     1     39.210    2452.694    2491.904 
                  p1           22    954.528   28586.165   29540.694 
                    p0          9    394.666   13269.796   13664.462 
                      p0        3    134.340    5324.949    5459.289 
                        ha0     1     47.565    1034.930    1082.495 
                        ha1     1     47.565    1721.534    1769.099 
                        fa0     1     39.210    2568.485    2607.696 
                      p1        3    134.340    5083.177    5217.517 
                        ha0     1     47.565    1032.216    1079.780 
                        ha1     1     47.565    1519.680    1567.245 
                        fa0     1     39.210    2531.282    2570.492 
                    p1          9    394.666   12304.001   12698.667 
                      p0        3    134.340    4975.329    5109.669 
                        ha0     1     47.565     980.028    1027.593 
                        ha1     1     47.565    1614.329    1661.894 
                        fa0     1     39.210    2380.971    2420.181 
                      p1        3    134.340    4901.208    5035.548 
                        ha0     1     47.565    1005.044    1052.609 
                        ha1     1     47.565    1465.092    1512.657 
                        fa0     1     39.210    2431.072    2470.282 
          p1                  438  18769.865  508904.425  527674.290 
            p0                215   9223.914  250726.002  259949.916 
              p0              104   4470.543  123169.849  127640.392 
                p0             49   2113.463   60006.391   62119.854 
                  p0           22    954.528   28456.201   29410.729 
                    p0          9    394.666   13044.963   13439.629 
                      p0        3    134.340    5230.363    5364.703 
                        ha0     1     47.565    1014.901    1062.466 
                        ha1     1     47.565    1680.033    1727.598 
                        fa0     1     39.210    2535.429    2574.640 
                      p1        3    134.340    5073.492    5207.832 
                        ha0     1     47.565    1029.793    1077.358 
                        ha1     1     47.565    1508.119    1555.684 
                        fa0     1     39.210    2535.580    2574.790 
                    p1          9    394.666   12237.618   12632.284 
                      p0        3    134.340    4956.622    5090.963 
                        ha0     1     47.565     969.734    1017.298 
                        ha1     1     47.565    1601.248    1648.813 
                        fa0     1     39.210    2385.641    2424.851 
                      p1        3    134.340    4930.515    5064.855 
                        ha0     1     47.565    1002.683    1050.248 
                        ha1     1     47.565    1467.176    1514.741 
                        fa0     1     39.210    2460.656    2499.866 
                  p1           22    954.528   27865.523   28820.052 
                    p0          9    394.666   12943.238   13337.904 
                      p0        3    134.340    5187.884    5322.224 
                        ha0     1     47.565    1008.415    1055.980 
                        ha1     1     47.565    1664.652    1712.217 
                        fa0     1     39.210    2514.817    2554.027 
                      p1        3    134.340    5032.583    5166.923 
                        ha0     1     47.565    1023.287    1070.852 
                        ha1     1     47.565    1494.402    1541.967 
                        fa0     1     39.210    2514.894    2554.104 
                    p1          9    394.666   12023.167   12417.833 
                      p0        3    134.340    4864.341    4998.681 
                        ha0     1     47.565     954.040    1001.605 
                        ha1     1     47.565    1570.557    1618.122 
                        fa0     1     39.210    2339.743    2378.954 
                      p1        3    134.340    4841.694    4976.035 
                        ha0     1     47.565     987.054    1034.619 
                        ha1     1     47.565    1439.814    1487.379 
                        fa0     1     39.210    2414.826    2454.036 
                p1             49   2113.463   59118.760   61232.224 
                  p0           22    954.528   27932.302   28886.830 
                    p0          9    394.666   12825.315   13219.981 
                      p0        3    134.340    5138.539    5272.879 
                        ha0     1     47.565     999.357    1046.922 
                        ha1     1     47.565    1649.340    1696.905 
                        fa0     1     39.210    2489.842    2529.052 
                      p1        3    134.340    4982.335    5116.675 
                        ha0     1     47.565    1011.593    1059.158 
                        ha1     1     47.565    1480.824    1528.389 
                        fa0     1     39.210    2489.918    2529.129 
                    p1          9    394.666   11953.318   12347.984 
                      p0        3    134.340    4821.058    4955.398 
                        ha0     1     47.565     950.985     998.550 
                        ha1     1     47.565    1555.309    1602.874 
                        fa0     1     39.210    2314.763    2353.973 
                      p1        3    134.340    4800.543    4934.883 
                        ha0     1     47.565     984.462    1032.027 
                        ha1     1     47.565    1426.233    1473.798 
                        fa0     1     39.210    2389.848    2429.058 
                  p1           22    954.528   27606.803   28561.332 
                    p0          9    394.666   12846.973   13241.639 
                      p0        3    134.340    5138.499    5272.839 
                        ha0     1     47.565     999.358    1046.923 
                        ha1     1     47.565    1649.341    1696.906 
                        fa0     1     39.210    2489.800    2529.010 
                      p1        3    134.340    4984.861    5119.201 
                        ha0     1     47.565    1014.230    1061.795 
                        ha1     1     47.565    1480.755    1528.320 
                        fa0     1     39.210    2489.875    2529.085 
                    p1          9    394.666   11844.473   12239.139 
                      p0        3    134.340    4774.094    4908.435 
                        ha0     1     47.565     944.454     992.019 
                        ha1     1     47.565    1539.933    1587.498 
                        fa0     1     39.210    2289.707    2328.918 
                      p1        3    134.340    4755.310    4889.650 
                        ha0     1     47.565     977.999    1025.564 
                        ha1     1     47.565    1412.520    1460.085 
                        fa0     1     39.210    2364.791    2404.001 
              p1              104   4470.543  123137.676  127608.219 
                p0             49   2113.463   60135.937   62249.400 
                  p0           22    954.528   28521.272   29475.800 
                    p0          9    394.666   13103.149   13497.815 
                      p0        3    134.340    5243.481    5377.821 
                        ha0     1     47.565    1014.889    1062.454 
                        ha1     1     47.565    1693.162    1740.727 
                        fa0     1     39.210    2535.429    2574.640 
                      p1        3    134.340    5085.092    5219.432 
                        ha0     1     47.565    1029.781    1077.346 
                        ha1     1     47.565    1519.730    1567.295 
                        fa0     1     39.210    2535.580    2574.790 
                    p1          9    394.666   12229.135   12623.801 
                      p0        3    134.340    4969.738    5104.078 
                        ha0     1     47.565     969.721    1017.286 
                        ha1     1     47.565    1614.376    1661.940 
                        fa0     1     39.210    2385.641    2424.851 
                      p1        3    134.340    4894.456    5028.796 
                        ha0     1     47.565     993.634    1041.199 
                        ha1     1     47.565    1465.140    1512.705 
                        fa0     1     39.210    2435.682    2474.892 
                  p1           22    954.528   27929.382   28883.911 
                    p0          9    394.666   13000.836   13395.502 
                      p0        3    134.340    5200.708    5335.048 
                        ha0     1     47.565    1008.202    1055.767 
                        ha1     1     47.565    1677.781    1725.346 
                        fa0     1     39.210    2514.726    2553.936 
                      p1        3    134.340    5043.890    5178.231 
                        ha0     1     47.565    1023.074    1070.638 
                        ha1     1     47.565    1506.013    1553.578 
                        fa0     1     39.210    2514.804    2554.015 
                    p1          9    394.666   12014.060   12408.726 
                      p0        3    134.340    4877.180    5011.520 
                        ha0     1     47.565     953.837    1001.402 
                        ha1     1     47.565    1583.684    1631.249 
                        fa0     1     39.210    2339.659    2378.869 
                      p1        3    134.340    4805.290    4939.630 
                        ha0     1     47.565     977.790    1025.355 
                        ha1     1     47.565    1437.777    1485.342 
                        fa0     1     39.210    2389.723    2428.933 
                p1             49   2113.463   59247.742   61361.205 
                  p0           22    954.528   27996.846   28951.374 
                    p0          9    394.666   12883.154   13277.820 
                      p0        3    134.340    5151.366    5285.706 
                        ha0     1     47.565     999.145    1046.710 
                        ha1     1     47.565    1662.469    1710.034 
                        fa0     1     39.210    2489.752    2528.962 
                      p1        3    134.340    4993.881    5128.221 
                        ha0     1     47.565    1011.617    1059.182 
                        ha1     1     47.565    1492.435    1540.000 
                        fa0     1     39.210    2489.828    2529.039 
                    p1          9    394.666   11944.658   12339.324 
                      p0        3    134.340    4834.124    4968.465 
                        ha0     1     47.565     951.006     998.571 
                        ha1     1     47.565    1568.437    1616.002 
                        fa0     1     39.210    2314.681    2353.891 
                      p1        3    134.340    4764.391    4898.731 
                        ha0     1     47.565     975.448    1023.013 
                        ha1     1     47.565    1424.197    1471.762 
                        fa0     1     39.210    2364.746    2403.957 
                  p1           22    954.528   27670.623   28625.151 
                    p0          9    394.666   12904.570   13299.236 
                      p0        3    134.340    5151.324    5285.664 
                        ha0     1     47.565     999.146    1046.711 
                        ha1     1     47.565    1662.469    1710.034 
                        fa0     1     39.210    2489.708    2528.919 
                      p1        3    134.340    4996.168    5130.509 
                        ha0     1     47.565    1014.018    1061.583 
                        ha1     1     47.565    1492.366    1539.931 
                        fa0     1     39.210    2489.785    2528.995 
                    p1          9    394.666   11835.341   12230.007 
                      p0        3    134.340    4786.936    4921.276 
                        ha0     1     47.565     944.250     991.815 
                        ha1     1     47.565    1553.060    1600.624 
                        fa0     1     39.210    2289.626    2328.836 
                      p1        3    134.340    4718.907    4853.248 
                        ha0     1     47.565     968.733    1016.298 
                        ha1     1     47.565    1410.484    1458.049 
                        fa0     1     39.210    2339.690    2378.901 
            p1                215   9223.914  253848.806  263072.719 
              p0              104   4470.543  123825.989  128296.532 
                p0             49   2113.463   60325.813   62439.276 
                  p0           22    954.528   28607.445   29561.974 
                    p0          9    394.666   13170.889   13565.555 
                      p0        3    134.340    5292.801    5427.141 
                        ha0     1     47.565    1023.926    1071.491 
                        ha1     1     47.565    1708.475    1756.040 
                        fa0     1     39.210    2560.400    2599.610 
                      p1        3    134.340    5085.090    5219.431 
                        ha0     1     47.565    1029.781    1077.346 
                        ha1     1     47.565    1519.731    1567.296 
                        fa0     1     39.210    2535.578    2574.789 
                    p1          9    394.666   12229.149   12623.815 
                      p0        3    134.340    4969.738    5104.079 
                        ha0     1     47.565     969.722    1017.286 
                        ha1     1     47.565    1614.376    1661.941 
                        fa0     1     39.210    2385.641    2424.851 
                      p1        3    134.340    4894.454    5028.794 
                        ha0     1     47.565     993.634    1041.199 
                        ha1     1     47.565    1465.140    1512.705 
                        fa0     1     39.210    2435.680    2474.890 
                  p1           22    954.528   28014.706   28969.235 
                    p0          9    394.666   13069.028   13463.694 
                      p0        3    134.340    5250.288    5384.628 
                        ha0     1     47.565    1017.362    1064.926 
                        ha1     1     47.565    1693.093    1740.658 
                        fa0     1     39.210    2539.833    2579.043 
                      p1        3    134.340    5044.080    5178.421 
                        ha0     1     47.565    1023.176    1070.740 
                        ha1     1     47.565    1506.013    1553.578 
                        fa0     1     39.210    2514.892    2554.102 
                    p1          9    394.666   12014.437   12409.103 
                      p0        3    134.340    4877.359    5011.700 
                        ha0     1     47.565     953.933    1001.498 
                        ha1     1     47.565    1583.684    1631.249 
                        fa0     1     39.210    2339.742    2378.952 
                      p1        3    134.340    4805.473    4939.813 
                        ha0     1     47.565     977.888    1025.452 
                        ha1     1     47.565    1437.778    1485.342 
                        fa0     1     39.210    2389.808    2429.018 
                p1             49   2113.463   59436.400   61549.863 
                  p0           22    954.528   28083.428   29037.956 
                    p0          9    394.666   12951.204   13345.870 
                      p0        3    134.340    5200.942    5335.282 
                        ha0     1     47.565    1008.304    1055.869 
                        ha1     1     47.565    1677.781    1725.346 
                        fa0     1     39.210    2514.857    2554.067 
                      p1        3    134.340    4993.932    5128.272 
                        ha0     1     47.565    1011.581    1059.146 
                        ha1     1     47.565    1492.436    1540.001 
                        fa0     1     39.210    2489.915    2529.126 
                    p1          9    394.666   11944.770   12339.436 
                      p0        3    134.340    4834.172    4968.512 
                        ha0     1     47.565     950.973     998.537 
                        ha1     1     47.565    1568.437    1616.002 
                        fa0     1     39.210    2314.762    2353.972 
                      p1        3    134.340    4764.441    4898.781 
                        ha0     1     47.565     975.413    1022.978 
                        ha1     1     47.565    1424.197    1471.762 
                        fa0     1     39.210    2364.830    2404.041 
                  p1           22    954.528   27755.948   28710.477 
                    p0          9    394.666   12972.769   13367.435 
                      p0        3    134.340    5200.899    5335.239 
                        ha0     1     47.565    1008.305    1055.870 
                        ha1     1     47.565    1677.782    1725.346 
                        fa0     1     39.210    2514.813    2554.023 
                      p1        3    134.340    4996.358    5130.698 
                        ha0     1     47.565    1014.119    1061.684 
                        ha1     1     47.565    1492.366    1539.931 
                        fa0     1     39.210    2489.872    2529.082 
                    p1          9    394.666   11835.718   12230.384 
                      p0        3    134.340    4787.114    4921.454 
                        ha0     1     47.565     944.347     991.911 
                        ha1     1     47.565    1553.060    1600.625 
                        fa0     1     39.210    2289.708    2328.918 
                      p1        3    134.340    4719.088    4853.428 
                        ha0     1     47.565     968.832    1016.396 
                        ha1     1     47.565    1410.484    1458.049 
                        fa0     1     39.210    2339.772    2378.982 
              p1              104   4470.543  125885.506  130356.049 
                p0             49   2113.463   61464.069   63577.532 
                  p0           22    954.528   29136.008   30090.537 
                    p0          9    394.666   13394.697   13789.363 
                      p0        3    134.340    5363.722    5498.062 
                        ha0     1     47.565    1041.434    1088.999 
                        ha1     1     47.565    1736.916    1784.481 
                        fa0     1     39.210    2585.372    2624.583 
                      p1        3    134.340    5153.359    5287.700 
                        ha0     1     47.565    1047.820    1095.385 
                        ha1     1     47.565    1544.989    1592.554 
                        fa0     1     39.210    2560.550    2599.761 
                    p1          9    394.666   12448.130   12842.796 
                      p0        3    134.340    5040.656    5174.996 
                        ha0     1     47.565     987.230    1034.794 
                        ha1     1     47.565    1642.815    1690.380 
                        fa0     1     39.210    2410.612    2449.822 
                      p1        3    134.340    4962.724    5097.064 
                        ha0     1     47.565    1011.673    1059.238 
                        ha1     1     47.565    1490.398    1537.963 
                        fa0     1     39.210    2460.653    2499.864 
                  p1           22    954.528   28538.332   29492.861 
                    p0          9    394.666   13292.857   13687.523 
                      p0        3    134.340    5321.220    5455.560 
                        ha0     1     47.565    1034.932    1082.497 
                        ha1     1     47.565    1721.533    1769.097 
                        fa0     1     39.210    2564.755    2603.966 
                      p1        3    134.340    5112.362    5246.702 
                        ha0     1     47.565    1041.277    1088.842 
                        ha1     1     47.565    1531.269    1578.834 
                        fa0     1     39.210    2539.816    2579.027 
                    p1          9    394.666   12233.454   12628.120 
                      p0        3    134.340    4948.297    5082.637 
                        ha0     1     47.565     971.503    1019.068 
                        ha1     1     47.565    1612.122    1659.687 
                        fa0     1     39.210    2364.672    2403.882 
                      p1        3    134.340    4873.758    5008.099 
                        ha0     1     47.565     995.988    1043.553 
                        ha1     1     47.565    1463.034    1510.599 
                        fa0     1     39.210    2414.736    2453.946 
                p1             49   2113.463   60569.627   62683.090 
                  p0           22    954.528   28611.976   29566.504 
                    p0          9    394.666   13175.010   13569.676 
                      p0        3    134.340    5271.874    5406.214 
                        ha0     1     47.565    1025.875    1073.440 
                        ha1     1     47.565    1706.221    1753.786 
                        fa0     1     39.210    2539.778    2578.989 
                      p1        3    134.340    5062.188    5196.528 
                        ha0     1     47.565    1029.654    1077.219 
                        ha1     1     47.565    1517.694    1565.259 
                        fa0     1     39.210    2514.840    2554.051 
                    p1          9    394.666   12163.731   12558.397 
                      p0        3    134.340    4905.082    5039.423 
                        ha0     1     47.565     968.513    1016.078 
                        ha1     1     47.565    1596.877    1644.441 
                        fa0     1     39.210    2339.693    2378.903 
                      p1        3    134.340    4832.699    4967.039 
                        ha0     1     47.565     993.485    1041.050 
                        ha1     1     47.565    1449.455    1497.020 
                        fa0     1     39.210    2389.759    2428.969 
                  p1           22    954.528   28279.570   29234.099 
                    p0          9    394.666   13196.599   13591.265 
                      p0        3    134.340    5271.832    5406.173 
                        ha0     1     47.565    1025.876    1073.441 
                        ha1     1     47.565    1706.221    1753.786 
                        fa0     1     39.210    2539.736    2578.946 
                      p1        3    134.340    5064.639    5198.979 
                        ha0     1     47.565    1032.220    1079.785 
                        ha1     1     47.565    1517.623    1565.188 
                        fa0     1     39.210    2514.795    2554.006 
                    p1          9    394.666   12054.737   12449.404 
                      p0        3    134.340    4858.052    4992.392 
                        ha0     1     47.565     961.917    1009.481 
                        ha1     1     47.565    1581.497    1629.062 
                        fa0     1     39.210    2314.638    2353.848 
                      p1        3    134.340    4787.374    4921.714 
                        ha0     1     47.565     986.933    1034.498 
                        ha1     1     47.565    1435.740    1483.305 
                        fa0     1     39.210    2364.701    2403.911 
      ctr                     329   7757.802  338676.336  346434.138 
        add_55_25             204   3147.646   49446.768   52594.414 
    genblk1[4].genblk1.sng     51   1185.605   70448.267   71633.872 
      ctr                      24    930.125   51421.271   52351.397 
    genblk1[1].genblk1.sng     50   1165.851   80934.632   82100.483 
      ctr                      23    910.372   62988.806   63899.178 
    genblk1[2].genblk1.sng     51   1161.656   78172.664   79334.320 
      ctr                      23    910.372   61929.575   62839.947 
    genblk1[3].genblk1.sng     51   1161.656   76960.928   78122.584 
      ctr                      23    910.372   61305.403   62215.775 
    genblk1[0].genblk1.sng     48   1095.459   82420.060   83515.519 
      ctr                      22    892.833   62751.237   63644.070 

