============================================================
  Generated by:           Encounter(R) RTL Compiler v14.10-s022_1
  Generated on:           Jul 25 2021  01:16:24 pm
  Module:                 ms_es_naive_by2_mul_synth
  Technology library:     gscl45nm 
  Operating conditions:   typical (balanced_tree)
  Wireload mode:          enclosed
  Area mode:              timing library
============================================================

           Pin                 Type       Fanout Load Slew Delay Arrival   
                                                 (fF) (ps)  (ps)   (ps)    
---------------------------------------------------------------------------
(clock clk_int1)             launch                                    0 R 
TOP
  genblk1[1].genblk1.sng
    ctr
      countval_reg[2]/CLK                                0             0 R 
      countval_reg[2]/Q      DFFSR             1  1.5   10  +115     115 F 
      drc_bufs481/A                                           +0     115   
      drc_bufs481/Y          BUFX2             3  8.1   10   +39     154 F 
    ctr/countval[2] 
    g1420/A                                                   +0     154   
    g1420/Y                  INVX1             2  5.4    0   +11     165 R 
    g1408/A                                                   +0     165   
    g1408/Y                  OR2X1             2  4.3   33   +45     210 R 
    g1407/A                                                   +0     210   
    g1407/Y                  INVX1             1  2.6   11   +23     233 F 
    g1385/A                                                   +0     233   
    g1385/Y                  AOI21X1           1  1.5   23   +34     266 R 
    drc_bufs1437/A                                            +0     266   
    drc_bufs1437/Y           BUFX2             1  2.8    9   +35     301 R 
    g1376/B                                                   +0     301   
    g1376/Y                  OAI21X1           1  1.9    4   +15     316 F 
    g1375/A                                                   +0     316   
    g1375/Y                  AND2X1            1  2.6   18   +32     348 F 
    g1373/B                                                   +0     348   
    g1373/Y                  OAI21X1           1  2.3   42   +42     389 R 
    g1371/A                                                   +0     389   
    g1371/Y                  AND2X1            1  2.5   30   +31     420 R 
    g1370/A                                                   +0     420   
    g1370/Y                  OR2X1             1  2.3   21   +39     459 R 
    g1369/A                                                   +0     459   
    g1369/Y                  AND2X1            3  7.4   55   +46     506 R 
  genblk1[1].genblk1.sng/sn_out[1] 
  g51/B                                                       +0     506   
  g51/Y                      AND2X1            1 12.7   78   +72     578 R 
  genblk2.stoch2bin/data_in[3] 
    par_ctr/a[3] 
      fa0/cin 
        g2/A                                                  +0     578   
        g2/YS                FAX1              1  3.4   12   +94     671 F 
      fa0/s 
      ha0/b 
        g17/B                                                 +0     671   
        g17/YS               HAX1              2  5.6   24   +62     733 F 
      ha0/s 
    par_ctr/y[0] 
    ctr/data_in[0] 
      add_55_25/B[0] 
        g477/B                                                +0     733   
        g477/YC              HAX1              1  8.8   35   +62     795 F 
        g476/B                                                +0     795   
        g476/YC              FAX1              1  7.1   29   +89     884 F 
        g475/C                                                +0     884   
        g475/YC              FAX1              1  7.1   29   +82     966 F 
        g474/C                                                +0     966   
        g474/YC              FAX1              1  7.1   26   +82    1047 F 
        g473/C                                                +0    1047   
        g473/YC              FAX1              1  7.1   27   +81    1128 F 
        g472/C                                                +0    1128   
        g472/YC              FAX1              1  7.1   27   +81    1210 F 
        g471/C                                                +0    1210   
        g471/YC              FAX1              1  7.1   27   +81    1291 F 
        g470/C                                                +0    1291   
        g470/YC              FAX1              1  7.1   27   +81    1372 F 
        g469/C                                                +0    1372   
        g469/YC              FAX1              1  7.1   27   +81    1453 F 
        g468/C                                                +0    1453   
        g468/YC              FAX1              1  7.1   27   +81    1534 F 
        g467/C                                                +0    1534   
        g467/YC              FAX1              1  7.1   27   +81    1616 F 
        g466/C                                                +0    1616   
        g466/YC              FAX1              1  7.1   27   +81    1697 F 
        g465/C                                                +0    1697   
        g465/YC              FAX1              1  7.1   27   +81    1778 F 
        g464/C                                                +0    1778   
        g464/YC              FAX1              1  7.1   27   +81    1859 F 
        g463/C                                                +0    1859   
        g463/YC              FAX1              1  7.1   27   +81    1940 F 
        g462/C                                                +0    1940   
        g462/YC              FAX1              1  7.1   27   +81    2022 F 
        g461/C                                                +0    2022   
        g461/YC              FAX1              1  7.1   27   +81    2103 F 
        g460/C                                                +0    2103   
        g460/YC              FAX1              1  7.1   27   +81    2184 F 
        g459/C                                                +0    2184   
        g459/YC              FAX1              1 10.9   37   +89    2273 F 
        g2/A                                                  +0    2273   
        g2/YS                FAX1              1  2.8   21   +84    2357 R 
      add_55_25/Z[19] 
      g72/A                                                   +0    2357   
      g72/Y                  MUX2X1            1  1.5   18   +23    2379 F 
      g71/A                                                   +0    2379   
      g71/Y                  INVX1             1  2.0    0    +3    2383 R 
      countval_reg[19]/D     DFFSR                            +0    2383   
      countval_reg[19]/CLK   setup                       0   +70    2453 R 
- - - - - - - - - - - - - - - - - - - - - - - - - - - - - - - - - - - - - -
(clock clk)                  capture                                5000 R 
                             uncertainty                     -50    4950 R 
---------------------------------------------------------------------------
Cost Group   : 'clk' (path_group 'clk')
Timing slack :    2497ps 
Start-point  : TOP/genblk1[1].genblk1.sng/ctr/countval_reg[2]/CLK
End-point    : TOP/genblk2.stoch2bin/ctr/countval_reg[19]/D
