============================================================
  Generated by:           Encounter(R) RTL Compiler v14.10-s022_1
  Generated on:           Jul 25 2021  01:44:14 pm
  Module:                 ms_serial_by4_mul_synth
  Technology library:     gscl45nm 
  Operating conditions:   typical (balanced_tree)
  Wireload mode:          enclosed
  Area mode:              timing library
============================================================

                                  Leakage    Dynamic     Total   
         Instance          Cells Power(nW)  Power(nW)  Power(nW) 
-----------------------------------------------------------------
ms_serial_by4_mul_synth      435 12294.393 703443.596 715737.989 
  TOP                        435 12294.393 679008.402 691302.796 
    genblk2.stoch2bin        168  6282.477 312500.254 318782.731 
      ctr                    141  5270.426 277524.922 282795.348 
        add_55_25             28  1106.246  19386.452  20492.698 
      par_ctr                 22   954.528  25304.623  26259.151 
        p0                     9   394.666  11679.394  12074.060 
          p0                   3   134.340   4922.568   5056.909 
            ha0                1    47.565    900.685    948.250 
            ha1                1    47.565   1550.878   1598.443 
            fa0                1    39.210   2471.005   2510.216 
          p1                   3   134.340   4712.982   4847.323 
            ha0                1    47.565    890.878    938.443 
            ha1                1    47.565   1381.809   1429.374 
            fa0                1    39.210   2440.296   2479.506 
        p1                     9   394.666  11449.116  11843.782 
          p0                   3   134.340   4872.940   5007.280 
            ha0                1    47.565    891.587    939.152 
            ha1                1    47.565   1535.566   1583.131 
            fa0                1    39.210   2445.787   2484.997 
          p1                   3   134.340   4709.657   4843.997 
            ha0                1    47.565    892.491    940.056 
            ha1                1    47.565   1368.131   1415.696 
            fa0                1    39.210   2449.034   2488.245 
    genblk1[1].genblk1.sng    59  1400.630  88678.624  90079.254 
      ctr                     27  1089.056  72662.414  73751.471 
    genblk1[2].genblk1.sng    59  1400.630  87522.943  88923.573 
      ctr                     27  1089.056  71455.482  72544.538 
    genblk1[3].genblk1.sng    59  1396.163  75934.467  77330.631 
      ctr                     28  1108.810  60622.848  61731.658 
    genblk1[0].genblk1.sng    58  1376.410  85651.329  87027.739 
      ctr                     27  1089.056  70709.451  71798.507 

