============================================================
  Generated by:           Encounter(R) RTL Compiler v14.10-s022_1
  Generated on:           Jul 25 2021  01:14:30 pm
  Module:                 ms_serial_by2_mul_synth
  Technology library:     gscl45nm 
  Operating conditions:   typical (balanced_tree)
  Wireload mode:          enclosed
  Area mode:              timing library
============================================================

           Pin                 Type       Fanout Load Slew Delay Arrival   
                                                 (fF) (ps)  (ps)   (ps)    
---------------------------------------------------------------------------
(clock clk)                  launch                                    0 R 
TOP
  genblk1[0].genblk1.sng
    ctr
      countval_reg[3]/CLK                                0             0 R 
      countval_reg[3]/Q      DFFSR             1  1.5   10  +109     109 R 
      drc_bufs289/A                                           +0     109   
      drc_bufs289/Y          BUFX2             3  8.9   22   +43     152 R 
    ctr/countval[3] 
    g846/A                                                    +0     152   
    g846/Y                   INVX1             2  5.7   21   +26     178 F 
    g831/B                                                    +0     178   
    g831/YS                  HAX1              2  5.6   24   +63     240 F 
    g822/C                                                    +0     240   
    g822/Y                   NAND3X1           1  1.5   34   +31     272 R 
    drc_bufs868/A                                             +0     272   
    drc_bufs868/Y            BUFX2             1  2.3    9   +35     306 R 
    g819/A                                                    +0     306   
    g819/Y                   AND2X1            2  4.6   43   +38     344 R 
    g810/A                                                    +0     344   
    g810/Y                   AND2X1            1  2.5   34   +31     375 R 
    g808/A                                                    +0     375   
    g808/Y                   OR2X1             1  2.7   23   +40     416 R 
    g806/B                                                    +0     416   
    g806/Y                   AOI21X1           1  1.5   15   +26     442 F 
    drc_bufs866/A                                             +0     442   
    drc_bufs866/Y            BUFX2             1  2.6    3   +34     476 F 
    g804/B                                                    +0     476   
    g804/Y                   OAI21X1           6 15.2  102   +80     556 R 
  genblk1[0].genblk1.sng/sn_out[0] 
  g562/A                                                      +0     556   
  g562/Y                     AND2X1            3  6.2   45   +42     598 R 
  g551/A                                                      +0     598   
  g551/Y                     AND2X1            4 10.6   70   +56     654 R 
  g538/C                                                      +0     654   
  g538/Y                     NAND3X1           1  1.5   13   +23     677 F 
  drc_bufs/A                                                  +0     677   
  drc_bufs/Y                 BUFX2             1  1.5    1   +33     709 F 
  g537/A                                                      +0     709   
  g537/Y                     INVX1             1 10.3   16   +24     733 R 
  genblk2.stoch2bin/data_in[14] 
    par_ctr/a[14] 
      p1/a[14] 
        p0/a[6] 
          p0/a[2] 
            fa0/b 
              g2/B                                            +0     733   
              g2/YS          FAX1              1  3.4   12   +85     819 F 
            fa0/s 
            ha0/b 
              g17/B                                           +0     819   
              g17/YS         HAX1              1  3.4   17   +58     876 F 
            ha0/s 
          p0/y[0] 
          g168/B                                              +0     876   
          g168/YC            HAX1              1 10.9   41   +65     941 F 
          g167/A                                              +0     941   
          g167/YC            FAX1              1  7.1   29   +92    1033 F 
          g166/C                                              +0    1033   
          g166/YS            FAX1              1 12.7   67  +103    1135 R 
        p0/y[2] 
        g239/A                                                +0    1135   
        g239/YS              FAX1              1 10.3   56  +110    1245 R 
      p1/y[2] 
      g286/B                                                  +0    1245   
      g286/YS                FAX1              3  7.9   45   +95    1340 R 
    par_ctr/y[2] 
    ctr/data_in[2] 
      add_55_25/B[2] 
        g21629/B                                              +0    1340   
        g21629/YC            HAX1              1  2.4   21   +44    1385 R 
        g21551/C                                              +0    1385   
        g21551/Y             AOI21X1           1  1.5   15   +13    1398 F 
        drc_bufs21741/A                                       +0    1398   
        drc_bufs21741/Y      BUFX2             1  1.9    2   +33    1431 F 
        g21549/C                                              +0    1431   
        g21549/Y             OAI21X1           3  7.1   65   +31    1462 R 
        g21543/B                                              +0    1462   
        g21543/Y             AOI21X1           1  1.5   14   +36    1499 F 
        drc_bufs21744/A                                       +0    1499   
        drc_bufs21744/Y      BUFX2             1  1.9    2   +33    1532 F 
        g21541/C                                              +0    1532   
        g21541/Y             OAI21X1           3  7.1   65   +31    1563 R 
        g21537/B                                              +0    1563   
        g21537/Y             AOI21X1           1  1.5   14   +36    1599 F 
        drc_bufs21745/A                                       +0    1599   
        drc_bufs21745/Y      BUFX2             1  1.9    2   +33    1633 F 
        g21536/C                                              +0    1633   
        g21536/Y             OAI21X1           3 10.1   79   +40    1673 R 
        g21535/B                                              +0    1673   
        g21535/Y             NAND2X1           1  1.5   14   +29    1702 F 
        drc_bufs21739/A                                       +0    1702   
        drc_bufs21739/Y      BUFX2             1  1.8    2   +33    1735 F 
        g21532/B                                              +0    1735   
        g21532/Y             AND2X1            3  6.7   30   +52    1787 F 
        g21531/A                                              +0    1787   
        g21531/Y             INVX1             2  5.5    0   +19    1806 R 
        g21527/B                                              +0    1806   
        g21527/Y             AOI21X1           1  1.5   16   +21    1826 F 
        drc_bufs21748/A                                       +0    1826   
        drc_bufs21748/Y      BUFX2             1  1.9    2   +34    1860 F 
        g21526/C                                              +0    1860   
        g21526/Y             OAI21X1           3  7.1   46   +31    1891 R 
        g21523/B                                              +0    1891   
        g21523/Y             AOI21X1           1  1.5   15   +32    1923 F 
        drc_bufs21749/A                                       +0    1923   
        drc_bufs21749/Y      BUFX2             1  1.9    2   +33    1956 F 
        g21522/C                                              +0    1956   
        g21522/Y             OAI21X1           3  7.1   46   +31    1987 R 
        g21519/B                                              +0    1987   
        g21519/Y             AOI21X1           1  1.5   15   +32    2019 F 
        drc_bufs21756/A                                       +0    2019   
        drc_bufs21756/Y      BUFX2             1  1.9    2   +33    2053 F 
        g21518/C                                              +0    2053   
        g21518/Y             OAI21X1           3  7.1   46   +31    2084 R 
        g21515/B                                              +0    2084   
        g21515/Y             AOI21X1           1  1.5   15   +32    2116 F 
        drc_bufs21767/A                                       +0    2116   
        drc_bufs21767/Y      BUFX2             1  1.9    2   +33    2149 F 
        g21514/C                                              +0    2149   
        g21514/Y             OAI21X1           3  7.1   46   +31    2180 R 
        g21511/B                                              +0    2180   
        g21511/Y             AOI21X1           1  1.5   15   +32    2212 F 
        drc_bufs21751/A                                       +0    2212   
        drc_bufs21751/Y      BUFX2             1  1.9    2   +33    2245 F 
        g21510/C                                              +0    2245   
        g21510/Y             OAI21X1           3  7.1   46   +31    2276 R 
        g21507/B                                              +0    2276   
        g21507/Y             AOI21X1           1  1.5   15   +32    2308 F 
        drc_bufs21750/A                                       +0    2308   
        drc_bufs21750/Y      BUFX2             1  1.9    2   +33    2342 F 
        g21506/C                                              +0    2342   
        g21506/Y             OAI21X1           3  7.1   46   +31    2373 R 
        g21503/B                                              +0    2373   
        g21503/Y             AOI21X1           1  1.5   15   +32    2404 F 
        drc_bufs21754/A                                       +0    2404   
        drc_bufs21754/Y      BUFX2             1  1.9    2   +33    2438 F 
        g21502/C                                              +0    2438   
        g21502/Y             OAI21X1           3  7.1   46   +31    2469 R 
        g21499/B                                              +0    2469   
        g21499/Y             AOI21X1           1  1.5   15   +32    2501 F 
        drc_bufs21755/A                                       +0    2501   
        drc_bufs21755/Y      BUFX2             1  1.9    2   +33    2534 F 
        g21498/C                                              +0    2534   
        g21498/Y             OAI21X1           3  7.1   46   +31    2565 R 
        g21495/B                                              +0    2565   
        g21495/Y             AOI21X1           1  1.5   15   +32    2597 F 
        drc_bufs21761/A                                       +0    2597   
        drc_bufs21761/Y      BUFX2             1  1.9    2   +33    2630 F 
        g21494/C                                              +0    2630   
        g21494/Y             OAI21X1           3  7.1   46   +31    2662 R 
        g21491/B                                              +0    2662   
        g21491/Y             AOI21X1           1  1.5   15   +32    2693 F 
        drc_bufs21762/A                                       +0    2693   
        drc_bufs21762/Y      BUFX2             1  1.9    2   +33    2727 F 
        g21490/C                                              +0    2727   
        g21490/Y             OAI21X1           3  7.1   46   +31    2758 R 
        g21487/B                                              +0    2758   
        g21487/Y             AOI21X1           1  1.5   15   +32    2790 F 
        drc_bufs21770/A                                       +0    2790   
        drc_bufs21770/Y      BUFX2             1  1.9    2   +33    2823 F 
        g21486/C                                              +0    2823   
        g21486/Y             OAI21X1           3  7.1   46   +31    2854 R 
        g21483/B                                              +0    2854   
        g21483/Y             AOI21X1           1  1.5   15   +32    2886 F 
        drc_bufs21740/A                                       +0    2886   
        drc_bufs21740/Y      BUFX2             1  1.9    2   +33    2919 F 
        g21482/C                                              +0    2919   
        g21482/Y             OAI21X1           3  7.1   46   +31    2950 R 
        g21479/B                                              +0    2950   
        g21479/Y             AOI21X1           1  1.5   15   +32    2982 F 
        drc_bufs21742/A                                       +0    2982   
        drc_bufs21742/Y      BUFX2             1  1.9    2   +33    3016 F 
        g21478/C                                              +0    3016   
        g21478/Y             OAI21X1           3 10.1   61   +40    3056 R 
        g21477/B                                              +0    3056   
        g21477/Y             NAND2X1           1  1.5   16   +25    3081 F 
        drc_bufs21733/A                                       +0    3081   
        drc_bufs21733/Y      BUFX2             1  1.8    2   +34    3115 F 
        g21474/B                                              +0    3115   
        g21474/Y             AND2X1            3  9.8   39   +58    3173 F 
        g21470/B                                              +0    3173   
        g21470/Y             OAI21X1           1  2.0   42   +45    3218 R 
        g21469/C                                              +0    3218   
        g21469/Y             OAI21X1           1  1.9    4   +22    3240 F 
        g21467/A                                              +0    3240   
        g21467/Y             AND2X1            4  9.9   39   +47    3287 F 
        g21461/C                                              +0    3287   
        g21461/Y             NOR3X1            1  3.3   56   +33    3320 R 
        g21459/C                                              +0    3320   
        g21459/Y             NOR3X1            4  9.3   47   +46    3366 F 
        g21458/A                                              +0    3366   
        g21458/Y             INVX1             2  5.5    0   +25    3391 R 
        g21442/B                                              +0    3391   
        g21442/Y             AOI21X1           1  1.5   16   +21    3412 F 
        drc_bufs21769/A                                       +0    3412   
        drc_bufs21769/Y      BUFX2             1  1.9    2   +34    3446 F 
        g21439/C                                              +0    3446   
        g21439/Y             OAI21X1           3  7.1   46   +31    3477 R 
        g21426/B                                              +0    3477   
        g21426/Y             AOI21X1           1  1.5   15   +32    3508 F 
        drc_bufs21753/A                                       +0    3508   
        drc_bufs21753/Y      BUFX2             1  1.9    2   +33    3542 F 
        g21424/C                                              +0    3542   
        g21424/Y             OAI21X1           4 12.4   72   +48    3590 R 
        g21416/B                                              +0    3590   
        g21416/Y             NAND2X1           1  1.5   15   +28    3617 F 
        drc_bufs21735/A                                       +0    3617   
        drc_bufs21735/Y      BUFX2             1  1.8    2   +33    3650 F 
        g21395/B                                              +0    3650   
        g21395/Y             AND2X1            4  9.3   38   +57    3707 F 
        g21393/A                                              +0    3707   
        g21393/Y             INVX1             2  5.5    0   +21    3729 R 
        g21372/B                                              +0    3729   
        g21372/Y             AOI21X1           1  1.5   16   +21    3749 F 
        drc_bufs21773/A                                       +0    3749   
        drc_bufs21773/Y      BUFX2             1  1.9    2   +34    3783 F 
        g21364/C                                              +0    3783   
        g21364/Y             OAI21X1           1  5.4   38   +26    3809 R 
        g21356/A                                              +0    3809   
        g21356/Y             XOR2X1            1  2.8   46   +38    3847 R 
      add_55_25/Z[32] 
      g169/A                                                  +0    3847   
      g169/Y                 MUX2X1            1  1.5   67   +28    3875 F 
      g168/A                                                  +0    3875   
      g168/Y                 INVX1             1  2.0    0   +20    3896 R 
      countval_reg[32]/D     DFFSR                            +0    3896   
      countval_reg[32]/CLK   setup                       0   +70    3966 R 
- - - - - - - - - - - - - - - - - - - - - - - - - - - - - - - - - - - - - -
(clock clk)                  capture                                5000 R 
                             uncertainty                     -50    4950 R 
---------------------------------------------------------------------------
Cost Group   : 'clk' (path_group 'clk')
Timing slack :     984ps 
Start-point  : TOP/genblk1[0].genblk1.sng/ctr/countval_reg[3]/CLK
End-point    : TOP/genblk2.stoch2bin/ctr/countval_reg[32]/D
