============================================================
  Generated by:           Encounter(R) RTL Compiler v14.10-s022_1
  Generated on:           Jul 25 2021  01:45:34 pm
  Module:                 ms_serial_by4_mul_synth
  Technology library:     gscl45nm 
  Operating conditions:   typical (balanced_tree)
  Wireload mode:          enclosed
  Area mode:              timing library
============================================================

                                  Leakage    Dynamic     Total   
         Instance          Cells Power(nW)  Power(nW)  Power(nW) 
-----------------------------------------------------------------
ms_serial_by4_mul_synth      354 10053.543 624808.402 634861.945 
  TOP                        354 10053.543 606968.200 617021.743 
    genblk2.stoch2bin        161  6140.073 305776.658 311916.731 
      ctr                    106  3955.344 218599.922 222555.266 
        add_55_25             21   831.773  17096.842  17928.615 
      par_ctr                 49  2113.463  77245.542  79359.005 
        p0                    22   954.528  35908.355  36862.884 
          p0                   9   394.666  15285.477  15680.143 
            p0                 3   134.340   6051.793   6186.133 
              ha0              1    47.565   1082.242   1129.807 
              ha1              1    47.565   2106.561   2154.126 
              fa0              1    39.210   2862.990   2902.200 
            p1                 3   134.340   5802.362   5936.702 
              ha0              1    47.565   1064.629   1112.194 
              ha1              1    47.565   1874.784   1922.349 
              fa0              1    39.210   2862.948   2902.159 
          p1                   9   394.666  16356.480  16751.146 
            p0                 3   134.340   6549.245   6683.585 
              ha0              1    47.565   1164.136   1211.701 
              ha1              1    47.565   2296.898   2344.463 
              fa0              1    39.210   3088.211   3127.421 
            p1                 3   134.340   6328.598   6462.939 
              ha0              1    47.565   1155.627   1203.192 
              ha1              1    47.565   2057.719   2105.284 
              fa0              1    39.210   3115.253   3154.463 
        p1                    22   954.528  36073.079  37027.607 
          p0                   9   394.666  15474.266  15868.932 
            p0                 3   134.340   6073.450   6207.790 
              ha0              1    47.565   1099.948   1147.513 
              ha1              1    47.565   2115.196   2162.761 
              fa0              1    39.210   2858.307   2897.517 
            p1                 3   134.340   5856.401   5990.741 
              ha0              1    47.565   1091.970   1139.535 
              ha1              1    47.565   1893.782   1941.347 
              fa0              1    39.210   2870.648   2909.859 
          p1                   9   394.666  16487.106  16881.772 
            p0                 3   134.340   6556.298   6690.638 
              ha0              1    47.565   1181.842   1229.407 
              ha1              1    47.565   2303.304   2350.869 
              fa0              1    39.210   3071.152   3110.363 
            p1                 3   134.340   6345.936   6480.276 
              ha0              1    47.565   1173.612   1221.177 
              ha1              1    47.565   2074.672   2122.236 
              fa0              1    39.210   3097.652   3136.863 
    genblk1[4].genblk1.sng    27   629.223  38141.231  38770.454 
      ctr                     13   520.139  30841.517  31361.657 
    genblk1[1].genblk1.sng    23   615.520  49133.827  49749.348 
      ctr                     12   500.386  40293.435  40793.821 
    genblk1[2].genblk1.sng    23   615.520  47403.465  48018.986 
      ctr                     12   500.386  38837.511  39337.897 
    genblk1[0].genblk1.sng    26   609.469  46910.432  47519.901 
      ctr                     12   500.386  39551.989  40052.375 
    genblk1[3].genblk1.sng    26   609.469  45339.519  45948.988 
      ctr                     12   500.386  38637.216  39137.602 

