============================================================
  Generated by:           Encounter(R) RTL Compiler v14.10-s022_1
  Generated on:           Jul 25 2021  01:09:27 pm
  Module:                 ms_serial_by2_mul_synth
  Technology library:     gscl45nm 
  Operating conditions:   typical (balanced_tree)
  Wireload mode:          enclosed
  Area mode:              timing library
============================================================

                                  Leakage    Dynamic     Total   
         Instance          Cells Power(nW)  Power(nW)  Power(nW) 
-----------------------------------------------------------------
ms_serial_by2_mul_synth      188  5360.595 353259.655 358620.250 
  TOP                        188  5360.595 341960.146 347320.741 
    genblk2.stoch2bin         73  2680.286 158202.119 160882.405 
      ctr                     61  2264.523 132703.763 134968.286 
      par_ctr                  9   394.666  19070.109  19464.775 
        p0                     3   134.340   7190.140   7324.481 
          ha0                  1    47.565   1229.312   1276.877 
          ha1                  1    47.565   2743.176   2790.741 
          fa0                  1    39.210   3217.653   3256.863 
        p1                     3   134.340   6841.604   6975.944 
          ha0                  1    47.565   1228.029   1275.594 
          ha1                  1    47.565   2393.077   2440.642 
          fa0                  1    39.210   3220.497   3259.707 
    genblk1[2].genblk1.sng    34   842.199  49041.473  49883.672 
      ctr                     18   716.363  40325.938  41042.301 
    genblk1[0].genblk1.sng    33   822.446  60084.851  60907.297 
      ctr                     17   696.609  51699.838  52396.447 
    genblk1[1].genblk1.sng    33   822.446  59207.675  60030.120 
      ctr                     17   696.609  50277.869  50974.478 

