============================================================
  Generated by:           Encounter(R) RTL Compiler v14.10-s022_1
  Generated on:           Jul 25 2021  01:08:19 pm
  Module:                 ms_serial_by2_mul_synth
  Technology library:     gscl45nm 
  Operating conditions:   typical (balanced_tree)
  Wireload mode:          enclosed
  Area mode:              timing library
============================================================

         Instance           Cells  Cell Area  Net Area  Total Area  Wireload     
---------------------------------------------------------------------------------
ms_serial_by2_mul_synth       190        741         0         741    <none> (D) 
  TOP                         190        741         0         741    <none> (D) 
    genblk2.stoch2bin          66        341         0         341    <none> (D) 
      ctr                      61        318         0         318    <none> (D) 
      par_ctr                   3         18         0          18    <none> (D) 
        fa0                     1          9         0           9    <none> (D) 
        ha1                     1          5         0           5    <none> (D) 
        ha0                     1          5         0           5    <none> (D) 
    genblk1[1].genblk1.sng     62        199         0         199    <none> (D) 
      ctr                      31        132         0         132    <none> (D) 
    genblk1[0].genblk1.sng     58        191         0         191    <none> (D) 
      ctr                      27        124         0         124    <none> (D) 

 (D) = wireload is default in technology library
