============================================================
  Generated by:           Encounter(R) RTL Compiler v14.10-s022_1
  Generated on:           Jul 25 2021  04:11:30 pm
  Module:                 ms_serial_by4_mul_synth
  Technology library:     gscl45nm 
  Operating conditions:   typical (balanced_tree)
  Wireload mode:          enclosed
  Area mode:              timing library
============================================================

           Pin                 Type       Fanout Load Slew Delay Arrival   
                                                 (fF) (ps)  (ps)   (ps)    
---------------------------------------------------------------------------
(clock clk_int1)             launch                                    0 R 
TOP
  genblk1[1].genblk1.sng
    ctr
      countval_reg[3]/CLK                                0             0 R 
      countval_reg[3]/Q      DFFSR             1  1.5   10  +115     115 F 
      drc_bufs486/A                                           +0     115   
      drc_bufs486/Y          BUFX2             3  8.1   10   +39     154 F 
    ctr/countval[3] 
    g1314/A                                                   +0     154   
    g1314/Y                  INVX1             2  4.8    0    +9     163 R 
    g1301/A                                                   +0     163   
    g1301/Y                  OR2X1             3  6.0   41   +50     213 R 
    g1300/A                                                   +0     213   
    g1300/Y                  INVX1             1  2.2   10   +24     237 F 
    g1289/B                                                   +0     237   
    g1289/Y                  OR2X1             1  2.3   13   +49     286 F 
    g1274/A                                                   +0     286   
    g1274/Y                  OR2X1             1  3.1   15   +42     328 F 
    g1263/B                                                   +0     328   
    g1263/Y                  NOR3X1            2  3.9   58   +44     372 R 
    g1262/A                                                   +0     372   
    g1262/Y                  INVX1             2  5.8   19   +36     408 F 
    g3/C                                                      +0     408   
    g3/Y                     NOR3X1            1  2.5   52   +27     435 R 
    g1369/A                                                   +0     435   
    g1369/Y                  OR2X1             2  6.1   38   +51     486 R 
    g1241/C                                                   +0     486   
    g1241/Y                  NOR3X1            2  4.9   32   +32     518 F 
    g1237/B                                                   +0     518   
    g1237/Y                  AOI21X1           1  1.5   24   +34     552 R 
    drc_bufs1337/A                                            +0     552   
    drc_bufs1337/Y           BUFX2             1  1.6    6   +33     585 R 
    g1236/A                                                   +0     585   
    g1236/Y                  INVX1             4  7.2   27   +25     610 F 
  genblk1[1].genblk1.sng/sn_out[2] 
  g601/B                                                      +0     610   
  g601/Y                     AND2X1            4  7.6   31   +57     666 F 
  g580/A                                                      +0     666   
  g580/Y                     AND2X1            1 10.9   37   +54     720 F 
  genblk2.stoch2bin/data_in[59] 
    par_ctr/a[59] 
      p0/a[27] 
        p0/a[11] 
          p0/a[3] 
            p1/a[3] 
              fa0/cin 
                g2/A                                          +0     720   
                g2/YS        FAX1              1  3.8   26   +87     807 R 
              fa0/s 
              ha0/b 
                g17/B                                         +0     807   
                g17/YS       HAX1              1  4.0   19   +60     866 F 
              ha0/s 
            p1/y[0] 
            g168/A                                            +0     866   
            g168/YC          HAX1              1 10.9   41   +69     935 F 
            g167/A                                            +0     935   
            g167/YC          FAX1              1  7.1   29   +92    1027 F 
            g166/C                                            +0    1027   
            g166/YS          FAX1              1 12.7   67  +103    1130 R 
          p0/y[2] 
          g236/A                                              +0    1130   
          g236/YS            FAX1              1 12.7   67  +117    1247 R 
        p0/y[2] 
        g287/A                                                +0    1247   
        g287/YS              FAX1              1 12.7   67  +117    1364 R 
      p0/y[2] 
      g360/A                                                  +0    1364   
      g360/YS                FAX1              2 11.1   34  +108    1472 F 
    par_ctr/y[2] 
    ctr/data_in[2] 
      add_55_25/B[2] 
        g725/B                                                +0    1472   
        g725/YC              FAX1              1  7.1   29   +88    1561 F 
        g724/C                                                +0    1561   
        g724/YC              FAX1              1  7.1   29   +82    1642 F 
        g723/C                                                +0    1642   
        g723/YC              FAX1              1  7.1   29   +82    1724 F 
        g722/C                                                +0    1724   
        g722/YC              FAX1              1  7.1   29   +82    1805 F 
        g721/C                                                +0    1805   
        g721/YC              FAX1              1  7.1   29   +82    1887 F 
        g720/C                                                +0    1887   
        g720/YC              FAX1              1  7.1   26   +82    1969 F 
        g719/C                                                +0    1969   
        g719/YC              FAX1              1  7.1   27   +81    2050 F 
        g718/C                                                +0    2050   
        g718/YC              FAX1              1  7.1   27   +81    2131 F 
        g717/C                                                +0    2131   
        g717/YC              FAX1              1  7.1   27   +81    2212 F 
        g716/C                                                +0    2212   
        g716/YC              FAX1              1  7.1   27   +81    2293 F 
        g715/C                                                +0    2293   
        g715/YC              FAX1              1  7.1   27   +81    2374 F 
        g714/C                                                +0    2374   
        g714/YC              FAX1              1  7.1   27   +81    2456 F 
        g713/C                                                +0    2456   
        g713/YC              FAX1              1  7.1   27   +81    2537 F 
        g712/C                                                +0    2537   
        g712/YC              FAX1              1  7.1   27   +81    2618 F 
        g711/C                                                +0    2618   
        g711/YC              FAX1              1  7.1   27   +81    2699 F 
        g710/C                                                +0    2699   
        g710/YC              FAX1              1  7.1   27   +81    2780 F 
        g709/C                                                +0    2780   
        g709/YC              FAX1              1  7.1   27   +81    2862 F 
        g708/C                                                +0    2862   
        g708/YC              FAX1              1  7.1   27   +81    2943 F 
        g707/C                                                +0    2943   
        g707/YC              FAX1              1  7.1   27   +81    3024 F 
        g706/C                                                +0    3024   
        g706/YC              FAX1              1  7.1   27   +81    3105 F 
        g705/C                                                +0    3105   
        g705/YC              FAX1              1  7.1   27   +81    3186 F 
        g704/C                                                +0    3186   
        g704/YC              FAX1              1  7.1   27   +81    3268 F 
        g703/C                                                +0    3268   
        g703/YC              FAX1              1  7.1   27   +81    3349 F 
        g702/C                                                +0    3349   
        g702/YC              FAX1              1  7.1   27   +81    3430 F 
        g701/C                                                +0    3430   
        g701/YC              FAX1              1  7.1   27   +81    3511 F 
        g700/C                                                +0    3511   
        g700/YC              FAX1              1  7.1   27   +81    3592 F 
        g699/C                                                +0    3592   
        g699/YC              FAX1              1 10.9   37   +89    3681 F 
        g2/A                                                  +0    3681   
        g2/YS                FAX1              1  2.8   21   +84    3765 R 
      add_55_25/Z[29] 
      g97/A                                                   +0    3765   
      g97/Y                  MUX2X1            1  1.5   33   +23    3788 F 
      g96/A                                                   +0    3788   
      g96/Y                  INVX1             1  2.0    0    +8    3796 R 
      countval_reg[29]/D     DFFSR                            +0    3796   
      countval_reg[29]/CLK   setup                       0   +70    3867 R 
- - - - - - - - - - - - - - - - - - - - - - - - - - - - - - - - - - - - - -
(clock clk)                  capture                                5000 R 
                             uncertainty                     -50    4950 R 
---------------------------------------------------------------------------
Cost Group   : 'clk' (path_group 'clk')
Timing slack :    1083ps 
Start-point  : TOP/genblk1[1].genblk1.sng/ctr/countval_reg[3]/CLK
End-point    : TOP/genblk2.stoch2bin/ctr/countval_reg[29]/D
