============================================================
  Generated by:           Encounter(R) RTL Compiler v14.10-s022_1
  Generated on:           Jul 25 2021  01:14:08 pm
  Module:                 ms_serial_by2_mul_synth
  Technology library:     gscl45nm 
  Operating conditions:   typical (balanced_tree)
  Wireload mode:          enclosed
  Area mode:              timing library
============================================================

           Pin                 Type       Fanout Load Slew Delay Arrival   
                                                 (fF) (ps)  (ps)   (ps)    
---------------------------------------------------------------------------
(clock clk_int4)             launch                                    0 R 
TOP
  genblk1[4].genblk1.sng
    ctr
      countval_reg[4]/CLK                                0             0 R 
      countval_reg[4]/Q      DFFSR             1  1.5   10  +115     115 F 
      drc_bufs409/A                                           +0     115   
      drc_bufs409/Y          BUFX2             6 14.1   18   +45     160 F 
    ctr/countval[4] 
    g527/A                                                    +0     160   
    g527/Y                   INVX1             1  2.5    0    +5     165 R 
    g522/A                                                    +0     165   
    g522/Y                   OR2X1             2  4.8   35   +46     211 R 
    g515/C                                                    +0     211   
    g515/Y                   OAI21X1           1  1.5    3   +19     230 F 
    g514/A                                                    +0     230   
    g514/Y                   INVX1             3  8.6    8   +19     250 R 
    g506/B                                                    +0     250   
    g506/Y                   NAND3X1           1  1.5   16   +12     262 F 
    drc_bufs544/A                                             +0     262   
    drc_bufs544/Y            BUFX2             2  4.2    6   +36     298 F 
    g502/A                                                    +0     298   
    g502/Y                   OR2X1             1  2.8   14   +41     338 F 
    g500/C                                                    +0     338   
    g500/Y                   NAND3X1           1  1.5   34   +29     367 R 
    drc_bufs539/A                                             +0     367   
    drc_bufs539/Y            BUFX2             1  2.8   10   +36     402 R 
    g498/A                                                    +0     402   
    g498/Y                   AOI22X1           1  1.5   34   +32     434 F 
    drc_bufs538/A                                             +0     434   
    drc_bufs538/Y            BUFX2             1  2.6    7   +38     472 F 
    g497/B                                                    +0     472   
    g497/Y                   OAI21X1           5 11.0   83   +67     539 R 
  genblk1[4].genblk1.sng/sn_out[1] 
  g572/A                                                      +0     539   
  g572/Y                     INVX1             1  2.3    7   +36     575 F 
  g552/A                                                      +0     575   
  g552/Y                     OR2X1             5 13.9   46   +64     638 F 
  g551/A                                                      +0     638   
  g551/Y                     INVX1             1  2.3    0   +14     652 R 
  g548/B                                                      +0     652   
  g548/Y                     AND2X1            4  9.2   68   +65     717 R 
  g506/B                                                      +0     717   
  g506/Y                     AND2X1            1 10.3   65   +63     781 R 
  genblk2.stoch2bin/data_in[29] 
    par_ctr/a[29] 
      p0/a[13] 
        p0/a[5] 
          p0/a[1] 
            fa0/a 
              g2/B                                            +0     781   
              g2/YS          FAX1              1  3.4   12   +91     872 F 
            fa0/s 
            ha0/b 
              g17/B                                           +0     872   
              g17/YC         HAX1              1  3.4   20   +48     920 F 
            ha0/cout 
            ha1/a 
              g17/B                                           +0     920   
              g17/YS         HAX1              1 10.9   38   +73     993 F 
            ha1/s 
          p0/y[1] 
          g167/A                                              +0     993   
          g167/YC            FAX1              1  7.1   29   +91    1085 F 
          g166/C                                              +0    1085   
          g166/YS            FAX1              1 12.7   67  +103    1187 R 
        p0/y[2] 
        g239/A                                                +0    1187   
        g239/YS              FAX1              1 12.7   67  +117    1305 R 
      p0/y[2] 
      g286/A                                                  +0    1305   
      g286/YS                FAX1              3  7.9   45  +103    1407 R 
    par_ctr/y[2] 
    ctr/data_in[2] 
      add_55_25/B[2] 
        g25633/B                                              +0    1407   
        g25633/YC            HAX1              1  2.4   21   +44    1451 R 
        g25575/C                                              +0    1451   
        g25575/Y             AOI21X1           1  1.5   15   +13    1465 F 
        drc_bufs25768/A                                       +0    1465   
        drc_bufs25768/Y      BUFX2             1  1.9    2   +33    1498 F 
        g25574/C                                              +0    1498   
        g25574/Y             OAI21X1           3  7.1   65   +31    1529 R 
        g25568/B                                              +0    1529   
        g25568/Y             AOI21X1           1  1.5   14   +36    1565 F 
        drc_bufs25757/A                                       +0    1565   
        drc_bufs25757/Y      BUFX2             1  1.9    2   +33    1599 F 
        g25566/C                                              +0    1599   
        g25566/Y             OAI21X1           3  7.1   65   +31    1630 R 
        g25562/B                                              +0    1630   
        g25562/Y             AOI21X1           1  1.5   14   +36    1666 F 
        drc_bufs25769/A                                       +0    1666   
        drc_bufs25769/Y      BUFX2             1  1.9    2   +33    1699 F 
        g25561/C                                              +0    1699   
        g25561/Y             OAI21X1           3 10.1   79   +40    1740 R 
        g25560/B                                              +0    1740   
        g25560/Y             NAND2X1           1  1.5   14   +29    1769 F 
        drc_bufs25742/A                                       +0    1769   
        drc_bufs25742/Y      BUFX2             1  1.8    2   +33    1802 F 
        g25557/B                                              +0    1802   
        g25557/Y             AND2X1            3  6.7   30   +52    1854 F 
        g25556/A                                              +0    1854   
        g25556/Y             INVX1             2  5.5    0   +19    1872 R 
        g25552/B                                              +0    1872   
        g25552/Y             AOI21X1           1  1.5   16   +21    1893 F 
        drc_bufs25759/A                                       +0    1893   
        drc_bufs25759/Y      BUFX2             1  1.9    2   +34    1927 F 
        g25551/C                                              +0    1927   
        g25551/Y             OAI21X1           3  7.1   46   +31    1958 R 
        g25548/B                                              +0    1958   
        g25548/Y             AOI21X1           1  1.5   15   +32    1990 F 
        drc_bufs25746/A                                       +0    1990   
        drc_bufs25746/Y      BUFX2             1  1.9    2   +33    2023 F 
        g25547/C                                              +0    2023   
        g25547/Y             OAI21X1           3  7.1   46   +31    2054 R 
        g25544/B                                              +0    2054   
        g25544/Y             AOI21X1           1  1.5   15   +32    2086 F 
        drc_bufs25747/A                                       +0    2086   
        drc_bufs25747/Y      BUFX2             1  1.9    2   +33    2119 F 
        g25543/C                                              +0    2119   
        g25543/Y             OAI21X1           3  7.1   46   +31    2150 R 
        g25540/B                                              +0    2150   
        g25540/Y             AOI21X1           1  1.5   15   +32    2182 F 
        drc_bufs25764/A                                       +0    2182   
        drc_bufs25764/Y      BUFX2             1  1.9    2   +33    2216 F 
        g25539/C                                              +0    2216   
        g25539/Y             OAI21X1           3  7.1   46   +31    2247 R 
        g25536/B                                              +0    2247   
        g25536/Y             AOI21X1           1  1.5   15   +32    2278 F 
        drc_bufs25755/A                                       +0    2278   
        drc_bufs25755/Y      BUFX2             1  1.9    2   +33    2312 F 
        g25535/C                                              +0    2312   
        g25535/Y             OAI21X1           3  7.1   46   +31    2343 R 
        g25532/B                                              +0    2343   
        g25532/Y             AOI21X1           1  1.5   15   +32    2375 F 
        drc_bufs25750/A                                       +0    2375   
        drc_bufs25750/Y      BUFX2             1  1.9    2   +33    2408 F 
        g25531/C                                              +0    2408   
        g25531/Y             OAI21X1           3 10.1   61   +40    2449 R 
        g25530/B                                              +0    2449   
        g25530/Y             NAND2X1           1  1.5   16   +25    2474 F 
        drc_bufs25740/A                                       +0    2474   
        drc_bufs25740/Y      BUFX2             1  1.8    2   +34    2507 F 
        g25527/B                                              +0    2507   
        g25527/Y             AND2X1            3  9.8   39   +58    2565 F 
        g25523/B                                              +0    2565   
        g25523/Y             OAI21X1           1  2.0   42   +45    2611 R 
        g25522/C                                              +0    2611   
        g25522/Y             OAI21X1           1  1.9    4   +22    2632 F 
        g25520/A                                              +0    2632   
        g25520/Y             AND2X1            3  6.7   30   +40    2673 F 
        g25516/A                                              +0    2673   
        g25516/Y             INVX1             2  5.5    0   +19    2691 R 
        g25513/B                                              +0    2691   
        g25513/Y             AOI21X1           1  1.5   16   +21    2712 F 
        drc_bufs25767/A                                       +0    2712   
        drc_bufs25767/Y      BUFX2             1  1.9    2   +34    2746 F 
        g25512/C                                              +0    2746   
        g25512/Y             OAI21X1           3  7.1   46   +31    2777 R 
        g25506/B                                              +0    2777   
        g25506/Y             AOI21X1           1  1.5   15   +32    2808 F 
        drc_bufs25765/A                                       +0    2808   
        drc_bufs25765/Y      BUFX2             1  1.9    2   +33    2842 F 
        g25505/C                                              +0    2842   
        g25505/Y             OAI21X1           3  7.1   46   +31    2873 R 
        g25499/B                                              +0    2873   
        g25499/Y             AOI21X1           1  1.5   15   +32    2905 F 
        drc_bufs25763/A                                       +0    2905   
        drc_bufs25763/Y      BUFX2             1  1.9    2   +33    2938 F 
        g25498/C                                              +0    2938   
        g25498/Y             OAI21X1           3  7.1   46   +31    2969 R 
        g25495/B                                              +0    2969   
        g25495/Y             AOI21X1           1  1.5   15   +32    3001 F 
        drc_bufs25762/A                                       +0    3001   
        drc_bufs25762/Y      BUFX2             1  1.9    2   +33    3034 F 
        g25494/C                                              +0    3034   
        g25494/Y             OAI21X1           3  7.1   46   +31    3066 R 
        g25491/B                                              +0    3066   
        g25491/Y             AOI21X1           1  1.5   15   +32    3097 F 
        drc_bufs25745/A                                       +0    3097   
        drc_bufs25745/Y      BUFX2             1  1.9    2   +33    3131 F 
        g25490/C                                              +0    3131   
        g25490/Y             OAI21X1           3  7.1   46   +31    3162 R 
        g25489/A                                              +0    3162   
        g25489/Y             INVX1             3  7.8   26   +37    3199 F 
        g25486/B                                              +0    3199   
        g25486/Y             OAI21X1           1  2.8   46   +45    3244 R 
        g25483/B                                              +0    3244   
        g25483/Y             OAI21X1           1  1.9    5   +23    3267 F 
        g25480/A                                              +0    3267   
        g25480/Y             AND2X1            4  9.0   36   +45    3312 F 
        g25477/A                                              +0    3312   
        g25477/Y             INVX1             3  7.8    8   +28    3341 R 
        g25472/A                                              +0    3341   
        g25472/Y             AND2X1            1  2.8   35   +32    3373 R 
        g25465/B                                              +0    3373   
        g25465/Y             OAI21X1           1  1.9    5   +20    3393 F 
        g25456/C                                              +0    3393   
        g25456/Y             OAI21X1           1  2.8   45   +19    3412 R 
        g25445/B                                              +0    3412   
        g25445/Y             OAI21X1           1  1.9    5   +22    3434 F 
        g25435/A                                              +0    3434   
        g25435/Y             AND2X1            3  8.4   34   +44    3479 F 
        g25423/A                                              +0    3479   
        g25423/Y             OR2X1             3  6.4   19   +50    3529 F 
        g25417/B                                              +0    3529   
        g25417/Y             NOR2X1            1  1.5   23   +28    3557 R 
        drc_bufs25734/A                                       +0    3557   
        drc_bufs25734/Y      BUFX2             1  2.4    8   +34    3591 R 
        g25409/B                                              +0    3591   
        g25409/Y             NOR2X1            1  1.5    0   +10    3601 F 
        drc_bufs25753/A                                       +0    3601   
        drc_bufs25753/Y      BUFX2             1  1.9    0   +30    3631 F 
        g25405/C                                              +0    3631   
        g25405/Y             OAI21X1           4  9.8   75   +39    3670 R 
        g25389/B                                              +0    3670   
        g25389/Y             AOI21X1           1  1.5   14   +39    3709 F 
        drc_bufs25728/A                                       +0    3709   
        drc_bufs25728/Y      BUFX2             1  2.6    3   +34    3743 F 
        g25385/B                                              +0    3743   
        g25385/Y             OAI21X1           1  5.4   56   +48    3791 R 
        g25382/A                                              +0    3791   
        g25382/Y             XOR2X1            1  2.8   46   +41    3832 R 
      add_55_25/Z[39] 
      g169/A                                                  +0    3832   
      g169/Y                 MUX2X1            1  1.5   56   +28    3860 F 
      g168/A                                                  +0    3860   
      g168/Y                 INVX1             1  2.0    0   +17    3877 R 
      countval_reg[39]/D     DFFSR                            +0    3877   
      countval_reg[39]/CLK   setup                       0   +70    3947 R 
- - - - - - - - - - - - - - - - - - - - - - - - - - - - - - - - - - - - - -
(clock clk)                  capture                                5000 R 
                             uncertainty                     -50    4950 R 
---------------------------------------------------------------------------
Cost Group   : 'clk' (path_group 'clk')
Timing slack :    1003ps 
Start-point  : TOP/genblk1[4].genblk1.sng/ctr/countval_reg[4]/CLK
End-point    : TOP/genblk2.stoch2bin/ctr/countval_reg[39]/D
