============================================================
  Generated by:           Encounter(R) RTL Compiler v14.10-s022_1
  Generated on:           Jul 25 2021  01:12:30 pm
  Module:                 ms_serial_by2_mul_synth
  Technology library:     gscl45nm 
  Operating conditions:   typical (balanced_tree)
  Wireload mode:          enclosed
  Area mode:              timing library
============================================================

           Pin                 Type       Fanout Load Slew Delay Arrival   
                                                 (fF) (ps)  (ps)   (ps)    
---------------------------------------------------------------------------
(clock clk_int1)             launch                                    0 R 
TOP
  genblk1[1].genblk1.sng
    ctr
      countval_reg[1]/CLK                                0             0 R 
      countval_reg[1]/Q      DFFSR             1  1.5   10  +115     115 F 
      drc_bufs480/A                                           +0     115   
      drc_bufs480/Y          BUFX2             3 10.0   13   +41     156 F 
    ctr/countval[1] 
    g1424/A                                                   +0     156   
    g1424/Y                  INVX1             2  5.6    0   +13     168 R 
    g1408/A                                                   +0     168   
    g1408/Y                  AOI22X1           1  1.5   34   +30     198 F 
    drc_bufs1452/A                                            +0     198   
    drc_bufs1452/Y           BUFX2             2  3.8    9   +39     237 F 
    g1395/A                                                   +0     237   
    g1395/Y                  NAND2X1           1  1.5   32   +24     261 R 
    drc_bufs1445/A                                            +0     261   
    drc_bufs1445/Y           BUFX2             1  2.7   10   +35     296 R 
    g1386/B                                                   +0     296   
    g1386/Y                  AOI21X1           1  1.5   15   +23     319 F 
    drc_bufs1448/A                                            +0     319   
    drc_bufs1448/Y           BUFX2             1  2.3    3   +34     353 F 
    g1380/B                                                   +0     353   
    g1380/Y                  NOR2X1            1  1.5   25   +25     378 R 
    drc_bufs1441/A                                            +0     378   
    drc_bufs1441/Y           BUFX2             1  3.3   10   +36     413 R 
    g1378/C                                                   +0     413   
    g1378/Y                  NOR3X1            1  2.6   28   +20     433 F 
    g1374/B                                                   +0     433   
    g1374/Y                  OAI21X1           1  2.3   43   +44     477 R 
    g1372/A                                                   +0     477   
    g1372/Y                  AND2X1            3  6.9   53   +45     522 R 
  genblk1[1].genblk1.sng/sn_out[0] 
  g259/B                                                      +0     522   
  g259/Y                     AND2X1            4 12.0   75   +70     592 R 
  g253/C                                                      +0     592   
  g253/Y                     NAND3X1           1  1.5   13   +24     616 F 
  drc_bufs265/A                                               +0     616   
  drc_bufs265/Y              BUFX2             1  1.5    1   +33     648 F 
  g252/A                                                      +0     648   
  g252/Y                     INVX1             1 12.7   28   +32     680 R 
  genblk2.stoch2bin/data_in[11] 
    par_ctr/a[11] 
      p0/a[3] 
        p1/a[3] 
          fa0/cin 
            g2/A                                              +0     680   
            g2/YS            FAX1              1  3.8   26   +86     766 R 
          fa0/s 
          ha0/b 
            g17/B                                             +0     766   
            g17/YS           HAX1              1  4.0   19   +60     826 F 
          ha0/s 
        p1/y[0] 
        g168/A                                                +0     826   
        g168/YC              HAX1              1  8.8   35   +65     890 F 
        g167/B                                                +0     890   
        g167/YC              FAX1              1  7.1   29   +89     979 F 
        g166/C                                                +0     979   
        g166/YS              FAX1              1 12.7   67  +103    1082 R 
      p0/y[2] 
      g234/A                                                  +0    1082   
      g234/YS                FAX1              3  7.9   45  +103    1184 R 
    par_ctr/y[2] 
    ctr/data_in[2] 
      add_55_25/B[2] 
        g14245/B                                              +0    1184   
        g14245/YC            HAX1              1  2.4   21   +44    1229 R 
        g14196/C                                              +0    1229   
        g14196/Y             AOI21X1           1  1.5   15   +13    1242 F 
        drc_bufs14382/A                                       +0    1242   
        drc_bufs14382/Y      BUFX2             1  1.9    2   +33    1275 F 
        g14195/C                                              +0    1275   
        g14195/Y             OAI21X1           3  7.1   65   +31    1306 R 
        g14190/B                                              +0    1306   
        g14190/Y             AOI21X1           1  1.5   14   +36    1343 F 
        drc_bufs14381/A                                       +0    1343   
        drc_bufs14381/Y      BUFX2             1  1.9    2   +33    1376 F 
        g14189/C                                              +0    1376   
        g14189/Y             OAI21X1           3  7.1   65   +31    1407 R 
        g14186/B                                              +0    1407   
        g14186/Y             AOI21X1           1  1.5   14   +36    1443 F 
        drc_bufs14384/A                                       +0    1443   
        drc_bufs14384/Y      BUFX2             1  1.9    2   +33    1476 F 
        g14185/C                                              +0    1476   
        g14185/Y             OAI21X1           3  7.1   65   +31    1508 R 
        g14181/B                                              +0    1508   
        g14181/Y             AOI21X1           1  1.5   14   +36    1544 F 
        drc_bufs14358/A                                       +0    1544   
        drc_bufs14358/Y      BUFX2             1  1.9    2   +33    1577 F 
        g14180/C                                              +0    1577   
        g14180/Y             OAI21X1           3  7.1   46   +31    1608 R 
        g14177/B                                              +0    1608   
        g14177/Y             AOI21X1           1  1.5   15   +32    1640 F 
        drc_bufs14359/A                                       +0    1640   
        drc_bufs14359/Y      BUFX2             1  1.9    2   +33    1673 F 
        g14176/C                                              +0    1673   
        g14176/Y             OAI21X1           3  7.1   46   +31    1704 R 
        g14173/B                                              +0    1704   
        g14173/Y             AOI21X1           1  1.5   15   +32    1736 F 
        drc_bufs14360/A                                       +0    1736   
        drc_bufs14360/Y      BUFX2             1  1.9    2   +33    1770 F 
        g14172/C                                              +0    1770   
        g14172/Y             OAI21X1           3  7.1   46   +31    1801 R 
        g14169/B                                              +0    1801   
        g14169/Y             AOI21X1           1  1.5   15   +32    1832 F 
        drc_bufs14361/A                                       +0    1832   
        drc_bufs14361/Y      BUFX2             1  1.9    2   +33    1866 F 
        g14168/C                                              +0    1866   
        g14168/Y             OAI21X1           3  7.1   46   +31    1897 R 
        g14165/B                                              +0    1897   
        g14165/Y             AOI21X1           1  1.5   15   +32    1929 F 
        drc_bufs14362/A                                       +0    1929   
        drc_bufs14362/Y      BUFX2             1  1.9    2   +33    1962 F 
        g14164/C                                              +0    1962   
        g14164/Y             OAI21X1           3  7.1   46   +31    1993 R 
        g14161/B                                              +0    1993   
        g14161/Y             AOI21X1           1  1.5   15   +32    2025 F 
        drc_bufs14363/A                                       +0    2025   
        drc_bufs14363/Y      BUFX2             1  1.9    2   +33    2058 F 
        g14160/C                                              +0    2058   
        g14160/Y             OAI21X1           3  7.1   46   +31    2090 R 
        g14157/B                                              +0    2090   
        g14157/Y             AOI21X1           1  1.5   15   +32    2121 F 
        drc_bufs14379/A                                       +0    2121   
        drc_bufs14379/Y      BUFX2             1  1.9    2   +33    2155 F 
        g14156/C                                              +0    2155   
        g14156/Y             OAI21X1           3  7.1   46   +31    2186 R 
        g14153/B                                              +0    2186   
        g14153/Y             AOI21X1           1  1.5   15   +32    2218 F 
        drc_bufs14369/A                                       +0    2218   
        drc_bufs14369/Y      BUFX2             1  1.9    2   +33    2251 F 
        g14152/C                                              +0    2251   
        g14152/Y             OAI21X1           3  7.1   46   +31    2282 R 
        g14149/B                                              +0    2282   
        g14149/Y             AOI21X1           1  1.5   15   +32    2314 F 
        drc_bufs14366/A                                       +0    2314   
        drc_bufs14366/Y      BUFX2             1  1.9    2   +33    2347 F 
        g14148/C                                              +0    2347   
        g14148/Y             OAI21X1           3  7.1   46   +31    2378 R 
        g14145/B                                              +0    2378   
        g14145/Y             AOI21X1           1  1.5   15   +32    2410 F 
        drc_bufs14365/A                                       +0    2410   
        drc_bufs14365/Y      BUFX2             1  1.9    2   +33    2444 F 
        g14144/C                                              +0    2444   
        g14144/Y             OAI21X1           3  7.1   46   +31    2475 R 
        g14141/B                                              +0    2475   
        g14141/Y             AOI21X1           1  1.5   15   +32    2507 F 
        drc_bufs14376/A                                       +0    2507   
        drc_bufs14376/Y      BUFX2             1  1.9    2   +33    2540 F 
        g14140/C                                              +0    2540   
        g14140/Y             OAI21X1           3  7.1   46   +31    2571 R 
        g14137/B                                              +0    2571   
        g14137/Y             AOI21X1           1  1.5   15   +32    2603 F 
        drc_bufs14368/A                                       +0    2603   
        drc_bufs14368/Y      BUFX2             1  1.9    2   +33    2636 F 
        g14136/C                                              +0    2636   
        g14136/Y             OAI21X1           3  7.1   46   +31    2667 R 
        g14133/B                                              +0    2667   
        g14133/Y             AOI21X1           1  1.5   15   +32    2699 F 
        drc_bufs14383/A                                       +0    2699   
        drc_bufs14383/Y      BUFX2             1  1.9    2   +33    2733 F 
        g14132/C                                              +0    2733   
        g14132/Y             OAI21X1           3  7.1   46   +31    2764 R 
        g14129/B                                              +0    2764   
        g14129/Y             AOI21X1           1  1.5   15   +32    2796 F 
        drc_bufs14385/A                                       +0    2796   
        drc_bufs14385/Y      BUFX2             1  1.9    2   +33    2829 F 
        g14128/C                                              +0    2829   
        g14128/Y             OAI21X1           3  7.1   46   +31    2860 R 
        g14125/B                                              +0    2860   
        g14125/Y             AOI21X1           1  1.5   15   +32    2892 F 
        drc_bufs14372/A                                       +0    2892   
        drc_bufs14372/Y      BUFX2             1  1.9    2   +33    2925 F 
        g14124/C                                              +0    2925   
        g14124/Y             OAI21X1           3  7.1   46   +31    2956 R 
        g14121/B                                              +0    2956   
        g14121/Y             AOI21X1           1  1.5   15   +32    2988 F 
        drc_bufs14373/A                                       +0    2988   
        drc_bufs14373/Y      BUFX2             1  1.9    2   +33    3022 F 
        g14120/C                                              +0    3022   
        g14120/Y             OAI21X1           3 10.1   61   +40    3062 R 
        g14119/B                                              +0    3062   
        g14119/Y             NAND2X1           1  1.5   16   +25    3087 F 
        drc_bufs14357/A                                       +0    3087   
        drc_bufs14357/Y      BUFX2             1  1.8    2   +34    3121 F 
        g14116/B                                              +0    3121   
        g14116/Y             AND2X1            3  8.7   36   +56    3176 F 
        g14115/A                                              +0    3176   
        g14115/Y             INVX1             1  2.0    0    +9    3186 R 
        g14114/C                                              +0    3186   
        g14114/Y             OAI21X1           1  1.9    1   +10    3196 F 
        g14110/A                                              +0    3196   
        g14110/Y             AND2X1            2  3.8   22   +34    3230 F 
        g14107/A                                              +0    3230   
        g14107/Y             OR2X1             1  1.9   12   +40    3270 F 
        g14106/C                                              +0    3270   
        g14106/Y             OAI21X1           1  2.8   45   +21    3291 R 
        g14092/B                                              +0    3291   
        g14092/Y             OAI21X1           1  1.9    5   +23    3314 F 
        g14086/A                                              +0    3314   
        g14086/Y             AND2X1            3  6.7   30   +41    3354 F 
        g14085/A                                              +0    3354   
        g14085/Y             INVX1             3  7.5    6   +25    3379 R 
        g14083/C                                              +0    3379   
        g14083/Y             OAI21X1           1  1.9    1   +12    3391 F 
        g14076/A                                              +0    3391   
        g14076/Y             AND2X1            2  5.8   27   +38    3429 F 
        g14075/C                                              +0    3429   
        g14075/Y             NOR3X1            1  2.5   53   +28    3458 R 
        g14063/A                                              +0    3458   
        g14063/Y             OR2X1             4  9.8   55   +63    3520 R 
        g14048/B                                              +0    3520   
        g14048/Y             AOI21X1           1  1.5   15   +34    3554 F 
        drc_bufs14349/A                                       +0    3554   
        drc_bufs14349/Y      BUFX2             1  2.6    3   +34    3588 F 
        g14039/B                                              +0    3588   
        g14039/Y             OAI21X1           1  5.4   57   +48    3637 R 
        g14033/A                                              +0    3637   
        g14033/Y             XOR2X1            1  2.8   46   +41    3678 R 
      add_55_25/Z[38] 
      g161/A                                                  +0    3678   
      g161/Y                 MUX2X1            1  1.5   54   +28    3706 F 
      g160/A                                                  +0    3706   
      g160/Y                 INVX1             1  2.0    0   +16    3722 R 
      countval_reg[38]/D     DFFSR                            +0    3722   
      countval_reg[38]/CLK   setup                       0   +70    3792 R 
- - - - - - - - - - - - - - - - - - - - - - - - - - - - - - - - - - - - - -
(clock clk)                  capture                                5000 R 
                             uncertainty                     -50    4950 R 
---------------------------------------------------------------------------
Cost Group   : 'clk' (path_group 'clk')
Timing slack :    1158ps 
Start-point  : TOP/genblk1[1].genblk1.sng/ctr/countval_reg[1]/CLK
End-point    : TOP/genblk2.stoch2bin/ctr/countval_reg[38]/D
