============================================================
  Generated by:           Encounter(R) RTL Compiler v14.10-s022_1
  Generated on:           Jul 25 2021  01:42:28 pm
  Module:                 ms_serial_by4_mul_synth
  Technology library:     gscl45nm 
  Operating conditions:   typical (balanced_tree)
  Wireload mode:          enclosed
  Area mode:              timing library
============================================================

           Pin                 Type       Fanout Load Slew Delay Arrival   
                                                 (fF) (ps)  (ps)   (ps)    
---------------------------------------------------------------------------
(clock clk_int2)             launch                                    0 R 
TOP
  genblk1[2].genblk1.sng
    ctr
      countval_reg[3]/CLK                                0             0 R 
      countval_reg[3]/Q      DFFSR             1  1.5   10  +115     115 F 
      drc_bufs198/A                                           +0     115   
      drc_bufs198/Y          BUFX2             3  7.5    9   +38     153 F 
    ctr/countval[3] 
    g296/A                                                    +0     153   
    g296/Y                   INVX1             2  5.4    0   +11     164 R 
    g287/A                                                    +0     164   
    g287/Y                   OR2X1             2  5.8   40   +50     214 R 
    g281/B                                                    +0     214   
    g281/Y                   AOI22X1           1  1.5   34   +33     247 F 
    drc_bufs301/A                                             +0     247   
    drc_bufs301/Y            BUFX2             1  2.6    7   +38     285 F 
    g280/B                                                    +0     285   
    g280/Y                   OAI21X1           1  2.8   44   +41     326 R 
    g279/A                                                    +0     326   
    g279/Y                   AOI22X1           1  1.5   34   +38     364 F 
    drc_bufs305/A                                             +0     364   
    drc_bufs305/Y            BUFX2             2  3.4    8   +39     403 F 
    drc_bufs299/A                                             +0     403   
    drc_bufs299/Y            INVX1             2  4.6    0    +8     411 R 
  genblk1[2].genblk1.sng/sn_out[1] 
  g185/B                                                      +0     411   
  g185/Y                     AND2X1            2  4.6   46   +51     461 R 
  g182/B                                                      +0     461   
  g182/Y                     AND2X1            1 12.7   79   +72     534 R 
  genblk2.stoch2bin/data_in[3] 
    par_ctr/a[3] 
      p1/a[3] 
        fa0/cin 
          g2/A                                                +0     534   
          g2/YS              FAX1              1  3.4   12   +94     628 F 
        fa0/s 
        ha0/b 
          g17/B                                               +0     628   
          g17/YS             HAX1              1  4.0   19   +59     686 F 
        ha0/s 
      p1/y[0] 
      g168/A                                                  +0     686   
      g168/YC                HAX1              1 10.9   41   +69     755 F 
      g167/A                                                  +0     755   
      g167/YC                FAX1              1  7.1   29   +92     847 F 
      g166/C                                                  +0     847   
      g166/YS                FAX1              2 11.1   34   +97     944 F 
    par_ctr/y[2] 
    ctr/data_in[2] 
      add_55_25/B[2] 
        g425/B                                                +0     944   
        g425/YC              FAX1              1  7.1   29   +88    1032 F 
        g424/C                                                +0    1032   
        g424/YC              FAX1              1  7.1   29   +82    1114 F 
        g423/C                                                +0    1114   
        g423/YC              FAX1              1  7.1   26   +82    1196 F 
        g422/C                                                +0    1196   
        g422/YC              FAX1              1  7.1   27   +81    1277 F 
        g421/C                                                +0    1277   
        g421/YC              FAX1              1  7.1   27   +81    1358 F 
        g420/C                                                +0    1358   
        g420/YC              FAX1              1  7.1   27   +81    1439 F 
        g419/C                                                +0    1439   
        g419/YC              FAX1              1  7.1   27   +81    1520 F 
        g418/C                                                +0    1520   
        g418/YC              FAX1              1  7.1   27   +81    1602 F 
        g417/C                                                +0    1602   
        g417/YC              FAX1              1  7.1   27   +81    1683 F 
        g416/C                                                +0    1683   
        g416/YC              FAX1              1  7.1   27   +81    1764 F 
        g415/C                                                +0    1764   
        g415/YC              FAX1              1  7.1   27   +81    1845 F 
        g414/C                                                +0    1845   
        g414/YC              FAX1              1  7.1   27   +81    1926 F 
        g413/C                                                +0    1926   
        g413/YC              FAX1              1  7.1   27   +81    2008 F 
        g412/C                                                +0    2008   
        g412/YC              FAX1              1  7.1   27   +81    2089 F 
        g411/C                                                +0    2089   
        g411/YC              FAX1              1 10.9   37   +89    2178 F 
        g2/A                                                  +0    2178   
        g2/YS                FAX1              1  2.8   21   +84    2262 R 
      add_55_25/Z[17] 
      g67/A                                                   +0    2262   
      g67/Y                  MUX2X1            1  1.5   17   +23    2284 F 
      g66/A                                                   +0    2284   
      g66/Y                  INVX1             1  2.0    0    +3    2287 R 
      countval_reg[17]/D     DFFSR                            +0    2287   
      countval_reg[17]/CLK   setup                       0   +70    2358 R 
- - - - - - - - - - - - - - - - - - - - - - - - - - - - - - - - - - - - - -
(clock clk)                  capture                                5000 R 
                             uncertainty                     -50    4950 R 
---------------------------------------------------------------------------
Cost Group   : 'clk' (path_group 'clk')
Timing slack :    2592ps 
Start-point  : TOP/genblk1[2].genblk1.sng/ctr/countval_reg[3]/CLK
End-point    : TOP/genblk2.stoch2bin/ctr/countval_reg[17]/D
