============================================================
  Generated by:           Encounter(R) RTL Compiler v14.10-s022_1
  Generated on:           Jul 25 2021  01:42:08 pm
  Module:                 ms_serial_by4_mul_synth
  Technology library:     gscl45nm 
  Operating conditions:   typical (balanced_tree)
  Wireload mode:          enclosed
  Area mode:              timing library
============================================================

         Instance           Cells  Cell Area  Net Area  Total Area  Wireload     
---------------------------------------------------------------------------------
ms_serial_by4_mul_synth       164        678         0         678    <none> (D) 
  TOP                         164        678         0         678    <none> (D) 
    genblk2.stoch2bin          73        384         0         384    <none> (D) 
      ctr                      61        318         0         318    <none> (D) 
      par_ctr                   9         59         0          59    <none> (D) 
        p1                      3         18         0          18    <none> (D) 
          fa0                   1          9         0           9    <none> (D) 
          ha1                   1          5         0           5    <none> (D) 
          ha0                   1          5         0           5    <none> (D) 
        p0                      3         18         0          18    <none> (D) 
          fa0                   1          9         0           9    <none> (D) 
          ha1                   1          5         0           5    <none> (D) 
          ha0                   1          5         0           5    <none> (D) 
    genblk1[2].genblk1.sng     27         90         0          90    <none> (D) 
      ctr                      13         59         0          59    <none> (D) 
    genblk1[1].genblk1.sng     26         88         0          88    <none> (D) 
      ctr                      12         57         0          57    <none> (D) 
    genblk1[0].genblk1.sng     26         88         0          88    <none> (D) 
      ctr                      12         57         0          57    <none> (D) 

 (D) = wireload is default in technology library
