============================================================
  Generated by:           Encounter(R) RTL Compiler v14.10-s022_1
  Generated on:           Jul 25 2021  01:13:45 pm
  Module:                 ms_serial_by2_mul_synth
  Technology library:     gscl45nm 
  Operating conditions:   typical (balanced_tree)
  Wireload mode:          enclosed
  Area mode:              timing library
============================================================

           Pin                 Type       Fanout Load Slew Delay Arrival   
                                                 (fF) (ps)  (ps)   (ps)    
---------------------------------------------------------------------------
(clock clk_int1)             launch                                    0 R 
TOP
  genblk1[1].genblk1.sng
    ctr
      countval_reg[4]/CLK                                0             0 R 
      countval_reg[4]/Q      DFFSR             1  1.5   10  +115     115 F 
      drc_bufs318/A                                           +0     115   
      drc_bufs318/Y          BUFX2             4 10.3   13   +41     156 F 
    ctr/countval[4] 
    g477/A                                                    +0     156   
    g477/Y                   INVX1             2  4.8    0   +10     166 R 
    g471/A                                                    +0     166   
    g471/Y                   OR2X1             2  4.8   35   +46     213 R 
    g467/C                                                    +0     213   
    g467/Y                   OAI21X1           3  7.1   18   +28     240 F 
    g462/B                                                    +0     240   
    g462/Y                   OR2X1             2  5.0   20   +55     295 F 
    g458/B                                                    +0     295   
    g458/Y                   NOR3X1            1  3.1   54   +43     338 R 
    g454/B                                                    +0     338   
    g454/Y                   NOR3X1            1  2.6   28   +38     376 F 
    g453/B                                                    +0     376   
    g453/Y                   OAI21X1           6 13.5   95   +80     456 R 
    g452/A                                                    +0     456   
    g452/Y                   OR2X1             5 11.3   59   +68     524 R 
  genblk1[1].genblk1.sng/sn_out[0] 
  g556/B                                                      +0     524   
  g556/Y                     AND2X1            5 11.7   73   +68     592 R 
  g550/B                                                      +0     592   
  g550/Y                     AND2X1            4  9.2   60   +60     652 R 
  g514/A                                                      +0     652   
  g514/Y                     AND2X1            1 12.7   80   +63     714 R 
  genblk2.stoch2bin/data_in[19] 
    par_ctr/a[19] 
      p0/a[3] 
        p1/a[3] 
          p1/a[3] 
            fa0/cin 
              g2/A                                            +0     714   
              g2/YS          FAX1              1  3.4   12   +94     808 F 
            fa0/s 
            ha0/b 
              g17/B                                           +0     808   
              g17/YS         HAX1              1  4.0   19   +59     867 F 
            ha0/s 
          p1/y[0] 
          g168/A                                              +0     867   
          g168/YC            HAX1              1  8.8   35   +65     932 F 
          g167/B                                              +0     932   
          g167/YC            FAX1              1  7.1   29   +89    1020 F 
          g166/C                                              +0    1020   
          g166/YS            FAX1              1 10.3   56   +95    1115 R 
        p1/y[2] 
        g236/B                                                +0    1115   
        g236/YS              FAX1              1 12.7   67  +110    1225 R 
      p0/y[2] 
      g288/A                                                  +0    1225   
      g288/YS                FAX1              3  7.9   45  +103    1328 R 
    par_ctr/y[2] 
    ctr/data_in[2] 
      add_55_25/B[2] 
        g18087/B                                              +0    1328   
        g18087/YC            HAX1              1  2.4   21   +44    1372 R 
        g18041/C                                              +0    1372   
        g18041/Y             AOI21X1           1  1.5   15   +13    1385 F 
        drc_bufs18199/A                                       +0    1385   
        drc_bufs18199/Y      BUFX2             1  1.9    2   +33    1419 F 
        g18040/C                                              +0    1419   
        g18040/Y             OAI21X1           3 10.4   81   +41    1460 R 
        g18037/B                                              +0    1460   
        g18037/Y             NAND2X1           1  1.5   14   +30    1490 F 
        drc_bufs18174/A                                       +0    1490   
        drc_bufs18174/Y      BUFX2             1  1.8    2   +33    1523 F 
        g18033/B                                              +0    1523   
        g18033/Y             AND2X1            3  6.7   30   +52    1574 F 
        g18032/A                                              +0    1574   
        g18032/Y             INVX1             2  5.5    0   +19    1593 R 
        g18028/B                                              +0    1593   
        g18028/Y             AOI21X1           1  1.5   16   +21    1614 F 
        drc_bufs18194/A                                       +0    1614   
        drc_bufs18194/Y      BUFX2             1  1.9    2   +34    1647 F 
        g18027/C                                              +0    1647   
        g18027/Y             OAI21X1           3 10.1   79   +40    1688 R 
        g18026/B                                              +0    1688   
        g18026/Y             NAND2X1           1  1.5   14   +29    1717 F 
        drc_bufs18172/A                                       +0    1717   
        drc_bufs18172/Y      BUFX2             1  1.8    2   +33    1750 F 
        g18023/B                                              +0    1750   
        g18023/Y             AND2X1            3  6.7   30   +52    1802 F 
        g18022/A                                              +0    1802   
        g18022/Y             INVX1             2  5.5    0   +19    1821 R 
        g18018/B                                              +0    1821   
        g18018/Y             AOI21X1           1  1.5   16   +21    1841 F 
        drc_bufs18177/A                                       +0    1841   
        drc_bufs18177/Y      BUFX2             1  1.9    2   +34    1875 F 
        g18017/C                                              +0    1875   
        g18017/Y             OAI21X1           3  7.1   46   +31    1906 R 
        g18014/B                                              +0    1906   
        g18014/Y             AOI21X1           1  1.5   15   +32    1938 F 
        drc_bufs18178/A                                       +0    1938   
        drc_bufs18178/Y      BUFX2             1  1.9    2   +33    1971 F 
        g18013/C                                              +0    1971   
        g18013/Y             OAI21X1           3  7.1   46   +31    2002 R 
        g18010/B                                              +0    2002   
        g18010/Y             AOI21X1           1  1.5   15   +32    2034 F 
        drc_bufs18179/A                                       +0    2034   
        drc_bufs18179/Y      BUFX2             1  1.9    2   +33    2068 F 
        g18009/C                                              +0    2068   
        g18009/Y             OAI21X1           3  7.1   46   +31    2099 R 
        g18006/B                                              +0    2099   
        g18006/Y             AOI21X1           1  1.5   15   +32    2130 F 
        drc_bufs18180/A                                       +0    2130   
        drc_bufs18180/Y      BUFX2             1  1.9    2   +33    2164 F 
        g18005/C                                              +0    2164   
        g18005/Y             OAI21X1           3  7.1   46   +31    2195 R 
        g18002/B                                              +0    2195   
        g18002/Y             AOI21X1           1  1.5   15   +32    2227 F 
        drc_bufs18181/A                                       +0    2227   
        drc_bufs18181/Y      BUFX2             1  1.9    2   +33    2260 F 
        g18001/C                                              +0    2260   
        g18001/Y             OAI21X1           3  7.1   46   +31    2291 R 
        g17998/B                                              +0    2291   
        g17998/Y             AOI21X1           1  1.5   15   +32    2323 F 
        drc_bufs18182/A                                       +0    2323   
        drc_bufs18182/Y      BUFX2             1  1.9    2   +33    2356 F 
        g17997/C                                              +0    2356   
        g17997/Y             OAI21X1           3  7.1   46   +31    2388 R 
        g17994/B                                              +0    2388   
        g17994/Y             AOI21X1           1  1.5   15   +32    2419 F 
        drc_bufs18192/A                                       +0    2419   
        drc_bufs18192/Y      BUFX2             1  1.9    2   +33    2453 F 
        g17993/C                                              +0    2453   
        g17993/Y             OAI21X1           3  7.1   46   +31    2484 R 
        g17990/B                                              +0    2484   
        g17990/Y             AOI21X1           1  1.5   15   +32    2516 F 
        drc_bufs18184/A                                       +0    2516   
        drc_bufs18184/Y      BUFX2             1  1.9    2   +33    2549 F 
        g17989/C                                              +0    2549   
        g17989/Y             OAI21X1           3  7.1   46   +31    2580 R 
        g17986/B                                              +0    2580   
        g17986/Y             AOI21X1           1  1.5   15   +32    2612 F 
        drc_bufs18190/A                                       +0    2612   
        drc_bufs18190/Y      BUFX2             1  1.9    2   +33    2645 F 
        g17985/C                                              +0    2645   
        g17985/Y             OAI21X1           3  7.1   46   +31    2676 R 
        g17982/B                                              +0    2676   
        g17982/Y             AOI21X1           1  1.5   15   +32    2708 F 
        drc_bufs18196/A                                       +0    2708   
        drc_bufs18196/Y      BUFX2             1  1.9    2   +33    2742 F 
        g17981/C                                              +0    2742   
        g17981/Y             OAI21X1           3  7.1   46   +31    2773 R 
        g17978/B                                              +0    2773   
        g17978/Y             AOI21X1           1  1.5   15   +32    2804 F 
        drc_bufs18186/A                                       +0    2804   
        drc_bufs18186/Y      BUFX2             1  1.9    2   +33    2838 F 
        g17977/C                                              +0    2838   
        g17977/Y             OAI21X1           3  7.1   46   +31    2869 R 
        g17974/B                                              +0    2869   
        g17974/Y             AOI21X1           1  1.5   15   +32    2901 F 
        drc_bufs18198/A                                       +0    2901   
        drc_bufs18198/Y      BUFX2             1  1.9    2   +33    2934 F 
        g17973/C                                              +0    2934   
        g17973/Y             OAI21X1           3  7.1   46   +31    2965 R 
        g17970/B                                              +0    2965   
        g17970/Y             AOI21X1           1  1.5   15   +32    2997 F 
        drc_bufs18176/A                                       +0    2997   
        drc_bufs18176/Y      BUFX2             1  1.9    2   +33    3030 F 
        g17969/C                                              +0    3030   
        g17969/Y             OAI21X1           3 10.1   61   +40    3071 R 
        g17968/B                                              +0    3071   
        g17968/Y             NAND2X1           1  1.5   16   +25    3096 F 
        drc_bufs18171/A                                       +0    3096   
        drc_bufs18171/Y      BUFX2             1  1.8    2   +34    3130 F 
        g17965/B                                              +0    3130   
        g17965/Y             AND2X1            4  9.9   39   +58    3188 F 
        g17963/C                                              +0    3188   
        g17963/Y             NOR3X1            1  3.3   56   +34    3221 R 
        g17958/C                                              +0    3221   
        g17958/Y             NOR3X1            4  9.3   46   +46    3268 F 
        g17952/B                                              +0    3268   
        g17952/Y             OAI21X1           1  2.0   42   +47    3315 R 
        g17951/C                                              +0    3315   
        g17951/Y             OAI21X1           1  1.9    4   +22    3336 F 
        g17947/A                                              +0    3336   
        g17947/Y             AND2X1            3  8.7   35   +45    3381 F 
        g17946/A                                              +0    3381   
        g17946/Y             INVX1             1  2.0    0    +9    3390 R 
        g17940/C                                              +0    3390   
        g17940/Y             OAI21X1           1  1.9    1   +10    3400 F 
        g17934/A                                              +0    3400   
        g17934/Y             AND2X1            1  2.6   18   +31    3432 F 
        g17931/B                                              +0    3432   
        g17931/Y             OAI21X1           2  3.9   51   +47    3478 R 
        g17924/A                                              +0    3478   
        g17924/Y             AND2X1            2  4.0   22   +36    3514 R 
        g17921/A                                              +0    3514   
        g17921/Y             INVX1             2  4.9   19   +25    3539 F 
        g17918/B                                              +0    3539   
        g17918/Y             NOR2X1            1  1.5   23   +28    3567 R 
        drc_bufs18169/A                                       +0    3567   
        drc_bufs18169/Y      BUFX2             1  2.4    8   +34    3601 R 
        g17911/B                                              +0    3601   
        g17911/Y             NOR2X1            1  1.5    0   +10    3610 F 
        drc_bufs18185/A                                       +0    3610   
        drc_bufs18185/Y      BUFX2             1  1.9    0   +30    3641 F 
        g17909/C                                              +0    3641   
        g17909/Y             OAI21X1           3  7.1   63   +30    3671 R 
        g17908/A                                              +0    3671   
        g17908/Y             INVX1             3  7.5   24   +41    3712 F 
        g17904/A                                              +0    3712   
        g17904/Y             OR2X1             1  2.6   13   +42    3754 F 
        g17897/B                                              +0    3754   
        g17897/Y             OAI21X1           1  5.4   56   +51    3804 R 
        g17895/A                                              +0    3804   
        g17895/Y             XOR2X1            1  2.8   46   +41    3845 R 
      add_55_25/Z[34] 
      g138/A                                                  +0    3845   
      g138/Y                 MUX2X1            1  1.5   46   +28    3873 F 
      g137/A                                                  +0    3873   
      g137/Y                 INVX1             1  2.0    0   +13    3886 R 
      countval_reg[34]/D     DFFSR                            +0    3886   
      countval_reg[34]/CLK   setup                       0   +70    3957 R 
- - - - - - - - - - - - - - - - - - - - - - - - - - - - - - - - - - - - - -
(clock clk)                  capture                                5000 R 
                             uncertainty                     -50    4950 R 
---------------------------------------------------------------------------
Cost Group   : 'clk' (path_group 'clk')
Timing slack :     993ps 
Start-point  : TOP/genblk1[1].genblk1.sng/ctr/countval_reg[4]/CLK
End-point    : TOP/genblk2.stoch2bin/ctr/countval_reg[34]/D
