============================================================
  Generated by:           Encounter(R) RTL Compiler v14.10-s022_1
  Generated on:           Jul 25 2021  01:08:38 pm
  Module:                 ms_serial_by2_mul_synth
  Technology library:     gscl45nm 
  Operating conditions:   typical (balanced_tree)
  Wireload mode:          enclosed
  Area mode:              timing library
============================================================

         Instance           Cells  Cell Area  Net Area  Total Area  Wireload     
---------------------------------------------------------------------------------
ms_serial_by2_mul_synth       249        981         0         981    <none> (D) 
  TOP                         249        981         0         981    <none> (D) 
    genblk2.stoch2bin          86        448         0         448    <none> (D) 
      ctr                      81        425         0         425    <none> (D) 
        add_55_25              16        138         0         138    <none> (D) 
      par_ctr                   3         18         0          18    <none> (D) 
        fa0                     1          9         0           9    <none> (D) 
        ha1                     1          5         0           5    <none> (D) 
        ha0                     1          5         0           5    <none> (D) 
    genblk1[1].genblk1.sng     84        271         0         271    <none> (D) 
      ctr                      46        187         0         187    <none> (D) 
    genblk1[0].genblk1.sng     75        253         0         253    <none> (D) 
      ctr                      37        169         0         169    <none> (D) 

 (D) = wireload is default in technology library
