============================================================
  Generated by:           Encounter(R) RTL Compiler v14.10-s022_1
  Generated on:           Jul 25 2021  01:47:24 pm
  Module:                 ms_serial_by4_mul_synth
  Technology library:     gscl45nm 
  Operating conditions:   typical (balanced_tree)
  Wireload mode:          enclosed
  Area mode:              timing library
============================================================

                                  Leakage    Dynamic      Total    
         Instance          Cells Power(nW)  Power(nW)   Power(nW)  
-------------------------------------------------------------------
ms_serial_by4_mul_synth     1307 28922.933 1327273.721 1356196.654 
  TOP                       1307 28922.933 1284754.397 1313677.330 
    genblk2.stoch2bin        709 16337.608  597644.333  613981.942 
      ctr                    654 14152.879  543511.653  557664.532 
        add_55_25            449  6569.552   80232.696   86802.248 
      par_ctr                 49  2113.463   40991.418   43104.881 
        p0                    22   954.528   20032.743   20987.271 
          p0                   9   394.666    9355.445    9750.111 
            p0                 3   134.340    3985.601    4119.941 
              ha0              1    47.565     728.019     775.584 
              ha1              1    47.565    1238.083    1285.648 
              fa0              1    39.210    2019.499    2058.709 
            p1                 3   134.340    3850.005    3984.346 
              ha0              1    47.565     727.689     775.254 
              ha1              1    47.565    1103.354    1150.919 
              fa0              1    39.210    2018.962    2058.173 
          p1                   9   394.666    9104.599    9499.265 
            p0                 3   134.340    3935.945    4070.285 
              ha0              1    47.565     718.919     766.484 
              ha1              1    47.565    1222.771    1270.336 
              fa0              1    39.210    1994.255    2033.465 
            p1                 3   134.340    3802.025    3936.366 
              ha0              1    47.565     718.592     766.157 
              ha1              1    47.565    1089.708    1137.273 
              fa0              1    39.210    1993.725    2032.936 
        p1                    22   954.528   19601.920   20556.448 
          p0                   9   394.666    9216.624    9611.290 
            p0                 3   134.340    3923.309    4057.649 
              ha0              1    47.565     718.919     766.484 
              ha1              1    47.565    1222.771    1270.336 
              fa0              1    39.210    1981.619    2020.830 
            p1                 3   134.340    3791.809    3926.149 
              ha0              1    47.565     718.592     766.157 
              ha1              1    47.565    1089.708    1137.273 
              fa0              1    39.210    1983.509    2022.719 
          p1                   9   394.666    8969.128    9363.795 
            p0                 3   134.340    3742.397    3876.737 
              ha0              1    47.565     709.819     757.384 
              ha1              1    47.565    1076.061    1123.626 
              fa0              1    39.210    1956.517    1995.727 
            p1                 3   134.340    3876.713    4011.053 
              ha0              1    47.565     709.496     757.061 
              ha1              1    47.565    1209.127    1256.692 
              fa0              1    39.210    1958.089    1997.300 
    genblk1[4].genblk1.sng   109  2379.613  117774.794  120154.407 
      ctr                     51  1763.425   88216.315   89979.741 
    genblk1[1].genblk1.sng   109  2355.904  131452.682  133808.586 
      ctr                     50  1743.672  101030.971  102774.643 
    genblk1[2].genblk1.sng   109  2355.904  130029.940  132385.844 
      ctr                     50  1743.672  101298.062  103041.734 
    genblk1[3].genblk1.sng   106  2342.791  127078.594  129421.385 
      ctr                     50  1743.672   99416.086  101159.757 
    genblk1[0].genblk1.sng   100  2293.915  130538.989  132832.904 
      ctr                     42  1677.726  100312.905  101990.632 

