============================================================
  Generated by:           Encounter(R) RTL Compiler v14.10-s022_1
  Generated on:           Jul 25 2021  01:09:36 pm
  Module:                 ms_serial_by2_mul_synth
  Technology library:     gscl45nm 
  Operating conditions:   typical (balanced_tree)
  Wireload mode:          enclosed
  Area mode:              timing library
============================================================

           Pin                 Type       Fanout Load Slew Delay Arrival   
                                                 (fF) (ps)  (ps)   (ps)    
---------------------------------------------------------------------------
(clock clk_int2)             launch                                    0 R 
TOP
  genblk1[2].genblk1.sng
    ctr
      countval_reg[4]/CLK                                0             0 R 
      countval_reg[4]/Q      DFFSR             1  1.5   10  +109     109 R 
      drc_bufs183/A                                           +0     109   
      drc_bufs183/Y          BUFX2             4 12.6   31   +49     158 R 
    ctr/countval[4] 
    g291/A                                                    +0     158   
    g291/Y                   INVX1             1  2.3   11   +22     179 F 
    g289/A                                                    +0     179   
    g289/Y                   OR2X1             2  4.5   19   +45     224 F 
    g286/B                                                    +0     224   
    g286/Y                   NAND3X1           1  1.5   34   +33     256 R 
    drc_bufs/A                                                +0     256   
    drc_bufs/Y               BUFX2             1  2.3    9   +35     291 R 
    g283/A                                                    +0     291   
    g283/Y                   AND2X1            1  2.0   31   +30     321 R 
    g280/C                                                    +0     321   
    g280/Y                   OAI21X1           1  2.2    5   +19     340 F 
    g277/B                                                    +0     340   
    g277/Y                   OR2X1             4  7.7   28   +59     399 F 
    g275/A                                                    +0     399   
    g275/Y                   OR2X1             4  8.8   31   +55     454 F 
  genblk1[2].genblk1.sng/sn_out[0] 
  g129/B                                                      +0     454   
  g129/Y                     NAND3X1           1  1.5   33   +37     490 R 
  drc_bufs133/A                                               +0     490   
  drc_bufs133/Y              BUFX2             1  1.6    8   +34     524 R 
  g128/A                                                      +0     524   
  g128/Y                     INVX1             1  8.8   32   +29     553 F 
  genblk2.stoch2bin/data_in[6] 
    par_ctr/a[6] 
      p0/a[2] 
        fa0/b 
          g2/B                                                +0     553   
          g2/YS              FAX1              1  3.4   12   +87     640 F 
        fa0/s 
        ha0/b 
          g17/B                                               +0     640   
          g17/YC             HAX1              1  3.4   20   +48     688 F 
        ha0/cout 
        ha1/a 
          g17/B                                               +0     688   
          g17/YS             HAX1              1 12.7   65   +82     770 R 
        ha1/s 
      p0/y[1] 
      g167/A                                                  +0     770   
      g167/YS                FAX1              2 10.2   31  +106     876 F 
    par_ctr/y[1] 
    ctr/data_in[1] 
      add_55_25/B[1] 
        g351/C                                                +0     876   
        g351/YC              FAX1              1  7.1   29   +82     957 F 
        g350/C                                                +0     957   
        g350/YC              FAX1              1  7.1   29   +82    1039 F 
        g349/C                                                +0    1039   
        g349/YC              FAX1              1  7.1   29   +82    1121 F 
        g348/C                                                +0    1121   
        g348/YC              FAX1              1  7.1   26   +82    1202 F 
        g347/C                                                +0    1202   
        g347/YC              FAX1              1  7.1   27   +81    1283 F 
        g346/C                                                +0    1283   
        g346/YC              FAX1              1  7.1   27   +81    1364 F 
        g345/C                                                +0    1364   
        g345/YC              FAX1              1  7.1   27   +81    1446 F 
        g344/C                                                +0    1446   
        g344/YC              FAX1              1  7.1   27   +81    1527 F 
        g343/C                                                +0    1527   
        g343/YC              FAX1              1  7.1   27   +81    1608 F 
        g342/C                                                +0    1608   
        g342/YC              FAX1              1  7.1   27   +81    1689 F 
        g341/C                                                +0    1689   
        g341/YC              FAX1              1  7.1   27   +81    1770 F 
        g340/C                                                +0    1770   
        g340/YC              FAX1              1  7.1   27   +81    1852 F 
        g339/C                                                +0    1852   
        g339/YC              FAX1              1 10.9   37   +89    1941 F 
        g2/A                                                  +0    1941   
        g2/YS                FAX1              1  2.8   21   +84    2024 R 
      add_55_25/Z[14] 
      g66/A                                                   +0    2024   
      g66/Y                  MUX2X1            1  1.5   34   +23    2047 F 
      g65/A                                                   +0    2047   
      g65/Y                  INVX1             1  2.0    0    +9    2056 R 
      countval_reg[14]/D     DFFSR                            +0    2056   
      countval_reg[14]/CLK   setup                       0   +70    2126 R 
- - - - - - - - - - - - - - - - - - - - - - - - - - - - - - - - - - - - - -
(clock clk)                  capture                                5000 R 
                             uncertainty                     -50    4950 R 
---------------------------------------------------------------------------
Cost Group   : 'clk' (path_group 'clk')
Timing slack :    2824ps 
Start-point  : TOP/genblk1[2].genblk1.sng/ctr/countval_reg[4]/CLK
End-point    : TOP/genblk2.stoch2bin/ctr/countval_reg[14]/D
