============================================================
  Generated by:           Encounter(R) RTL Compiler v14.10-s022_1
  Generated on:           Jul 25 2021  04:10:37 pm
  Module:                 ms_serial_by4_mul_synth
  Technology library:     gscl45nm 
  Operating conditions:   typical (balanced_tree)
  Wireload mode:          enclosed
  Area mode:              timing library
============================================================

                                  Leakage    Dynamic     Total   
         Instance          Cells Power(nW)  Power(nW)  Power(nW) 
-----------------------------------------------------------------
ms_serial_by4_mul_synth      436 12679.778 717809.593 730489.371 
  TOP                        436 12679.778 702709.322 715389.100 
    genblk2.stoch2bin        202  7947.290 358847.079 366794.369 
      par_ctr                104  4470.543 154708.319 159178.862 
        p0                    49  2113.463  75167.779  77281.242 
          p0                  22   954.528  35113.757  36068.286 
            p0                 9   394.666  15688.406  16083.072 
              p0               3   134.340   6312.315   6446.655 
                ha0            1    47.565   1232.823   1280.388 
                ha1            1    47.565   1986.540   2034.105 
                fa0            1    39.210   3092.952   3132.162 
              p1               3   134.340   6169.444   6303.784 
                ha0            1    47.565   1268.497   1316.062 
                ha1            1    47.565   1783.172   1830.737 
                fa0            1    39.210   3117.774   3156.985 
            p1                 9   394.666  15637.628  16032.294 
              p0               3   134.340   6451.460   6585.800 
                ha0            1    47.565   1276.495   1324.060 
                ha1            1    47.565   2031.961   2079.526 
                fa0            1    39.210   3143.004   3182.214 
              p1               3   134.340   6079.739   6214.079 
                ha0            1    47.565   1268.380   1315.945 
                ha1            1    47.565   1755.862   1803.427 
                fa0            1    39.210   3055.496   3094.707 
          p1                  22   954.528  35352.848  36307.376 
            p0                 9   394.666  15839.062  16233.728 
              p0               3   134.340   6333.952   6468.292 
                ha0            1    47.565   1240.851   1288.416 
                ha1            1    47.565   2000.860   2048.424 
                fa0            1    39.210   3092.241   3131.451 
              p1               3   134.340   6187.442   6321.782 
                ha0            1    47.565   1277.591   1325.156 
                ha1            1    47.565   1792.788   1840.353 
                fa0            1    39.210   3117.063   3156.274 
            p1                 9   394.666  15897.435  16292.101 
              p0               3   134.340   6522.526   6656.867 
                ha0            1    47.565   1293.588   1341.153 
                ha1            1    47.565   2061.594   2109.159 
                fa0            1    39.210   3167.345   3206.555 
              p1               3   134.340   6145.492   6279.833 
                ha0            1    47.565   1286.536   1334.101 
                ha1            1    47.565   1779.124   1826.689 
                fa0            1    39.210   3079.832   3119.043 
        p1                    49  2113.463  74177.161  76290.624 
          p0                  22   954.528  35660.194  36614.722 
            p0                 9   394.666  15839.090  16233.756 
              p0               3   134.340   6333.944   6468.284 
                ha0            1    47.565   1240.849   1288.414 
                ha1            1    47.565   2000.857   2048.422 
                fa0            1    39.210   3092.238   3131.448 
              p1               3   134.340   6187.436   6321.776 
                ha0            1    47.565   1277.589   1325.154 
                ha1            1    47.565   1792.785   1840.350 
                fa0            1    39.210   3117.062   3156.272 
            p1                 9   394.666  15897.459  16292.125 
              p0               3   134.340   6522.517   6656.857 
                ha0            1    47.565   1293.586   1341.151 
                ha1            1    47.565   2061.591   2109.156 
                fa0            1    39.210   3167.339   3206.550 
              p1               3   134.340   6145.483   6279.823 
                ha0            1    47.565   1286.534   1334.098 
                ha1            1    47.565   1779.122   1826.687 
                fa0            1    39.210   3079.827   3119.038 
          p1                  22   954.528  34075.044  35029.572 
            p0                 9   394.666  15261.497  15656.163 
              p0               3   134.340   6086.816   6221.156 
                ha0            1    47.565   1195.547   1243.112 
                ha1            1    47.565   1924.299   1971.864 
                fa0            1    39.210   2966.970   3006.181 
              p1               3   134.340   5948.642   6082.982 
                ha0            1    47.565   1232.287   1279.852 
                ha1            1    47.565   1724.553   1772.118 
                fa0            1    39.210   2991.802   3031.012 
            p1                 9   394.666  15280.495  15675.161 
              p0               3   134.340   6275.390   6409.730 
                ha0            1    47.565   1248.284   1295.849 
                ha1            1    47.565   1985.033   2032.598 
                fa0            1    39.210   3042.073   3081.283 
              p1               3   134.340   5858.930   5993.270 
                ha0            1    47.565   1232.171   1279.736 
                ha1            1    47.565   1697.243   1744.808 
                fa0            1    39.210   2929.516   2968.727 
      ctr                     91  3391.737 195693.413 199085.150 
        add_55_25             18   714.142  16738.409  17452.551 
    genblk1[2].genblk1.sng    53  1178.244  76060.418  77238.662 
      ctr                     24   930.125  50857.424  51787.550 
    genblk1[1].genblk1.sng    51  1161.656  79211.391  80373.048 
      ctr                     23   910.372  62587.859  63498.231 
    genblk1[0].genblk1.sng    50  1144.117  79141.734  80285.851 
      ctr                     22   892.833  62384.033  63276.866 

