============================================================
  Generated by:           Encounter(R) RTL Compiler v14.10-s022_1
  Generated on:           Jul 25 2021  01:13:46 pm
  Module:                 ms_serial_by2_mul_synth
  Technology library:     gscl45nm 
  Operating conditions:   typical (balanced_tree)
  Wireload mode:          enclosed
  Area mode:              timing library
============================================================

                                  Leakage    Dynamic      Total    
         Instance          Cells Power(nW)  Power(nW)   Power(nW)  
-------------------------------------------------------------------
ms_serial_by2_mul_synth      886 20592.427 1020668.645 1041261.073 
  TOP                        886 20592.427  990496.690 1011089.118 
    genblk2.stoch2bin        486 11800.400  441182.289  452982.689 
      ctr                    431  9615.671  380917.465  390533.136 
        add_55_25            286  4262.222   54063.245   58325.468 
      par_ctr                 49  2113.463   49588.375   51701.838 
        p0                    22   954.528   23932.134   24886.662 
          p0                   9   394.666   11151.976   11546.642 
            p0                 3   134.340    4712.733    4847.073 
              ha0              1    47.565     846.434     893.999 
              ha1              1    47.565    1513.854    1561.419 
              fa0              1    39.210    2352.445    2391.655 
            p1                 3   134.340    4465.548    4599.889 
              ha0              1    47.565     827.522     875.087 
              ha1              1    47.565    1315.632    1363.197 
              fa0              1    39.210    2322.394    2361.604 
          p1                   9   394.666   10636.577   11031.243 
            p0                 3   134.340    4564.443    4698.784 
              ha0              1    47.565     819.130     866.695 
              ha1              1    47.565    1467.918    1515.483 
              fa0              1    39.210    2277.395    2316.606 
            p1                 3   134.340    4321.618    4455.959 
              ha0              1    47.565     800.241     847.806 
              ha1              1    47.565    1274.692    1322.257 
              fa0              1    39.210    2246.685    2285.896 
        p1                    22   954.528   23742.445   24696.974 
          p0                   9   394.666   11148.654   11543.320 
            p0                 3   134.340    4719.080    4853.420 
              ha0              1    47.565     846.434     893.999 
              ha1              1    47.565    1513.854    1561.419 
              fa0              1    39.210    2358.792    2398.002 
            p1                 3   134.340    4455.880    4590.220 
              ha0              1    47.565     818.692     866.257 
              ha1              1    47.565    1315.661    1363.226 
              fa0              1    39.210    2321.527    2360.737 
          p1                   9   394.666   10631.699   11026.365 
            p0                 3   134.340    4570.582    4704.922 
              ha0              1    47.565     819.130     866.695 
              ha1              1    47.565    1467.918    1515.483 
              fa0              1    39.210    2283.534    2322.744 
            p1                 3   134.340    4310.603    4444.944 
              ha0              1    47.565     791.702     839.267 
              ha1              1    47.565    1274.720    1322.285 
              fa0              1    39.210    2244.181    2283.392 
    genblk1[4].genblk1.sng    68  1610.364   88359.830   89970.193 
      ctr                     37  1348.955   71348.050   72697.005 
    genblk1[1].genblk1.sng    67  1590.610  101911.738  103502.348 
      ctr                     36  1329.201   84180.052   85509.254 
    genblk1[2].genblk1.sng    67  1590.610   99891.588  101482.198 
      ctr                     36  1329.201   82441.860   83771.061 
    genblk1[3].genblk1.sng    67  1590.610  100248.737  101839.347 
      ctr                     36  1329.201   83455.273   84784.474 
    genblk1[0].genblk1.sng    63  1546.688  100891.342  102438.030 
      ctr                     32  1285.280   82691.257   83976.537 

