============================================================
  Generated by:           Encounter(R) RTL Compiler v14.10-s022_1
  Generated on:           Jul 25 2021  01:47:00 pm
  Module:                 ms_serial_by4_mul_synth
  Technology library:     gscl45nm 
  Operating conditions:   typical (balanced_tree)
  Wireload mode:          enclosed
  Area mode:              timing library
============================================================

           Pin                 Type       Fanout Load Slew Delay Arrival   
                                                 (fF) (ps)  (ps)   (ps)    
---------------------------------------------------------------------------
(clock clk_int3)             launch                                    0 R 
TOP
  genblk1[3].genblk1.sng
    ctr
      countval_reg[2]/CLK                                0             0 R 
      countval_reg[2]/Q      DFFSR             1  1.5   10  +115     115 F 
      drc_bufs420/A                                           +0     115   
      drc_bufs420/Y          BUFX2             4 13.0   17   +44     159 F 
    ctr/countval[2] 
    g803/B                                                    +0     159   
    g803/Y                   NAND2X1           1  1.5   31   +12     171 R 
    drc_bufs835/A                                             +0     171   
    drc_bufs835/Y            BUFX2             2  4.3   14   +38     209 R 
    drc_bufs825/A                                             +0     209   
    drc_bufs825/Y            INVX1             1  2.6   13   +18     226 F 
    g776/A                                                    +0     226   
    g776/Y                   AOI21X1           1  1.5   23   +34     261 R 
    drc_bufs827/A                                             +0     261   
    drc_bufs827/Y            BUFX2             1  2.8    9   +35     295 R 
    g769/B                                                    +0     295   
    g769/Y                   OAI21X1           1  1.9    3   +15     310 F 
    g768/A                                                    +0     310   
    g768/Y                   AND2X1            1  2.6   18   +32     342 F 
    g766/B                                                    +0     342   
    g766/Y                   OAI21X1           1  2.0   40   +41     382 R 
    g3/C                                                      +0     382   
    g3/Y                     OAI21X1           1  2.3    5   +22     404 F 
    g2/A                                                      +0     404   
    g2/Y                     OR2X1             1  1.9   11   +39     443 F 
    g764/A                                                    +0     443   
    g764/Y                   AND2X1            1  2.6   18   +33     476 F 
    g763/B                                                    +0     476   
    g763/Y                   OAI21X1           4  9.0   74   +63     539 R 
  genblk1[3].genblk1.sng/sn_out[1] 
  g1567/A                                                     +0     539   
  g1567/Y                    NAND2X1           1  1.5   13   +25     564 F 
  drc_bufs1570/A                                              +0     564   
  drc_bufs1570/Y             BUFX2             3  7.9   10   +39     603 F 
  g1566/A                                                     +0     603   
  g1566/Y                    INVX1             3  8.3    7   +21     624 R 
  g1549/A                                                     +0     624   
  g1549/Y                    AND2X1            4 10.6   67   +57     681 R 
  g1533/C                                                     +0     681   
  g1533/Y                    NAND3X1           1  1.5   13   +22     703 F 
  drc_bufs/A                                                  +0     703   
  drc_bufs/Y                 BUFX2             1  1.5    1   +33     736 F 
  g1532/A                                                     +0     736   
  g1532/Y                    INVX1             1  8.2    5   +17     753 R 
  genblk2.stoch2bin/data_in[14] 
    par_ctr/a[14] 
      p1/a[14] 
        p0/a[6] 
          p0/a[2] 
            fa0/b 
              g2/C                                            +0     753   
              g2/YS          FAX1              1  3.4   12   +79     831 F 
            fa0/s 
            ha0/b 
              g17/B                                           +0     831   
              g17/YS         HAX1              1  3.4   17   +58     889 F 
            ha0/s 
          p0/y[0] 
          g168/B                                              +0     889   
          g168/YC            HAX1              1 10.9   41   +65     954 F 
          g167/A                                              +0     954   
          g167/YC            FAX1              1  7.1   29   +92    1045 F 
          g166/C                                              +0    1045   
          g166/YS            FAX1              1 12.7   67  +103    1148 R 
        p0/y[2] 
        g239/A                                                +0    1148   
        g239/YS              FAX1              1 12.7   67  +117    1265 R 
      p1/y[2] 
      g303/A                                                  +0    1265   
      g303/YS                FAX1              3  7.9   45  +103    1368 R 
    par_ctr/y[2] 
    ctr/data_in[2] 
      add_55_25/B[2] 
        g24674/B                                              +0    1368   
        g24674/YC            HAX1              1  2.4   21   +44    1412 R 
        g24612/C                                              +0    1412   
        g24612/Y             AOI21X1           1  1.5   15   +13    1425 F 
        drc_bufs24831/A                                       +0    1425   
        drc_bufs24831/Y      BUFX2             1  1.9    2   +33    1459 F 
        g24609/C                                              +0    1459   
        g24609/Y             OAI21X1           3  7.1   65   +31    1490 R 
        g24603/B                                              +0    1490   
        g24603/Y             AOI21X1           1  1.5   14   +36    1526 F 
        drc_bufs24803/A                                       +0    1526   
        drc_bufs24803/Y      BUFX2             1  1.9    2   +33    1559 F 
        g24601/C                                              +0    1559   
        g24601/Y             OAI21X1           3 10.4   81   +41    1601 R 
        g24600/B                                              +0    1601   
        g24600/Y             NAND2X1           1  1.5   14   +30    1630 F 
        drc_bufs24796/A                                       +0    1630   
        drc_bufs24796/Y      BUFX2             1  1.8    2   +33    1663 F 
        g24597/B                                              +0    1663   
        g24597/Y             AND2X1            3  6.7   30   +52    1715 F 
        g24596/A                                              +0    1715   
        g24596/Y             INVX1             2  5.5    0   +19    1734 R 
        g24592/B                                              +0    1734   
        g24592/Y             AOI21X1           1  1.5   16   +21    1754 F 
        drc_bufs24806/A                                       +0    1754   
        drc_bufs24806/Y      BUFX2             1  1.9    2   +34    1788 F 
        g24591/C                                              +0    1788   
        g24591/Y             OAI21X1           3  7.1   65   +31    1819 R 
        g24588/B                                              +0    1819   
        g24588/Y             AOI21X1           1  1.5   14   +36    1856 F 
        drc_bufs24807/A                                       +0    1856   
        drc_bufs24807/Y      BUFX2             1  1.9    2   +33    1889 F 
        g24587/C                                              +0    1889   
        g24587/Y             OAI21X1           3  7.1   46   +31    1920 R 
        g24584/B                                              +0    1920   
        g24584/Y             AOI21X1           1  1.5   15   +32    1952 F 
        drc_bufs24808/A                                       +0    1952   
        drc_bufs24808/Y      BUFX2             1  1.9    2   +33    1985 F 
        g24583/C                                              +0    1985   
        g24583/Y             OAI21X1           3  7.1   46   +31    2016 R 
        g24580/B                                              +0    2016   
        g24580/Y             AOI21X1           1  1.5   15   +32    2048 F 
        drc_bufs24817/A                                       +0    2048   
        drc_bufs24817/Y      BUFX2             1  1.9    2   +33    2081 F 
        g24579/C                                              +0    2081   
        g24579/Y             OAI21X1           3  7.1   46   +31    2112 R 
        g24576/B                                              +0    2112   
        g24576/Y             AOI21X1           1  1.5   15   +32    2144 F 
        drc_bufs24816/A                                       +0    2144   
        drc_bufs24816/Y      BUFX2             1  1.9    2   +33    2178 F 
        g24575/C                                              +0    2178   
        g24575/Y             OAI21X1           3  7.1   46   +31    2209 R 
        g24569/B                                              +0    2209   
        g24569/Y             AOI21X1           1  1.5   15   +32    2240 F 
        drc_bufs24811/A                                       +0    2240   
        drc_bufs24811/Y      BUFX2             1  1.9    2   +33    2274 F 
        g24568/C                                              +0    2274   
        g24568/Y             OAI21X1           3  7.1   46   +31    2305 R 
        g24562/B                                              +0    2305   
        g24562/Y             AOI21X1           1  1.5   15   +32    2337 F 
        drc_bufs24810/A                                       +0    2337   
        drc_bufs24810/Y      BUFX2             1  1.9    2   +33    2370 F 
        g24561/C                                              +0    2370   
        g24561/Y             OAI21X1           3  7.1   46   +31    2401 R 
        g24555/B                                              +0    2401   
        g24555/Y             AOI21X1           1  1.5   15   +32    2433 F 
        drc_bufs24813/A                                       +0    2433   
        drc_bufs24813/Y      BUFX2             1  1.9    2   +33    2466 F 
        g24554/C                                              +0    2466   
        g24554/Y             OAI21X1           3  7.1   46   +31    2498 R 
        g24548/B                                              +0    2498   
        g24548/Y             AOI21X1           1  1.5   15   +32    2529 F 
        drc_bufs24814/A                                       +0    2529   
        drc_bufs24814/Y      BUFX2             1  1.9    2   +33    2563 F 
        g24547/C                                              +0    2563   
        g24547/Y             OAI21X1           3  7.1   46   +31    2594 R 
        g24541/B                                              +0    2594   
        g24541/Y             AOI21X1           1  1.5   15   +32    2626 F 
        drc_bufs24828/A                                       +0    2626   
        drc_bufs24828/Y      BUFX2             1  1.9    2   +33    2659 F 
        g24540/C                                              +0    2659   
        g24540/Y             OAI21X1           3 10.1   61   +40    2700 R 
        g24539/B                                              +0    2700   
        g24539/Y             NAND2X1           1  1.5   16   +25    2725 F 
        drc_bufs24798/A                                       +0    2725   
        drc_bufs24798/Y      BUFX2             1  1.8    2   +34    2758 F 
        g24536/B                                              +0    2758   
        g24536/Y             AND2X1            3  9.8   39   +58    2816 F 
        g24532/B                                              +0    2816   
        g24532/Y             OAI21X1           1  2.0   42   +45    2862 R 
        g24531/C                                              +0    2862   
        g24531/Y             OAI21X1           1  1.9    4   +22    2883 F 
        g24529/A                                              +0    2883   
        g24529/Y             AND2X1            3  9.8   38   +47    2930 F 
        g24524/B                                              +0    2930   
        g24524/Y             OAI21X1           1  2.0   42   +45    2975 R 
        g24523/C                                              +0    2975   
        g24523/Y             OAI21X1           1  1.9    4   +22    2997 F 
        g24521/A                                              +0    2997   
        g24521/Y             AND2X1            3  8.7   35   +45    3042 F 
        g24520/A                                              +0    3042   
        g24520/Y             INVX1             1  2.0    0    +9    3051 R 
        g24515/C                                              +0    3051   
        g24515/Y             OAI21X1           1  1.9    1   +10    3061 F 
        g24511/A                                              +0    3061   
        g24511/Y             AND2X1            1  2.6   18   +31    3092 F 
        g24509/B                                              +0    3092   
        g24509/Y             OAI21X1           3  7.1   66   +57    3150 R 
        g24508/A                                              +0    3150   
        g24508/Y             INVX1             3  7.8   25   +42    3192 F 
        g24499/B                                              +0    3192   
        g24499/Y             OAI21X1           3  7.1   66   +58    3250 R 
        g24498/A                                              +0    3250   
        g24498/Y             INVX1             3  7.8   25   +42    3293 F 
        g24486/B                                              +0    3293   
        g24486/Y             OAI21X1           4  9.1   74   +65    3358 R 
        g24479/C                                              +0    3358   
        g24479/Y             OAI21X1           1  1.9    6   +30    3388 F 
        g24471/A                                              +0    3388   
        g24471/Y             AND2X1            1  2.6   18   +32    3420 F 
        g24464/B                                              +0    3420   
        g24464/Y             OAI21X1           2  3.9   51   +47    3467 R 
        g24462/A                                              +0    3467   
        g24462/Y             INVX1             2  6.9   23   +37    3504 F 
        g24450/A                                              +0    3504   
        g24450/Y             OR2X1             3  6.4   20   +50    3553 F 
        g24444/B                                              +0    3553   
        g24444/Y             NOR2X1            1  1.5   23   +28    3582 R 
        drc_bufs24794/A                                       +0    3582   
        drc_bufs24794/Y      BUFX2             1  2.4    8   +34    3616 R 
        g24437/B                                              +0    3616   
        g24437/Y             NOR2X1            1  1.5    0   +10    3625 F 
        drc_bufs24826/A                                       +0    3625   
        drc_bufs24826/Y      BUFX2             1  1.9    0   +30    3656 F 
        g24426/C                                              +0    3656   
        g24426/Y             OAI21X1           4  9.8   75   +39    3694 R 
        g24402/B                                              +0    3694   
        g24402/Y             AOI21X1           1  1.5   14   +39    3733 F 
        drc_bufs24784/A                                       +0    3733   
        drc_bufs24784/Y      BUFX2             1  2.6    3   +34    3767 F 
        g24394/B                                              +0    3767   
        g24394/Y             OAI21X1           1  5.4   56   +48    3816 R 
        g24390/A                                              +0    3816   
        g24390/Y             XOR2X1            1  2.8   46   +41    3856 R 
      add_55_25/Z[44] 
      g165/A                                                  +0    3856   
      g165/Y                 MUX2X1            1  1.5   67   +28    3885 F 
      g164/A                                                  +0    3885   
      g164/Y                 INVX1             1  2.0    0   +20    3905 R 
      countval_reg[44]/D     DFFSR                            +0    3905   
      countval_reg[44]/CLK   setup                       0   +70    3975 R 
- - - - - - - - - - - - - - - - - - - - - - - - - - - - - - - - - - - - - -
(clock clk)                  capture                                5000 R 
                             uncertainty                     -50    4950 R 
---------------------------------------------------------------------------
Cost Group   : 'clk' (path_group 'clk')
Timing slack :     975ps 
Start-point  : TOP/genblk1[3].genblk1.sng/ctr/countval_reg[2]/CLK
End-point    : TOP/genblk2.stoch2bin/ctr/countval_reg[44]/D
