============================================================
  Generated by:           Encounter(R) RTL Compiler v14.10-s022_1
  Generated on:           Jul 25 2021  04:11:02 pm
  Module:                 ms_serial_by4_mul_synth
  Technology library:     gscl45nm 
  Operating conditions:   typical (balanced_tree)
  Wireload mode:          enclosed
  Area mode:              timing library
============================================================

           Pin                 Type       Fanout Load Slew Delay Arrival   
                                                 (fF) (ps)  (ps)   (ps)    
---------------------------------------------------------------------------
(clock clk_int2)             launch                                    0 R 
TOP
  genblk1[2].genblk1.sng
    ctr
      countval_reg[5]/CLK                                0             0 R 
      countval_reg[5]/Q      DFFSR             1  1.5   10  +115     115 F 
      drc_bufs314/A                                           +0     115   
      drc_bufs314/Y          BUFX2             4 11.1   14   +42     157 F 
    ctr/countval[5] 
    g664/A                                                    +0     157   
    g664/Y                   AND2X1            2  4.5   23   +37     194 F 
    g663/A                                                    +0     194   
    g663/Y                   INVX1             2  5.1    0   +15     209 R 
    g657/B                                                    +0     209   
    g657/Y                   AND2X1            2  5.5   50   +54     263 R 
    g654/B                                                    +0     263   
    g654/Y                   NAND3X1           1  1.5   14   +21     284 F 
    drc_bufs680/A                                             +0     284   
    drc_bufs680/Y            BUFX2             1  2.6    3   +34     318 F 
    g650/B                                                    +0     318   
    g650/Y                   NAND3X1           1  1.5   34   +28     346 R 
    drc_bufs684/A                                             +0     346   
    drc_bufs684/Y            BUFX2             1  1.6    8   +34     379 R 
    g649/A                                                    +0     379   
    g649/Y                   INVX1             1  1.9   11   +15     394 F 
    g647/C                                                    +0     394   
    g647/Y                   OAI21X1           1  2.8   44   +21     415 R 
    g644/A                                                    +0     415   
    g644/Y                   AOI22X1           1  1.5   34   +38     453 F 
    drc_bufs679/A                                             +0     453   
    drc_bufs679/Y            BUFX2             1  2.6    7   +38     491 F 
    g643/B                                                    +0     491   
    g643/Y                   OAI21X1          17 38.4  211  +155     646 R 
    g642/A                                                    +0     646   
    g642/Y                   INVX1             2  3.8    2   +73     719 F 
    g640/C                                                    +0     719   
    g640/Y                   OAI21X1          17 39.3  215  +132     851 R 
    g639/A                                                    +0     851   
    g639/Y                   OR2X1            16 36.8  172  +148    1000 R 
  genblk1[2].genblk1.sng/sn_out[0] 
  g535/B                                                      +0    1000   
  g535/Y                     AND2X1            1  4.6   27   +38    1038 R 
  genblk2.stoch2bin/data_in[56] 
    par_ctr/a[56] 
      p0/a[24] 
        p0/a[8] 
          p0/a[0] 
            p1/a[0] 
              ha0/a 
                g17/A                                         +0    1038   
                g17/YS       HAX1              1  4.0   19   +65    1102 F 
              ha0/s 
            p1/y[0] 
            g168/A                                            +0    1102   
            g168/YC          HAX1              1  8.8   35   +65    1167 F 
            g167/B                                            +0    1167   
            g167/YC          FAX1              1  7.1   29   +89    1256 F 
            g166/C                                            +0    1256   
            g166/YS          FAX1              1 12.7   67  +103    1358 R 
          p0/y[2] 
          g236/A                                              +0    1358   
          g236/YS            FAX1              1 12.7   67  +117    1476 R 
        p0/y[2] 
        g287/A                                                +0    1476   
        g287/YS              FAX1              1 12.7   67  +117    1593 R 
      p0/y[2] 
      g360/A                                                  +0    1593   
      g360/YS                FAX1              2 11.1   34  +108    1701 F 
    par_ctr/y[2] 
    ctr/data_in[2] 
      add_55_25/B[2] 
        g575/B                                                +0    1701   
        g575/YC              FAX1              1  7.1   29   +88    1789 F 
        g574/C                                                +0    1789   
        g574/YC              FAX1              1  7.1   29   +82    1871 F 
        g573/C                                                +0    1871   
        g573/YC              FAX1              1  7.1   29   +82    1952 F 
        g572/C                                                +0    1952   
        g572/YC              FAX1              1  7.1   29   +82    2034 F 
        g571/C                                                +0    2034   
        g571/YC              FAX1              1  7.1   29   +82    2116 F 
        g570/C                                                +0    2116   
        g570/YC              FAX1              1  7.1   26   +82    2197 F 
        g569/C                                                +0    2197   
        g569/YC              FAX1              1  7.1   27   +81    2278 F 
        g568/C                                                +0    2278   
        g568/YC              FAX1              1  7.1   27   +81    2360 F 
        g567/C                                                +0    2360   
        g567/YC              FAX1              1  7.1   27   +81    2441 F 
        g566/C                                                +0    2441   
        g566/YC              FAX1              1  7.1   27   +81    2522 F 
        g565/C                                                +0    2522   
        g565/YC              FAX1              1  7.1   27   +81    2603 F 
        g564/C                                                +0    2603   
        g564/YC              FAX1              1  7.1   27   +81    2684 F 
        g563/C                                                +0    2684   
        g563/YC              FAX1              1  7.1   27   +81    2766 F 
        g562/C                                                +0    2766   
        g562/YC              FAX1              1  7.1   27   +81    2847 F 
        g561/C                                                +0    2847   
        g561/YC              FAX1              1  7.1   27   +81    2928 F 
        g560/C                                                +0    2928   
        g560/YC              FAX1              1  7.1   27   +81    3009 F 
        g559/C                                                +0    3009   
        g559/YC              FAX1              1  7.1   27   +81    3090 F 
        g558/C                                                +0    3090   
        g558/YC              FAX1              1  7.1   27   +81    3172 F 
        g557/C                                                +0    3172   
        g557/YC              FAX1              1  7.1   27   +81    3253 F 
        g556/C                                                +0    3253   
        g556/YC              FAX1              1  7.1   27   +81    3334 F 
        g555/C                                                +0    3334   
        g555/YC              FAX1              1 10.9   37   +89    3423 F 
        g2/A                                                  +0    3423   
        g2/YS                FAX1              1  2.8   21   +84    3507 R 
      add_55_25/Z[23] 
      g103/A                                                  +0    3507   
      g103/Y                 MUX2X1            1  1.5   20   +23    3529 F 
      g102/A                                                  +0    3529   
      g102/Y                 INVX1             1  2.0    0    +4    3533 R 
      countval_reg[23]/D     DFFSR                            +0    3533   
      countval_reg[23]/CLK   setup                       0   +70    3604 R 
- - - - - - - - - - - - - - - - - - - - - - - - - - - - - - - - - - - - - -
(clock clk)                  capture                                5000 R 
                             uncertainty                     -50    4950 R 
---------------------------------------------------------------------------
Cost Group   : 'clk' (path_group 'clk')
Timing slack :    1346ps 
Start-point  : TOP/genblk1[2].genblk1.sng/ctr/countval_reg[5]/CLK
End-point    : TOP/genblk2.stoch2bin/ctr/countval_reg[23]/D
