============================================================
  Generated by:           Encounter(R) RTL Compiler v14.10-s022_1
  Generated on:           Jul 25 2021  01:11:27 pm
  Module:                 ms_serial_by2_mul_synth
  Technology library:     gscl45nm 
  Operating conditions:   typical (balanced_tree)
  Wireload mode:          enclosed
  Area mode:              timing library
============================================================

           Pin                 Type       Fanout Load Slew Delay Arrival   
                                                 (fF) (ps)  (ps)   (ps)    
---------------------------------------------------------------------------
(clock clk_int1)             launch                                    0 R 
TOP
  genblk1[1].genblk1.sng
    ctr
      countval_reg[3]/CLK                                0             0 R 
      countval_reg[3]/Q      DFFSR             1  1.5   10  +109     109 R 
      drc_bufs243/A                                           +0     109   
      drc_bufs243/Y          BUFX2             4 11.4   28   +47     156 R 
    ctr/countval[3] 
    g387/A                                                    +0     156   
    g387/Y                   INVX1             2  5.1   19   +27     182 F 
    g379/A                                                    +0     182   
    g379/Y                   OR2X1             1  1.8   11   +40     222 F 
    g376/B                                                    +0     222   
    g376/Y                   AND2X1            3  7.4   32   +54     276 F 
    g373/A                                                    +0     276   
    g373/Y                   NAND3X1           1  1.5   34   +41     317 R 
    drc_bufs397/A                                             +0     317   
    drc_bufs397/Y            BUFX2             2  4.3   14   +38     355 R 
    drc_bufs390/A                                             +0     355   
    drc_bufs390/Y            INVX1             1  1.9   11   +16     371 F 
    g369/A                                                    +0     371   
    g369/Y                   AND2X1            1  2.6   18   +33     404 F 
    g366/A                                                    +0     404   
    g366/Y                   OAI21X1           1  2.0   41   +43     447 R 
    g365/C                                                    +0     447   
    g365/Y                   OAI21X1           3  5.9   13   +28     475 F 
    g363/A                                                    +0     475   
    g363/Y                   OR2X1             3  5.5   23   +47     522 F 
  genblk1[1].genblk1.sng/sn_out[0] 
  g259/B                                                      +0     522   
  g259/Y                     AND2X1            4 10.8   40   +63     584 F 
  g253/C                                                      +0     584   
  g253/Y                     NAND3X1           1  1.5   33   +35     620 R 
  drc_bufs265/A                                               +0     620   
  drc_bufs265/Y              BUFX2             1  1.6    8   +34     653 R 
  g252/A                                                      +0     653   
  g252/Y                     INVX1             1 10.9   38   +33     686 F 
  genblk2.stoch2bin/data_in[11] 
    par_ctr/a[11] 
      p0/a[3] 
        p1/a[3] 
          fa0/cin 
            g2/A                                              +0     686   
            g2/YS            FAX1              1  3.8   26   +87     773 R 
          fa0/s 
          ha0/b 
            g17/B                                             +0     773   
            g17/YS           HAX1              1  4.0   19   +60     833 F 
          ha0/s 
        p1/y[0] 
        g168/A                                                +0     833   
        g168/YC              HAX1              1  8.8   35   +65     897 F 
        g167/B                                                +0     897   
        g167/YC              FAX1              1  7.1   29   +89     986 F 
        g166/C                                                +0     986   
        g166/YS              FAX1              1 12.7   67  +103    1089 R 
      p0/y[2] 
      g234/A                                                  +0    1089   
      g234/YS                FAX1              2 11.1   34  +108    1196 F 
    par_ctr/y[2] 
    ctr/data_in[2] 
      add_55_25/B[2] 
        g575/B                                                +0    1196   
        g575/YC              FAX1              1  7.1   29   +88    1285 F 
        g574/C                                                +0    1285   
        g574/YC              FAX1              1  7.1   29   +82    1367 F 
        g573/C                                                +0    1367   
        g573/YC              FAX1              1  7.1   29   +82    1448 F 
        g572/C                                                +0    1448   
        g572/YC              FAX1              1  7.1   26   +82    1530 F 
        g571/C                                                +0    1530   
        g571/YC              FAX1              1  7.1   27   +81    1611 F 
        g570/C                                                +0    1611   
        g570/YC              FAX1              1  7.1   27   +81    1692 F 
        g569/C                                                +0    1692   
        g569/YC              FAX1              1  7.1   27   +81    1773 F 
        g568/C                                                +0    1773   
        g568/YC              FAX1              1  7.1   27   +81    1854 F 
        g567/C                                                +0    1854   
        g567/YC              FAX1              1  7.1   27   +81    1936 F 
        g566/C                                                +0    1936   
        g566/YC              FAX1              1  7.1   27   +81    2017 F 
        g565/C                                                +0    2017   
        g565/YC              FAX1              1  7.1   27   +81    2098 F 
        g564/C                                                +0    2098   
        g564/YC              FAX1              1  7.1   27   +81    2179 F 
        g563/C                                                +0    2179   
        g563/YC              FAX1              1  7.1   27   +81    2260 F 
        g562/C                                                +0    2260   
        g562/YC              FAX1              1  7.1   27   +81    2342 F 
        g561/C                                                +0    2342   
        g561/YC              FAX1              1  7.1   27   +81    2423 F 
        g560/C                                                +0    2423   
        g560/YC              FAX1              1  7.1   27   +81    2504 F 
        g559/C                                                +0    2504   
        g559/YC              FAX1              1  7.1   27   +81    2585 F 
        g558/C                                                +0    2585   
        g558/YC              FAX1              1  7.1   27   +81    2666 F 
        g557/C                                                +0    2666   
        g557/YC              FAX1              1  7.1   27   +81    2748 F 
        g556/C                                                +0    2748   
        g556/YC              FAX1              1  7.1   27   +81    2829 F 
        g555/C                                                +0    2829   
        g555/YC              FAX1              1 10.9   37   +89    2918 F 
        g2/A                                                  +0    2918   
        g2/YS                FAX1              1  2.8   21   +84    3002 R 
      add_55_25/Z[23] 
      g103/A                                                  +0    3002   
      g103/Y                 MUX2X1            1  1.5   20   +23    3024 F 
      g102/A                                                  +0    3024   
      g102/Y                 INVX1             1  2.0    0    +4    3028 R 
      countval_reg[23]/D     DFFSR                            +0    3028   
      countval_reg[23]/CLK   setup                       0   +70    3099 R 
- - - - - - - - - - - - - - - - - - - - - - - - - - - - - - - - - - - - - -
(clock clk)                  capture                                5000 R 
                             uncertainty                     -50    4950 R 
---------------------------------------------------------------------------
Cost Group   : 'clk' (path_group 'clk')
Timing slack :    1851ps 
Start-point  : TOP/genblk1[1].genblk1.sng/ctr/countval_reg[3]/CLK
End-point    : TOP/genblk2.stoch2bin/ctr/countval_reg[23]/D
