============================================================
  Generated by:           Encounter(R) RTL Compiler v14.10-s022_1
  Generated on:           Jul 25 2021  01:43:40 pm
  Module:                 ms_serial_by4_mul_synth
  Technology library:     gscl45nm 
  Operating conditions:   typical (balanced_tree)
  Wireload mode:          enclosed
  Area mode:              timing library
============================================================

           Pin                 Type       Fanout Load Slew Delay Arrival   
                                                 (fF) (ps)  (ps)   (ps)    
---------------------------------------------------------------------------
(clock clk_int2)             launch                                    0 R 
TOP
  genblk1[2].genblk1.sng
    ctr
      countval_reg[2]/CLK                                0             0 R 
      countval_reg[2]/Q      DFFSR             1  1.5   10  +115     115 F 
      drc_bufs79/A                                            +0     115   
      drc_bufs79/Y           BUFX2             3 10.6   13   +42     156 F 
    ctr/countval[2] 
    g198/A                                                    +0     156   
    g198/Y                   INVX1             2 15.5   44   +45     202 R 
    g2/A                                                      +0     202   
    g2/YC                    FAX1              1  1.6   16   +56     257 R 
    g3/A                                                      +0     257   
    g3/Y                     INVX1             1  2.3   12   +18     275 F 
    g191/A                                                    +0     275   
    g191/Y                   OR2X1             1  1.9   11   +39     314 F 
    g190/A                                                    +0     314   
    g190/Y                   AND2X1            2  3.4   20   +35     349 F 
    g188/C                                                    +0     349   
    g188/Y                   OAI21X1           4  9.6   76   +45     394 R 
  genblk1[2].genblk1.sng/sn_out[0] 
  g504/A                                                      +0     394   
  g504/Y                     AND2X1            4  9.2   68   +52     445 R 
  g485/B                                                      +0     445   
  g485/Y                     AND2X1            1 10.3   65   +63     509 R 
  genblk2.stoch2bin/data_in[13] 
    par_ctr/a[13] 
      p0/a[5] 
        p0/a[1] 
          fa0/a 
            g2/B                                              +0     509   
            g2/YS            FAX1              1  3.4   12   +91     600 F 
          fa0/s 
          ha0/b 
            g17/B                                             +0     600   
            g17/YC           HAX1              1  3.4   20   +48     648 F 
          ha0/cout 
          ha1/a 
            g17/B                                             +0     648   
            g17/YS           HAX1              1 10.9   38   +73     722 F 
          ha1/s 
        p0/y[1] 
        g167/A                                                +0     722   
        g167/YC              FAX1              1  7.1   29   +91     813 F 
        g166/C                                                +0     813   
        g166/YS              FAX1              1 12.7   67  +103     915 R 
      p0/y[2] 
      g234/A                                                  +0     915   
      g234/YS                FAX1              2 11.1   34  +108    1023 F 
    par_ctr/y[2] 
    ctr/data_in[2] 
      add_55_25/B[2] 
        g375/B                                                +0    1023   
        g375/YC              FAX1              1  7.1   29   +88    1112 F 
        g374/C                                                +0    1112   
        g374/YC              FAX1              1  7.1   29   +82    1193 F 
        g373/C                                                +0    1193   
        g373/YC              FAX1              1  7.1   29   +82    1275 F 
        g372/C                                                +0    1275   
        g372/YC              FAX1              1  7.1   26   +82    1356 F 
        g371/C                                                +0    1356   
        g371/YC              FAX1              1  7.1   27   +81    1438 F 
        g370/C                                                +0    1438   
        g370/YC              FAX1              1  7.1   27   +81    1519 F 
        g369/C                                                +0    1519   
        g369/YC              FAX1              1  7.1   27   +81    1600 F 
        g368/C                                                +0    1600   
        g368/YC              FAX1              1  7.1   27   +81    1681 F 
        g367/C                                                +0    1681   
        g367/YC              FAX1              1  7.1   27   +81    1762 F 
        g366/C                                                +0    1762   
        g366/YC              FAX1              1  7.1   27   +81    1844 F 
        g365/C                                                +0    1844   
        g365/YC              FAX1              1  7.1   27   +81    1925 F 
        g364/C                                                +0    1925   
        g364/YC              FAX1              1  7.1   27   +81    2006 F 
        g363/C                                                +0    2006   
        g363/YC              FAX1              1 10.9   37   +89    2095 F 
        g2/A                                                  +0    2095   
        g2/YS                FAX1              1  2.8   21   +84    2179 R 
      add_55_25/Z[15] 
      g74/A                                                   +0    2179   
      g74/Y                  MUX2X1            1  1.5   38   +23    2201 F 
      g73/A                                                   +0    2201   
      g73/Y                  INVX1             1  2.0    0   +10    2211 R 
      countval_reg[15]/D     DFFSR                            +0    2211   
      countval_reg[15]/CLK   setup                       0   +70    2282 R 
- - - - - - - - - - - - - - - - - - - - - - - - - - - - - - - - - - - - - -
(clock clk)                  capture                                5000 R 
                             uncertainty                     -50    4950 R 
---------------------------------------------------------------------------
Cost Group   : 'clk' (path_group 'clk')
Timing slack :    2668ps 
Start-point  : TOP/genblk1[2].genblk1.sng/ctr/countval_reg[2]/CLK
End-point    : TOP/genblk2.stoch2bin/ctr/countval_reg[15]/D
