============================================================
  Generated by:           Encounter(R) RTL Compiler v14.10-s022_1
  Generated on:           Jul 25 2021  01:09:18 pm
  Module:                 ms_serial_by2_mul_synth
  Technology library:     gscl45nm 
  Operating conditions:   typical (balanced_tree)
  Wireload mode:          enclosed
  Area mode:              timing library
============================================================

         Instance           Cells  Cell Area  Net Area  Total Area  Wireload     
---------------------------------------------------------------------------------
ms_serial_by2_mul_synth       140        572         0         572    <none> (D) 
  TOP                         140        572         0         572    <none> (D) 
    genblk2.stoch2bin          58        304         0         304    <none> (D) 
      ctr                      46        238         0         238    <none> (D) 
      par_ctr                   9         59         0          59    <none> (D) 
        p1                      3         18         0          18    <none> (D) 
          fa0                   1          9         0           9    <none> (D) 
          ha1                   1          5         0           5    <none> (D) 
          ha0                   1          5         0           5    <none> (D) 
        p0                      3         18         0          18    <none> (D) 
          fa0                   1          9         0           9    <none> (D) 
          ha1                   1          5         0           5    <none> (D) 
          ha0                   1          5         0           5    <none> (D) 
    genblk1[2].genblk1.sng     24         82         0          82    <none> (D) 
      ctr                      13         59         0          59    <none> (D) 
    genblk1[1].genblk1.sng     23         79         0          79    <none> (D) 
      ctr                      12         57         0          57    <none> (D) 
    genblk1[0].genblk1.sng     23         79         0          79    <none> (D) 
      ctr                      12         57         0          57    <none> (D) 

 (D) = wireload is default in technology library
