============================================================
  Generated by:           Encounter(R) RTL Compiler v14.10-s022_1
  Generated on:           Jul 25 2021  01:45:23 pm
  Module:                 ms_serial_by4_mul_synth
  Technology library:     gscl45nm 
  Operating conditions:   typical (balanced_tree)
  Wireload mode:          enclosed
  Area mode:              timing library
============================================================

           Pin                 Type       Fanout Load Slew Delay Arrival   
                                                 (fF) (ps)  (ps)   (ps)    
---------------------------------------------------------------------------
(clock clk)                  launch                                    0 R 
TOP
  genblk1[0].genblk1.sng
    ctr
      countval_reg[2]/CLK                                0             0 R 
      countval_reg[2]/Q      DFFSR             1  1.5   10  +109     109 R 
      drc_bufs41/A                                            +0     109   
      drc_bufs41/Y           BUFX2             4 12.6   31   +49     158 R 
    ctr/countval[2] 
    g117/A                                                    +0     158   
    g117/Y                   INVX1             1  2.3   11   +22     179 F 
    g114/A                                                    +0     179   
    g114/Y                   OR2X1             1  1.9   11   +39     218 F 
    g113/A                                                    +0     218   
    g113/Y                   AND2X1            1  2.2   17   +32     251 F 
    g111/B                                                    +0     251   
    g111/Y                   OR2X1             6 13.2   43   +71     322 F 
  genblk1[0].genblk1.sng/sn_out[0] 
  g1586/B                                                     +0     322   
  g1586/Y                    NAND2X1           1  1.5   29   +21     343 R 
  drc_bufs1604/A                                              +0     343   
  drc_bufs1604/Y             BUFX2             5 14.8   38   +54     397 R 
  drc_bufs1596/A                                              +0     397   
  drc_bufs1596/Y             INVX1             1  1.9    9   +23     420 F 
  g1570/A                                                     +0     420   
  g1570/Y                    AND2X1            4  9.4   37   +47     466 F 
  g1550/C                                                     +0     466   
  g1550/Y                    NAND3X1           1  1.5   33   +34     501 R 
  drc_bufs1602/A                                              +0     501   
  drc_bufs1602/Y             BUFX2             1  1.6    8   +34     534 R 
  g1549/A                                                     +0     534   
  g1549/Y                    INVX1             1  7.1   26   +25     560 F 
  genblk2.stoch2bin/data_in[14] 
    par_ctr/a[14] 
      p1/a[14] 
        p0/a[6] 
          p0/a[2] 
            fa0/b 
              g2/C                                            +0     560   
              g2/YS          FAX1              1  3.4   12   +81     641 F 
            fa0/s 
            ha0/b 
              g17/B                                           +0     641   
              g17/YS         HAX1              1  3.4   17   +58     698 F 
            ha0/s 
          p0/y[0] 
          g168/B                                              +0     698   
          g168/YC            HAX1              1 10.9   41   +65     763 F 
          g167/A                                              +0     763   
          g167/YC            FAX1              1  7.1   29   +92     855 F 
          g166/C                                              +0     855   
          g166/YS            FAX1              1 12.7   67  +103     957 R 
        p0/y[2] 
        g236/A                                                +0     957   
        g236/YS              FAX1              1 10.3   56  +110    1067 R 
      p1/y[2] 
      g286/B                                                  +0    1067   
      g286/YS                FAX1              2 11.1   34  +106    1173 F 
    par_ctr/y[2] 
    ctr/data_in[2] 
      add_55_25/B[2] 
        g375/B                                                +0    1173   
        g375/YC              FAX1              1  7.1   29   +88    1262 F 
        g374/C                                                +0    1262   
        g374/YC              FAX1              1  7.1   29   +82    1343 F 
        g373/C                                                +0    1343   
        g373/YC              FAX1              1  7.1   29   +82    1425 F 
        g372/C                                                +0    1425   
        g372/YC              FAX1              1  7.1   29   +82    1506 F 
        g371/C                                                +0    1506   
        g371/YC              FAX1              1  7.1   26   +82    1588 F 
        g370/C                                                +0    1588   
        g370/YC              FAX1              1  7.1   27   +81    1669 F 
        g369/C                                                +0    1669   
        g369/YC              FAX1              1  7.1   27   +81    1750 F 
        g368/C                                                +0    1750   
        g368/YC              FAX1              1  7.1   27   +81    1832 F 
        g367/C                                                +0    1832   
        g367/YC              FAX1              1  7.1   27   +81    1913 F 
        g366/C                                                +0    1913   
        g366/YC              FAX1              1  7.1   27   +81    1994 F 
        g365/C                                                +0    1994   
        g365/YC              FAX1              1  7.1   27   +81    2075 F 
        g364/C                                                +0    2075   
        g364/YC              FAX1              1  7.1   27   +81    2156 F 
        g363/C                                                +0    2156   
        g363/YC              FAX1              1 10.9   37   +89    2245 F 
        g2/A                                                  +0    2245   
        g2/YS                FAX1              1  2.8   21   +84    2329 R 
      add_55_25/Z[15] 
      g74/A                                                   +0    2329   
      g74/Y                  MUX2X1            1  1.5   38   +23    2352 F 
      g73/A                                                   +0    2352   
      g73/Y                  INVX1             1  2.0    0   +10    2362 R 
      countval_reg[15]/D     DFFSR                            +0    2362   
      countval_reg[15]/CLK   setup                       0   +70    2432 R 
- - - - - - - - - - - - - - - - - - - - - - - - - - - - - - - - - - - - - -
(clock clk)                  capture                                5000 R 
                             uncertainty                     -50    4950 R 
---------------------------------------------------------------------------
Cost Group   : 'clk' (path_group 'clk')
Timing slack :    2518ps 
Start-point  : TOP/genblk1[0].genblk1.sng/ctr/countval_reg[2]/CLK
End-point    : TOP/genblk2.stoch2bin/ctr/countval_reg[15]/D
