============================================================
  Generated by:           Encounter(R) RTL Compiler v14.10-s022_1
  Generated on:           Jul 25 2021  01:09:57 pm
  Module:                 ms_serial_by2_mul_synth
  Technology library:     gscl45nm 
  Operating conditions:   typical (balanced_tree)
  Wireload mode:          enclosed
  Area mode:              timing library
============================================================

           Pin                 Type       Fanout Load Slew Delay Arrival   
                                                 (fF) (ps)  (ps)   (ps)    
---------------------------------------------------------------------------
(clock clk_int1)             launch                                    0 R 
TOP
  genblk1[1].genblk1.sng
    ctr
      countval_reg[4]/CLK                                0             0 R 
      countval_reg[4]/Q      DFFSR             1  1.5   10  +115     115 F 
      drc_bufs318/A                                           +0     115   
      drc_bufs318/Y          BUFX2             4 10.3   13   +41     156 F 
    ctr/countval[4] 
    g476/A                                                    +0     156   
    g476/Y                   INVX1             2  4.8    0   +10     166 R 
    g470/A                                                    +0     166   
    g470/Y                   OR2X1             2  4.8   35   +46     213 R 
    g467/C                                                    +0     213   
    g467/Y                   OAI21X1           3  7.1   18   +28     240 F 
    g462/B                                                    +0     240   
    g462/Y                   OR2X1             2  5.0   20   +55     295 F 
    g459/B                                                    +0     295   
    g459/Y                   NOR3X1            1  3.1   54   +43     338 R 
    g455/B                                                    +0     338   
    g455/Y                   NOR3X1            1  2.6   28   +38     376 F 
    g454/B                                                    +0     376   
    g454/Y                   OAI21X1           4  9.6   77   +67     443 R 
    g452/A                                                    +0     443   
    g452/Y                   OR2X1             3  7.1   40   +54     498 R 
  genblk1[1].genblk1.sng/sn_out[0] 
  g130/B                                                      +0     498   
  g130/Y                     AND2X1            2  4.6   41   +48     546 R 
  g123/A                                                      +0     546   
  g123/Y                     AND2X1            1  8.2   54   +49     594 R 
  genblk2.stoch2bin/data_in[1] 
    par_ctr/a[1] 
      p1/a[1] 
        fa0/a 
          g2/C                                                +0     594   
          g2/YS              FAX1              1  3.4   12   +84     679 F 
        fa0/s 
        ha0/b 
          g17/B                                               +0     679   
          g17/YS             HAX1              1  4.0   19   +59     737 F 
        ha0/s 
      p1/y[0] 
      g168/A                                                  +0     737   
      g168/YC                HAX1              1 10.9   41   +69     806 F 
      g167/A                                                  +0     806   
      g167/YC                FAX1              1  7.1   29   +92     898 F 
      g166/C                                                  +0     898   
      g166/YS                FAX1              2 11.1   34   +97     995 F 
    par_ctr/y[2] 
    ctr/data_in[2] 
      add_55_25/B[2] 
        g500/B                                                +0     995   
        g500/YC              FAX1              1  7.1   29   +88    1084 F 
        g499/C                                                +0    1084   
        g499/YC              FAX1              1  7.1   29   +82    1165 F 
        g498/C                                                +0    1165   
        g498/YC              FAX1              1  7.1   26   +82    1247 F 
        g497/C                                                +0    1247   
        g497/YC              FAX1              1  7.1   27   +81    1328 F 
        g496/C                                                +0    1328   
        g496/YC              FAX1              1  7.1   27   +81    1409 F 
        g495/C                                                +0    1409   
        g495/YC              FAX1              1  7.1   27   +81    1490 F 
        g494/C                                                +0    1490   
        g494/YC              FAX1              1  7.1   27   +81    1572 F 
        g493/C                                                +0    1572   
        g493/YC              FAX1              1  7.1   27   +81    1653 F 
        g492/C                                                +0    1653   
        g492/YC              FAX1              1  7.1   27   +81    1734 F 
        g491/C                                                +0    1734   
        g491/YC              FAX1              1  7.1   27   +81    1815 F 
        g490/C                                                +0    1815   
        g490/YC              FAX1              1  7.1   27   +81    1896 F 
        g489/C                                                +0    1896   
        g489/YC              FAX1              1  7.1   27   +81    1978 F 
        g488/C                                                +0    1978   
        g488/YC              FAX1              1  7.1   27   +81    2059 F 
        g487/C                                                +0    2059   
        g487/YC              FAX1              1  7.1   27   +81    2140 F 
        g486/C                                                +0    2140   
        g486/YC              FAX1              1  7.1   27   +81    2221 F 
        g485/C                                                +0    2221   
        g485/YC              FAX1              1  7.1   27   +81    2302 F 
        g484/C                                                +0    2302   
        g484/YC              FAX1              1  7.1   27   +81    2384 F 
        g483/C                                                +0    2384   
        g483/YC              FAX1              1 10.9   37   +89    2472 F 
        g2/A                                                  +0    2472   
        g2/YS                FAX1              1  2.8   21   +84    2556 R 
      add_55_25/Z[20] 
      g82/A                                                   +0    2556   
      g82/Y                  MUX2X1            1  1.5   19   +23    2579 F 
      g81/A                                                   +0    2579   
      g81/Y                  INVX1             1  2.0    0    +3    2582 R 
      countval_reg[20]/D     DFFSR                            +0    2582   
      countval_reg[20]/CLK   setup                       0   +70    2653 R 
- - - - - - - - - - - - - - - - - - - - - - - - - - - - - - - - - - - - - -
(clock clk)                  capture                                5000 R 
                             uncertainty                     -50    4950 R 
---------------------------------------------------------------------------
Cost Group   : 'clk' (path_group 'clk')
Timing slack :    2297ps 
Start-point  : TOP/genblk1[1].genblk1.sng/ctr/countval_reg[4]/CLK
End-point    : TOP/genblk2.stoch2bin/ctr/countval_reg[20]/D
