============================================================
  Generated by:           Encounter(R) RTL Compiler v14.10-s022_1
  Generated on:           Jul 25 2021  01:12:40 pm
  Module:                 ms_serial_by2_mul_synth
  Technology library:     gscl45nm 
  Operating conditions:   typical (balanced_tree)
  Wireload mode:          enclosed
  Area mode:              timing library
============================================================

                                  Leakage    Dynamic     Total   
         Instance          Cells Power(nW)  Power(nW)  Power(nW) 
-----------------------------------------------------------------
ms_serial_by2_mul_synth      247  6994.684 324923.759 331918.443 
  TOP                        247  6994.684 314601.627 321596.311 
    genblk2.stoch2bin        111  4252.445 144558.773 148811.218 
      par_ctr                 49  2113.463  27604.449  29717.912 
        p0                    22   954.528  10037.693  10992.221 
          p0                   9   394.666   3517.093   3911.759 
            p0                 3   134.340    960.934   1095.274 
              ha0              1    47.565    243.511    291.076 
              ha1              1    47.565    320.663    368.228 
              fa0              1    39.210    396.760    435.970 
            p1                 3   134.340   1404.637   1538.978 
              ha0              1    47.565    354.790    402.355 
              ha1              1    47.565    435.803    483.368 
              fa0              1    39.210    614.045    653.255 
          p1                   9   394.666   4498.902   4893.568 
            p0                 3   134.340   1211.152   1345.492 
              ha0              1    47.565    297.675    345.240 
              ha1              1    47.565    429.661    477.226 
              fa0              1    39.210    483.815    523.026 
            p1                 3   134.340   1857.306   1991.647 
              ha0              1    47.565    464.002    511.567 
              ha1              1    47.565    603.653    651.218 
              fa0              1    39.210    789.651    828.861 
        p1                    22   954.528  14318.669  15273.197 
          p0                   9   394.666   5079.770   5474.436 
            p0                 3   134.340   1385.802   1520.142 
              ha0              1    47.565    343.098    390.663 
              ha1              1    47.565    473.341    520.906 
              fa0              1    39.210    569.363    608.573 
            p1                 3   134.340   2023.303   2157.643 
              ha0              1    47.565    482.179    529.744 
              ha1              1    47.565    651.354    698.919 
              fa0              1    39.210    889.769    928.980 
          p1                   9   394.666   6521.563   6916.229 
            p0                 3   134.340   1744.091   1878.432 
              ha0              1    47.565    424.029    471.594 
              ha1              1    47.565    613.101    660.666 
              fa0              1    39.210    706.961    746.172 
            p1                 3   134.340   2702.479   2836.819 
              ha0              1    47.565    654.813    702.378 
              ha1              1    47.565    895.015    942.580 
              fa0              1    39.210   1152.651   1191.861 
      ctr                     56  2076.654 113611.463 115688.117 
    genblk1[4].genblk1.sng    15   392.811  22438.649  22831.461 
      ctr                      8   323.916  19461.602  19785.518 
    genblk1[0].genblk1.sng    14   373.058  30333.611  30706.668 
      ctr                      7   304.162  27354.182  27658.345 
    genblk1[1].genblk1.sng    14   373.058  31023.210  31396.268 
      ctr                      7   304.162  27577.922  27882.085 
    genblk1[2].genblk1.sng    14   373.058  31087.643  31460.701 
      ctr                      7   304.162  27656.940  27961.102 
    genblk1[3].genblk1.sng    14   373.058  30826.270  31199.328 
      ctr                      7   304.162  27938.311  28242.473 

