============================================================
  Generated by:           Encounter(R) RTL Compiler v14.10-s022_1
  Generated on:           Jul 25 2021  01:12:40 pm
  Module:                 ms_serial_by2_mul_synth
  Technology library:     gscl45nm 
  Operating conditions:   typical (balanced_tree)
  Wireload mode:          enclosed
  Area mode:              timing library
============================================================

           Pin                 Type       Fanout Load Slew Delay Arrival   
                                                 (fF) (ps)  (ps)   (ps)    
---------------------------------------------------------------------------
(clock clk_int1)             launch                                    0 R 
TOP
  genblk1[1].genblk1.sng
    ctr
      countval_reg[1]/CLK                                0             0 R 
      countval_reg[1]/Q      DFFSR             1  1.5   10  +115     115 F 
      drc_bufs33/A                                            +0     115   
      drc_bufs33/Y           BUFX2             4 11.7   15   +43     157 F 
    ctr/countval[1] 
    g77/A                                                     +0     157   
    g77/Y                    INVX1             1  2.3    0    +3     160 R 
    g74/A                                                     +0     160   
    g74/Y                    AND2X1            5 11.0   74   +58     218 R 
  genblk1[1].genblk1.sng/sn_out[1] 
  g551/B                                                      +0     218   
  g551/Y                     AND2X1            5 12.2   74   +69     287 R 
  g542/A                                                      +0     287   
  g542/Y                     AND2X1            4  9.2   60   +52     339 R 
  g511/A                                                      +0     339   
  g511/Y                     AND2X1            1 12.7   80   +63     401 R 
  genblk2.stoch2bin/data_in[27] 
    par_ctr/a[27] 
      p0/a[11] 
        p0/a[3] 
          p1/a[3] 
            fa0/cin 
              g2/A                                            +0     401   
              g2/YS          FAX1              1  3.4   12   +94     495 F 
            fa0/s 
            ha0/b 
              g17/B                                           +0     495   
              g17/YS         HAX1              1  4.0   19   +59     554 F 
            ha0/s 
          p1/y[0] 
          g168/A                                              +0     554   
          g168/YC            HAX1              1 10.9   41   +69     623 F 
          g167/A                                              +0     623   
          g167/YC            FAX1              1  7.1   29   +92     714 F 
          g166/C                                              +0     714   
          g166/YS            FAX1              1 12.7   67  +103     817 R 
        p0/y[2] 
        g236/A                                                +0     817   
        g236/YS              FAX1              1 12.7   67  +117     934 R 
      p0/y[2] 
      g286/A                                                  +0     934   
      g286/YS                FAX1              2 11.1   34  +108    1042 F 
    par_ctr/y[2] 
    ctr/data_in[2] 
      g737/B                                                  +0    1042   
      g737/YC                FAX1              1  7.1   29   +88    1131 F 
      g733/C                                                  +0    1131   
      g733/YC                FAX1              1  7.1   29   +82    1212 F 
      g729/C                                                  +0    1212   
      g729/YC                FAX1              1  7.1   29   +82    1294 F 
      g725/C                                                  +0    1294   
      g725/YC                FAX1              1  7.1   29   +82    1376 F 
      g721/C                                                  +0    1376   
      g721/YC                FAX1              1  7.1   26   +82    1457 F 
      g717/C                                                  +0    1457   
      g717/YC                FAX1              1  7.1   27   +81    1538 F 
      g713/C                                                  +0    1538   
      g713/YC                FAX1              1  7.1   27   +81    1620 F 
      g709/C                                                  +0    1620   
      g709/YC                FAX1              1 10.9   37   +89    1708 F 
      g2/A                                                    +0    1708   
      g2/YS                  FAX1              1  2.8   21   +84    1792 R 
      g703/A                                                  +0    1792   
      g703/Y                 MUX2X1            1  1.5   20   +23    1815 F 
      g702/A                                                  +0    1815   
      g702/Y                 INVX1             1  2.0    0    +4    1819 R 
      countval_reg[10]/D     DFFSR                            +0    1819   
      countval_reg[10]/CLK   setup                       0   +70    1889 R 
- - - - - - - - - - - - - - - - - - - - - - - - - - - - - - - - - - - - - -
(clock clk)                  capture                                5000 R 
                             uncertainty                     -50    4950 R 
---------------------------------------------------------------------------
Cost Group   : 'clk' (path_group 'clk')
Timing slack :    3061ps 
Start-point  : TOP/genblk1[1].genblk1.sng/ctr/countval_reg[1]/CLK
End-point    : TOP/genblk2.stoch2bin/ctr/countval_reg[10]/D
