============================================================
  Generated by:           Encounter(R) RTL Compiler v14.10-s022_1
  Generated on:           Jul 25 2021  01:08:29 pm
  Module:                 ms_serial_by2_mul_synth
  Technology library:     gscl45nm 
  Operating conditions:   typical (balanced_tree)
  Wireload mode:          enclosed
  Area mode:              timing library
============================================================

                                  Leakage    Dynamic     Total   
         Instance          Cells Power(nW)  Power(nW)  Power(nW) 
-----------------------------------------------------------------
ms_serial_by2_mul_synth      211  6021.564 363018.101 369039.665 
  TOP                        211  6021.564 349382.536 355404.099 
    genblk2.stoch2bin         76  2802.088 160349.930 163152.018 
      ctr                     71  2640.261 149931.047 152571.308 
      par_ctr                  3   134.340   5138.455   5272.795 
        ha0                    1    47.565    920.133    967.698 
        ha1                    1    47.565   1669.225   1716.790 
        fa0                    1    39.210   2549.096   2588.307 
    genblk1[1].genblk1.sng    68  1610.364  88480.634  90090.998 
      ctr                     37  1348.955  71937.126  73286.081 
    genblk1[0].genblk1.sng    63  1546.688  96373.501  97920.189 
      ctr                     32  1285.280  79786.898  81072.177 

