============================================================
  Generated by:           Encounter(R) RTL Compiler v14.10-s022_1
  Generated on:           Jul 25 2021  01:12:10 pm
  Module:                 ms_serial_by2_mul_synth
  Technology library:     gscl45nm 
  Operating conditions:   typical (balanced_tree)
  Wireload mode:          enclosed
  Area mode:              timing library
============================================================

           Pin                 Type       Fanout Load Slew Delay Arrival   
                                                 (fF) (ps)  (ps)   (ps)    
---------------------------------------------------------------------------
(clock clk_int1)             launch                                    0 R 
TOP
  genblk1[1].genblk1.sng
    ctr
      countval_reg[3]/CLK                                0             0 R 
      countval_reg[3]/Q      DFFSR             1  1.5   10  +109     109 R 
      drc_bufs396/A                                           +0     109   
      drc_bufs396/Y          BUFX2             3  8.9   22   +43     152 R 
    ctr/countval[3] 
    g847/A                                                    +0     152   
    g847/Y                   INVX1             2  5.7   21   +26     178 F 
    g827/B                                                    +0     178   
    g827/YS                  HAX1              2  5.4   23   +62     240 F 
    g819/B                                                    +0     240   
    g819/Y                   NAND3X1           1  1.5   33   +34     274 R 
    drc_bufs871/A                                             +0     274   
    drc_bufs871/Y            BUFX2             1  2.3    9   +35     309 R 
    g816/A                                                    +0     309   
    g816/Y                   AND2X1            2  5.0   45   +39     348 R 
    g807/B                                                    +0     348   
    g807/Y                   AOI21X1           1  1.5   15   +31     380 F 
    drc_bufs873/A                                             +0     380   
    drc_bufs873/Y            BUFX2             1  1.5    2   +33     412 F 
    g806/A                                                    +0     412   
    g806/Y                   INVX1             1  2.7    0    -0     412 R 
    g804/B                                                    +0     412   
    g804/Y                   AOI21X1           1  1.5   16   +21     433 F 
    drc_bufs864/A                                             +0     433   
    drc_bufs864/Y            BUFX2             1  2.6    3   +34     467 F 
    g802/B                                                    +0     467   
    g802/Y                   OAI21X1           3  6.9   63   +53     520 R 
  genblk1[1].genblk1.sng/sn_out[0] 
  g255/B                                                      +0     520   
  g255/Y                     AND2X1            4 11.3   71   +67     587 R 
  g249/C                                                      +0     587   
  g249/Y                     NAND3X1           1  1.5   13   +23     610 F 
  drc_bufs262/A                                               +0     610   
  drc_bufs262/Y              BUFX2             1  1.5    1   +33     643 F 
  g248/A                                                      +0     643   
  g248/Y                     INVX1             1 12.7   28   +32     674 R 
  genblk2.stoch2bin/data_in[11] 
    par_ctr/a[11] 
      p0/a[3] 
        p1/a[3] 
          fa0/cin 
            g2/A                                              +0     674   
            g2/YS            FAX1              1  3.8   25   +86     760 R 
          fa0/s 
          ha0/b 
            g17/B                                             +0     760   
            g17/YS           HAX1              1  4.0   19   +60     820 F 
          ha0/s 
        p1/y[0] 
        g168/A                                                +0     820   
        g168/YC              HAX1              1 10.9   41   +69     889 F 
        g167/A                                                +0     889   
        g167/YC              FAX1              1  7.1   29   +92     981 F 
        g166/C                                                +0     981   
        g166/YS              FAX1              1 12.7   67  +103    1083 R 
      p0/y[2] 
      g234/A                                                  +0    1083   
      g234/YS                FAX1              3  7.9   45  +103    1186 R 
    par_ctr/y[2] 
    ctr/data_in[2] 
      add_55_25/B[2] 
        g13758/B                                              +0    1186   
        g13758/YC            HAX1              1  2.4   21   +44    1230 R 
        g13715/C                                              +0    1230   
        g13715/Y             AOI21X1           1  1.5   15   +13    1243 F 
        drc_bufs13850/A                                       +0    1243   
        drc_bufs13850/Y      BUFX2             1  1.9    2   +33    1277 F 
        g13714/C                                              +0    1277   
        g13714/Y             OAI21X1           3  7.1   65   +31    1308 R 
        g13709/B                                              +0    1308   
        g13709/Y             AOI21X1           1  1.5   14   +36    1344 F 
        drc_bufs13852/A                                       +0    1344   
        drc_bufs13852/Y      BUFX2             1  1.9    2   +33    1377 F 
        g13707/C                                              +0    1377   
        g13707/Y             OAI21X1           3  7.1   65   +31    1408 R 
        g13704/B                                              +0    1408   
        g13704/Y             AOI21X1           1  1.5   14   +36    1445 F 
        drc_bufs13839/A                                       +0    1445   
        drc_bufs13839/Y      BUFX2             1  1.9    2   +33    1478 F 
        g13703/C                                              +0    1478   
        g13703/Y             OAI21X1           3  7.1   65   +31    1509 R 
        g13699/B                                              +0    1509   
        g13699/Y             AOI21X1           1  1.5   14   +36    1545 F 
        drc_bufs13840/A                                       +0    1545   
        drc_bufs13840/Y      BUFX2             1  1.9    2   +33    1579 F 
        g13698/C                                              +0    1579   
        g13698/Y             OAI21X1           3  7.1   46   +31    1610 R 
        g13695/B                                              +0    1610   
        g13695/Y             AOI21X1           1  1.5   15   +32    1641 F 
        drc_bufs13841/A                                       +0    1641   
        drc_bufs13841/Y      BUFX2             1  1.9    2   +33    1675 F 
        g13694/C                                              +0    1675   
        g13694/Y             OAI21X1           3  7.1   46   +31    1706 R 
        g13691/B                                              +0    1706   
        g13691/Y             AOI21X1           1  1.5   15   +32    1738 F 
        drc_bufs13842/A                                       +0    1738   
        drc_bufs13842/Y      BUFX2             1  1.9    2   +33    1771 F 
        g13690/C                                              +0    1771   
        g13690/Y             OAI21X1           3  7.1   46   +31    1802 R 
        g13687/B                                              +0    1802   
        g13687/Y             AOI21X1           1  1.5   15   +32    1834 F 
        drc_bufs13843/A                                       +0    1834   
        drc_bufs13843/Y      BUFX2             1  1.9    2   +33    1867 F 
        g13686/C                                              +0    1867   
        g13686/Y             OAI21X1           3  7.1   46   +31    1898 R 
        g13683/B                                              +0    1898   
        g13683/Y             AOI21X1           1  1.5   15   +32    1930 F 
        drc_bufs13844/A                                       +0    1930   
        drc_bufs13844/Y      BUFX2             1  1.9    2   +33    1964 F 
        g13682/C                                              +0    1964   
        g13682/Y             OAI21X1           3  7.1   46   +31    1995 R 
        g13679/B                                              +0    1995   
        g13679/Y             AOI21X1           1  1.5   15   +32    2027 F 
        drc_bufs13845/A                                       +0    2027   
        drc_bufs13845/Y      BUFX2             1  1.9    2   +33    2060 F 
        g13678/C                                              +0    2060   
        g13678/Y             OAI21X1           3  7.1   46   +31    2091 R 
        g13675/B                                              +0    2091   
        g13675/Y             AOI21X1           1  1.5   15   +32    2123 F 
        drc_bufs13846/A                                       +0    2123   
        drc_bufs13846/Y      BUFX2             1  1.9    2   +33    2156 F 
        g13674/C                                              +0    2156   
        g13674/Y             OAI21X1           3  7.1   46   +31    2187 R 
        g13671/B                                              +0    2187   
        g13671/Y             AOI21X1           1  1.5   15   +32    2219 F 
        drc_bufs13847/A                                       +0    2219   
        drc_bufs13847/Y      BUFX2             1  1.9    2   +33    2253 F 
        g13670/C                                              +0    2253   
        g13670/Y             OAI21X1           3  7.1   46   +31    2284 R 
        g13667/B                                              +0    2284   
        g13667/Y             AOI21X1           1  1.5   15   +32    2316 F 
        drc_bufs13849/A                                       +0    2316   
        drc_bufs13849/Y      BUFX2             1  1.9    2   +33    2349 F 
        g13666/C                                              +0    2349   
        g13666/Y             OAI21X1           3  7.1   46   +31    2380 R 
        g13663/B                                              +0    2380   
        g13663/Y             AOI21X1           1  1.5   15   +32    2412 F 
        drc_bufs13848/A                                       +0    2412   
        drc_bufs13848/Y      BUFX2             1  1.9    2   +33    2445 F 
        g13662/C                                              +0    2445   
        g13662/Y             OAI21X1           3  7.1   46   +31    2476 R 
        g13659/B                                              +0    2476   
        g13659/Y             AOI21X1           1  1.5   15   +32    2508 F 
        drc_bufs13857/A                                       +0    2508   
        drc_bufs13857/Y      BUFX2             1  1.9    2   +33    2542 F 
        g13658/C                                              +0    2542   
        g13658/Y             OAI21X1           3  7.1   46   +31    2573 R 
        g13655/B                                              +0    2573   
        g13655/Y             AOI21X1           1  1.5   15   +32    2604 F 
        drc_bufs13863/A                                       +0    2604   
        drc_bufs13863/Y      BUFX2             1  1.9    2   +33    2638 F 
        g13654/C                                              +0    2638   
        g13654/Y             OAI21X1           3  7.1   46   +31    2669 R 
        g13651/B                                              +0    2669   
        g13651/Y             AOI21X1           1  1.5   15   +32    2701 F 
        drc_bufs13861/A                                       +0    2701   
        drc_bufs13861/Y      BUFX2             1  1.9    2   +33    2734 F 
        g13650/C                                              +0    2734   
        g13650/Y             OAI21X1           3  7.1   46   +31    2765 R 
        g13647/B                                              +0    2765   
        g13647/Y             AOI21X1           1  1.5   15   +32    2797 F 
        drc_bufs13853/A                                       +0    2797   
        drc_bufs13853/Y      BUFX2             1  1.9    2   +33    2830 F 
        g13646/C                                              +0    2830   
        g13646/Y             OAI21X1           3  7.1   46   +31    2862 R 
        g13643/B                                              +0    2862   
        g13643/Y             AOI21X1           1  1.5   15   +32    2893 F 
        drc_bufs13854/A                                       +0    2893   
        drc_bufs13854/Y      BUFX2             1  1.9    2   +33    2927 F 
        g13642/C                                              +0    2927   
        g13642/Y             OAI21X1           3  7.1   46   +31    2958 R 
        g13639/B                                              +0    2958   
        g13639/Y             AOI21X1           1  1.5   15   +32    2990 F 
        drc_bufs13855/A                                       +0    2990   
        drc_bufs13855/Y      BUFX2             1  1.9    2   +33    3023 F 
        g13638/C                                              +0    3023   
        g13638/Y             OAI21X1           3 10.1   61   +40    3064 R 
        g13637/B                                              +0    3064   
        g13637/Y             NAND2X1           1  1.5   16   +25    3089 F 
        drc_bufs13838/A                                       +0    3089   
        drc_bufs13838/Y      BUFX2             1  1.8    2   +34    3122 F 
        g13634/B                                              +0    3122   
        g13634/Y             AND2X1            3  8.7   36   +56    3178 F 
        g13633/A                                              +0    3178   
        g13633/Y             INVX1             1  2.0    0    +9    3187 R 
        g13632/C                                              +0    3187   
        g13632/Y             OAI21X1           1  1.9    1   +10    3198 F 
        g13628/A                                              +0    3198   
        g13628/Y             AND2X1            2  4.9   25   +36    3234 F 
        g13625/B                                              +0    3234   
        g13625/Y             OAI21X1           4  8.4   71   +63    3296 R 
        g13615/C                                              +0    3296   
        g13615/Y             OAI21X1           1  1.9    6   +30    3326 F 
        g13609/A                                              +0    3326   
        g13609/Y             AND2X1            1  2.6   18   +32    3358 F 
        g13606/B                                              +0    3358   
        g13606/Y             OAI21X1           2  3.9   51   +47    3405 R 
        g13604/A                                              +0    3405   
        g13604/Y             INVX1             2  6.9   23   +37    3442 F 
        g13598/A                                              +0    3442   
        g13598/Y             OR2X1             3  6.4   20   +50    3491 F 
        g13593/B                                              +0    3491   
        g13593/Y             NOR2X1            1  1.5   23   +28    3519 R 
        drc_bufs13835/A                                       +0    3519   
        drc_bufs13835/Y      BUFX2             1  2.4    8   +34    3553 R 
        g13588/B                                              +0    3553   
        g13588/Y             NOR2X1            1  1.5    0   +10    3563 F 
        drc_bufs13856/A                                       +0    3563   
        drc_bufs13856/Y      BUFX2             1  1.9    0   +30    3594 F 
        g13586/C                                              +0    3594   
        g13586/Y             OAI21X1           4  9.8   75   +39    3632 R 
        g13575/B                                              +0    3632   
        g13575/Y             AOI21X1           1  1.5   14   +39    3671 F 
        drc_bufs13830/A                                       +0    3671   
        drc_bufs13830/Y      BUFX2             1  2.6    3   +34    3705 F 
        g13571/B                                              +0    3705   
        g13571/Y             OAI21X1           1  5.4   56   +48    3754 R 
        g13568/A                                              +0    3754   
        g13568/Y             XOR2X1            1  2.8   46   +41    3794 R 
      add_55_25/Z[34] 
      g138/A                                                  +0    3794   
      g138/Y                 MUX2X1            1  1.5   45   +28    3822 F 
      g137/A                                                  +0    3822   
      g137/Y                 INVX1             1  2.0    0   +13    3835 R 
      countval_reg[34]/D     DFFSR                            +0    3835   
      countval_reg[34]/CLK   setup                       0   +70    3906 R 
- - - - - - - - - - - - - - - - - - - - - - - - - - - - - - - - - - - - - -
(clock clk)                  capture                                5000 R 
                             uncertainty                     -50    4950 R 
---------------------------------------------------------------------------
Cost Group   : 'clk' (path_group 'clk')
Timing slack :    1044ps 
Start-point  : TOP/genblk1[1].genblk1.sng/ctr/countval_reg[3]/CLK
End-point    : TOP/genblk2.stoch2bin/ctr/countval_reg[34]/D
