============================================================
  Generated by:           Encounter(R) RTL Compiler v14.10-s022_1
  Generated on:           Jul 25 2021  04:09:52 pm
  Module:                 ms_serial_by4_mul_synth
  Technology library:     gscl45nm 
  Operating conditions:   typical (balanced_tree)
  Wireload mode:          enclosed
  Area mode:              timing library
============================================================

                                  Leakage    Dynamic     Total   
         Instance          Cells Power(nW)  Power(nW)  Power(nW) 
-----------------------------------------------------------------
ms_serial_by4_mul_synth      150  4910.134 208425.058 213335.192 
  TOP                        150  4910.134 202299.319 207209.454 
    genblk2.stoch2bin         97  3852.620 143887.515 147740.134 
      par_ctr                 59  2639.239  49250.183  51889.422 
        p1                    37  1659.647  35171.440  36831.087 
          p0                  16   727.620  11460.934  12188.554 
            p1                 9   411.375   7096.909   7508.284 
              p0               3   142.695   1748.577   1891.272 
                fa0            1    47.565    483.761    531.326 
                ha0            1    47.565    628.898    676.463 
                ha1            1    47.565    635.918    683.482 
              p1               3   142.695   2228.407   2371.102 
                fa0            1    47.565    672.524    720.089 
                ha0            1    47.565    894.272    941.836 
                ha1            1    47.565    661.611    709.176 
            p0                 3   142.695   1181.122   1323.817 
              p1               3   142.695   1181.122   1323.817 
                fa0            1    47.565    328.630    376.195 
                ha0            1    47.565    437.975    485.539 
                ha1            1    47.565    414.517    462.082 
          p1                  16   727.620  16502.243  17229.864 
            p1                 9   411.375  10118.530  10529.905 
              p0               3   142.695   2590.381   2733.075 
                fa0            1    47.565    743.405    790.970 
                ha0            1    47.565    928.994    976.559 
                ha1            1    47.565    917.982    965.547 
              p1               3   142.695   3000.083   3142.778 
                fa0            1    47.565    947.545    995.110 
                ha0            1    47.565   1204.298   1251.863 
                ha1            1    47.565    848.240    895.805 
            p0                 3   142.695   1969.508   2112.203 
              p1               3   142.695   1969.508   2112.203 
                fa0            1    47.565    562.841    610.406 
                ha0            1    47.565    711.117    758.682 
                ha1            1    47.565    695.550    743.114 
        p0                    16   727.620   6809.205   7536.825 
          p1                  16   727.620   6809.205   7536.825 
            p1                 9   411.375   4451.906   4863.282 
              p0               3   142.695   1028.527   1171.221 
                fa0            1    47.565    280.567    328.131 
                ha0            1    47.565    364.009    411.574 
                ha1            1    47.565    383.952    431.516 
              p1               3   142.695   1541.893   1684.588 
                fa0            1    47.565    461.404    508.969 
                ha0            1    47.565    593.095    640.660 
                ha1            1    47.565    487.393    534.958 
            p0                 3   142.695    586.413    729.108 
              p1               3   142.695    586.413    729.108 
                fa0            1    47.565    163.672    211.237 
                ha0            1    47.565    200.678    248.243 
                ha1            1    47.565    222.063    269.628 
      ctr                     31  1137.310  89061.767  90199.077 
    genblk1[2].genblk1.sng     6   173.201  10400.969  10574.170 
      ctr                      4   143.852   9163.967   9307.819 
    genblk1[0].genblk1.sng     5   153.448  16831.543  16984.990 
      ctr                      3   124.098  15614.505  15738.603 
    genblk1[1].genblk1.sng     5   153.448  17747.072  17900.520 
      ctr                      3   124.098  15471.381  15595.479 

