============================================================
  Generated by:           Encounter(R) RTL Compiler v14.10-s022_1
  Generated on:           Jul 25 2021  01:14:57 pm
  Module:                 ms_serial_by2_mul_synth
  Technology library:     gscl45nm 
  Operating conditions:   typical (balanced_tree)
  Wireload mode:          enclosed
  Area mode:              timing library
============================================================

           Pin                 Type       Fanout Load Slew Delay Arrival   
                                                 (fF) (ps)  (ps)   (ps)    
---------------------------------------------------------------------------
(clock clk_int4)             launch                                    0 R 
TOP
  genblk1[4].genblk1.sng
    ctr
      countval_reg[3]/CLK                                0             0 R 
      countval_reg[3]/Q      DFFSR             1  1.5   10  +109     109 R 
      drc_bufs486/A                                           +0     109   
      drc_bufs486/Y          BUFX2             4 13.5   33   +50     159 R 
    ctr/countval[3] 
    g1430/B                                                   +0     159   
    g1430/YS                 HAX1              2  4.8   28   +59     218 R 
    g1416/B                                                   +0     218   
    g1416/Y                  AOI21X1           1  1.5   15   +27     245 F 
    drc_bufs1480/A                                            +0     245   
    drc_bufs1480/Y           BUFX2             1  2.6    3   +34     279 F 
    g1407/B                                                   +0     279   
    g1407/Y                  OAI21X1           1  2.3   43   +38     318 R 
    g1406/A                                                   +0     318   
    g1406/Y                  AND2X1            1  2.5   33   +31     348 R 
    g1404/A                                                   +0     348   
    g1404/Y                  OR2X1             1  2.3   21   +39     388 R 
    g1403/A                                                   +0     388   
    g1403/Y                  AND2X1            1  3.3   37   +34     421 R 
    g1401/C                                                   +0     421   
    g1401/Y                  NOR3X1            1  2.6   27   +27     448 F 
    g1400/B                                                   +0     448   
    g1400/Y                  OAI21X1           1  2.0   40   +43     491 R 
    g2/B                                                      +0     491   
    g2/Y                     NAND2X1           1  1.5   18   +20     512 F 
    drc_bufs1486/A                                            +0     512   
    drc_bufs1486/Y           BUFX2             1  1.9    3   +34     546 F 
    g1398/A                                                   +0     546   
    g1398/Y                  AND2X1            3  5.3   26   +37     583 F 
  genblk1[4].genblk1.sng/sn_out[1] 
  g586/A                                                      +0     583   
  g586/Y                     INVX1             3  8.7   12   +27     611 R 
  g554/A                                                      +0     611   
  g554/Y                     OR2X1             5 14.0   77   +75     686 R 
  g553/A                                                      +0     686   
  g553/Y                     INVX1             1  1.9    6   +33     719 F 
  g547/A                                                      +0     719   
  g547/Y                     AND2X1            4  7.2   30   +42     761 F 
  g504/B                                                      +0     761   
  g504/Y                     AND2X1            1  7.1   30   +56     817 F 
  genblk2.stoch2bin/data_in[29] 
    par_ctr/a[29] 
      p0/a[13] 
        p0/a[5] 
          p0/a[1] 
            fa0/a 
              g2/C                                            +0     817   
              g2/YS          FAX1              1  3.4   12   +81     898 F 
            fa0/s 
            ha0/b 
              g17/B                                           +0     898   
              g17/YS         HAX1              1  3.4   17   +58     956 F 
            ha0/s 
          p0/y[0] 
          g168/B                                              +0     956   
          g168/YC            HAX1              1 10.9   41   +65    1020 F 
          g167/A                                              +0    1020   
          g167/YC            FAX1              1  7.1   29   +92    1112 F 
          g166/C                                              +0    1112   
          g166/YS            FAX1              1 12.7   67  +103    1215 R 
        p0/y[2] 
        g236/A                                                +0    1215   
        g236/YS              FAX1              1 12.7   67  +117    1332 R 
      p0/y[2] 
      g288/A                                                  +0    1332   
      g288/YS                FAX1              3  7.9   45  +103    1435 R 
    par_ctr/y[2] 
    ctr/data_in[2] 
      add_55_25/B[2] 
        g32697/B                                              +0    1435   
        g32697/YC            HAX1              1  2.4   21   +44    1479 R 
        g32606/C                                              +0    1479   
        g32606/Y             AOI21X1           1  1.5   15   +13    1492 F 
        drc_bufs32829/A                                       +0    1492   
        drc_bufs32829/Y      BUFX2             1  1.9    2   +33    1526 F 
        g32603/C                                              +0    1526   
        g32603/Y             OAI21X1           3 10.4   81   +41    1567 R 
        g32598/B                                              +0    1567   
        g32598/Y             NAND2X1           1  1.5   14   +30    1596 F 
        drc_bufs32821/A                                       +0    1596   
        drc_bufs32821/Y      BUFX2             1  1.8    2   +33    1630 F 
        g32593/B                                              +0    1630   
        g32593/Y             AND2X1            3  6.7   30   +52    1681 F 
        g32592/A                                              +0    1681   
        g32592/Y             INVX1             2  5.5    0   +19    1700 R 
        g32588/B                                              +0    1700   
        g32588/Y             AOI21X1           1  1.5   16   +21    1721 F 
        drc_bufs32833/A                                       +0    1721   
        drc_bufs32833/Y      BUFX2             1  1.9    2   +34    1754 F 
        g32587/C                                              +0    1754   
        g32587/Y             OAI21X1           3 10.1   79   +40    1795 R 
        g32586/B                                              +0    1795   
        g32586/Y             NAND2X1           1  1.5   14   +29    1824 F 
        drc_bufs32819/A                                       +0    1824   
        drc_bufs32819/Y      BUFX2             1  1.8    2   +33    1857 F 
        g32583/B                                              +0    1857   
        g32583/Y             AND2X1            3  6.7   30   +52    1909 F 
        g32582/A                                              +0    1909   
        g32582/Y             INVX1             2  5.5    0   +19    1928 R 
        g32578/B                                              +0    1928   
        g32578/Y             AOI21X1           1  1.5   16   +21    1948 F 
        drc_bufs32839/A                                       +0    1948   
        drc_bufs32839/Y      BUFX2             1  1.9    2   +34    1982 F 
        g32577/C                                              +0    1982   
        g32577/Y             OAI21X1           3  7.1   46   +31    2013 R 
        g32574/B                                              +0    2013   
        g32574/Y             AOI21X1           1  1.5   15   +32    2045 F 
        drc_bufs32837/A                                       +0    2045   
        drc_bufs32837/Y      BUFX2             1  1.9    2   +33    2078 F 
        g32573/C                                              +0    2078   
        g32573/Y             OAI21X1           3  7.1   46   +31    2109 R 
        g32570/B                                              +0    2109   
        g32570/Y             AOI21X1           1  1.5   15   +32    2141 F 
        drc_bufs32838/A                                       +0    2141   
        drc_bufs32838/Y      BUFX2             1  1.9    2   +33    2174 F 
        g32569/C                                              +0    2174   
        g32569/Y             OAI21X1           3  7.1   46   +31    2206 R 
        g32566/B                                              +0    2206   
        g32566/Y             AOI21X1           1  1.5   15   +32    2237 F 
        drc_bufs32847/A                                       +0    2237   
        drc_bufs32847/Y      BUFX2             1  1.9    2   +33    2271 F 
        g32565/C                                              +0    2271   
        g32565/Y             OAI21X1           3  7.1   46   +31    2302 R 
        g32562/B                                              +0    2302   
        g32562/Y             AOI21X1           1  1.5   15   +32    2334 F 
        drc_bufs32855/A                                       +0    2334   
        drc_bufs32855/Y      BUFX2             1  1.9    2   +33    2367 F 
        g32561/C                                              +0    2367   
        g32561/Y             OAI21X1           3  7.1   46   +31    2398 R 
        g32558/B                                              +0    2398   
        g32558/Y             AOI21X1           1  1.5   15   +32    2430 F 
        drc_bufs32854/A                                       +0    2430   
        drc_bufs32854/Y      BUFX2             1  1.9    2   +33    2463 F 
        g32557/C                                              +0    2463   
        g32557/Y             OAI21X1           3  7.1   46   +31    2494 R 
        g32554/B                                              +0    2494   
        g32554/Y             AOI21X1           1  1.5   15   +32    2526 F 
        drc_bufs32842/A                                       +0    2526   
        drc_bufs32842/Y      BUFX2             1  1.9    2   +33    2560 F 
        g32553/C                                              +0    2560   
        g32553/Y             OAI21X1           3  7.1   46   +31    2591 R 
        g32550/B                                              +0    2591   
        g32550/Y             AOI21X1           1  1.5   15   +32    2622 F 
        drc_bufs32843/A                                       +0    2622   
        drc_bufs32843/Y      BUFX2             1  1.9    2   +33    2656 F 
        g32549/C                                              +0    2656   
        g32549/Y             OAI21X1           3  7.1   46   +31    2687 R 
        g32546/B                                              +0    2687   
        g32546/Y             AOI21X1           1  1.5   15   +32    2719 F 
        drc_bufs32859/A                                       +0    2719   
        drc_bufs32859/Y      BUFX2             1  1.9    2   +33    2752 F 
        g32545/C                                              +0    2752   
        g32545/Y             OAI21X1           3  7.1   46   +31    2783 R 
        g32542/B                                              +0    2783   
        g32542/Y             AOI21X1           1  1.5   15   +32    2815 F 
        drc_bufs32858/A                                       +0    2815   
        drc_bufs32858/Y      BUFX2             1  1.9    2   +33    2848 F 
        g32541/C                                              +0    2848   
        g32541/Y             OAI21X1           3  7.1   46   +31    2880 R 
        g32538/B                                              +0    2880   
        g32538/Y             AOI21X1           1  1.5   15   +32    2911 F 
        drc_bufs32845/A                                       +0    2911   
        drc_bufs32845/Y      BUFX2             1  1.9    2   +33    2945 F 
        g32537/C                                              +0    2945   
        g32537/Y             OAI21X1           3  7.1   46   +31    2976 R 
        g32534/B                                              +0    2976   
        g32534/Y             AOI21X1           1  1.5   15   +32    3008 F 
        drc_bufs32860/A                                       +0    3008   
        drc_bufs32860/Y      BUFX2             1  1.9    2   +33    3041 F 
        g32533/C                                              +0    3041   
        g32533/Y             OAI21X1           3 10.1   61   +40    3082 R 
        g32532/B                                              +0    3082   
        g32532/Y             NAND2X1           1  1.5   16   +25    3107 F 
        drc_bufs32823/A                                       +0    3107   
        drc_bufs32823/Y      BUFX2             1  1.8    2   +34    3140 F 
        g32529/B                                              +0    3140   
        g32529/Y             AND2X1            3  8.7   36   +56    3196 F 
        g32528/A                                              +0    3196   
        g32528/Y             INVX1             1  2.0    0    +9    3205 R 
        g32524/C                                              +0    3205   
        g32524/Y             OAI21X1           1  1.9    1   +10    3216 F 
        g32520/A                                              +0    3216   
        g32520/Y             AND2X1            1  2.6   18   +31    3247 F 
        g32518/B                                              +0    3247   
        g32518/Y             OAI21X1           3  7.1   66   +57    3304 R 
        g32517/A                                              +0    3304   
        g32517/Y             INVX1             3  7.8   25   +42    3347 F 
        g32509/B                                              +0    3347   
        g32509/Y             OAI21X1           3  7.1   66   +58    3405 R 
        g32508/A                                              +0    3405   
        g32508/Y             INVX1             3  7.8   25   +42    3447 F 
        g32495/B                                              +0    3447   
        g32495/Y             OAI21X1           3  7.1   66   +58    3506 R 
        g32494/A                                              +0    3506   
        g32494/Y             INVX1             3  8.4   26   +44    3550 F 
        g32486/C                                              +0    3550   
        g32486/Y             NOR3X1            1  3.3   57   +31    3580 R 
        g32478/C                                              +0    3580   
        g32478/Y             NOR3X1            3  6.7   39   +41    3621 F 
        g32477/A                                              +0    3621   
        g32477/Y             INVX1             3  7.8    9   +29    3650 R 
        g32465/A                                              +0    3650   
        g32465/Y             AND2X1            1  2.8   35   +32    3683 R 
        g32448/B                                              +0    3683   
        g32448/Y             OAI21X1           1  1.9    5   +20    3703 F 
        g32436/A                                              +0    3703   
        g32436/Y             AND2X1            5 14.1   50   +56    3759 F 
        g32426/A                                              +0    3759   
        g32426/Y             OR2X1             2  6.0   23   +51    3810 F 
        g32409/C                                              +0    3810   
        g32409/Y             NAND3X1           1  1.5   34   +31    3841 R 
        drc_bufs32867/A                                       +0    3841   
        drc_bufs32867/Y      BUFX2             1  1.6    8   +34    3875 R 
        drc_bufs32810/A                                       +0    3875   
        drc_bufs32810/Y      INVX1             2  7.8   29   +27    3902 F 
        g32396/C                                              +0    3902   
        g32396/Y             NOR3X1            1  3.3   56   +31    3933 R 
        g32385/C                                              +0    3933   
        g32385/Y             NOR3X1            1  4.6   33   +36    3969 F 
        g32370/A                                              +0    3969   
        g32370/Y             XNOR2X1           1  2.8   41   +39    4008 R 
      add_55_25/Z[46] 
      g140/A                                                  +0    4008   
      g140/Y                 MUX2X1            1  1.5   76   +27    4036 F 
      g139/A                                                  +0    4036   
      g139/Y                 INVX1             1  2.0    0   +24    4060 R 
      countval_reg[46]/D     DFFSR                            +0    4060   
      countval_reg[46]/CLK   setup                       0   +70    4130 R 
- - - - - - - - - - - - - - - - - - - - - - - - - - - - - - - - - - - - - -
(clock clk)                  capture                                5000 R 
                             uncertainty                     -50    4950 R 
---------------------------------------------------------------------------
Cost Group   : 'clk' (path_group 'clk')
Timing slack :     820ps 
Start-point  : TOP/genblk1[4].genblk1.sng/ctr/countval_reg[3]/CLK
End-point    : TOP/genblk2.stoch2bin/ctr/countval_reg[46]/D
