============================================================
  Generated by:           Encounter(R) RTL Compiler v14.10-s022_1
  Generated on:           Jul 25 2021  01:14:58 pm
  Module:                 ms_serial_by2_mul_synth
  Technology library:     gscl45nm 
  Operating conditions:   typical (balanced_tree)
  Wireload mode:          enclosed
  Area mode:              timing library
============================================================

         Instance           Cells  Cell Area  Net Area  Total Area  Wireload     
---------------------------------------------------------------------------------
ms_serial_by2_mul_synth      1379       4548         0        4548    <none> (D) 
  TOP                        1379       4548         0        4548    <none> (D) 
    genblk2.stoch2bin         690       2442         0        2442    <none> (D) 
      ctr                     635       2088         0        2088    <none> (D) 
        add_55_25             430       1177         0        1177    <none> (D) 
      par_ctr                  49        340         0         340    <none> (D) 
        p1                     22        150         0         150    <none> (D) 
          p1                    9         59         0          59    <none> (D) 
            p1                  3         18         0          18    <none> (D) 
              fa0               1          9         0           9    <none> (D) 
              ha1               1          5         0           5    <none> (D) 
              ha0               1          5         0           5    <none> (D) 
            p0                  3         18         0          18    <none> (D) 
              fa0               1          9         0           9    <none> (D) 
              ha1               1          5         0           5    <none> (D) 
              ha0               1          5         0           5    <none> (D) 
          p0                    9         59         0          59    <none> (D) 
            p1                  3         18         0          18    <none> (D) 
              fa0               1          9         0           9    <none> (D) 
              ha1               1          5         0           5    <none> (D) 
              ha0               1          5         0           5    <none> (D) 
            p0                  3         18         0          18    <none> (D) 
              fa0               1          9         0           9    <none> (D) 
              ha1               1          5         0           5    <none> (D) 
              ha0               1          5         0           5    <none> (D) 
        p0                     22        150         0         150    <none> (D) 
          p1                    9         59         0          59    <none> (D) 
            p1                  3         18         0          18    <none> (D) 
              fa0               1          9         0           9    <none> (D) 
              ha1               1          5         0           5    <none> (D) 
              ha0               1          5         0           5    <none> (D) 
            p0                  3         18         0          18    <none> (D) 
              fa0               1          9         0           9    <none> (D) 
              ha1               1          5         0           5    <none> (D) 
              ha0               1          5         0           5    <none> (D) 
          p0                    9         59         0          59    <none> (D) 
            p1                  3         18         0          18    <none> (D) 
              fa0               1          9         0           9    <none> (D) 
              ha1               1          5         0           5    <none> (D) 
              ha0               1          5         0           5    <none> (D) 
            p0                  3         18         0          18    <none> (D) 
              fa0               1          9         0           9    <none> (D) 
              ha1               1          5         0           5    <none> (D) 
              ha0               1          5         0           5    <none> (D) 
    genblk1[4].genblk1.sng    126        395         0         395    <none> (D) 
      ctr                      52        225         0         225    <none> (D) 
    genblk1[3].genblk1.sng    125        393         0         393    <none> (D) 
      ctr                      51        222         0         222    <none> (D) 
    genblk1[2].genblk1.sng    125        392         0         392    <none> (D) 
      ctr                      51        222         0         222    <none> (D) 
    genblk1[1].genblk1.sng    123        389         0         389    <none> (D) 
      ctr                      51        222         0         222    <none> (D) 
    genblk1[0].genblk1.sng    116        376         0         376    <none> (D) 
      ctr                      47        214         0         214    <none> (D) 

 (D) = wireload is default in technology library
