============================================================
  Generated by:           Encounter(R) RTL Compiler v14.10-s022_1
  Generated on:           Jul 25 2021  01:10:09 pm
  Module:                 ms_serial_by2_mul_synth
  Technology library:     gscl45nm 
  Operating conditions:   typical (balanced_tree)
  Wireload mode:          enclosed
  Area mode:              timing library
============================================================

           Pin                 Type       Fanout Load Slew Delay Arrival   
                                                 (fF) (ps)  (ps)   (ps)    
---------------------------------------------------------------------------
(clock clk_int2)             launch                                    0 R 
TOP
  genblk1[2].genblk1.sng
    ctr
      countval_reg[2]/CLK                                0             0 R 
      countval_reg[2]/Q      DFFSR             1  1.5   10  +115     115 F 
      drc_bufs400/A                                           +0     115   
      drc_bufs400/Y          BUFX2             5 12.6   16   +44     158 F 
    ctr/countval[2] 
    g631/A                                                    +0     158   
    g631/Y                   INVX1             1  2.5    0    +4     162 R 
    g628/A                                                    +0     162   
    g628/Y                   OR2X1             2  4.9   36   +47     209 R 
    g620/B                                                    +0     209   
    g620/Y                   NAND3X1           1  1.5   15   +18     227 F 
    drc_bufs642/A                                             +0     227   
    drc_bufs642/Y            BUFX2             1  1.9    2   +33     261 F 
    g614/A                                                    +0     261   
    g614/Y                   AND2X1            1  2.6   18   +32     292 F 
    g611/B                                                    +0     292   
    g611/Y                   OAI21X1           1  2.8   45   +43     336 R 
    g610/A                                                    +0     336   
    g610/Y                   AOI22X1           1  1.5   34   +38     374 F 
    drc_bufs/A                                                +0     374   
    drc_bufs/Y               BUFX2             1  2.6    7   +38     412 F 
    g609/B                                                    +0     412   
    g609/Y                   OAI21X1           4 10.1   79   +64     476 R 
    g607/A                                                    +0     476   
    g607/Y                   OR2X1             3  7.6   43   +56     532 R 
  genblk1[2].genblk1.sng/sn_out[0] 
  g137/A                                                      +0     532   
  g137/Y                     AND2X1            2  4.6   37   +38     570 R 
  g127/B                                                      +0     570   
  g127/Y                     AND2X1            1  8.2   59   +59     629 R 
  genblk2.stoch2bin/data_in[6] 
    par_ctr/a[6] 
      p0/a[2] 
        fa0/b 
          g2/C                                                +0     629   
          g2/YS              FAX1              1  3.4   12   +85     714 F 
        fa0/s 
        ha0/b 
          g17/B                                               +0     714   
          g17/YC             HAX1              1  3.4   20   +48     762 F 
        ha0/cout 
        ha1/a 
          g17/B                                               +0     762   
          g17/YS             HAX1              1 12.7   65   +82     844 R 
        ha1/s 
      p0/y[1] 
      g167/A                                                  +0     844   
      g167/YS                FAX1              2 10.2   31  +106     949 F 
    par_ctr/y[1] 
    ctr/data_in[1] 
      add_55_25/B[1] 
        g576/C                                                +0     949   
        g576/YC              FAX1              1  7.1   29   +82    1031 F 
        g575/C                                                +0    1031   
        g575/YC              FAX1              1  7.1   29   +82    1113 F 
        g574/C                                                +0    1113   
        g574/YC              FAX1              1  7.1   29   +82    1194 F 
        g573/C                                                +0    1194   
        g573/YC              FAX1              1  7.1   26   +82    1276 F 
        g572/C                                                +0    1276   
        g572/YC              FAX1              1  7.1   27   +81    1357 F 
        g571/C                                                +0    1357   
        g571/YC              FAX1              1  7.1   27   +81    1438 F 
        g570/C                                                +0    1438   
        g570/YC              FAX1              1  7.1   27   +81    1519 F 
        g569/C                                                +0    1519   
        g569/YC              FAX1              1  7.1   27   +81    1600 F 
        g568/C                                                +0    1600   
        g568/YC              FAX1              1  7.1   27   +81    1682 F 
        g567/C                                                +0    1682   
        g567/YC              FAX1              1  7.1   27   +81    1763 F 
        g566/C                                                +0    1763   
        g566/YC              FAX1              1  7.1   27   +81    1844 F 
        g565/C                                                +0    1844   
        g565/YC              FAX1              1  7.1   27   +81    1925 F 
        g564/C                                                +0    1925   
        g564/YC              FAX1              1  7.1   27   +81    2006 F 
        g563/C                                                +0    2006   
        g563/YC              FAX1              1  7.1   27   +81    2088 F 
        g562/C                                                +0    2088   
        g562/YC              FAX1              1  7.1   27   +81    2169 F 
        g561/C                                                +0    2169   
        g561/YC              FAX1              1  7.1   27   +81    2250 F 
        g560/C                                                +0    2250   
        g560/YC              FAX1              1  7.1   27   +81    2331 F 
        g559/C                                                +0    2331   
        g559/YC              FAX1              1  7.1   27   +81    2412 F 
        g558/C                                                +0    2412   
        g558/YC              FAX1              1  7.1   27   +81    2494 F 
        g557/C                                                +0    2494   
        g557/YC              FAX1              1  7.1   27   +81    2575 F 
        g556/C                                                +0    2575   
        g556/YC              FAX1              1  7.1   27   +81    2656 F 
        g555/C                                                +0    2656   
        g555/YC              FAX1              1 10.9   37   +89    2745 F 
        g2/A                                                  +0    2745   
        g2/YS                FAX1              1  2.8   21   +84    2829 R 
      add_55_25/Z[23] 
      g103/A                                                  +0    2829   
      g103/Y                 MUX2X1            1  1.5   20   +23    2852 F 
      g102/A                                                  +0    2852   
      g102/Y                 INVX1             1  2.0    0    +4    2856 R 
      countval_reg[23]/D     DFFSR                            +0    2856   
      countval_reg[23]/CLK   setup                       0   +70    2926 R 
- - - - - - - - - - - - - - - - - - - - - - - - - - - - - - - - - - - - - -
(clock clk)                  capture                                5000 R 
                             uncertainty                     -50    4950 R 
---------------------------------------------------------------------------
Cost Group   : 'clk' (path_group 'clk')
Timing slack :    2024ps 
Start-point  : TOP/genblk1[2].genblk1.sng/ctr/countval_reg[2]/CLK
End-point    : TOP/genblk2.stoch2bin/ctr/countval_reg[23]/D
