============================================================
  Generated by:           Encounter(R) RTL Compiler v14.10-s022_1
  Generated on:           Jul 25 2021  01:45:12 pm
  Module:                 ms_serial_by4_mul_synth
  Technology library:     gscl45nm 
  Operating conditions:   typical (balanced_tree)
  Wireload mode:          enclosed
  Area mode:              timing library
============================================================

                                  Leakage    Dynamic     Total   
         Instance          Cells Power(nW)  Power(nW)  Power(nW) 
-----------------------------------------------------------------
ms_serial_by4_mul_synth      204  5827.793 281665.117 287492.910 
  TOP                        204  5827.793 272698.412 278526.205 
    genblk2.stoch2bin        111  4252.445 167680.938 171933.383 
      par_ctr                 49  2113.463  37683.234  39796.697 
        p0                    22   954.528  14620.231  15574.759 
          p0                   9   394.666   4996.090   5390.756 
            p0                 3   134.340   1357.144   1491.484 
              ha0              1    47.565    315.681    363.246 
              ha1              1    47.565    508.448    556.013 
              fa0              1    39.210    533.015    572.225 
            p1                 3   134.340   2020.740   2155.080 
              ha0              1    47.565    509.752    557.317 
              ha1              1    47.565    658.565    706.130 
              fa0              1    39.210    852.423    891.633 
          p1                   9   394.666   6666.187   7060.853 
            p0                 3   134.340   1917.238   2051.578 
              ha0              1    47.565    442.717    490.282 
              ha1              1    47.565    731.590    779.155 
              fa0              1    39.210    742.931    782.141 
            p1                 3   134.340   2660.359   2794.699 
              ha0              1    47.565    654.699    702.264 
              ha1              1    47.565    879.000    926.565 
              fa0              1    39.210   1126.659   1165.869 
        p1                    22   954.528  18449.760  19404.288 
          p0                   9   394.666   6403.835   6798.501 
            p0                 3   134.340   1830.860   1965.200 
              ha0              1    47.565    407.193    454.758 
              ha1              1    47.565    688.879    736.444 
              fa0              1    39.210    734.788    773.998 
            p1                 3   134.340   2549.343   2683.683 
              ha0              1    47.565    629.205    676.770 
              ha1              1    47.565    842.285    889.850 
              fa0              1    39.210   1077.853   1117.063 
          p1                   9   394.666   8560.679   8955.345 
            p0                 3   134.340   2512.890   2647.230 
              ha0              1    47.565    561.643    609.207 
              ha1              1    47.565    956.792   1004.357 
              fa0              1    39.210    994.456   1033.666 
            p1                 3   134.340   3404.735   3539.075 
              ha0              1    47.565    818.135    865.700 
              ha1              1    47.565   1147.778   1195.343 
              fa0              1    39.210   1438.822   1478.032 
      ctr                     56  2076.654 125364.263 127440.917 
    genblk1[4].genblk1.sng     5   157.595   9458.181   9615.777 
      ctr                      4   143.852   8882.916   9026.768 
    genblk1[0].genblk1.sng     4   137.842  16551.001  16688.843 
      ctr                      3   124.098  15585.880  15709.978 
    genblk1[1].genblk1.sng     4   137.842  16207.194  16345.035 
      ctr                      3   124.098  15433.214  15557.313 
    genblk1[2].genblk1.sng     4   137.842  16113.104  16250.946 
      ctr                      3   124.098  15509.547  15633.645 
    genblk1[3].genblk1.sng     4   137.842  16141.132  16278.973 
      ctr                      3   124.098  15490.464  15614.562 

