============================================================
  Generated by:           Encounter(R) RTL Compiler v14.10-s022_1
  Generated on:           Jul 25 2021  01:14:57 pm
  Module:                 ms_serial_by2_mul_synth
  Technology library:     gscl45nm 
  Operating conditions:   typical (balanced_tree)
  Wireload mode:          enclosed
  Area mode:              timing library
============================================================

                                  Leakage    Dynamic      Total    
         Instance          Cells Power(nW)  Power(nW)   Power(nW)  
-------------------------------------------------------------------
ms_serial_by2_mul_synth     1379 30598.245 1431340.692 1461938.938 
  TOP                       1379 30598.245 1390571.784 1421170.029 
    genblk2.stoch2bin        690 16115.813  596301.183  612416.996 
      ctr                    635 13931.083  540826.895  554757.979 
        add_55_25            430  6347.757   79606.938   85954.695 
      par_ctr                 49  2113.463   41837.784   43951.247 
        p0                    22   954.528   20360.557   21315.085 
          p0                   9   394.666    9497.204    9891.870 
            p0                 3   134.340    4060.374    4194.714 
              ha0              1    47.565     746.435     794.000 
              ha1              1    47.565    1255.578    1303.143 
              fa0              1    39.210    2058.361    2097.571 
            p1                 3   134.340    3933.458    4067.798 
              ha0              1    47.565     745.840     793.405 
              ha1              1    47.565    1119.036    1166.601 
              fa0              1    39.210    2068.582    2107.793 
          p1                   9   394.666    9360.660    9755.326 
            p0                 3   134.340    4060.374    4194.714 
              ha0              1    47.565     746.435     794.000 
              ha1              1    47.565    1255.578    1303.143 
              fa0              1    39.210    2058.361    2097.571 
            p1                 3   134.340    3933.458    4067.798 
              ha0              1    47.565     745.840     793.405 
              ha1              1    47.565    1119.036    1166.601 
              fa0              1    39.210    2068.582    2107.793 
        p1                    22   954.528   20210.377   21164.906 
          p0                   9   394.666    9477.518    9872.184 
            p0                 3   134.340    4060.529    4194.869 
              ha0              1    47.565     746.435     794.000 
              ha1              1    47.565    1255.578    1303.143 
              fa0              1    39.210    2058.516    2097.726 
            p1                 3   134.340    3913.617    4047.958 
              ha0              1    47.565     737.723     785.288 
              ha1              1    47.565    1119.060    1166.625 
              fa0              1    39.210    2056.835    2096.045 
          p1                   9   394.666    9366.710    9761.377 
            p0                 3   134.340    4060.529    4194.869 
              ha0              1    47.565     746.435     794.000 
              ha1              1    47.565    1255.578    1303.143 
              fa0              1    39.210    2058.516    2097.726 
            p1                 3   134.340    3939.353    4073.693 
              ha0              1    47.565     745.840     793.405 
              ha1              1    47.565    1119.036    1166.601 
              fa0              1    39.210    2074.477    2113.688 
    genblk1[4].genblk1.sng   126  2764.768  139088.822  141853.590 
      ctr                     52  1937.625  100355.681  102293.307 
    genblk1[3].genblk1.sng   125  2745.014  150555.575  153300.589 
      ctr                     51  1917.872  111917.131  113835.002 
    genblk1[2].genblk1.sng   125  2732.680  148981.707  151714.386 
      ctr                     51  1917.872  111306.765  113224.637 
    genblk1[1].genblk1.sng   123  2727.334  152288.252  155015.586 
      ctr                     51  1917.872  113465.377  115383.249 
    genblk1[0].genblk1.sng   116  2702.912  147360.522  150063.434 
      ctr                     47  1873.950  110081.235  111955.185 

