============================================================
  Generated by:           Encounter(R) RTL Compiler v14.10-s022_1
  Generated on:           Jul 25 2021  04:09:10 pm
  Module:                 ms_serial_by4_mul_synth
  Technology library:     gscl45nm 
  Operating conditions:   typical (balanced_tree)
  Wireload mode:          enclosed
  Area mode:              timing library
============================================================

                                  Leakage    Dynamic     Total   
         Instance          Cells Power(nW)  Power(nW)  Power(nW) 
-----------------------------------------------------------------
ms_serial_by4_mul_synth      238  6722.432 397700.979 404423.411 
  TOP                        238  6722.432 385288.647 392011.080 
    genblk2.stoch2bin         98  3643.373 195926.876 199570.250 
      ctr                     71  2640.261 158005.877 160646.139 
      par_ctr                 22   954.528  32290.104  33244.632 
        p0                     9   394.666  14601.178  14995.844 
          p0                   3   134.340   5771.569   5905.909 
            ha0                1    47.565   1119.376   1166.940 
            ha1                1    47.565   1950.113   1997.678 
            fa0                1    39.210   2702.081   2741.291 
          p1                   3   134.340   5586.567   5720.907 
            ha0                1    47.565   1137.500   1185.065 
            ha1                1    47.565   1721.753   1769.318 
            fa0                1    39.210   2727.314   2766.524 
        p1                     9   394.666  14127.443  14522.109 
          p0                   3   134.340   5672.265   5806.606 
            ha0                1    47.565   1101.173   1148.738 
            ha1                1    47.565   1919.490   1967.054 
            fa0                1    39.210   2651.603   2690.813 
          p1                   3   134.340   5475.605   5609.945 
            ha0                1    47.565   1119.298   1166.863 
            ha1                1    47.565   1692.401   1739.966 
            fa0                1    39.210   2663.906   2703.117 
    genblk1[0].genblk1.sng    63  1418.847  92844.477  94263.324 
      ctr                     27  1089.056  72237.370  73326.426 
    genblk1[1].genblk1.sng    61  1410.518  78893.445  80303.963 
      ctr                     28  1108.810  60890.381  61999.191 

