============================================================
  Generated by:           Encounter(R) RTL Compiler v14.10-s022_1
  Generated on:           Jul 25 2021  01:11:52 pm
  Module:                 ms_serial_by2_mul_synth
  Technology library:     gscl45nm 
  Operating conditions:   typical (balanced_tree)
  Wireload mode:          enclosed
  Area mode:              timing library
============================================================

                                  Leakage    Dynamic     Total   
         Instance          Cells Power(nW)  Power(nW)  Power(nW) 
-----------------------------------------------------------------
ms_serial_by2_mul_synth      545 14954.835 848088.539 863043.374 
  TOP                        545 14954.835 819505.162 834459.998 
    genblk2.stoch2bin        188  7033.953 354353.264 361387.217 
      ctr                    161  6021.902 319261.400 325283.302 
        add_55_25             32  1263.087  22371.220  23634.307 
      par_ctr                 22   954.528  24346.483  25301.011 
        p0                     9   394.666  11292.404  11687.070 
          p0                   3   134.340   4808.171   4942.511 
            ha0                1    47.565    873.575    921.140 
            ha1                1    47.565   1500.070   1547.635 
            fa0                1    39.210   2434.526   2473.736 
          p1                   3   134.340   4652.675   4787.015 
            ha0                1    47.565    872.880    920.445 
            ha1                1    47.565   1349.041   1396.606 
            fa0                1    39.210   2430.754   2469.964 
        p1                     9   394.666  11169.860  11564.526 
          p0                   3   134.340   4808.171   4942.511 
            ha0                1    47.565    873.575    921.140 
            ha1                1    47.565   1500.069   1547.634 
            fa0                1    39.210   2434.526   2473.736 
          p1                   3   134.340   4694.981   4829.322 
            ha0                1    47.565    883.314    930.879 
            ha1                1    47.565   1349.012   1396.577 
            fa0                1    39.210   2462.655   2501.866 
    genblk1[3].genblk1.sng    84  1896.841 101167.875 103064.716 
      ctr                     46  1546.562  82115.789  83662.351 
    genblk1[1].genblk1.sng    83  1877.088 112089.958 113967.046 
      ctr                     45  1526.809  93392.455  94919.264 
    genblk1[2].genblk1.sng    83  1877.088 113246.970 115124.057 
      ctr                     45  1526.809  93485.999  95012.808 
    genblk1[0].genblk1.sng    75  1831.782 110000.852 111832.634 
      ctr                     37  1481.503  91135.207  92616.710 

