============================================================
  Generated by:           Encounter(R) RTL Compiler v14.10-s022_1
  Generated on:           Jul 25 2021  01:44:02 pm
  Module:                 ms_serial_by4_mul_synth
  Technology library:     gscl45nm 
  Operating conditions:   typical (balanced_tree)
  Wireload mode:          enclosed
  Area mode:              timing library
============================================================

                                  Leakage    Dynamic     Total   
         Instance          Cells Power(nW)  Power(nW)  Power(nW) 
-----------------------------------------------------------------
ms_serial_by4_mul_synth      377 10559.793 614753.975 625313.769 
  TOP                        377 10559.793 594629.255 605189.049 
    genblk2.stoch2bin        148  5531.001 277760.430 283291.431 
      ctr                    121  4518.950 241718.559 246237.509 
        add_55_25             24   949.404  17535.838  18485.243 
      par_ctr                 22   954.528  27487.117  28441.645 
        p0                     9   394.666  12561.935  12956.601 
          p0                   3   134.340   5210.175   5344.515 
            ha0                1    47.565    914.331    961.896 
            ha1                1    47.565   1760.827   1808.392 
            fa0                1    39.210   2535.016   2574.227 
          p1                   3   134.340   4885.315   5019.655 
            ha0                1    47.565    895.377    942.942 
            ha1                1    47.565   1532.099   1579.664 
            fa0                1    39.210   2457.839   2497.050 
        p1                     9   394.666  12311.323  12705.989 
          p0                   3   134.340   5160.546   5294.886 
            ha0                1    47.565    905.234    952.798 
            ha1                1    47.565   1745.514   1793.079 
            fa0                1    39.210   2509.798   2549.008 
          p1                   3   134.340   4903.298   5037.639 
            ha0                1    47.565    897.045    944.610 
            ha1                1    47.565   1518.416   1565.981 
            fa0                1    39.210   2487.837   2527.048 
    genblk1[3].genblk1.sng    50  1168.084  66540.046  67708.130 
      ctr                     24   930.125  52666.032  53596.158 
    genblk1[1].genblk1.sng    49  1148.331  73996.773  75145.104 
      ctr                     23   910.372  61605.388  62515.760 
    genblk1[2].genblk1.sng    49  1148.331  74679.788  75828.119 
      ctr                     23   910.372  61687.297  62597.669 
    genblk1[0].genblk1.sng    48  1130.792  72531.051  73661.842 
      ctr                     22   892.833  60516.459  61409.291 

