============================================================
  Generated by:           Encounter(R) RTL Compiler v14.10-s022_1
  Generated on:           Jul 25 2021  01:43:13 pm
  Module:                 ms_serial_by4_mul_synth
  Technology library:     gscl45nm 
  Operating conditions:   typical (balanced_tree)
  Wireload mode:          enclosed
  Area mode:              timing library
============================================================

         Instance           Cells  Cell Area  Net Area  Total Area  Wireload     
---------------------------------------------------------------------------------
ms_serial_by4_mul_synth       487       1893         0        1893    <none> (D) 
  TOP                         487       1893         0        1893    <none> (D) 
    genblk2.stoch2bin         163        866         0         866    <none> (D) 
      ctr                     151        800         0         800    <none> (D) 
        add_55_25              30        263         0         263    <none> (D) 
      par_ctr                   9         59         0          59    <none> (D) 
        p1                      3         18         0          18    <none> (D) 
          fa0                   1          9         0           9    <none> (D) 
          ha1                   1          5         0           5    <none> (D) 
          ha0                   1          5         0           5    <none> (D) 
        p0                      3         18         0          18    <none> (D) 
          fa0                   1          9         0           9    <none> (D) 
          ha1                   1          5         0           5    <none> (D) 
          ha0                   1          5         0           5    <none> (D) 
    genblk1[2].genblk1.sng    106        336         0         336    <none> (D) 
      ctr                      49        205         0         205    <none> (D) 
    genblk1[1].genblk1.sng    106        336         0         336    <none> (D) 
      ctr                      48        203         0         203    <none> (D) 
    genblk1[0].genblk1.sng    100        326         0         326    <none> (D) 
      ctr                      42        192         0         192    <none> (D) 

 (D) = wireload is default in technology library
