============================================================
  Generated by:           Encounter(R) RTL Compiler v14.10-s022_1
  Generated on:           Jul 25 2021  01:10:55 pm
  Module:                 ms_serial_by2_mul_synth
  Technology library:     gscl45nm 
  Operating conditions:   typical (balanced_tree)
  Wireload mode:          enclosed
  Area mode:              timing library
============================================================

                                  Leakage    Dynamic     Total   
         Instance          Cells Power(nW)  Power(nW)  Power(nW) 
-----------------------------------------------------------------
ms_serial_by2_mul_synth      213  5976.939 380363.663 386340.602 
  TOP                        213  5976.939 369533.180 375510.119 
    genblk2.stoch2bin         88  3267.635 170848.285 174115.920 
      ctr                     61  2264.523 129847.393 132111.916 
      par_ctr                 22   954.528  35049.361  36003.889 
        p0                     9   394.666  13820.924  14215.590 
          p0                   3   134.340   4889.198   5023.538 
            ha0                1    47.565    906.844    954.409 
            ha1                1    47.565   1815.251   1862.816 
            fa0                1    39.210   2167.103   2206.313 
          p1                   3   134.340   5111.448   5245.788 
            ha0                1    47.565    980.556   1028.121 
            ha1                1    47.565   1767.378   1814.943 
            fa0                1    39.210   2363.514   2402.724 
        p1                     9   394.666  15737.076  16131.742 
          p0                   3   134.340   5746.640   5880.980 
            ha0                1    47.565   1070.075   1117.640 
            ha1                1    47.565   2132.500   2180.065 
            fa0                1    39.210   2544.065   2583.276 
          p1                   3   134.340   5815.559   5949.899 
            ha0                1    47.565   1129.312   1176.876 
            ha1                1    47.565   1987.059   2034.624 
            fa0                1    39.210   2699.188   2738.399 
    genblk1[3].genblk1.sng    24   582.620  35344.985  35927.606 
      ctr                     13   520.139  29694.229  30214.368 
    genblk1[0].genblk1.sng    23   562.867  45104.582  45667.449 
      ctr                     12   500.386  40174.308  40674.693 
    genblk1[1].genblk1.sng    23   562.867  44265.203  44828.069 
      ctr                     12   500.386  39098.583  39598.969 
    genblk1[2].genblk1.sng    23   562.867  44520.137  45083.003 
      ctr                     12   500.386  38975.480  39475.866 

