============================================================
  Generated by:           Encounter(R) RTL Compiler v14.10-s022_1
  Generated on:           Jul 25 2021  01:46:36 pm
  Module:                 ms_serial_by4_mul_synth
  Technology library:     gscl45nm 
  Operating conditions:   typical (balanced_tree)
  Wireload mode:          enclosed
  Area mode:              timing library
============================================================

                                  Leakage    Dynamic      Total    
         Instance          Cells Power(nW)  Power(nW)   Power(nW)  
-------------------------------------------------------------------
ms_serial_by4_mul_synth      935 21944.191 1070370.261 1092314.451 
  TOP                        935 21944.191 1037819.824 1059764.015 
    genblk2.stoch2bin        536 13032.171  487976.417  501008.589 
      ctr                    481 10847.442  429671.083  440518.525 
        add_55_25            316  4750.701   61086.421   65837.121 
      par_ctr                 49  2113.463   47169.059   49282.522 
        p0                    22   954.528   23107.104   24061.632 
          p0                   9   394.666   10658.052   11052.718 
            p0                 3   134.340    4493.911    4628.251 
              ha0              1    47.565     805.287     852.851 
              ha1              1    47.565    1462.353    1509.918 
              fa0              1    39.210    2226.271    2265.481 
            p1                 3   134.340    4209.162    4343.502 
              ha0              1    47.565     777.569     825.134 
              ha1              1    47.565    1261.767    1309.332 
              fa0              1    39.210    2169.826    2209.037 
          p1                   9   394.666   10376.647   10771.313 
            p0                 3   134.340    4444.484    4578.824 
              ha0              1    47.565     796.187     843.752 
              ha1              1    47.565    1447.041    1494.606 
              fa0              1    39.210    2201.255    2240.466 
            p1                 3   134.340    4161.189    4295.529 
              ha0              1    47.565     768.474     816.039 
              ha1              1    47.565    1248.120    1295.685 
              fa0              1    39.210    2144.595    2183.806 
        p1                    22   954.528   22201.480   23156.008 
          p0                   9   394.666   10314.129   10708.795 
            p0                 3   134.340    4351.535    4485.875 
              ha0              1    47.565     777.989     825.554 
              ha1              1    47.565    1416.417    1463.982 
              fa0              1    39.210    2157.129    2196.340 
            p1                 3   134.340    4062.625    4196.965 
              ha0              1    47.565     742.221     789.786 
              ha1              1    47.565    1220.853    1268.418 
              fa0              1    39.210    2099.551    2138.761 
          p1                   9   394.666   10037.278   10431.944 
            p0                 3   134.340    4302.086    4436.427 
              ha0              1    47.565     768.889     816.454 
              ha1              1    47.565    1401.105    1448.670 
              fa0              1    39.210    2132.092    2171.303 
            p1                 3   134.340    4014.234    4148.574 
              ha0              1    47.565     733.224     780.789 
              ha1              1    47.565    1207.206    1254.770 
              fa0              1    39.210    2073.804    2113.014 
    genblk1[3].genblk1.sng    67  1622.486   98724.616  100347.102 
      ctr                     32  1285.280   80928.155   82213.434 
    genblk1[4].genblk1.sng    64  1616.801   88112.754   89729.555 
      ctr                     33  1305.033   70792.175   72097.208 
    genblk1[0].genblk1.sng    66  1613.319   99652.206  101265.525 
      ctr                     32  1285.280   81204.754   82490.033 
    genblk1[1].genblk1.sng    66  1613.319  101400.699  103014.018 
      ctr                     32  1285.280   82605.204   83890.484 
    genblk1[2].genblk1.sng    66  1613.319  104060.283  105673.602 
      ctr                     32  1285.280   83658.007   84943.287 

