============================================================
  Generated by:           Encounter(R) RTL Compiler v14.10-s022_1
  Generated on:           Jul 25 2021  04:10:25 pm
  Module:                 ms_serial_by4_mul_synth
  Technology library:     gscl45nm 
  Operating conditions:   typical (balanced_tree)
  Wireload mode:          enclosed
  Area mode:              timing library
============================================================

           Pin                 Type       Fanout Load Slew Delay Arrival   
                                                 (fF) (ps)  (ps)   (ps)    
---------------------------------------------------------------------------
(clock clk_int2)             launch                                    0 R 
TOP
  genblk1[2].genblk1.sng
    ctr
      countval_reg[3]/CLK                                0             0 R 
      countval_reg[3]/Q      DFFSR             1  1.5   10  +115     115 F 
      drc_bufs138/A                                           +0     115   
      drc_bufs138/Y          BUFX2             4 10.7   14   +42     156 F 
    ctr/countval[3] 
    g390/A                                                    +0     156   
    g390/Y                   INVX1             1  2.5    0    +3     160 R 
    g387/A                                                    +0     160   
    g387/Y                   OR2X1             2  4.8   35   +46     206 R 
    g385/B                                                    +0     206   
    g385/Y                   NAND3X1           1  1.5   15   +18     224 F 
    drc_bufs400/A                                             +0     224   
    drc_bufs400/Y            BUFX2             1  1.9    2   +33     257 F 
    g384/C                                                    +0     257   
    g384/Y                   OAI21X1           1  2.8   45   +18     275 R 
    g380/A                                                    +0     275   
    g380/Y                   AOI22X1           1  1.5   34   +38     314 F 
    drc_bufs401/A                                             +0     314   
    drc_bufs401/Y            BUFX2             2  3.4    8   +39     352 F 
    drc_bufs398/A                                             +0     352   
    drc_bufs398/Y            INVX1            17 39.3  166  +120     473 R 
    g375/A                                                    +0     473   
    g375/Y                   OR2X1            17 38.4  183  +153     626 R 
    g374/A                                                    +0     626   
    g374/Y                   INVX1             1  1.9    0   +62     688 F 
    g373/C                                                    +0     688   
    g373/Y                   OAI21X1          16 36.8  203  +124     811 R 
  genblk1[2].genblk1.sng/sn_out[0] 
  g535/B                                                      +0     811   
  g535/Y                     AND2X1            1  4.6   25   +36     847 R 
  genblk2.stoch2bin/data_in[56] 
    par_ctr/a[56] 
      p0/a[24] 
        p0/a[8] 
          p0/a[0] 
            p1/a[0] 
              ha0/a 
                g17/A                                         +0     847   
                g17/YS       HAX1              1  4.0   19   +64     911 F 
              ha0/s 
            p1/y[0] 
            g168/A                                            +0     911   
            g168/YC          HAX1              1  8.8   35   +65     976 F 
            g167/B                                            +0     976   
            g167/YC          FAX1              1  7.1   29   +89    1065 F 
            g166/C                                            +0    1065   
            g166/YS          FAX1              1 12.7   67  +103    1167 R 
          p0/y[2] 
          g236/A                                              +0    1167   
          g236/YS            FAX1              1 12.7   67  +117    1285 R 
        p0/y[2] 
        g287/A                                                +0    1285   
        g287/YS              FAX1              1 12.7   67  +117    1402 R 
      p0/y[2] 
      g360/A                                                  +0    1402   
      g360/YS                FAX1              2 11.1   34  +108    1510 F 
    par_ctr/y[2] 
    ctr/data_in[2] 
      add_55_25/B[2] 
        g350/B                                                +0    1510   
        g350/YC              FAX1              1  7.1   29   +88    1598 F 
        g349/C                                                +0    1598   
        g349/YC              FAX1              1  7.1   29   +82    1680 F 
        g348/C                                                +0    1680   
        g348/YC              FAX1              1  7.1   29   +82    1762 F 
        g347/C                                                +0    1762   
        g347/YC              FAX1              1  7.1   29   +82    1843 F 
        g346/C                                                +0    1843   
        g346/YC              FAX1              1  7.1   29   +82    1925 F 
        g345/C                                                +0    1925   
        g345/YC              FAX1              1  7.1   26   +82    2006 F 
        g344/C                                                +0    2006   
        g344/YC              FAX1              1  7.1   27   +81    2087 F 
        g343/C                                                +0    2087   
        g343/YC              FAX1              1  7.1   27   +81    2169 F 
        g342/C                                                +0    2169   
        g342/YC              FAX1              1  7.1   27   +81    2250 F 
        g341/C                                                +0    2250   
        g341/YC              FAX1              1  7.1   27   +81    2331 F 
        g340/C                                                +0    2331   
        g340/YC              FAX1              1  7.1   27   +81    2412 F 
        g339/C                                                +0    2412   
        g339/YC              FAX1              1 10.9   37   +89    2501 F 
        g2/A                                                  +0    2501   
        g2/YS                FAX1              1  2.8   21   +84    2585 R 
      add_55_25/Z[14] 
      g66/A                                                   +0    2585   
      g66/Y                  MUX2X1            1  1.5   34   +23    2608 F 
      g65/A                                                   +0    2608   
      g65/Y                  INVX1             1  2.0    0    +8    2616 R 
      countval_reg[14]/D     DFFSR                            +0    2616   
      countval_reg[14]/CLK   setup                       0   +70    2687 R 
- - - - - - - - - - - - - - - - - - - - - - - - - - - - - - - - - - - - - -
(clock clk)                  capture                                5000 R 
                             uncertainty                     -50    4950 R 
---------------------------------------------------------------------------
Cost Group   : 'clk' (path_group 'clk')
Timing slack :    2263ps 
Start-point  : TOP/genblk1[2].genblk1.sng/ctr/countval_reg[3]/CLK
End-point    : TOP/genblk2.stoch2bin/ctr/countval_reg[14]/D
