============================================================
  Generated by:           Encounter(R) RTL Compiler v14.10-s022_1
  Generated on:           Jul 25 2021  01:12:50 pm
  Module:                 ms_serial_by2_mul_synth
  Technology library:     gscl45nm 
  Operating conditions:   typical (balanced_tree)
  Wireload mode:          enclosed
  Area mode:              timing library
============================================================

                                  Leakage    Dynamic     Total   
         Instance          Cells Power(nW)  Power(nW)  Power(nW) 
-----------------------------------------------------------------
ms_serial_by2_mul_synth      322  8878.545 517723.018 526601.563 
  TOP                        322  8878.545 504111.879 512990.424 
    genblk2.stoch2bin        136  5191.789 232554.364 237746.154 
      ctr                     81  3015.999 168341.105 171357.104 
        add_55_25             16   635.721  13761.076  14396.797 
      par_ctr                 49  2113.463  57828.379  59941.842 
        p0                    22   954.528  25758.194  26712.722 
          p0                   9   394.666  10379.394  10774.060 
            p0                 3   134.340   3798.232   3932.572 
              ha0              1    47.565    690.124    737.689 
              ha1              1    47.565   1422.547   1470.112 
              fa0              1    39.210   1685.560   1724.771 
            p1                 3   134.340   3928.387   4062.727 
              ha0              1    47.565    773.568    821.133 
              ha1              1    47.565   1327.840   1375.405 
              fa0              1    39.210   1826.978   1866.189 
          p1                   9   394.666  11819.698  12214.364 
            p0                 3   134.340   4485.350   4619.690 
              ha0              1    47.565    808.398    855.963 
              ha1              1    47.565   1666.072   1713.637 
              fa0              1    39.210   2010.880   2050.091 
            p1                 3   134.340   4539.114   4673.454 
              ha0              1    47.565    882.721    930.286 
              ha1              1    47.565   1526.522   1574.087 
              fa0              1    39.210   2129.871   2169.082 
        p1                    22   954.528  27524.184  28478.713 
          p0                   9   394.666  11082.395  11477.061 
            p0                 3   134.340   4013.645   4147.985 
              ha0              1    47.565    726.530    774.095 
              ha1              1    47.565   1484.398   1531.963 
              fa0              1    39.210   1802.717   1841.927 
            p1                 3   134.340   4247.720   4382.060 
              ha0              1    47.565    828.169    875.734 
              ha1              1    47.565   1423.479   1471.043 
              fa0              1    39.210   1996.072   2035.283 
          p1                   9   394.666  12789.833  13184.499 
            p0                 3   134.340   4787.649   4921.990 
              ha0              1    47.565    863.006    910.571 
              ha1              1    47.565   1757.978   1805.543 
              fa0              1    39.210   2166.665   2205.876 
            p1                 3   134.340   4981.802   5116.143 
              ha0              1    47.565    973.500   1021.065 
              ha1              1    47.565   1658.924   1706.489 
              fa0              1    39.210   2349.378   2388.589 
    genblk1[1].genblk1.sng    24   587.087  45165.493  45752.579 
      ctr                     12   500.386  38936.095  39436.481 
    genblk1[4].genblk1.sng    24   582.620  35310.059  35892.679 
      ctr                     13   520.139  30073.378  30593.518 
    genblk1[0].genblk1.sng    23   562.867  44944.453  45507.320 
      ctr                     12   500.386  39700.947  40201.333 
    genblk1[2].genblk1.sng    23   562.867  46039.491  46602.358 
      ctr                     12   500.386  39908.447  40408.833 
    genblk1[3].genblk1.sng    23   562.867  43915.523  44478.389 
      ctr                     12   500.386  38918.469  39418.855 

