============================================================
  Generated by:           Encounter(R) RTL Compiler v14.10-s022_1
  Generated on:           Jul 25 2021  01:40:26 pm
  Module:                 ms_serial_by4_mul_synth
  Technology library:     gscl45nm 
  Operating conditions:   typical (balanced_tree)
  Wireload mode:          enclosed
  Area mode:              timing library
============================================================

                                  Leakage    Dynamic     Total   
         Instance          Cells Power(nW)  Power(nW)  Power(nW) 
-----------------------------------------------------------------
ms_serial_by4_mul_synth       62  2004.878 115966.329 117971.207 
  TOP                         62  2004.878 112128.209 114133.087 
    genblk2.stoch2bin         42  1537.776  81485.894  83023.670 
      ctr                     21   761.572  60349.039  61110.610 
      par_ctr                 16   727.620  18067.439  18795.059 
        p1                     9   411.375  10469.342  10880.717 
          p0                   3   142.695   2646.190   2788.885 
            fa0                1    47.565    870.438    918.003 
            ha0                1    47.565    901.081    948.646 
            ha1                1    47.565    874.671    922.236 
          p1                   3   142.695   3365.293   3507.988 
            fa0                1    47.565   1231.450   1279.015 
            ha0                1    47.565   1285.438   1333.003 
            ha1                1    47.565    848.405    895.970 
        p0                     3   142.695   1978.542   2121.237 
          p1                   3   142.695   1978.542   2121.237 
            fa0                1    47.565    579.280    626.844 
            ha0                1    47.565    658.667    706.232 
            ha1                1    47.565    740.595    788.160 
    genblk1[1].genblk1.sng     6   173.201  10084.010  10257.211 
      ctr                      4   143.852   8942.062   9085.914 
    genblk1[0].genblk1.sng     5   153.448  16673.968  16827.416 
      ctr                      3   124.098  15547.752  15671.850 

