============================================================
  Generated by:           Encounter(R) RTL Compiler v14.10-s022_1
  Generated on:           Jul 25 2021  04:12:00 pm
  Module:                 ms_serial_by4_mul_synth
  Technology library:     gscl45nm 
  Operating conditions:   typical (balanced_tree)
  Wireload mode:          enclosed
  Area mode:              timing library
============================================================

         Instance           Cells  Cell Area  Net Area  Total Area  Wireload     
---------------------------------------------------------------------------------
ms_serial_by4_mul_synth       910       4438         0        4438    <none> (D) 
  TOP                         910       4438         0        4438    <none> (D) 
    genblk2.stoch2bin         508       3438         0        3438    <none> (D) 
      par_ctr                 438       3099         0        3099    <none> (D) 
        p1                    215       1516         0        1516    <none> (D) 
          p1                  104        729         0         729    <none> (D) 
            p1                 49        340         0         340    <none> (D) 
              p1               22        150         0         150    <none> (D) 
                p1              9         59         0          59    <none> (D) 
                  p1            3         18         0          18    <none> (D) 
                    fa0         1          9         0           9    <none> (D) 
                    ha1         1          5         0           5    <none> (D) 
                    ha0         1          5         0           5    <none> (D) 
                  p0            3         18         0          18    <none> (D) 
                    fa0         1          9         0           9    <none> (D) 
                    ha1         1          5         0           5    <none> (D) 
                    ha0         1          5         0           5    <none> (D) 
                p0              9         59         0          59    <none> (D) 
                  p1            3         18         0          18    <none> (D) 
                    fa0         1          9         0           9    <none> (D) 
                    ha1         1          5         0           5    <none> (D) 
                    ha0         1          5         0           5    <none> (D) 
                  p0            3         18         0          18    <none> (D) 
                    fa0         1          9         0           9    <none> (D) 
                    ha1         1          5         0           5    <none> (D) 
                    ha0         1          5         0           5    <none> (D) 
              p0               22        150         0         150    <none> (D) 
                p1              9         59         0          59    <none> (D) 
                  p1            3         18         0          18    <none> (D) 
                    fa0         1          9         0           9    <none> (D) 
                    ha1         1          5         0           5    <none> (D) 
                    ha0         1          5         0           5    <none> (D) 
                  p0            3         18         0          18    <none> (D) 
                    fa0         1          9         0           9    <none> (D) 
                    ha1         1          5         0           5    <none> (D) 
                    ha0         1          5         0           5    <none> (D) 
                p0              9         59         0          59    <none> (D) 
                  p1            3         18         0          18    <none> (D) 
                    fa0         1          9         0           9    <none> (D) 
                    ha1         1          5         0           5    <none> (D) 
                    ha0         1          5         0           5    <none> (D) 
                  p0            3         18         0          18    <none> (D) 
                    fa0         1          9         0           9    <none> (D) 
                    ha1         1          5         0           5    <none> (D) 
                    ha0         1          5         0           5    <none> (D) 
            p0                 49        340         0         340    <none> (D) 
              p1               22        150         0         150    <none> (D) 
                p1              9         59         0          59    <none> (D) 
                  p1            3         18         0          18    <none> (D) 
                    fa0         1          9         0           9    <none> (D) 
                    ha1         1          5         0           5    <none> (D) 
                    ha0         1          5         0           5    <none> (D) 
                  p0            3         18         0          18    <none> (D) 
                    fa0         1          9         0           9    <none> (D) 
                    ha1         1          5         0           5    <none> (D) 
                    ha0         1          5         0           5    <none> (D) 
                p0              9         59         0          59    <none> (D) 
                  p1            3         18         0          18    <none> (D) 
                    fa0         1          9         0           9    <none> (D) 
                    ha1         1          5         0           5    <none> (D) 
                    ha0         1          5         0           5    <none> (D) 
                  p0            3         18         0          18    <none> (D) 
                    fa0         1          9         0           9    <none> (D) 
                    ha1         1          5         0           5    <none> (D) 
                    ha0         1          5         0           5    <none> (D) 
              p0               22        150         0         150    <none> (D) 
                p1              9         59         0          59    <none> (D) 
                  p1            3         18         0          18    <none> (D) 
                    fa0         1          9         0           9    <none> (D) 
                    ha1         1          5         0           5    <none> (D) 
                    ha0         1          5         0           5    <none> (D) 
                  p0            3         18         0          18    <none> (D) 
                    fa0         1          9         0           9    <none> (D) 
                    ha1         1          5         0           5    <none> (D) 
                    ha0         1          5         0           5    <none> (D) 
                p0              9         59         0          59    <none> (D) 
                  p1            3         18         0          18    <none> (D) 
                    fa0         1          9         0           9    <none> (D) 
                    ha1         1          5         0           5    <none> (D) 
                    ha0         1          5         0           5    <none> (D) 
                  p0            3         18         0          18    <none> (D) 
                    fa0         1          9         0           9    <none> (D) 
                    ha1         1          5         0           5    <none> (D) 
                    ha0         1          5         0           5    <none> (D) 
          p0                  104        729         0         729    <none> (D) 
            p1                 49        340         0         340    <none> (D) 
              p1               22        150         0         150    <none> (D) 
                p1              9         59         0          59    <none> (D) 
                  p1            3         18         0          18    <none> (D) 
                    fa0         1          9         0           9    <none> (D) 
                    ha1         1          5         0           5    <none> (D) 
                    ha0         1          5         0           5    <none> (D) 
                  p0            3         18         0          18    <none> (D) 
                    fa0         1          9         0           9    <none> (D) 
                    ha1         1          5         0           5    <none> (D) 
                    ha0         1          5         0           5    <none> (D) 
                p0              9         59         0          59    <none> (D) 
                  p1            3         18         0          18    <none> (D) 
                    fa0         1          9         0           9    <none> (D) 
                    ha1         1          5         0           5    <none> (D) 
                    ha0         1          5         0           5    <none> (D) 
                  p0            3         18         0          18    <none> (D) 
                    fa0         1          9         0           9    <none> (D) 
                    ha1         1          5         0           5    <none> (D) 
                    ha0         1          5         0           5    <none> (D) 
              p0               22        150         0         150    <none> (D) 
                p1              9         59         0          59    <none> (D) 
                  p1            3         18         0          18    <none> (D) 
                    fa0         1          9         0           9    <none> (D) 
                    ha1         1          5         0           5    <none> (D) 
                    ha0         1          5         0           5    <none> (D) 
                  p0            3         18         0          18    <none> (D) 
                    fa0         1          9         0           9    <none> (D) 
                    ha1         1          5         0           5    <none> (D) 
                    ha0         1          5         0           5    <none> (D) 
                p0              9         59         0          59    <none> (D) 
                  p1            3         18         0          18    <none> (D) 
                    fa0         1          9         0           9    <none> (D) 
                    ha1         1          5         0           5    <none> (D) 
                    ha0         1          5         0           5    <none> (D) 
                  p0            3         18         0          18    <none> (D) 
                    fa0         1          9         0           9    <none> (D) 
                    ha1         1          5         0           5    <none> (D) 
                    ha0         1          5         0           5    <none> (D) 
            p0                 49        340         0         340    <none> (D) 
              p1               22        150         0         150    <none> (D) 
                p1              9         59         0          59    <none> (D) 
                  p1            3         18         0          18    <none> (D) 
                    fa0         1          9         0           9    <none> (D) 
                    ha1         1          5         0           5    <none> (D) 
                    ha0         1          5         0           5    <none> (D) 
                  p0            3         18         0          18    <none> (D) 
                    fa0         1          9         0           9    <none> (D) 
                    ha1         1          5         0           5    <none> (D) 
                    ha0         1          5         0           5    <none> (D) 
                p0              9         59         0          59    <none> (D) 
                  p1            3         18         0          18    <none> (D) 
                    fa0         1          9         0           9    <none> (D) 
                    ha1         1          5         0           5    <none> (D) 
                    ha0         1          5         0           5    <none> (D) 
                  p0            3         18         0          18    <none> (D) 
                    fa0         1          9         0           9    <none> (D) 
                    ha1         1          5         0           5    <none> (D) 
                    ha0         1          5         0           5    <none> (D) 
              p0               22        150         0         150    <none> (D) 
                p1              9         59         0          59    <none> (D) 
                  p1            3         18         0          18    <none> (D) 
                    fa0         1          9         0           9    <none> (D) 
                    ha1         1          5         0           5    <none> (D) 
                    ha0         1          5         0           5    <none> (D) 
                  p0            3         18         0          18    <none> (D) 
                    fa0         1          9         0           9    <none> (D) 
                    ha1         1          5         0           5    <none> (D) 
                    ha0         1          5         0           5    <none> (D) 
                p0              9         59         0          59    <none> (D) 
                  p1            3         18         0          18    <none> (D) 
                    fa0         1          9         0           9    <none> (D) 
                    ha1         1          5         0           5    <none> (D) 
                    ha0         1          5         0           5    <none> (D) 
                  p0            3         18         0          18    <none> (D) 
                    fa0         1          9         0           9    <none> (D) 
                    ha1         1          5         0           5    <none> (D) 
                    ha0         1          5         0           5    <none> (D) 
        p0                    215       1516         0        1516    <none> (D) 
          p1                  104        729         0         729    <none> (D) 
            p1                 49        340         0         340    <none> (D) 
              p1               22        150         0         150    <none> (D) 
                p1              9         59         0          59    <none> (D) 
                  p1            3         18         0          18    <none> (D) 
                    fa0         1          9         0           9    <none> (D) 
                    ha1         1          5         0           5    <none> (D) 
                    ha0         1          5         0           5    <none> (D) 
                  p0            3         18         0          18    <none> (D) 
                    fa0         1          9         0           9    <none> (D) 
                    ha1         1          5         0           5    <none> (D) 
                    ha0         1          5         0           5    <none> (D) 
                p0              9         59         0          59    <none> (D) 
                  p1            3         18         0          18    <none> (D) 
                    fa0         1          9         0           9    <none> (D) 
                    ha1         1          5         0           5    <none> (D) 
                    ha0         1          5         0           5    <none> (D) 
                  p0            3         18         0          18    <none> (D) 
                    fa0         1          9         0           9    <none> (D) 
                    ha1         1          5         0           5    <none> (D) 
                    ha0         1          5         0           5    <none> (D) 
              p0               22        150         0         150    <none> (D) 
                p1              9         59         0          59    <none> (D) 
                  p1            3         18         0          18    <none> (D) 
                    fa0         1          9         0           9    <none> (D) 
                    ha1         1          5         0           5    <none> (D) 
                    ha0         1          5         0           5    <none> (D) 
                  p0            3         18         0          18    <none> (D) 
                    fa0         1          9         0           9    <none> (D) 
                    ha1         1          5         0           5    <none> (D) 
                    ha0         1          5         0           5    <none> (D) 
                p0              9         59         0          59    <none> (D) 
                  p1            3         18         0          18    <none> (D) 
                    fa0         1          9         0           9    <none> (D) 
                    ha1         1          5         0           5    <none> (D) 
                    ha0         1          5         0           5    <none> (D) 
                  p0            3         18         0          18    <none> (D) 
                    fa0         1          9         0           9    <none> (D) 
                    ha1         1          5         0           5    <none> (D) 
                    ha0         1          5         0           5    <none> (D) 
            p0                 49        340         0         340    <none> (D) 
              p1               22        150         0         150    <none> (D) 
                p1              9         59         0          59    <none> (D) 
                  p1            3         18         0          18    <none> (D) 
                    fa0         1          9         0           9    <none> (D) 
                    ha1         1          5         0           5    <none> (D) 
                    ha0         1          5         0           5    <none> (D) 
                  p0            3         18         0          18    <none> (D) 
                    fa0         1          9         0           9    <none> (D) 
                    ha1         1          5         0           5    <none> (D) 
                    ha0         1          5         0           5    <none> (D) 
                p0              9         59         0          59    <none> (D) 
                  p1            3         18         0          18    <none> (D) 
                    fa0         1          9         0           9    <none> (D) 
                    ha1         1          5         0           5    <none> (D) 
                    ha0         1          5         0           5    <none> (D) 
                  p0            3         18         0          18    <none> (D) 
                    fa0         1          9         0           9    <none> (D) 
                    ha1         1          5         0           5    <none> (D) 
                    ha0         1          5         0           5    <none> (D) 
              p0               22        150         0         150    <none> (D) 
                p1              9         59         0          59    <none> (D) 
                  p1            3         18         0          18    <none> (D) 
                    fa0         1          9         0           9    <none> (D) 
                    ha1         1          5         0           5    <none> (D) 
                    ha0         1          5         0           5    <none> (D) 
                  p0            3         18         0          18    <none> (D) 
                    fa0         1          9         0           9    <none> (D) 
                    ha1         1          5         0           5    <none> (D) 
                    ha0         1          5         0           5    <none> (D) 
                p0              9         59         0          59    <none> (D) 
                  p1            3         18         0          18    <none> (D) 
                    fa0         1          9         0           9    <none> (D) 
                    ha1         1          5         0           5    <none> (D) 
                    ha0         1          5         0           5    <none> (D) 
                  p0            3         18         0          18    <none> (D) 
                    fa0         1          9         0           9    <none> (D) 
                    ha1         1          5         0           5    <none> (D) 
                    ha0         1          5         0           5    <none> (D) 
          p0                  104        729         0         729    <none> (D) 
            p1                 49        340         0         340    <none> (D) 
              p1               22        150         0         150    <none> (D) 
                p1              9         59         0          59    <none> (D) 
                  p1            3         18         0          18    <none> (D) 
                    fa0         1          9         0           9    <none> (D) 
                    ha1         1          5         0           5    <none> (D) 
                    ha0         1          5         0           5    <none> (D) 
                  p0            3         18         0          18    <none> (D) 
                    fa0         1          9         0           9    <none> (D) 
                    ha1         1          5         0           5    <none> (D) 
                    ha0         1          5         0           5    <none> (D) 
                p0              9         59         0          59    <none> (D) 
                  p1            3         18         0          18    <none> (D) 
                    fa0         1          9         0           9    <none> (D) 
                    ha1         1          5         0           5    <none> (D) 
                    ha0         1          5         0           5    <none> (D) 
                  p0            3         18         0          18    <none> (D) 
                    fa0         1          9         0           9    <none> (D) 
                    ha1         1          5         0           5    <none> (D) 
                    ha0         1          5         0           5    <none> (D) 
              p0               22        150         0         150    <none> (D) 
                p1              9         59         0          59    <none> (D) 
                  p1            3         18         0          18    <none> (D) 
                    fa0         1          9         0           9    <none> (D) 
                    ha1         1          5         0           5    <none> (D) 
                    ha0         1          5         0           5    <none> (D) 
                  p0            3         18         0          18    <none> (D) 
                    fa0         1          9         0           9    <none> (D) 
                    ha1         1          5         0           5    <none> (D) 
                    ha0         1          5         0           5    <none> (D) 
                p0              9         59         0          59    <none> (D) 
                  p1            3         18         0          18    <none> (D) 
                    fa0         1          9         0           9    <none> (D) 
                    ha1         1          5         0           5    <none> (D) 
                    ha0         1          5         0           5    <none> (D) 
                  p0            3         18         0          18    <none> (D) 
                    fa0         1          9         0           9    <none> (D) 
                    ha1         1          5         0           5    <none> (D) 
                    ha0         1          5         0           5    <none> (D) 
            p0                 49        340         0         340    <none> (D) 
              p1               22        150         0         150    <none> (D) 
                p1              9         59         0          59    <none> (D) 
                  p1            3         18         0          18    <none> (D) 
                    fa0         1          9         0           9    <none> (D) 
                    ha1         1          5         0           5    <none> (D) 
                    ha0         1          5         0           5    <none> (D) 
                  p0            3         18         0          18    <none> (D) 
                    fa0         1          9         0           9    <none> (D) 
                    ha1         1          5         0           5    <none> (D) 
                    ha0         1          5         0           5    <none> (D) 
                p0              9         59         0          59    <none> (D) 
                  p1            3         18         0          18    <none> (D) 
                    fa0         1          9         0           9    <none> (D) 
                    ha1         1          5         0           5    <none> (D) 
                    ha0         1          5         0           5    <none> (D) 
                  p0            3         18         0          18    <none> (D) 
                    fa0         1          9         0           9    <none> (D) 
                    ha1         1          5         0           5    <none> (D) 
                    ha0         1          5         0           5    <none> (D) 
              p0               22        150         0         150    <none> (D) 
                p1              9         59         0          59    <none> (D) 
                  p1            3         18         0          18    <none> (D) 
                    fa0         1          9         0           9    <none> (D) 
                    ha1         1          5         0           5    <none> (D) 
                    ha0         1          5         0           5    <none> (D) 
                  p0            3         18         0          18    <none> (D) 
                    fa0         1          9         0           9    <none> (D) 
                    ha1         1          5         0           5    <none> (D) 
                    ha0         1          5         0           5    <none> (D) 
                p0              9         59         0          59    <none> (D) 
                  p1            3         18         0          18    <none> (D) 
                    fa0         1          9         0           9    <none> (D) 
                    ha1         1          5         0           5    <none> (D) 
                    ha0         1          5         0           5    <none> (D) 
                  p0            3         18         0          18    <none> (D) 
                    fa0         1          9         0           9    <none> (D) 
                    ha1         1          5         0           5    <none> (D) 
                    ha0         1          5         0           5    <none> (D) 
      ctr                      61        318         0         318    <none> (D) 
    genblk1[3].genblk1.sng     21         62         0          62    <none> (D) 
      ctr                       8         37         0          37    <none> (D) 
    genblk1[2].genblk1.sng     19         59         0          59    <none> (D) 
      ctr                       7         34         0          34    <none> (D) 
    genblk1[1].genblk1.sng     16         54         0          54    <none> (D) 
      ctr                       7         34         0          34    <none> (D) 
    genblk1[0].genblk1.sng     16         54         0          54    <none> (D) 
      ctr                       7         34         0          34    <none> (D) 

 (D) = wireload is default in technology library
