============================================================
  Generated by:           Encounter(R) RTL Compiler v14.10-s022_1
  Generated on:           Jul 25 2021  04:12:17 pm
  Module:                 ms_serial_by4_mul_synth
  Technology library:     gscl45nm 
  Operating conditions:   typical (balanced_tree)
  Wireload mode:          enclosed
  Area mode:              timing library
============================================================

                                  Leakage    Dynamic      Total    
         Instance          Cells Power(nW)  Power(nW)   Power(nW)  
-------------------------------------------------------------------
ms_serial_by4_mul_synth      969 29597.828 1591503.795 1621101.623 
  TOP                        969 29597.828 1578379.832 1607977.660 
    genblk2.stoch2bin        528 21889.422  911037.048  932926.469 
      par_ctr                438 18769.865  717301.325  736071.189 
        p0                   215  9223.914  336298.752  345522.665 
          p0                 104  4470.543  160580.384  165050.927 
            p0                49  2113.463   73572.561   75686.024 
              p0              22   954.528   33035.580   33990.108 
                p0             9   394.666   13977.034   14371.700 
                  p0           3   134.340    5222.263    5356.603 
                    ha0        1    47.565    1044.455    1092.020 
                    ha1        1    47.565    1710.668    1758.233 
                    fa0        1    39.210    2467.140    2506.350 
                  p1           3   134.340    5294.749    5429.089 
                    ha0        1    47.565    1117.548    1165.113 
                    ha1        1    47.565    1610.092    1657.657 
                    fa0        1    39.210    2567.109    2606.319 
                p1             9   394.666   14577.037   14971.703 
                  p0           3   134.340    5664.029    5798.369 
                    ha0        1    47.565    1140.667    1188.232 
                    ha1        1    47.565    1868.299    1915.864 
                    fa0        1    39.210    2655.063    2694.273 
                  p1           3   134.340    5396.447    5530.788 
                    ha0        1    47.565    1135.378    1182.943 
                    ha1        1    47.565    1656.520    1704.085 
                    fa0        1    39.210    2604.550    2643.760 
              p1              22   954.528   34473.434   35427.962 
                p0             9   394.666   14646.537   15041.204 
                  p0           3   134.340    5433.724    5568.064 
                    ha0        1    47.565    1097.894    1145.459 
                    ha1        1    47.565    1793.730    1841.295 
                    fa0        1    39.210    2542.100    2581.310 
                  p1           3   134.340    5497.869    5632.209 
                    ha0        1    47.565    1172.047    1219.612 
                    ha1        1    47.565    1683.766    1731.331 
                    fa0        1    39.210    2642.056    2681.266 
                p1             9   394.666   15346.231   15740.897 
                  p0           3   134.340    5847.492    5981.832 
                    ha0        1    47.565    1193.511    1241.076 
                    ha1        1    47.565    1949.176    1996.741 
                    fa0        1    39.210    2704.804    2744.015 
                  p1           3   134.340    5662.424    5796.765 
                    ha0        1    47.565    1217.193    1264.758 
                    ha1        1    47.565    1753.440    1801.005 
                    fa0        1    39.210    2691.792    2731.002 
            p1                49  2113.463   79688.773   81802.236 
              p0              22   954.528   36180.848   37135.377 
                p0             9   394.666   15182.800   15577.466 
                  p0           3   134.340    5645.248    5779.589 
                    ha0        1    47.565    1140.671    1188.236 
                    ha1        1    47.565    1868.079    1915.644 
                    fa0        1    39.210    2636.498    2675.709 
                  p1           3   134.340    5682.821    5817.161 
                    ha0        1    47.565    1215.149    1262.714 
                    ha1        1    47.565    1749.981    1797.546 
                    fa0        1    39.210    2717.691    2756.902 
                p1             9   394.666   16010.014   16404.680 
                  p0           3   134.340    6110.981    6245.321 
                    ha0        1    47.565    1247.291    1294.856 
                    ha1        1    47.565    2038.838    2086.403 
                    fa0        1    39.210    2824.852    2864.063 
                  p1           3   134.340    5915.984    6050.324 
                    ha0        1    47.565    1271.521    1319.086 
                    ha1        1    47.565    1833.255    1880.820 
                    fa0        1    39.210    2811.207    2850.418 
              p1              22   954.528   37389.363   38343.891 
                p0             9   394.666   15891.936   16286.602 
                  p0           3   134.340    5923.597    6057.937 
                    ha0        1    47.565    1205.610    1253.175 
                    ha1        1    47.565    1959.899    2007.464 
                    fa0        1    39.210    2758.088    2797.298 
                  p1           3   134.340    5970.558    6104.898 
                    ha0        1    47.565    1280.806    1328.371 
                    ha1        1    47.565    1831.763    1879.328 
                    fa0        1    39.210    2857.988    2897.198 
                p1             9   394.666   16701.854   17096.520 
                  p0           3   134.340    6386.811    6521.151 
                    ha0        1    47.565    1310.214    1357.779 
                    ha1        1    47.565    2130.652    2178.217 
                    fa0        1    39.210    2945.945    2985.155 
                  p1           3   134.340    6183.014    6317.354 
                    ha0        1    47.565    1335.001    1382.566 
                    ha1        1    47.565    1915.071    1962.636 
                    fa0        1    39.210    2932.942    2972.152 
          p1                 104  4470.543  166582.505  171053.048 
            p0                49  2113.463   76519.663   78633.126 
              p0              22   954.528   34111.639   35066.167 
                p0             9   394.666   14430.128   14824.794 
                  p0           3   134.340    5282.923    5417.263 
                    ha0        1    47.565    1066.532    1114.097 
                    ha1        1    47.565    1736.988    1784.553 
                    fa0        1    39.210    2479.404    2518.614 
                  p1           3   134.340    5458.672    5593.013 
                    ha0        1    47.565    1168.199    1215.764 
                    ha1        1    47.565    1660.673    1708.238 
                    fa0        1    39.210    2629.800    2669.011 
                p1             9   394.666   14970.667   15365.333 
                  p0           3   134.340    5783.329    5917.669 
                    ha0        1    47.565    1180.852    1228.417 
                    ha1        1    47.565    1909.894    1957.458 
                    fa0        1    39.210    2692.583    2731.794 
                  p1           3   134.340    5465.755    5600.095 
                    ha0        1    47.565    1167.980    1215.545 
                    ha1        1    47.565    1679.813    1727.378 
                    fa0        1    39.210    2617.962    2657.173 
              p1              22   954.528   35999.847   36954.375 
                p0             9   394.666   15257.703   15652.370 
                  p0           3   134.340    5524.406    5658.746 
                    ha0        1    47.565    1137.117    1184.682 
                    ha1        1    47.565    1833.202    1880.767 
                    fa0        1    39.210    2554.086    2593.297 
                  p1           3   134.340    5691.198    5825.539 
                    ha0        1    47.565    1240.945    1288.510 
                    ha1        1    47.565    1745.987    1793.552 
                    fa0        1    39.210    2704.266    2743.476 
                p1             9   394.666   15930.514   16325.180 
                  p0           3   134.340    6001.288    6135.628 
                    ha0        1    47.565    1251.027    1298.592 
                    ha1        1    47.565    2003.928    2051.493 
                    fa0        1    39.210    2746.332    2785.543 
                  p1           3   134.340    5776.533    5910.874 
                    ha0        1    47.565    1267.938    1315.503 
                    ha1        1    47.565    1788.382    1835.947 
                    fa0        1    39.210    2720.213    2759.423 
            p1                49  2113.463   82771.667   84885.130 
              p0              22   954.528   37721.329   38675.857 
                p0             9   394.666   15806.186   16200.852 
                  p0           3   134.340    5737.537    5871.878 
                    ha0        1    47.565    1185.017    1232.582 
                    ha1        1    47.565    1907.509    1955.074 
                    fa0        1    39.210    2645.011    2684.221 
                  p1           3   134.340    5886.711    6021.051 
                    ha0        1    47.565    1275.991    1323.556 
                    ha1        1    47.565    1812.160    1859.725 
                    fa0        1    39.210    2798.559    2837.770 
                p1             9   394.666   16578.343   16973.009 
                  p0           3   134.340    6260.143    6394.484 
                    ha0        1    47.565    1307.692    1355.257 
                    ha1        1    47.565    2093.586    2141.151 
                    fa0        1    39.210    2858.865    2898.075 
                  p1           3   134.340    6018.736    6153.076 
                    ha0        1    47.565    1325.306    1372.871 
                    ha1        1    47.565    1868.195    1915.760 
                    fa0        1    39.210    2825.235    2864.445 
              p1              22   954.528   38515.756   39470.284 
                p0             9   394.666   16337.550   16732.216 
                  p0           3   134.340    5963.651    6097.992 
                    ha0        1    47.565    1235.615    1283.180 
                    ha1        1    47.565    1984.055    2031.620 
                    fa0        1    39.210    2743.982    2783.192 
                  p1           3   134.340    6067.155    6201.495 
                    ha0        1    47.565    1331.441    1379.006 
                    ha1        1    47.565    1866.688    1914.253 
                    fa0        1    39.210    2869.026    2908.236 
                p1             9   394.666   17053.237   17447.903 
                  p0           3   134.340    6444.206    6578.546 
                    ha0        1    47.565    1358.111    1405.676 
                    ha1        1    47.565    2154.772    2202.337 
                    fa0        1    39.210    2931.322    2970.533 
                  p1           3   134.340    6162.708    6297.048 
                    ha0        1    47.565    1367.494    1415.059 
                    ha1        1    47.565    1909.069    1956.633 
                    fa0        1    39.210    2886.145    2925.356 
        p1                   215  9223.914  369727.980  378951.893 
          p0                 104  4470.543  177413.793  181884.336 
            p0                49  2113.463   81439.627   83553.090 
              p0              22   954.528   36138.886   37093.415 
                p0             9   394.666   15256.151   15650.817 
                  p0           3   134.340    5543.942    5678.282 
                    ha0        1    47.565    1128.258    1175.823 
                    ha1        1    47.565    1835.436    1883.001 
                    fa0        1    39.210    2580.247    2619.458 
                  p1           3   134.340    5736.806    5871.146 
                    ha0        1    47.565    1231.518    1279.083 
                    ha1        1    47.565    1761.749    1809.313 
                    fa0        1    39.210    2743.539    2782.750 
                p1             9   394.666   15809.374   16204.040 
                  p0           3   134.340    6072.591    6206.931 
                    ha0        1    47.565    1242.570    1290.135 
                    ha1        1    47.565    2023.695    2071.259 
                    fa0        1    39.210    2806.327    2845.537 
                  p1           3   134.340    5692.126    5826.466 
                    ha0        1    47.565    1233.348    1280.913 
                    ha1        1    47.565    1767.242    1814.807 
                    fa0        1    39.210    2691.536    2730.746 
              p1              22   954.528   38378.223   39332.751 
                p0             9   394.666   16172.138   16566.804 
                  p0           3   134.340    5795.800    5930.140 
                    ha0        1    47.565    1205.166    1252.731 
                    ha1        1    47.565    1931.611    1979.176 
                    fa0        1    39.210    2659.023    2698.234 
                  p1           3   134.340    6028.404    6162.745 
                    ha0        1    47.565    1320.280    1367.844 
                    ha1        1    47.565    1860.670    1908.235 
                    fa0        1    39.210    2847.455    2886.666 
                p1             9   394.666   17000.274   17394.940 
                  p0           3   134.340    6395.699    6530.040 
                    ha0        1    47.565    1337.536    1385.101 
                    ha1        1    47.565    2148.311    2195.875 
                    fa0        1    39.210    2909.853    2949.064 
                  p1           3   134.340    6095.364    6229.704 
                    ha0        1    47.565    1351.249    1398.814 
                    ha1        1    47.565    1903.110    1950.675 
                    fa0        1    39.210    2841.004    2880.215 
            p1                49  2113.463   87517.550   89631.014 
              p0              22   954.528   39775.713   40730.242 
                p0             9   394.666   16567.614   16962.280 
                  p0           3   134.340    5966.489    6100.829 
                    ha0        1    47.565    1237.849    1285.414 
                    ha1        1    47.565    1992.830    2040.394 
                    fa0        1    39.210    2735.810    2775.020 
                  p1           3   134.340    6179.423    6313.763 
                    ha0        1    47.565    1338.921    1386.486 
                    ha1        1    47.565    1915.228    1962.793 
                    fa0        1    39.210    2925.273    2964.484 
                p1             9   394.666   17518.893   17913.559 
                  p0           3   134.340    6615.549    6749.889 
                    ha0        1    47.565    1378.986    1426.551 
                    ha1        1    47.565    2224.840    2272.405 
                    fa0        1    39.210    3011.722    3050.933 
                  p1           3   134.340    6310.242    6444.582 
                    ha0        1    47.565    1396.379    1443.943 
                    ha1        1    47.565    1971.263    2018.828 
                    fa0        1    39.210    2942.600    2981.810 
              p1              22   954.528   40690.243   41644.771 
                p0             9   394.666   17119.798   17514.464 
                  p0           3   134.340    6201.523    6335.863 
                    ha0        1    47.565    1295.254    1342.819 
                    ha1        1    47.565    2069.286    2116.851 
                    fa0        1    39.210    2836.983    2876.193 
                  p1           3   134.340    6371.724    6506.064 
                    ha0        1    47.565    1401.781    1449.346 
                    ha1        1    47.565    1969.706    2017.271 
                    fa0        1    39.210    3000.236    3039.447 
                p1             9   394.666   18080.730   18475.396 
                  p0           3   134.340    6859.484    6993.824 
                    ha0        1    47.565    1445.322    1492.887 
                    ha1        1    47.565    2301.286    2348.851 
                    fa0        1    39.210    3112.876    3152.086 
                  p1           3   134.340    6447.102    6581.442 
                    ha0        1    47.565    1441.680    1489.244 
                    ha1        1    47.565    2012.135    2059.700 
                    fa0        1    39.210    2993.288    3032.498 
          p1                 104  4470.543  182435.298  186905.841 
            p0                49  2113.463   83743.050   85856.513 
              p0              22   954.528   36906.124   37860.652 
                p0             9   394.666   15598.116   15992.782 
                  p0           3   134.340    5623.031    5757.371 
                    ha0        1    47.565    1166.904    1214.469 
                    ha1        1    47.565    1850.707    1898.272 
                    fa0        1    39.210    2605.420    2644.631 
                  p1           3   134.340    5864.300    5998.640 
                    ha0        1    47.565    1281.052    1328.617 
                    ha1        1    47.565    1788.998    1836.563 
                    fa0        1    39.210    2794.250    2833.460 
                p1             9   394.666   16059.088   16453.754 
                  p0           3   134.340    6151.345    6285.686 
                    ha0        1    47.565    1280.549    1328.113 
                    ha1        1    47.565    2039.005    2086.570 
                    fa0        1    39.210    2831.792    2871.002 
                  p1           3   134.340    5735.443    5869.784 
                    ha0        1    47.565    1262.575    1310.140 
                    ha1        1    47.565    1767.199    1814.764 
                    fa0        1    39.210    2705.669    2744.880 
              p1              22   954.528   39599.406   40553.934 
                p0             9   394.666   16701.897   17096.563 
                  p0           3   134.340    5919.937    6054.277 
                    ha0        1    47.565    1254.583    1302.148 
                    ha1        1    47.565    1960.085    2007.650 
                    fa0        1    39.210    2705.268    2744.479 
                  p1           3   134.340    6199.900    6334.241 
                    ha0        1    47.565    1380.996    1428.561 
                    ha1        1    47.565    1899.610    1947.175 
                    fa0        1    39.210    2919.295    2958.505 
                p1             9   394.666   17432.224   17826.890 
                  p0           3   134.340    6519.408    6653.748 
                    ha0        1    47.565    1385.745    1433.309 
                    ha1        1    47.565    2176.835    2224.400 
                    fa0        1    39.210    2956.828    2996.038 
                  p1           3   134.340    6181.879    6316.219 
                    ha0        1    47.565    1398.942    1446.507 
                    ha1        1    47.565    1914.717    1962.282 
                    fa0        1    39.210    2868.220    2907.431 
            p1                49  2113.463   90328.077   92441.540 
              p0              22   954.528   40662.995   41617.524 
                p0             9   394.666   16956.599   17351.266 
                  p0           3   134.340    6049.740    6184.080 
                    ha0        1    47.565    1282.980    1330.545 
                    ha1        1    47.565    2008.090    2055.655 
                    fa0        1    39.210    2758.670    2797.880 
                  p1           3   134.340    6317.033    6451.373 
                    ha0        1    47.565    1405.378    1452.942 
                    ha1        1    47.565    1942.514    1990.079 
                    fa0        1    39.210    2969.142    3008.352 
                p1             9   394.666   17808.295   18202.961 
                  p0           3   134.340    6698.124    6832.464 
                    ha0        1    47.565    1422.320    1469.885 
                    ha1        1    47.565    2240.146    2287.711 
                    fa0        1    39.210    3035.658    3074.868 
                  p1           3   134.340    6358.160    6492.501 
                    ha0        1    47.565    1434.965    1482.530 
                    ha1        1    47.565    1971.209    2018.774 
                    fa0        1    39.210    2951.987    2991.197 
              p1              22   954.528   42290.640   43245.168 
                p0             9   394.666   17799.483   18194.149 
                  p0           3   134.340    6399.767    6534.107 
                    ha0        1    47.565    1362.645    1410.210 
                    ha1        1    47.565    2115.216    2162.781 
                    fa0        1    39.210    2921.906    2961.117 
                  p1           3   134.340    6615.432    6749.772 
                    ha0        1    47.565    1480.480    1528.045 
                    ha1        1    47.565    2024.285    2071.850 
                    fa0        1    39.210    3110.666    3149.876 
                p1             9   394.666   18710.577   19105.243 
                  p0           3   134.340    7065.870    7200.210 
                    ha0        1    47.565    1519.996    1567.561 
                    ha1        1    47.565    2347.267    2394.832 
                    fa0        1    39.210    3198.607    3237.818 
                  p1           3   134.340    6615.609    6749.949 
                    ha0        1    47.565    1516.674    1564.239 
                    ha1        1    47.565    2039.372    2086.937 
                    fa0        1    39.210    3059.563    3098.773 
      ctr                     81  3015.999  184306.887  187322.886 
        add_55_25             16   635.721   18955.060   19590.781 
    genblk1[3].genblk1.sng    28   686.276   47726.204   48412.480 
      ctr                     13   520.139   30231.297   30751.437 
    genblk1[1].genblk1.sng    27   666.522   55803.900   56470.422 
      ctr                     12   500.386   38864.747   39365.133 
    genblk1[2].genblk1.sng    27   666.522   51966.643   52633.166 
      ctr                     12   500.386   39255.784   39756.170 
    genblk1[0].genblk1.sng    28   639.849   53434.664   54074.513 
      ctr                     12   500.386   39225.673   39726.059 

