============================================================
  Generated by:           Encounter(R) RTL Compiler v14.10-s022_1
  Generated on:           Jul 25 2021  01:08:59 pm
  Module:                 ms_serial_by2_mul_synth
  Technology library:     gscl45nm 
  Operating conditions:   typical (balanced_tree)
  Wireload mode:          enclosed
  Area mode:              timing library
============================================================

         Instance           Cells  Cell Area  Net Area  Total Area  Wireload     
---------------------------------------------------------------------------------
ms_serial_by2_mul_synth       344       1323         0        1323    <none> (D) 
  TOP                         344       1323         0        1323    <none> (D) 
    genblk2.stoch2bin         106        556         0         556    <none> (D) 
      ctr                     101        532         0         532    <none> (D) 
        add_55_25              20        174         0         174    <none> (D) 
      par_ctr                   3         18         0          18    <none> (D) 
        fa0                     1          9         0           9    <none> (D) 
        ha1                     1          5         0           5    <none> (D) 
        ha0                     1          5         0           5    <none> (D) 
    genblk1[1].genblk1.sng    118        381         0         381    <none> (D) 
      ctr                      49        219         0         219    <none> (D) 
    genblk1[0].genblk1.sng    116        377         0         377    <none> (D) 
      ctr                      47        214         0         214    <none> (D) 

 (D) = wireload is default in technology library
