============================================================
  Generated by:           Encounter(R) RTL Compiler v14.10-s022_1
  Generated on:           Jul 25 2021  04:10:49 pm
  Module:                 ms_serial_by4_mul_synth
  Technology library:     gscl45nm 
  Operating conditions:   typical (balanced_tree)
  Wireload mode:          enclosed
  Area mode:              timing library
============================================================

           Pin                 Type       Fanout Load Slew Delay Arrival   
                                                 (fF) (ps)  (ps)   (ps)    
---------------------------------------------------------------------------
(clock clk_int2)             launch                                    0 R 
TOP
  genblk1[2].genblk1.sng
    ctr
      countval_reg[3]/CLK                                0             0 R 
      countval_reg[3]/Q      DFFSR             1  1.5   10  +115     115 F 
      drc_bufs238/A                                           +0     115   
      drc_bufs238/Y          BUFX2             5 14.5   19   +46     160 F 
    ctr/countval[3] 
    g525/A                                                    +0     160   
    g525/Y                   AOI22X1           1  1.5   43   +47     208 R 
    drc_bufs541/A                                             +0     208   
    drc_bufs541/Y            BUFX2             1  2.3   11   +36     243 R 
    g522/B                                                    +0     243   
    g522/Y                   AND2X1            2  4.6   44   +50     293 R 
    g520/B                                                    +0     293   
    g520/Y                   AND2X1            2  5.1   43   +49     342 R 
    g516/A                                                    +0     342   
    g516/Y                   AND2X1            1  2.8   35   +32     374 R 
    g512/B                                                    +0     374   
    g512/Y                   OAI21X1           1  1.9    6   +20     394 F 
    g511/C                                                    +0     394   
    g511/Y                   OAI21X1          17 38.4  211  +130     525 R 
    g510/A                                                    +0     525   
    g510/Y                   INVX1             2  3.8    2   +73     598 F 
    g509/C                                                    +0     598   
    g509/Y                   OAI21X1          17 39.3  215  +132     730 R 
    g507/A                                                    +0     730   
    g507/Y                   OR2X1            16 36.8  172  +148     879 R 
  genblk1[2].genblk1.sng/sn_out[0] 
  g535/B                                                      +0     879   
  g535/Y                     AND2X1            1  4.6   27   +38     917 R 
  genblk2.stoch2bin/data_in[56] 
    par_ctr/a[56] 
      p0/a[24] 
        p0/a[8] 
          p0/a[0] 
            p1/a[0] 
              ha0/a 
                g17/A                                         +0     917   
                g17/YS       HAX1              1  4.0   19   +65     982 F 
              ha0/s 
            p1/y[0] 
            g168/A                                            +0     982   
            g168/YC          HAX1              1 10.9   41   +69    1050 F 
            g167/A                                            +0    1050   
            g167/YC          FAX1              1  7.1   29   +92    1142 F 
            g166/C                                            +0    1142   
            g166/YS          FAX1              1 12.7   67  +103    1245 R 
          p0/y[2] 
          g236/A                                              +0    1245   
          g236/YS            FAX1              1 12.7   67  +117    1362 R 
        p0/y[2] 
        g287/A                                                +0    1362   
        g287/YS              FAX1              1 12.7   67  +117    1480 R 
      p0/y[2] 
      g360/A                                                  +0    1480   
      g360/YS                FAX1              2 11.1   34  +108    1587 F 
    par_ctr/y[2] 
    ctr/data_in[2] 
      add_55_25/B[2] 
        g500/B                                                +0    1587   
        g500/YC              FAX1              1  7.1   29   +88    1676 F 
        g499/C                                                +0    1676   
        g499/YC              FAX1              1  7.1   29   +82    1757 F 
        g498/C                                                +0    1757   
        g498/YC              FAX1              1  7.1   29   +82    1839 F 
        g497/C                                                +0    1839   
        g497/YC              FAX1              1  7.1   29   +82    1921 F 
        g496/C                                                +0    1921   
        g496/YC              FAX1              1  7.1   29   +82    2002 F 
        g495/C                                                +0    2002   
        g495/YC              FAX1              1  7.1   26   +82    2084 F 
        g494/C                                                +0    2084   
        g494/YC              FAX1              1  7.1   27   +81    2165 F 
        g493/C                                                +0    2165   
        g493/YC              FAX1              1  7.1   27   +81    2246 F 
        g492/C                                                +0    2246   
        g492/YC              FAX1              1  7.1   27   +81    2327 F 
        g491/C                                                +0    2327   
        g491/YC              FAX1              1  7.1   27   +81    2408 F 
        g490/C                                                +0    2408   
        g490/YC              FAX1              1  7.1   27   +81    2490 F 
        g489/C                                                +0    2490   
        g489/YC              FAX1              1  7.1   27   +81    2571 F 
        g488/C                                                +0    2571   
        g488/YC              FAX1              1  7.1   27   +81    2652 F 
        g487/C                                                +0    2652   
        g487/YC              FAX1              1  7.1   27   +81    2733 F 
        g486/C                                                +0    2733   
        g486/YC              FAX1              1  7.1   27   +81    2814 F 
        g485/C                                                +0    2814   
        g485/YC              FAX1              1  7.1   27   +81    2896 F 
        g484/C                                                +0    2896   
        g484/YC              FAX1              1  7.1   27   +81    2977 F 
        g483/C                                                +0    2977   
        g483/YC              FAX1              1 10.9   37   +89    3066 F 
        g2/A                                                  +0    3066   
        g2/YS                FAX1              1  2.8   21   +84    3150 R 
      add_55_25/Z[20] 
      g82/A                                                   +0    3150   
      g82/Y                  MUX2X1            1  1.5   19   +23    3172 F 
      g81/A                                                   +0    3172   
      g81/Y                  INVX1             1  2.0    0    +3    3176 R 
      countval_reg[20]/D     DFFSR                            +0    3176   
      countval_reg[20]/CLK   setup                       0   +70    3246 R 
- - - - - - - - - - - - - - - - - - - - - - - - - - - - - - - - - - - - - -
(clock clk)                  capture                                5000 R 
                             uncertainty                     -50    4950 R 
---------------------------------------------------------------------------
Cost Group   : 'clk' (path_group 'clk')
Timing slack :    1704ps 
Start-point  : TOP/genblk1[2].genblk1.sng/ctr/countval_reg[3]/CLK
End-point    : TOP/genblk2.stoch2bin/ctr/countval_reg[20]/D
