============================================================
  Generated by:           Encounter(R) RTL Compiler v14.10-s022_1
  Generated on:           Jul 25 2021  01:44:02 pm
  Module:                 ms_serial_by4_mul_synth
  Technology library:     gscl45nm 
  Operating conditions:   typical (balanced_tree)
  Wireload mode:          enclosed
  Area mode:              timing library
============================================================

         Instance           Cells  Cell Area  Net Area  Total Area  Wireload     
---------------------------------------------------------------------------------
ms_serial_by4_mul_synth       377       1519         0        1519    <none> (D) 
  TOP                         377       1519         0        1519    <none> (D) 
    genblk2.stoch2bin         148        801         0         801    <none> (D) 
      ctr                     121        639         0         639    <none> (D) 
        add_55_25              24        210         0         210    <none> (D) 
      par_ctr                  22        150         0         150    <none> (D) 
        p1                      9         59         0          59    <none> (D) 
          p1                    3         18         0          18    <none> (D) 
            fa0                 1          9         0           9    <none> (D) 
            ha1                 1          5         0           5    <none> (D) 
            ha0                 1          5         0           5    <none> (D) 
          p0                    3         18         0          18    <none> (D) 
            fa0                 1          9         0           9    <none> (D) 
            ha1                 1          5         0           5    <none> (D) 
            ha0                 1          5         0           5    <none> (D) 
        p0                      9         59         0          59    <none> (D) 
          p1                    3         18         0          18    <none> (D) 
            fa0                 1          9         0           9    <none> (D) 
            ha1                 1          5         0           5    <none> (D) 
            ha0                 1          5         0           5    <none> (D) 
          p0                    3         18         0          18    <none> (D) 
            fa0                 1          9         0           9    <none> (D) 
            ha1                 1          5         0           5    <none> (D) 
            ha0                 1          5         0           5    <none> (D) 
    genblk1[3].genblk1.sng     50        163         0         163    <none> (D) 
      ctr                      24        106         0         106    <none> (D) 
    genblk1[2].genblk1.sng     49        161         0         161    <none> (D) 
      ctr                      23        104         0         104    <none> (D) 
    genblk1[1].genblk1.sng     49        161         0         161    <none> (D) 
      ctr                      23        104         0         104    <none> (D) 
    genblk1[0].genblk1.sng     48        159         0         159    <none> (D) 
      ctr                      22        102         0         102    <none> (D) 

 (D) = wireload is default in technology library
