============================================================
  Generated by:           Encounter(R) RTL Compiler v14.10-s022_1
  Generated on:           Jul 25 2021  01:45:46 pm
  Module:                 ms_serial_by4_mul_synth
  Technology library:     gscl45nm 
  Operating conditions:   typical (balanced_tree)
  Wireload mode:          enclosed
  Area mode:              timing library
============================================================

                                  Leakage    Dynamic     Total   
         Instance          Cells Power(nW)  Power(nW)  Power(nW) 
-----------------------------------------------------------------
ms_serial_by4_mul_synth      455 12543.150 742288.620 754831.770 
  TOP                        455 12543.150 721249.782 733792.933 
    genblk2.stoch2bin        186  7079.418 345439.933 352519.350 
      ctr                    131  4894.688 265577.992 270472.680 
        add_55_25             26  1027.825  19877.715  20905.540 
      par_ctr                 49  2113.463  70014.865  72128.328 
        p0                    22   954.528  33302.906  34257.435 
          p0                   9   394.666  15130.334  15525.000 
            p0                 3   134.340   6093.421   6227.762 
              ha0              1    47.565   1068.317   1115.882 
              ha1              1    47.565   2124.280   2171.845 
              fa0              1    39.210   2900.824   2940.034 
            p1                 3   134.340   5830.543   5964.883 
              ha0              1    47.565   1059.366   1106.931 
              ha1              1    47.565   1857.067   1904.632 
              fa0              1    39.210   2914.109   2953.319 
          p1                   9   394.666  14532.825  14927.491 
            p0                 3   134.340   5945.135   6079.475 
              ha0              1    47.565   1041.015   1088.580 
              ha1              1    47.565   2078.344   2125.909 
              fa0              1    39.210   2825.776   2864.986 
            p1                 3   134.340   5686.613   5820.953 
              ha0              1    47.565   1032.087   1079.652 
              ha1              1    47.565   1816.128   1863.692 
              fa0              1    39.210   2838.398   2877.608 
        p1                    22   954.528  32632.299  33586.827 
          p0                   9   394.666  14926.862  15321.528 
            p0                 3   134.340   6066.511   6200.851 
              ha0              1    47.565   1059.216   1106.781 
              ha1              1    47.565   2123.764   2171.329 
              fa0              1    39.210   2883.530   2922.741 
            p1                 3   134.340   5638.349   5772.689 
              ha0              1    47.565   1012.029   1059.594 
              ha1              1    47.565   1814.132   1861.697 
              fa0              1    39.210   2812.188   2851.398 
          p1                   9   394.666  14327.380  14722.046 
            p0                 3   134.340   5918.010   6052.350 
              ha0              1    47.565   1031.914   1079.479 
              ha1              1    47.565   2077.829   2125.394 
              fa0              1    39.210   2808.267   2847.478 
            p1                 3   134.340   5492.660   5627.000 
              ha0              1    47.565    985.038   1032.603 
              ha1              1    47.565   1773.192   1820.756 
              fa0              1    39.210   2734.430   2773.641 
    genblk1[4].genblk1.sng    41   935.920  52292.653  53228.573 
      ctr                     18   716.363  40522.619  41238.981 
    genblk1[0].genblk1.sng    40   916.167  63181.207  64097.374 
      ctr                     17   696.609  50936.010  51632.620 
    genblk1[1].genblk1.sng    40   916.167  62332.738  63248.905 
      ctr                     17   696.609  49662.403  50359.012 
    genblk1[2].genblk1.sng    40   916.167  64168.033  65084.199 
      ctr                     17   696.609  50981.961  51678.570 
    genblk1[3].genblk1.sng    40   916.167  62659.850  63576.017 
      ctr                     17   696.609  50679.225  51375.834 

