============================================================
  Generated by:           Encounter(R) RTL Compiler v14.10-s022_1
  Generated on:           Jul 25 2021  01:14:30 pm
  Module:                 ms_serial_by2_mul_synth
  Technology library:     gscl45nm 
  Operating conditions:   typical (balanced_tree)
  Wireload mode:          enclosed
  Area mode:              timing library
============================================================

                                  Leakage    Dynamic      Total    
         Instance          Cells Power(nW)  Power(nW)   Power(nW)  
-------------------------------------------------------------------
ms_serial_by2_mul_synth     1182 26717.242 1275462.804 1302180.046 
  TOP                       1182 26717.242 1236851.780 1263569.021 
    genblk2.stoch2bin        621 14655.125  544089.235  558744.360 
      ctr                    566 12470.396  488636.808  501107.204 
        add_55_25            381  5630.362   70240.132   75870.494 
      par_ctr                 49  2113.463   43191.571   45305.034 
        p0                    22   954.528   21098.991   22053.519 
          p0                   9   394.666    9791.485   10186.151 
            p0                 3   134.340    4154.138    4288.478 
              ha0              1    47.565     746.259     793.824 
              ha1              1    47.565    1312.488    1360.053 
              fa0              1    39.210    2095.390    2134.601 
            p1                 3   134.340    4010.258    4144.598 
              ha0              1    47.565     745.760     793.325 
              ha1              1    47.565    1169.582    1217.147 
              fa0              1    39.210    2094.916    2134.127 
          p1                   9   394.666    9646.618   10041.284 
            p0                 3   134.340    4154.138    4288.478 
              ha0              1    47.565     746.259     793.824 
              ha1              1    47.565    1312.488    1360.053 
              fa0              1    39.210    2095.390    2134.601 
            p1                 3   134.340    4010.258    4144.598 
              ha0              1    47.565     745.760     793.325 
              ha1              1    47.565    1169.582    1217.147 
              fa0              1    39.210    2094.916    2134.127 
        p1                    22   954.528   20655.786   21610.314 
          p0                   9   394.666    9637.886   10032.552 
            p0                 3   134.340    4093.412    4227.752 
              ha0              1    47.565     737.332     784.897 
              ha1              1    47.565    1297.176    1344.741 
              fa0              1    39.210    2058.903    2098.114 
            p1                 3   134.340    3935.718    4070.058 
              ha0              1    47.565     728.726     776.291 
              ha1              1    47.565    1155.961    1203.526 
              fa0              1    39.210    2051.031    2090.242 
          p1                   9   394.666    9520.203    9914.869 
            p0                 3   134.340    4093.412    4227.753 
              ha0              1    47.565     737.332     784.897 
              ha1              1    47.565    1297.176    1344.741 
              fa0              1    39.210    2058.903    2098.114 
            p1                 3   134.340    3961.235    4095.576 
              ha0              1    47.565     736.665     784.230 
              ha1              1    47.565    1155.936    1203.501 
              fa0              1    39.210    2068.635    2107.845 
    genblk1[2].genblk1.sng   101  2300.258  131331.386  133631.644 
      ctr                     43  1695.266  101466.271  103161.537 
    genblk1[1].genblk1.sng   100  2280.222  132510.692  134790.914 
      ctr                     43  1695.266  102453.709  104148.974 
    genblk1[0].genblk1.sng    98  2266.878  130220.349  132487.227 
      ctr                     42  1677.726  100932.743  102610.470 
    genblk1[4].genblk1.sng   101  2240.582  116301.344  118541.926 
      ctr                     44  1715.019   89009.639   90724.658 
    genblk1[3].genblk1.sng    96  2116.979  129610.014  131726.994 
      ctr                     43  1695.266  104426.113  106121.378 

