============================================================
  Generated by:           Encounter(R) RTL Compiler v14.10-s022_1
  Generated on:           Jul 25 2021  01:46:16 pm
  Module:                 ms_serial_by4_mul_synth
  Technology library:     gscl45nm 
  Operating conditions:   typical (balanced_tree)
  Wireload mode:          enclosed
  Area mode:              timing library
============================================================

         Instance           Cells  Cell Area  Net Area  Total Area  Wireload     
---------------------------------------------------------------------------------
ms_serial_by4_mul_synth       840       2892         0        2892    <none> (D) 
  TOP                         840       2892         0        2892    <none> (D) 
    genblk2.stoch2bin         478       1766         0        1766    <none> (D) 
      ctr                     423       1412         0        1412    <none> (D) 
        add_55_25             278        769         0         769    <none> (D) 
      par_ctr                  49        340         0         340    <none> (D) 
        p1                     22        150         0         150    <none> (D) 
          p1                    9         59         0          59    <none> (D) 
            p1                  3         18         0          18    <none> (D) 
              fa0               1          9         0           9    <none> (D) 
              ha1               1          5         0           5    <none> (D) 
              ha0               1          5         0           5    <none> (D) 
            p0                  3         18         0          18    <none> (D) 
              fa0               1          9         0           9    <none> (D) 
              ha1               1          5         0           5    <none> (D) 
              ha0               1          5         0           5    <none> (D) 
          p0                    9         59         0          59    <none> (D) 
            p1                  3         18         0          18    <none> (D) 
              fa0               1          9         0           9    <none> (D) 
              ha1               1          5         0           5    <none> (D) 
              ha0               1          5         0           5    <none> (D) 
            p0                  3         18         0          18    <none> (D) 
              fa0               1          9         0           9    <none> (D) 
              ha1               1          5         0           5    <none> (D) 
              ha0               1          5         0           5    <none> (D) 
        p0                     22        150         0         150    <none> (D) 
          p1                    9         59         0          59    <none> (D) 
            p1                  3         18         0          18    <none> (D) 
              fa0               1          9         0           9    <none> (D) 
              ha1               1          5         0           5    <none> (D) 
              ha0               1          5         0           5    <none> (D) 
            p0                  3         18         0          18    <none> (D) 
              fa0               1          9         0           9    <none> (D) 
              ha1               1          5         0           5    <none> (D) 
              ha0               1          5         0           5    <none> (D) 
          p0                    9         59         0          59    <none> (D) 
            p1                  3         18         0          18    <none> (D) 
              fa0               1          9         0           9    <none> (D) 
              ha1               1          5         0           5    <none> (D) 
              ha0               1          5         0           5    <none> (D) 
            p0                  3         18         0          18    <none> (D) 
              fa0               1          9         0           9    <none> (D) 
              ha1               1          5         0           5    <none> (D) 
              ha0               1          5         0           5    <none> (D) 
    genblk1[4].genblk1.sng     59        196         0         196    <none> (D) 
      ctr                      28        127         0         127    <none> (D) 
    genblk1[2].genblk1.sng     59        195         0         195    <none> (D) 
      ctr                      27        124         0         124    <none> (D) 
    genblk1[1].genblk1.sng     59        195         0         195    <none> (D) 
      ctr                      27        124         0         124    <none> (D) 
    genblk1[0].genblk1.sng     59        195         0         195    <none> (D) 
      ctr                      27        124         0         124    <none> (D) 
    genblk1[3].genblk1.sng     58        193         0         193    <none> (D) 
      ctr                      27        124         0         124    <none> (D) 

 (D) = wireload is default in technology library
