============================================================
  Generated by:           Encounter(R) RTL Compiler v14.10-s022_1
  Generated on:           Jul 25 2021  01:47:00 pm
  Module:                 ms_serial_by4_mul_synth
  Technology library:     gscl45nm 
  Operating conditions:   typical (balanced_tree)
  Wireload mode:          enclosed
  Area mode:              timing library
============================================================

                                  Leakage    Dynamic      Total    
         Instance          Cells Power(nW)  Power(nW)   Power(nW)  
-------------------------------------------------------------------
ms_serial_by4_mul_synth     1167 26253.604 1229550.081 1255803.685 
  TOP                       1167 26253.604 1194701.476 1220955.080 
    genblk2.stoch2bin        624 14786.231  543900.841  558687.073 
      ctr                    569 12601.502  492990.372  505591.873 
        add_55_25            384  5761.468   74084.321   79845.789 
      par_ctr                 49  2113.463   39277.892   41391.355 
        p0                    22   954.528   19014.097   19968.625 
          p0                   9   394.666    8801.516    9196.182 
            p0                 3   134.340    3823.515    3957.855 
              ha0              1    47.565     700.719     748.284 
              ha1              1    47.565    1179.018    1226.583 
              fa0              1    39.210    1943.777    1982.988 
            p1                 3   134.340    3694.516    3828.857 
              ha0              1    47.565     700.399     747.964 
              ha1              1    47.565    1050.802    1098.367 
              fa0              1    39.210    1943.316    1982.526 
          p1                   9   394.666    8929.734    9324.400 
            p0                 3   134.340    3823.515    3957.855 
              ha0              1    47.565     700.719     748.284 
              ha1              1    47.565    1179.018    1226.583 
              fa0              1    39.210    1943.777    1982.988 
            p1                 3   134.340    3694.516    3828.857 
              ha0              1    47.565     700.399     747.964 
              ha1              1    47.565    1050.802    1098.367 
              fa0              1    39.210    1943.316    1982.526 
        p1                    22   954.528   19097.507   20052.035 
          p0                   9   394.666    8907.484    9302.150 
            p0                 3   134.340    3683.006    3817.346 
              ha0              1    47.565     700.719     748.284 
              ha1              1    47.565    1050.802    1098.367 
              fa0              1    39.210    1931.486    1970.696 
            p1                 3   134.340    3812.774    3947.115 
              ha0              1    47.565     700.399     747.964 
              ha1              1    47.565    1179.018    1226.583 
              fa0              1    39.210    1933.357    1972.567 
          p1                   9   394.666    8778.958    9173.624 
            p0                 3   134.340    3683.006    3817.346 
              ha0              1    47.565     700.719     748.284 
              ha1              1    47.565    1050.802    1098.367 
              fa0              1    39.210    1931.486    1970.696 
            p1                 3   134.340    3812.467    3946.807 
              ha0              1    47.565     700.399     747.964 
              ha1              1    47.565    1179.018    1226.583 
              fa0              1    39.210    1933.050    1972.260 
    genblk1[4].genblk1.sng    97  2146.380  111189.382  113335.762 
      ctr                     40  1520.537   80719.300   82239.838 
    genblk1[1].genblk1.sng    96  2126.627  120087.086  122213.712 
      ctr                     39  1500.784   90203.602   91704.386 
    genblk1[2].genblk1.sng    96  2126.627  124070.279  126196.905 
      ctr                     39  1500.784   92465.336   93966.120 
    genblk1[3].genblk1.sng    94  2106.601  122151.582  124258.183 
      ctr                     39  1500.784   92027.982   93528.766 
    genblk1[0].genblk1.sng    94  2096.501  122784.398  124880.900 
      ctr                     37  1481.503   91905.118   93386.621 

