============================================================
  Generated by:           Encounter(R) RTL Compiler v14.10-s022_1
  Generated on:           Jul 25 2021  01:47:25 pm
  Module:                 ms_serial_by4_mul_synth
  Technology library:     gscl45nm 
  Operating conditions:   typical (balanced_tree)
  Wireload mode:          enclosed
  Area mode:              timing library
============================================================

         Instance           Cells  Cell Area  Net Area  Total Area  Wireload     
---------------------------------------------------------------------------------
ms_serial_by4_mul_synth      1307       4310         0        4310    <none> (D) 
  TOP                        1307       4310         0        4310    <none> (D) 
    genblk2.stoch2bin         709       2475         0        2475    <none> (D) 
      ctr                     654       2121         0        2121    <none> (D) 
        add_55_25             449       1210         0        1210    <none> (D) 
      par_ctr                  49        340         0         340    <none> (D) 
        p1                     22        150         0         150    <none> (D) 
          p1                    9         59         0          59    <none> (D) 
            p1                  3         18         0          18    <none> (D) 
              fa0               1          9         0           9    <none> (D) 
              ha1               1          5         0           5    <none> (D) 
              ha0               1          5         0           5    <none> (D) 
            p0                  3         18         0          18    <none> (D) 
              fa0               1          9         0           9    <none> (D) 
              ha1               1          5         0           5    <none> (D) 
              ha0               1          5         0           5    <none> (D) 
          p0                    9         59         0          59    <none> (D) 
            p1                  3         18         0          18    <none> (D) 
              fa0               1          9         0           9    <none> (D) 
              ha1               1          5         0           5    <none> (D) 
              ha0               1          5         0           5    <none> (D) 
            p0                  3         18         0          18    <none> (D) 
              fa0               1          9         0           9    <none> (D) 
              ha1               1          5         0           5    <none> (D) 
              ha0               1          5         0           5    <none> (D) 
        p0                     22        150         0         150    <none> (D) 
          p1                    9         59         0          59    <none> (D) 
            p1                  3         18         0          18    <none> (D) 
              fa0               1          9         0           9    <none> (D) 
              ha1               1          5         0           5    <none> (D) 
              ha0               1          5         0           5    <none> (D) 
            p0                  3         18         0          18    <none> (D) 
              fa0               1          9         0           9    <none> (D) 
              ha1               1          5         0           5    <none> (D) 
              ha0               1          5         0           5    <none> (D) 
          p0                    9         59         0          59    <none> (D) 
            p1                  3         18         0          18    <none> (D) 
              fa0               1          9         0           9    <none> (D) 
              ha1               1          5         0           5    <none> (D) 
              ha0               1          5         0           5    <none> (D) 
            p0                  3         18         0          18    <none> (D) 
              fa0               1          9         0           9    <none> (D) 
              ha1               1          5         0           5    <none> (D) 
              ha0               1          5         0           5    <none> (D) 
    genblk1[4].genblk1.sng    109        343         0         343    <none> (D) 
      ctr                      51        209         0         209    <none> (D) 
    genblk1[2].genblk1.sng    109        342         0         342    <none> (D) 
      ctr                      50        206         0         206    <none> (D) 
    genblk1[1].genblk1.sng    109        342         0         342    <none> (D) 
      ctr                      50        206         0         206    <none> (D) 
    genblk1[3].genblk1.sng    106        336         0         336    <none> (D) 
      ctr                      50        206         0         206    <none> (D) 
    genblk1[0].genblk1.sng    100        326         0         326    <none> (D) 
      ctr                      42        192         0         192    <none> (D) 

 (D) = wireload is default in technology library
