============================================================
  Generated by:           Encounter(R) RTL Compiler v14.10-s022_1
  Generated on:           Jul 25 2021  01:12:10 pm
  Module:                 ms_serial_by2_mul_synth
  Technology library:     gscl45nm 
  Operating conditions:   typical (balanced_tree)
  Wireload mode:          enclosed
  Area mode:              timing library
============================================================

                                  Leakage    Dynamic     Total    
         Instance          Cells Power(nW)  Power(nW)  Power(nW)  
------------------------------------------------------------------
ms_serial_by2_mul_synth      884 20097.099 983276.758 1003373.857 
  TOP                        884 20097.099 951254.373  971351.472 
    genblk2.stoch2bin        450 10471.262 414965.729  425436.990 
      ctr                    423  9459.211 381942.107  391401.317 
        add_55_25            278  4105.762  54315.492   58421.254 
      par_ctr                 22   954.528  22212.548   23167.076 
        p0                     9   394.666  10442.303   10836.969 
          p0                   3   134.340   4471.635    4605.975 
            ha0                1    47.565    809.834     857.399 
            ha1                1    47.565   1404.345    1451.910 
            fa0                1    39.210   2257.455    2296.666 
          p1                   3   134.340   4233.516    4367.856 
            ha0                1    47.565    791.702     839.267 
            ha1                1    47.565   1237.829    1285.394 
            fa0                1    39.210   2203.985    2243.195 
        p1                     9   394.666  10328.256   10722.922 
          p0                   3   134.340   4471.635    4605.975 
            ha0                1    47.565    809.834     857.399 
            ha1                1    47.565   1404.345    1451.910 
            fa0                1    39.210   2257.455    2296.666 
          p1                   3   134.340   4274.325    4408.666 
            ha0                1    47.565    801.442     849.007 
            ha1                1    47.565   1237.802    1285.367 
            fa0                1    39.210   2235.082    2274.292 
    genblk1[3].genblk1.sng   102  2320.361 117095.024  119415.385 
      ctr                     44  1715.019  88372.232   90087.251 
    genblk1[1].genblk1.sng   101  2300.258 132614.813  134915.071 
      ctr                     43  1695.266 103317.618  105012.883 
    genblk1[2].genblk1.sng   101  2300.258 132803.262  135103.520 
      ctr                     43  1695.266 102768.050  104463.316 
    genblk1[0].genblk1.sng    98  2266.878 127279.064  129545.941 
      ctr                     42  1677.726  99469.687  101147.413 

