============================================================
  Generated by:           Encounter(R) RTL Compiler v14.10-s022_1
  Generated on:           Jul 25 2021  01:44:14 pm
  Module:                 ms_serial_by4_mul_synth
  Technology library:     gscl45nm 
  Operating conditions:   typical (balanced_tree)
  Wireload mode:          enclosed
  Area mode:              timing library
============================================================

           Pin                 Type       Fanout Load Slew Delay Arrival   
                                                 (fF) (ps)  (ps)   (ps)    
---------------------------------------------------------------------------
(clock clk_int1)             launch                                    0 R 
TOP
  genblk1[1].genblk1.sng
    ctr
      countval_reg[5]/CLK                                0             0 R 
      countval_reg[5]/Q      DFFSR             1  1.5   10  +109     109 R 
      drc_bufs241/A                                           +0     109   
      drc_bufs241/Y          BUFX2             4 11.7   29   +47     156 R 
    ctr/countval[5] 
    g392/A                                                    +0     156   
    g392/Y                   INVX1             1  2.3   11   +21     177 F 
    g381/A                                                    +0     177   
    g381/Y                   OR2X1             2  5.4   21   +46     224 F 
    g380/B                                                    +0     224   
    g380/Y                   NAND3X1           1  1.5   34   +34     257 R 
    drc_bufs404/A                                             +0     257   
    drc_bufs404/Y            BUFX2             1  2.0    8   +34     291 R 
    g378/C                                                    +0     291   
    g378/Y                   OAI21X1           1  2.7    5   +14     305 F 
    g374/A                                                    +0     305   
    g374/Y                   AOI22X1           1  1.5   44   +43     349 R 
    drc_bufs403/A                                             +0     349   
    drc_bufs403/Y            BUFX2             1  2.3   11   +36     384 R 
    g371/B                                                    +0     384   
    g371/Y                   AND2X1            2  3.6   40   +47     431 R 
    g369/C                                                    +0     431   
    g369/Y                   OAI21X1           3  5.5   13   +27     458 F 
  genblk1[1].genblk1.sng/sn_out[0] 
  g497/B                                                      +0     458   
  g497/Y                     AND2X1            4 10.0   39   +60     517 F 
  g491/C                                                      +0     517   
  g491/Y                     NAND3X1           1  1.5   33   +35     552 R 
  drc_bufs504/A                                               +0     552   
  drc_bufs504/Y              BUFX2             1  1.6    8   +34     586 R 
  g490/A                                                      +0     586   
  g490/Y                     INVX1             1 10.9   38   +33     619 F 
  genblk2.stoch2bin/data_in[11] 
    par_ctr/a[11] 
      p0/a[3] 
        p1/a[3] 
          fa0/cin 
            g2/A                                              +0     619   
            g2/YS            FAX1              1  3.8   26   +87     706 R 
          fa0/s 
          ha0/b 
            g17/B                                             +0     706   
            g17/YS           HAX1              1  4.0   19   +60     766 F 
          ha0/s 
        p1/y[0] 
        g168/A                                                +0     766   
        g168/YC              HAX1              1 10.9   41   +69     834 F 
        g167/A                                                +0     834   
        g167/YC              FAX1              1  7.1   29   +92     926 F 
        g166/C                                                +0     926   
        g166/YS              FAX1              1 12.7   67  +103    1029 R 
      p0/y[2] 
      g234/A                                                  +0    1029   
      g234/YS                FAX1              2 11.1   34  +108    1136 F 
    par_ctr/y[2] 
    ctr/data_in[2] 
      add_55_25/B[2] 
        g675/B                                                +0    1136   
        g675/YC              FAX1              1  7.1   29   +88    1225 F 
        g674/C                                                +0    1225   
        g674/YC              FAX1              1  7.1   29   +82    1307 F 
        g673/C                                                +0    1307   
        g673/YC              FAX1              1  7.1   29   +82    1388 F 
        g672/C                                                +0    1388   
        g672/YC              FAX1              1  7.1   26   +82    1470 F 
        g671/C                                                +0    1470   
        g671/YC              FAX1              1  7.1   27   +81    1551 F 
        g670/C                                                +0    1551   
        g670/YC              FAX1              1  7.1   27   +81    1632 F 
        g669/C                                                +0    1632   
        g669/YC              FAX1              1  7.1   27   +81    1713 F 
        g668/C                                                +0    1713   
        g668/YC              FAX1              1  7.1   27   +81    1794 F 
        g667/C                                                +0    1794   
        g667/YC              FAX1              1  7.1   27   +81    1876 F 
        g666/C                                                +0    1876   
        g666/YC              FAX1              1  7.1   27   +81    1957 F 
        g665/C                                                +0    1957   
        g665/YC              FAX1              1  7.1   27   +81    2038 F 
        g664/C                                                +0    2038   
        g664/YC              FAX1              1  7.1   27   +81    2119 F 
        g663/C                                                +0    2119   
        g663/YC              FAX1              1  7.1   27   +81    2200 F 
        g662/C                                                +0    2200   
        g662/YC              FAX1              1  7.1   27   +81    2282 F 
        g661/C                                                +0    2282   
        g661/YC              FAX1              1  7.1   27   +81    2363 F 
        g660/C                                                +0    2363   
        g660/YC              FAX1              1  7.1   27   +81    2444 F 
        g659/C                                                +0    2444   
        g659/YC              FAX1              1  7.1   27   +81    2525 F 
        g658/C                                                +0    2525   
        g658/YC              FAX1              1  7.1   27   +81    2606 F 
        g657/C                                                +0    2606   
        g657/YC              FAX1              1  7.1   27   +81    2688 F 
        g656/C                                                +0    2688   
        g656/YC              FAX1              1  7.1   27   +81    2769 F 
        g655/C                                                +0    2769   
        g655/YC              FAX1              1  7.1   27   +81    2850 F 
        g654/C                                                +0    2850   
        g654/YC              FAX1              1  7.1   27   +81    2931 F 
        g653/C                                                +0    2931   
        g653/YC              FAX1              1  7.1   27   +81    3012 F 
        g652/C                                                +0    3012   
        g652/YC              FAX1              1  7.1   27   +81    3094 F 
        g651/C                                                +0    3094   
        g651/YC              FAX1              1 10.9   37   +89    3183 F 
        g2/A                                                  +0    3183   
        g2/YS                FAX1              1  2.8   21   +84    3266 R 
      add_55_25/Z[27] 
      g88/A                                                   +0    3266   
      g88/Y                  MUX2X1            1  1.5   28   +23    3289 F 
      g87/A                                                   +0    3289   
      g87/Y                  INVX1             1  2.0    0    +7    3296 R 
      countval_reg[27]/D     DFFSR                            +0    3296   
      countval_reg[27]/CLK   setup                       0   +70    3366 R 
- - - - - - - - - - - - - - - - - - - - - - - - - - - - - - - - - - - - - -
(clock clk)                  capture                                5000 R 
                             uncertainty                     -50    4950 R 
---------------------------------------------------------------------------
Cost Group   : 'clk' (path_group 'clk')
Timing slack :    1584ps 
Start-point  : TOP/genblk1[1].genblk1.sng/ctr/countval_reg[5]/CLK
End-point    : TOP/genblk2.stoch2bin/ctr/countval_reg[27]/D
