============================================================
  Generated by:           Encounter(R) RTL Compiler v14.10-s022_1
  Generated on:           Jul 25 2021  04:17:51 pm
  Module:                 ms_serial_by4_mul_synth
  Technology library:     gscl45nm 
  Operating conditions:   typical (balanced_tree)
  Wireload mode:          enclosed
  Area mode:              timing library
============================================================

                                    Leakage    Dynamic      Total    
          Instance          Cells  Power(nW)  Power(nW)   Power(nW)  
---------------------------------------------------------------------
ms_serial_by4_mul_synth      3505 107556.176 4565907.442 4673463.617 
  TOP                        3505 107556.176 4542170.494 4649726.669 
    genblk2.stoch2bin        2120  84110.676 2379205.078 2463315.754 
      par_ctr                1780  76202.413 2030218.502 2106420.915 
        p0                    885  37900.978  998973.703 1036874.681 
          p0                  438  18769.865  495097.614  513867.479 
            p0                215   9223.914  243735.035  252958.949 
              p0              104   4470.543  119844.103  124314.646 
                p0             49   2113.463   58154.740   60268.203 
                  p0           22    954.528   27609.876   28564.404 
                    p0          9    394.666   12588.065   12982.731 
                      p0        3    134.340    5056.900    5191.240 
                        ha0     1     47.565     980.022    1027.587 
                        ha1     1     47.565    1618.750    1666.315 
                        fa0     1     39.210    2458.128    2497.338 
                      p1        3    134.340    4880.224    5014.564 
                        ha0     1     47.565     992.604    1040.169 
                        ha1     1     47.565    1441.736    1489.301 
                        fa0     1     39.210    2445.885    2485.095 
                    p1          9    394.666   11957.272   12351.938 
                      p0        3    134.340    4846.331    4980.671 
                        ha0     1     47.565     943.784     991.348 
                        ha1     1     47.565    1557.482    1605.047 
                        fa0     1     39.210    2345.065    2384.276 
                      p1        3    134.340    4825.697    4960.037 
                        ha0     1     47.565     976.765    1024.330 
                        ha1     1     47.565    1428.255    1475.820 
                        fa0     1     39.210    2420.677    2459.887 
                  p1           22    954.528   27001.048   27955.576 
                    p0          9    394.666   12472.176   12866.842 
                      p0        3    134.340    5007.306    5141.646 
                        ha0     1     47.565     970.945    1018.510 
                        ha1     1     47.565    1603.438    1651.003 
                        fa0     1     39.210    2432.922    2472.133 
                      p1        3    134.340    4832.268    4966.608 
                        ha0     1     47.565     983.498    1031.063 
                        ha1     1     47.565    1428.090    1475.655 
                        fa0     1     39.210    2420.680    2459.891 
                    p1          9    394.666   11728.997   12123.663 
                      p0        3    134.340    4747.202    4881.542 
                        ha0     1     47.565     925.688     973.253 
                        ha1     1     47.565    1526.857    1574.422 
                        fa0     1     39.210    2294.657    2333.867 
                      p1        3    134.340    4729.899    4864.239 
                        ha0     1     47.565     958.670    1006.234 
                        ha1     1     47.565    1400.961    1448.526 
                        fa0     1     39.210    2370.268    2409.479 
                p1             49   2113.463   57786.224   59899.687 
                  p0           22    954.528   27332.966   28287.494 
                    p0          9    394.666   12478.898   12873.564 
                      p0        3    134.340    5014.019    5148.359 
                        ha0     1     47.565     977.823    1025.388 
                        ha1     1     47.565    1603.274    1650.839 
                        fa0     1     39.210    2432.922    2472.133 
                      p1        3    134.340    4832.267    4966.607 
                        ha0     1     47.565     983.498    1031.063 
                        ha1     1     47.565    1428.090    1475.655 
                        fa0     1     39.210    2420.679    2459.890 
                    p1          9    394.666   11791.140   12185.807 
                      p0        3    134.340    4762.271    4896.611 
                        ha0     1     47.565     940.916     988.480 
                        ha1     1     47.565    1526.700    1574.265 
                        fa0     1     39.210    2294.656    2333.866 
                      p1        3    134.340    4745.679    4880.019 
                        ha0     1     47.565     974.612    1022.177 
                        ha1     1     47.565    1400.799    1448.364 
                        fa0     1     39.210    2370.268    2409.479 
                  p1           22    954.528   26987.775   27942.303 
                    p0          9    394.666   12491.269   12885.935 
                      p0        3    134.340    5007.304    5141.644 
                        ha0     1     47.565     970.946    1018.511 
                        ha1     1     47.565    1603.438    1651.003 
                        fa0     1     39.210    2432.920    2472.130 
                      p1        3    134.340    4832.189    4966.529 
                        ha0     1     47.565     983.420    1030.985 
                        ha1     1     47.565    1428.090    1475.655 
                        fa0     1     39.210    2420.678    2459.888 
                    p1          9    394.666   11663.715   12058.382 
                      p0        3    134.340    4706.144    4840.485 
                        ha0     1     47.565     925.149     972.714 
                        ha1     1     47.565    1511.545    1559.110 
                        fa0     1     39.210    2269.450    2308.661 
                      p1        3    134.340    4691.037    4825.377 
                        ha0     1     47.565     958.661    1006.226 
                        ha1     1     47.565    1387.314    1434.879 
                        fa0     1     39.210    2345.062    2384.272 
              p1              104   4470.543  119613.665  124084.208 
                p0             49   2113.463   58184.730   60298.193 
                  p0           22    954.528   27624.297   28578.825 
                    p0          9    394.666   12619.352   13014.018 
                      p0        3    134.340    5057.939    5192.279 
                        ha0     1     47.565     979.939    1027.504 
                        ha1     1     47.565    1631.879    1679.444 
                        fa0     1     39.210    2446.121    2485.332 
                      p1        3    134.340    4877.018    5011.358 
                        ha0     1     47.565     989.755    1037.320 
                        ha1     1     47.565    1453.447    1501.012 
                        fa0     1     39.210    2433.816    2473.026 
                    p1          9    394.666   11925.055   12319.721 
                      p0        3    134.340    4847.848    4982.188 
                        ha0     1     47.565     943.704     991.269 
                        ha1     1     47.565    1570.610    1618.175 
                        fa0     1     39.210    2333.533    2372.744 
                      p1        3    134.340    4777.547    4911.887 
                        ha0     1     47.565     967.637    1015.202 
                        ha1     1     47.565    1426.220    1473.785 
                        fa0     1     39.210    2383.690    2422.901 
                  p1           22    954.528   27016.028   27970.556 
                    p0          9    394.666   12503.525   12898.191 
                      p0        3    134.340    5008.320    5142.661 
                        ha0     1     47.565     970.810    1018.375 
                        ha1     1     47.565    1616.567    1664.132 
                        fa0     1     39.210    2420.944    2460.154 
                      p1        3    134.340    4829.150    4963.490 
                        ha0     1     47.565     980.643    1028.208 
                        ha1     1     47.565    1439.800    1487.365 
                        fa0     1     39.210    2408.707    2447.917 
                    p1          9    394.666   11697.277   12091.943 
                      p0        3    134.340    4748.967    4883.307 
                        ha0     1     47.565     925.610     973.175 
                        ha1     1     47.565    1539.985    1587.550 
                        fa0     1     39.210    2283.372    2322.582 
                      p1        3    134.340    4681.999    4816.339 
                        ha0     1     47.565     949.543     997.108 
                        ha1     1     47.565    1398.925    1446.490 
                        fa0     1     39.210    2333.531    2372.741 
                p1             49   2113.463   57806.534   59919.997 
                  p0           22    954.528   27337.663   28292.191 
                    p0          9    394.666   12507.129   12901.795 
                      p0        3    134.340    5011.472    5145.812 
                        ha0     1     47.565     974.015    1021.579 
                        ha1     1     47.565    1616.534    1664.099 
                        fa0     1     39.210    2420.923    2460.134 
                      p1        3    134.340    4829.593    4963.933 
                        ha0     1     47.565     981.075    1028.640 
                        ha1     1     47.565    1439.800    1487.365 
                        fa0     1     39.210    2408.718    2447.928 
                    p1          9    394.666   11752.264   12146.930 
                      p0        3    134.340    4760.538    4894.878 
                        ha0     1     47.565     937.246     984.811 
                        ha1     1     47.565    1539.954    1587.518 
                        fa0     1     39.210    2283.339    2322.549 
                      p1        3    134.340    4694.157    4828.497 
                        ha0     1     47.565     961.767    1009.332 
                        ha1     1     47.565    1398.893    1446.458 
                        fa0     1     39.210    2333.497    2372.707 
                  p1           22    954.528   27002.795   27957.323 
                    p0          9    394.666   12522.620   12917.286 
                      p0        3    134.340    5008.317    5142.657 
                        ha0     1     47.565     970.811    1018.376 
                        ha1     1     47.565    1616.567    1664.132 
                        fa0     1     39.210    2420.940    2460.150 
                      p1        3    134.340    4829.078    4963.418 
                        ha0     1     47.565     980.543    1028.108 
                        ha1     1     47.565    1439.801    1487.365 
                        fa0     1     39.210    2408.734    2447.944 
                    p1          9    394.666   11632.053   12026.719 
                      p0        3    134.340    4707.955    4842.295 
                        ha0     1     47.565     924.992     972.557 
                        ha1     1     47.565    1524.673    1572.238 
                        fa0     1     39.210    2258.290    2297.500 
                      p1        3    134.340    4643.180    4777.520 
                        ha0     1     47.565     949.454     997.019 
                        ha1     1     47.565    1385.278    1432.843 
                        fa0     1     39.210    2308.447    2347.657 
            p1                215   9223.914  246875.313  256099.226 
              p0              104   4470.543  120290.400  124760.943 
                p0             49   2113.463   58374.021   60487.484 
                  p0           22    954.528   27710.586   28665.114 
                    p0          9    394.666   12687.214   13081.880 
                      p0        3    134.340    5107.379    5241.720 
                        ha0     1     47.565     988.987    1036.552 
                        ha1     1     47.565    1647.192    1694.757 
                        fa0     1     39.210    2471.201    2510.411 
                      p1        3    134.340    4877.017    5011.357 
                        ha0     1     47.565     989.756    1037.320 
                        ha1     1     47.565    1453.447    1501.012 
                        fa0     1     39.210    2433.815    2473.025 
                    p1          9    394.666   11925.067   12319.733 
                      p0        3    134.340    4847.847    4982.187 
                        ha0     1     47.565     943.705     991.270 
                        ha1     1     47.565    1570.610    1618.175 
                        fa0     1     39.210    2333.532    2372.742 
                      p1        3    134.340    4777.547    4911.888 
                        ha0     1     47.565     967.637    1015.202 
                        ha1     1     47.565    1426.220    1473.785 
                        fa0     1     39.210    2383.690    2422.901 
                  p1           22    954.528   27100.651   28055.179 
                    p0          9    394.666   12571.385   12966.051 
                      p0        3    134.340    5057.757    5192.098 
                        ha0     1     47.565     979.857    1027.422 
                        ha1     1     47.565    1631.879    1679.444 
                        fa0     1     39.210    2446.021    2485.231 
                      p1        3    134.340    4829.151    4963.491 
                        ha0     1     47.565     980.644    1028.209 
                        ha1     1     47.565    1439.800    1487.365 
                        fa0     1     39.210    2408.707    2447.917 
                    p1          9    394.666   11697.288   12091.954 
                      p0        3    134.340    4748.966    4883.306 
                        ha0     1     47.565     925.610     973.175 
                        ha1     1     47.565    1539.985    1587.550 
                        fa0     1     39.210    2283.371    2322.581 
                      p1        3    134.340    4681.998    4816.338 
                        ha0     1     47.565     949.543     997.108 
                        ha1     1     47.565    1398.925    1446.490 
                        fa0     1     39.210    2333.529    2372.740 
                p1             49   2113.463   57994.216   60107.679 
                  p0           22    954.528   27423.982   28378.510 
                    p0          9    394.666   12575.021   12969.687 
                      p0        3    134.340    5060.939    5195.279 
                        ha0     1     47.565     983.090    1030.655 
                        ha1     1     47.565    1631.846    1679.411 
                        fa0     1     39.210    2446.003    2485.213 
                      p1        3    134.340    4829.593    4963.933 
                        ha0     1     47.565     981.076    1028.641 
                        ha1     1     47.565    1439.800    1487.365 
                        fa0     1     39.210    2408.716    2447.927 
                    p1          9    394.666   11752.274   12146.940 
                      p0        3    134.340    4760.537    4894.877 
                        ha0     1     47.565     937.247     984.811 
                        ha1     1     47.565    1539.954    1587.519 
                        fa0     1     39.210    2283.336    2322.547 
                      p1        3    134.340    4694.155    4828.495 
                        ha0     1     47.565     961.768    1009.333 
                        ha1     1     47.565    1398.893    1446.458 
                        fa0     1     39.210    2333.494    2372.704 
                  p1           22    954.528   27087.428   28041.956 
                    p0          9    394.666   12590.485   12985.151 
                      p0        3    134.340    5057.756    5192.096 
                        ha0     1     47.565     979.858    1027.423 
                        ha1     1     47.565    1631.880    1679.445 
                        fa0     1     39.210    2446.018    2485.229 
                      p1        3    134.340    4829.077    4963.417 
                        ha0     1     47.565     980.544    1028.108 
                        ha1     1     47.565    1439.801    1487.366 
                        fa0     1     39.210    2408.733    2447.943 
                    p1          9    394.666   11632.067   12026.733 
                      p0        3    134.340    4707.955    4842.295 
                        ha0     1     47.565     924.993     972.558 
                        ha1     1     47.565    1524.673    1572.238 
                        fa0     1     39.210    2258.289    2297.499 
                      p1        3    134.340    4643.178    4777.519 
                        ha0     1     47.565     949.455     997.019 
                        ha1     1     47.565    1385.278    1432.843 
                        fa0     1     39.210    2308.446    2347.656 
              p1              104   4470.543  122578.873  127049.416 
                p0             49   2113.463   59616.783   61730.246 
                  p0           22    954.528   28291.726   29246.255 
                    p0          9    394.666   12939.167   13333.833 
                      p0        3    134.340    5191.010    5325.350 
                        ha0     1     47.565    1006.585    1054.150 
                        ha1     1     47.565    1675.631    1723.196 
                        fa0     1     39.210    2508.794    2548.004 
                      p1        3    134.340    4960.735    5095.075 
                        ha0     1     47.565    1010.792    1058.357 
                        ha1     1     47.565    1478.600    1526.165 
                        fa0     1     39.210    2471.343    2510.553 
                    p1          9    394.666   12168.488   12563.155 
                      p0        3    134.340    4930.859    5065.200 
                        ha0     1     47.565     961.297    1008.862 
                        ha1     1     47.565    1599.049    1646.614 
                        fa0     1     39.210    2370.513    2409.723 
                      p1        3    134.340    4858.163    4992.503 
                        ha0     1     47.565     985.762    1033.327 
                        ha1     1     47.565    1451.478    1499.043 
                        fa0     1     39.210    2420.923    2460.133 
                  p1           22    954.528   27676.216   28630.744 
                    p0          9    394.666   12823.271   13217.937 
                      p0        3    134.340    5141.413    5275.753 
                        ha0     1     47.565     997.508    1045.073 
                        ha1     1     47.565    1660.319    1707.884 
                        fa0     1     39.210    2483.586    2522.797 
                      p1        3    134.340    4912.775    5047.115 
                        ha0     1     47.565    1001.684    1049.249 
                        ha1     1     47.565    1464.955    1512.519 
                        fa0     1     39.210    2446.136    2485.346 
                    p1          9    394.666   11940.198   12334.864 
                      p0        3    134.340    4831.724    4966.064 
                        ha0     1     47.565     943.202     990.767 
                        ha1     1     47.565    1568.424    1615.989 
                        fa0     1     39.210    2320.098    2359.308 
                      p1        3    134.340    4762.359    4896.699 
                        ha0     1     47.565     967.666    1015.231 
                        ha1     1     47.565    1424.183    1471.748 
                        fa0     1     39.210    2370.509    2409.720 
                p1             49   2113.463   59241.920   61355.383 
                  p0           22    954.528   28015.182   28969.710 
                    p0          9    394.666   12830.196   13224.862 
                      p0        3    134.340    5148.324    5282.665 
                        ha0     1     47.565    1004.592    1052.157 
                        ha1     1     47.565    1660.149    1707.713 
                        fa0     1     39.210    2483.584    2522.794 
                      p1        3    134.340    4912.775    5047.115 
                        ha0     1     47.565    1001.687    1049.252 
                        ha1     1     47.565    1464.955    1512.520 
                        fa0     1     39.210    2446.133    2485.344 
                    p1          9    394.666   12002.527   12397.193 
                      p0        3    134.340    4846.932    4981.273 
                        ha0     1     47.565     958.575    1006.140 
                        ha1     1     47.565    1568.262    1615.827 
                        fa0     1     39.210    2320.096    2359.306 
                      p1        3    134.340    4778.221    4912.561 
                        ha0     1     47.565     983.694    1031.259 
                        ha1     1     47.565    1424.017    1471.582 
                        fa0     1     39.210    2370.509    2409.720 
                  p1           22    954.528   27662.888   28617.416 
                    p0          9    394.666   12842.364   13237.030 
                      p0        3    134.340    5141.411    5275.751 
                        ha0     1     47.565     997.509    1045.074 
                        ha1     1     47.565    1660.320    1707.885 
                        fa0     1     39.210    2483.583    2522.793 
                      p1        3    134.340    4912.695    5047.035 
                        ha0     1     47.565    1001.607    1049.172 
                        ha1     1     47.565    1464.955    1512.520 
                        fa0     1     39.210    2446.132    2485.342 
                    p1          9    394.666   11874.880   12269.546 
                      p0        3    134.340    4790.663    4925.003 
                        ha0     1     47.565     942.663     990.228 
                        ha1     1     47.565    1553.112    1600.677 
                        fa0     1     39.210    2294.888    2334.098 
                      p1        3    134.340    4723.495    4857.835 
                        ha0     1     47.565     967.658    1015.223 
                        ha1     1     47.565    1410.536    1458.101 
                        fa0     1     39.210    2345.300    2384.511 
          p1                  438  18769.865  499014.009  517783.874 
            p0                215   9223.914  245839.226  255063.140 
              p0              104   4470.543  120890.396  125360.939 
                p0             49   2113.463   58669.377   60782.840 
                  p0           22    954.528   27858.839   28813.367 
                    p0          9    394.666   12704.252   13098.918 
                      p0        3    134.340    5106.603    5240.943 
                        ha0     1     47.565     989.070    1036.635 
                        ha1     1     47.565    1634.063    1681.628 
                        fa0     1     39.210    2483.470    2522.681 
                      p1        3    134.340    4928.352    5062.692 
                        ha0     1     47.565    1001.743    1049.308 
                        ha1     1     47.565    1455.382    1502.947 
                        fa0     1     39.210    2471.227    2510.438 
                    p1          9    394.666   12071.697   12466.363 
                      p0        3    134.340    4896.028    5030.368 
                        ha0     1     47.565     952.832    1000.396 
                        ha1     1     47.565    1572.795    1620.360 
                        fa0     1     39.210    2370.402    2409.612 
                      p1        3    134.340    4873.735    5008.075 
                        ha0     1     47.565     985.813    1033.378 
                        ha1     1     47.565    1441.903    1489.468 
                        fa0     1     39.210    2446.019    2485.230 
                  p1           22    954.528   27248.338   28202.867 
                    p0          9    394.666   12588.361   12983.027 
                      p0        3    134.340    5057.008    5191.348 
                        ha0     1     47.565     979.993    1027.558 
                        ha1     1     47.565    1618.751    1666.315 
                        fa0     1     39.210    2458.264    2497.474 
                      p1        3    134.340    4880.395    5014.735 
                        ha0     1     47.565     992.636    1040.201 
                        ha1     1     47.565    1441.736    1489.301 
                        fa0     1     39.210    2446.023    2485.233 
                    p1          9    394.666   11843.416   12238.082 
                      p0        3    134.340    4796.897    4931.237 
                        ha0     1     47.565     934.736     982.301 
                        ha1     1     47.565    1542.170    1589.735 
                        fa0     1     39.210    2319.991    2359.201 
                      p1        3    134.340    4777.933    4912.273 
                        ha0     1     47.565     967.718    1015.283 
                        ha1     1     47.565    1414.608    1462.173 
                        fa0     1     39.210    2395.607    2434.817 
                p1             49   2113.463   58299.475   60412.938 
                  p0           22    954.528   27582.191   28536.719 
                    p0          9    394.666   12595.173   12989.839 
                      p0        3    134.340    5063.810    5198.151 
                        ha0     1     47.565     986.962    1034.527 
                        ha1     1     47.565    1618.585    1666.150 
                        fa0     1     39.210    2458.263    2497.473 
                      p1        3    134.340    4880.394    5014.734 
                        ha0     1     47.565     992.636    1040.201 
                        ha1     1     47.565    1441.736    1489.301 
                        fa0     1     39.210    2446.022    2485.232 
                    p1          9    394.666   11905.740   12300.406 
                      p0        3    134.340    4812.057    4946.397 
                        ha0     1     47.565     950.055     997.620 
                        ha1     1     47.565    1542.012    1589.576 
                        fa0     1     39.210    2319.990    2359.200 
                      p1        3    134.340    4793.803    4928.144 
                        ha0     1     47.565     983.752    1031.317 
                        ha1     1     47.565    1414.445    1462.010 
                        fa0     1     39.210    2395.607    2434.817 
                  p1           22    954.528   27235.061   28189.589 
                    p0          9    394.666   12607.458   13002.124 
                      p0        3    134.340    5057.007    5191.347 
                        ha0     1     47.565     979.994    1027.559 
                        ha1     1     47.565    1618.751    1666.316 
                        fa0     1     39.210    2458.262    2497.472 
                      p1        3    134.340    4880.315    5014.655 
                        ha0     1     47.565     992.559    1040.124 
                        ha1     1     47.565    1441.737    1489.302 
                        fa0     1     39.210    2446.019    2485.230 
                    p1          9    394.666   11778.129   12172.795 
                      p0        3    134.340    4755.837    4890.177 
                        ha0     1     47.565     934.197     981.762 
                        ha1     1     47.565    1526.858    1574.423 
                        fa0     1     39.210    2294.782    2333.992 
                      p1        3    134.340    4739.068    4873.408 
                        ha0     1     47.565     967.709    1015.274 
                        ha1     1     47.565    1400.961    1448.526 
                        fa0     1     39.210    2370.397    2409.608 
              p1              104   4470.543  120653.148  125123.691 
                p0             49   2113.463   58696.884   60810.347 
                  p0           22    954.528   27872.012   28826.541 
                    p0          9    394.666   12734.884   13129.550 
                      p0        3    134.340    5107.341    5241.681 
                        ha0     1     47.565     988.987    1036.552 
                        ha1     1     47.565    1647.191    1694.756 
                        fa0     1     39.210    2471.162    2510.373 
                      p1        3    134.340    4924.789    5059.130 
                        ha0     1     47.565     998.839    1046.404 
                        ha1     1     47.565    1467.094    1514.659 
                        fa0     1     39.210    2458.856    2498.067 
                    p1          9    394.666   12038.885   12433.551 
                      p0        3    134.340    4897.250    5031.590 
                        ha0     1     47.565     952.752    1000.317 
                        ha1     1     47.565    1585.923    1633.488 
                        fa0     1     39.210    2358.575    2397.785 
                      p1        3    134.340    4825.283    4959.623 
                        ha0     1     47.565     976.684    1024.249 
                        ha1     1     47.565    1439.867    1487.432 
                        fa0     1     39.210    2408.731    2447.942 
                  p1           22    954.528   27262.080   28216.608 
                    p0          9    394.666   12619.057   13013.723 
                      p0        3    134.340    5057.719    5192.059 
                        ha0     1     47.565     979.857    1027.422 
                        ha1     1     47.565    1631.879    1679.444 
                        fa0     1     39.210    2445.983    2485.193 
                      p1        3    134.340    4876.923    5011.263 
                        ha0     1     47.565     989.728    1037.293 
                        ha1     1     47.565    1453.447    1501.012 
                        fa0     1     39.210    2433.748    2472.958 
                    p1          9    394.666   11811.109   12205.775 
                      p0        3    134.340    4798.370    4932.710 
                        ha0     1     47.565     934.657     982.222 
                        ha1     1     47.565    1555.298    1602.863 
                        fa0     1     39.210    2308.415    2347.625 
                      p1        3    134.340    4729.735    4864.075 
                        ha0     1     47.565     958.590    1006.155 
                        ha1     1     47.565    1412.573    1460.138 
                        fa0     1     39.210    2358.572    2397.783 
                p1             49   2113.463   58317.123   60430.586 
                  p0           22    954.528   27585.468   28539.996 
                    p0          9    394.666   12622.692   13017.358 
                      p0        3    134.340    5060.900    5195.241 
                        ha0     1     47.565     983.091    1030.656 
                        ha1     1     47.565    1631.846    1679.411 
                        fa0     1     39.210    2445.964    2485.174 
                      p1        3    134.340    4877.367    5011.707 
                        ha0     1     47.565     990.162    1037.727 
                        ha1     1     47.565    1453.447    1501.012 
                        fa0     1     39.210    2433.758    2472.968 
                    p1          9    394.666   11866.152   12260.818 
                      p0        3    134.340    4809.970    4944.310 
                        ha0     1     47.565     946.323     993.888 
                        ha1     1     47.565    1555.266    1602.831 
                        fa0     1     39.210    2308.381    2347.591 
                      p1        3    134.340    4741.921    4876.261 
                        ha0     1     47.565     970.844    1018.409 
                        ha1     1     47.565    1412.540    1460.105 
                        fa0     1     39.210    2358.537    2397.747 
                  p1           22    954.528   27248.841   28203.369 
                    p0          9    394.666   12638.151   13032.817 
                      p0        3    134.340    5057.717    5192.058 
                        ha0     1     47.565     979.858    1027.423 
                        ha1     1     47.565    1631.880    1679.444 
                        fa0     1     39.210    2445.980    2485.190 
                      p1        3    134.340    4876.846    5011.186 
                        ha0     1     47.565     989.626    1037.190 
                        ha1     1     47.565    1453.448    1501.012 
                        fa0     1     39.210    2433.773    2472.983 
                    p1          9    394.666   11745.885   12140.551 
                      p0        3    134.340    4757.357    4891.697 
                        ha0     1     47.565     934.039     981.604 
                        ha1     1     47.565    1539.986    1587.551 
                        fa0     1     39.210    2283.332    2322.542 
                      p1        3    134.340    4690.916    4825.256 
                        ha0     1     47.565     958.501    1006.066 
                        ha1     1     47.565    1398.926    1446.491 
                        fa0     1     39.210    2333.489    2372.700 
            p1                215   9223.914  248977.103  258201.016 
              p0              104   4470.543  121333.077  125803.620 
                p0             49   2113.463   58886.941   61000.404 
                  p0           22    954.528   27958.689   28913.217 
                    p0          9    394.666   12802.944   13197.610 
                      p0        3    134.340    5156.880    5291.220 
                        ha0     1     47.565     998.035    1045.599 
                        ha1     1     47.565    1662.504    1710.069 
                        fa0     1     39.210    2496.341    2535.552 
                      p1        3    134.340    4924.887    5059.227 
                        ha0     1     47.565     998.840    1046.405 
                        ha1     1     47.565    1467.094    1514.659 
                        fa0     1     39.210    2458.953    2498.163 
                    p1          9    394.666   12039.086   12433.752 
                      p0        3    134.340    4897.343    5031.683 
                        ha0     1     47.565     952.752    1000.317 
                        ha1     1     47.565    1585.923    1633.488 
                        fa0     1     39.210    2358.668    2397.878 
                      p1        3    134.340    4825.379    4959.719 
                        ha0     1     47.565     976.685    1024.250 
                        ha1     1     47.565    1439.868    1487.433 
                        fa0     1     39.210    2408.826    2448.036 
                  p1           22    954.528   27347.084   28301.612 
                    p0          9    394.666   12687.110   13081.776 
                      p0        3    134.340    5107.256    5241.596 
                        ha0     1     47.565     988.904    1036.469 
                        ha1     1     47.565    1647.192    1694.757 
                        fa0     1     39.210    2471.160    2510.370 
                      p1        3    134.340    4877.018    5011.358 
                        ha0     1     47.565     989.728    1037.293 
                        ha1     1     47.565    1453.447    1501.012 
                        fa0     1     39.210    2433.842    2473.053 
                    p1          9    394.666   11811.308   12205.974 
                      p0        3    134.340    4798.463    4932.803 
                        ha0     1     47.565     934.658     982.223 
                        ha1     1     47.565    1555.298    1602.863 
                        fa0     1     39.210    2308.507    2347.717 
                      p1        3    134.340    4729.829    4864.169 
                        ha0     1     47.565     958.591    1006.156 
                        ha1     1     47.565    1412.573    1460.138 
                        fa0     1     39.210    2358.665    2397.876 
                p1             49   2113.463   58505.569   60619.033 
                  p0           22    954.528   27672.170   28626.698 
                    p0          9    394.666   12690.779   13085.445 
                      p0        3    134.340    5110.466    5244.806 
                        ha0     1     47.565     992.166    1039.731 
                        ha1     1     47.565    1647.158    1694.723 
                        fa0     1     39.210    2471.142    2510.352 
                      p1        3    134.340    4877.465    5011.805 
                        ha0     1     47.565     990.164    1037.729 
                        ha1     1     47.565    1453.447    1501.012 
                        fa0     1     39.210    2433.853    2473.064 
                    p1          9    394.666   11866.351   12261.017 
                      p0        3    134.340    4810.062    4944.402 
                        ha0     1     47.565     946.323     993.888 
                        ha1     1     47.565    1555.266    1602.831 
                        fa0     1     39.210    2308.472    2347.683 
                      p1        3    134.340    4742.015    4876.355 
                        ha0     1     47.565     970.845    1018.410 
                        ha1     1     47.565    1412.540    1460.105 
                        fa0     1     39.210    2358.630    2397.840 
                  p1           22    954.528   27333.858   28288.386 
                    p0          9    394.666   12706.212   13100.878 
                      p0        3    134.340    5107.254    5241.594 
                        ha0     1     47.565     988.905    1036.470 
                        ha1     1     47.565    1647.192    1694.757 
                        fa0     1     39.210    2471.157    2510.367 
                      p1        3    134.340    4876.943    5011.283 
                        ha0     1     47.565     989.627    1037.192 
                        ha1     1     47.565    1453.448    1501.013 
                        fa0     1     39.210    2433.869    2473.079 
                    p1          9    394.666   11746.085   12140.751 
                      p0        3    134.340    4757.448    4891.789 
                        ha0     1     47.565     934.040     981.604 
                        ha1     1     47.565    1539.986    1587.551 
                        fa0     1     39.210    2283.423    2322.633 
                      p1        3    134.340    4691.010    4825.350 
                        ha0     1     47.565     958.501    1006.066 
                        ha1     1     47.565    1398.926    1446.491 
                        fa0     1     39.210    2333.582    2372.793 
              p1              104   4470.543  123621.234  128091.777 
                p0             49   2113.463   60130.324   62243.788 
                  p0           22    954.528   28540.137   29494.666 
                    p0          9    394.666   13055.058   13449.724 
                      p0        3    134.340    5240.577    5374.917 
                        ha0     1     47.565    1015.634    1063.198 
                        ha1     1     47.565    1690.944    1738.509 
                        fa0     1     39.210    2533.999    2573.210 
                      p1        3    134.340    5008.697    5143.037 
                        ha0     1     47.565    1019.902    1067.467 
                        ha1     1     47.565    1492.246    1539.811 
                        fa0     1     39.210    2496.548    2535.759 
                    p1          9    394.666   12282.652   12677.318 
                      p0        3    134.340    4980.426    5114.766 
                        ha0     1     47.565     970.346    1017.911 
                        ha1     1     47.565    1614.362    1661.927 
                        fa0     1     39.210    2395.719    2434.929 
                      p1        3    134.340    4906.066    5040.406 
                        ha0     1     47.565     994.810    1042.375 
                        ha1     1     47.565    1465.126    1512.690 
                        fa0     1     39.210    2446.130    2485.340 
                  p1           22    954.528   27922.958   28877.486 
                    p0          9    394.666   12939.158   13333.825 
                      p0        3    134.340    5190.978    5325.319 
                        ha0     1     47.565    1006.556    1054.121 
                        ha1     1     47.565    1675.632    1723.196 
                        fa0     1     39.210    2508.791    2548.001 
                      p1        3    134.340    4960.735    5095.075 
                        ha0     1     47.565    1010.794    1058.359 
                        ha1     1     47.565    1478.600    1526.165 
                        fa0     1     39.210    2471.340    2510.551 
                    p1          9    394.666   12054.361   12449.027 
                      p0        3    134.340    4881.291    5015.631 
                        ha0     1     47.565     952.250     999.815 
                        ha1     1     47.565    1583.737    1631.302 
                        fa0     1     39.210    2345.304    2384.514 
                      p1        3    134.340    4810.260    4944.600 
                        ha0     1     47.565     976.715    1024.280 
                        ha1     1     47.565    1437.831    1485.395 
                        fa0     1     39.210    2395.715    2434.925 
                p1             49   2113.463   59754.000   61867.463 
                  p0           22    954.528   28263.777   29218.305 
                    p0          9    394.666   12946.148   13340.814 
                      p0        3    134.340    5197.953    5332.293 
                        ha0     1     47.565    1013.702    1061.267 
                        ha1     1     47.565    1675.459    1723.024 
                        fa0     1     39.210    2508.791    2548.001 
                      p1        3    134.340    4960.736    5095.077 
                        ha0     1     47.565    1010.797    1058.362 
                        ha1     1     47.565    1478.601    1526.166 
                        fa0     1     39.210    2471.339    2510.549 
                    p1          9    394.666   12116.814   12511.480 
                      p0        3    134.340    4896.562    5030.902 
                        ha0     1     47.565     967.686    1015.251 
                        ha1     1     47.565    1583.573    1631.138 
                        fa0     1     39.210    2345.302    2384.513 
                      p1        3    134.340    4826.183    4960.523 
                        ha0     1     47.565     992.805    1040.370 
                        ha1     1     47.565    1437.664    1485.228 
                        fa0     1     39.210    2395.714    2434.924 
                  p1           22    954.528   27909.632   28864.160 
                    p0          9    394.666   12958.257   13352.923 
                      p0        3    134.340    5190.978    5325.318 
                        ha0     1     47.565    1006.557    1054.122 
                        ha1     1     47.565    1675.632    1723.197 
                        fa0     1     39.210    2508.789    2547.999 
                      p1        3    134.340    4960.656    5094.996 
                        ha0     1     47.565    1010.717    1058.282 
                        ha1     1     47.565    1478.601    1526.166 
                        fa0     1     39.210    2471.338    2510.548 
                    p1          9    394.666   11989.045   12383.711 
                      p0        3    134.340    4840.230    4974.570 
                        ha0     1     47.565     951.711     999.276 
                        ha1     1     47.565    1568.425    1615.990 
                        fa0     1     39.210    2320.093    2359.304 
                      p1        3    134.340    4771.396    4905.736 
                        ha0     1     47.565     976.707    1024.271 
                        ha1     1     47.565    1424.184    1471.749 
                        fa0     1     39.210    2370.506    2409.716 
        p1                    885  37900.978 1026589.812 1064490.790 
          p0                  438  18769.865  511983.313  530753.178 
            p0                215   9223.914  252144.676  261368.589 
              p0              104   4470.543  124019.943  128490.487 
                p0             49   2113.463   60208.854   62322.317 
                  p0           22    954.528   28603.533   29558.061 
                    p0          9    394.666   13051.660   13446.326 
                      p0        3    134.340    5255.210    5389.551 
                        ha0     1     47.565    1016.214    1063.779 
                        ha1     1     47.565    1680.000    1727.565 
                        fa0     1     39.210    2558.997    2598.207 
                      p1        3    134.340    5072.114    5206.454 
                        ha0     1     47.565    1029.039    1076.604 
                        ha1     1     47.565    1496.320    1543.885 
                        fa0     1     39.210    2546.755    2585.965 
                    p1          9    394.666   12413.961   12808.627 
                      p0        3    134.340    5044.641    5178.981 
                        ha0     1     47.565     979.975    1027.540 
                        ha1     1     47.565    1618.733    1666.298 
                        fa0     1     39.210    2445.933    2485.144 
                      p1        3    134.340    5017.348    5151.688 
                        ha0     1     47.565    1012.956    1060.521 
                        ha1     1     47.565    1482.845    1530.410 
                        fa0     1     39.210    2521.547    2560.757 
                  p1           22    954.528   27988.039   28942.567 
                    p0          9    394.666   12935.769   13330.435 
                      p0        3    134.340    5205.615    5339.955 
                        ha0     1     47.565    1007.136    1054.701 
                        ha1     1     47.565    1664.688    1712.253 
                        fa0     1     39.210    2533.791    2573.002 
                      p1        3    134.340    5024.156    5158.496 
                        ha0     1     47.565    1019.932    1067.497 
                        ha1     1     47.565    1482.674    1530.239 
                        fa0     1     39.210    2521.550    2560.761 
                    p1          9    394.666   12185.683   12580.349 
                      p0        3    134.340    4945.510    5079.850 
                        ha0     1     47.565     961.880    1009.445 
                        ha1     1     47.565    1588.108    1635.673 
                        fa0     1     39.210    2395.523    2434.733 
                      p1        3    134.340    4921.547    5055.887 
                        ha0     1     47.565     994.861    1042.426 
                        ha1     1     47.565    1455.550    1503.115 
                        fa0     1     39.210    2471.136    2510.346 
                p1             49   2113.463   59834.443   61947.907 
                  p0           22    954.528   28327.345   29281.874 
                    p0          9    394.666   12942.733   13337.399 
                      p0        3    134.340    5212.570    5346.911 
                        ha0     1     47.565    1014.260    1061.825 
                        ha1     1     47.565    1664.518    1712.083 
                        fa0     1     39.210    2533.792    2573.002 
                      p1        3    134.340    5024.155    5158.495 
                        ha0     1     47.565    1019.932    1067.497 
                        ha1     1     47.565    1482.674    1530.239 
                        fa0     1     39.210    2521.549    2560.759 
                    p1          9    394.666   12248.313   12642.979 
                      p0        3    134.340    4960.822    5095.162 
                        ha0     1     47.565     977.355    1024.920 
                        ha1     1     47.565    1587.944    1635.509 
                        fa0     1     39.210    2395.523    2434.733 
                      p1        3    134.340    4937.571    5071.911 
                        ha0     1     47.565    1011.052    1058.617 
                        ha1     1     47.565    1455.383    1502.948 
                        fa0     1     39.210    2471.136    2510.346 
                  p1           22    954.528   27974.765   28929.293 
                    p0          9    394.666   12954.866   13349.532 
                      p0        3    134.340    5205.616    5339.956 
                        ha0     1     47.565    1007.137    1054.702 
                        ha1     1     47.565    1664.688    1712.253 
                        fa0     1     39.210    2533.790    2573.001 
                      p1        3    134.340    5024.074    5158.414 
                        ha0     1     47.565    1019.853    1067.418 
                        ha1     1     47.565    1482.674    1530.239 
                        fa0     1     39.210    2521.547    2560.757 
                    p1          9    394.666   12120.400   12515.066 
                      p0        3    134.340    4904.450    5038.790 
                        ha0     1     47.565     961.341    1008.905 
                        ha1     1     47.565    1572.795    1620.360 
                        fa0     1     39.210    2370.314    2409.525 
                      p1        3    134.340    4882.685    5017.025 
                        ha0     1     47.565     994.853    1042.418 
                        ha1     1     47.565    1441.904    1489.469 
                        fa0     1     39.210    2445.929    2485.139 
              p1              104   4470.543  123773.924  128244.467 
                p0             49   2113.463   60234.571   62348.034 
                  p0           22    954.528   28615.816   29570.344 
                    p0          9    394.666   13081.829   13476.495 
                      p0        3    134.340    5255.738    5390.079 
                        ha0     1     47.565    1016.129    1063.694 
                        ha1     1     47.565    1693.129    1740.694 
                        fa0     1     39.210    2546.480    2585.691 
                      p1        3    134.340    5068.292    5202.632 
                        ha0     1     47.565    1026.089    1073.654 
                        ha1     1     47.565    1508.034    1555.599 
                        fa0     1     39.210    2534.169    2573.379 
                    p1          9    394.666   12380.714   12775.380 
                      p0        3    134.340    5045.640    5179.980 
                        ha0     1     47.565     979.894    1027.459 
                        ha1     1     47.565    1631.860    1679.425 
                        fa0     1     39.210    2433.886    2473.096 
                      p1        3    134.340    4968.681    5103.021 
                        ha0     1     47.565    1003.826    1051.391 
                        ha1     1     47.565    1480.810    1528.375 
                        fa0     1     39.210    2484.045    2523.255 
                  p1           22    954.528   28000.876   28955.405 
                    p0          9    394.666   12965.993   13360.659 
                      p0        3    134.340    5206.111    5340.451 
                        ha0     1     47.565    1006.997    1054.562 
                        ha1     1     47.565    1677.817    1725.382 
                        fa0     1     39.210    2521.297    2560.507 
                      p1        3    134.340    5020.423    5154.763 
                        ha0     1     47.565    1016.977    1064.542 
                        ha1     1     47.565    1494.387    1541.952 
                        fa0     1     39.210    2509.059    2548.269 
                    p1          9    394.666   12152.937   12547.603 
                      p0        3    134.340    4946.759    5081.099 
                        ha0     1     47.565     961.799    1009.364 
                        ha1     1     47.565    1601.236    1648.801 
                        fa0     1     39.210    2383.724    2422.934 
                      p1        3    134.340    4873.132    5007.472 
                        ha0     1     47.565     985.732    1033.297 
                        ha1     1     47.565    1453.515    1501.080 
                        fa0     1     39.210    2433.885    2473.095 
                p1             49   2113.463   59850.098   61963.561 
                  p0           22    954.528   28329.530   29284.058 
                    p0          9    394.666   12969.729   13364.395 
                      p0        3    134.340    5209.378    5343.718 
                        ha0     1     47.565    1010.317    1057.882 
                        ha1     1     47.565    1677.782    1725.347 
                        fa0     1     39.210    2521.278    2560.489 
                      p1        3    134.340    5020.881    5155.221 
                        ha0     1     47.565    1017.424    1064.989 
                        ha1     1     47.565    1494.388    1541.953 
                        fa0     1     39.210    2509.069    2548.280 
                    p1          9    394.666   12208.148   12602.814 
                      p0        3    134.340    4958.444    5092.784 
                        ha0     1     47.565     973.552    1021.116 
                        ha1     1     47.565    1601.203    1648.768 
                        fa0     1     39.210    2383.689    2422.900 
                      p1        3    134.340    4885.401    5019.741 
                        ha0     1     47.565     998.073    1045.638 
                        ha1     1     47.565    1453.482    1501.047 
                        fa0     1     39.210    2433.847    2473.057 
                  p1           22    954.528   27987.637   28942.165 
                    p0          9    394.666   12985.091   13379.757 
                      p0        3    134.340    5206.109    5340.450 
                        ha0     1     47.565    1006.998    1054.563 
                        ha1     1     47.565    1677.817    1725.382 
                        fa0     1     39.210    2521.294    2560.504 
                      p1        3    134.340    5020.347    5154.687 
                        ha0     1     47.565    1016.873    1064.438 
                        ha1     1     47.565    1494.388    1541.953 
                        fa0     1     39.210    2509.086    2548.296 
                    p1          9    394.666   12087.707   12482.373 
                      p0        3    134.340    4905.744    5040.084 
                        ha0     1     47.565     961.179    1008.744 
                        ha1     1     47.565    1585.924    1633.488 
                        fa0     1     39.210    2358.641    2397.852 
                      p1        3    134.340    4834.309    4968.650 
                        ha0     1     47.565     985.641    1033.206 
                        ha1     1     47.565    1439.868    1487.433 
                        fa0     1     39.210    2408.801    2448.011 
            p1                215   9223.914  255277.818  264501.731 
              p0              104   4470.543  124457.301  128927.844 
                p0             49   2113.463   60423.853   62537.317 
                  p0           22    954.528   28702.099   29656.628 
                    p0          9    394.666   13149.689   13544.355 
                      p0        3    134.340    5305.178    5439.519 
                        ha0     1     47.565    1025.177    1072.742 
                        ha1     1     47.565    1708.442    1756.006 
                        fa0     1     39.210    2571.560    2610.771 
                      p1        3    134.340    5068.291    5202.631 
                        ha0     1     47.565    1026.090    1073.655 
                        ha1     1     47.565    1508.034    1555.599 
                        fa0     1     39.210    2534.167    2573.378 
                    p1          9    394.666   12380.726   12775.392 
                      p0        3    134.340    5045.639    5179.979 
                        ha0     1     47.565     979.894    1027.459 
                        ha1     1     47.565    1631.861    1679.425 
                        fa0     1     39.210    2433.884    2473.095 
                      p1        3    134.340    4968.680    5103.021 
                        ha0     1     47.565    1003.827    1051.392 
                        ha1     1     47.565    1480.810    1528.375 
                        fa0     1     39.210    2484.044    2523.254 
                  p1           22    954.528   28085.499   29040.027 
                    p0          9    394.666   13033.854   13428.520 
                      p0        3    134.340    5255.550    5389.891 
                        ha0     1     47.565    1016.044    1063.609 
                        ha1     1     47.565    1693.129    1740.694 
                        fa0     1     39.210    2546.377    2585.587 
                      p1        3    134.340    5020.423    5154.763 
                        ha0     1     47.565    1016.978    1064.543 
                        ha1     1     47.565    1494.388    1541.953 
                        fa0     1     39.210    2509.058    2548.268 
                    p1          9    394.666   12152.948   12547.614 
                      p0        3    134.340    4946.760    5081.100 
                        ha0     1     47.565     961.800    1009.365 
                        ha1     1     47.565    1601.236    1648.801 
                        fa0     1     39.210    2383.724    2422.934 
                      p1        3    134.340    4873.129    5007.470 
                        ha0     1     47.565     985.732    1033.297 
                        ha1     1     47.565    1453.515    1501.080 
                        fa0     1     39.210    2433.882    2473.092 
                p1             49   2113.463   60037.773   62151.236 
                  p0           22    954.528   28415.845   29370.373 
                    p0          9    394.666   13037.617   13432.283 
                      p0        3    134.340    5258.846    5393.186 
                        ha0     1     47.565    1019.393    1066.958 
                        ha1     1     47.565    1693.095    1740.660 
                        fa0     1     39.210    2546.357    2585.568 
                      p1        3    134.340    5020.880    5155.220 
                        ha0     1     47.565    1017.424    1064.989 
                        ha1     1     47.565    1494.388    1541.953 
                        fa0     1     39.210    2509.068    2548.278 
                    p1          9    394.666   12208.162   12602.828 
                      p0        3    134.340    4958.443    5092.784 
                        ha0     1     47.565     973.552    1021.117 
                        ha1     1     47.565    1601.203    1648.768 
                        fa0     1     39.210    2383.688    2422.898 
                      p1        3    134.340    4885.402    5019.742 
                        ha0     1     47.565     998.074    1045.639 
                        ha1     1     47.565    1453.482    1501.047 
                        fa0     1     39.210    2433.846    2473.057 
                  p1           22    954.528   28072.268   29026.797 
                    p0          9    394.666   13052.956   13447.622 
                      p0        3    134.340    5255.549    5389.890 
                        ha0     1     47.565    1016.045    1063.610 
                        ha1     1     47.565    1693.130    1740.695 
                        fa0     1     39.210    2546.374    2585.585 
                      p1        3    134.340    5020.345    5154.686 
                        ha0     1     47.565    1016.874    1064.439 
                        ha1     1     47.565    1494.388    1541.953 
                        fa0     1     39.210    2509.083    2548.294 
                    p1          9    394.666   12087.720   12482.386 
                      p0        3    134.340    4905.743    5040.083 
                        ha0     1     47.565     961.179    1008.744 
                        ha1     1     47.565    1585.924    1633.489 
                        fa0     1     39.210    2358.640    2397.851 
                      p1        3    134.340    4834.308    4968.649 
                        ha0     1     47.565     985.641    1033.206 
                        ha1     1     47.565    1439.868    1487.433 
                        fa0     1     39.210    2408.799    2448.009 
              p1              104   4470.543  126747.591  131218.135 
                p0             49   2113.463   61670.659   63784.122 
                  p0           22    954.528   29285.252   30239.781 
                    p0          9    394.666   13402.689   13797.355 
                      p0        3    134.340    5389.278    5523.618 
                        ha0     1     47.565    1042.778    1090.343 
                        ha1     1     47.565    1736.881    1784.446 
                        fa0     1     39.210    2609.619    2648.829 
                      p1        3    134.340    5152.579    5286.919 
                        ha0     1     47.565    1047.228    1094.793 
                        ha1     1     47.565    1533.184    1580.749 
                        fa0     1     39.210    2572.167    2611.377 
                    p1          9    394.666   12625.102   13019.768 
                      p0        3    134.340    5129.126    5263.466 
                        ha0     1     47.565     997.489    1045.054 
                        ha1     1     47.565    1660.300    1707.865 
                        fa0     1     39.210    2471.337    2510.547 
                      p1        3    134.340    5049.771    5184.111 
                        ha0     1     47.565    1021.954    1069.519 
                        ha1     1     47.565    1506.068    1553.632 
                        fa0     1     39.210    2521.749    2560.960 
                  p1           22    954.528   28663.085   29617.613 
                    p0          9    394.666   13286.795   13681.461 
                      p0        3    134.340    5339.681    5474.021 
                        ha0     1     47.565    1033.699    1081.264 
                        ha1     1     47.565    1721.569    1769.134 
                        fa0     1     39.210    2584.412    2623.622 
                      p1        3    134.340    5104.621    5238.961 
                        ha0     1     47.565    1038.121    1085.686 
                        ha1     1     47.565    1519.538    1567.103 
                        fa0     1     39.210    2546.961    2586.171 
                    p1          9    394.666   12396.814   12791.480 
                      p0        3    134.340    5029.992    5164.332 
                        ha0     1     47.565     979.394    1026.959 
                        ha1     1     47.565    1629.675    1677.240 
                        fa0     1     39.210    2420.923    2460.133 
                      p1        3    134.340    4953.967    5088.307 
                        ha0     1     47.565    1003.859    1051.423 
                        ha1     1     47.565    1478.773    1526.338 
                        fa0     1     39.210    2471.336    2510.546 
                p1             49   2113.463   61289.903   63403.366 
                  p0           22    954.528   29009.437   29963.965 
                    p0          9    394.666   13293.960   13688.626 
                      p0        3    134.340    5346.834    5481.174 
                        ha0     1     47.565    1041.032    1088.597 
                        ha1     1     47.565    1721.393    1768.958 
                        fa0     1     39.210    2584.409    2623.620 
                      p1        3    134.340    5104.619    5238.959 
                        ha0     1     47.565    1038.122    1085.687 
                        ha1     1     47.565    1519.538    1567.103 
                        fa0     1     39.210    2546.958    2586.169 
                    p1          9    394.666   12459.629   12854.295 
                      p0        3    134.340    5045.443    5179.783 
                        ha0     1     47.565     995.015    1042.580 
                        ha1     1     47.565    1629.506    1677.071 
                        fa0     1     39.210    2420.922    2460.132 
                      p1        3    134.340    4970.071    5104.411 
                        ha0     1     47.565    1020.135    1067.700 
                        ha1     1     47.565    1478.602    1526.167 
                        fa0     1     39.210    2471.334    2510.545 
                  p1           22    954.528   28649.755   29604.284 
                    p0          9    394.666   13305.890   13700.556 
                      p0        3    134.340    5339.679    5474.019 
                        ha0     1     47.565    1033.701    1081.266 
                        ha1     1     47.565    1721.570    1769.135 
                        fa0     1     39.210    2584.408    2623.619 
                      p1        3    134.340    5104.538    5238.878 
                        ha0     1     47.565    1038.041    1085.606 
                        ha1     1     47.565    1519.539    1567.104 
                        fa0     1     39.210    2546.957    2586.168 
                    p1          9    394.666   12331.497   12726.163 
                      p0        3    134.340    4988.931    5123.271 
                        ha0     1     47.565     978.855    1026.420 
                        ha1     1     47.565    1614.363    1661.928 
                        fa0     1     39.210    2395.713    2434.923 
                      p1        3    134.340    4915.102    5049.442 
                        ha0     1     47.565    1003.850    1051.415 
                        ha1     1     47.565    1465.126    1512.691 
                        fa0     1     39.210    2446.125    2485.335 
          p1                  438  18769.865  509911.207  528681.071 
            p0                215   9223.914  251225.975  260449.889 
              p0              104   4470.543  123527.343  127997.886 
                p0             49   2113.463   60186.256   62299.719 
                  p0           22    954.528   28560.133   29514.662 
                    p0          9    394.666   13101.508   13496.174 
                      p0        3    134.340    5255.249    5389.589 
                        ha0     1     47.565    1016.213    1063.778 
                        ha1     1     47.565    1679.999    1727.564 
                        fa0     1     39.210    2559.038    2598.248 
                      p1        3    134.340    5105.146    5239.487 
                        ha0     1     47.565    1038.143    1085.708 
                        ha1     1     47.565    1507.909    1555.474 
                        fa0     1     39.210    2559.094    2598.305 
                    p1          9    394.666   12285.006   12679.672 
                      p0        3    134.340    4980.001    5114.341 
                        ha0     1     47.565     970.927    1018.491 
                        ha1     1     47.565    1601.215    1648.780 
                        fa0     1     39.210    2407.859    2447.069 
                      p1        3    134.340    4954.524    5088.865 
                        ha0     1     47.565    1003.908    1051.472 
                        ha1     1     47.565    1467.142    1514.707 
                        fa0     1     39.210    2483.475    2522.685 
                  p1           22    954.528   27941.455   28895.984 
                    p0          9    394.666   12985.613   13380.279 
                      p0        3    134.340    5205.652    5339.993 
                        ha0     1     47.565    1007.135    1054.700 
                        ha1     1     47.565    1664.686    1712.251 
                        fa0     1     39.210    2533.831    2573.041 
                      p1        3    134.340    5057.186    5191.526 
                        ha0     1     47.565    1029.035    1076.600 
                        ha1     1     47.565    1494.263    1541.828 
                        fa0     1     39.210    2533.888    2573.098 
                    p1          9    394.666   12056.724   12451.390 
                      p0        3    134.340    4880.869    5015.209 
                        ha0     1     47.565     952.831    1000.396 
                        ha1     1     47.565    1570.590    1618.154 
                        fa0     1     39.210    2357.449    2396.659 
                      p1        3    134.340    4858.723    4993.063 
                        ha0     1     47.565     985.812    1033.377 
                        ha1     1     47.565    1439.847    1487.412 
                        fa0     1     39.210    2433.063    2472.273 
                p1             49   2113.463   59296.390   61409.853 
                  p0           22    954.528   28035.254   28989.782 
                    p0          9    394.666   12876.652   13271.318 
                      p0        3    134.340    5162.979    5297.319 
                        ha0     1     47.565    1005.147    1052.712 
                        ha1     1     47.565    1649.206    1696.771 
                        fa0     1     39.210    2508.625    2547.836 
                      p1        3    134.340    5009.228    5143.569 
                        ha0     1     47.565    1019.929    1067.494 
                        ha1     1     47.565    1480.617    1528.182 
                        fa0     1     39.210    2508.682    2547.893 
                    p1          9    394.666   12004.933   12399.599 
                      p0        3    134.340    4846.491    4980.831 
                        ha0     1     47.565     959.134    1006.699 
                        ha1     1     47.565    1555.116    1602.681 
                        fa0     1     39.210    2332.241    2371.452 
                      p1        3    134.340    4826.721    4961.061 
                        ha0     1     47.565     992.830    1040.395 
                        ha1     1     47.565    1426.034    1473.599 
                        fa0     1     39.210    2407.857    2447.067 
                  p1           22    954.528   27681.481   28636.009 
                    p0          9    394.666   12888.853   13283.519 
                      p0        3    134.340    5156.088    5290.428 
                        ha0     1     47.565     998.089    1045.654 
                        ha1     1     47.565    1649.375    1696.940 
                        fa0     1     39.210    2508.624    2547.835 
                      p1        3    134.340    5009.147    5143.488 
                        ha0     1     47.565    1019.850    1067.415 
                        ha1     1     47.565    1480.618    1528.183 
                        fa0     1     39.210    2508.680    2547.890 
                    p1          9    394.666   11877.271   12271.937 
                      p0        3    134.340    4790.243    4924.583 
                        ha0     1     47.565     943.244     990.809 
                        ha1     1     47.565    1539.965    1587.530 
                        fa0     1     39.210    2307.034    2346.244 
                      p1        3    134.340    4771.959    4906.299 
                        ha0     1     47.565     976.756    1024.321 
                        ha1     1     47.565    1412.553    1460.118 
                        fa0     1     39.210    2382.649    2421.860 
              p1              104   4470.543  123280.156  127750.699 
                p0             49   2113.463   60212.426   62325.889 
                  p0           22    954.528   28572.633   29527.161 
                    p0          9    394.666   13131.543   13526.209 
                      p0        3    134.340    5255.759    5390.099 
                        ha0     1     47.565    1016.128    1063.693 
                        ha1     1     47.565    1693.128    1740.693 
                        fa0     1     39.210    2546.503    2585.713 
                      p1        3    134.340    5101.203    5235.543 
                        ha0     1     47.565    1035.170    1082.734 
                        ha1     1     47.565    1519.624    1567.189 
                        fa0     1     39.210    2546.409    2585.620 
                    p1          9    394.666   12252.101   12646.768 
                      p0        3    134.340    4981.151    5115.492 
                        ha0     1     47.565     970.846    1018.411 
                        ha1     1     47.565    1614.342    1661.907 
                        fa0     1     39.210    2395.964    2435.174 
                      p1        3    134.340    4906.008    5040.349 
                        ha0     1     47.565     994.778    1042.343 
                        ha1     1     47.565    1465.106    1512.671 
                        fa0     1     39.210    2446.124    2485.334 
                  p1           22    954.528   27954.511   28909.039 
                    p0          9    394.666   13015.707   13410.373 
                      p0        3    134.340    5206.131    5340.471 
                        ha0     1     47.565    1006.996    1054.561 
                        ha1     1     47.565    1677.815    1725.380 
                        fa0     1     39.210    2521.319    2560.530 
                      p1        3    134.340    5053.334    5187.674 
                        ha0     1     47.565    1026.057    1073.622 
                        ha1     1     47.565    1505.978    1553.543 
                        fa0     1     39.210    2521.299    2560.510 
                    p1          9    394.666   12024.318   12418.984 
                      p0        3    134.340    4882.271    5016.612 
                        ha0     1     47.565     952.751    1000.316 
                        ha1     1     47.565    1583.717    1631.282 
                        fa0     1     39.210    2345.803    2385.013 
                      p1        3    134.340    4810.456    4944.797 
                        ha0     1     47.565     976.684    1024.249 
                        ha1     1     47.565    1437.811    1485.376 
                        fa0     1     39.210    2395.961    2435.172 
                p1             49   2113.463   59313.732   61427.195 
                  p0           22    954.528   28038.352   28992.881 
                    p0          9    394.666   12903.823   13298.489 
                      p0        3    134.340    5159.929    5294.269 
                        ha0     1     47.565    1001.240    1048.805 
                        ha1     1     47.565    1662.469    1710.034 
                        fa0     1     39.210    2496.221    2535.431 
                      p1        3    134.340    5005.982    5140.322 
                        ha0     1     47.565    1017.421    1064.986 
                        ha1     1     47.565    1492.331    1539.896 
                        fa0     1     39.210    2496.230    2535.440 
                    p1          9    394.666   11965.496   12360.162 
                      p0        3    134.340    4844.457    4978.798 
                        ha0     1     47.565     955.398    1002.963 
                        ha1     1     47.565    1568.372    1615.937 
                        fa0     1     39.210    2320.688    2359.898 
                      p1        3    134.340    4774.896    4909.236 
                        ha0     1     47.565     979.919    1027.484 
                        ha1     1     47.565    1424.130    1471.695 
                        fa0     1     39.210    2370.846    2410.057 
                  p1           22    954.528   27695.106   28649.635 
                    p0          9    394.666   12919.219   13313.885 
                      p0        3    134.340    5156.690    5291.030 
                        ha0     1     47.565     997.951    1045.516 
                        ha1     1     47.565    1662.503    1710.068 
                        fa0     1     39.210    2496.236    2535.446 
                      p1        3    134.340    5005.446    5139.787 
                        ha0     1     47.565    1016.870    1064.435 
                        ha1     1     47.565    1492.331    1539.896 
                        fa0     1     39.210    2496.245    2535.455 
                    p1          9    394.666   11845.175   12239.842 
                      p0        3    134.340    4791.816    4926.156 
                        ha0     1     47.565     943.085     990.650 
                        ha1     1     47.565    1553.092    1600.657 
                        fa0     1     39.210    2295.639    2334.849 
                      p1        3    134.340    4723.862    4858.202 
                        ha0     1     47.565     967.547    1015.112 
                        ha1     1     47.565    1410.517    1458.082 
                        fa0     1     39.210    2345.798    2385.009 
            p1                215   9223.914  254355.614  263579.527 
              p0              104   4470.543  123966.947  128437.490 
                p0             49   2113.463   60401.729   62515.192 
                  p0           22    954.528   28658.927   29613.455 
                    p0          9    394.666   13199.404   13594.070 
                      p0        3    134.340    5305.199    5439.539 
                        ha0     1     47.565    1025.176    1072.741 
                        ha1     1     47.565    1708.440    1756.005 
                        fa0     1     39.210    2571.583    2610.793 
                      p1        3    134.340    5101.203    5235.543 
                        ha0     1     47.565    1035.171    1082.735 
                        ha1     1     47.565    1519.624    1567.189 
                        fa0     1     39.210    2546.408    2585.618 
                    p1          9    394.666   12252.115   12646.782 
                      p0        3    134.340    4981.152    5115.493 
                        ha0     1     47.565     970.846    1018.411 
                        ha1     1     47.565    1614.342    1661.907 
                        fa0     1     39.210    2395.964    2435.174 
                      p1        3    134.340    4906.007    5040.347 
                        ha0     1     47.565     994.779    1042.343 
                        ha1     1     47.565    1465.106    1512.671 
                        fa0     1     39.210    2446.122    2485.333 
                  p1           22    954.528   28039.141   28993.669 
                    p0          9    394.666   13083.568   13478.234 
                      p0        3    134.340    5255.571    5389.911 
                        ha0     1     47.565    1016.043    1063.608 
                        ha1     1     47.565    1693.128    1740.693 
                        fa0     1     39.210    2546.400    2585.610 
                      p1        3    134.340    5053.333    5187.673 
                        ha0     1     47.565    1026.058    1073.623 
                        ha1     1     47.565    1505.978    1553.543 
                        fa0     1     39.210    2521.297    2560.507 
                    p1          9    394.666   12024.331   12418.997 
                      p0        3    134.340    4882.271    5016.611 
                        ha0     1     47.565     952.752    1000.317 
                        ha1     1     47.565    1583.717    1631.282 
                        fa0     1     39.210    2345.802    2385.012 
                      p1        3    134.340    4810.456    4944.796 
                        ha0     1     47.565     976.684    1024.249 
                        ha1     1     47.565    1437.811    1485.376 
                        fa0     1     39.210    2395.960    2435.171 
                p1             49   2113.463   59501.442   61614.905 
                  p0           22    954.528   28124.674   29079.202 
                    p0          9    394.666   12971.711   13366.377 
                      p0        3    134.340    5209.397    5343.737 
                        ha0     1     47.565    1010.316    1057.880 
                        ha1     1     47.565    1677.781    1725.346 
                        fa0     1     39.210    2521.300    2560.510 
                      p1        3    134.340    5005.980    5140.320 
                        ha0     1     47.565    1017.422    1064.987 
                        ha1     1     47.565    1492.331    1539.896 
                        fa0     1     39.210    2496.227    2535.437 
                    p1          9    394.666   11965.508   12360.174 
                      p0        3    134.340    4844.456    4978.796 
                        ha0     1     47.565     955.399    1002.964 
                        ha1     1     47.565    1568.372    1615.937 
                        fa0     1     39.210    2320.685    2359.896 
                      p1        3    134.340    4774.895    4909.236 
                        ha0     1     47.565     979.920    1027.484 
                        ha1     1     47.565    1424.131    1471.695 
                        fa0     1     39.210    2370.845    2410.056 
                  p1           22    954.528   27779.744   28734.272 
                    p0          9    394.666   12987.091   13381.757 
                      p0        3    134.340    5206.129    5340.469 
                        ha0     1     47.565    1006.998    1054.562 
                        ha1     1     47.565    1677.816    1725.381 
                        fa0     1     39.210    2521.315    2560.526 
                      p1        3    134.340    5005.446    5139.786 
                        ha0     1     47.565    1016.871    1064.436 
                        ha1     1     47.565    1492.332    1539.896 
                        fa0     1     39.210    2496.243    2535.453 
                    p1          9    394.666   11845.192   12239.858 
                      p0        3    134.340    4791.815    4926.156 
                        ha0     1     47.565     943.086     990.651 
                        ha1     1     47.565    1553.092    1600.657 
                        fa0     1     39.210    2295.637    2334.848 
                      p1        3    134.340    4723.860    4858.200 
                        ha0     1     47.565     967.548    1015.112 
                        ha1     1     47.565    1410.517    1458.082 
                        fa0     1     39.210    2345.796    2385.006 
              p1              104   4470.543  126251.357  130721.900 
                p0             49   2113.463   61647.866   63761.329 
                  p0           22    954.528   29241.744   30196.272 
                    p0          9    394.666   13452.465   13847.131 
                      p0        3    134.340    5389.274    5523.615 
                        ha0     1     47.565    1042.777    1090.342 
                        ha1     1     47.565    1736.880    1784.445 
                        fa0     1     39.210    2609.618    2648.828 
                      p1        3    134.340    5185.571    5319.911 
                        ha0     1     47.565    1056.333    1103.898 
                        ha1     1     47.565    1544.772    1592.337 
                        fa0     1     39.210    2584.466    2623.676 
                    p1          9    394.666   12496.097   12890.763 
                      p0        3    134.340    5064.444    5198.784 
                        ha0     1     47.565     988.441    1036.006 
                        ha1     1     47.565    1642.781    1690.346 
                        fa0     1     39.210    2433.222    2472.433 
                      p1        3    134.340    4986.903    5121.244 
                        ha0     1     47.565    1012.905    1060.470 
                        ha1     1     47.565    1490.363    1537.928 
                        fa0     1     39.210    2483.635    2522.845 
                  p1           22    954.528   28616.395   29570.923 
                    p0          9    394.666   13336.567   13731.233 
                      p0        3    134.340    5339.677    5474.017 
                        ha0     1     47.565    1033.698    1081.263 
                        ha1     1     47.565    1721.568    1769.133 
                        fa0     1     39.210    2584.411    2623.621 
                      p1        3    134.340    5137.610    5271.950 
                        ha0     1     47.565    1047.225    1094.790 
                        ha1     1     47.565    1531.126    1578.691 
                        fa0     1     39.210    2559.259    2598.470 
                    p1          9    394.666   12267.806   12662.472 
                      p0        3    134.340    4965.309    5099.649 
                        ha0     1     47.565     970.345    1017.910 
                        ha1     1     47.565    1612.155    1659.720 
                        fa0     1     39.210    2382.808    2422.019 
                      p1        3    134.340    4891.098    5025.438 
                        ha0     1     47.565     994.810    1042.375 
                        ha1     1     47.565    1463.068    1510.633 
                        fa0     1     39.210    2433.220    2472.430 
                p1             49   2113.463   60751.680   62865.143 
                  p0           22    954.528   28717.237   29671.766 
                    p0          9    394.666   13227.803   13622.469 
                      p0        3    134.340    5297.200    5431.540 
                        ha0     1     47.565    1031.919    1079.483 
                        ha1     1     47.565    1706.080    1753.645 
                        fa0     1     39.210    2559.201    2598.411 
                      p1        3    134.340    5089.650    5223.990 
                        ha0     1     47.565    1038.119    1085.684 
                        ha1     1     47.565    1517.481    1565.045 
                        fa0     1     39.210    2534.051    2573.261 
                    p1          9    394.666   12216.200   12610.866 
                      p0        3    134.340    4931.070    5065.410 
                        ha0     1     47.565     976.794    1024.359 
                        ha1     1     47.565    1596.676    1644.241 
                        fa0     1     39.210    2357.599    2396.810 
                      p1        3    134.340    4859.175    4993.516 
                        ha0     1     47.565    1001.912    1049.477 
                        ha1     1     47.565    1449.251    1496.816 
                        fa0     1     39.210    2408.012    2447.222 
                  p1           22    954.528   28356.362   29310.890 
                    p0          9    394.666   13239.806   13634.472 
                      p0        3    134.340    5290.107    5424.448 
                        ha0     1     47.565    1024.652    1072.217 
                        ha1     1     47.565    1706.256    1753.821 
                        fa0     1     39.210    2559.200    2598.410 
                      p1        3    134.340    5089.566    5223.906 
                        ha0     1     47.565    1038.038    1085.603 
                        ha1     1     47.565    1517.481    1565.046 
                        fa0     1     39.210    2534.047    2573.258 
                    p1          9    394.666   12088.321   12482.987 
                      p0        3    134.340    4874.680    5009.020 
                        ha0     1     47.565     960.759    1008.323 
                        ha1     1     47.565    1581.531    1629.096 
                        fa0     1     39.210    2332.391    2371.601 
                      p1        3    134.340    4804.330    4938.670 
                        ha0     1     47.565     985.754    1033.319 
                        ha1     1     47.565    1435.774    1483.339 
                        fa0     1     39.210    2382.802    2422.012 
      ctr                     330   7782.022  338662.523  346444.545 
        add_55_25             205   3171.866   49432.886   52604.752 
    genblk1[1].genblk1.sng     50   1165.851   78470.800   79636.651 
      ctr                      23    910.372   62977.086   63887.457 
    genblk1[3].genblk1.sng     50   1165.851   78356.417   79522.268 
      ctr                      23    910.372   61305.403   62215.775 
    genblk1[2].genblk1.sng     51   1151.051   80275.781   81426.832 
      ctr                      23    910.372   61941.300   62851.671 
    genblk1[0].genblk1.sng     50   1141.072   80381.189   81522.261 
      ctr                      22    892.833   62674.444   63567.277 
    genblk1[4].genblk1.sng     51   1140.191   74187.525   75327.715 
      ctr                      24    930.125   51883.842   52813.968 

