============================================================
  Generated by:           Encounter(R) RTL Compiler v14.10-s022_1
  Generated on:           Jul 25 2021  01:09:07 pm
  Module:                 ms_serial_by2_mul_synth
  Technology library:     gscl45nm 
  Operating conditions:   typical (balanced_tree)
  Wireload mode:          enclosed
  Area mode:              timing library
============================================================

                                  Leakage    Dynamic     Total   
         Instance          Cells Power(nW)  Power(nW)  Power(nW) 
-----------------------------------------------------------------
ms_serial_by2_mul_synth      104  2891.165 187927.886 190819.051 
  TOP                        104  2891.165 181633.315 184524.480 
    genblk2.stoch2bin         43  1553.073  88599.929  90153.002 
      ctr                     31  1137.310  73095.050  74232.360 
      par_ctr                  9   394.666  12328.052  12722.718 
        p0                     3   134.340   3555.388   3689.729 
          ha0                  1    47.565    746.984    794.549 
          ha1                  1    47.565   1424.782   1472.347 
          fa0                  1    39.210   1383.623   1422.833 
        p1                     3   134.340   4503.192   4637.533 
          ha0                  1    47.565   1051.462   1099.027 
          ha1                  1    47.565   1674.746   1722.311 
          fa0                  1    39.210   1776.984   1816.195 
    genblk1[2].genblk1.sng    15   392.811  22479.285  22872.096 
      ctr                      8   323.916  19476.796  19800.712 
    genblk1[0].genblk1.sng    14   373.058  30885.841  31258.898 
      ctr                      7   304.162  27688.285  27992.448 
    genblk1[1].genblk1.sng    14   373.058  31058.486  31431.543 
      ctr                      7   304.162  27772.763  28076.926 

