============================================================
  Generated by:           Encounter(R) RTL Compiler v14.10-s022_1
  Generated on:           Jul 25 2021  01:41:32 pm
  Module:                 ms_serial_by4_mul_synth
  Technology library:     gscl45nm 
  Operating conditions:   typical (balanced_tree)
  Wireload mode:          enclosed
  Area mode:              timing library
============================================================

           Pin                 Type       Fanout Load Slew Delay Arrival   
                                                 (fF) (ps)  (ps)   (ps)    
---------------------------------------------------------------------------
(clock clk)                  launch                                    0 R 
TOP
  genblk1[0].genblk1.sng
    ctr
      countval_reg[3]/CLK                                0             0 R 
      countval_reg[3]/Q      DFFSR             1  1.5   10  +115     115 F 
      drc_bufs268/A                                           +0     115   
      drc_bufs268/Y          BUFX2             4 10.8   14   +42     156 F 
    ctr/countval[3] 
    g936/A                                                    +0     156   
    g936/Y                   AND2X1            2  4.6   24   +38     194 F 
    g925/A                                                    +0     194   
    g925/Y                   OR2X1             2  4.2   18   +45     239 F 
    g919/A                                                    +0     239   
    g919/Y                   OR2X1             1  1.8   11   +40     279 F 
    g3/B                                                      +0     279   
    g3/Y                     AND2X1            1  2.6   18   +44     323 F 
    g2/A                                                      +0     323   
    g2/Y                     OAI21X1           1  2.8   44   +46     369 R 
    g914/B                                                    +0     369   
    g914/Y                   OAI21X1           1  1.9    4   +22     391 F 
    g913/C                                                    +0     391   
    g913/Y                   OAI21X1           1  2.3   43   +17     408 R 
    g912/A                                                    +0     408   
    g912/Y                   AND2X1            6 14.1   87   +67     475 R 
    g909/A                                                    +0     475   
    g909/Y                   OR2X1             5 11.6   61   +69     544 R 
    g908/C                                                    +0     544   
    g908/Y                   AOI21X1           1  1.5   14   +25     569 F 
    drc_bufs953/A                                             +0     569   
    drc_bufs953/Y            BUFX2             1  1.5    2   +33     602 F 
    g907/A                                                    +0     602   
    g907/Y                   INVX1             4  9.2   10   +21     622 R 
  genblk1[0].genblk1.sng/sn_out[0] 
  g121/A                                                      +0     622   
  g121/Y                     AND2X1            1 12.7   75   +63     685 R 
  genblk2.stoch2bin/data_in[3] 
    par_ctr/a[3] 
      p1/a[3] 
        p1/a[3] 
          fa0/cin 
            g2/A                                              +0     685   
            g2/YS            FAX1              1  3.4   12   +93     778 F 
          fa0/s 
          ha0/b 
            g17/B                                             +0     778   
            g17/YS           HAX1              1  4.0   19   +59     837 F 
          ha0/s 
        p1/y[0] 
        g168/A                                                +0     837   
        g168/YC              HAX1              1  8.8   35   +65     902 F 
        g167/B                                                +0     902   
        g167/YC              FAX1              1  7.1   29   +89     990 F 
        g166/C                                                +0     990   
        g166/YS              FAX1              1 10.3   56   +95    1086 R 
      p1/y[2] 
      g234/B                                                  +0    1086   
      g234/YS                FAX1              2 11.1   34  +106    1191 F 
    par_ctr/y[2] 
    ctr/data_in[2] 
      add_55_25/B[2] 
        g425/B                                                +0    1191   
        g425/YC              FAX1              1  7.1   29   +88    1280 F 
        g424/C                                                +0    1280   
        g424/YC              FAX1              1  7.1   29   +82    1361 F 
        g423/C                                                +0    1361   
        g423/YC              FAX1              1  7.1   29   +82    1443 F 
        g422/C                                                +0    1443   
        g422/YC              FAX1              1  7.1   26   +82    1525 F 
        g421/C                                                +0    1525   
        g421/YC              FAX1              1  7.1   27   +81    1606 F 
        g420/C                                                +0    1606   
        g420/YC              FAX1              1  7.1   27   +81    1687 F 
        g419/C                                                +0    1687   
        g419/YC              FAX1              1  7.1   27   +81    1768 F 
        g418/C                                                +0    1768   
        g418/YC              FAX1              1  7.1   27   +81    1849 F 
        g417/C                                                +0    1849   
        g417/YC              FAX1              1  7.1   27   +81    1930 F 
        g416/C                                                +0    1930   
        g416/YC              FAX1              1  7.1   27   +81    2012 F 
        g415/C                                                +0    2012   
        g415/YC              FAX1              1  7.1   27   +81    2093 F 
        g414/C                                                +0    2093   
        g414/YC              FAX1              1  7.1   27   +81    2174 F 
        g413/C                                                +0    2174   
        g413/YC              FAX1              1  7.1   27   +81    2255 F 
        g412/C                                                +0    2255   
        g412/YC              FAX1              1  7.1   27   +81    2336 F 
        g411/C                                                +0    2336   
        g411/YC              FAX1              1 10.9   37   +89    2425 F 
        g2/A                                                  +0    2425   
        g2/YS                FAX1              1  2.8   21   +84    2509 R 
      add_55_25/Z[17] 
      g67/A                                                   +0    2509   
      g67/Y                  MUX2X1            1  1.5   17   +23    2532 F 
      g66/A                                                   +0    2532   
      g66/Y                  INVX1             1  2.0    0    +3    2535 R 
      countval_reg[17]/D     DFFSR                            +0    2535   
      countval_reg[17]/CLK   setup                       0   +70    2605 R 
- - - - - - - - - - - - - - - - - - - - - - - - - - - - - - - - - - - - - -
(clock clk)                  capture                                5000 R 
                             uncertainty                     -50    4950 R 
---------------------------------------------------------------------------
Cost Group   : 'clk' (path_group 'clk')
Timing slack :    2345ps 
Start-point  : TOP/genblk1[0].genblk1.sng/ctr/countval_reg[3]/CLK
End-point    : TOP/genblk2.stoch2bin/ctr/countval_reg[17]/D
