============================================================
  Generated by:           Encounter(R) RTL Compiler RC14.28 - v14.20-s067_1
  Generated on:           Mar 23 2019  12:45:23 pm
  Module:                 cas3
  Technology library:     gscl45nm 
  Operating conditions:   typical (balanced_tree)
  Wireload mode:          enclosed
  Area mode:              timing library
============================================================

path   1:

     Pin           Type     Fanout Load Slew Delay Arrival   
                                   (fF) (ps)  (ps)   (ps)    
-------------------------------------------------------------
a[1]              in port        4  9.7   20    +0       0 F 
cas1/a[1] 
  g714/A                                        +0       0   
  g714/Y          NAND2X1        1  1.5   31   +27      27 R 
  drc_bufs726/A                                 +0      27   
  drc_bufs726/Y   BUFX2          1  2.8   10   +35      62 R 
  g706/B                                        +0      62   
  g706/Y          AOI22X1        1  1.5   34   +26      88 F 
  drc_bufs729/A                                 +0      88   
  drc_bufs729/Y   BUFX2          1  2.3    7   +38     126 F 
  g705/C                                        +0     126   
  g705/Y          AOI21X1        1  1.5   24   +15     141 R 
  drc_bufs730/A                                 +0     141   
  drc_bufs730/Y   BUFX2          1  2.4    8   +34     175 R 
  g704/C                                        +0     175   
  g704/Y          AOI21X1        1  1.5   16    +9     185 F 
  drc_bufs731/A                                 +0     185   
  drc_bufs731/Y   BUFX2          1  2.3    3   +34     219 F 
  g703/C                                        +0     219   
  g703/Y          AOI21X1        1  1.5   24   +14     233 R 
  drc_bufs728/A                                 +0     233   
  drc_bufs728/Y   BUFX2          1  2.4    8   +34     267 R 
  g702/C                                        +0     267   
  g702/Y          AOI21X1        1  1.5   16    +9     276 F 
  drc_bufs733/A                                 +0     276   
  drc_bufs733/Y   BUFX2          1  2.3    3   +34     310 F 
  g701/C                                        +0     310   
  g701/Y          AOI21X1        1  1.5   24   +14     325 R 
  drc_bufs732/A                                 +0     325   
  drc_bufs732/Y   BUFX2          1  2.4    8   +34     359 R 
  g700/C                                        +0     359   
  g700/Y          AOI21X1        1  1.5   16    +9     368 F 
  drc_bufs/A                                    +0     368   
  drc_bufs/Y      BUFX2          1  2.6    3   +34     402 F 
  g699/B                                        +0     402   
  g699/Y          OAI21X1        1  2.3   44   +38     441 R 
  g698/A                                        +0     441   
  g698/Y          AND2X1        16 65.6  332  +228     669 R 
  g692/S                                        +0     669   
  g692/Y          MUX2X1         1  1.6   38   +78     747 R 
  g684/A                                        +0     747   
  g684/Y          INVX1          4  9.7   32   +39     786 F 
cas1/b_new[0] 
cas2/a[0] 
  g714/A                                        +0     786   
  g714/Y          NAND2X1        1  1.5   30   +31     817 R 
  drc_bufs726/A                                 +0     817   
  drc_bufs726/Y   BUFX2          1  2.8   10   +35     852 R 
  g706/B                                        +0     852   
  g706/Y          AOI22X1        1  1.5   34   +26     878 F 
  drc_bufs729/A                                 +0     878   
  drc_bufs729/Y   BUFX2          1  2.3    7   +38     915 F 
  g705/C                                        +0     915   
  g705/Y          AOI21X1        1  1.5   23   +15     931 R 
  drc_bufs730/A                                 +0     931   
  drc_bufs730/Y   BUFX2          1  2.4    8   +34     965 R 
  g704/C                                        +0     965   
  g704/Y          AOI21X1        1  1.5   16    +9     974 F 
  drc_bufs731/A                                 +0     974   
  drc_bufs731/Y   BUFX2          1  2.3    3   +34    1008 F 
  g703/C                                        +0    1008   
  g703/Y          AOI21X1        1  1.5   23   +14    1022 R 
  drc_bufs728/A                                 +0    1022   
  drc_bufs728/Y   BUFX2          1  2.4    8   +34    1056 R 
  g702/C                                        +0    1056   
  g702/Y          AOI21X1        1  1.5   16    +9    1066 F 
  drc_bufs733/A                                 +0    1066   
  drc_bufs733/Y   BUFX2          1  2.3    3   +34    1100 F 
  g701/C                                        +0    1100   
  g701/Y          AOI21X1        1  1.5   23   +14    1114 R 
  drc_bufs732/A                                 +0    1114   
  drc_bufs732/Y   BUFX2          1  2.4    8   +34    1148 R 
  g700/C                                        +0    1148   
  g700/Y          AOI21X1        1  1.5   16    +9    1158 F 
  drc_bufs/A                                    +0    1158   
  drc_bufs/Y      BUFX2          1  2.6    3   +34    1192 F 
  g699/B                                        +0    1192   
  g699/Y          OAI21X1        1  2.3   44   +38    1230 R 
  g698/A                                        +0    1230   
  g698/Y          AND2X1        16 65.6  332  +228    1458 R 
  g675/S                                        +0    1458   
  g675/Y          MUX2X1         1  1.5   41   +87    1545 F 
  g667/A                                        +0    1545   
  g667/Y          INVX1          3  7.1    6   +28    1573 R 
cas2/a_new[1] 
cas3/b[1] 
  g721/A                                        +0    1573   
  g721/Y          INVX1          1  1.9   11   +14    1586 F 
  g709/C                                        +0    1586   
  g709/Y          OAI21X1        1  2.8   43   +21    1607 R 
  g706/A                                        +0    1607   
  g706/Y          AOI22X1        1  1.5   34   +38    1645 F 
  drc_bufs729/A                                 +0    1645   
  drc_bufs729/Y   BUFX2          1  2.3    7   +38    1683 F 
  g705/C                                        +0    1683   
  g705/Y          AOI21X1        1  1.5   24   +15    1698 R 
  drc_bufs730/A                                 +0    1698   
  drc_bufs730/Y   BUFX2          1  2.4    8   +34    1732 R 
  g704/C                                        +0    1732   
  g704/Y          AOI21X1        1  1.5   15    +9    1742 F 
  drc_bufs731/A                                 +0    1742   
  drc_bufs731/Y   BUFX2          1  2.3    3   +34    1776 F 
  g703/C                                        +0    1776   
  g703/Y          AOI21X1        1  1.5   24   +14    1790 R 
  drc_bufs728/A                                 +0    1790   
  drc_bufs728/Y   BUFX2          1  2.4    8   +34    1824 R 
  g702/C                                        +0    1824   
  g702/Y          AOI21X1        1  1.5   15    +9    1833 F 
  drc_bufs733/A                                 +0    1833   
  drc_bufs733/Y   BUFX2          1  2.3    3   +34    1867 F 
  g701/C                                        +0    1867   
  g701/Y          AOI21X1        1  1.5   24   +14    1882 R 
  drc_bufs732/A                                 +0    1882   
  drc_bufs732/Y   BUFX2          1  2.4    8   +34    1916 R 
  g700/C                                        +0    1916   
  g700/Y          AOI21X1        1  1.5   15    +9    1925 F 
  drc_bufs/A                                    +0    1925   
  drc_bufs/Y      BUFX2          1  2.6    3   +34    1959 F 
  g699/B                                        +0    1959   
  g699/Y          OAI21X1        1  2.3   44   +38    1998 R 
  g698/A                                        +0    1998   
  g698/Y          AND2X1        16 65.6  332  +228    2226 R 
  g692/S                                        +0    2226   
  g692/Y          MUX2X1         1  1.5   41   +87    2312 F 
  g684/A                                        +0    2312   
  g684/Y          INVX1          1 10.0   20   +37    2349 R 
cas3/b_new[0] 
b_new[0]          out port                      +0    2349 R 
-------------------------------------------------------------
Timing slack :  UNCONSTRAINED
Start-point  : a[1]
End-point    : b_new[0]

path   2:

     Pin           Type     Fanout Load Slew Delay Arrival   
                                   (fF) (ps)  (ps)   (ps)    
-------------------------------------------------------------
a[1]              in port        4  9.7   20    +0       0 F 
cas1/a[1] 
  g714/A                                        +0       0   
  g714/Y          NAND2X1        1  1.5   31   +27      27 R 
  drc_bufs726/A                                 +0      27   
  drc_bufs726/Y   BUFX2          1  2.8   10   +35      62 R 
  g706/B                                        +0      62   
  g706/Y          AOI22X1        1  1.5   34   +26      88 F 
  drc_bufs729/A                                 +0      88   
  drc_bufs729/Y   BUFX2          1  2.3    7   +38     126 F 
  g705/C                                        +0     126   
  g705/Y          AOI21X1        1  1.5   24   +15     141 R 
  drc_bufs730/A                                 +0     141   
  drc_bufs730/Y   BUFX2          1  2.4    8   +34     175 R 
  g704/C                                        +0     175   
  g704/Y          AOI21X1        1  1.5   16    +9     185 F 
  drc_bufs731/A                                 +0     185   
  drc_bufs731/Y   BUFX2          1  2.3    3   +34     219 F 
  g703/C                                        +0     219   
  g703/Y          AOI21X1        1  1.5   24   +14     233 R 
  drc_bufs728/A                                 +0     233   
  drc_bufs728/Y   BUFX2          1  2.4    8   +34     267 R 
  g702/C                                        +0     267   
  g702/Y          AOI21X1        1  1.5   16    +9     276 F 
  drc_bufs733/A                                 +0     276   
  drc_bufs733/Y   BUFX2          1  2.3    3   +34     310 F 
  g701/C                                        +0     310   
  g701/Y          AOI21X1        1  1.5   24   +14     325 R 
  drc_bufs732/A                                 +0     325   
  drc_bufs732/Y   BUFX2          1  2.4    8   +34     359 R 
  g700/C                                        +0     359   
  g700/Y          AOI21X1        1  1.5   16    +9     368 F 
  drc_bufs/A                                    +0     368   
  drc_bufs/Y      BUFX2          1  2.6    3   +34     402 F 
  g699/B                                        +0     402   
  g699/Y          OAI21X1        1  2.3   44   +38     441 R 
  g698/A                                        +0     441   
  g698/Y          AND2X1        16 65.6  332  +228     669 R 
  g692/S                                        +0     669   
  g692/Y          MUX2X1         1  1.6   38   +78     747 R 
  g684/A                                        +0     747   
  g684/Y          INVX1          4  9.7   32   +39     786 F 
cas1/b_new[0] 
cas2/a[0] 
  g714/A                                        +0     786   
  g714/Y          NAND2X1        1  1.5   30   +31     817 R 
  drc_bufs726/A                                 +0     817   
  drc_bufs726/Y   BUFX2          1  2.8   10   +35     852 R 
  g706/B                                        +0     852   
  g706/Y          AOI22X1        1  1.5   34   +26     878 F 
  drc_bufs729/A                                 +0     878   
  drc_bufs729/Y   BUFX2          1  2.3    7   +38     915 F 
  g705/C                                        +0     915   
  g705/Y          AOI21X1        1  1.5   23   +15     931 R 
  drc_bufs730/A                                 +0     931   
  drc_bufs730/Y   BUFX2          1  2.4    8   +34     965 R 
  g704/C                                        +0     965   
  g704/Y          AOI21X1        1  1.5   16    +9     974 F 
  drc_bufs731/A                                 +0     974   
  drc_bufs731/Y   BUFX2          1  2.3    3   +34    1008 F 
  g703/C                                        +0    1008   
  g703/Y          AOI21X1        1  1.5   23   +14    1022 R 
  drc_bufs728/A                                 +0    1022   
  drc_bufs728/Y   BUFX2          1  2.4    8   +34    1056 R 
  g702/C                                        +0    1056   
  g702/Y          AOI21X1        1  1.5   16    +9    1066 F 
  drc_bufs733/A                                 +0    1066   
  drc_bufs733/Y   BUFX2          1  2.3    3   +34    1100 F 
  g701/C                                        +0    1100   
  g701/Y          AOI21X1        1  1.5   23   +14    1114 R 
  drc_bufs732/A                                 +0    1114   
  drc_bufs732/Y   BUFX2          1  2.4    8   +34    1148 R 
  g700/C                                        +0    1148   
  g700/Y          AOI21X1        1  1.5   16    +9    1158 F 
  drc_bufs/A                                    +0    1158   
  drc_bufs/Y      BUFX2          1  2.6    3   +34    1192 F 
  g699/B                                        +0    1192   
  g699/Y          OAI21X1        1  2.3   44   +38    1230 R 
  g698/A                                        +0    1230   
  g698/Y          AND2X1        16 65.6  332  +228    1458 R 
  g675/S                                        +0    1458   
  g675/Y          MUX2X1         1  1.5   41   +87    1545 F 
  g667/A                                        +0    1545   
  g667/Y          INVX1          3  7.1    6   +28    1573 R 
cas2/a_new[1] 
cas3/b[1] 
  g721/A                                        +0    1573   
  g721/Y          INVX1          1  1.9   11   +14    1586 F 
  g709/C                                        +0    1586   
  g709/Y          OAI21X1        1  2.8   43   +21    1607 R 
  g706/A                                        +0    1607   
  g706/Y          AOI22X1        1  1.5   34   +38    1645 F 
  drc_bufs729/A                                 +0    1645   
  drc_bufs729/Y   BUFX2          1  2.3    7   +38    1683 F 
  g705/C                                        +0    1683   
  g705/Y          AOI21X1        1  1.5   24   +15    1698 R 
  drc_bufs730/A                                 +0    1698   
  drc_bufs730/Y   BUFX2          1  2.4    8   +34    1732 R 
  g704/C                                        +0    1732   
  g704/Y          AOI21X1        1  1.5   15    +9    1742 F 
  drc_bufs731/A                                 +0    1742   
  drc_bufs731/Y   BUFX2          1  2.3    3   +34    1776 F 
  g703/C                                        +0    1776   
  g703/Y          AOI21X1        1  1.5   24   +14    1790 R 
  drc_bufs728/A                                 +0    1790   
  drc_bufs728/Y   BUFX2          1  2.4    8   +34    1824 R 
  g702/C                                        +0    1824   
  g702/Y          AOI21X1        1  1.5   15    +9    1833 F 
  drc_bufs733/A                                 +0    1833   
  drc_bufs733/Y   BUFX2          1  2.3    3   +34    1867 F 
  g701/C                                        +0    1867   
  g701/Y          AOI21X1        1  1.5   24   +14    1882 R 
  drc_bufs732/A                                 +0    1882   
  drc_bufs732/Y   BUFX2          1  2.4    8   +34    1916 R 
  g700/C                                        +0    1916   
  g700/Y          AOI21X1        1  1.5   15    +9    1925 F 
  drc_bufs/A                                    +0    1925   
  drc_bufs/Y      BUFX2          1  2.6    3   +34    1959 F 
  g699/B                                        +0    1959   
  g699/Y          OAI21X1        1  2.3   44   +38    1998 R 
  g698/A                                        +0    1998   
  g698/Y          AND2X1        16 65.6  332  +228    2226 R 
  g691/S                                        +0    2226   
  g691/Y          MUX2X1         1  1.5   41   +87    2312 F 
  g683/A                                        +0    2312   
  g683/Y          INVX1          1 10.0   20   +37    2349 R 
cas3/b_new[1] 
b_new[1]          out port                      +0    2349 R 
-------------------------------------------------------------
Timing slack :  UNCONSTRAINED
Start-point  : a[1]
End-point    : b_new[1]

path   3:

     Pin           Type     Fanout Load Slew Delay Arrival   
                                   (fF) (ps)  (ps)   (ps)    
-------------------------------------------------------------
a[1]              in port        4  9.7   20    +0       0 F 
cas1/a[1] 
  g714/A                                        +0       0   
  g714/Y          NAND2X1        1  1.5   31   +27      27 R 
  drc_bufs726/A                                 +0      27   
  drc_bufs726/Y   BUFX2          1  2.8   10   +35      62 R 
  g706/B                                        +0      62   
  g706/Y          AOI22X1        1  1.5   34   +26      88 F 
  drc_bufs729/A                                 +0      88   
  drc_bufs729/Y   BUFX2          1  2.3    7   +38     126 F 
  g705/C                                        +0     126   
  g705/Y          AOI21X1        1  1.5   24   +15     141 R 
  drc_bufs730/A                                 +0     141   
  drc_bufs730/Y   BUFX2          1  2.4    8   +34     175 R 
  g704/C                                        +0     175   
  g704/Y          AOI21X1        1  1.5   16    +9     185 F 
  drc_bufs731/A                                 +0     185   
  drc_bufs731/Y   BUFX2          1  2.3    3   +34     219 F 
  g703/C                                        +0     219   
  g703/Y          AOI21X1        1  1.5   24   +14     233 R 
  drc_bufs728/A                                 +0     233   
  drc_bufs728/Y   BUFX2          1  2.4    8   +34     267 R 
  g702/C                                        +0     267   
  g702/Y          AOI21X1        1  1.5   16    +9     276 F 
  drc_bufs733/A                                 +0     276   
  drc_bufs733/Y   BUFX2          1  2.3    3   +34     310 F 
  g701/C                                        +0     310   
  g701/Y          AOI21X1        1  1.5   24   +14     325 R 
  drc_bufs732/A                                 +0     325   
  drc_bufs732/Y   BUFX2          1  2.4    8   +34     359 R 
  g700/C                                        +0     359   
  g700/Y          AOI21X1        1  1.5   16    +9     368 F 
  drc_bufs/A                                    +0     368   
  drc_bufs/Y      BUFX2          1  2.6    3   +34     402 F 
  g699/B                                        +0     402   
  g699/Y          OAI21X1        1  2.3   44   +38     441 R 
  g698/A                                        +0     441   
  g698/Y          AND2X1        16 65.6  332  +228     669 R 
  g692/S                                        +0     669   
  g692/Y          MUX2X1         1  1.6   38   +78     747 R 
  g684/A                                        +0     747   
  g684/Y          INVX1          4  9.7   32   +39     786 F 
cas1/b_new[0] 
cas2/a[0] 
  g714/A                                        +0     786   
  g714/Y          NAND2X1        1  1.5   30   +31     817 R 
  drc_bufs726/A                                 +0     817   
  drc_bufs726/Y   BUFX2          1  2.8   10   +35     852 R 
  g706/B                                        +0     852   
  g706/Y          AOI22X1        1  1.5   34   +26     878 F 
  drc_bufs729/A                                 +0     878   
  drc_bufs729/Y   BUFX2          1  2.3    7   +38     915 F 
  g705/C                                        +0     915   
  g705/Y          AOI21X1        1  1.5   23   +15     931 R 
  drc_bufs730/A                                 +0     931   
  drc_bufs730/Y   BUFX2          1  2.4    8   +34     965 R 
  g704/C                                        +0     965   
  g704/Y          AOI21X1        1  1.5   16    +9     974 F 
  drc_bufs731/A                                 +0     974   
  drc_bufs731/Y   BUFX2          1  2.3    3   +34    1008 F 
  g703/C                                        +0    1008   
  g703/Y          AOI21X1        1  1.5   23   +14    1022 R 
  drc_bufs728/A                                 +0    1022   
  drc_bufs728/Y   BUFX2          1  2.4    8   +34    1056 R 
  g702/C                                        +0    1056   
  g702/Y          AOI21X1        1  1.5   16    +9    1066 F 
  drc_bufs733/A                                 +0    1066   
  drc_bufs733/Y   BUFX2          1  2.3    3   +34    1100 F 
  g701/C                                        +0    1100   
  g701/Y          AOI21X1        1  1.5   23   +14    1114 R 
  drc_bufs732/A                                 +0    1114   
  drc_bufs732/Y   BUFX2          1  2.4    8   +34    1148 R 
  g700/C                                        +0    1148   
  g700/Y          AOI21X1        1  1.5   16    +9    1158 F 
  drc_bufs/A                                    +0    1158   
  drc_bufs/Y      BUFX2          1  2.6    3   +34    1192 F 
  g699/B                                        +0    1192   
  g699/Y          OAI21X1        1  2.3   44   +38    1230 R 
  g698/A                                        +0    1230   
  g698/Y          AND2X1        16 65.6  332  +228    1458 R 
  g675/S                                        +0    1458   
  g675/Y          MUX2X1         1  1.5   41   +87    1545 F 
  g667/A                                        +0    1545   
  g667/Y          INVX1          3  7.1    6   +28    1573 R 
cas2/a_new[1] 
cas3/b[1] 
  g721/A                                        +0    1573   
  g721/Y          INVX1          1  1.9   11   +14    1586 F 
  g709/C                                        +0    1586   
  g709/Y          OAI21X1        1  2.8   43   +21    1607 R 
  g706/A                                        +0    1607   
  g706/Y          AOI22X1        1  1.5   34   +38    1645 F 
  drc_bufs729/A                                 +0    1645   
  drc_bufs729/Y   BUFX2          1  2.3    7   +38    1683 F 
  g705/C                                        +0    1683   
  g705/Y          AOI21X1        1  1.5   24   +15    1698 R 
  drc_bufs730/A                                 +0    1698   
  drc_bufs730/Y   BUFX2          1  2.4    8   +34    1732 R 
  g704/C                                        +0    1732   
  g704/Y          AOI21X1        1  1.5   15    +9    1742 F 
  drc_bufs731/A                                 +0    1742   
  drc_bufs731/Y   BUFX2          1  2.3    3   +34    1776 F 
  g703/C                                        +0    1776   
  g703/Y          AOI21X1        1  1.5   24   +14    1790 R 
  drc_bufs728/A                                 +0    1790   
  drc_bufs728/Y   BUFX2          1  2.4    8   +34    1824 R 
  g702/C                                        +0    1824   
  g702/Y          AOI21X1        1  1.5   15    +9    1833 F 
  drc_bufs733/A                                 +0    1833   
  drc_bufs733/Y   BUFX2          1  2.3    3   +34    1867 F 
  g701/C                                        +0    1867   
  g701/Y          AOI21X1        1  1.5   24   +14    1882 R 
  drc_bufs732/A                                 +0    1882   
  drc_bufs732/Y   BUFX2          1  2.4    8   +34    1916 R 
  g700/C                                        +0    1916   
  g700/Y          AOI21X1        1  1.5   15    +9    1925 F 
  drc_bufs/A                                    +0    1925   
  drc_bufs/Y      BUFX2          1  2.6    3   +34    1959 F 
  g699/B                                        +0    1959   
  g699/Y          OAI21X1        1  2.3   44   +38    1998 R 
  g698/A                                        +0    1998   
  g698/Y          AND2X1        16 65.6  332  +228    2226 R 
  g690/S                                        +0    2226   
  g690/Y          MUX2X1         1  1.5   41   +87    2312 F 
  g682/A                                        +0    2312   
  g682/Y          INVX1          1 10.0   20   +37    2349 R 
cas3/b_new[2] 
b_new[2]          out port                      +0    2349 R 
-------------------------------------------------------------
Timing slack :  UNCONSTRAINED
Start-point  : a[1]
End-point    : b_new[2]

path   4:

     Pin           Type     Fanout Load Slew Delay Arrival   
                                   (fF) (ps)  (ps)   (ps)    
-------------------------------------------------------------
a[1]              in port        4  9.7   20    +0       0 F 
cas1/a[1] 
  g714/A                                        +0       0   
  g714/Y          NAND2X1        1  1.5   31   +27      27 R 
  drc_bufs726/A                                 +0      27   
  drc_bufs726/Y   BUFX2          1  2.8   10   +35      62 R 
  g706/B                                        +0      62   
  g706/Y          AOI22X1        1  1.5   34   +26      88 F 
  drc_bufs729/A                                 +0      88   
  drc_bufs729/Y   BUFX2          1  2.3    7   +38     126 F 
  g705/C                                        +0     126   
  g705/Y          AOI21X1        1  1.5   24   +15     141 R 
  drc_bufs730/A                                 +0     141   
  drc_bufs730/Y   BUFX2          1  2.4    8   +34     175 R 
  g704/C                                        +0     175   
  g704/Y          AOI21X1        1  1.5   16    +9     185 F 
  drc_bufs731/A                                 +0     185   
  drc_bufs731/Y   BUFX2          1  2.3    3   +34     219 F 
  g703/C                                        +0     219   
  g703/Y          AOI21X1        1  1.5   24   +14     233 R 
  drc_bufs728/A                                 +0     233   
  drc_bufs728/Y   BUFX2          1  2.4    8   +34     267 R 
  g702/C                                        +0     267   
  g702/Y          AOI21X1        1  1.5   16    +9     276 F 
  drc_bufs733/A                                 +0     276   
  drc_bufs733/Y   BUFX2          1  2.3    3   +34     310 F 
  g701/C                                        +0     310   
  g701/Y          AOI21X1        1  1.5   24   +14     325 R 
  drc_bufs732/A                                 +0     325   
  drc_bufs732/Y   BUFX2          1  2.4    8   +34     359 R 
  g700/C                                        +0     359   
  g700/Y          AOI21X1        1  1.5   16    +9     368 F 
  drc_bufs/A                                    +0     368   
  drc_bufs/Y      BUFX2          1  2.6    3   +34     402 F 
  g699/B                                        +0     402   
  g699/Y          OAI21X1        1  2.3   44   +38     441 R 
  g698/A                                        +0     441   
  g698/Y          AND2X1        16 65.6  332  +228     669 R 
  g692/S                                        +0     669   
  g692/Y          MUX2X1         1  1.6   38   +78     747 R 
  g684/A                                        +0     747   
  g684/Y          INVX1          4  9.7   32   +39     786 F 
cas1/b_new[0] 
cas2/a[0] 
  g714/A                                        +0     786   
  g714/Y          NAND2X1        1  1.5   30   +31     817 R 
  drc_bufs726/A                                 +0     817   
  drc_bufs726/Y   BUFX2          1  2.8   10   +35     852 R 
  g706/B                                        +0     852   
  g706/Y          AOI22X1        1  1.5   34   +26     878 F 
  drc_bufs729/A                                 +0     878   
  drc_bufs729/Y   BUFX2          1  2.3    7   +38     915 F 
  g705/C                                        +0     915   
  g705/Y          AOI21X1        1  1.5   23   +15     931 R 
  drc_bufs730/A                                 +0     931   
  drc_bufs730/Y   BUFX2          1  2.4    8   +34     965 R 
  g704/C                                        +0     965   
  g704/Y          AOI21X1        1  1.5   16    +9     974 F 
  drc_bufs731/A                                 +0     974   
  drc_bufs731/Y   BUFX2          1  2.3    3   +34    1008 F 
  g703/C                                        +0    1008   
  g703/Y          AOI21X1        1  1.5   23   +14    1022 R 
  drc_bufs728/A                                 +0    1022   
  drc_bufs728/Y   BUFX2          1  2.4    8   +34    1056 R 
  g702/C                                        +0    1056   
  g702/Y          AOI21X1        1  1.5   16    +9    1066 F 
  drc_bufs733/A                                 +0    1066   
  drc_bufs733/Y   BUFX2          1  2.3    3   +34    1100 F 
  g701/C                                        +0    1100   
  g701/Y          AOI21X1        1  1.5   23   +14    1114 R 
  drc_bufs732/A                                 +0    1114   
  drc_bufs732/Y   BUFX2          1  2.4    8   +34    1148 R 
  g700/C                                        +0    1148   
  g700/Y          AOI21X1        1  1.5   16    +9    1158 F 
  drc_bufs/A                                    +0    1158   
  drc_bufs/Y      BUFX2          1  2.6    3   +34    1192 F 
  g699/B                                        +0    1192   
  g699/Y          OAI21X1        1  2.3   44   +38    1230 R 
  g698/A                                        +0    1230   
  g698/Y          AND2X1        16 65.6  332  +228    1458 R 
  g675/S                                        +0    1458   
  g675/Y          MUX2X1         1  1.5   41   +87    1545 F 
  g667/A                                        +0    1545   
  g667/Y          INVX1          3  7.1    6   +28    1573 R 
cas2/a_new[1] 
cas3/b[1] 
  g721/A                                        +0    1573   
  g721/Y          INVX1          1  1.9   11   +14    1586 F 
  g709/C                                        +0    1586   
  g709/Y          OAI21X1        1  2.8   43   +21    1607 R 
  g706/A                                        +0    1607   
  g706/Y          AOI22X1        1  1.5   34   +38    1645 F 
  drc_bufs729/A                                 +0    1645   
  drc_bufs729/Y   BUFX2          1  2.3    7   +38    1683 F 
  g705/C                                        +0    1683   
  g705/Y          AOI21X1        1  1.5   24   +15    1698 R 
  drc_bufs730/A                                 +0    1698   
  drc_bufs730/Y   BUFX2          1  2.4    8   +34    1732 R 
  g704/C                                        +0    1732   
  g704/Y          AOI21X1        1  1.5   15    +9    1742 F 
  drc_bufs731/A                                 +0    1742   
  drc_bufs731/Y   BUFX2          1  2.3    3   +34    1776 F 
  g703/C                                        +0    1776   
  g703/Y          AOI21X1        1  1.5   24   +14    1790 R 
  drc_bufs728/A                                 +0    1790   
  drc_bufs728/Y   BUFX2          1  2.4    8   +34    1824 R 
  g702/C                                        +0    1824   
  g702/Y          AOI21X1        1  1.5   15    +9    1833 F 
  drc_bufs733/A                                 +0    1833   
  drc_bufs733/Y   BUFX2          1  2.3    3   +34    1867 F 
  g701/C                                        +0    1867   
  g701/Y          AOI21X1        1  1.5   24   +14    1882 R 
  drc_bufs732/A                                 +0    1882   
  drc_bufs732/Y   BUFX2          1  2.4    8   +34    1916 R 
  g700/C                                        +0    1916   
  g700/Y          AOI21X1        1  1.5   15    +9    1925 F 
  drc_bufs/A                                    +0    1925   
  drc_bufs/Y      BUFX2          1  2.6    3   +34    1959 F 
  g699/B                                        +0    1959   
  g699/Y          OAI21X1        1  2.3   44   +38    1998 R 
  g698/A                                        +0    1998   
  g698/Y          AND2X1        16 65.6  332  +228    2226 R 
  g681/S                                        +0    2226   
  g681/Y          MUX2X1         1  1.5   41   +87    2312 F 
  g673/A                                        +0    2312   
  g673/Y          INVX1          1 10.0   20   +37    2349 R 
cas3/b_new[3] 
b_new[3]          out port                      +0    2349 R 
-------------------------------------------------------------
Timing slack :  UNCONSTRAINED
Start-point  : a[1]
End-point    : b_new[3]

path   5:

     Pin           Type     Fanout Load Slew Delay Arrival   
                                   (fF) (ps)  (ps)   (ps)    
-------------------------------------------------------------
a[1]              in port        4  9.7   20    +0       0 F 
cas1/a[1] 
  g714/A                                        +0       0   
  g714/Y          NAND2X1        1  1.5   31   +27      27 R 
  drc_bufs726/A                                 +0      27   
  drc_bufs726/Y   BUFX2          1  2.8   10   +35      62 R 
  g706/B                                        +0      62   
  g706/Y          AOI22X1        1  1.5   34   +26      88 F 
  drc_bufs729/A                                 +0      88   
  drc_bufs729/Y   BUFX2          1  2.3    7   +38     126 F 
  g705/C                                        +0     126   
  g705/Y          AOI21X1        1  1.5   24   +15     141 R 
  drc_bufs730/A                                 +0     141   
  drc_bufs730/Y   BUFX2          1  2.4    8   +34     175 R 
  g704/C                                        +0     175   
  g704/Y          AOI21X1        1  1.5   16    +9     185 F 
  drc_bufs731/A                                 +0     185   
  drc_bufs731/Y   BUFX2          1  2.3    3   +34     219 F 
  g703/C                                        +0     219   
  g703/Y          AOI21X1        1  1.5   24   +14     233 R 
  drc_bufs728/A                                 +0     233   
  drc_bufs728/Y   BUFX2          1  2.4    8   +34     267 R 
  g702/C                                        +0     267   
  g702/Y          AOI21X1        1  1.5   16    +9     276 F 
  drc_bufs733/A                                 +0     276   
  drc_bufs733/Y   BUFX2          1  2.3    3   +34     310 F 
  g701/C                                        +0     310   
  g701/Y          AOI21X1        1  1.5   24   +14     325 R 
  drc_bufs732/A                                 +0     325   
  drc_bufs732/Y   BUFX2          1  2.4    8   +34     359 R 
  g700/C                                        +0     359   
  g700/Y          AOI21X1        1  1.5   16    +9     368 F 
  drc_bufs/A                                    +0     368   
  drc_bufs/Y      BUFX2          1  2.6    3   +34     402 F 
  g699/B                                        +0     402   
  g699/Y          OAI21X1        1  2.3   44   +38     441 R 
  g698/A                                        +0     441   
  g698/Y          AND2X1        16 65.6  332  +228     669 R 
  g692/S                                        +0     669   
  g692/Y          MUX2X1         1  1.6   38   +78     747 R 
  g684/A                                        +0     747   
  g684/Y          INVX1          4  9.7   32   +39     786 F 
cas1/b_new[0] 
cas2/a[0] 
  g714/A                                        +0     786   
  g714/Y          NAND2X1        1  1.5   30   +31     817 R 
  drc_bufs726/A                                 +0     817   
  drc_bufs726/Y   BUFX2          1  2.8   10   +35     852 R 
  g706/B                                        +0     852   
  g706/Y          AOI22X1        1  1.5   34   +26     878 F 
  drc_bufs729/A                                 +0     878   
  drc_bufs729/Y   BUFX2          1  2.3    7   +38     915 F 
  g705/C                                        +0     915   
  g705/Y          AOI21X1        1  1.5   23   +15     931 R 
  drc_bufs730/A                                 +0     931   
  drc_bufs730/Y   BUFX2          1  2.4    8   +34     965 R 
  g704/C                                        +0     965   
  g704/Y          AOI21X1        1  1.5   16    +9     974 F 
  drc_bufs731/A                                 +0     974   
  drc_bufs731/Y   BUFX2          1  2.3    3   +34    1008 F 
  g703/C                                        +0    1008   
  g703/Y          AOI21X1        1  1.5   23   +14    1022 R 
  drc_bufs728/A                                 +0    1022   
  drc_bufs728/Y   BUFX2          1  2.4    8   +34    1056 R 
  g702/C                                        +0    1056   
  g702/Y          AOI21X1        1  1.5   16    +9    1066 F 
  drc_bufs733/A                                 +0    1066   
  drc_bufs733/Y   BUFX2          1  2.3    3   +34    1100 F 
  g701/C                                        +0    1100   
  g701/Y          AOI21X1        1  1.5   23   +14    1114 R 
  drc_bufs732/A                                 +0    1114   
  drc_bufs732/Y   BUFX2          1  2.4    8   +34    1148 R 
  g700/C                                        +0    1148   
  g700/Y          AOI21X1        1  1.5   16    +9    1158 F 
  drc_bufs/A                                    +0    1158   
  drc_bufs/Y      BUFX2          1  2.6    3   +34    1192 F 
  g699/B                                        +0    1192   
  g699/Y          OAI21X1        1  2.3   44   +38    1230 R 
  g698/A                                        +0    1230   
  g698/Y          AND2X1        16 65.6  332  +228    1458 R 
  g675/S                                        +0    1458   
  g675/Y          MUX2X1         1  1.5   41   +87    1545 F 
  g667/A                                        +0    1545   
  g667/Y          INVX1          3  7.1    6   +28    1573 R 
cas2/a_new[1] 
cas3/b[1] 
  g721/A                                        +0    1573   
  g721/Y          INVX1          1  1.9   11   +14    1586 F 
  g709/C                                        +0    1586   
  g709/Y          OAI21X1        1  2.8   43   +21    1607 R 
  g706/A                                        +0    1607   
  g706/Y          AOI22X1        1  1.5   34   +38    1645 F 
  drc_bufs729/A                                 +0    1645   
  drc_bufs729/Y   BUFX2          1  2.3    7   +38    1683 F 
  g705/C                                        +0    1683   
  g705/Y          AOI21X1        1  1.5   24   +15    1698 R 
  drc_bufs730/A                                 +0    1698   
  drc_bufs730/Y   BUFX2          1  2.4    8   +34    1732 R 
  g704/C                                        +0    1732   
  g704/Y          AOI21X1        1  1.5   15    +9    1742 F 
  drc_bufs731/A                                 +0    1742   
  drc_bufs731/Y   BUFX2          1  2.3    3   +34    1776 F 
  g703/C                                        +0    1776   
  g703/Y          AOI21X1        1  1.5   24   +14    1790 R 
  drc_bufs728/A                                 +0    1790   
  drc_bufs728/Y   BUFX2          1  2.4    8   +34    1824 R 
  g702/C                                        +0    1824   
  g702/Y          AOI21X1        1  1.5   15    +9    1833 F 
  drc_bufs733/A                                 +0    1833   
  drc_bufs733/Y   BUFX2          1  2.3    3   +34    1867 F 
  g701/C                                        +0    1867   
  g701/Y          AOI21X1        1  1.5   24   +14    1882 R 
  drc_bufs732/A                                 +0    1882   
  drc_bufs732/Y   BUFX2          1  2.4    8   +34    1916 R 
  g700/C                                        +0    1916   
  g700/Y          AOI21X1        1  1.5   15    +9    1925 F 
  drc_bufs/A                                    +0    1925   
  drc_bufs/Y      BUFX2          1  2.6    3   +34    1959 F 
  g699/B                                        +0    1959   
  g699/Y          OAI21X1        1  2.3   44   +38    1998 R 
  g698/A                                        +0    1998   
  g698/Y          AND2X1        16 65.6  332  +228    2226 R 
  g680/S                                        +0    2226   
  g680/Y          MUX2X1         1  1.5   41   +87    2312 F 
  g672/A                                        +0    2312   
  g672/Y          INVX1          1 10.0   20   +37    2349 R 
cas3/b_new[4] 
b_new[4]          out port                      +0    2349 R 
-------------------------------------------------------------
Timing slack :  UNCONSTRAINED
Start-point  : a[1]
End-point    : b_new[4]

path   6:

     Pin           Type     Fanout Load Slew Delay Arrival   
                                   (fF) (ps)  (ps)   (ps)    
-------------------------------------------------------------
a[1]              in port        4  9.7   20    +0       0 F 
cas1/a[1] 
  g714/A                                        +0       0   
  g714/Y          NAND2X1        1  1.5   31   +27      27 R 
  drc_bufs726/A                                 +0      27   
  drc_bufs726/Y   BUFX2          1  2.8   10   +35      62 R 
  g706/B                                        +0      62   
  g706/Y          AOI22X1        1  1.5   34   +26      88 F 
  drc_bufs729/A                                 +0      88   
  drc_bufs729/Y   BUFX2          1  2.3    7   +38     126 F 
  g705/C                                        +0     126   
  g705/Y          AOI21X1        1  1.5   24   +15     141 R 
  drc_bufs730/A                                 +0     141   
  drc_bufs730/Y   BUFX2          1  2.4    8   +34     175 R 
  g704/C                                        +0     175   
  g704/Y          AOI21X1        1  1.5   16    +9     185 F 
  drc_bufs731/A                                 +0     185   
  drc_bufs731/Y   BUFX2          1  2.3    3   +34     219 F 
  g703/C                                        +0     219   
  g703/Y          AOI21X1        1  1.5   24   +14     233 R 
  drc_bufs728/A                                 +0     233   
  drc_bufs728/Y   BUFX2          1  2.4    8   +34     267 R 
  g702/C                                        +0     267   
  g702/Y          AOI21X1        1  1.5   16    +9     276 F 
  drc_bufs733/A                                 +0     276   
  drc_bufs733/Y   BUFX2          1  2.3    3   +34     310 F 
  g701/C                                        +0     310   
  g701/Y          AOI21X1        1  1.5   24   +14     325 R 
  drc_bufs732/A                                 +0     325   
  drc_bufs732/Y   BUFX2          1  2.4    8   +34     359 R 
  g700/C                                        +0     359   
  g700/Y          AOI21X1        1  1.5   16    +9     368 F 
  drc_bufs/A                                    +0     368   
  drc_bufs/Y      BUFX2          1  2.6    3   +34     402 F 
  g699/B                                        +0     402   
  g699/Y          OAI21X1        1  2.3   44   +38     441 R 
  g698/A                                        +0     441   
  g698/Y          AND2X1        16 65.6  332  +228     669 R 
  g692/S                                        +0     669   
  g692/Y          MUX2X1         1  1.6   38   +78     747 R 
  g684/A                                        +0     747   
  g684/Y          INVX1          4  9.7   32   +39     786 F 
cas1/b_new[0] 
cas2/a[0] 
  g714/A                                        +0     786   
  g714/Y          NAND2X1        1  1.5   30   +31     817 R 
  drc_bufs726/A                                 +0     817   
  drc_bufs726/Y   BUFX2          1  2.8   10   +35     852 R 
  g706/B                                        +0     852   
  g706/Y          AOI22X1        1  1.5   34   +26     878 F 
  drc_bufs729/A                                 +0     878   
  drc_bufs729/Y   BUFX2          1  2.3    7   +38     915 F 
  g705/C                                        +0     915   
  g705/Y          AOI21X1        1  1.5   23   +15     931 R 
  drc_bufs730/A                                 +0     931   
  drc_bufs730/Y   BUFX2          1  2.4    8   +34     965 R 
  g704/C                                        +0     965   
  g704/Y          AOI21X1        1  1.5   16    +9     974 F 
  drc_bufs731/A                                 +0     974   
  drc_bufs731/Y   BUFX2          1  2.3    3   +34    1008 F 
  g703/C                                        +0    1008   
  g703/Y          AOI21X1        1  1.5   23   +14    1022 R 
  drc_bufs728/A                                 +0    1022   
  drc_bufs728/Y   BUFX2          1  2.4    8   +34    1056 R 
  g702/C                                        +0    1056   
  g702/Y          AOI21X1        1  1.5   16    +9    1066 F 
  drc_bufs733/A                                 +0    1066   
  drc_bufs733/Y   BUFX2          1  2.3    3   +34    1100 F 
  g701/C                                        +0    1100   
  g701/Y          AOI21X1        1  1.5   23   +14    1114 R 
  drc_bufs732/A                                 +0    1114   
  drc_bufs732/Y   BUFX2          1  2.4    8   +34    1148 R 
  g700/C                                        +0    1148   
  g700/Y          AOI21X1        1  1.5   16    +9    1158 F 
  drc_bufs/A                                    +0    1158   
  drc_bufs/Y      BUFX2          1  2.6    3   +34    1192 F 
  g699/B                                        +0    1192   
  g699/Y          OAI21X1        1  2.3   44   +38    1230 R 
  g698/A                                        +0    1230   
  g698/Y          AND2X1        16 65.6  332  +228    1458 R 
  g675/S                                        +0    1458   
  g675/Y          MUX2X1         1  1.5   41   +87    1545 F 
  g667/A                                        +0    1545   
  g667/Y          INVX1          3  7.1    6   +28    1573 R 
cas2/a_new[1] 
cas3/b[1] 
  g721/A                                        +0    1573   
  g721/Y          INVX1          1  1.9   11   +14    1586 F 
  g709/C                                        +0    1586   
  g709/Y          OAI21X1        1  2.8   43   +21    1607 R 
  g706/A                                        +0    1607   
  g706/Y          AOI22X1        1  1.5   34   +38    1645 F 
  drc_bufs729/A                                 +0    1645   
  drc_bufs729/Y   BUFX2          1  2.3    7   +38    1683 F 
  g705/C                                        +0    1683   
  g705/Y          AOI21X1        1  1.5   24   +15    1698 R 
  drc_bufs730/A                                 +0    1698   
  drc_bufs730/Y   BUFX2          1  2.4    8   +34    1732 R 
  g704/C                                        +0    1732   
  g704/Y          AOI21X1        1  1.5   15    +9    1742 F 
  drc_bufs731/A                                 +0    1742   
  drc_bufs731/Y   BUFX2          1  2.3    3   +34    1776 F 
  g703/C                                        +0    1776   
  g703/Y          AOI21X1        1  1.5   24   +14    1790 R 
  drc_bufs728/A                                 +0    1790   
  drc_bufs728/Y   BUFX2          1  2.4    8   +34    1824 R 
  g702/C                                        +0    1824   
  g702/Y          AOI21X1        1  1.5   15    +9    1833 F 
  drc_bufs733/A                                 +0    1833   
  drc_bufs733/Y   BUFX2          1  2.3    3   +34    1867 F 
  g701/C                                        +0    1867   
  g701/Y          AOI21X1        1  1.5   24   +14    1882 R 
  drc_bufs732/A                                 +0    1882   
  drc_bufs732/Y   BUFX2          1  2.4    8   +34    1916 R 
  g700/C                                        +0    1916   
  g700/Y          AOI21X1        1  1.5   15    +9    1925 F 
  drc_bufs/A                                    +0    1925   
  drc_bufs/Y      BUFX2          1  2.6    3   +34    1959 F 
  g699/B                                        +0    1959   
  g699/Y          OAI21X1        1  2.3   44   +38    1998 R 
  g698/A                                        +0    1998   
  g698/Y          AND2X1        16 65.6  332  +228    2226 R 
  g679/S                                        +0    2226   
  g679/Y          MUX2X1         1  1.5   41   +87    2312 F 
  g671/A                                        +0    2312   
  g671/Y          INVX1          1 10.0   20   +37    2349 R 
cas3/b_new[5] 
b_new[5]          out port                      +0    2349 R 
-------------------------------------------------------------
Timing slack :  UNCONSTRAINED
Start-point  : a[1]
End-point    : b_new[5]

path   7:

     Pin           Type     Fanout Load Slew Delay Arrival   
                                   (fF) (ps)  (ps)   (ps)    
-------------------------------------------------------------
a[1]              in port        4  9.7   20    +0       0 F 
cas1/a[1] 
  g714/A                                        +0       0   
  g714/Y          NAND2X1        1  1.5   31   +27      27 R 
  drc_bufs726/A                                 +0      27   
  drc_bufs726/Y   BUFX2          1  2.8   10   +35      62 R 
  g706/B                                        +0      62   
  g706/Y          AOI22X1        1  1.5   34   +26      88 F 
  drc_bufs729/A                                 +0      88   
  drc_bufs729/Y   BUFX2          1  2.3    7   +38     126 F 
  g705/C                                        +0     126   
  g705/Y          AOI21X1        1  1.5   24   +15     141 R 
  drc_bufs730/A                                 +0     141   
  drc_bufs730/Y   BUFX2          1  2.4    8   +34     175 R 
  g704/C                                        +0     175   
  g704/Y          AOI21X1        1  1.5   16    +9     185 F 
  drc_bufs731/A                                 +0     185   
  drc_bufs731/Y   BUFX2          1  2.3    3   +34     219 F 
  g703/C                                        +0     219   
  g703/Y          AOI21X1        1  1.5   24   +14     233 R 
  drc_bufs728/A                                 +0     233   
  drc_bufs728/Y   BUFX2          1  2.4    8   +34     267 R 
  g702/C                                        +0     267   
  g702/Y          AOI21X1        1  1.5   16    +9     276 F 
  drc_bufs733/A                                 +0     276   
  drc_bufs733/Y   BUFX2          1  2.3    3   +34     310 F 
  g701/C                                        +0     310   
  g701/Y          AOI21X1        1  1.5   24   +14     325 R 
  drc_bufs732/A                                 +0     325   
  drc_bufs732/Y   BUFX2          1  2.4    8   +34     359 R 
  g700/C                                        +0     359   
  g700/Y          AOI21X1        1  1.5   16    +9     368 F 
  drc_bufs/A                                    +0     368   
  drc_bufs/Y      BUFX2          1  2.6    3   +34     402 F 
  g699/B                                        +0     402   
  g699/Y          OAI21X1        1  2.3   44   +38     441 R 
  g698/A                                        +0     441   
  g698/Y          AND2X1        16 65.6  332  +228     669 R 
  g692/S                                        +0     669   
  g692/Y          MUX2X1         1  1.6   38   +78     747 R 
  g684/A                                        +0     747   
  g684/Y          INVX1          4  9.7   32   +39     786 F 
cas1/b_new[0] 
cas2/a[0] 
  g714/A                                        +0     786   
  g714/Y          NAND2X1        1  1.5   30   +31     817 R 
  drc_bufs726/A                                 +0     817   
  drc_bufs726/Y   BUFX2          1  2.8   10   +35     852 R 
  g706/B                                        +0     852   
  g706/Y          AOI22X1        1  1.5   34   +26     878 F 
  drc_bufs729/A                                 +0     878   
  drc_bufs729/Y   BUFX2          1  2.3    7   +38     915 F 
  g705/C                                        +0     915   
  g705/Y          AOI21X1        1  1.5   23   +15     931 R 
  drc_bufs730/A                                 +0     931   
  drc_bufs730/Y   BUFX2          1  2.4    8   +34     965 R 
  g704/C                                        +0     965   
  g704/Y          AOI21X1        1  1.5   16    +9     974 F 
  drc_bufs731/A                                 +0     974   
  drc_bufs731/Y   BUFX2          1  2.3    3   +34    1008 F 
  g703/C                                        +0    1008   
  g703/Y          AOI21X1        1  1.5   23   +14    1022 R 
  drc_bufs728/A                                 +0    1022   
  drc_bufs728/Y   BUFX2          1  2.4    8   +34    1056 R 
  g702/C                                        +0    1056   
  g702/Y          AOI21X1        1  1.5   16    +9    1066 F 
  drc_bufs733/A                                 +0    1066   
  drc_bufs733/Y   BUFX2          1  2.3    3   +34    1100 F 
  g701/C                                        +0    1100   
  g701/Y          AOI21X1        1  1.5   23   +14    1114 R 
  drc_bufs732/A                                 +0    1114   
  drc_bufs732/Y   BUFX2          1  2.4    8   +34    1148 R 
  g700/C                                        +0    1148   
  g700/Y          AOI21X1        1  1.5   16    +9    1158 F 
  drc_bufs/A                                    +0    1158   
  drc_bufs/Y      BUFX2          1  2.6    3   +34    1192 F 
  g699/B                                        +0    1192   
  g699/Y          OAI21X1        1  2.3   44   +38    1230 R 
  g698/A                                        +0    1230   
  g698/Y          AND2X1        16 65.6  332  +228    1458 R 
  g675/S                                        +0    1458   
  g675/Y          MUX2X1         1  1.5   41   +87    1545 F 
  g667/A                                        +0    1545   
  g667/Y          INVX1          3  7.1    6   +28    1573 R 
cas2/a_new[1] 
cas3/b[1] 
  g721/A                                        +0    1573   
  g721/Y          INVX1          1  1.9   11   +14    1586 F 
  g709/C                                        +0    1586   
  g709/Y          OAI21X1        1  2.8   43   +21    1607 R 
  g706/A                                        +0    1607   
  g706/Y          AOI22X1        1  1.5   34   +38    1645 F 
  drc_bufs729/A                                 +0    1645   
  drc_bufs729/Y   BUFX2          1  2.3    7   +38    1683 F 
  g705/C                                        +0    1683   
  g705/Y          AOI21X1        1  1.5   24   +15    1698 R 
  drc_bufs730/A                                 +0    1698   
  drc_bufs730/Y   BUFX2          1  2.4    8   +34    1732 R 
  g704/C                                        +0    1732   
  g704/Y          AOI21X1        1  1.5   15    +9    1742 F 
  drc_bufs731/A                                 +0    1742   
  drc_bufs731/Y   BUFX2          1  2.3    3   +34    1776 F 
  g703/C                                        +0    1776   
  g703/Y          AOI21X1        1  1.5   24   +14    1790 R 
  drc_bufs728/A                                 +0    1790   
  drc_bufs728/Y   BUFX2          1  2.4    8   +34    1824 R 
  g702/C                                        +0    1824   
  g702/Y          AOI21X1        1  1.5   15    +9    1833 F 
  drc_bufs733/A                                 +0    1833   
  drc_bufs733/Y   BUFX2          1  2.3    3   +34    1867 F 
  g701/C                                        +0    1867   
  g701/Y          AOI21X1        1  1.5   24   +14    1882 R 
  drc_bufs732/A                                 +0    1882   
  drc_bufs732/Y   BUFX2          1  2.4    8   +34    1916 R 
  g700/C                                        +0    1916   
  g700/Y          AOI21X1        1  1.5   15    +9    1925 F 
  drc_bufs/A                                    +0    1925   
  drc_bufs/Y      BUFX2          1  2.6    3   +34    1959 F 
  g699/B                                        +0    1959   
  g699/Y          OAI21X1        1  2.3   44   +38    1998 R 
  g698/A                                        +0    1998   
  g698/Y          AND2X1        16 65.6  332  +228    2226 R 
  g678/S                                        +0    2226   
  g678/Y          MUX2X1         1  1.5   41   +87    2312 F 
  g670/A                                        +0    2312   
  g670/Y          INVX1          1 10.0   20   +37    2349 R 
cas3/b_new[6] 
b_new[6]          out port                      +0    2349 R 
-------------------------------------------------------------
Timing slack :  UNCONSTRAINED
Start-point  : a[1]
End-point    : b_new[6]

path   8:

     Pin           Type     Fanout Load Slew Delay Arrival   
                                   (fF) (ps)  (ps)   (ps)    
-------------------------------------------------------------
a[1]              in port        4  9.7   20    +0       0 F 
cas1/a[1] 
  g714/A                                        +0       0   
  g714/Y          NAND2X1        1  1.5   31   +27      27 R 
  drc_bufs726/A                                 +0      27   
  drc_bufs726/Y   BUFX2          1  2.8   10   +35      62 R 
  g706/B                                        +0      62   
  g706/Y          AOI22X1        1  1.5   34   +26      88 F 
  drc_bufs729/A                                 +0      88   
  drc_bufs729/Y   BUFX2          1  2.3    7   +38     126 F 
  g705/C                                        +0     126   
  g705/Y          AOI21X1        1  1.5   24   +15     141 R 
  drc_bufs730/A                                 +0     141   
  drc_bufs730/Y   BUFX2          1  2.4    8   +34     175 R 
  g704/C                                        +0     175   
  g704/Y          AOI21X1        1  1.5   16    +9     185 F 
  drc_bufs731/A                                 +0     185   
  drc_bufs731/Y   BUFX2          1  2.3    3   +34     219 F 
  g703/C                                        +0     219   
  g703/Y          AOI21X1        1  1.5   24   +14     233 R 
  drc_bufs728/A                                 +0     233   
  drc_bufs728/Y   BUFX2          1  2.4    8   +34     267 R 
  g702/C                                        +0     267   
  g702/Y          AOI21X1        1  1.5   16    +9     276 F 
  drc_bufs733/A                                 +0     276   
  drc_bufs733/Y   BUFX2          1  2.3    3   +34     310 F 
  g701/C                                        +0     310   
  g701/Y          AOI21X1        1  1.5   24   +14     325 R 
  drc_bufs732/A                                 +0     325   
  drc_bufs732/Y   BUFX2          1  2.4    8   +34     359 R 
  g700/C                                        +0     359   
  g700/Y          AOI21X1        1  1.5   16    +9     368 F 
  drc_bufs/A                                    +0     368   
  drc_bufs/Y      BUFX2          1  2.6    3   +34     402 F 
  g699/B                                        +0     402   
  g699/Y          OAI21X1        1  2.3   44   +38     441 R 
  g698/A                                        +0     441   
  g698/Y          AND2X1        16 65.6  332  +228     669 R 
  g692/S                                        +0     669   
  g692/Y          MUX2X1         1  1.6   38   +78     747 R 
  g684/A                                        +0     747   
  g684/Y          INVX1          4  9.7   32   +39     786 F 
cas1/b_new[0] 
cas2/a[0] 
  g714/A                                        +0     786   
  g714/Y          NAND2X1        1  1.5   30   +31     817 R 
  drc_bufs726/A                                 +0     817   
  drc_bufs726/Y   BUFX2          1  2.8   10   +35     852 R 
  g706/B                                        +0     852   
  g706/Y          AOI22X1        1  1.5   34   +26     878 F 
  drc_bufs729/A                                 +0     878   
  drc_bufs729/Y   BUFX2          1  2.3    7   +38     915 F 
  g705/C                                        +0     915   
  g705/Y          AOI21X1        1  1.5   23   +15     931 R 
  drc_bufs730/A                                 +0     931   
  drc_bufs730/Y   BUFX2          1  2.4    8   +34     965 R 
  g704/C                                        +0     965   
  g704/Y          AOI21X1        1  1.5   16    +9     974 F 
  drc_bufs731/A                                 +0     974   
  drc_bufs731/Y   BUFX2          1  2.3    3   +34    1008 F 
  g703/C                                        +0    1008   
  g703/Y          AOI21X1        1  1.5   23   +14    1022 R 
  drc_bufs728/A                                 +0    1022   
  drc_bufs728/Y   BUFX2          1  2.4    8   +34    1056 R 
  g702/C                                        +0    1056   
  g702/Y          AOI21X1        1  1.5   16    +9    1066 F 
  drc_bufs733/A                                 +0    1066   
  drc_bufs733/Y   BUFX2          1  2.3    3   +34    1100 F 
  g701/C                                        +0    1100   
  g701/Y          AOI21X1        1  1.5   23   +14    1114 R 
  drc_bufs732/A                                 +0    1114   
  drc_bufs732/Y   BUFX2          1  2.4    8   +34    1148 R 
  g700/C                                        +0    1148   
  g700/Y          AOI21X1        1  1.5   16    +9    1158 F 
  drc_bufs/A                                    +0    1158   
  drc_bufs/Y      BUFX2          1  2.6    3   +34    1192 F 
  g699/B                                        +0    1192   
  g699/Y          OAI21X1        1  2.3   44   +38    1230 R 
  g698/A                                        +0    1230   
  g698/Y          AND2X1        16 65.6  332  +228    1458 R 
  g675/S                                        +0    1458   
  g675/Y          MUX2X1         1  1.5   41   +87    1545 F 
  g667/A                                        +0    1545   
  g667/Y          INVX1          3  7.1    6   +28    1573 R 
cas2/a_new[1] 
cas3/b[1] 
  g721/A                                        +0    1573   
  g721/Y          INVX1          1  1.9   11   +14    1586 F 
  g709/C                                        +0    1586   
  g709/Y          OAI21X1        1  2.8   43   +21    1607 R 
  g706/A                                        +0    1607   
  g706/Y          AOI22X1        1  1.5   34   +38    1645 F 
  drc_bufs729/A                                 +0    1645   
  drc_bufs729/Y   BUFX2          1  2.3    7   +38    1683 F 
  g705/C                                        +0    1683   
  g705/Y          AOI21X1        1  1.5   24   +15    1698 R 
  drc_bufs730/A                                 +0    1698   
  drc_bufs730/Y   BUFX2          1  2.4    8   +34    1732 R 
  g704/C                                        +0    1732   
  g704/Y          AOI21X1        1  1.5   15    +9    1742 F 
  drc_bufs731/A                                 +0    1742   
  drc_bufs731/Y   BUFX2          1  2.3    3   +34    1776 F 
  g703/C                                        +0    1776   
  g703/Y          AOI21X1        1  1.5   24   +14    1790 R 
  drc_bufs728/A                                 +0    1790   
  drc_bufs728/Y   BUFX2          1  2.4    8   +34    1824 R 
  g702/C                                        +0    1824   
  g702/Y          AOI21X1        1  1.5   15    +9    1833 F 
  drc_bufs733/A                                 +0    1833   
  drc_bufs733/Y   BUFX2          1  2.3    3   +34    1867 F 
  g701/C                                        +0    1867   
  g701/Y          AOI21X1        1  1.5   24   +14    1882 R 
  drc_bufs732/A                                 +0    1882   
  drc_bufs732/Y   BUFX2          1  2.4    8   +34    1916 R 
  g700/C                                        +0    1916   
  g700/Y          AOI21X1        1  1.5   15    +9    1925 F 
  drc_bufs/A                                    +0    1925   
  drc_bufs/Y      BUFX2          1  2.6    3   +34    1959 F 
  g699/B                                        +0    1959   
  g699/Y          OAI21X1        1  2.3   44   +38    1998 R 
  g698/A                                        +0    1998   
  g698/Y          AND2X1        16 65.6  332  +228    2226 R 
  g677/S                                        +0    2226   
  g677/Y          MUX2X1         1  1.5   41   +87    2312 F 
  g669/A                                        +0    2312   
  g669/Y          INVX1          1 10.0   20   +37    2349 R 
cas3/b_new[7] 
b_new[7]          out port                      +0    2349 R 
-------------------------------------------------------------
Timing slack :  UNCONSTRAINED
Start-point  : a[1]
End-point    : b_new[7]

path   9:

     Pin           Type     Fanout Load Slew Delay Arrival   
                                   (fF) (ps)  (ps)   (ps)    
-------------------------------------------------------------
a[1]              in port        4  9.7   20    +0       0 F 
cas1/a[1] 
  g714/A                                        +0       0   
  g714/Y          NAND2X1        1  1.5   31   +27      27 R 
  drc_bufs726/A                                 +0      27   
  drc_bufs726/Y   BUFX2          1  2.8   10   +35      62 R 
  g706/B                                        +0      62   
  g706/Y          AOI22X1        1  1.5   34   +26      88 F 
  drc_bufs729/A                                 +0      88   
  drc_bufs729/Y   BUFX2          1  2.3    7   +38     126 F 
  g705/C                                        +0     126   
  g705/Y          AOI21X1        1  1.5   24   +15     141 R 
  drc_bufs730/A                                 +0     141   
  drc_bufs730/Y   BUFX2          1  2.4    8   +34     175 R 
  g704/C                                        +0     175   
  g704/Y          AOI21X1        1  1.5   16    +9     185 F 
  drc_bufs731/A                                 +0     185   
  drc_bufs731/Y   BUFX2          1  2.3    3   +34     219 F 
  g703/C                                        +0     219   
  g703/Y          AOI21X1        1  1.5   24   +14     233 R 
  drc_bufs728/A                                 +0     233   
  drc_bufs728/Y   BUFX2          1  2.4    8   +34     267 R 
  g702/C                                        +0     267   
  g702/Y          AOI21X1        1  1.5   16    +9     276 F 
  drc_bufs733/A                                 +0     276   
  drc_bufs733/Y   BUFX2          1  2.3    3   +34     310 F 
  g701/C                                        +0     310   
  g701/Y          AOI21X1        1  1.5   24   +14     325 R 
  drc_bufs732/A                                 +0     325   
  drc_bufs732/Y   BUFX2          1  2.4    8   +34     359 R 
  g700/C                                        +0     359   
  g700/Y          AOI21X1        1  1.5   16    +9     368 F 
  drc_bufs/A                                    +0     368   
  drc_bufs/Y      BUFX2          1  2.6    3   +34     402 F 
  g699/B                                        +0     402   
  g699/Y          OAI21X1        1  2.3   44   +38     441 R 
  g698/A                                        +0     441   
  g698/Y          AND2X1        16 65.6  332  +228     669 R 
  g692/S                                        +0     669   
  g692/Y          MUX2X1         1  1.6   38   +78     747 R 
  g684/A                                        +0     747   
  g684/Y          INVX1          4  9.7   32   +39     786 F 
cas1/b_new[0] 
cas2/a[0] 
  g714/A                                        +0     786   
  g714/Y          NAND2X1        1  1.5   30   +31     817 R 
  drc_bufs726/A                                 +0     817   
  drc_bufs726/Y   BUFX2          1  2.8   10   +35     852 R 
  g706/B                                        +0     852   
  g706/Y          AOI22X1        1  1.5   34   +26     878 F 
  drc_bufs729/A                                 +0     878   
  drc_bufs729/Y   BUFX2          1  2.3    7   +38     915 F 
  g705/C                                        +0     915   
  g705/Y          AOI21X1        1  1.5   23   +15     931 R 
  drc_bufs730/A                                 +0     931   
  drc_bufs730/Y   BUFX2          1  2.4    8   +34     965 R 
  g704/C                                        +0     965   
  g704/Y          AOI21X1        1  1.5   16    +9     974 F 
  drc_bufs731/A                                 +0     974   
  drc_bufs731/Y   BUFX2          1  2.3    3   +34    1008 F 
  g703/C                                        +0    1008   
  g703/Y          AOI21X1        1  1.5   23   +14    1022 R 
  drc_bufs728/A                                 +0    1022   
  drc_bufs728/Y   BUFX2          1  2.4    8   +34    1056 R 
  g702/C                                        +0    1056   
  g702/Y          AOI21X1        1  1.5   16    +9    1066 F 
  drc_bufs733/A                                 +0    1066   
  drc_bufs733/Y   BUFX2          1  2.3    3   +34    1100 F 
  g701/C                                        +0    1100   
  g701/Y          AOI21X1        1  1.5   23   +14    1114 R 
  drc_bufs732/A                                 +0    1114   
  drc_bufs732/Y   BUFX2          1  2.4    8   +34    1148 R 
  g700/C                                        +0    1148   
  g700/Y          AOI21X1        1  1.5   16    +9    1158 F 
  drc_bufs/A                                    +0    1158   
  drc_bufs/Y      BUFX2          1  2.6    3   +34    1192 F 
  g699/B                                        +0    1192   
  g699/Y          OAI21X1        1  2.3   44   +38    1230 R 
  g698/A                                        +0    1230   
  g698/Y          AND2X1        16 65.6  332  +228    1458 R 
  g675/S                                        +0    1458   
  g675/Y          MUX2X1         1  1.5   41   +87    1545 F 
  g667/A                                        +0    1545   
  g667/Y          INVX1          3  7.1    6   +28    1573 R 
cas2/a_new[1] 
cas3/b[1] 
  g721/A                                        +0    1573   
  g721/Y          INVX1          1  1.9   11   +14    1586 F 
  g709/C                                        +0    1586   
  g709/Y          OAI21X1        1  2.8   43   +21    1607 R 
  g706/A                                        +0    1607   
  g706/Y          AOI22X1        1  1.5   34   +38    1645 F 
  drc_bufs729/A                                 +0    1645   
  drc_bufs729/Y   BUFX2          1  2.3    7   +38    1683 F 
  g705/C                                        +0    1683   
  g705/Y          AOI21X1        1  1.5   24   +15    1698 R 
  drc_bufs730/A                                 +0    1698   
  drc_bufs730/Y   BUFX2          1  2.4    8   +34    1732 R 
  g704/C                                        +0    1732   
  g704/Y          AOI21X1        1  1.5   15    +9    1742 F 
  drc_bufs731/A                                 +0    1742   
  drc_bufs731/Y   BUFX2          1  2.3    3   +34    1776 F 
  g703/C                                        +0    1776   
  g703/Y          AOI21X1        1  1.5   24   +14    1790 R 
  drc_bufs728/A                                 +0    1790   
  drc_bufs728/Y   BUFX2          1  2.4    8   +34    1824 R 
  g702/C                                        +0    1824   
  g702/Y          AOI21X1        1  1.5   15    +9    1833 F 
  drc_bufs733/A                                 +0    1833   
  drc_bufs733/Y   BUFX2          1  2.3    3   +34    1867 F 
  g701/C                                        +0    1867   
  g701/Y          AOI21X1        1  1.5   24   +14    1882 R 
  drc_bufs732/A                                 +0    1882   
  drc_bufs732/Y   BUFX2          1  2.4    8   +34    1916 R 
  g700/C                                        +0    1916   
  g700/Y          AOI21X1        1  1.5   15    +9    1925 F 
  drc_bufs/A                                    +0    1925   
  drc_bufs/Y      BUFX2          1  2.6    3   +34    1959 F 
  g699/B                                        +0    1959   
  g699/Y          OAI21X1        1  2.3   44   +38    1998 R 
  g698/A                                        +0    1998   
  g698/Y          AND2X1        16 65.6  332  +228    2226 R 
  g676/S                                        +0    2226   
  g676/Y          MUX2X1         1  1.5   41   +87    2312 F 
  g668/A                                        +0    2312   
  g668/Y          INVX1          1 10.0   20   +37    2349 R 
cas3/a_new[0] 
a_new[0]          out port                      +0    2349 R 
-------------------------------------------------------------
Timing slack :  UNCONSTRAINED
Start-point  : a[1]
End-point    : a_new[0]

path  10:

     Pin           Type     Fanout Load Slew Delay Arrival   
                                   (fF) (ps)  (ps)   (ps)    
-------------------------------------------------------------
a[1]              in port        4  9.7   20    +0       0 F 
cas1/a[1] 
  g714/A                                        +0       0   
  g714/Y          NAND2X1        1  1.5   31   +27      27 R 
  drc_bufs726/A                                 +0      27   
  drc_bufs726/Y   BUFX2          1  2.8   10   +35      62 R 
  g706/B                                        +0      62   
  g706/Y          AOI22X1        1  1.5   34   +26      88 F 
  drc_bufs729/A                                 +0      88   
  drc_bufs729/Y   BUFX2          1  2.3    7   +38     126 F 
  g705/C                                        +0     126   
  g705/Y          AOI21X1        1  1.5   24   +15     141 R 
  drc_bufs730/A                                 +0     141   
  drc_bufs730/Y   BUFX2          1  2.4    8   +34     175 R 
  g704/C                                        +0     175   
  g704/Y          AOI21X1        1  1.5   16    +9     185 F 
  drc_bufs731/A                                 +0     185   
  drc_bufs731/Y   BUFX2          1  2.3    3   +34     219 F 
  g703/C                                        +0     219   
  g703/Y          AOI21X1        1  1.5   24   +14     233 R 
  drc_bufs728/A                                 +0     233   
  drc_bufs728/Y   BUFX2          1  2.4    8   +34     267 R 
  g702/C                                        +0     267   
  g702/Y          AOI21X1        1  1.5   16    +9     276 F 
  drc_bufs733/A                                 +0     276   
  drc_bufs733/Y   BUFX2          1  2.3    3   +34     310 F 
  g701/C                                        +0     310   
  g701/Y          AOI21X1        1  1.5   24   +14     325 R 
  drc_bufs732/A                                 +0     325   
  drc_bufs732/Y   BUFX2          1  2.4    8   +34     359 R 
  g700/C                                        +0     359   
  g700/Y          AOI21X1        1  1.5   16    +9     368 F 
  drc_bufs/A                                    +0     368   
  drc_bufs/Y      BUFX2          1  2.6    3   +34     402 F 
  g699/B                                        +0     402   
  g699/Y          OAI21X1        1  2.3   44   +38     441 R 
  g698/A                                        +0     441   
  g698/Y          AND2X1        16 65.6  332  +228     669 R 
  g692/S                                        +0     669   
  g692/Y          MUX2X1         1  1.6   38   +78     747 R 
  g684/A                                        +0     747   
  g684/Y          INVX1          4  9.7   32   +39     786 F 
cas1/b_new[0] 
cas2/a[0] 
  g714/A                                        +0     786   
  g714/Y          NAND2X1        1  1.5   30   +31     817 R 
  drc_bufs726/A                                 +0     817   
  drc_bufs726/Y   BUFX2          1  2.8   10   +35     852 R 
  g706/B                                        +0     852   
  g706/Y          AOI22X1        1  1.5   34   +26     878 F 
  drc_bufs729/A                                 +0     878   
  drc_bufs729/Y   BUFX2          1  2.3    7   +38     915 F 
  g705/C                                        +0     915   
  g705/Y          AOI21X1        1  1.5   23   +15     931 R 
  drc_bufs730/A                                 +0     931   
  drc_bufs730/Y   BUFX2          1  2.4    8   +34     965 R 
  g704/C                                        +0     965   
  g704/Y          AOI21X1        1  1.5   16    +9     974 F 
  drc_bufs731/A                                 +0     974   
  drc_bufs731/Y   BUFX2          1  2.3    3   +34    1008 F 
  g703/C                                        +0    1008   
  g703/Y          AOI21X1        1  1.5   23   +14    1022 R 
  drc_bufs728/A                                 +0    1022   
  drc_bufs728/Y   BUFX2          1  2.4    8   +34    1056 R 
  g702/C                                        +0    1056   
  g702/Y          AOI21X1        1  1.5   16    +9    1066 F 
  drc_bufs733/A                                 +0    1066   
  drc_bufs733/Y   BUFX2          1  2.3    3   +34    1100 F 
  g701/C                                        +0    1100   
  g701/Y          AOI21X1        1  1.5   23   +14    1114 R 
  drc_bufs732/A                                 +0    1114   
  drc_bufs732/Y   BUFX2          1  2.4    8   +34    1148 R 
  g700/C                                        +0    1148   
  g700/Y          AOI21X1        1  1.5   16    +9    1158 F 
  drc_bufs/A                                    +0    1158   
  drc_bufs/Y      BUFX2          1  2.6    3   +34    1192 F 
  g699/B                                        +0    1192   
  g699/Y          OAI21X1        1  2.3   44   +38    1230 R 
  g698/A                                        +0    1230   
  g698/Y          AND2X1        16 65.6  332  +228    1458 R 
  g675/S                                        +0    1458   
  g675/Y          MUX2X1         1  1.5   41   +87    1545 F 
  g667/A                                        +0    1545   
  g667/Y          INVX1          3  7.1    6   +28    1573 R 
cas2/a_new[1] 
cas3/b[1] 
  g721/A                                        +0    1573   
  g721/Y          INVX1          1  1.9   11   +14    1586 F 
  g709/C                                        +0    1586   
  g709/Y          OAI21X1        1  2.8   43   +21    1607 R 
  g706/A                                        +0    1607   
  g706/Y          AOI22X1        1  1.5   34   +38    1645 F 
  drc_bufs729/A                                 +0    1645   
  drc_bufs729/Y   BUFX2          1  2.3    7   +38    1683 F 
  g705/C                                        +0    1683   
  g705/Y          AOI21X1        1  1.5   24   +15    1698 R 
  drc_bufs730/A                                 +0    1698   
  drc_bufs730/Y   BUFX2          1  2.4    8   +34    1732 R 
  g704/C                                        +0    1732   
  g704/Y          AOI21X1        1  1.5   15    +9    1742 F 
  drc_bufs731/A                                 +0    1742   
  drc_bufs731/Y   BUFX2          1  2.3    3   +34    1776 F 
  g703/C                                        +0    1776   
  g703/Y          AOI21X1        1  1.5   24   +14    1790 R 
  drc_bufs728/A                                 +0    1790   
  drc_bufs728/Y   BUFX2          1  2.4    8   +34    1824 R 
  g702/C                                        +0    1824   
  g702/Y          AOI21X1        1  1.5   15    +9    1833 F 
  drc_bufs733/A                                 +0    1833   
  drc_bufs733/Y   BUFX2          1  2.3    3   +34    1867 F 
  g701/C                                        +0    1867   
  g701/Y          AOI21X1        1  1.5   24   +14    1882 R 
  drc_bufs732/A                                 +0    1882   
  drc_bufs732/Y   BUFX2          1  2.4    8   +34    1916 R 
  g700/C                                        +0    1916   
  g700/Y          AOI21X1        1  1.5   15    +9    1925 F 
  drc_bufs/A                                    +0    1925   
  drc_bufs/Y      BUFX2          1  2.6    3   +34    1959 F 
  g699/B                                        +0    1959   
  g699/Y          OAI21X1        1  2.3   44   +38    1998 R 
  g698/A                                        +0    1998   
  g698/Y          AND2X1        16 65.6  332  +228    2226 R 
  g675/S                                        +0    2226   
  g675/Y          MUX2X1         1  1.5   41   +87    2312 F 
  g667/A                                        +0    2312   
  g667/Y          INVX1          1 10.0   20   +37    2349 R 
cas3/a_new[1] 
a_new[1]          out port                      +0    2349 R 
-------------------------------------------------------------
Timing slack :  UNCONSTRAINED
Start-point  : a[1]
End-point    : a_new[1]
