============================================================
  Generated by:           Encounter(R) RTL Compiler RC14.28 - v14.20-s067_1
  Generated on:           Mar 23 2019  12:33:33 pm
  Module:                 cas
  Technology library:     gscl45nm 
  Operating conditions:   typical (balanced_tree)
  Wireload mode:          enclosed
  Area mode:              timing library
============================================================

path   1:

    Pin          Type     Fanout Load Slew Delay Arrival   
                                 (fF) (ps)  (ps)   (ps)    
-----------------------------------------------------------
a[0]            in port        4 10.2   20    +0       0 R 
g298/B                                        +0       0   
g298/Y          NAND2X1        1  1.5   20   +16      16 F 
drc_bufs309/A                                 +0      16   
drc_bufs309/Y   BUFX2          1  1.9    3   +34      51 F 
g295/B                                        +0      51   
g295/Y          NAND2X1        1  1.5   32    +8      59 R 
drc_bufs306/A                                 +0      59   
drc_bufs306/Y   BUFX2          1  2.0    8   +34      93 R 
g293/C                                        +0      93   
g293/Y          OAI21X1        1  2.3    5   +13     106 F 
g292/C                                        +0     106   
g292/Y          AOI21X1        1  1.5   24   +15     121 R 
drc_bufs303/A                                 +0     121   
drc_bufs303/Y   BUFX2          1  2.8    9   +35     156 R 
g291/A                                        +0     156   
g291/Y          AOI22X1        1  1.5   34   +31     187 F 
drc_bufs312/A                                 +0     187   
drc_bufs312/Y   BUFX2          1  1.9    6   +37     224 F 
g290/C                                        +0     224   
g290/Y          OAI21X1        7 28.7  165  +100     324 R 
g285/S                                        +0     324   
g285/Y          MUX2X1         1  1.6   38   +59     383 R 
g284/A                                        +0     383   
g284/Y          INVX1          1 10.0   33   +39     422 F 
b_new[0]        out port                      +0     422 F 
-----------------------------------------------------------
Timing slack :  UNCONSTRAINED
Start-point  : a[0]
End-point    : b_new[0]

path   2:

    Pin          Type     Fanout Load Slew Delay Arrival   
                                 (fF) (ps)  (ps)   (ps)    
-----------------------------------------------------------
a[0]            in port        4 10.2   20    +0       0 R 
g298/B                                        +0       0   
g298/Y          NAND2X1        1  1.5   20   +16      16 F 
drc_bufs309/A                                 +0      16   
drc_bufs309/Y   BUFX2          1  1.9    3   +34      51 F 
g295/B                                        +0      51   
g295/Y          NAND2X1        1  1.5   32    +8      59 R 
drc_bufs306/A                                 +0      59   
drc_bufs306/Y   BUFX2          1  2.0    8   +34      93 R 
g293/C                                        +0      93   
g293/Y          OAI21X1        1  2.3    5   +13     106 F 
g292/C                                        +0     106   
g292/Y          AOI21X1        1  1.5   24   +15     121 R 
drc_bufs303/A                                 +0     121   
drc_bufs303/Y   BUFX2          1  2.8    9   +35     156 R 
g291/A                                        +0     156   
g291/Y          AOI22X1        1  1.5   34   +31     187 F 
drc_bufs312/A                                 +0     187   
drc_bufs312/Y   BUFX2          1  1.9    6   +37     224 F 
g290/C                                        +0     224   
g290/Y          OAI21X1        7 28.7  165  +100     324 R 
g283/S                                        +0     324   
g283/Y          MUX2X1         1  1.6   38   +59     383 R 
g282/A                                        +0     383   
g282/Y          INVX1          1 10.0   33   +39     422 F 
b_new[1]        out port                      +0     422 F 
-----------------------------------------------------------
Timing slack :  UNCONSTRAINED
Start-point  : a[0]
End-point    : b_new[1]

path   3:

    Pin          Type     Fanout Load Slew Delay Arrival   
                                 (fF) (ps)  (ps)   (ps)    
-----------------------------------------------------------
a[0]            in port        4 10.2   20    +0       0 R 
g298/B                                        +0       0   
g298/Y          NAND2X1        1  1.5   20   +16      16 F 
drc_bufs309/A                                 +0      16   
drc_bufs309/Y   BUFX2          1  1.9    3   +34      51 F 
g295/B                                        +0      51   
g295/Y          NAND2X1        1  1.5   32    +8      59 R 
drc_bufs306/A                                 +0      59   
drc_bufs306/Y   BUFX2          1  2.0    8   +34      93 R 
g293/C                                        +0      93   
g293/Y          OAI21X1        1  2.3    5   +13     106 F 
g292/C                                        +0     106   
g292/Y          AOI21X1        1  1.5   24   +15     121 R 
drc_bufs303/A                                 +0     121   
drc_bufs303/Y   BUFX2          1  2.8    9   +35     156 R 
g291/A                                        +0     156   
g291/Y          AOI22X1        1  1.5   34   +31     187 F 
drc_bufs312/A                                 +0     187   
drc_bufs312/Y   BUFX2          1  1.9    6   +37     224 F 
g290/C                                        +0     224   
g290/Y          OAI21X1        7 28.7  165  +100     324 R 
g281/S                                        +0     324   
g281/Y          MUX2X1         1  1.6   38   +59     383 R 
g280/A                                        +0     383   
g280/Y          INVX1          1 10.0   33   +39     422 F 
b_new[2]        out port                      +0     422 F 
-----------------------------------------------------------
Timing slack :  UNCONSTRAINED
Start-point  : a[0]
End-point    : b_new[2]

path   4:

    Pin          Type     Fanout Load Slew Delay Arrival   
                                 (fF) (ps)  (ps)   (ps)    
-----------------------------------------------------------
a[0]            in port        4 10.2   20    +0       0 R 
g298/B                                        +0       0   
g298/Y          NAND2X1        1  1.5   20   +16      16 F 
drc_bufs309/A                                 +0      16   
drc_bufs309/Y   BUFX2          1  1.9    3   +34      51 F 
g295/B                                        +0      51   
g295/Y          NAND2X1        1  1.5   32    +8      59 R 
drc_bufs306/A                                 +0      59   
drc_bufs306/Y   BUFX2          1  2.0    8   +34      93 R 
g293/C                                        +0      93   
g293/Y          OAI21X1        1  2.3    5   +13     106 F 
g292/C                                        +0     106   
g292/Y          AOI21X1        1  1.5   24   +15     121 R 
drc_bufs303/A                                 +0     121   
drc_bufs303/Y   BUFX2          1  2.8    9   +35     156 R 
g291/A                                        +0     156   
g291/Y          AOI22X1        1  1.5   34   +31     187 F 
drc_bufs312/A                                 +0     187   
drc_bufs312/Y   BUFX2          1  1.9    6   +37     224 F 
g290/C                                        +0     224   
g290/Y          OAI21X1        7 28.7  165  +100     324 R 
g279/S                                        +0     324   
g279/Y          MUX2X1         1  1.6   38   +59     383 R 
g278/A                                        +0     383   
g278/Y          INVX1          1 10.0   33   +39     422 F 
b_new[3]        out port                      +0     422 F 
-----------------------------------------------------------
Timing slack :  UNCONSTRAINED
Start-point  : a[0]
End-point    : b_new[3]

path   5:

    Pin          Type     Fanout Load Slew Delay Arrival   
                                 (fF) (ps)  (ps)   (ps)    
-----------------------------------------------------------
a[0]            in port        4 10.2   20    +0       0 R 
g298/B                                        +0       0   
g298/Y          NAND2X1        1  1.5   20   +16      16 F 
drc_bufs309/A                                 +0      16   
drc_bufs309/Y   BUFX2          1  1.9    3   +34      51 F 
g295/B                                        +0      51   
g295/Y          NAND2X1        1  1.5   32    +8      59 R 
drc_bufs306/A                                 +0      59   
drc_bufs306/Y   BUFX2          1  2.0    8   +34      93 R 
g293/C                                        +0      93   
g293/Y          OAI21X1        1  2.3    5   +13     106 F 
g292/C                                        +0     106   
g292/Y          AOI21X1        1  1.5   24   +15     121 R 
drc_bufs303/A                                 +0     121   
drc_bufs303/Y   BUFX2          1  2.8    9   +35     156 R 
g291/A                                        +0     156   
g291/Y          AOI22X1        1  1.5   34   +31     187 F 
drc_bufs312/A                                 +0     187   
drc_bufs312/Y   BUFX2          1  1.9    6   +37     224 F 
g290/C                                        +0     224   
g290/Y          OAI21X1        7 28.7  165  +100     324 R 
g289/S                                        +0     324   
g289/Y          MUX2X1         1  1.6   38   +59     383 R 
g288/A                                        +0     383   
g288/Y          INVX1          1 10.0   33   +39     422 F 
a_new[0]        out port                      +0     422 F 
-----------------------------------------------------------
Timing slack :  UNCONSTRAINED
Start-point  : a[0]
End-point    : a_new[0]

path   6:

    Pin          Type     Fanout Load Slew Delay Arrival   
                                 (fF) (ps)  (ps)   (ps)    
-----------------------------------------------------------
a[0]            in port        4 10.2   20    +0       0 R 
g298/B                                        +0       0   
g298/Y          NAND2X1        1  1.5   20   +16      16 F 
drc_bufs309/A                                 +0      16   
drc_bufs309/Y   BUFX2          1  1.9    3   +34      51 F 
g295/B                                        +0      51   
g295/Y          NAND2X1        1  1.5   32    +8      59 R 
drc_bufs306/A                                 +0      59   
drc_bufs306/Y   BUFX2          1  2.0    8   +34      93 R 
g293/C                                        +0      93   
g293/Y          OAI21X1        1  2.3    5   +13     106 F 
g292/C                                        +0     106   
g292/Y          AOI21X1        1  1.5   24   +15     121 R 
drc_bufs303/A                                 +0     121   
drc_bufs303/Y   BUFX2          1  2.8    9   +35     156 R 
g291/A                                        +0     156   
g291/Y          AOI22X1        1  1.5   34   +31     187 F 
drc_bufs312/A                                 +0     187   
drc_bufs312/Y   BUFX2          1  1.9    6   +37     224 F 
g290/C                                        +0     224   
g290/Y          OAI21X1        7 28.7  165  +100     324 R 
g287/S                                        +0     324   
g287/Y          MUX2X1         1  1.6   38   +59     383 R 
g286/A                                        +0     383   
g286/Y          INVX1          1 10.0   33   +39     422 F 
a_new[1]        out port                      +0     422 F 
-----------------------------------------------------------
Timing slack :  UNCONSTRAINED
Start-point  : a[0]
End-point    : a_new[1]

path   7:

    Pin          Type     Fanout Load Slew Delay Arrival   
                                 (fF) (ps)  (ps)   (ps)    
-----------------------------------------------------------
a[0]            in port        4 10.2   20    +0       0 R 
g298/B                                        +0       0   
g298/Y          NAND2X1        1  1.5   20   +16      16 F 
drc_bufs309/A                                 +0      16   
drc_bufs309/Y   BUFX2          1  1.9    3   +34      51 F 
g295/B                                        +0      51   
g295/Y          NAND2X1        1  1.5   32    +8      59 R 
drc_bufs306/A                                 +0      59   
drc_bufs306/Y   BUFX2          1  2.0    8   +34      93 R 
g293/C                                        +0      93   
g293/Y          OAI21X1        1  2.3    5   +13     106 F 
g292/C                                        +0     106   
g292/Y          AOI21X1        1  1.5   24   +15     121 R 
drc_bufs303/A                                 +0     121   
drc_bufs303/Y   BUFX2          1  2.8    9   +35     156 R 
g291/A                                        +0     156   
g291/Y          AOI22X1        1  1.5   34   +31     187 F 
drc_bufs312/A                                 +0     187   
drc_bufs312/Y   BUFX2          1  1.9    6   +37     224 F 
g290/C                                        +0     224   
g290/Y          OAI21X1        7 28.7  165  +100     324 R 
g277/S                                        +0     324   
g277/Y          MUX2X1         1  1.6   38   +59     383 R 
g276/A                                        +0     383   
g276/Y          INVX1          1 10.0   33   +39     422 F 
a_new[2]        out port                      +0     422 F 
-----------------------------------------------------------
Timing slack :  UNCONSTRAINED
Start-point  : a[0]
End-point    : a_new[2]

path   8:

  Pin       Type     Fanout Load Slew Delay Arrival   
                            (fF) (ps)  (ps)   (ps)    
------------------------------------------------------
a[3]       in port        4 10.4   20    +0       0 R 
g297/B                                   +0       0   
g297/Y     OR2X1          1 10.0   58   +74      74 R 
a_new[3]   out port                      +0      74 R 
------------------------------------------------------
Timing slack :  UNCONSTRAINED
Start-point  : a[3]
End-point    : a_new[3]
