============================================================
  Generated by:           Encounter(R) RTL Compiler RC14.28 - v14.20-s067_1
  Generated on:           Mar 26 2019  09:09:20 pm
  Module:                 dsc_mul
  Technology library:     gscl45nm 
  Operating conditions:   typical (balanced_tree)
  Wireload mode:          enclosed
  Area mode:              timing library
============================================================


-------------------------------------------------------
TCF summary for top design
-------------------------------------------------------
Asserted Primary inputs in design         : 0 (0.00%)
Total connected primary inputs in design  : 15 (100.00%)
-------------------------------------------------------
Asserted sequential outputs               : 0 (0.00%)
Total connected sequential outputs        : 27 (100.00%)
-------------------------------------------------------
Total nets in design                      : 850 (100.00%)
Nets asserted                             : 0 (0.00%)
Nets computed                             : 568 (66.82%)
Default nets                              : 129 (15.18%)
Clock nets with no assertions             : 12 (1.41%)
Constant nets                             : 111 (13.06%)
Nets with no assertions                   : 850 (100.00%)
-------------------------------------------------------
