============================================================
  Generated by:           Encounter(R) RTL Compiler RC14.28 - v14.20-s067_1
  Generated on:           Mar 21 2019  01:54:59 am
  Module:                 dsc_mul
  Technology library:     gscl45nm 
  Operating conditions:   typical (balanced_tree)
  Wireload mode:          enclosed
  Area mode:              timing library
============================================================


-------------------------------------------------------
TCF summary for top design
-------------------------------------------------------
Asserted Primary inputs in design         : 0 (0.00%)
Total connected primary inputs in design  : 19 (100.00%)
-------------------------------------------------------
Asserted sequential outputs               : 0 (0.00%)
Total connected sequential outputs        : 35 (100.00%)
-------------------------------------------------------
Total nets in design                      : 834 (100.00%)
Nets asserted                             : 0 (0.00%)
Nets computed                             : 563 (67.51%)
Default nets                              : 81 (9.71%)
Clock nets with no assertions             : 9 (1.08%)
Constant nets                             : 143 (17.15%)
Nets with no assertions                   : 834 (100.00%)
-------------------------------------------------------
