============================================================
  Generated by:           Encounter(R) RTL Compiler RC14.28 - v14.20-s067_1
  Generated on:           Mar 21 2019  02:20:19 am
  Module:                 dsc_mul
  Technology library:     gscl45nm 
  Operating conditions:   typical (balanced_tree)
  Wireload mode:          enclosed
  Area mode:              timing library
============================================================


-------------------------------------------------------
TCF summary for top design
-------------------------------------------------------
Asserted Primary inputs in design         : 0 (0.00%)
Total connected primary inputs in design  : 27 (100.00%)
-------------------------------------------------------
Asserted sequential outputs               : 0 (0.00%)
Total connected sequential outputs        : 53 (100.00%)
-------------------------------------------------------
Total nets in design                      : 1253 (100.00%)
Nets asserted                             : 0 (0.00%)
Nets computed                             : 834 (66.56%)
Default nets                              : 125 (9.98%)
Clock nets with no assertions             : 19 (1.52%)
Constant nets                             : 217 (17.32%)
Nets with no assertions                   : 1253 (100.00%)
-------------------------------------------------------
