============================================================
  Generated by:           Encounter(R) RTL Compiler RC14.28 - v14.20-s067_1
  Generated on:           Dec 05 2018  10:58:46 pm
  Module:                 dsc_mul
  Technology library:     gscl45nm 
  Operating conditions:   typical (balanced_tree)
  Wireload mode:          enclosed
  Area mode:              timing library
============================================================


-------------------------------------------------------
TCF summary for top design
-------------------------------------------------------
Asserted Primary inputs in design         : 11 (100.00%)
Total connected primary inputs in design  : 11 (100.00%)
-------------------------------------------------------
Asserted sequential outputs               : 19 (100.00%)
Total connected sequential outputs        : 19 (100.00%)
-------------------------------------------------------
Total nets in design                      : 662 (100.00%)
Nets asserted                             : 320 (48.34%)
Nets computed                             : 235 (35.50%)
Default nets                              : 0 (0.00%)
Clock nets with no assertions             : 0 (0.00%)
Constant nets                             : 82 (12.39%)
Nets with no assertions                   : 342 (51.66%)
-------------------------------------------------------
