============================================================
  Generated by:           Encounter(R) RTL Compiler RC14.28 - v14.20-s067_1
  Generated on:           Mar 21 2019  11:29:17 pm
  Module:                 dsc_mul
  Technology library:     gscl45nm 
  Operating conditions:   typical (balanced_tree)
  Wireload mode:          enclosed
  Area mode:              timing library
============================================================

                           Leakage    Dynamic     Total   
      Instance      Cells Power(nW)  Power(nW)  Power(nW) 
----------------------------------------------------------
dsc_mul               307  9366.476 507543.953 516910.429 
  stoch2bin_out        99  3901.087 195429.530 199330.617 
    inc_add_36_16_2    19   901.317  12259.475  13160.793 
  prg_b               110  2749.762 140058.029 142807.791 
    ctr4               67  2135.399 111089.173 113224.572 
    comp10             43   614.363  28968.856  29583.219 
      comp1             2    49.307   2183.367   2232.673 
      comp2             2    49.307   2192.372   2241.678 
      comp3             2    49.307   2029.515   2078.822 
      comp4             2    49.307   1955.778   2005.084 
      comp5             2    49.307   1784.170   1833.476 
      comp6             2    49.307   1803.373   1852.679 
      comp7             2    49.307   1755.367   1804.674 
      comp8             2    49.307   1785.931   1835.238 
      comp9             2    49.307   1664.929   1714.236 
      comp0             2    17.348    574.934    592.282 
  prg_a                95  2684.536 145022.407 147706.943 
    ctr4               52  2070.173 117035.986 119106.159 
    comp10             43   614.363  27986.421  28600.784 
      comp1             2    49.307   1998.005   2047.311 
      comp2             2    49.307   1973.331   2022.637 
      comp3             2    49.307   1850.135   1899.442 
      comp4             2    49.307   1991.391   2040.697 
      comp5             2    49.307   1713.548   1762.854 
      comp6             2    49.307   1820.427   1869.734 
      comp7             2    49.307   1614.552   1663.859 
      comp8             2    49.307   1750.114   1799.421 
      comp9             2    49.307   1678.941   1728.247 
      comp0             2    17.348    627.649    644.996 
  mul                   1    15.606   6015.457   6031.063 

