============================================================
  Generated by:           Encounter(R) RTL Compiler RC14.28 - v14.20-s067_1
  Generated on:           Mar 26 2019  10:04:08 pm
  Module:                 dsc_mul
  Technology library:     gscl45nm 
  Operating conditions:   typical (balanced_tree)
  Wireload mode:          enclosed
  Area mode:              timing library
============================================================


-------------------------------------------------------
TCF summary for top design
-------------------------------------------------------
Asserted Primary inputs in design         : 0 (0.00%)
Total connected primary inputs in design  : 27 (100.00%)
-------------------------------------------------------
Asserted sequential outputs               : 0 (0.00%)
Total connected sequential outputs        : 52 (100.00%)
-------------------------------------------------------
Total nets in design                      : 2082 (100.00%)
Nets asserted                             : 0 (0.00%)
Nets computed                             : 1454 (69.84%)
Default nets                              : 341 (16.38%)
Clock nets with no assertions             : 19 (0.91%)
Constant nets                             : 212 (10.18%)
Nets with no assertions                   : 2082 (100.00%)
-------------------------------------------------------
