============================================================
  Generated by:           Encounter(R) RTL Compiler RC14.28 - v14.20-s067_1
  Generated on:           Mar 21 2019  01:53:00 am
  Module:                 dsc_mul
  Technology library:     gscl45nm 
  Operating conditions:   typical (balanced_tree)
  Wireload mode:          enclosed
  Area mode:              timing library
============================================================

                       Leakage    Dynamic     Total   
    Instance    Cells Power(nW)  Power(nW)  Power(nW) 
------------------------------------------------------
dsc_mul           117  3825.178 236501.523 240326.701 
  stoch2bin_out    38  1541.720  89249.296  90791.016 
  prg_b            40  1152.573  61966.093  63118.666 
    ctr4           24   930.125  51026.427  51956.553 
    comp4          16   222.447  10939.666  11162.113 
      comp1         2    49.307   2225.286   2274.593 
      comp2         2    49.307   2184.567   2233.874 
      comp3         2    49.307   1825.368   1874.674 
      comp0         2    17.348    596.676    614.023 
  prg_a            38  1115.280  73221.065  74336.344 
    ctr4           22   892.833  61622.980  62515.813 
    comp4          16   222.447  11598.085  11820.532 
      comp1         2    49.307   2284.589   2333.895 
      comp2         2    49.307   2160.445   2209.752 
      comp3         2    49.307   1968.492   2017.798 
      comp0         2    17.348    664.722    682.069 
  mul               1    15.606   3414.401   3430.007 

