============================================================
  Generated by:           Encounter(R) RTL Compiler RC14.28 - v14.20-s067_1
  Generated on:           Mar 23 2019  01:11:35 pm
  Module:                 cas4
  Technology library:     gscl45nm 
  Operating conditions:   typical (balanced_tree)
  Wireload mode:          enclosed
  Area mode:              timing library
============================================================

path   1:

     Pin           Type     Fanout Load Slew Delay Arrival   
                                   (fF) (ps)  (ps)   (ps)    
-------------------------------------------------------------
a[1]              in port        4  9.7   20    +0       0 F 
cas1/a[1] 
  g316/A                                        +0       0   
  g316/Y          NAND2X1        1  1.5   31   +27      27 R 
  drc_bufs319/A                                 +0      27   
  drc_bufs319/Y   BUFX2          1  2.0    8   +34      61 R 
  g315/B                                        +0      61   
  g315/Y          NAND2X1        1  1.5   21   +14      75 F 
  drc_bufs320/A                                 +0      75   
  drc_bufs320/Y   BUFX2          1  1.9    4   +35     110 F 
  g314/C                                        +0     110   
  g314/Y          OAI21X1        1  2.4   42   +17     126 R 
  g313/C                                        +0     126   
  g313/Y          AOI21X1        1  1.5   16   +20     146 F 
  drc_bufs321/A                                 +0     146   
  drc_bufs321/Y   BUFX2          1  1.5    2   +33     179 F 
  g312/A                                        +0     179   
  g312/Y          INVX1          1  2.0    0    -3     176 R 
  g311/C                                        +0     176   
  g311/Y          OAI21X1        2  4.5   11   +14     191 F 
  g310/B                                        +0     191   
  g310/Y          NAND2X1        1  1.5   32   +10     201 R 
  drc_bufs/A                                    +0     201   
  drc_bufs/Y      BUFX2          1  2.3    9   +35     236 R 
  g308/B                                        +0     236   
  g308/Y          AND2X1         8 32.8  179  +137     373 R 
  g307/S                                        +0     373   
  g307/Y          MUX2X1         1  1.6   38   +61     433 R 
  g306/A                                        +0     433   
  g306/Y          INVX1          4  9.7   32   +39     472 F 
cas1/a_new[0] 
cas3/a[0] 
  g316/A                                        +0     472   
  g316/Y          NAND2X1        1  1.5   30   +31     503 R 
  drc_bufs319/A                                 +0     503   
  drc_bufs319/Y   BUFX2          1  2.0    8   +34     537 R 
  g315/B                                        +0     537   
  g315/Y          NAND2X1        1  1.5   21   +14     550 F 
  drc_bufs320/A                                 +0     550   
  drc_bufs320/Y   BUFX2          1  1.9    4   +35     585 F 
  g314/C                                        +0     585   
  g314/Y          OAI21X1        1  2.4   41   +17     602 R 
  g313/C                                        +0     602   
  g313/Y          AOI21X1        1  1.5   15   +19     621 F 
  drc_bufs321/A                                 +0     621   
  drc_bufs321/Y   BUFX2          1  1.5    2   +33     654 F 
  g312/A                                        +0     654   
  g312/Y          INVX1          1  2.0    0    -3     652 R 
  g311/C                                        +0     652   
  g311/Y          OAI21X1        2  4.5   10   +14     666 F 
  g310/B                                        +0     666   
  g310/Y          NAND2X1        1  1.5   32   +10     676 R 
  drc_bufs/A                                    +0     676   
  drc_bufs/Y      BUFX2          1  2.3    9   +35     711 R 
  g308/B                                        +0     711   
  g308/Y          AND2X1         8 32.8  179  +137     847 R 
  g303/S                                        +0     847   
  g303/Y          MUX2X1         1  1.6   38   +61     908 R 
  g302/A                                        +0     908   
  g302/Y          INVX1          4  9.7   32   +39     947 F 
cas3/b_new[0] 
cas5/a[0] 
  g316/A                                        +0     947   
  g316/Y          NAND2X1        1  1.5   30   +31     978 R 
  drc_bufs319/A                                 +0     978   
  drc_bufs319/Y   BUFX2          1  2.0    8   +34    1012 R 
  g315/B                                        +0    1012   
  g315/Y          NAND2X1        1  1.5   21   +14    1025 F 
  drc_bufs320/A                                 +0    1025   
  drc_bufs320/Y   BUFX2          1  1.9    4   +35    1060 F 
  g314/C                                        +0    1060   
  g314/Y          OAI21X1        1  2.4   41   +17    1077 R 
  g313/C                                        +0    1077   
  g313/Y          AOI21X1        1  1.5   15   +19    1096 F 
  drc_bufs321/A                                 +0    1096   
  drc_bufs321/Y   BUFX2          1  1.5    2   +33    1129 F 
  g312/A                                        +0    1129   
  g312/Y          INVX1          1  2.0    0    -3    1126 R 
  g311/C                                        +0    1126   
  g311/Y          OAI21X1        2  4.5   10   +14    1141 F 
  g310/B                                        +0    1141   
  g310/Y          NAND2X1        1  1.5   32   +10    1151 R 
  drc_bufs/A                                    +0    1151   
  drc_bufs/Y      BUFX2          1  2.3    9   +35    1185 R 
  g308/B                                        +0    1185   
  g308/Y          AND2X1         8 32.8  179  +137    1322 R 
  g303/S                                        +0    1322   
  g303/Y          MUX2X1         1  1.6   38   +61    1383 R 
  g302/A                                        +0    1383   
  g302/Y          INVX1          1 10.0   33   +39    1422 F 
cas5/b_new[0] 
c_new[0]          out port                      +0    1422 F 
-------------------------------------------------------------
Timing slack :  UNCONSTRAINED
Start-point  : a[1]
End-point    : c_new[0]

path   2:

     Pin           Type     Fanout Load Slew Delay Arrival   
                                   (fF) (ps)  (ps)   (ps)    
-------------------------------------------------------------
a[1]              in port        4  9.7   20    +0       0 F 
cas1/a[1] 
  g316/A                                        +0       0   
  g316/Y          NAND2X1        1  1.5   31   +27      27 R 
  drc_bufs319/A                                 +0      27   
  drc_bufs319/Y   BUFX2          1  2.0    8   +34      61 R 
  g315/B                                        +0      61   
  g315/Y          NAND2X1        1  1.5   21   +14      75 F 
  drc_bufs320/A                                 +0      75   
  drc_bufs320/Y   BUFX2          1  1.9    4   +35     110 F 
  g314/C                                        +0     110   
  g314/Y          OAI21X1        1  2.4   42   +17     126 R 
  g313/C                                        +0     126   
  g313/Y          AOI21X1        1  1.5   16   +20     146 F 
  drc_bufs321/A                                 +0     146   
  drc_bufs321/Y   BUFX2          1  1.5    2   +33     179 F 
  g312/A                                        +0     179   
  g312/Y          INVX1          1  2.0    0    -3     176 R 
  g311/C                                        +0     176   
  g311/Y          OAI21X1        2  4.5   11   +14     191 F 
  g310/B                                        +0     191   
  g310/Y          NAND2X1        1  1.5   32   +10     201 R 
  drc_bufs/A                                    +0     201   
  drc_bufs/Y      BUFX2          1  2.3    9   +35     236 R 
  g308/B                                        +0     236   
  g308/Y          AND2X1         8 32.8  179  +137     373 R 
  g307/S                                        +0     373   
  g307/Y          MUX2X1         1  1.6   38   +61     433 R 
  g306/A                                        +0     433   
  g306/Y          INVX1          4  9.7   32   +39     472 F 
cas1/a_new[0] 
cas3/a[0] 
  g316/A                                        +0     472   
  g316/Y          NAND2X1        1  1.5   30   +31     503 R 
  drc_bufs319/A                                 +0     503   
  drc_bufs319/Y   BUFX2          1  2.0    8   +34     537 R 
  g315/B                                        +0     537   
  g315/Y          NAND2X1        1  1.5   21   +14     550 F 
  drc_bufs320/A                                 +0     550   
  drc_bufs320/Y   BUFX2          1  1.9    4   +35     585 F 
  g314/C                                        +0     585   
  g314/Y          OAI21X1        1  2.4   41   +17     602 R 
  g313/C                                        +0     602   
  g313/Y          AOI21X1        1  1.5   15   +19     621 F 
  drc_bufs321/A                                 +0     621   
  drc_bufs321/Y   BUFX2          1  1.5    2   +33     654 F 
  g312/A                                        +0     654   
  g312/Y          INVX1          1  2.0    0    -3     652 R 
  g311/C                                        +0     652   
  g311/Y          OAI21X1        2  4.5   10   +14     666 F 
  g310/B                                        +0     666   
  g310/Y          NAND2X1        1  1.5   32   +10     676 R 
  drc_bufs/A                                    +0     676   
  drc_bufs/Y      BUFX2          1  2.3    9   +35     711 R 
  g308/B                                        +0     711   
  g308/Y          AND2X1         8 32.8  179  +137     847 R 
  g303/S                                        +0     847   
  g303/Y          MUX2X1         1  1.6   38   +61     908 R 
  g302/A                                        +0     908   
  g302/Y          INVX1          4  9.7   32   +39     947 F 
cas3/b_new[0] 
cas5/a[0] 
  g316/A                                        +0     947   
  g316/Y          NAND2X1        1  1.5   30   +31     978 R 
  drc_bufs319/A                                 +0     978   
  drc_bufs319/Y   BUFX2          1  2.0    8   +34    1012 R 
  g315/B                                        +0    1012   
  g315/Y          NAND2X1        1  1.5   21   +14    1025 F 
  drc_bufs320/A                                 +0    1025   
  drc_bufs320/Y   BUFX2          1  1.9    4   +35    1060 F 
  g314/C                                        +0    1060   
  g314/Y          OAI21X1        1  2.4   41   +17    1077 R 
  g313/C                                        +0    1077   
  g313/Y          AOI21X1        1  1.5   15   +19    1096 F 
  drc_bufs321/A                                 +0    1096   
  drc_bufs321/Y   BUFX2          1  1.5    2   +33    1129 F 
  g312/A                                        +0    1129   
  g312/Y          INVX1          1  2.0    0    -3    1126 R 
  g311/C                                        +0    1126   
  g311/Y          OAI21X1        2  4.5   10   +14    1141 F 
  g310/B                                        +0    1141   
  g310/Y          NAND2X1        1  1.5   32   +10    1151 R 
  drc_bufs/A                                    +0    1151   
  drc_bufs/Y      BUFX2          1  2.3    9   +35    1185 R 
  g308/B                                        +0    1185   
  g308/Y          AND2X1         8 32.8  179  +137    1322 R 
  g301/S                                        +0    1322   
  g301/Y          MUX2X1         1  1.6   38   +61    1383 R 
  g300/A                                        +0    1383   
  g300/Y          INVX1          1 10.0   33   +39    1422 F 
cas5/b_new[1] 
c_new[1]          out port                      +0    1422 F 
-------------------------------------------------------------
Timing slack :  UNCONSTRAINED
Start-point  : a[1]
End-point    : c_new[1]

path   3:

     Pin           Type     Fanout Load Slew Delay Arrival   
                                   (fF) (ps)  (ps)   (ps)    
-------------------------------------------------------------
a[1]              in port        4  9.7   20    +0       0 F 
cas1/a[1] 
  g316/A                                        +0       0   
  g316/Y          NAND2X1        1  1.5   31   +27      27 R 
  drc_bufs319/A                                 +0      27   
  drc_bufs319/Y   BUFX2          1  2.0    8   +34      61 R 
  g315/B                                        +0      61   
  g315/Y          NAND2X1        1  1.5   21   +14      75 F 
  drc_bufs320/A                                 +0      75   
  drc_bufs320/Y   BUFX2          1  1.9    4   +35     110 F 
  g314/C                                        +0     110   
  g314/Y          OAI21X1        1  2.4   42   +17     126 R 
  g313/C                                        +0     126   
  g313/Y          AOI21X1        1  1.5   16   +20     146 F 
  drc_bufs321/A                                 +0     146   
  drc_bufs321/Y   BUFX2          1  1.5    2   +33     179 F 
  g312/A                                        +0     179   
  g312/Y          INVX1          1  2.0    0    -3     176 R 
  g311/C                                        +0     176   
  g311/Y          OAI21X1        2  4.5   11   +14     191 F 
  g310/B                                        +0     191   
  g310/Y          NAND2X1        1  1.5   32   +10     201 R 
  drc_bufs/A                                    +0     201   
  drc_bufs/Y      BUFX2          1  2.3    9   +35     236 R 
  g308/B                                        +0     236   
  g308/Y          AND2X1         8 32.8  179  +137     373 R 
  g307/S                                        +0     373   
  g307/Y          MUX2X1         1  1.6   38   +61     433 R 
  g306/A                                        +0     433   
  g306/Y          INVX1          4  9.7   32   +39     472 F 
cas1/a_new[0] 
cas3/a[0] 
  g316/A                                        +0     472   
  g316/Y          NAND2X1        1  1.5   30   +31     503 R 
  drc_bufs319/A                                 +0     503   
  drc_bufs319/Y   BUFX2          1  2.0    8   +34     537 R 
  g315/B                                        +0     537   
  g315/Y          NAND2X1        1  1.5   21   +14     550 F 
  drc_bufs320/A                                 +0     550   
  drc_bufs320/Y   BUFX2          1  1.9    4   +35     585 F 
  g314/C                                        +0     585   
  g314/Y          OAI21X1        1  2.4   41   +17     602 R 
  g313/C                                        +0     602   
  g313/Y          AOI21X1        1  1.5   15   +19     621 F 
  drc_bufs321/A                                 +0     621   
  drc_bufs321/Y   BUFX2          1  1.5    2   +33     654 F 
  g312/A                                        +0     654   
  g312/Y          INVX1          1  2.0    0    -3     652 R 
  g311/C                                        +0     652   
  g311/Y          OAI21X1        2  4.5   10   +14     666 F 
  g310/B                                        +0     666   
  g310/Y          NAND2X1        1  1.5   32   +10     676 R 
  drc_bufs/A                                    +0     676   
  drc_bufs/Y      BUFX2          1  2.3    9   +35     711 R 
  g308/B                                        +0     711   
  g308/Y          AND2X1         8 32.8  179  +137     847 R 
  g303/S                                        +0     847   
  g303/Y          MUX2X1         1  1.6   38   +61     908 R 
  g302/A                                        +0     908   
  g302/Y          INVX1          4  9.7   32   +39     947 F 
cas3/b_new[0] 
cas5/a[0] 
  g316/A                                        +0     947   
  g316/Y          NAND2X1        1  1.5   30   +31     978 R 
  drc_bufs319/A                                 +0     978   
  drc_bufs319/Y   BUFX2          1  2.0    8   +34    1012 R 
  g315/B                                        +0    1012   
  g315/Y          NAND2X1        1  1.5   21   +14    1025 F 
  drc_bufs320/A                                 +0    1025   
  drc_bufs320/Y   BUFX2          1  1.9    4   +35    1060 F 
  g314/C                                        +0    1060   
  g314/Y          OAI21X1        1  2.4   41   +17    1077 R 
  g313/C                                        +0    1077   
  g313/Y          AOI21X1        1  1.5   15   +19    1096 F 
  drc_bufs321/A                                 +0    1096   
  drc_bufs321/Y   BUFX2          1  1.5    2   +33    1129 F 
  g312/A                                        +0    1129   
  g312/Y          INVX1          1  2.0    0    -3    1126 R 
  g311/C                                        +0    1126   
  g311/Y          OAI21X1        2  4.5   10   +14    1141 F 
  g310/B                                        +0    1141   
  g310/Y          NAND2X1        1  1.5   32   +10    1151 R 
  drc_bufs/A                                    +0    1151   
  drc_bufs/Y      BUFX2          1  2.3    9   +35    1185 R 
  g308/B                                        +0    1185   
  g308/Y          AND2X1         8 32.8  179  +137    1322 R 
  g299/S                                        +0    1322   
  g299/Y          MUX2X1         1  1.6   38   +61    1383 R 
  g298/A                                        +0    1383   
  g298/Y          INVX1          1 10.0   33   +39    1422 F 
cas5/b_new[2] 
c_new[2]          out port                      +0    1422 F 
-------------------------------------------------------------
Timing slack :  UNCONSTRAINED
Start-point  : a[1]
End-point    : c_new[2]

path   4:

     Pin           Type     Fanout Load Slew Delay Arrival   
                                   (fF) (ps)  (ps)   (ps)    
-------------------------------------------------------------
a[1]              in port        4  9.7   20    +0       0 F 
cas1/a[1] 
  g316/A                                        +0       0   
  g316/Y          NAND2X1        1  1.5   31   +27      27 R 
  drc_bufs319/A                                 +0      27   
  drc_bufs319/Y   BUFX2          1  2.0    8   +34      61 R 
  g315/B                                        +0      61   
  g315/Y          NAND2X1        1  1.5   21   +14      75 F 
  drc_bufs320/A                                 +0      75   
  drc_bufs320/Y   BUFX2          1  1.9    4   +35     110 F 
  g314/C                                        +0     110   
  g314/Y          OAI21X1        1  2.4   42   +17     126 R 
  g313/C                                        +0     126   
  g313/Y          AOI21X1        1  1.5   16   +20     146 F 
  drc_bufs321/A                                 +0     146   
  drc_bufs321/Y   BUFX2          1  1.5    2   +33     179 F 
  g312/A                                        +0     179   
  g312/Y          INVX1          1  2.0    0    -3     176 R 
  g311/C                                        +0     176   
  g311/Y          OAI21X1        2  4.5   11   +14     191 F 
  g310/B                                        +0     191   
  g310/Y          NAND2X1        1  1.5   32   +10     201 R 
  drc_bufs/A                                    +0     201   
  drc_bufs/Y      BUFX2          1  2.3    9   +35     236 R 
  g308/B                                        +0     236   
  g308/Y          AND2X1         8 32.8  179  +137     373 R 
  g307/S                                        +0     373   
  g307/Y          MUX2X1         1  1.6   38   +61     433 R 
  g306/A                                        +0     433   
  g306/Y          INVX1          4  9.7   32   +39     472 F 
cas1/a_new[0] 
cas3/a[0] 
  g316/A                                        +0     472   
  g316/Y          NAND2X1        1  1.5   30   +31     503 R 
  drc_bufs319/A                                 +0     503   
  drc_bufs319/Y   BUFX2          1  2.0    8   +34     537 R 
  g315/B                                        +0     537   
  g315/Y          NAND2X1        1  1.5   21   +14     550 F 
  drc_bufs320/A                                 +0     550   
  drc_bufs320/Y   BUFX2          1  1.9    4   +35     585 F 
  g314/C                                        +0     585   
  g314/Y          OAI21X1        1  2.4   41   +17     602 R 
  g313/C                                        +0     602   
  g313/Y          AOI21X1        1  1.5   15   +19     621 F 
  drc_bufs321/A                                 +0     621   
  drc_bufs321/Y   BUFX2          1  1.5    2   +33     654 F 
  g312/A                                        +0     654   
  g312/Y          INVX1          1  2.0    0    -3     652 R 
  g311/C                                        +0     652   
  g311/Y          OAI21X1        2  4.5   10   +14     666 F 
  g310/B                                        +0     666   
  g310/Y          NAND2X1        1  1.5   32   +10     676 R 
  drc_bufs/A                                    +0     676   
  drc_bufs/Y      BUFX2          1  2.3    9   +35     711 R 
  g308/B                                        +0     711   
  g308/Y          AND2X1         8 32.8  179  +137     847 R 
  g303/S                                        +0     847   
  g303/Y          MUX2X1         1  1.6   38   +61     908 R 
  g302/A                                        +0     908   
  g302/Y          INVX1          4  9.7   32   +39     947 F 
cas3/b_new[0] 
cas5/a[0] 
  g316/A                                        +0     947   
  g316/Y          NAND2X1        1  1.5   30   +31     978 R 
  drc_bufs319/A                                 +0     978   
  drc_bufs319/Y   BUFX2          1  2.0    8   +34    1012 R 
  g315/B                                        +0    1012   
  g315/Y          NAND2X1        1  1.5   21   +14    1025 F 
  drc_bufs320/A                                 +0    1025   
  drc_bufs320/Y   BUFX2          1  1.9    4   +35    1060 F 
  g314/C                                        +0    1060   
  g314/Y          OAI21X1        1  2.4   41   +17    1077 R 
  g313/C                                        +0    1077   
  g313/Y          AOI21X1        1  1.5   15   +19    1096 F 
  drc_bufs321/A                                 +0    1096   
  drc_bufs321/Y   BUFX2          1  1.5    2   +33    1129 F 
  g312/A                                        +0    1129   
  g312/Y          INVX1          1  2.0    0    -3    1126 R 
  g311/C                                        +0    1126   
  g311/Y          OAI21X1        2  4.5   10   +14    1141 F 
  g310/B                                        +0    1141   
  g310/Y          NAND2X1        1  1.5   32   +10    1151 R 
  drc_bufs/A                                    +0    1151   
  drc_bufs/Y      BUFX2          1  2.3    9   +35    1185 R 
  g308/B                                        +0    1185   
  g308/Y          AND2X1         8 32.8  179  +137    1322 R 
  g297/S                                        +0    1322   
  g297/Y          MUX2X1         1  1.6   38   +61    1383 R 
  g296/A                                        +0    1383   
  g296/Y          INVX1          1 10.0   33   +39    1422 F 
cas5/b_new[3] 
c_new[3]          out port                      +0    1422 F 
-------------------------------------------------------------
Timing slack :  UNCONSTRAINED
Start-point  : a[1]
End-point    : c_new[3]

path   5:

     Pin           Type     Fanout Load Slew Delay Arrival   
                                   (fF) (ps)  (ps)   (ps)    
-------------------------------------------------------------
a[1]              in port        4  9.7   20    +0       0 F 
cas1/a[1] 
  g316/A                                        +0       0   
  g316/Y          NAND2X1        1  1.5   31   +27      27 R 
  drc_bufs319/A                                 +0      27   
  drc_bufs319/Y   BUFX2          1  2.0    8   +34      61 R 
  g315/B                                        +0      61   
  g315/Y          NAND2X1        1  1.5   21   +14      75 F 
  drc_bufs320/A                                 +0      75   
  drc_bufs320/Y   BUFX2          1  1.9    4   +35     110 F 
  g314/C                                        +0     110   
  g314/Y          OAI21X1        1  2.4   42   +17     126 R 
  g313/C                                        +0     126   
  g313/Y          AOI21X1        1  1.5   16   +20     146 F 
  drc_bufs321/A                                 +0     146   
  drc_bufs321/Y   BUFX2          1  1.5    2   +33     179 F 
  g312/A                                        +0     179   
  g312/Y          INVX1          1  2.0    0    -3     176 R 
  g311/C                                        +0     176   
  g311/Y          OAI21X1        2  4.5   11   +14     191 F 
  g310/B                                        +0     191   
  g310/Y          NAND2X1        1  1.5   32   +10     201 R 
  drc_bufs/A                                    +0     201   
  drc_bufs/Y      BUFX2          1  2.3    9   +35     236 R 
  g308/B                                        +0     236   
  g308/Y          AND2X1         8 32.8  179  +137     373 R 
  g307/S                                        +0     373   
  g307/Y          MUX2X1         1  1.6   38   +61     433 R 
  g306/A                                        +0     433   
  g306/Y          INVX1          4  9.7   32   +39     472 F 
cas1/a_new[0] 
cas3/a[0] 
  g316/A                                        +0     472   
  g316/Y          NAND2X1        1  1.5   30   +31     503 R 
  drc_bufs319/A                                 +0     503   
  drc_bufs319/Y   BUFX2          1  2.0    8   +34     537 R 
  g315/B                                        +0     537   
  g315/Y          NAND2X1        1  1.5   21   +14     550 F 
  drc_bufs320/A                                 +0     550   
  drc_bufs320/Y   BUFX2          1  1.9    4   +35     585 F 
  g314/C                                        +0     585   
  g314/Y          OAI21X1        1  2.4   41   +17     602 R 
  g313/C                                        +0     602   
  g313/Y          AOI21X1        1  1.5   15   +19     621 F 
  drc_bufs321/A                                 +0     621   
  drc_bufs321/Y   BUFX2          1  1.5    2   +33     654 F 
  g312/A                                        +0     654   
  g312/Y          INVX1          1  2.0    0    -3     652 R 
  g311/C                                        +0     652   
  g311/Y          OAI21X1        2  4.5   10   +14     666 F 
  g310/B                                        +0     666   
  g310/Y          NAND2X1        1  1.5   32   +10     676 R 
  drc_bufs/A                                    +0     676   
  drc_bufs/Y      BUFX2          1  2.3    9   +35     711 R 
  g308/B                                        +0     711   
  g308/Y          AND2X1         8 32.8  179  +137     847 R 
  g303/S                                        +0     847   
  g303/Y          MUX2X1         1  1.6   38   +61     908 R 
  g302/A                                        +0     908   
  g302/Y          INVX1          4  9.7   32   +39     947 F 
cas3/b_new[0] 
cas5/a[0] 
  g316/A                                        +0     947   
  g316/Y          NAND2X1        1  1.5   30   +31     978 R 
  drc_bufs319/A                                 +0     978   
  drc_bufs319/Y   BUFX2          1  2.0    8   +34    1012 R 
  g315/B                                        +0    1012   
  g315/Y          NAND2X1        1  1.5   21   +14    1025 F 
  drc_bufs320/A                                 +0    1025   
  drc_bufs320/Y   BUFX2          1  1.9    4   +35    1060 F 
  g314/C                                        +0    1060   
  g314/Y          OAI21X1        1  2.4   41   +17    1077 R 
  g313/C                                        +0    1077   
  g313/Y          AOI21X1        1  1.5   15   +19    1096 F 
  drc_bufs321/A                                 +0    1096   
  drc_bufs321/Y   BUFX2          1  1.5    2   +33    1129 F 
  g312/A                                        +0    1129   
  g312/Y          INVX1          1  2.0    0    -3    1126 R 
  g311/C                                        +0    1126   
  g311/Y          OAI21X1        2  4.5   10   +14    1141 F 
  g310/B                                        +0    1141   
  g310/Y          NAND2X1        1  1.5   32   +10    1151 R 
  drc_bufs/A                                    +0    1151   
  drc_bufs/Y      BUFX2          1  2.3    9   +35    1185 R 
  g308/B                                        +0    1185   
  g308/Y          AND2X1         8 32.8  179  +137    1322 R 
  g307/S                                        +0    1322   
  g307/Y          MUX2X1         1  1.6   38   +61    1383 R 
  g306/A                                        +0    1383   
  g306/Y          INVX1          1 10.0   33   +39    1422 F 
cas5/a_new[0] 
b_new[0]          out port                      +0    1422 F 
-------------------------------------------------------------
Timing slack :  UNCONSTRAINED
Start-point  : a[1]
End-point    : b_new[0]

path   6:

     Pin           Type     Fanout Load Slew Delay Arrival   
                                   (fF) (ps)  (ps)   (ps)    
-------------------------------------------------------------
a[1]              in port        4  9.7   20    +0       0 F 
cas1/a[1] 
  g316/A                                        +0       0   
  g316/Y          NAND2X1        1  1.5   31   +27      27 R 
  drc_bufs319/A                                 +0      27   
  drc_bufs319/Y   BUFX2          1  2.0    8   +34      61 R 
  g315/B                                        +0      61   
  g315/Y          NAND2X1        1  1.5   21   +14      75 F 
  drc_bufs320/A                                 +0      75   
  drc_bufs320/Y   BUFX2          1  1.9    4   +35     110 F 
  g314/C                                        +0     110   
  g314/Y          OAI21X1        1  2.4   42   +17     126 R 
  g313/C                                        +0     126   
  g313/Y          AOI21X1        1  1.5   16   +20     146 F 
  drc_bufs321/A                                 +0     146   
  drc_bufs321/Y   BUFX2          1  1.5    2   +33     179 F 
  g312/A                                        +0     179   
  g312/Y          INVX1          1  2.0    0    -3     176 R 
  g311/C                                        +0     176   
  g311/Y          OAI21X1        2  4.5   11   +14     191 F 
  g310/B                                        +0     191   
  g310/Y          NAND2X1        1  1.5   32   +10     201 R 
  drc_bufs/A                                    +0     201   
  drc_bufs/Y      BUFX2          1  2.3    9   +35     236 R 
  g308/B                                        +0     236   
  g308/Y          AND2X1         8 32.8  179  +137     373 R 
  g307/S                                        +0     373   
  g307/Y          MUX2X1         1  1.6   38   +61     433 R 
  g306/A                                        +0     433   
  g306/Y          INVX1          4  9.7   32   +39     472 F 
cas1/a_new[0] 
cas3/a[0] 
  g316/A                                        +0     472   
  g316/Y          NAND2X1        1  1.5   30   +31     503 R 
  drc_bufs319/A                                 +0     503   
  drc_bufs319/Y   BUFX2          1  2.0    8   +34     537 R 
  g315/B                                        +0     537   
  g315/Y          NAND2X1        1  1.5   21   +14     550 F 
  drc_bufs320/A                                 +0     550   
  drc_bufs320/Y   BUFX2          1  1.9    4   +35     585 F 
  g314/C                                        +0     585   
  g314/Y          OAI21X1        1  2.4   41   +17     602 R 
  g313/C                                        +0     602   
  g313/Y          AOI21X1        1  1.5   15   +19     621 F 
  drc_bufs321/A                                 +0     621   
  drc_bufs321/Y   BUFX2          1  1.5    2   +33     654 F 
  g312/A                                        +0     654   
  g312/Y          INVX1          1  2.0    0    -3     652 R 
  g311/C                                        +0     652   
  g311/Y          OAI21X1        2  4.5   10   +14     666 F 
  g310/B                                        +0     666   
  g310/Y          NAND2X1        1  1.5   32   +10     676 R 
  drc_bufs/A                                    +0     676   
  drc_bufs/Y      BUFX2          1  2.3    9   +35     711 R 
  g308/B                                        +0     711   
  g308/Y          AND2X1         8 32.8  179  +137     847 R 
  g303/S                                        +0     847   
  g303/Y          MUX2X1         1  1.6   38   +61     908 R 
  g302/A                                        +0     908   
  g302/Y          INVX1          4  9.7   32   +39     947 F 
cas3/b_new[0] 
cas5/a[0] 
  g316/A                                        +0     947   
  g316/Y          NAND2X1        1  1.5   30   +31     978 R 
  drc_bufs319/A                                 +0     978   
  drc_bufs319/Y   BUFX2          1  2.0    8   +34    1012 R 
  g315/B                                        +0    1012   
  g315/Y          NAND2X1        1  1.5   21   +14    1025 F 
  drc_bufs320/A                                 +0    1025   
  drc_bufs320/Y   BUFX2          1  1.9    4   +35    1060 F 
  g314/C                                        +0    1060   
  g314/Y          OAI21X1        1  2.4   41   +17    1077 R 
  g313/C                                        +0    1077   
  g313/Y          AOI21X1        1  1.5   15   +19    1096 F 
  drc_bufs321/A                                 +0    1096   
  drc_bufs321/Y   BUFX2          1  1.5    2   +33    1129 F 
  g312/A                                        +0    1129   
  g312/Y          INVX1          1  2.0    0    -3    1126 R 
  g311/C                                        +0    1126   
  g311/Y          OAI21X1        2  4.5   10   +14    1141 F 
  g310/B                                        +0    1141   
  g310/Y          NAND2X1        1  1.5   32   +10    1151 R 
  drc_bufs/A                                    +0    1151   
  drc_bufs/Y      BUFX2          1  2.3    9   +35    1185 R 
  g308/B                                        +0    1185   
  g308/Y          AND2X1         8 32.8  179  +137    1322 R 
  g305/S                                        +0    1322   
  g305/Y          MUX2X1         1  1.6   38   +61    1383 R 
  g304/A                                        +0    1383   
  g304/Y          INVX1          1 10.0   33   +39    1422 F 
cas5/a_new[1] 
b_new[1]          out port                      +0    1422 F 
-------------------------------------------------------------
Timing slack :  UNCONSTRAINED
Start-point  : a[1]
End-point    : b_new[1]

path   7:

     Pin           Type     Fanout Load Slew Delay Arrival   
                                   (fF) (ps)  (ps)   (ps)    
-------------------------------------------------------------
a[1]              in port        4  9.7   20    +0       0 F 
cas1/a[1] 
  g316/A                                        +0       0   
  g316/Y          NAND2X1        1  1.5   31   +27      27 R 
  drc_bufs319/A                                 +0      27   
  drc_bufs319/Y   BUFX2          1  2.0    8   +34      61 R 
  g315/B                                        +0      61   
  g315/Y          NAND2X1        1  1.5   21   +14      75 F 
  drc_bufs320/A                                 +0      75   
  drc_bufs320/Y   BUFX2          1  1.9    4   +35     110 F 
  g314/C                                        +0     110   
  g314/Y          OAI21X1        1  2.4   42   +17     126 R 
  g313/C                                        +0     126   
  g313/Y          AOI21X1        1  1.5   16   +20     146 F 
  drc_bufs321/A                                 +0     146   
  drc_bufs321/Y   BUFX2          1  1.5    2   +33     179 F 
  g312/A                                        +0     179   
  g312/Y          INVX1          1  2.0    0    -3     176 R 
  g311/C                                        +0     176   
  g311/Y          OAI21X1        2  4.5   11   +14     191 F 
  g310/B                                        +0     191   
  g310/Y          NAND2X1        1  1.5   32   +10     201 R 
  drc_bufs/A                                    +0     201   
  drc_bufs/Y      BUFX2          1  2.3    9   +35     236 R 
  g308/B                                        +0     236   
  g308/Y          AND2X1         8 32.8  179  +137     373 R 
  g307/S                                        +0     373   
  g307/Y          MUX2X1         1  1.6   38   +61     433 R 
  g306/A                                        +0     433   
  g306/Y          INVX1          4  9.7   32   +39     472 F 
cas1/a_new[0] 
cas3/a[0] 
  g316/A                                        +0     472   
  g316/Y          NAND2X1        1  1.5   30   +31     503 R 
  drc_bufs319/A                                 +0     503   
  drc_bufs319/Y   BUFX2          1  2.0    8   +34     537 R 
  g315/B                                        +0     537   
  g315/Y          NAND2X1        1  1.5   21   +14     550 F 
  drc_bufs320/A                                 +0     550   
  drc_bufs320/Y   BUFX2          1  1.9    4   +35     585 F 
  g314/C                                        +0     585   
  g314/Y          OAI21X1        1  2.4   41   +17     602 R 
  g313/C                                        +0     602   
  g313/Y          AOI21X1        1  1.5   15   +19     621 F 
  drc_bufs321/A                                 +0     621   
  drc_bufs321/Y   BUFX2          1  1.5    2   +33     654 F 
  g312/A                                        +0     654   
  g312/Y          INVX1          1  2.0    0    -3     652 R 
  g311/C                                        +0     652   
  g311/Y          OAI21X1        2  4.5   10   +14     666 F 
  g310/B                                        +0     666   
  g310/Y          NAND2X1        1  1.5   32   +10     676 R 
  drc_bufs/A                                    +0     676   
  drc_bufs/Y      BUFX2          1  2.3    9   +35     711 R 
  g308/B                                        +0     711   
  g308/Y          AND2X1         8 32.8  179  +137     847 R 
  g303/S                                        +0     847   
  g303/Y          MUX2X1         1  1.6   38   +61     908 R 
  g302/A                                        +0     908   
  g302/Y          INVX1          4  9.7   32   +39     947 F 
cas3/b_new[0] 
cas5/a[0] 
  g316/A                                        +0     947   
  g316/Y          NAND2X1        1  1.5   30   +31     978 R 
  drc_bufs319/A                                 +0     978   
  drc_bufs319/Y   BUFX2          1  2.0    8   +34    1012 R 
  g315/B                                        +0    1012   
  g315/Y          NAND2X1        1  1.5   21   +14    1025 F 
  drc_bufs320/A                                 +0    1025   
  drc_bufs320/Y   BUFX2          1  1.9    4   +35    1060 F 
  g314/C                                        +0    1060   
  g314/Y          OAI21X1        1  2.4   41   +17    1077 R 
  g313/C                                        +0    1077   
  g313/Y          AOI21X1        1  1.5   15   +19    1096 F 
  drc_bufs321/A                                 +0    1096   
  drc_bufs321/Y   BUFX2          1  1.5    2   +33    1129 F 
  g312/A                                        +0    1129   
  g312/Y          INVX1          1  2.0    0    -3    1126 R 
  g311/C                                        +0    1126   
  g311/Y          OAI21X1        2  4.5   10   +14    1141 F 
  g310/B                                        +0    1141   
  g310/Y          NAND2X1        1  1.5   32   +10    1151 R 
  drc_bufs/A                                    +0    1151   
  drc_bufs/Y      BUFX2          1  2.3    9   +35    1185 R 
  g308/B                                        +0    1185   
  g308/Y          AND2X1         8 32.8  179  +137    1322 R 
  g295/S                                        +0    1322   
  g295/Y          MUX2X1         1  1.6   38   +61    1383 R 
  g294/A                                        +0    1383   
  g294/Y          INVX1          1 10.0   33   +39    1422 F 
cas5/a_new[2] 
b_new[2]          out port                      +0    1422 F 
-------------------------------------------------------------
Timing slack :  UNCONSTRAINED
Start-point  : a[1]
End-point    : b_new[2]

path   8:

     Pin           Type     Fanout Load Slew Delay Arrival   
                                   (fF) (ps)  (ps)   (ps)    
-------------------------------------------------------------
a[1]              in port        4  9.7   20    +0       0 F 
cas1/a[1] 
  g316/A                                        +0       0   
  g316/Y          NAND2X1        1  1.5   31   +27      27 R 
  drc_bufs319/A                                 +0      27   
  drc_bufs319/Y   BUFX2          1  2.0    8   +34      61 R 
  g315/B                                        +0      61   
  g315/Y          NAND2X1        1  1.5   21   +14      75 F 
  drc_bufs320/A                                 +0      75   
  drc_bufs320/Y   BUFX2          1  1.9    4   +35     110 F 
  g314/C                                        +0     110   
  g314/Y          OAI21X1        1  2.4   42   +17     126 R 
  g313/C                                        +0     126   
  g313/Y          AOI21X1        1  1.5   16   +20     146 F 
  drc_bufs321/A                                 +0     146   
  drc_bufs321/Y   BUFX2          1  1.5    2   +33     179 F 
  g312/A                                        +0     179   
  g312/Y          INVX1          1  2.0    0    -3     176 R 
  g311/C                                        +0     176   
  g311/Y          OAI21X1        2  4.5   11   +14     191 F 
  g310/B                                        +0     191   
  g310/Y          NAND2X1        1  1.5   32   +10     201 R 
  drc_bufs/A                                    +0     201   
  drc_bufs/Y      BUFX2          1  2.3    9   +35     236 R 
  g308/B                                        +0     236   
  g308/Y          AND2X1         8 32.8  179  +137     373 R 
  g307/S                                        +0     373   
  g307/Y          MUX2X1         1  1.6   38   +61     433 R 
  g306/A                                        +0     433   
  g306/Y          INVX1          4  9.7   32   +39     472 F 
cas1/a_new[0] 
cas3/a[0] 
  g316/A                                        +0     472   
  g316/Y          NAND2X1        1  1.5   30   +31     503 R 
  drc_bufs319/A                                 +0     503   
  drc_bufs319/Y   BUFX2          1  2.0    8   +34     537 R 
  g315/B                                        +0     537   
  g315/Y          NAND2X1        1  1.5   21   +14     550 F 
  drc_bufs320/A                                 +0     550   
  drc_bufs320/Y   BUFX2          1  1.9    4   +35     585 F 
  g314/C                                        +0     585   
  g314/Y          OAI21X1        1  2.4   41   +17     602 R 
  g313/C                                        +0     602   
  g313/Y          AOI21X1        1  1.5   15   +19     621 F 
  drc_bufs321/A                                 +0     621   
  drc_bufs321/Y   BUFX2          1  1.5    2   +33     654 F 
  g312/A                                        +0     654   
  g312/Y          INVX1          1  2.0    0    -3     652 R 
  g311/C                                        +0     652   
  g311/Y          OAI21X1        2  4.5   10   +14     666 F 
  g310/B                                        +0     666   
  g310/Y          NAND2X1        1  1.5   32   +10     676 R 
  drc_bufs/A                                    +0     676   
  drc_bufs/Y      BUFX2          1  2.3    9   +35     711 R 
  g308/B                                        +0     711   
  g308/Y          AND2X1         8 32.8  179  +137     847 R 
  g303/S                                        +0     847   
  g303/Y          MUX2X1         1  1.6   38   +61     908 R 
  g302/A                                        +0     908   
  g302/Y          INVX1          4  9.7   32   +39     947 F 
cas3/b_new[0] 
cas5/a[0] 
  g316/A                                        +0     947   
  g316/Y          NAND2X1        1  1.5   30   +31     978 R 
  drc_bufs319/A                                 +0     978   
  drc_bufs319/Y   BUFX2          1  2.0    8   +34    1012 R 
  g315/B                                        +0    1012   
  g315/Y          NAND2X1        1  1.5   21   +14    1025 F 
  drc_bufs320/A                                 +0    1025   
  drc_bufs320/Y   BUFX2          1  1.9    4   +35    1060 F 
  g314/C                                        +0    1060   
  g314/Y          OAI21X1        1  2.4   41   +17    1077 R 
  g313/C                                        +0    1077   
  g313/Y          AOI21X1        1  1.5   15   +19    1096 F 
  drc_bufs321/A                                 +0    1096   
  drc_bufs321/Y   BUFX2          1  1.5    2   +33    1129 F 
  g312/A                                        +0    1129   
  g312/Y          INVX1          1  2.0    0    -3    1126 R 
  g311/C                                        +0    1126   
  g311/Y          OAI21X1        2  4.5   10   +14    1141 F 
  g310/B                                        +0    1141   
  g310/Y          NAND2X1        1  1.5   32   +10    1151 R 
  drc_bufs/A                                    +0    1151   
  drc_bufs/Y      BUFX2          1  2.3    9   +35    1185 R 
  g308/B                                        +0    1185   
  g308/Y          AND2X1         8 32.8  179  +137    1322 R 
  g293/S                                        +0    1322   
  g293/Y          MUX2X1         1  1.6   38   +61    1383 R 
  g292/A                                        +0    1383   
  g292/Y          INVX1          1 10.0   33   +39    1422 F 
cas5/a_new[3] 
b_new[3]          out port                      +0    1422 F 
-------------------------------------------------------------
Timing slack :  UNCONSTRAINED
Start-point  : a[1]
End-point    : b_new[3]

path   9:

     Pin           Type     Fanout Load Slew Delay Arrival   
                                   (fF) (ps)  (ps)   (ps)    
-------------------------------------------------------------
a[1]              in port        4  9.7   20    +0       0 F 
cas1/a[1] 
  g316/A                                        +0       0   
  g316/Y          NAND2X1        1  1.5   31   +27      27 R 
  drc_bufs319/A                                 +0      27   
  drc_bufs319/Y   BUFX2          1  2.0    8   +34      61 R 
  g315/B                                        +0      61   
  g315/Y          NAND2X1        1  1.5   21   +14      75 F 
  drc_bufs320/A                                 +0      75   
  drc_bufs320/Y   BUFX2          1  1.9    4   +35     110 F 
  g314/C                                        +0     110   
  g314/Y          OAI21X1        1  2.4   42   +17     126 R 
  g313/C                                        +0     126   
  g313/Y          AOI21X1        1  1.5   16   +20     146 F 
  drc_bufs321/A                                 +0     146   
  drc_bufs321/Y   BUFX2          1  1.5    2   +33     179 F 
  g312/A                                        +0     179   
  g312/Y          INVX1          1  2.0    0    -3     176 R 
  g311/C                                        +0     176   
  g311/Y          OAI21X1        2  4.5   11   +14     191 F 
  g310/B                                        +0     191   
  g310/Y          NAND2X1        1  1.5   32   +10     201 R 
  drc_bufs/A                                    +0     201   
  drc_bufs/Y      BUFX2          1  2.3    9   +35     236 R 
  g308/B                                        +0     236   
  g308/Y          AND2X1         8 32.8  179  +137     373 R 
  g303/S                                        +0     373   
  g303/Y          MUX2X1         1  1.6   38   +61     433 R 
  g302/A                                        +0     433   
  g302/Y          INVX1          4  9.7   32   +39     472 F 
cas1/b_new[0] 
cas4/a[0] 
  g316/A                                        +0     472   
  g316/Y          NAND2X1        1  1.5   30   +31     503 R 
  drc_bufs319/A                                 +0     503   
  drc_bufs319/Y   BUFX2          1  2.0    8   +34     537 R 
  g315/B                                        +0     537   
  g315/Y          NAND2X1        1  1.5   21   +14     550 F 
  drc_bufs320/A                                 +0     550   
  drc_bufs320/Y   BUFX2          1  1.9    4   +35     585 F 
  g314/C                                        +0     585   
  g314/Y          OAI21X1        1  2.4   41   +17     602 R 
  g313/C                                        +0     602   
  g313/Y          AOI21X1        1  1.5   15   +19     621 F 
  drc_bufs321/A                                 +0     621   
  drc_bufs321/Y   BUFX2          1  1.5    2   +33     654 F 
  g312/A                                        +0     654   
  g312/Y          INVX1          1  2.0    0    -3     652 R 
  g311/C                                        +0     652   
  g311/Y          OAI21X1        2  4.5   10   +14     666 F 
  g310/B                                        +0     666   
  g310/Y          NAND2X1        1  1.5   32   +10     676 R 
  drc_bufs/A                                    +0     676   
  drc_bufs/Y      BUFX2          1  2.3    9   +35     711 R 
  g308/B                                        +0     711   
  g308/Y          AND2X1         8 32.8  179  +137     847 R 
  g303/S                                        +0     847   
  g303/Y          MUX2X1         1  1.6   38   +61     908 R 
  g302/A                                        +0     908   
  g302/Y          INVX1          1 10.0   33   +39     947 F 
cas4/b_new[0] 
d_new[0]          out port                      +0     947 F 
-------------------------------------------------------------
Timing slack :  UNCONSTRAINED
Start-point  : a[1]
End-point    : d_new[0]

path  10:

     Pin           Type     Fanout Load Slew Delay Arrival   
                                   (fF) (ps)  (ps)   (ps)    
-------------------------------------------------------------
a[1]              in port        4  9.7   20    +0       0 F 
cas1/a[1] 
  g316/A                                        +0       0   
  g316/Y          NAND2X1        1  1.5   31   +27      27 R 
  drc_bufs319/A                                 +0      27   
  drc_bufs319/Y   BUFX2          1  2.0    8   +34      61 R 
  g315/B                                        +0      61   
  g315/Y          NAND2X1        1  1.5   21   +14      75 F 
  drc_bufs320/A                                 +0      75   
  drc_bufs320/Y   BUFX2          1  1.9    4   +35     110 F 
  g314/C                                        +0     110   
  g314/Y          OAI21X1        1  2.4   42   +17     126 R 
  g313/C                                        +0     126   
  g313/Y          AOI21X1        1  1.5   16   +20     146 F 
  drc_bufs321/A                                 +0     146   
  drc_bufs321/Y   BUFX2          1  1.5    2   +33     179 F 
  g312/A                                        +0     179   
  g312/Y          INVX1          1  2.0    0    -3     176 R 
  g311/C                                        +0     176   
  g311/Y          OAI21X1        2  4.5   11   +14     191 F 
  g310/B                                        +0     191   
  g310/Y          NAND2X1        1  1.5   32   +10     201 R 
  drc_bufs/A                                    +0     201   
  drc_bufs/Y      BUFX2          1  2.3    9   +35     236 R 
  g308/B                                        +0     236   
  g308/Y          AND2X1         8 32.8  179  +137     373 R 
  g303/S                                        +0     373   
  g303/Y          MUX2X1         1  1.6   38   +61     433 R 
  g302/A                                        +0     433   
  g302/Y          INVX1          4  9.7   32   +39     472 F 
cas1/b_new[0] 
cas4/a[0] 
  g316/A                                        +0     472   
  g316/Y          NAND2X1        1  1.5   30   +31     503 R 
  drc_bufs319/A                                 +0     503   
  drc_bufs319/Y   BUFX2          1  2.0    8   +34     537 R 
  g315/B                                        +0     537   
  g315/Y          NAND2X1        1  1.5   21   +14     550 F 
  drc_bufs320/A                                 +0     550   
  drc_bufs320/Y   BUFX2          1  1.9    4   +35     585 F 
  g314/C                                        +0     585   
  g314/Y          OAI21X1        1  2.4   41   +17     602 R 
  g313/C                                        +0     602   
  g313/Y          AOI21X1        1  1.5   15   +19     621 F 
  drc_bufs321/A                                 +0     621   
  drc_bufs321/Y   BUFX2          1  1.5    2   +33     654 F 
  g312/A                                        +0     654   
  g312/Y          INVX1          1  2.0    0    -3     652 R 
  g311/C                                        +0     652   
  g311/Y          OAI21X1        2  4.5   10   +14     666 F 
  g310/B                                        +0     666   
  g310/Y          NAND2X1        1  1.5   32   +10     676 R 
  drc_bufs/A                                    +0     676   
  drc_bufs/Y      BUFX2          1  2.3    9   +35     711 R 
  g308/B                                        +0     711   
  g308/Y          AND2X1         8 32.8  179  +137     847 R 
  g301/S                                        +0     847   
  g301/Y          MUX2X1         1  1.6   38   +61     908 R 
  g300/A                                        +0     908   
  g300/Y          INVX1          1 10.0   33   +39     947 F 
cas4/b_new[1] 
d_new[1]          out port                      +0     947 F 
-------------------------------------------------------------
Timing slack :  UNCONSTRAINED
Start-point  : a[1]
End-point    : d_new[1]
