============================================================
  Generated by:           Encounter(R) RTL Compiler RC14.28 - v14.20-s067_1
  Generated on:           Mar 21 2019  02:21:58 am
  Module:                 dsc_mul
  Technology library:     gscl45nm 
  Operating conditions:   typical (balanced_tree)
  Wireload mode:          enclosed
  Area mode:              timing library
============================================================


-------------------------------------------------------
TCF summary for top design
-------------------------------------------------------
Asserted Primary inputs in design         : 0 (0.00%)
Total connected primary inputs in design  : 35 (100.00%)
-------------------------------------------------------
Asserted sequential outputs               : 0 (0.00%)
Total connected sequential outputs        : 69 (100.00%)
-------------------------------------------------------
Total nets in design                      : 1672 (100.00%)
Nets asserted                             : 0 (0.00%)
Nets computed                             : 1141 (68.24%)
Default nets                              : 157 (9.39%)
Clock nets with no assertions             : 19 (1.14%)
Constant nets                             : 281 (16.81%)
Nets with no assertions                   : 1672 (100.00%)
-------------------------------------------------------
