============================================================
  Generated by:           Encounter(R) RTL Compiler RC14.28 - v14.20-s067_1
  Generated on:           Mar 22 2019  07:43:00 pm
  Module:                 dsc_mul
  Technology library:     gscl45nm 
  Operating conditions:   typical (balanced_tree)
  Wireload mode:          enclosed
  Area mode:              timing library
============================================================

                             
  Gate   Instances    Area     Library   
-----------------------------------------
AND2X1           7    16.425    gscl45nm 
AOI21X1         12    33.790    gscl45nm 
BUFX2           61   143.136    gscl45nm 
DFFSR           52   536.879    gscl45nm 
HAX1            62   290.966    gscl45nm 
INVX1           97   136.566    gscl45nm 
MUX2X1          47   176.457    gscl45nm 
OAI21X1          8    22.526    gscl45nm 
OR2X1            1     2.346    gscl45nm 
XOR2X1           6    28.158    gscl45nm 
-----------------------------------------
total          353  1387.251             


                                     
   Type    Instances   Area   Area % 
-------------------------------------
sequential        52  536.879   38.7 
inverter          97  136.566    9.8 
buffer            61  143.136   10.3 
logic            143  570.669   41.1 
-------------------------------------
total            353 1387.251  100.0 

