============================================================
  Generated by:           Encounter(R) RTL Compiler RC14.28 - v14.20-s067_1
  Generated on:           Mar 22 2019  02:18:13 am
  Module:                 dsc_mul
  Technology library:     gscl45nm 
  Operating conditions:   typical (balanced_tree)
  Wireload mode:          enclosed
  Area mode:              timing library
============================================================


-------------------------------------------------------
TCF summary for top design
-------------------------------------------------------
Asserted Primary inputs in design         : 0 (0.00%)
Total connected primary inputs in design  : 33 (100.00%)
-------------------------------------------------------
Asserted sequential outputs               : 0 (0.00%)
Total connected sequential outputs        : 64 (100.00%)
-------------------------------------------------------
Total nets in design                      : 1557 (100.00%)
Nets asserted                             : 0 (0.00%)
Nets computed                             : 1072 (68.85%)
Default nets                              : 143 (9.18%)
Clock nets with no assertions             : 14 (0.90%)
Constant nets                             : 260 (16.70%)
Nets with no assertions                   : 1557 (100.00%)
-------------------------------------------------------
