============================================================
  Generated by:           Encounter(R) RTL Compiler RC14.28 - v14.20-s067_1
  Generated on:           Mar 22 2019  02:18:19 am
  Module:                 dsc_mul
  Technology library:     gscl45nm 
  Operating conditions:   typical (balanced_tree)
  Wireload mode:          enclosed
  Area mode:              timing library
============================================================

path   1:

      Pin             Type       Fanout Load Slew Delay Arrival   
                                        (fF) (ps)  (ps)   (ps)    
------------------------------------------------------------------
(clock clk)         launch                                    0 R 
stoch2bin_out
  out_reg[0]/CLK                                0             0 R 
  out_reg[0]/Q      DFFSR             1  1.5   10  +115     115 F 
  drc_bufs263/A                                      +0     115   
  drc_bufs263/Y     BUFX2             3 19.1   25   +50     165 F 
  inc_add_36_16_2/A[0] 
    g231/A                                           +0     165   
    g231/YC         HAX1              1  3.4   20   +55     220 F 
    g230/B                                           +0     220   
    g230/YC         HAX1              1  3.4   20   +50     271 F 
    g229/B                                           +0     271   
    g229/YC         HAX1              1  3.4   20   +50     321 F 
    g228/B                                           +0     321   
    g228/YC         HAX1              1  3.4   20   +50     371 F 
    g227/B                                           +0     371   
    g227/YC         HAX1              1  3.4   20   +50     421 F 
    g226/B                                           +0     421   
    g226/YC         HAX1              1  3.4   20   +50     472 F 
    g225/B                                           +0     472   
    g225/YC         HAX1              1  3.4   20   +50     522 F 
    g224/B                                           +0     522   
    g224/YC         HAX1              1  3.4   20   +50     572 F 
    g223/B                                           +0     572   
    g223/YC         HAX1              1  3.4   20   +50     622 F 
    g222/B                                           +0     622   
    g222/YC         HAX1              1  3.4   20   +50     672 F 
    g221/B                                           +0     672   
    g221/YC         HAX1              1  3.4   20   +50     722 F 
    g220/B                                           +0     722   
    g220/YC         HAX1              1  3.4   20   +50     773 F 
    g219/B                                           +0     773   
    g219/YC         HAX1              1  3.4   20   +50     823 F 
    g218/B                                           +0     823   
    g218/YC         HAX1              1  3.4   20   +50     873 F 
    g217/B                                           +0     873   
    g217/YC         HAX1              1  3.4   20   +50     923 F 
    g216/B                                           +0     923   
    g216/YC         HAX1              1  3.4   20   +50     974 F 
    g215/B                                           +0     974   
    g215/YC         HAX1              1  3.4   20   +50    1024 F 
    g214/B                                           +0    1024   
    g214/YC         HAX1              1  3.4   20   +50    1074 F 
    g213/B                                           +0    1074   
    g213/YC         HAX1              1  3.4   20   +50    1124 F 
    g212/B                                           +0    1124   
    g212/YC         HAX1              1  3.4   20   +50    1174 F 
    g211/B                                           +0    1174   
    g211/YC         HAX1              1  3.4   20   +50    1224 F 
    g210/B                                           +0    1224   
    g210/YC         HAX1              1  3.4   20   +50    1275 F 
    g209/B                                           +0    1275   
    g209/YC         HAX1              1  3.4   20   +50    1325 F 
    g208/B                                           +0    1325   
    g208/YC         HAX1              1  3.4   20   +50    1375 F 
    g207/B                                           +0    1375   
    g207/YC         HAX1              1  3.4   20   +50    1425 F 
    g206/B                                           +0    1425   
    g206/YC         HAX1              1  3.4   20   +50    1476 F 
    g205/B                                           +0    1476   
    g205/YC         HAX1              1  3.4   20   +50    1526 F 
    g204/B                                           +0    1526   
    g204/YC         HAX1              1  5.0   24   +54    1579 F 
    g203/A                                           +0    1579   
    g203/Y          XOR2X1            1  2.8   45   +36    1616 R 
  inc_add_36_16_2/Z[29] 
  g103/A                                             +0    1616   
  g103/Y            MUX2X1            1  1.5   96   +28    1644 F 
  g88/A                                              +0    1644   
  g88/Y             INVX1             1  2.0    0   +31    1675 R 
  out_reg[29]/D     DFFSR                            +0    1675   
  out_reg[29]/CLK   setup                       0   +70    1745 R 
- - - - - - - - - - - - - - - - - - - - - - - - - - - - - - - - - 
(clock clk)         capture                                5000 R 
                    uncertainty                     -50    4950 R 
------------------------------------------------------------------
Cost Group   : 'clk' (path_group 'clk')
Timing slack :    3205ps 
Start-point  : stoch2bin_out/out_reg[0]/CLK
End-point    : stoch2bin_out/out_reg[29]/D

path   2:

      Pin             Type       Fanout Load Slew Delay Arrival   
                                        (fF) (ps)  (ps)   (ps)    
------------------------------------------------------------------
(clock clk)         launch                                    0 R 
stoch2bin_out
  out_reg[0]/CLK                                0             0 R 
  out_reg[0]/Q      DFFSR             1  1.5   10  +115     115 F 
  drc_bufs263/A                                      +0     115   
  drc_bufs263/Y     BUFX2             3 19.1   25   +50     165 F 
  inc_add_36_16_2/A[0] 
    g231/A                                           +0     165   
    g231/YC         HAX1              1  3.4   20   +55     220 F 
    g230/B                                           +0     220   
    g230/YC         HAX1              1  3.4   20   +50     271 F 
    g229/B                                           +0     271   
    g229/YC         HAX1              1  3.4   20   +50     321 F 
    g228/B                                           +0     321   
    g228/YC         HAX1              1  3.4   20   +50     371 F 
    g227/B                                           +0     371   
    g227/YC         HAX1              1  3.4   20   +50     421 F 
    g226/B                                           +0     421   
    g226/YC         HAX1              1  3.4   20   +50     472 F 
    g225/B                                           +0     472   
    g225/YC         HAX1              1  3.4   20   +50     522 F 
    g224/B                                           +0     522   
    g224/YC         HAX1              1  3.4   20   +50     572 F 
    g223/B                                           +0     572   
    g223/YC         HAX1              1  3.4   20   +50     622 F 
    g222/B                                           +0     622   
    g222/YC         HAX1              1  3.4   20   +50     672 F 
    g221/B                                           +0     672   
    g221/YC         HAX1              1  3.4   20   +50     722 F 
    g220/B                                           +0     722   
    g220/YC         HAX1              1  3.4   20   +50     773 F 
    g219/B                                           +0     773   
    g219/YC         HAX1              1  3.4   20   +50     823 F 
    g218/B                                           +0     823   
    g218/YC         HAX1              1  3.4   20   +50     873 F 
    g217/B                                           +0     873   
    g217/YC         HAX1              1  3.4   20   +50     923 F 
    g216/B                                           +0     923   
    g216/YC         HAX1              1  3.4   20   +50     974 F 
    g215/B                                           +0     974   
    g215/YC         HAX1              1  3.4   20   +50    1024 F 
    g214/B                                           +0    1024   
    g214/YC         HAX1              1  3.4   20   +50    1074 F 
    g213/B                                           +0    1074   
    g213/YC         HAX1              1  3.4   20   +50    1124 F 
    g212/B                                           +0    1124   
    g212/YC         HAX1              1  3.4   20   +50    1174 F 
    g211/B                                           +0    1174   
    g211/YC         HAX1              1  3.4   20   +50    1224 F 
    g210/B                                           +0    1224   
    g210/YC         HAX1              1  3.4   20   +50    1275 F 
    g209/B                                           +0    1275   
    g209/YC         HAX1              1  3.4   20   +50    1325 F 
    g208/B                                           +0    1325   
    g208/YC         HAX1              1  3.4   20   +50    1375 F 
    g207/B                                           +0    1375   
    g207/YC         HAX1              1  3.4   20   +50    1425 F 
    g206/B                                           +0    1425   
    g206/YC         HAX1              1  3.4   20   +50    1476 F 
    g205/B                                           +0    1476   
    g205/YC         HAX1              1  3.4   20   +50    1526 F 
    g204/B                                           +0    1526   
    g204/YS         HAX1              1  2.8   18   +51    1577 R 
  inc_add_36_16_2/Z[28] 
  g102/A                                             +0    1577   
  g102/Y            MUX2X1            1  1.5   96   +22    1599 F 
  g87/A                                              +0    1599   
  g87/Y             INVX1             1  2.0    0   +31    1630 R 
  out_reg[28]/D     DFFSR                            +0    1630   
  out_reg[28]/CLK   setup                       0   +70    1700 R 
- - - - - - - - - - - - - - - - - - - - - - - - - - - - - - - - - 
(clock clk)         capture                                5000 R 
                    uncertainty                     -50    4950 R 
------------------------------------------------------------------
Cost Group   : 'clk' (path_group 'clk')
Timing slack :    3250ps 
Start-point  : stoch2bin_out/out_reg[0]/CLK
End-point    : stoch2bin_out/out_reg[28]/D

path   3:

      Pin             Type       Fanout Load Slew Delay Arrival   
                                        (fF) (ps)  (ps)   (ps)    
------------------------------------------------------------------
(clock clk)         launch                                    0 R 
stoch2bin_out
  out_reg[0]/CLK                                0             0 R 
  out_reg[0]/Q      DFFSR             1  1.5   10  +115     115 F 
  drc_bufs263/A                                      +0     115   
  drc_bufs263/Y     BUFX2             3 19.1   25   +50     165 F 
  inc_add_36_16_2/A[0] 
    g231/A                                           +0     165   
    g231/YC         HAX1              1  3.4   20   +55     220 F 
    g230/B                                           +0     220   
    g230/YC         HAX1              1  3.4   20   +50     271 F 
    g229/B                                           +0     271   
    g229/YC         HAX1              1  3.4   20   +50     321 F 
    g228/B                                           +0     321   
    g228/YC         HAX1              1  3.4   20   +50     371 F 
    g227/B                                           +0     371   
    g227/YC         HAX1              1  3.4   20   +50     421 F 
    g226/B                                           +0     421   
    g226/YC         HAX1              1  3.4   20   +50     472 F 
    g225/B                                           +0     472   
    g225/YC         HAX1              1  3.4   20   +50     522 F 
    g224/B                                           +0     522   
    g224/YC         HAX1              1  3.4   20   +50     572 F 
    g223/B                                           +0     572   
    g223/YC         HAX1              1  3.4   20   +50     622 F 
    g222/B                                           +0     622   
    g222/YC         HAX1              1  3.4   20   +50     672 F 
    g221/B                                           +0     672   
    g221/YC         HAX1              1  3.4   20   +50     722 F 
    g220/B                                           +0     722   
    g220/YC         HAX1              1  3.4   20   +50     773 F 
    g219/B                                           +0     773   
    g219/YC         HAX1              1  3.4   20   +50     823 F 
    g218/B                                           +0     823   
    g218/YC         HAX1              1  3.4   20   +50     873 F 
    g217/B                                           +0     873   
    g217/YC         HAX1              1  3.4   20   +50     923 F 
    g216/B                                           +0     923   
    g216/YC         HAX1              1  3.4   20   +50     974 F 
    g215/B                                           +0     974   
    g215/YC         HAX1              1  3.4   20   +50    1024 F 
    g214/B                                           +0    1024   
    g214/YC         HAX1              1  3.4   20   +50    1074 F 
    g213/B                                           +0    1074   
    g213/YC         HAX1              1  3.4   20   +50    1124 F 
    g212/B                                           +0    1124   
    g212/YC         HAX1              1  3.4   20   +50    1174 F 
    g211/B                                           +0    1174   
    g211/YC         HAX1              1  3.4   20   +50    1224 F 
    g210/B                                           +0    1224   
    g210/YC         HAX1              1  3.4   20   +50    1275 F 
    g209/B                                           +0    1275   
    g209/YC         HAX1              1  3.4   20   +50    1325 F 
    g208/B                                           +0    1325   
    g208/YC         HAX1              1  3.4   20   +50    1375 F 
    g207/B                                           +0    1375   
    g207/YC         HAX1              1  3.4   20   +50    1425 F 
    g206/B                                           +0    1425   
    g206/YC         HAX1              1  3.4   20   +50    1476 F 
    g205/B                                           +0    1476   
    g205/YS         HAX1              1  2.8   18   +51    1526 R 
  inc_add_36_16_2/Z[27] 
  g100/A                                             +0    1526   
  g100/Y            MUX2X1            1  1.5   96   +22    1549 F 
  g85/A                                              +0    1549   
  g85/Y             INVX1             1  2.0    0   +31    1579 R 
  out_reg[27]/D     DFFSR                            +0    1579   
  out_reg[27]/CLK   setup                       0   +70    1650 R 
- - - - - - - - - - - - - - - - - - - - - - - - - - - - - - - - - 
(clock clk)         capture                                5000 R 
                    uncertainty                     -50    4950 R 
------------------------------------------------------------------
Cost Group   : 'clk' (path_group 'clk')
Timing slack :    3300ps 
Start-point  : stoch2bin_out/out_reg[0]/CLK
End-point    : stoch2bin_out/out_reg[27]/D

path   4:

      Pin             Type       Fanout Load Slew Delay Arrival   
                                        (fF) (ps)  (ps)   (ps)    
------------------------------------------------------------------
(clock clk)         launch                                    0 R 
stoch2bin_out
  out_reg[0]/CLK                                0             0 R 
  out_reg[0]/Q      DFFSR             1  1.5   10  +115     115 F 
  drc_bufs263/A                                      +0     115   
  drc_bufs263/Y     BUFX2             3 19.1   25   +50     165 F 
  inc_add_36_16_2/A[0] 
    g231/A                                           +0     165   
    g231/YC         HAX1              1  3.4   20   +55     220 F 
    g230/B                                           +0     220   
    g230/YC         HAX1              1  3.4   20   +50     271 F 
    g229/B                                           +0     271   
    g229/YC         HAX1              1  3.4   20   +50     321 F 
    g228/B                                           +0     321   
    g228/YC         HAX1              1  3.4   20   +50     371 F 
    g227/B                                           +0     371   
    g227/YC         HAX1              1  3.4   20   +50     421 F 
    g226/B                                           +0     421   
    g226/YC         HAX1              1  3.4   20   +50     472 F 
    g225/B                                           +0     472   
    g225/YC         HAX1              1  3.4   20   +50     522 F 
    g224/B                                           +0     522   
    g224/YC         HAX1              1  3.4   20   +50     572 F 
    g223/B                                           +0     572   
    g223/YC         HAX1              1  3.4   20   +50     622 F 
    g222/B                                           +0     622   
    g222/YC         HAX1              1  3.4   20   +50     672 F 
    g221/B                                           +0     672   
    g221/YC         HAX1              1  3.4   20   +50     722 F 
    g220/B                                           +0     722   
    g220/YC         HAX1              1  3.4   20   +50     773 F 
    g219/B                                           +0     773   
    g219/YC         HAX1              1  3.4   20   +50     823 F 
    g218/B                                           +0     823   
    g218/YC         HAX1              1  3.4   20   +50     873 F 
    g217/B                                           +0     873   
    g217/YC         HAX1              1  3.4   20   +50     923 F 
    g216/B                                           +0     923   
    g216/YC         HAX1              1  3.4   20   +50     974 F 
    g215/B                                           +0     974   
    g215/YC         HAX1              1  3.4   20   +50    1024 F 
    g214/B                                           +0    1024   
    g214/YC         HAX1              1  3.4   20   +50    1074 F 
    g213/B                                           +0    1074   
    g213/YC         HAX1              1  3.4   20   +50    1124 F 
    g212/B                                           +0    1124   
    g212/YC         HAX1              1  3.4   20   +50    1174 F 
    g211/B                                           +0    1174   
    g211/YC         HAX1              1  3.4   20   +50    1224 F 
    g210/B                                           +0    1224   
    g210/YC         HAX1              1  3.4   20   +50    1275 F 
    g209/B                                           +0    1275   
    g209/YC         HAX1              1  3.4   20   +50    1325 F 
    g208/B                                           +0    1325   
    g208/YC         HAX1              1  3.4   20   +50    1375 F 
    g207/B                                           +0    1375   
    g207/YC         HAX1              1  3.4   20   +50    1425 F 
    g206/B                                           +0    1425   
    g206/YS         HAX1              1  2.8   18   +51    1476 R 
  inc_add_36_16_2/Z[26] 
  g99/A                                              +0    1476   
  g99/Y             MUX2X1            1  1.5   96   +22    1498 F 
  g84/A                                              +0    1498   
  g84/Y             INVX1             1  2.0    0   +31    1529 R 
  out_reg[26]/D     DFFSR                            +0    1529   
  out_reg[26]/CLK   setup                       0   +70    1600 R 
- - - - - - - - - - - - - - - - - - - - - - - - - - - - - - - - - 
(clock clk)         capture                                5000 R 
                    uncertainty                     -50    4950 R 
------------------------------------------------------------------
Cost Group   : 'clk' (path_group 'clk')
Timing slack :    3350ps 
Start-point  : stoch2bin_out/out_reg[0]/CLK
End-point    : stoch2bin_out/out_reg[26]/D

path   5:

      Pin             Type       Fanout Load Slew Delay Arrival   
                                        (fF) (ps)  (ps)   (ps)    
------------------------------------------------------------------
(clock clk)         launch                                    0 R 
stoch2bin_out
  out_reg[0]/CLK                                0             0 R 
  out_reg[0]/Q      DFFSR             1  1.5   10  +115     115 F 
  drc_bufs263/A                                      +0     115   
  drc_bufs263/Y     BUFX2             3 19.1   25   +50     165 F 
  inc_add_36_16_2/A[0] 
    g231/A                                           +0     165   
    g231/YC         HAX1              1  3.4   20   +55     220 F 
    g230/B                                           +0     220   
    g230/YC         HAX1              1  3.4   20   +50     271 F 
    g229/B                                           +0     271   
    g229/YC         HAX1              1  3.4   20   +50     321 F 
    g228/B                                           +0     321   
    g228/YC         HAX1              1  3.4   20   +50     371 F 
    g227/B                                           +0     371   
    g227/YC         HAX1              1  3.4   20   +50     421 F 
    g226/B                                           +0     421   
    g226/YC         HAX1              1  3.4   20   +50     472 F 
    g225/B                                           +0     472   
    g225/YC         HAX1              1  3.4   20   +50     522 F 
    g224/B                                           +0     522   
    g224/YC         HAX1              1  3.4   20   +50     572 F 
    g223/B                                           +0     572   
    g223/YC         HAX1              1  3.4   20   +50     622 F 
    g222/B                                           +0     622   
    g222/YC         HAX1              1  3.4   20   +50     672 F 
    g221/B                                           +0     672   
    g221/YC         HAX1              1  3.4   20   +50     722 F 
    g220/B                                           +0     722   
    g220/YC         HAX1              1  3.4   20   +50     773 F 
    g219/B                                           +0     773   
    g219/YC         HAX1              1  3.4   20   +50     823 F 
    g218/B                                           +0     823   
    g218/YC         HAX1              1  3.4   20   +50     873 F 
    g217/B                                           +0     873   
    g217/YC         HAX1              1  3.4   20   +50     923 F 
    g216/B                                           +0     923   
    g216/YC         HAX1              1  3.4   20   +50     974 F 
    g215/B                                           +0     974   
    g215/YC         HAX1              1  3.4   20   +50    1024 F 
    g214/B                                           +0    1024   
    g214/YC         HAX1              1  3.4   20   +50    1074 F 
    g213/B                                           +0    1074   
    g213/YC         HAX1              1  3.4   20   +50    1124 F 
    g212/B                                           +0    1124   
    g212/YC         HAX1              1  3.4   20   +50    1174 F 
    g211/B                                           +0    1174   
    g211/YC         HAX1              1  3.4   20   +50    1224 F 
    g210/B                                           +0    1224   
    g210/YC         HAX1              1  3.4   20   +50    1275 F 
    g209/B                                           +0    1275   
    g209/YC         HAX1              1  3.4   20   +50    1325 F 
    g208/B                                           +0    1325   
    g208/YC         HAX1              1  3.4   20   +50    1375 F 
    g207/B                                           +0    1375   
    g207/YS         HAX1              1  2.8   18   +51    1426 R 
  inc_add_36_16_2/Z[25] 
  g98/A                                              +0    1426   
  g98/Y             MUX2X1            1  1.5   96   +22    1448 F 
  g83/A                                              +0    1448   
  g83/Y             INVX1             1  2.0    0   +31    1479 R 
  out_reg[25]/D     DFFSR                            +0    1479   
  out_reg[25]/CLK   setup                       0   +70    1549 R 
- - - - - - - - - - - - - - - - - - - - - - - - - - - - - - - - - 
(clock clk)         capture                                5000 R 
                    uncertainty                     -50    4950 R 
------------------------------------------------------------------
Cost Group   : 'clk' (path_group 'clk')
Timing slack :    3401ps 
Start-point  : stoch2bin_out/out_reg[0]/CLK
End-point    : stoch2bin_out/out_reg[25]/D

path   6:

      Pin             Type       Fanout Load Slew Delay Arrival   
                                        (fF) (ps)  (ps)   (ps)    
------------------------------------------------------------------
(clock clk)         launch                                    0 R 
stoch2bin_out
  out_reg[0]/CLK                                0             0 R 
  out_reg[0]/Q      DFFSR             1  1.5   10  +115     115 F 
  drc_bufs263/A                                      +0     115   
  drc_bufs263/Y     BUFX2             3 19.1   25   +50     165 F 
  inc_add_36_16_2/A[0] 
    g231/A                                           +0     165   
    g231/YC         HAX1              1  3.4   20   +55     220 F 
    g230/B                                           +0     220   
    g230/YC         HAX1              1  3.4   20   +50     271 F 
    g229/B                                           +0     271   
    g229/YC         HAX1              1  3.4   20   +50     321 F 
    g228/B                                           +0     321   
    g228/YC         HAX1              1  3.4   20   +50     371 F 
    g227/B                                           +0     371   
    g227/YC         HAX1              1  3.4   20   +50     421 F 
    g226/B                                           +0     421   
    g226/YC         HAX1              1  3.4   20   +50     472 F 
    g225/B                                           +0     472   
    g225/YC         HAX1              1  3.4   20   +50     522 F 
    g224/B                                           +0     522   
    g224/YC         HAX1              1  3.4   20   +50     572 F 
    g223/B                                           +0     572   
    g223/YC         HAX1              1  3.4   20   +50     622 F 
    g222/B                                           +0     622   
    g222/YC         HAX1              1  3.4   20   +50     672 F 
    g221/B                                           +0     672   
    g221/YC         HAX1              1  3.4   20   +50     722 F 
    g220/B                                           +0     722   
    g220/YC         HAX1              1  3.4   20   +50     773 F 
    g219/B                                           +0     773   
    g219/YC         HAX1              1  3.4   20   +50     823 F 
    g218/B                                           +0     823   
    g218/YC         HAX1              1  3.4   20   +50     873 F 
    g217/B                                           +0     873   
    g217/YC         HAX1              1  3.4   20   +50     923 F 
    g216/B                                           +0     923   
    g216/YC         HAX1              1  3.4   20   +50     974 F 
    g215/B                                           +0     974   
    g215/YC         HAX1              1  3.4   20   +50    1024 F 
    g214/B                                           +0    1024   
    g214/YC         HAX1              1  3.4   20   +50    1074 F 
    g213/B                                           +0    1074   
    g213/YC         HAX1              1  3.4   20   +50    1124 F 
    g212/B                                           +0    1124   
    g212/YC         HAX1              1  3.4   20   +50    1174 F 
    g211/B                                           +0    1174   
    g211/YC         HAX1              1  3.4   20   +50    1224 F 
    g210/B                                           +0    1224   
    g210/YC         HAX1              1  3.4   20   +50    1275 F 
    g209/B                                           +0    1275   
    g209/YC         HAX1              1  3.4   20   +50    1325 F 
    g208/B                                           +0    1325   
    g208/YS         HAX1              1  2.8   18   +51    1376 R 
  inc_add_36_16_2/Z[24] 
  g97/A                                              +0    1376   
  g97/Y             MUX2X1            1  1.5   96   +22    1398 F 
  g82/A                                              +0    1398   
  g82/Y             INVX1             1  2.0    0   +31    1429 R 
  out_reg[24]/D     DFFSR                            +0    1429   
  out_reg[24]/CLK   setup                       0   +70    1499 R 
- - - - - - - - - - - - - - - - - - - - - - - - - - - - - - - - - 
(clock clk)         capture                                5000 R 
                    uncertainty                     -50    4950 R 
------------------------------------------------------------------
Cost Group   : 'clk' (path_group 'clk')
Timing slack :    3451ps 
Start-point  : stoch2bin_out/out_reg[0]/CLK
End-point    : stoch2bin_out/out_reg[24]/D

path   7:

      Pin             Type       Fanout Load Slew Delay Arrival   
                                        (fF) (ps)  (ps)   (ps)    
------------------------------------------------------------------
(clock clk)         launch                                    0 R 
stoch2bin_out
  out_reg[0]/CLK                                0             0 R 
  out_reg[0]/Q      DFFSR             1  1.5   10  +115     115 F 
  drc_bufs263/A                                      +0     115   
  drc_bufs263/Y     BUFX2             3 19.1   25   +50     165 F 
  inc_add_36_16_2/A[0] 
    g231/A                                           +0     165   
    g231/YC         HAX1              1  3.4   20   +55     220 F 
    g230/B                                           +0     220   
    g230/YC         HAX1              1  3.4   20   +50     271 F 
    g229/B                                           +0     271   
    g229/YC         HAX1              1  3.4   20   +50     321 F 
    g228/B                                           +0     321   
    g228/YC         HAX1              1  3.4   20   +50     371 F 
    g227/B                                           +0     371   
    g227/YC         HAX1              1  3.4   20   +50     421 F 
    g226/B                                           +0     421   
    g226/YC         HAX1              1  3.4   20   +50     472 F 
    g225/B                                           +0     472   
    g225/YC         HAX1              1  3.4   20   +50     522 F 
    g224/B                                           +0     522   
    g224/YC         HAX1              1  3.4   20   +50     572 F 
    g223/B                                           +0     572   
    g223/YC         HAX1              1  3.4   20   +50     622 F 
    g222/B                                           +0     622   
    g222/YC         HAX1              1  3.4   20   +50     672 F 
    g221/B                                           +0     672   
    g221/YC         HAX1              1  3.4   20   +50     722 F 
    g220/B                                           +0     722   
    g220/YC         HAX1              1  3.4   20   +50     773 F 
    g219/B                                           +0     773   
    g219/YC         HAX1              1  3.4   20   +50     823 F 
    g218/B                                           +0     823   
    g218/YC         HAX1              1  3.4   20   +50     873 F 
    g217/B                                           +0     873   
    g217/YC         HAX1              1  3.4   20   +50     923 F 
    g216/B                                           +0     923   
    g216/YC         HAX1              1  3.4   20   +50     974 F 
    g215/B                                           +0     974   
    g215/YC         HAX1              1  3.4   20   +50    1024 F 
    g214/B                                           +0    1024   
    g214/YC         HAX1              1  3.4   20   +50    1074 F 
    g213/B                                           +0    1074   
    g213/YC         HAX1              1  3.4   20   +50    1124 F 
    g212/B                                           +0    1124   
    g212/YC         HAX1              1  3.4   20   +50    1174 F 
    g211/B                                           +0    1174   
    g211/YC         HAX1              1  3.4   20   +50    1224 F 
    g210/B                                           +0    1224   
    g210/YC         HAX1              1  3.4   20   +50    1275 F 
    g209/B                                           +0    1275   
    g209/YS         HAX1              1  2.8   18   +51    1326 R 
  inc_add_36_16_2/Z[23] 
  g139/A                                             +0    1326   
  g139/Y            MUX2X1            1  1.5   96   +22    1348 F 
  g125/A                                             +0    1348   
  g125/Y            INVX1             1  2.0    0   +31    1379 R 
  out_reg[23]/D     DFFSR                            +0    1379   
  out_reg[23]/CLK   setup                       0   +70    1449 R 
- - - - - - - - - - - - - - - - - - - - - - - - - - - - - - - - - 
(clock clk)         capture                                5000 R 
                    uncertainty                     -50    4950 R 
------------------------------------------------------------------
Cost Group   : 'clk' (path_group 'clk')
Timing slack :    3501ps 
Start-point  : stoch2bin_out/out_reg[0]/CLK
End-point    : stoch2bin_out/out_reg[23]/D

path   8:

      Pin             Type       Fanout Load Slew Delay Arrival   
                                        (fF) (ps)  (ps)   (ps)    
------------------------------------------------------------------
(clock clk)         launch                                    0 R 
stoch2bin_out
  out_reg[0]/CLK                                0             0 R 
  out_reg[0]/Q      DFFSR             1  1.5   10  +115     115 F 
  drc_bufs263/A                                      +0     115   
  drc_bufs263/Y     BUFX2             3 19.1   25   +50     165 F 
  inc_add_36_16_2/A[0] 
    g231/A                                           +0     165   
    g231/YC         HAX1              1  3.4   20   +55     220 F 
    g230/B                                           +0     220   
    g230/YC         HAX1              1  3.4   20   +50     271 F 
    g229/B                                           +0     271   
    g229/YC         HAX1              1  3.4   20   +50     321 F 
    g228/B                                           +0     321   
    g228/YC         HAX1              1  3.4   20   +50     371 F 
    g227/B                                           +0     371   
    g227/YC         HAX1              1  3.4   20   +50     421 F 
    g226/B                                           +0     421   
    g226/YC         HAX1              1  3.4   20   +50     472 F 
    g225/B                                           +0     472   
    g225/YC         HAX1              1  3.4   20   +50     522 F 
    g224/B                                           +0     522   
    g224/YC         HAX1              1  3.4   20   +50     572 F 
    g223/B                                           +0     572   
    g223/YC         HAX1              1  3.4   20   +50     622 F 
    g222/B                                           +0     622   
    g222/YC         HAX1              1  3.4   20   +50     672 F 
    g221/B                                           +0     672   
    g221/YC         HAX1              1  3.4   20   +50     722 F 
    g220/B                                           +0     722   
    g220/YC         HAX1              1  3.4   20   +50     773 F 
    g219/B                                           +0     773   
    g219/YC         HAX1              1  3.4   20   +50     823 F 
    g218/B                                           +0     823   
    g218/YC         HAX1              1  3.4   20   +50     873 F 
    g217/B                                           +0     873   
    g217/YC         HAX1              1  3.4   20   +50     923 F 
    g216/B                                           +0     923   
    g216/YC         HAX1              1  3.4   20   +50     974 F 
    g215/B                                           +0     974   
    g215/YC         HAX1              1  3.4   20   +50    1024 F 
    g214/B                                           +0    1024   
    g214/YC         HAX1              1  3.4   20   +50    1074 F 
    g213/B                                           +0    1074   
    g213/YC         HAX1              1  3.4   20   +50    1124 F 
    g212/B                                           +0    1124   
    g212/YC         HAX1              1  3.4   20   +50    1174 F 
    g211/B                                           +0    1174   
    g211/YC         HAX1              1  3.4   20   +50    1224 F 
    g210/B                                           +0    1224   
    g210/YS         HAX1              1  2.8   18   +51    1275 R 
  inc_add_36_16_2/Z[22] 
  g138/A                                             +0    1275   
  g138/Y            MUX2X1            1  1.5   96   +22    1298 F 
  g124/A                                             +0    1298   
  g124/Y            INVX1             1  2.0    0   +31    1328 R 
  out_reg[22]/D     DFFSR                            +0    1328   
  out_reg[22]/CLK   setup                       0   +70    1399 R 
- - - - - - - - - - - - - - - - - - - - - - - - - - - - - - - - - 
(clock clk)         capture                                5000 R 
                    uncertainty                     -50    4950 R 
------------------------------------------------------------------
Cost Group   : 'clk' (path_group 'clk')
Timing slack :    3551ps 
Start-point  : stoch2bin_out/out_reg[0]/CLK
End-point    : stoch2bin_out/out_reg[22]/D

path   9:

       Pin             Type       Fanout  Load Slew Delay Arrival   
                                          (fF) (ps)  (ps)   (ps)    
--------------------------------------------------------------------
(clock clk_int2)     launch                                     0 R 
prg_c
  ctr4
    out_reg[1]/CLK                                0             0 R 
    out_reg[1]/Q     DFFSR             1   1.5   10  +109     109 R 
    drc_bufs500/A                                      +0     109   
    drc_bufs500/Y    BUFX2             4  11.5   28   +47     156 R 
  ctr4/out[1] 
  comp10/b[1] 
    comp1/b 
      g28/A                                            +0     156   
      g28/Y          INVX1             1   3.4   14   +23     179 F 
      g27/B                                            +0     179   
      g27/YS         HAX1              1   2.7   18   +50     229 R 
    comp1/equal 
    g256/B                                             +0     229   
    g256/Y           AOI21X1           1   1.5   15   +25     254 F 
    drc_bufs264/A                                      +0     254   
    drc_bufs264/Y    BUFX2             1   1.5    2   +33     287 F 
    g255/A                                             +0     287   
    g255/Y           INVX1             1   2.7    0    -0     286 R 
    g254/B                                             +0     286   
    g254/Y           AOI21X1           1   1.5   16   +21     307 F 
    drc_bufs262/A                                      +0     307   
    drc_bufs262/Y    BUFX2             1   2.6    3   +34     341 F 
    g253/B                                             +0     341   
    g253/Y           OAI21X1           1   2.7   44   +40     381 R 
    g252/B                                             +0     381   
    g252/Y           AOI21X1           1   1.5   15   +31     412 F 
    drc_bufs263/A                                      +0     412   
    drc_bufs263/Y    BUFX2             1   2.6    3   +34     446 F 
    g251/B                                             +0     446   
    g251/Y           OAI21X1           1   2.7   44   +40     486 R 
    g250/B                                             +0     486   
    g250/Y           AOI21X1           1   1.5   15   +31     517 F 
    drc_bufs261/A                                      +0     517   
    drc_bufs261/Y    BUFX2             1   2.6    3   +34     551 F 
    g249/B                                             +0     551   
    g249/Y           OAI21X1           1   2.7   44   +40     591 R 
    g248/B                                             +0     591   
    g248/Y           AOI21X1           1   1.5   15   +31     622 F 
    drc_bufs/A                                         +0     622   
    drc_bufs/Y       BUFX2             1   2.6    3   +34     656 F 
    g247/B                                             +0     656   
    g247/Y           OAI21X1           1   2.3   43   +38     695 R 
  comp10/a_gt_b 
prg_c/sn_out 
g21/B                                                  +0     695   
g21/Y                AND2X1            1   2.3   30   +40     735 R 
g20/B                                                  +0     735   
g20/Y                AND2X1           30 124.3  614  +418    1153 R 
stoch2bin_out/en 
  g137/S                                               +0    1153   
  g137/Y             MUX2X1            1   1.5   96  +134    1287 F 
  g123/A                                               +0    1287   
  g123/Y             INVX1             1   2.0    0   +31    1318 R 
  out_reg[21]/D      DFFSR                             +0    1318   
  out_reg[21]/CLK    setup                        0   +70    1388 R 
- - - - - - - - - - - - - - - - - - - - - - - - - - - - - - - - - - 
(clock clk)          capture                                 5000 R 
                     uncertainty                      -50    4950 R 
--------------------------------------------------------------------
Cost Group   : 'clk' (path_group 'clk')
Timing slack :    3562ps 
Start-point  : prg_c/ctr4/out_reg[1]/CLK
End-point    : stoch2bin_out/out_reg[21]/D

path  10:

       Pin             Type       Fanout  Load Slew Delay Arrival   
                                          (fF) (ps)  (ps)   (ps)    
--------------------------------------------------------------------
(clock clk_int2)     launch                                     0 R 
prg_c
  ctr4
    out_reg[1]/CLK                                0             0 R 
    out_reg[1]/Q     DFFSR             1   1.5   10  +109     109 R 
    drc_bufs500/A                                      +0     109   
    drc_bufs500/Y    BUFX2             4  11.5   28   +47     156 R 
  ctr4/out[1] 
  comp10/b[1] 
    comp1/b 
      g28/A                                            +0     156   
      g28/Y          INVX1             1   3.4   14   +23     179 F 
      g27/B                                            +0     179   
      g27/YS         HAX1              1   2.7   18   +50     229 R 
    comp1/equal 
    g256/B                                             +0     229   
    g256/Y           AOI21X1           1   1.5   15   +25     254 F 
    drc_bufs264/A                                      +0     254   
    drc_bufs264/Y    BUFX2             1   1.5    2   +33     287 F 
    g255/A                                             +0     287   
    g255/Y           INVX1             1   2.7    0    -0     286 R 
    g254/B                                             +0     286   
    g254/Y           AOI21X1           1   1.5   16   +21     307 F 
    drc_bufs262/A                                      +0     307   
    drc_bufs262/Y    BUFX2             1   2.6    3   +34     341 F 
    g253/B                                             +0     341   
    g253/Y           OAI21X1           1   2.7   44   +40     381 R 
    g252/B                                             +0     381   
    g252/Y           AOI21X1           1   1.5   15   +31     412 F 
    drc_bufs263/A                                      +0     412   
    drc_bufs263/Y    BUFX2             1   2.6    3   +34     446 F 
    g251/B                                             +0     446   
    g251/Y           OAI21X1           1   2.7   44   +40     486 R 
    g250/B                                             +0     486   
    g250/Y           AOI21X1           1   1.5   15   +31     517 F 
    drc_bufs261/A                                      +0     517   
    drc_bufs261/Y    BUFX2             1   2.6    3   +34     551 F 
    g249/B                                             +0     551   
    g249/Y           OAI21X1           1   2.7   44   +40     591 R 
    g248/B                                             +0     591   
    g248/Y           AOI21X1           1   1.5   15   +31     622 F 
    drc_bufs/A                                         +0     622   
    drc_bufs/Y       BUFX2             1   2.6    3   +34     656 F 
    g247/B                                             +0     656   
    g247/Y           OAI21X1           1   2.3   43   +38     695 R 
  comp10/a_gt_b 
prg_c/sn_out 
g21/B                                                  +0     695   
g21/Y                AND2X1            1   2.3   30   +40     735 R 
g20/B                                                  +0     735   
g20/Y                AND2X1           30 124.3  614  +418    1153 R 
stoch2bin_out/en 
  g136/S                                               +0    1153   
  g136/Y             MUX2X1            1   1.5   96  +134    1287 F 
  g122/A                                               +0    1287   
  g122/Y             INVX1             1   2.0    0   +31    1318 R 
  out_reg[20]/D      DFFSR                             +0    1318   
  out_reg[20]/CLK    setup                        0   +70    1388 R 
- - - - - - - - - - - - - - - - - - - - - - - - - - - - - - - - - - 
(clock clk)          capture                                 5000 R 
                     uncertainty                      -50    4950 R 
--------------------------------------------------------------------
Cost Group   : 'clk' (path_group 'clk')
Timing slack :    3562ps 
Start-point  : prg_c/ctr4/out_reg[1]/CLK
End-point    : stoch2bin_out/out_reg[20]/D
