============================================================
  Generated by:           Encounter(R) RTL Compiler RC14.28 - v14.20-s067_1
  Generated on:           Dec 05 2018  10:31:05 pm
  Module:                 dsc_mul
  Technology library:     gscl45nm 
  Operating conditions:   typical (balanced_tree)
  Wireload mode:          enclosed
  Area mode:              timing library
============================================================


-------------------------------------------------------
TCF summary for top design
-------------------------------------------------------
Asserted Primary inputs in design         : 11 (100.00%)
Total connected primary inputs in design  : 11 (100.00%)
-------------------------------------------------------
Asserted sequential outputs               : 19 (100.00%)
Total connected sequential outputs        : 19 (100.00%)
-------------------------------------------------------
Total nets in design                      : 659 (100.00%)
Nets asserted                             : 319 (48.41%)
Nets computed                             : 233 (35.36%)
Default nets                              : 0 (0.00%)
Clock nets with no assertions             : 0 (0.00%)
Constant nets                             : 82 (12.44%)
Nets with no assertions                   : 340 (51.59%)
-------------------------------------------------------
