============================================================
  Generated by:           Encounter(R) RTL Compiler RC14.28 - v14.20-s067_1
  Generated on:           Mar 27 2019  12:38:11 am
  Module:                 dsc_mul
  Technology library:     gscl45nm 
  Operating conditions:   typical (balanced_tree)
  Wireload mode:          enclosed
  Area mode:              timing library
============================================================

                           Leakage    Dynamic      Total    
      Instance      Cells Power(nW)  Power(nW)   Power(nW)  
------------------------------------------------------------
dsc_mul              1163 26367.587 1405287.596 1431655.183 
  stoch2bin_out       199  7825.555  385914.600  393740.156 
    inc_add_36_16_2    39  1852.615   23279.162   25131.777 
  prg_c               245  4645.381  244235.797  248881.177 
    prg_ab            238  4573.097  240523.158  245096.255 
      ctr4             66  2115.645  125184.975  127300.620 
      comp10_a         43   614.363   28397.539   29011.902 
        comp1           2    49.307    2160.111    2209.417 
        comp2           2    49.307    2148.018    2197.324 
        comp3           2    49.307    1839.769    1889.075 
        comp4           2    49.307    1928.834    1978.141 
        comp5           2    49.307    1769.580    1818.887 
        comp6           2    49.307    1825.753    1875.060 
        comp7           2    49.307    1630.204    1679.511 
        comp8           2    49.307    1901.393    1950.699 
        comp9           2    49.307    1685.616    1734.923 
        comp0           2    17.348     568.129     585.476 
      comp10_b         43   614.363   29489.640   30104.004 
        comp1           2    49.307    2176.695    2226.001 
        comp2           2    49.307    2223.873    2273.180 
        comp3           2    49.307    1949.530    1998.837 
        comp4           2    49.307    1923.593    1972.900 
        comp5           2    49.307    1830.776    1880.082 
        comp6           2    49.307    1791.812    1841.118 
        comp7           2    49.307    1622.529    1671.835 
        comp8           2    49.307    1903.285    1952.591 
        comp9           2    49.307    1641.257    1690.564 
        comp0           2    17.348     602.855     620.202 
      comp10_c         43   614.363   28591.598   29205.961 
        comp1           2    49.307    2144.359    2193.665 
        comp2           2    49.307    2256.226    2305.533 
        comp3           2    49.307    1933.923    1983.230 
        comp4           2    49.307    1945.025    1994.331 
        comp5           2    49.307    1734.605    1783.912 
        comp6           2    49.307    1818.116    1867.423 
        comp7           2    49.307    1607.529    1656.835 
        comp8           2    49.307    1878.523    1927.829 
        comp9           2    49.307    1641.259    1690.565 
        comp0           2    17.348     654.944     672.292 
      comp10_d         43   614.363   28859.405   29473.768 
        comp1           2    49.307    2144.357    2193.663 
        comp2           2    49.307    2203.652    2252.959 
        comp3           2    49.307    1811.083    1860.390 
        comp4           2    49.307    1938.356    1987.663 
        comp5           2    49.307    1747.723    1797.029 
        comp6           2    49.307    1810.570    1859.877 
        comp7           2    49.307    1613.984    1663.290 
        comp8           2    49.307    1942.353    1991.659 
        comp9           2    49.307    1648.757    1698.063 
        comp0           2    17.348     620.247     637.595 
  prg_d               243  4634.840  223474.902  228109.742 
    prg_ab            239  4592.851  221320.583  225913.434 
      ctr4             67  2135.399  110501.061  112636.459 
      comp10_a         43   614.363   28155.566   28769.929 
        comp1           2    49.307    2084.652    2133.958 
        comp2           2    49.307    2064.061    2113.368 
        comp3           2    49.307    1838.606    1887.912 
        comp4           2    49.307    1944.643    1993.950 
        comp5           2    49.307    1677.449    1726.756 
        comp6           2    49.307    1757.072    1806.378 
        comp7           2    49.307    1676.620    1725.927 
        comp8           2    49.307    1832.369    1881.676 
        comp9           2    49.307    1755.160    1804.466 
        comp0           2    17.348     630.888     648.236 
      comp10_b         43   614.363   27658.494   28272.857 
        comp1           2    49.307    1981.115    2030.421 
        comp2           2    49.307    2104.025    2153.331 
        comp3           2    49.307    1824.887    1874.193 
        comp4           2    49.307    1913.678    1962.984 
        comp5           2    49.307    1686.790    1736.096 
        comp6           2    49.307    1733.884    1783.190 
        comp7           2    49.307    1718.302    1767.608 
        comp8           2    49.307    1839.070    1888.377 
        comp9           2    49.307    1651.499    1700.806 
        comp0           2    17.348     584.372     601.719 
      comp10_c         43   614.363   27870.369   28484.732 
        comp1           2    49.307    2108.515    2157.821 
        comp2           2    49.307    2135.412    2184.719 
        comp3           2    49.307    1910.967    1960.274 
        comp4           2    49.307    1824.616    1873.922 
        comp5           2    49.307    1590.516    1639.823 
        comp6           2    49.307    1797.580    1846.886 
        comp7           2    49.307    1636.442    1685.749 
        comp8           2    49.307    1752.302    1801.609 
        comp9           2    49.307    1750.790    1800.096 
        comp0           2    17.348     578.557     595.905 
      comp10_d         43   614.363   27135.093   27749.456 
        comp1           2    49.307    2029.650    2078.957 
        comp2           2    49.307    2095.450    2144.757 
        comp3           2    49.307    1793.664    1842.970 
        comp4           2    49.307    1937.022    1986.328 
        comp5           2    49.307    1588.678    1637.984 
        comp6           2    49.307    1726.146    1775.453 
        comp7           2    49.307    1670.971    1720.277 
        comp8           2    49.307    1839.070    1888.377 
        comp9           2    49.307    1711.456    1760.762 
        comp0           2    17.348     601.844     619.192 
  prg_b               243  4626.532  241609.437  246235.969 
    prg_ab            238  4573.097  237688.383  242261.480 
      ctr4             66  2115.645  123709.948  125825.593 
      comp10_a         43   614.363   28437.251   29051.614 
        comp1           2    49.307    2077.215    2126.522 
        comp2           2    49.307    2049.190    2098.497 
        comp3           2    49.307    1761.737    1811.043 
        comp4           2    49.307    1882.228    1931.535 
        comp5           2    49.307    1759.123    1808.429 
        comp6           2    49.307    1857.641    1906.948 
        comp7           2    49.307    1700.153    1749.459 
        comp8           2    49.307    1763.334    1812.641 
        comp9           2    49.307    1716.377    1765.684 
        comp0           2    17.348     582.961     600.308 
      comp10_b         43   614.363   29338.218   29952.581 
        comp1           2    49.307    2004.786    2054.093 
        comp2           2    49.307    2138.137    2187.444 
        comp3           2    49.307    1879.056    1928.363 
        comp4           2    49.307    1883.170    1932.476 
        comp5           2    49.307    1819.682    1868.989 
        comp6           2    49.307    1865.454    1914.761 
        comp7           2    49.307    1697.470    1746.777 
        comp8           2    49.307    1739.027    1788.334 
        comp9           2    49.307    1717.613    1766.919 
        comp0           2    17.348     612.102     629.450 
      comp10_c         43   614.363   28329.268   28943.631 
        comp1           2    49.307    2052.527    2101.833 
        comp2           2    49.307    2096.250    2145.557 
        comp3           2    49.307    1859.097    1908.404 
        comp4           2    49.307    1922.245    1971.552 
        comp5           2    49.307    1747.278    1796.584 
        comp6           2    49.307    1857.173    1906.480 
        comp7           2    49.307    1653.736    1703.043 
        comp8           2    49.307    1788.109    1837.416 
        comp9           2    49.307    1666.389    1715.696 
        comp0           2    17.348     606.274     623.621 
      comp10_d         43   614.363   27873.698   28488.061 
        comp1           2    49.307    1996.684    2045.991 
        comp2           2    49.307    2103.850    2153.157 
        comp3           2    49.307    1747.379    1796.686 
        comp4           2    49.307    1945.127    1994.433 
        comp5           2    49.307    1759.123    1808.429 
        comp6           2    49.307    1902.280    1951.587 
        comp7           2    49.307    1676.429    1725.736 
        comp8           2    49.307    1802.465    1851.771 
        comp9           2    49.307    1701.390    1750.696 
        comp0           2    17.348     582.988     600.335 
  prg_a               227  4568.856  236608.715  241177.571 
    prg_ab            224  4527.626  235191.390  239719.016 
      ctr4             52  2070.173  121266.015  123336.188 
      comp10_a         43   614.363   28248.021   28862.384 
        comp1           2    49.307    2189.582    2238.888 
        comp2           2    49.307    2080.455    2129.761 
        comp3           2    49.307    1863.495    1912.802 
        comp4           2    49.307    1941.478    1990.784 
        comp5           2    49.307    1732.188    1781.495 
        comp6           2    49.307    1854.410    1903.717 
        comp7           2    49.307    1655.434    1704.740 
        comp8           2    49.307    1795.394    1844.701 
        comp9           2    49.307    1603.869    1653.176 
        comp0           2    17.348     645.762     663.109 
      comp10_b         43   614.363   29007.294   29621.657 
        comp1           2    49.307    2230.014    2279.320 
        comp2           2    49.307    2071.881    2121.187 
        comp3           2    49.307    1905.875    1955.182 
        comp4           2    49.307    1956.717    2006.024 
        comp5           2    49.307    1786.527    1835.834 
        comp6           2    49.307    1792.560    1841.866 
        comp7           2    49.307    1558.295    1607.602 
        comp8           2    49.307    1862.374    1911.681 
        comp9           2    49.307    1632.633    1681.939 
        comp0           2    17.348     634.213     651.561 
      comp10_c         43   614.363   28731.464   29345.827 
        comp1           2    49.307    2285.356    2334.663 
        comp2           2    49.307    2095.668    2144.974 
        comp3           2    49.307    1937.087    1986.394 
        comp4           2    49.307    1923.863    1973.169 
        comp5           2    49.307    1764.663    1813.970 
        comp6           2    49.307    1888.221    1937.527 
        comp7           2    49.307    1578.359    1627.665 
        comp8           2    49.307    1792.598    1841.904 
        comp9           2    49.307    1630.723    1680.030 
        comp0           2    17.348     657.310     674.658 
      comp10_d         43   614.363   27938.597   28552.960 
        comp1           2    49.307    2189.995    2239.301 
        comp2           2    49.307    2119.455    2168.761 
        comp3           2    49.307    1850.417    1899.723 
        comp4           2    49.307    1949.099    1998.405 
        comp5           2    49.307    1749.049    1798.356 
        comp6           2    49.307    1761.909    1811.216 
        comp7           2    49.307    1582.281    1631.587 
        comp8           2    49.307    1784.181    1833.487 
        comp9           2    49.307    1593.237    1642.543 
        comp0           2    17.348     668.891     686.239 

