============================================================
  Generated by:           Encounter(R) RTL Compiler RC14.28 - v14.20-s067_1
  Generated on:           Mar 23 2019  12:43:48 pm
  Module:                 cas3
  Technology library:     gscl45nm 
  Operating conditions:   typical (balanced_tree)
  Wireload mode:          enclosed
  Area mode:              timing library
============================================================

path   1:

     Pin           Type     Fanout Load Slew Delay Arrival   
                                   (fF) (ps)  (ps)   (ps)    
-------------------------------------------------------------
a[0]              in port        4  9.7   20    +0       0 R 
cas1/a[0] 
  g510/A                                        +0       0   
  g510/Y          NOR2X1         1  1.5    0   +15      15 F 
  drc_bufs514/A                                 +0      15   
  drc_bufs514/Y   BUFX2          1  2.6    0   +31      46 F 
  g504/B                                        +0      46   
  g504/Y          OAI21X1        2  5.1   55   +47      92 R 
  g503/B                                        +0      92   
  g503/Y          NOR2X1         1  1.5    1   +23     115 F 
  drc_bufs517/A                                 +0     115   
  drc_bufs517/Y   BUFX2          1  2.3    0   +31     146 F 
  g502/B                                        +0     146   
  g502/Y          NOR2X1         1  1.5   25   +24     170 R 
  drc_bufs516/A                                 +0     170   
  drc_bufs516/Y   BUFX2          1  2.4    8   +34     204 R 
  g501/C                                        +0     204   
  g501/Y          AOI21X1        1  1.5   15   +10     214 F 
  drc_bufs/A                                    +0     214   
  drc_bufs/Y      BUFX2          1  2.7    3   +34     248 F 
  g500/A                                        +0     248   
  g500/Y          AOI22X1        1  1.5   44   +43     291 R 
  drc_bufs519/A                                 +0     291   
  drc_bufs519/Y   BUFX2          1  2.3   11   +36     327 R 
  g499/A                                        +0     327   
  g499/Y          AND2X1         1  2.8   36   +32     359 R 
  g498/A                                        +0     359   
  g498/Y          AOI22X1        1  1.5   34   +37     396 F 
  drc_bufs520/A                                 +0     396   
  drc_bufs520/Y   BUFX2          1  1.9    6   +37     433 F 
  g497/C                                        +0     433   
  g497/Y          OAI21X1       12 49.2  261  +164     597 R 
  g483/S                                        +0     597   
  g483/Y          MUX2X1         1  1.5   25   +72     670 F 
  g477/A                                        +0     670   
  g477/Y          INVX1          4  9.8   17   +31     701 R 
cas1/b_new[0] 
cas2/a[0] 
  g510/A                                        +0     701   
  g510/Y          NOR2X1         1  1.5    0   +14     714 F 
  drc_bufs514/A                                 +0     714   
  drc_bufs514/Y   BUFX2          1  2.6    0   +31     746 F 
  g504/B                                        +0     746   
  g504/Y          OAI21X1        2  5.1   55   +47     792 R 
  g503/B                                        +0     792   
  g503/Y          NOR2X1         1  1.5    1   +23     815 F 
  drc_bufs517/A                                 +0     815   
  drc_bufs517/Y   BUFX2          1  2.3    0   +31     846 F 
  g502/B                                        +0     846   
  g502/Y          NOR2X1         1  1.5   25   +24     870 R 
  drc_bufs516/A                                 +0     870   
  drc_bufs516/Y   BUFX2          1  2.4    8   +34     904 R 
  g501/C                                        +0     904   
  g501/Y          AOI21X1        1  1.5   15   +10     914 F 
  drc_bufs/A                                    +0     914   
  drc_bufs/Y      BUFX2          1  2.7    3   +34     948 F 
  g500/A                                        +0     948   
  g500/Y          AOI22X1        1  1.5   44   +43     991 R 
  drc_bufs519/A                                 +0     991   
  drc_bufs519/Y   BUFX2          1  2.3   11   +36    1026 R 
  g499/A                                        +0    1026   
  g499/Y          AND2X1         1  2.8   36   +32    1059 R 
  g498/A                                        +0    1059   
  g498/Y          AOI22X1        1  1.5   34   +37    1095 F 
  drc_bufs520/A                                 +0    1095   
  drc_bufs520/Y   BUFX2          1  1.9    6   +37    1133 F 
  g497/C                                        +0    1133   
  g497/Y          OAI21X1       12 49.2  261  +164    1297 R 
  g491/S                                        +0    1297   
  g491/Y          MUX2X1         1  1.6   38   +71    1368 R 
  g485/A                                        +0    1368   
  g485/Y          INVX1          3  7.8   27   +35    1402 F 
cas2/a_new[1] 
cas3/b[1] 
  g504/B                                        +0    1402   
  g504/Y          OAI21X1        2  5.1   57   +53    1455 R 
  g503/B                                        +0    1455   
  g503/Y          NOR2X1         1  1.5    1   +23    1478 F 
  drc_bufs517/A                                 +0    1478   
  drc_bufs517/Y   BUFX2          1  2.3    0   +31    1510 F 
  g502/B                                        +0    1510   
  g502/Y          NOR2X1         1  1.5   25   +24    1534 R 
  drc_bufs516/A                                 +0    1534   
  drc_bufs516/Y   BUFX2          1  2.4    8   +34    1568 R 
  g501/C                                        +0    1568   
  g501/Y          AOI21X1        1  1.5   15   +10    1577 F 
  drc_bufs/A                                    +0    1577   
  drc_bufs/Y      BUFX2          1  2.7    3   +34    1611 F 
  g500/A                                        +0    1611   
  g500/Y          AOI22X1        1  1.5   44   +43    1654 R 
  drc_bufs519/A                                 +0    1654   
  drc_bufs519/Y   BUFX2          1  2.3   11   +36    1690 R 
  g499/A                                        +0    1690   
  g499/Y          AND2X1         1  2.8   36   +32    1722 R 
  g498/A                                        +0    1722   
  g498/Y          AOI22X1        1  1.5   34   +37    1759 F 
  drc_bufs521/A                                 +0    1759   
  drc_bufs521/Y   BUFX2          1  1.9    6   +37    1796 F 
  g497/C                                        +0    1796   
  g497/Y          OAI21X1       12 49.2  260  +164    1960 R 
  g492/S                                        +0    1960   
  g492/Y          MUX2X1         1  1.6   38   +71    2031 R 
  g486/A                                        +0    2031   
  g486/Y          INVX1          1 10.0   33   +39    2070 F 
cas3/a_new[0] 
a_new[0]          out port                      +0    2070 F 
-------------------------------------------------------------
Timing slack :  UNCONSTRAINED
Start-point  : a[0]
End-point    : a_new[0]

path   2:

     Pin           Type     Fanout Load Slew Delay Arrival   
                                   (fF) (ps)  (ps)   (ps)    
-------------------------------------------------------------
a[0]              in port        4  9.7   20    +0       0 R 
cas1/a[0] 
  g510/A                                        +0       0   
  g510/Y          NOR2X1         1  1.5    0   +15      15 F 
  drc_bufs514/A                                 +0      15   
  drc_bufs514/Y   BUFX2          1  2.6    0   +31      46 F 
  g504/B                                        +0      46   
  g504/Y          OAI21X1        2  5.1   55   +47      92 R 
  g503/B                                        +0      92   
  g503/Y          NOR2X1         1  1.5    1   +23     115 F 
  drc_bufs517/A                                 +0     115   
  drc_bufs517/Y   BUFX2          1  2.3    0   +31     146 F 
  g502/B                                        +0     146   
  g502/Y          NOR2X1         1  1.5   25   +24     170 R 
  drc_bufs516/A                                 +0     170   
  drc_bufs516/Y   BUFX2          1  2.4    8   +34     204 R 
  g501/C                                        +0     204   
  g501/Y          AOI21X1        1  1.5   15   +10     214 F 
  drc_bufs/A                                    +0     214   
  drc_bufs/Y      BUFX2          1  2.7    3   +34     248 F 
  g500/A                                        +0     248   
  g500/Y          AOI22X1        1  1.5   44   +43     291 R 
  drc_bufs519/A                                 +0     291   
  drc_bufs519/Y   BUFX2          1  2.3   11   +36     327 R 
  g499/A                                        +0     327   
  g499/Y          AND2X1         1  2.8   36   +32     359 R 
  g498/A                                        +0     359   
  g498/Y          AOI22X1        1  1.5   34   +37     396 F 
  drc_bufs520/A                                 +0     396   
  drc_bufs520/Y   BUFX2          1  1.9    6   +37     433 F 
  g497/C                                        +0     433   
  g497/Y          OAI21X1       12 49.2  261  +164     597 R 
  g483/S                                        +0     597   
  g483/Y          MUX2X1         1  1.5   25   +72     670 F 
  g477/A                                        +0     670   
  g477/Y          INVX1          4  9.8   17   +31     701 R 
cas1/b_new[0] 
cas2/a[0] 
  g510/A                                        +0     701   
  g510/Y          NOR2X1         1  1.5    0   +14     714 F 
  drc_bufs514/A                                 +0     714   
  drc_bufs514/Y   BUFX2          1  2.6    0   +31     746 F 
  g504/B                                        +0     746   
  g504/Y          OAI21X1        2  5.1   55   +47     792 R 
  g503/B                                        +0     792   
  g503/Y          NOR2X1         1  1.5    1   +23     815 F 
  drc_bufs517/A                                 +0     815   
  drc_bufs517/Y   BUFX2          1  2.3    0   +31     846 F 
  g502/B                                        +0     846   
  g502/Y          NOR2X1         1  1.5   25   +24     870 R 
  drc_bufs516/A                                 +0     870   
  drc_bufs516/Y   BUFX2          1  2.4    8   +34     904 R 
  g501/C                                        +0     904   
  g501/Y          AOI21X1        1  1.5   15   +10     914 F 
  drc_bufs/A                                    +0     914   
  drc_bufs/Y      BUFX2          1  2.7    3   +34     948 F 
  g500/A                                        +0     948   
  g500/Y          AOI22X1        1  1.5   44   +43     991 R 
  drc_bufs519/A                                 +0     991   
  drc_bufs519/Y   BUFX2          1  2.3   11   +36    1026 R 
  g499/A                                        +0    1026   
  g499/Y          AND2X1         1  2.8   36   +32    1059 R 
  g498/A                                        +0    1059   
  g498/Y          AOI22X1        1  1.5   34   +37    1095 F 
  drc_bufs520/A                                 +0    1095   
  drc_bufs520/Y   BUFX2          1  1.9    6   +37    1133 F 
  g497/C                                        +0    1133   
  g497/Y          OAI21X1       12 49.2  261  +164    1297 R 
  g491/S                                        +0    1297   
  g491/Y          MUX2X1         1  1.6   38   +71    1368 R 
  g485/A                                        +0    1368   
  g485/Y          INVX1          3  7.8   27   +35    1402 F 
cas2/a_new[1] 
cas3/b[1] 
  g504/B                                        +0    1402   
  g504/Y          OAI21X1        2  5.1   57   +53    1455 R 
  g503/B                                        +0    1455   
  g503/Y          NOR2X1         1  1.5    1   +23    1478 F 
  drc_bufs517/A                                 +0    1478   
  drc_bufs517/Y   BUFX2          1  2.3    0   +31    1510 F 
  g502/B                                        +0    1510   
  g502/Y          NOR2X1         1  1.5   25   +24    1534 R 
  drc_bufs516/A                                 +0    1534   
  drc_bufs516/Y   BUFX2          1  2.4    8   +34    1568 R 
  g501/C                                        +0    1568   
  g501/Y          AOI21X1        1  1.5   15   +10    1577 F 
  drc_bufs/A                                    +0    1577   
  drc_bufs/Y      BUFX2          1  2.7    3   +34    1611 F 
  g500/A                                        +0    1611   
  g500/Y          AOI22X1        1  1.5   44   +43    1654 R 
  drc_bufs519/A                                 +0    1654   
  drc_bufs519/Y   BUFX2          1  2.3   11   +36    1690 R 
  g499/A                                        +0    1690   
  g499/Y          AND2X1         1  2.8   36   +32    1722 R 
  g498/A                                        +0    1722   
  g498/Y          AOI22X1        1  1.5   34   +37    1759 F 
  drc_bufs521/A                                 +0    1759   
  drc_bufs521/Y   BUFX2          1  1.9    6   +37    1796 F 
  g497/C                                        +0    1796   
  g497/Y          OAI21X1       12 49.2  260  +164    1960 R 
  g483/S                                        +0    1960   
  g483/Y          MUX2X1         1  1.6   38   +71    2031 R 
  g477/A                                        +0    2031   
  g477/Y          INVX1          1 10.0   33   +39    2070 F 
cas3/b_new[0] 
b_new[0]          out port                      +0    2070 F 
-------------------------------------------------------------
Timing slack :  UNCONSTRAINED
Start-point  : a[0]
End-point    : b_new[0]

path   3:

     Pin           Type     Fanout Load Slew Delay Arrival   
                                   (fF) (ps)  (ps)   (ps)    
-------------------------------------------------------------
a[0]              in port        4  9.7   20    +0       0 R 
cas1/a[0] 
  g510/A                                        +0       0   
  g510/Y          NOR2X1         1  1.5    0   +15      15 F 
  drc_bufs514/A                                 +0      15   
  drc_bufs514/Y   BUFX2          1  2.6    0   +31      46 F 
  g504/B                                        +0      46   
  g504/Y          OAI21X1        2  5.1   55   +47      92 R 
  g503/B                                        +0      92   
  g503/Y          NOR2X1         1  1.5    1   +23     115 F 
  drc_bufs517/A                                 +0     115   
  drc_bufs517/Y   BUFX2          1  2.3    0   +31     146 F 
  g502/B                                        +0     146   
  g502/Y          NOR2X1         1  1.5   25   +24     170 R 
  drc_bufs516/A                                 +0     170   
  drc_bufs516/Y   BUFX2          1  2.4    8   +34     204 R 
  g501/C                                        +0     204   
  g501/Y          AOI21X1        1  1.5   15   +10     214 F 
  drc_bufs/A                                    +0     214   
  drc_bufs/Y      BUFX2          1  2.7    3   +34     248 F 
  g500/A                                        +0     248   
  g500/Y          AOI22X1        1  1.5   44   +43     291 R 
  drc_bufs519/A                                 +0     291   
  drc_bufs519/Y   BUFX2          1  2.3   11   +36     327 R 
  g499/A                                        +0     327   
  g499/Y          AND2X1         1  2.8   36   +32     359 R 
  g498/A                                        +0     359   
  g498/Y          AOI22X1        1  1.5   34   +37     396 F 
  drc_bufs520/A                                 +0     396   
  drc_bufs520/Y   BUFX2          1  1.9    6   +37     433 F 
  g497/C                                        +0     433   
  g497/Y          OAI21X1       12 49.2  261  +164     597 R 
  g483/S                                        +0     597   
  g483/Y          MUX2X1         1  1.5   25   +72     670 F 
  g477/A                                        +0     670   
  g477/Y          INVX1          4  9.8   17   +31     701 R 
cas1/b_new[0] 
cas2/a[0] 
  g510/A                                        +0     701   
  g510/Y          NOR2X1         1  1.5    0   +14     714 F 
  drc_bufs514/A                                 +0     714   
  drc_bufs514/Y   BUFX2          1  2.6    0   +31     746 F 
  g504/B                                        +0     746   
  g504/Y          OAI21X1        2  5.1   55   +47     792 R 
  g503/B                                        +0     792   
  g503/Y          NOR2X1         1  1.5    1   +23     815 F 
  drc_bufs517/A                                 +0     815   
  drc_bufs517/Y   BUFX2          1  2.3    0   +31     846 F 
  g502/B                                        +0     846   
  g502/Y          NOR2X1         1  1.5   25   +24     870 R 
  drc_bufs516/A                                 +0     870   
  drc_bufs516/Y   BUFX2          1  2.4    8   +34     904 R 
  g501/C                                        +0     904   
  g501/Y          AOI21X1        1  1.5   15   +10     914 F 
  drc_bufs/A                                    +0     914   
  drc_bufs/Y      BUFX2          1  2.7    3   +34     948 F 
  g500/A                                        +0     948   
  g500/Y          AOI22X1        1  1.5   44   +43     991 R 
  drc_bufs519/A                                 +0     991   
  drc_bufs519/Y   BUFX2          1  2.3   11   +36    1026 R 
  g499/A                                        +0    1026   
  g499/Y          AND2X1         1  2.8   36   +32    1059 R 
  g498/A                                        +0    1059   
  g498/Y          AOI22X1        1  1.5   34   +37    1095 F 
  drc_bufs520/A                                 +0    1095   
  drc_bufs520/Y   BUFX2          1  1.9    6   +37    1133 F 
  g497/C                                        +0    1133   
  g497/Y          OAI21X1       12 49.2  261  +164    1297 R 
  g491/S                                        +0    1297   
  g491/Y          MUX2X1         1  1.6   38   +71    1368 R 
  g485/A                                        +0    1368   
  g485/Y          INVX1          3  7.8   27   +35    1402 F 
cas2/a_new[1] 
cas3/b[1] 
  g504/B                                        +0    1402   
  g504/Y          OAI21X1        2  5.1   57   +53    1455 R 
  g503/B                                        +0    1455   
  g503/Y          NOR2X1         1  1.5    1   +23    1478 F 
  drc_bufs517/A                                 +0    1478   
  drc_bufs517/Y   BUFX2          1  2.3    0   +31    1510 F 
  g502/B                                        +0    1510   
  g502/Y          NOR2X1         1  1.5   25   +24    1534 R 
  drc_bufs516/A                                 +0    1534   
  drc_bufs516/Y   BUFX2          1  2.4    8   +34    1568 R 
  g501/C                                        +0    1568   
  g501/Y          AOI21X1        1  1.5   15   +10    1577 F 
  drc_bufs/A                                    +0    1577   
  drc_bufs/Y      BUFX2          1  2.7    3   +34    1611 F 
  g500/A                                        +0    1611   
  g500/Y          AOI22X1        1  1.5   44   +43    1654 R 
  drc_bufs519/A                                 +0    1654   
  drc_bufs519/Y   BUFX2          1  2.3   11   +36    1690 R 
  g499/A                                        +0    1690   
  g499/Y          AND2X1         1  2.8   36   +32    1722 R 
  g498/A                                        +0    1722   
  g498/Y          AOI22X1        1  1.5   34   +37    1759 F 
  drc_bufs521/A                                 +0    1759   
  drc_bufs521/Y   BUFX2          1  1.9    6   +37    1796 F 
  g497/C                                        +0    1796   
  g497/Y          OAI21X1       12 49.2  260  +164    1960 R 
  g482/S                                        +0    1960   
  g482/Y          MUX2X1         1  1.6   38   +71    2031 R 
  g476/A                                        +0    2031   
  g476/Y          INVX1          1 10.0   33   +39    2070 F 
cas3/b_new[1] 
b_new[1]          out port                      +0    2070 F 
-------------------------------------------------------------
Timing slack :  UNCONSTRAINED
Start-point  : a[0]
End-point    : b_new[1]

path   4:

     Pin           Type     Fanout Load Slew Delay Arrival   
                                   (fF) (ps)  (ps)   (ps)    
-------------------------------------------------------------
a[0]              in port        4  9.7   20    +0       0 R 
cas1/a[0] 
  g510/A                                        +0       0   
  g510/Y          NOR2X1         1  1.5    0   +15      15 F 
  drc_bufs514/A                                 +0      15   
  drc_bufs514/Y   BUFX2          1  2.6    0   +31      46 F 
  g504/B                                        +0      46   
  g504/Y          OAI21X1        2  5.1   55   +47      92 R 
  g503/B                                        +0      92   
  g503/Y          NOR2X1         1  1.5    1   +23     115 F 
  drc_bufs517/A                                 +0     115   
  drc_bufs517/Y   BUFX2          1  2.3    0   +31     146 F 
  g502/B                                        +0     146   
  g502/Y          NOR2X1         1  1.5   25   +24     170 R 
  drc_bufs516/A                                 +0     170   
  drc_bufs516/Y   BUFX2          1  2.4    8   +34     204 R 
  g501/C                                        +0     204   
  g501/Y          AOI21X1        1  1.5   15   +10     214 F 
  drc_bufs/A                                    +0     214   
  drc_bufs/Y      BUFX2          1  2.7    3   +34     248 F 
  g500/A                                        +0     248   
  g500/Y          AOI22X1        1  1.5   44   +43     291 R 
  drc_bufs519/A                                 +0     291   
  drc_bufs519/Y   BUFX2          1  2.3   11   +36     327 R 
  g499/A                                        +0     327   
  g499/Y          AND2X1         1  2.8   36   +32     359 R 
  g498/A                                        +0     359   
  g498/Y          AOI22X1        1  1.5   34   +37     396 F 
  drc_bufs520/A                                 +0     396   
  drc_bufs520/Y   BUFX2          1  1.9    6   +37     433 F 
  g497/C                                        +0     433   
  g497/Y          OAI21X1       12 49.2  261  +164     597 R 
  g483/S                                        +0     597   
  g483/Y          MUX2X1         1  1.5   25   +72     670 F 
  g477/A                                        +0     670   
  g477/Y          INVX1          4  9.8   17   +31     701 R 
cas1/b_new[0] 
cas2/a[0] 
  g510/A                                        +0     701   
  g510/Y          NOR2X1         1  1.5    0   +14     714 F 
  drc_bufs514/A                                 +0     714   
  drc_bufs514/Y   BUFX2          1  2.6    0   +31     746 F 
  g504/B                                        +0     746   
  g504/Y          OAI21X1        2  5.1   55   +47     792 R 
  g503/B                                        +0     792   
  g503/Y          NOR2X1         1  1.5    1   +23     815 F 
  drc_bufs517/A                                 +0     815   
  drc_bufs517/Y   BUFX2          1  2.3    0   +31     846 F 
  g502/B                                        +0     846   
  g502/Y          NOR2X1         1  1.5   25   +24     870 R 
  drc_bufs516/A                                 +0     870   
  drc_bufs516/Y   BUFX2          1  2.4    8   +34     904 R 
  g501/C                                        +0     904   
  g501/Y          AOI21X1        1  1.5   15   +10     914 F 
  drc_bufs/A                                    +0     914   
  drc_bufs/Y      BUFX2          1  2.7    3   +34     948 F 
  g500/A                                        +0     948   
  g500/Y          AOI22X1        1  1.5   44   +43     991 R 
  drc_bufs519/A                                 +0     991   
  drc_bufs519/Y   BUFX2          1  2.3   11   +36    1026 R 
  g499/A                                        +0    1026   
  g499/Y          AND2X1         1  2.8   36   +32    1059 R 
  g498/A                                        +0    1059   
  g498/Y          AOI22X1        1  1.5   34   +37    1095 F 
  drc_bufs520/A                                 +0    1095   
  drc_bufs520/Y   BUFX2          1  1.9    6   +37    1133 F 
  g497/C                                        +0    1133   
  g497/Y          OAI21X1       12 49.2  261  +164    1297 R 
  g491/S                                        +0    1297   
  g491/Y          MUX2X1         1  1.6   38   +71    1368 R 
  g485/A                                        +0    1368   
  g485/Y          INVX1          3  7.8   27   +35    1402 F 
cas2/a_new[1] 
cas3/b[1] 
  g504/B                                        +0    1402   
  g504/Y          OAI21X1        2  5.1   57   +53    1455 R 
  g503/B                                        +0    1455   
  g503/Y          NOR2X1         1  1.5    1   +23    1478 F 
  drc_bufs517/A                                 +0    1478   
  drc_bufs517/Y   BUFX2          1  2.3    0   +31    1510 F 
  g502/B                                        +0    1510   
  g502/Y          NOR2X1         1  1.5   25   +24    1534 R 
  drc_bufs516/A                                 +0    1534   
  drc_bufs516/Y   BUFX2          1  2.4    8   +34    1568 R 
  g501/C                                        +0    1568   
  g501/Y          AOI21X1        1  1.5   15   +10    1577 F 
  drc_bufs/A                                    +0    1577   
  drc_bufs/Y      BUFX2          1  2.7    3   +34    1611 F 
  g500/A                                        +0    1611   
  g500/Y          AOI22X1        1  1.5   44   +43    1654 R 
  drc_bufs519/A                                 +0    1654   
  drc_bufs519/Y   BUFX2          1  2.3   11   +36    1690 R 
  g499/A                                        +0    1690   
  g499/Y          AND2X1         1  2.8   36   +32    1722 R 
  g498/A                                        +0    1722   
  g498/Y          AOI22X1        1  1.5   34   +37    1759 F 
  drc_bufs521/A                                 +0    1759   
  drc_bufs521/Y   BUFX2          1  1.9    6   +37    1796 F 
  g497/C                                        +0    1796   
  g497/Y          OAI21X1       12 49.2  260  +164    1960 R 
  g496/S                                        +0    1960   
  g496/Y          MUX2X1         1  1.6   38   +71    2031 R 
  g490/A                                        +0    2031   
  g490/Y          INVX1          1 10.0   33   +39    2070 F 
cas3/b_new[2] 
b_new[2]          out port                      +0    2070 F 
-------------------------------------------------------------
Timing slack :  UNCONSTRAINED
Start-point  : a[0]
End-point    : b_new[2]

path   5:

     Pin           Type     Fanout Load Slew Delay Arrival   
                                   (fF) (ps)  (ps)   (ps)    
-------------------------------------------------------------
a[0]              in port        4  9.7   20    +0       0 R 
cas1/a[0] 
  g510/A                                        +0       0   
  g510/Y          NOR2X1         1  1.5    0   +15      15 F 
  drc_bufs514/A                                 +0      15   
  drc_bufs514/Y   BUFX2          1  2.6    0   +31      46 F 
  g504/B                                        +0      46   
  g504/Y          OAI21X1        2  5.1   55   +47      92 R 
  g503/B                                        +0      92   
  g503/Y          NOR2X1         1  1.5    1   +23     115 F 
  drc_bufs517/A                                 +0     115   
  drc_bufs517/Y   BUFX2          1  2.3    0   +31     146 F 
  g502/B                                        +0     146   
  g502/Y          NOR2X1         1  1.5   25   +24     170 R 
  drc_bufs516/A                                 +0     170   
  drc_bufs516/Y   BUFX2          1  2.4    8   +34     204 R 
  g501/C                                        +0     204   
  g501/Y          AOI21X1        1  1.5   15   +10     214 F 
  drc_bufs/A                                    +0     214   
  drc_bufs/Y      BUFX2          1  2.7    3   +34     248 F 
  g500/A                                        +0     248   
  g500/Y          AOI22X1        1  1.5   44   +43     291 R 
  drc_bufs519/A                                 +0     291   
  drc_bufs519/Y   BUFX2          1  2.3   11   +36     327 R 
  g499/A                                        +0     327   
  g499/Y          AND2X1         1  2.8   36   +32     359 R 
  g498/A                                        +0     359   
  g498/Y          AOI22X1        1  1.5   34   +37     396 F 
  drc_bufs520/A                                 +0     396   
  drc_bufs520/Y   BUFX2          1  1.9    6   +37     433 F 
  g497/C                                        +0     433   
  g497/Y          OAI21X1       12 49.2  261  +164     597 R 
  g483/S                                        +0     597   
  g483/Y          MUX2X1         1  1.5   25   +72     670 F 
  g477/A                                        +0     670   
  g477/Y          INVX1          4  9.8   17   +31     701 R 
cas1/b_new[0] 
cas2/a[0] 
  g510/A                                        +0     701   
  g510/Y          NOR2X1         1  1.5    0   +14     714 F 
  drc_bufs514/A                                 +0     714   
  drc_bufs514/Y   BUFX2          1  2.6    0   +31     746 F 
  g504/B                                        +0     746   
  g504/Y          OAI21X1        2  5.1   55   +47     792 R 
  g503/B                                        +0     792   
  g503/Y          NOR2X1         1  1.5    1   +23     815 F 
  drc_bufs517/A                                 +0     815   
  drc_bufs517/Y   BUFX2          1  2.3    0   +31     846 F 
  g502/B                                        +0     846   
  g502/Y          NOR2X1         1  1.5   25   +24     870 R 
  drc_bufs516/A                                 +0     870   
  drc_bufs516/Y   BUFX2          1  2.4    8   +34     904 R 
  g501/C                                        +0     904   
  g501/Y          AOI21X1        1  1.5   15   +10     914 F 
  drc_bufs/A                                    +0     914   
  drc_bufs/Y      BUFX2          1  2.7    3   +34     948 F 
  g500/A                                        +0     948   
  g500/Y          AOI22X1        1  1.5   44   +43     991 R 
  drc_bufs519/A                                 +0     991   
  drc_bufs519/Y   BUFX2          1  2.3   11   +36    1026 R 
  g499/A                                        +0    1026   
  g499/Y          AND2X1         1  2.8   36   +32    1059 R 
  g498/A                                        +0    1059   
  g498/Y          AOI22X1        1  1.5   34   +37    1095 F 
  drc_bufs520/A                                 +0    1095   
  drc_bufs520/Y   BUFX2          1  1.9    6   +37    1133 F 
  g497/C                                        +0    1133   
  g497/Y          OAI21X1       12 49.2  261  +164    1297 R 
  g491/S                                        +0    1297   
  g491/Y          MUX2X1         1  1.6   38   +71    1368 R 
  g485/A                                        +0    1368   
  g485/Y          INVX1          3  7.8   27   +35    1402 F 
cas2/a_new[1] 
cas3/b[1] 
  g504/B                                        +0    1402   
  g504/Y          OAI21X1        2  5.1   57   +53    1455 R 
  g503/B                                        +0    1455   
  g503/Y          NOR2X1         1  1.5    1   +23    1478 F 
  drc_bufs517/A                                 +0    1478   
  drc_bufs517/Y   BUFX2          1  2.3    0   +31    1510 F 
  g502/B                                        +0    1510   
  g502/Y          NOR2X1         1  1.5   25   +24    1534 R 
  drc_bufs516/A                                 +0    1534   
  drc_bufs516/Y   BUFX2          1  2.4    8   +34    1568 R 
  g501/C                                        +0    1568   
  g501/Y          AOI21X1        1  1.5   15   +10    1577 F 
  drc_bufs/A                                    +0    1577   
  drc_bufs/Y      BUFX2          1  2.7    3   +34    1611 F 
  g500/A                                        +0    1611   
  g500/Y          AOI22X1        1  1.5   44   +43    1654 R 
  drc_bufs519/A                                 +0    1654   
  drc_bufs519/Y   BUFX2          1  2.3   11   +36    1690 R 
  g499/A                                        +0    1690   
  g499/Y          AND2X1         1  2.8   36   +32    1722 R 
  g498/A                                        +0    1722   
  g498/Y          AOI22X1        1  1.5   34   +37    1759 F 
  drc_bufs521/A                                 +0    1759   
  drc_bufs521/Y   BUFX2          1  1.9    6   +37    1796 F 
  g497/C                                        +0    1796   
  g497/Y          OAI21X1       12 49.2  260  +164    1960 R 
  g495/S                                        +0    1960   
  g495/Y          MUX2X1         1  1.6   38   +71    2031 R 
  g489/A                                        +0    2031   
  g489/Y          INVX1          1 10.0   33   +39    2070 F 
cas3/b_new[3] 
b_new[3]          out port                      +0    2070 F 
-------------------------------------------------------------
Timing slack :  UNCONSTRAINED
Start-point  : a[0]
End-point    : b_new[3]

path   6:

     Pin           Type     Fanout Load Slew Delay Arrival   
                                   (fF) (ps)  (ps)   (ps)    
-------------------------------------------------------------
a[0]              in port        4  9.7   20    +0       0 R 
cas1/a[0] 
  g510/A                                        +0       0   
  g510/Y          NOR2X1         1  1.5    0   +15      15 F 
  drc_bufs514/A                                 +0      15   
  drc_bufs514/Y   BUFX2          1  2.6    0   +31      46 F 
  g504/B                                        +0      46   
  g504/Y          OAI21X1        2  5.1   55   +47      92 R 
  g503/B                                        +0      92   
  g503/Y          NOR2X1         1  1.5    1   +23     115 F 
  drc_bufs517/A                                 +0     115   
  drc_bufs517/Y   BUFX2          1  2.3    0   +31     146 F 
  g502/B                                        +0     146   
  g502/Y          NOR2X1         1  1.5   25   +24     170 R 
  drc_bufs516/A                                 +0     170   
  drc_bufs516/Y   BUFX2          1  2.4    8   +34     204 R 
  g501/C                                        +0     204   
  g501/Y          AOI21X1        1  1.5   15   +10     214 F 
  drc_bufs/A                                    +0     214   
  drc_bufs/Y      BUFX2          1  2.7    3   +34     248 F 
  g500/A                                        +0     248   
  g500/Y          AOI22X1        1  1.5   44   +43     291 R 
  drc_bufs519/A                                 +0     291   
  drc_bufs519/Y   BUFX2          1  2.3   11   +36     327 R 
  g499/A                                        +0     327   
  g499/Y          AND2X1         1  2.8   36   +32     359 R 
  g498/A                                        +0     359   
  g498/Y          AOI22X1        1  1.5   34   +37     396 F 
  drc_bufs520/A                                 +0     396   
  drc_bufs520/Y   BUFX2          1  1.9    6   +37     433 F 
  g497/C                                        +0     433   
  g497/Y          OAI21X1       12 49.2  261  +164     597 R 
  g483/S                                        +0     597   
  g483/Y          MUX2X1         1  1.5   25   +72     670 F 
  g477/A                                        +0     670   
  g477/Y          INVX1          4  9.8   17   +31     701 R 
cas1/b_new[0] 
cas2/a[0] 
  g510/A                                        +0     701   
  g510/Y          NOR2X1         1  1.5    0   +14     714 F 
  drc_bufs514/A                                 +0     714   
  drc_bufs514/Y   BUFX2          1  2.6    0   +31     746 F 
  g504/B                                        +0     746   
  g504/Y          OAI21X1        2  5.1   55   +47     792 R 
  g503/B                                        +0     792   
  g503/Y          NOR2X1         1  1.5    1   +23     815 F 
  drc_bufs517/A                                 +0     815   
  drc_bufs517/Y   BUFX2          1  2.3    0   +31     846 F 
  g502/B                                        +0     846   
  g502/Y          NOR2X1         1  1.5   25   +24     870 R 
  drc_bufs516/A                                 +0     870   
  drc_bufs516/Y   BUFX2          1  2.4    8   +34     904 R 
  g501/C                                        +0     904   
  g501/Y          AOI21X1        1  1.5   15   +10     914 F 
  drc_bufs/A                                    +0     914   
  drc_bufs/Y      BUFX2          1  2.7    3   +34     948 F 
  g500/A                                        +0     948   
  g500/Y          AOI22X1        1  1.5   44   +43     991 R 
  drc_bufs519/A                                 +0     991   
  drc_bufs519/Y   BUFX2          1  2.3   11   +36    1026 R 
  g499/A                                        +0    1026   
  g499/Y          AND2X1         1  2.8   36   +32    1059 R 
  g498/A                                        +0    1059   
  g498/Y          AOI22X1        1  1.5   34   +37    1095 F 
  drc_bufs520/A                                 +0    1095   
  drc_bufs520/Y   BUFX2          1  1.9    6   +37    1133 F 
  g497/C                                        +0    1133   
  g497/Y          OAI21X1       12 49.2  261  +164    1297 R 
  g491/S                                        +0    1297   
  g491/Y          MUX2X1         1  1.6   38   +71    1368 R 
  g485/A                                        +0    1368   
  g485/Y          INVX1          3  7.8   27   +35    1402 F 
cas2/a_new[1] 
cas3/b[1] 
  g504/B                                        +0    1402   
  g504/Y          OAI21X1        2  5.1   57   +53    1455 R 
  g503/B                                        +0    1455   
  g503/Y          NOR2X1         1  1.5    1   +23    1478 F 
  drc_bufs517/A                                 +0    1478   
  drc_bufs517/Y   BUFX2          1  2.3    0   +31    1510 F 
  g502/B                                        +0    1510   
  g502/Y          NOR2X1         1  1.5   25   +24    1534 R 
  drc_bufs516/A                                 +0    1534   
  drc_bufs516/Y   BUFX2          1  2.4    8   +34    1568 R 
  g501/C                                        +0    1568   
  g501/Y          AOI21X1        1  1.5   15   +10    1577 F 
  drc_bufs/A                                    +0    1577   
  drc_bufs/Y      BUFX2          1  2.7    3   +34    1611 F 
  g500/A                                        +0    1611   
  g500/Y          AOI22X1        1  1.5   44   +43    1654 R 
  drc_bufs519/A                                 +0    1654   
  drc_bufs519/Y   BUFX2          1  2.3   11   +36    1690 R 
  g499/A                                        +0    1690   
  g499/Y          AND2X1         1  2.8   36   +32    1722 R 
  g498/A                                        +0    1722   
  g498/Y          AOI22X1        1  1.5   34   +37    1759 F 
  drc_bufs521/A                                 +0    1759   
  drc_bufs521/Y   BUFX2          1  1.9    6   +37    1796 F 
  g497/C                                        +0    1796   
  g497/Y          OAI21X1       12 49.2  260  +164    1960 R 
  g494/S                                        +0    1960   
  g494/Y          MUX2X1         1  1.6   38   +71    2031 R 
  g488/A                                        +0    2031   
  g488/Y          INVX1          1 10.0   33   +39    2070 F 
cas3/b_new[4] 
b_new[4]          out port                      +0    2070 F 
-------------------------------------------------------------
Timing slack :  UNCONSTRAINED
Start-point  : a[0]
End-point    : b_new[4]

path   7:

     Pin           Type     Fanout Load Slew Delay Arrival   
                                   (fF) (ps)  (ps)   (ps)    
-------------------------------------------------------------
a[0]              in port        4  9.7   20    +0       0 R 
cas1/a[0] 
  g510/A                                        +0       0   
  g510/Y          NOR2X1         1  1.5    0   +15      15 F 
  drc_bufs514/A                                 +0      15   
  drc_bufs514/Y   BUFX2          1  2.6    0   +31      46 F 
  g504/B                                        +0      46   
  g504/Y          OAI21X1        2  5.1   55   +47      92 R 
  g503/B                                        +0      92   
  g503/Y          NOR2X1         1  1.5    1   +23     115 F 
  drc_bufs517/A                                 +0     115   
  drc_bufs517/Y   BUFX2          1  2.3    0   +31     146 F 
  g502/B                                        +0     146   
  g502/Y          NOR2X1         1  1.5   25   +24     170 R 
  drc_bufs516/A                                 +0     170   
  drc_bufs516/Y   BUFX2          1  2.4    8   +34     204 R 
  g501/C                                        +0     204   
  g501/Y          AOI21X1        1  1.5   15   +10     214 F 
  drc_bufs/A                                    +0     214   
  drc_bufs/Y      BUFX2          1  2.7    3   +34     248 F 
  g500/A                                        +0     248   
  g500/Y          AOI22X1        1  1.5   44   +43     291 R 
  drc_bufs519/A                                 +0     291   
  drc_bufs519/Y   BUFX2          1  2.3   11   +36     327 R 
  g499/A                                        +0     327   
  g499/Y          AND2X1         1  2.8   36   +32     359 R 
  g498/A                                        +0     359   
  g498/Y          AOI22X1        1  1.5   34   +37     396 F 
  drc_bufs520/A                                 +0     396   
  drc_bufs520/Y   BUFX2          1  1.9    6   +37     433 F 
  g497/C                                        +0     433   
  g497/Y          OAI21X1       12 49.2  261  +164     597 R 
  g483/S                                        +0     597   
  g483/Y          MUX2X1         1  1.5   25   +72     670 F 
  g477/A                                        +0     670   
  g477/Y          INVX1          4  9.8   17   +31     701 R 
cas1/b_new[0] 
cas2/a[0] 
  g510/A                                        +0     701   
  g510/Y          NOR2X1         1  1.5    0   +14     714 F 
  drc_bufs514/A                                 +0     714   
  drc_bufs514/Y   BUFX2          1  2.6    0   +31     746 F 
  g504/B                                        +0     746   
  g504/Y          OAI21X1        2  5.1   55   +47     792 R 
  g503/B                                        +0     792   
  g503/Y          NOR2X1         1  1.5    1   +23     815 F 
  drc_bufs517/A                                 +0     815   
  drc_bufs517/Y   BUFX2          1  2.3    0   +31     846 F 
  g502/B                                        +0     846   
  g502/Y          NOR2X1         1  1.5   25   +24     870 R 
  drc_bufs516/A                                 +0     870   
  drc_bufs516/Y   BUFX2          1  2.4    8   +34     904 R 
  g501/C                                        +0     904   
  g501/Y          AOI21X1        1  1.5   15   +10     914 F 
  drc_bufs/A                                    +0     914   
  drc_bufs/Y      BUFX2          1  2.7    3   +34     948 F 
  g500/A                                        +0     948   
  g500/Y          AOI22X1        1  1.5   44   +43     991 R 
  drc_bufs519/A                                 +0     991   
  drc_bufs519/Y   BUFX2          1  2.3   11   +36    1026 R 
  g499/A                                        +0    1026   
  g499/Y          AND2X1         1  2.8   36   +32    1059 R 
  g498/A                                        +0    1059   
  g498/Y          AOI22X1        1  1.5   34   +37    1095 F 
  drc_bufs520/A                                 +0    1095   
  drc_bufs520/Y   BUFX2          1  1.9    6   +37    1133 F 
  g497/C                                        +0    1133   
  g497/Y          OAI21X1       12 49.2  261  +164    1297 R 
  g491/S                                        +0    1297   
  g491/Y          MUX2X1         1  1.6   38   +71    1368 R 
  g485/A                                        +0    1368   
  g485/Y          INVX1          3  7.8   27   +35    1402 F 
cas2/a_new[1] 
cas3/b[1] 
  g504/B                                        +0    1402   
  g504/Y          OAI21X1        2  5.1   57   +53    1455 R 
  g503/B                                        +0    1455   
  g503/Y          NOR2X1         1  1.5    1   +23    1478 F 
  drc_bufs517/A                                 +0    1478   
  drc_bufs517/Y   BUFX2          1  2.3    0   +31    1510 F 
  g502/B                                        +0    1510   
  g502/Y          NOR2X1         1  1.5   25   +24    1534 R 
  drc_bufs516/A                                 +0    1534   
  drc_bufs516/Y   BUFX2          1  2.4    8   +34    1568 R 
  g501/C                                        +0    1568   
  g501/Y          AOI21X1        1  1.5   15   +10    1577 F 
  drc_bufs/A                                    +0    1577   
  drc_bufs/Y      BUFX2          1  2.7    3   +34    1611 F 
  g500/A                                        +0    1611   
  g500/Y          AOI22X1        1  1.5   44   +43    1654 R 
  drc_bufs519/A                                 +0    1654   
  drc_bufs519/Y   BUFX2          1  2.3   11   +36    1690 R 
  g499/A                                        +0    1690   
  g499/Y          AND2X1         1  2.8   36   +32    1722 R 
  g498/A                                        +0    1722   
  g498/Y          AOI22X1        1  1.5   34   +37    1759 F 
  drc_bufs521/A                                 +0    1759   
  drc_bufs521/Y   BUFX2          1  1.9    6   +37    1796 F 
  g497/C                                        +0    1796   
  g497/Y          OAI21X1       12 49.2  260  +164    1960 R 
  g493/S                                        +0    1960   
  g493/Y          MUX2X1         1  1.6   38   +71    2031 R 
  g487/A                                        +0    2031   
  g487/Y          INVX1          1 10.0   33   +39    2070 F 
cas3/b_new[5] 
b_new[5]          out port                      +0    2070 F 
-------------------------------------------------------------
Timing slack :  UNCONSTRAINED
Start-point  : a[0]
End-point    : b_new[5]

path   8:

     Pin           Type     Fanout Load Slew Delay Arrival   
                                   (fF) (ps)  (ps)   (ps)    
-------------------------------------------------------------
a[0]              in port        4  9.7   20    +0       0 R 
cas1/a[0] 
  g510/A                                        +0       0   
  g510/Y          NOR2X1         1  1.5    0   +15      15 F 
  drc_bufs514/A                                 +0      15   
  drc_bufs514/Y   BUFX2          1  2.6    0   +31      46 F 
  g504/B                                        +0      46   
  g504/Y          OAI21X1        2  5.1   55   +47      92 R 
  g503/B                                        +0      92   
  g503/Y          NOR2X1         1  1.5    1   +23     115 F 
  drc_bufs517/A                                 +0     115   
  drc_bufs517/Y   BUFX2          1  2.3    0   +31     146 F 
  g502/B                                        +0     146   
  g502/Y          NOR2X1         1  1.5   25   +24     170 R 
  drc_bufs516/A                                 +0     170   
  drc_bufs516/Y   BUFX2          1  2.4    8   +34     204 R 
  g501/C                                        +0     204   
  g501/Y          AOI21X1        1  1.5   15   +10     214 F 
  drc_bufs/A                                    +0     214   
  drc_bufs/Y      BUFX2          1  2.7    3   +34     248 F 
  g500/A                                        +0     248   
  g500/Y          AOI22X1        1  1.5   44   +43     291 R 
  drc_bufs519/A                                 +0     291   
  drc_bufs519/Y   BUFX2          1  2.3   11   +36     327 R 
  g499/A                                        +0     327   
  g499/Y          AND2X1         1  2.8   36   +32     359 R 
  g498/A                                        +0     359   
  g498/Y          AOI22X1        1  1.5   34   +37     396 F 
  drc_bufs520/A                                 +0     396   
  drc_bufs520/Y   BUFX2          1  1.9    6   +37     433 F 
  g497/C                                        +0     433   
  g497/Y          OAI21X1       12 49.2  261  +164     597 R 
  g483/S                                        +0     597   
  g483/Y          MUX2X1         1  1.5   25   +72     670 F 
  g477/A                                        +0     670   
  g477/Y          INVX1          4  9.8   17   +31     701 R 
cas1/b_new[0] 
cas2/a[0] 
  g510/A                                        +0     701   
  g510/Y          NOR2X1         1  1.5    0   +14     714 F 
  drc_bufs514/A                                 +0     714   
  drc_bufs514/Y   BUFX2          1  2.6    0   +31     746 F 
  g504/B                                        +0     746   
  g504/Y          OAI21X1        2  5.1   55   +47     792 R 
  g503/B                                        +0     792   
  g503/Y          NOR2X1         1  1.5    1   +23     815 F 
  drc_bufs517/A                                 +0     815   
  drc_bufs517/Y   BUFX2          1  2.3    0   +31     846 F 
  g502/B                                        +0     846   
  g502/Y          NOR2X1         1  1.5   25   +24     870 R 
  drc_bufs516/A                                 +0     870   
  drc_bufs516/Y   BUFX2          1  2.4    8   +34     904 R 
  g501/C                                        +0     904   
  g501/Y          AOI21X1        1  1.5   15   +10     914 F 
  drc_bufs/A                                    +0     914   
  drc_bufs/Y      BUFX2          1  2.7    3   +34     948 F 
  g500/A                                        +0     948   
  g500/Y          AOI22X1        1  1.5   44   +43     991 R 
  drc_bufs519/A                                 +0     991   
  drc_bufs519/Y   BUFX2          1  2.3   11   +36    1026 R 
  g499/A                                        +0    1026   
  g499/Y          AND2X1         1  2.8   36   +32    1059 R 
  g498/A                                        +0    1059   
  g498/Y          AOI22X1        1  1.5   34   +37    1095 F 
  drc_bufs520/A                                 +0    1095   
  drc_bufs520/Y   BUFX2          1  1.9    6   +37    1133 F 
  g497/C                                        +0    1133   
  g497/Y          OAI21X1       12 49.2  261  +164    1297 R 
  g491/S                                        +0    1297   
  g491/Y          MUX2X1         1  1.6   38   +71    1368 R 
  g485/A                                        +0    1368   
  g485/Y          INVX1          3  7.8   27   +35    1402 F 
cas2/a_new[1] 
cas3/b[1] 
  g504/B                                        +0    1402   
  g504/Y          OAI21X1        2  5.1   57   +53    1455 R 
  g503/B                                        +0    1455   
  g503/Y          NOR2X1         1  1.5    1   +23    1478 F 
  drc_bufs517/A                                 +0    1478   
  drc_bufs517/Y   BUFX2          1  2.3    0   +31    1510 F 
  g502/B                                        +0    1510   
  g502/Y          NOR2X1         1  1.5   25   +24    1534 R 
  drc_bufs516/A                                 +0    1534   
  drc_bufs516/Y   BUFX2          1  2.4    8   +34    1568 R 
  g501/C                                        +0    1568   
  g501/Y          AOI21X1        1  1.5   15   +10    1577 F 
  drc_bufs/A                                    +0    1577   
  drc_bufs/Y      BUFX2          1  2.7    3   +34    1611 F 
  g500/A                                        +0    1611   
  g500/Y          AOI22X1        1  1.5   44   +43    1654 R 
  drc_bufs519/A                                 +0    1654   
  drc_bufs519/Y   BUFX2          1  2.3   11   +36    1690 R 
  g499/A                                        +0    1690   
  g499/Y          AND2X1         1  2.8   36   +32    1722 R 
  g498/A                                        +0    1722   
  g498/Y          AOI22X1        1  1.5   34   +37    1759 F 
  drc_bufs521/A                                 +0    1759   
  drc_bufs521/Y   BUFX2          1  1.9    6   +37    1796 F 
  g497/C                                        +0    1796   
  g497/Y          OAI21X1       12 49.2  260  +164    1960 R 
  g491/S                                        +0    1960   
  g491/Y          MUX2X1         1  1.6   38   +71    2031 R 
  g485/A                                        +0    2031   
  g485/Y          INVX1          1 10.0   33   +39    2070 F 
cas3/a_new[1] 
a_new[1]          out port                      +0    2070 F 
-------------------------------------------------------------
Timing slack :  UNCONSTRAINED
Start-point  : a[0]
End-point    : a_new[1]

path   9:

     Pin           Type     Fanout Load Slew Delay Arrival   
                                   (fF) (ps)  (ps)   (ps)    
-------------------------------------------------------------
a[0]              in port        4  9.7   20    +0       0 R 
cas1/a[0] 
  g510/A                                        +0       0   
  g510/Y          NOR2X1         1  1.5    0   +15      15 F 
  drc_bufs514/A                                 +0      15   
  drc_bufs514/Y   BUFX2          1  2.6    0   +31      46 F 
  g504/B                                        +0      46   
  g504/Y          OAI21X1        2  5.1   55   +47      92 R 
  g503/B                                        +0      92   
  g503/Y          NOR2X1         1  1.5    1   +23     115 F 
  drc_bufs517/A                                 +0     115   
  drc_bufs517/Y   BUFX2          1  2.3    0   +31     146 F 
  g502/B                                        +0     146   
  g502/Y          NOR2X1         1  1.5   25   +24     170 R 
  drc_bufs516/A                                 +0     170   
  drc_bufs516/Y   BUFX2          1  2.4    8   +34     204 R 
  g501/C                                        +0     204   
  g501/Y          AOI21X1        1  1.5   15   +10     214 F 
  drc_bufs/A                                    +0     214   
  drc_bufs/Y      BUFX2          1  2.7    3   +34     248 F 
  g500/A                                        +0     248   
  g500/Y          AOI22X1        1  1.5   44   +43     291 R 
  drc_bufs519/A                                 +0     291   
  drc_bufs519/Y   BUFX2          1  2.3   11   +36     327 R 
  g499/A                                        +0     327   
  g499/Y          AND2X1         1  2.8   36   +32     359 R 
  g498/A                                        +0     359   
  g498/Y          AOI22X1        1  1.5   34   +37     396 F 
  drc_bufs520/A                                 +0     396   
  drc_bufs520/Y   BUFX2          1  1.9    6   +37     433 F 
  g497/C                                        +0     433   
  g497/Y          OAI21X1       12 49.2  261  +164     597 R 
  g483/S                                        +0     597   
  g483/Y          MUX2X1         1  1.5   25   +72     670 F 
  g477/A                                        +0     670   
  g477/Y          INVX1          4  9.8   17   +31     701 R 
cas1/b_new[0] 
cas2/a[0] 
  g510/A                                        +0     701   
  g510/Y          NOR2X1         1  1.5    0   +14     714 F 
  drc_bufs514/A                                 +0     714   
  drc_bufs514/Y   BUFX2          1  2.6    0   +31     746 F 
  g504/B                                        +0     746   
  g504/Y          OAI21X1        2  5.1   55   +47     792 R 
  g503/B                                        +0     792   
  g503/Y          NOR2X1         1  1.5    1   +23     815 F 
  drc_bufs517/A                                 +0     815   
  drc_bufs517/Y   BUFX2          1  2.3    0   +31     846 F 
  g502/B                                        +0     846   
  g502/Y          NOR2X1         1  1.5   25   +24     870 R 
  drc_bufs516/A                                 +0     870   
  drc_bufs516/Y   BUFX2          1  2.4    8   +34     904 R 
  g501/C                                        +0     904   
  g501/Y          AOI21X1        1  1.5   15   +10     914 F 
  drc_bufs/A                                    +0     914   
  drc_bufs/Y      BUFX2          1  2.7    3   +34     948 F 
  g500/A                                        +0     948   
  g500/Y          AOI22X1        1  1.5   44   +43     991 R 
  drc_bufs519/A                                 +0     991   
  drc_bufs519/Y   BUFX2          1  2.3   11   +36    1026 R 
  g499/A                                        +0    1026   
  g499/Y          AND2X1         1  2.8   36   +32    1059 R 
  g498/A                                        +0    1059   
  g498/Y          AOI22X1        1  1.5   34   +37    1095 F 
  drc_bufs520/A                                 +0    1095   
  drc_bufs520/Y   BUFX2          1  1.9    6   +37    1133 F 
  g497/C                                        +0    1133   
  g497/Y          OAI21X1       12 49.2  261  +164    1297 R 
  g491/S                                        +0    1297   
  g491/Y          MUX2X1         1  1.6   38   +71    1368 R 
  g485/A                                        +0    1368   
  g485/Y          INVX1          3  7.8   27   +35    1402 F 
cas2/a_new[1] 
cas3/b[1] 
  g504/B                                        +0    1402   
  g504/Y          OAI21X1        2  5.1   57   +53    1455 R 
  g503/B                                        +0    1455   
  g503/Y          NOR2X1         1  1.5    1   +23    1478 F 
  drc_bufs517/A                                 +0    1478   
  drc_bufs517/Y   BUFX2          1  2.3    0   +31    1510 F 
  g502/B                                        +0    1510   
  g502/Y          NOR2X1         1  1.5   25   +24    1534 R 
  drc_bufs516/A                                 +0    1534   
  drc_bufs516/Y   BUFX2          1  2.4    8   +34    1568 R 
  g501/C                                        +0    1568   
  g501/Y          AOI21X1        1  1.5   15   +10    1577 F 
  drc_bufs/A                                    +0    1577   
  drc_bufs/Y      BUFX2          1  2.7    3   +34    1611 F 
  g500/A                                        +0    1611   
  g500/Y          AOI22X1        1  1.5   44   +43    1654 R 
  drc_bufs519/A                                 +0    1654   
  drc_bufs519/Y   BUFX2          1  2.3   11   +36    1690 R 
  g499/A                                        +0    1690   
  g499/Y          AND2X1         1  2.8   36   +32    1722 R 
  g498/A                                        +0    1722   
  g498/Y          AOI22X1        1  1.5   34   +37    1759 F 
  drc_bufs521/A                                 +0    1759   
  drc_bufs521/Y   BUFX2          1  1.9    6   +37    1796 F 
  g497/C                                        +0    1796   
  g497/Y          OAI21X1       12 49.2  260  +164    1960 R 
  g484/S                                        +0    1960   
  g484/Y          MUX2X1         1  1.6   38   +71    2031 R 
  g478/A                                        +0    2031   
  g478/Y          INVX1          1 10.0   33   +39    2070 F 
cas3/a_new[2] 
a_new[2]          out port                      +0    2070 F 
-------------------------------------------------------------
Timing slack :  UNCONSTRAINED
Start-point  : a[0]
End-point    : a_new[2]

path  10:

     Pin           Type     Fanout Load Slew Delay Arrival   
                                   (fF) (ps)  (ps)   (ps)    
-------------------------------------------------------------
a[0]              in port        4  9.7   20    +0       0 R 
cas1/a[0] 
  g510/A                                        +0       0   
  g510/Y          NOR2X1         1  1.5    0   +15      15 F 
  drc_bufs514/A                                 +0      15   
  drc_bufs514/Y   BUFX2          1  2.6    0   +31      46 F 
  g504/B                                        +0      46   
  g504/Y          OAI21X1        2  5.1   55   +47      92 R 
  g503/B                                        +0      92   
  g503/Y          NOR2X1         1  1.5    1   +23     115 F 
  drc_bufs517/A                                 +0     115   
  drc_bufs517/Y   BUFX2          1  2.3    0   +31     146 F 
  g502/B                                        +0     146   
  g502/Y          NOR2X1         1  1.5   25   +24     170 R 
  drc_bufs516/A                                 +0     170   
  drc_bufs516/Y   BUFX2          1  2.4    8   +34     204 R 
  g501/C                                        +0     204   
  g501/Y          AOI21X1        1  1.5   15   +10     214 F 
  drc_bufs/A                                    +0     214   
  drc_bufs/Y      BUFX2          1  2.7    3   +34     248 F 
  g500/A                                        +0     248   
  g500/Y          AOI22X1        1  1.5   44   +43     291 R 
  drc_bufs519/A                                 +0     291   
  drc_bufs519/Y   BUFX2          1  2.3   11   +36     327 R 
  g499/A                                        +0     327   
  g499/Y          AND2X1         1  2.8   36   +32     359 R 
  g498/A                                        +0     359   
  g498/Y          AOI22X1        1  1.5   34   +37     396 F 
  drc_bufs520/A                                 +0     396   
  drc_bufs520/Y   BUFX2          1  1.9    6   +37     433 F 
  g497/C                                        +0     433   
  g497/Y          OAI21X1       12 49.2  261  +164     597 R 
  g483/S                                        +0     597   
  g483/Y          MUX2X1         1  1.5   25   +72     670 F 
  g477/A                                        +0     670   
  g477/Y          INVX1          4  9.8   17   +31     701 R 
cas1/b_new[0] 
cas2/a[0] 
  g510/A                                        +0     701   
  g510/Y          NOR2X1         1  1.5    0   +14     714 F 
  drc_bufs514/A                                 +0     714   
  drc_bufs514/Y   BUFX2          1  2.6    0   +31     746 F 
  g504/B                                        +0     746   
  g504/Y          OAI21X1        2  5.1   55   +47     792 R 
  g503/B                                        +0     792   
  g503/Y          NOR2X1         1  1.5    1   +23     815 F 
  drc_bufs517/A                                 +0     815   
  drc_bufs517/Y   BUFX2          1  2.3    0   +31     846 F 
  g502/B                                        +0     846   
  g502/Y          NOR2X1         1  1.5   25   +24     870 R 
  drc_bufs516/A                                 +0     870   
  drc_bufs516/Y   BUFX2          1  2.4    8   +34     904 R 
  g501/C                                        +0     904   
  g501/Y          AOI21X1        1  1.5   15   +10     914 F 
  drc_bufs/A                                    +0     914   
  drc_bufs/Y      BUFX2          1  2.7    3   +34     948 F 
  g500/A                                        +0     948   
  g500/Y          AOI22X1        1  1.5   44   +43     991 R 
  drc_bufs519/A                                 +0     991   
  drc_bufs519/Y   BUFX2          1  2.3   11   +36    1026 R 
  g499/A                                        +0    1026   
  g499/Y          AND2X1         1  2.8   36   +32    1059 R 
  g498/A                                        +0    1059   
  g498/Y          AOI22X1        1  1.5   34   +37    1095 F 
  drc_bufs520/A                                 +0    1095   
  drc_bufs520/Y   BUFX2          1  1.9    6   +37    1133 F 
  g497/C                                        +0    1133   
  g497/Y          OAI21X1       12 49.2  261  +164    1297 R 
  g491/S                                        +0    1297   
  g491/Y          MUX2X1         1  1.6   38   +71    1368 R 
  g485/A                                        +0    1368   
  g485/Y          INVX1          3  7.8   27   +35    1402 F 
cas2/a_new[1] 
cas3/b[1] 
  g504/B                                        +0    1402   
  g504/Y          OAI21X1        2  5.1   57   +53    1455 R 
  g503/B                                        +0    1455   
  g503/Y          NOR2X1         1  1.5    1   +23    1478 F 
  drc_bufs517/A                                 +0    1478   
  drc_bufs517/Y   BUFX2          1  2.3    0   +31    1510 F 
  g502/B                                        +0    1510   
  g502/Y          NOR2X1         1  1.5   25   +24    1534 R 
  drc_bufs516/A                                 +0    1534   
  drc_bufs516/Y   BUFX2          1  2.4    8   +34    1568 R 
  g501/C                                        +0    1568   
  g501/Y          AOI21X1        1  1.5   15   +10    1577 F 
  drc_bufs/A                                    +0    1577   
  drc_bufs/Y      BUFX2          1  2.7    3   +34    1611 F 
  g500/A                                        +0    1611   
  g500/Y          AOI22X1        1  1.5   44   +43    1654 R 
  drc_bufs519/A                                 +0    1654   
  drc_bufs519/Y   BUFX2          1  2.3   11   +36    1690 R 
  g499/A                                        +0    1690   
  g499/Y          AND2X1         1  2.8   36   +32    1722 R 
  g498/A                                        +0    1722   
  g498/Y          AOI22X1        1  1.5   34   +37    1759 F 
  drc_bufs521/A                                 +0    1759   
  drc_bufs521/Y   BUFX2          1  1.9    6   +37    1796 F 
  g497/C                                        +0    1796   
  g497/Y          OAI21X1       12 49.2  260  +164    1960 R 
  g481/S                                        +0    1960   
  g481/Y          MUX2X1         1  1.6   38   +71    2031 R 
  g475/A                                        +0    2031   
  g475/Y          INVX1          1 10.0   33   +39    2070 F 
cas3/a_new[3] 
a_new[3]          out port                      +0    2070 F 
-------------------------------------------------------------
Timing slack :  UNCONSTRAINED
Start-point  : a[0]
End-point    : a_new[3]
