============================================================
  Generated by:           Encounter(R) RTL Compiler RC14.28 - v14.20-s067_1
  Generated on:           Mar 22 2019  02:11:30 am
  Module:                 dsc_mul
  Technology library:     gscl45nm 
  Operating conditions:   typical (balanced_tree)
  Wireload mode:          enclosed
  Area mode:              timing library
============================================================

      Instance       Cells  Cell Area  Net Area  Total Area  Wireload     
--------------------------------------------------------------------------
dsc_mul                265       1040         0        1040    <none> (D) 
  stoch2bin_out         89        402         0         402    <none> (D) 
    inc_add_36_16_1     17         80         0          80    <none> (D) 
  prg_c                 58        212         0         212    <none> (D) 
    ctr4                33        149         0         149    <none> (D) 
    comp6               25         62         0          62    <none> (D) 
      comp5              2          6         0           6    <none> (D) 
      comp4              2          6         0           6    <none> (D) 
      comp3              2          6         0           6    <none> (D) 
      comp2              2          6         0           6    <none> (D) 
      comp1              2          6         0           6    <none> (D) 
      comp0              2          4         0           4    <none> (D) 
  prg_b                 57        209         0         209    <none> (D) 
    ctr4                32        147         0         147    <none> (D) 
    comp6               25         62         0          62    <none> (D) 
      comp5              2          6         0           6    <none> (D) 
      comp4              2          6         0           6    <none> (D) 
      comp3              2          6         0           6    <none> (D) 
      comp2              2          6         0           6    <none> (D) 
      comp1              2          6         0           6    <none> (D) 
      comp0              2          4         0           4    <none> (D) 
  prg_a                 57        209         0         209    <none> (D) 
    ctr4                32        147         0         147    <none> (D) 
    comp6               25         62         0          62    <none> (D) 
      comp5              2          6         0           6    <none> (D) 
      comp4              2          6         0           6    <none> (D) 
      comp3              2          6         0           6    <none> (D) 
      comp2              2          6         0           6    <none> (D) 
      comp1              2          6         0           6    <none> (D) 
      comp0              2          4         0           4    <none> (D) 

 (D) = wireload is default in technology library
