============================================================
  Generated by:           Encounter(R) RTL Compiler RC14.28 - v14.20-s067_1
  Generated on:           Mar 22 2019  02:11:30 am
  Module:                 dsc_mul
  Technology library:     gscl45nm 
  Operating conditions:   typical (balanced_tree)
  Wireload mode:          enclosed
  Area mode:              timing library
============================================================

                             
  Gate   Instances    Area     Library   
-----------------------------------------
AND2X1           5    11.732    gscl45nm 
AOI21X1          9    25.342    gscl45nm 
BUFX2           46   107.939    gscl45nm 
DFFSR           39   402.659    gscl45nm 
HAX1            46   215.878    gscl45nm 
INVX1           73   102.777    gscl45nm 
MUX2X1          35   131.404    gscl45nm 
OAI21X1          6    16.895    gscl45nm 
OR2X1            1     2.346    gscl45nm 
XOR2X1           5    23.465    gscl45nm 
-----------------------------------------
total          265  1040.438             


                                     
   Type    Instances   Area   Area % 
-------------------------------------
sequential        39  402.659   38.7 
inverter          73  102.777    9.9 
buffer            46  107.939   10.4 
logic            107  427.063   41.0 
-------------------------------------
total            265 1040.438  100.0 

