============================================================
  Generated by:           Encounter(R) RTL Compiler RC14.28 - v14.20-s067_1
  Generated on:           Mar 23 2019  01:23:38 pm
  Module:                 cas4
  Technology library:     gscl45nm 
  Operating conditions:   typical (balanced_tree)
  Wireload mode:          enclosed
  Area mode:              timing library
============================================================

path   1:

     Pin           Type     Fanout Load Slew Delay Arrival   
                                   (fF) (ps)  (ps)   (ps)    
-------------------------------------------------------------
a[0]              in port        4 10.2   20    +0       0 R 
cas1/a[0] 
  g945/B                                        +0       0   
  g945/Y          NAND2X1        1  1.5   20   +16      16 F 
  drc_bufs961/A                                 +0      16   
  drc_bufs961/Y   BUFX2          1  1.9    3   +34      51 F 
  g938/B                                        +0      51   
  g938/Y          NAND2X1        1  1.5   32    +8      59 R 
  drc_bufs960/A                                 +0      59   
  drc_bufs960/Y   BUFX2          1  2.0    8   +34      93 R 
  g936/C                                        +0      93   
  g936/Y          OAI21X1        2  4.1   10   +16     109 F 
  g931/B                                        +0     109   
  g931/Y          OAI21X1        1  2.0   41   +39     148 R 
  g930/C                                        +0     148   
  g930/Y          OAI21X1        1 10.9   27   +35     183 F 
  g2/A                                          +0     183   
  g2/YC           FAX1           1  1.5   14   +78     261 F 
  g3/A                                          +0     261   
  g3/Y            INVX1          1  2.0    0    +2     262 R 
  g927/C                                        +0     262   
  g927/Y          OAI21X1        1  1.9    4   +10     273 F 
  g991/A                                        +0     273   
  g991/Y          AND2X1         1  2.6   19   +32     305 F 
  g990/A                                        +0     305   
  g990/Y          OAI21X1        1  2.3   42   +44     349 R 
  g923/A                                        +0     349   
  g923/Y          AND2X1         1  2.0   30   +30     378 R 
  g922/C                                        +0     378   
  g922/Y          OAI21X1        1  1.9    4   +18     396 F 
  g921/A                                        +0     396   
  g921/Y          AND2X1         1  1.9   17   +30     427 F 
  g920/C                                        +0     427   
  g920/Y          OAI21X1       20 82.0  415  +270     697 R 
  g897/S                                        +0     697   
  g897/Y          MUX2X1         1  1.5   59  +103     800 F 
  g887/A                                        +0     800   
  g887/Y          INVX1          4 10.3   25   +44     845 R 
cas1/a_new[1] 
cas3/a[1] 
  g945/B                                        +0     845   
  g945/Y          NAND2X1        1  1.5   20   +17     862 F 
  drc_bufs961/A                                 +0     862   
  drc_bufs961/Y   BUFX2          1  1.9    3   +34     897 F 
  g938/B                                        +0     897   
  g938/Y          NAND2X1        1  1.5   32    +8     904 R 
  drc_bufs960/A                                 +0     904   
  drc_bufs960/Y   BUFX2          1  2.0    8   +34     939 R 
  g936/C                                        +0     939   
  g936/Y          OAI21X1        2  4.1   10   +16     955 F 
  g931/B                                        +0     955   
  g931/Y          OAI21X1        1  2.0   41   +39     994 R 
  g930/C                                        +0     994   
  g930/Y          OAI21X1        1 10.9   27   +35    1029 F 
  g2/A                                          +0    1029   
  g2/YC           FAX1           1  1.5   14   +78    1107 F 
  g3/A                                          +0    1107   
  g3/Y            INVX1          1  2.0    0    +2    1108 R 
  g927/C                                        +0    1108   
  g927/Y          OAI21X1        1  1.9    3   +10    1119 F 
  g991/A                                        +0    1119   
  g991/Y          AND2X1         1  2.6   19   +32    1150 F 
  g990/A                                        +0    1150   
  g990/Y          OAI21X1        1  2.3   42   +44    1194 R 
  g923/A                                        +0    1194   
  g923/Y          AND2X1         1  2.0   30   +30    1224 R 
  g922/C                                        +0    1224   
  g922/Y          OAI21X1        1  1.9    3   +18    1242 F 
  g921/A                                        +0    1242   
  g921/Y          AND2X1         1  1.9   17   +30    1272 F 
  g920/C                                        +0    1272   
  g920/Y          OAI21X1       20 82.0  414  +270    1543 R 
  g918/S                                        +0    1543   
  g918/Y          MUX2X1         1  1.5   59  +103    1646 F 
  g908/A                                        +0    1646   
  g908/Y          INVX1          4 10.3   25   +44    1690 R 
cas3/b_new[1] 
cas5/a[1] 
  g945/B                                        +0    1690   
  g945/Y          NAND2X1        1  1.5   20   +17    1708 F 
  drc_bufs961/A                                 +0    1708   
  drc_bufs961/Y   BUFX2          1  1.9    3   +34    1742 F 
  g938/B                                        +0    1742   
  g938/Y          NAND2X1        1  1.5   32    +8    1750 R 
  drc_bufs960/A                                 +0    1750   
  drc_bufs960/Y   BUFX2          1  2.0    8   +34    1784 R 
  g936/C                                        +0    1784   
  g936/Y          OAI21X1        2  4.1   10   +16    1800 F 
  g931/B                                        +0    1800   
  g931/Y          OAI21X1        1  2.0   41   +39    1839 R 
  g930/C                                        +0    1839   
  g930/Y          OAI21X1        1 10.9   27   +35    1874 F 
  g2/A                                          +0    1874   
  g2/YC           FAX1           1  1.5   14   +78    1952 F 
  g3/A                                          +0    1952   
  g3/Y            INVX1          1  2.0    0    +2    1954 R 
  g927/C                                        +0    1954   
  g927/Y          OAI21X1        1  1.9    3   +10    1964 F 
  g991/A                                        +0    1964   
  g991/Y          AND2X1         1  2.6   19   +32    1996 F 
  g990/A                                        +0    1996   
  g990/Y          OAI21X1        1  2.3   42   +44    2040 R 
  g923/A                                        +0    2040   
  g923/Y          AND2X1         1  2.0   30   +30    2069 R 
  g922/C                                        +0    2069   
  g922/Y          OAI21X1        1  1.9    3   +18    2088 F 
  g921/A                                        +0    2088   
  g921/Y          AND2X1         1  1.9   17   +30    2118 F 
  g920/C                                        +0    2118   
  g920/Y          OAI21X1       20 82.0  414  +270    2388 R 
  g919/S                                        +0    2388   
  g919/Y          MUX2X1         1  1.5   59  +103    2492 F 
  g909/A                                        +0    2492   
  g909/Y          INVX1          1 10.0   23   +44    2535 R 
cas5/b_new[0] 
c_new[0]          out port                      +0    2535 R 
-------------------------------------------------------------
Timing slack :  UNCONSTRAINED
Start-point  : a[0]
End-point    : c_new[0]

path   2:

     Pin           Type     Fanout Load Slew Delay Arrival   
                                   (fF) (ps)  (ps)   (ps)    
-------------------------------------------------------------
a[0]              in port        4 10.2   20    +0       0 R 
cas1/a[0] 
  g945/B                                        +0       0   
  g945/Y          NAND2X1        1  1.5   20   +16      16 F 
  drc_bufs961/A                                 +0      16   
  drc_bufs961/Y   BUFX2          1  1.9    3   +34      51 F 
  g938/B                                        +0      51   
  g938/Y          NAND2X1        1  1.5   32    +8      59 R 
  drc_bufs960/A                                 +0      59   
  drc_bufs960/Y   BUFX2          1  2.0    8   +34      93 R 
  g936/C                                        +0      93   
  g936/Y          OAI21X1        2  4.1   10   +16     109 F 
  g931/B                                        +0     109   
  g931/Y          OAI21X1        1  2.0   41   +39     148 R 
  g930/C                                        +0     148   
  g930/Y          OAI21X1        1 10.9   27   +35     183 F 
  g2/A                                          +0     183   
  g2/YC           FAX1           1  1.5   14   +78     261 F 
  g3/A                                          +0     261   
  g3/Y            INVX1          1  2.0    0    +2     262 R 
  g927/C                                        +0     262   
  g927/Y          OAI21X1        1  1.9    4   +10     273 F 
  g991/A                                        +0     273   
  g991/Y          AND2X1         1  2.6   19   +32     305 F 
  g990/A                                        +0     305   
  g990/Y          OAI21X1        1  2.3   42   +44     349 R 
  g923/A                                        +0     349   
  g923/Y          AND2X1         1  2.0   30   +30     378 R 
  g922/C                                        +0     378   
  g922/Y          OAI21X1        1  1.9    4   +18     396 F 
  g921/A                                        +0     396   
  g921/Y          AND2X1         1  1.9   17   +30     427 F 
  g920/C                                        +0     427   
  g920/Y          OAI21X1       20 82.0  415  +270     697 R 
  g897/S                                        +0     697   
  g897/Y          MUX2X1         1  1.5   59  +103     800 F 
  g887/A                                        +0     800   
  g887/Y          INVX1          4 10.3   25   +44     845 R 
cas1/a_new[1] 
cas3/a[1] 
  g945/B                                        +0     845   
  g945/Y          NAND2X1        1  1.5   20   +17     862 F 
  drc_bufs961/A                                 +0     862   
  drc_bufs961/Y   BUFX2          1  1.9    3   +34     897 F 
  g938/B                                        +0     897   
  g938/Y          NAND2X1        1  1.5   32    +8     904 R 
  drc_bufs960/A                                 +0     904   
  drc_bufs960/Y   BUFX2          1  2.0    8   +34     939 R 
  g936/C                                        +0     939   
  g936/Y          OAI21X1        2  4.1   10   +16     955 F 
  g931/B                                        +0     955   
  g931/Y          OAI21X1        1  2.0   41   +39     994 R 
  g930/C                                        +0     994   
  g930/Y          OAI21X1        1 10.9   27   +35    1029 F 
  g2/A                                          +0    1029   
  g2/YC           FAX1           1  1.5   14   +78    1107 F 
  g3/A                                          +0    1107   
  g3/Y            INVX1          1  2.0    0    +2    1108 R 
  g927/C                                        +0    1108   
  g927/Y          OAI21X1        1  1.9    3   +10    1119 F 
  g991/A                                        +0    1119   
  g991/Y          AND2X1         1  2.6   19   +32    1150 F 
  g990/A                                        +0    1150   
  g990/Y          OAI21X1        1  2.3   42   +44    1194 R 
  g923/A                                        +0    1194   
  g923/Y          AND2X1         1  2.0   30   +30    1224 R 
  g922/C                                        +0    1224   
  g922/Y          OAI21X1        1  1.9    3   +18    1242 F 
  g921/A                                        +0    1242   
  g921/Y          AND2X1         1  1.9   17   +30    1272 F 
  g920/C                                        +0    1272   
  g920/Y          OAI21X1       20 82.0  414  +270    1543 R 
  g918/S                                        +0    1543   
  g918/Y          MUX2X1         1  1.5   59  +103    1646 F 
  g908/A                                        +0    1646   
  g908/Y          INVX1          4 10.3   25   +44    1690 R 
cas3/b_new[1] 
cas5/a[1] 
  g945/B                                        +0    1690   
  g945/Y          NAND2X1        1  1.5   20   +17    1708 F 
  drc_bufs961/A                                 +0    1708   
  drc_bufs961/Y   BUFX2          1  1.9    3   +34    1742 F 
  g938/B                                        +0    1742   
  g938/Y          NAND2X1        1  1.5   32    +8    1750 R 
  drc_bufs960/A                                 +0    1750   
  drc_bufs960/Y   BUFX2          1  2.0    8   +34    1784 R 
  g936/C                                        +0    1784   
  g936/Y          OAI21X1        2  4.1   10   +16    1800 F 
  g931/B                                        +0    1800   
  g931/Y          OAI21X1        1  2.0   41   +39    1839 R 
  g930/C                                        +0    1839   
  g930/Y          OAI21X1        1 10.9   27   +35    1874 F 
  g2/A                                          +0    1874   
  g2/YC           FAX1           1  1.5   14   +78    1952 F 
  g3/A                                          +0    1952   
  g3/Y            INVX1          1  2.0    0    +2    1954 R 
  g927/C                                        +0    1954   
  g927/Y          OAI21X1        1  1.9    3   +10    1964 F 
  g991/A                                        +0    1964   
  g991/Y          AND2X1         1  2.6   19   +32    1996 F 
  g990/A                                        +0    1996   
  g990/Y          OAI21X1        1  2.3   42   +44    2040 R 
  g923/A                                        +0    2040   
  g923/Y          AND2X1         1  2.0   30   +30    2069 R 
  g922/C                                        +0    2069   
  g922/Y          OAI21X1        1  1.9    3   +18    2088 F 
  g921/A                                        +0    2088   
  g921/Y          AND2X1         1  1.9   17   +30    2118 F 
  g920/C                                        +0    2118   
  g920/Y          OAI21X1       20 82.0  414  +270    2388 R 
  g918/S                                        +0    2388   
  g918/Y          MUX2X1         1  1.5   59  +103    2492 F 
  g908/A                                        +0    2492   
  g908/Y          INVX1          1 10.0   23   +44    2535 R 
cas5/b_new[1] 
c_new[1]          out port                      +0    2535 R 
-------------------------------------------------------------
Timing slack :  UNCONSTRAINED
Start-point  : a[0]
End-point    : c_new[1]

path   3:

     Pin           Type     Fanout Load Slew Delay Arrival   
                                   (fF) (ps)  (ps)   (ps)    
-------------------------------------------------------------
a[0]              in port        4 10.2   20    +0       0 R 
cas1/a[0] 
  g945/B                                        +0       0   
  g945/Y          NAND2X1        1  1.5   20   +16      16 F 
  drc_bufs961/A                                 +0      16   
  drc_bufs961/Y   BUFX2          1  1.9    3   +34      51 F 
  g938/B                                        +0      51   
  g938/Y          NAND2X1        1  1.5   32    +8      59 R 
  drc_bufs960/A                                 +0      59   
  drc_bufs960/Y   BUFX2          1  2.0    8   +34      93 R 
  g936/C                                        +0      93   
  g936/Y          OAI21X1        2  4.1   10   +16     109 F 
  g931/B                                        +0     109   
  g931/Y          OAI21X1        1  2.0   41   +39     148 R 
  g930/C                                        +0     148   
  g930/Y          OAI21X1        1 10.9   27   +35     183 F 
  g2/A                                          +0     183   
  g2/YC           FAX1           1  1.5   14   +78     261 F 
  g3/A                                          +0     261   
  g3/Y            INVX1          1  2.0    0    +2     262 R 
  g927/C                                        +0     262   
  g927/Y          OAI21X1        1  1.9    4   +10     273 F 
  g991/A                                        +0     273   
  g991/Y          AND2X1         1  2.6   19   +32     305 F 
  g990/A                                        +0     305   
  g990/Y          OAI21X1        1  2.3   42   +44     349 R 
  g923/A                                        +0     349   
  g923/Y          AND2X1         1  2.0   30   +30     378 R 
  g922/C                                        +0     378   
  g922/Y          OAI21X1        1  1.9    4   +18     396 F 
  g921/A                                        +0     396   
  g921/Y          AND2X1         1  1.9   17   +30     427 F 
  g920/C                                        +0     427   
  g920/Y          OAI21X1       20 82.0  415  +270     697 R 
  g897/S                                        +0     697   
  g897/Y          MUX2X1         1  1.5   59  +103     800 F 
  g887/A                                        +0     800   
  g887/Y          INVX1          4 10.3   25   +44     845 R 
cas1/a_new[1] 
cas3/a[1] 
  g945/B                                        +0     845   
  g945/Y          NAND2X1        1  1.5   20   +17     862 F 
  drc_bufs961/A                                 +0     862   
  drc_bufs961/Y   BUFX2          1  1.9    3   +34     897 F 
  g938/B                                        +0     897   
  g938/Y          NAND2X1        1  1.5   32    +8     904 R 
  drc_bufs960/A                                 +0     904   
  drc_bufs960/Y   BUFX2          1  2.0    8   +34     939 R 
  g936/C                                        +0     939   
  g936/Y          OAI21X1        2  4.1   10   +16     955 F 
  g931/B                                        +0     955   
  g931/Y          OAI21X1        1  2.0   41   +39     994 R 
  g930/C                                        +0     994   
  g930/Y          OAI21X1        1 10.9   27   +35    1029 F 
  g2/A                                          +0    1029   
  g2/YC           FAX1           1  1.5   14   +78    1107 F 
  g3/A                                          +0    1107   
  g3/Y            INVX1          1  2.0    0    +2    1108 R 
  g927/C                                        +0    1108   
  g927/Y          OAI21X1        1  1.9    3   +10    1119 F 
  g991/A                                        +0    1119   
  g991/Y          AND2X1         1  2.6   19   +32    1150 F 
  g990/A                                        +0    1150   
  g990/Y          OAI21X1        1  2.3   42   +44    1194 R 
  g923/A                                        +0    1194   
  g923/Y          AND2X1         1  2.0   30   +30    1224 R 
  g922/C                                        +0    1224   
  g922/Y          OAI21X1        1  1.9    3   +18    1242 F 
  g921/A                                        +0    1242   
  g921/Y          AND2X1         1  1.9   17   +30    1272 F 
  g920/C                                        +0    1272   
  g920/Y          OAI21X1       20 82.0  414  +270    1543 R 
  g918/S                                        +0    1543   
  g918/Y          MUX2X1         1  1.5   59  +103    1646 F 
  g908/A                                        +0    1646   
  g908/Y          INVX1          4 10.3   25   +44    1690 R 
cas3/b_new[1] 
cas5/a[1] 
  g945/B                                        +0    1690   
  g945/Y          NAND2X1        1  1.5   20   +17    1708 F 
  drc_bufs961/A                                 +0    1708   
  drc_bufs961/Y   BUFX2          1  1.9    3   +34    1742 F 
  g938/B                                        +0    1742   
  g938/Y          NAND2X1        1  1.5   32    +8    1750 R 
  drc_bufs960/A                                 +0    1750   
  drc_bufs960/Y   BUFX2          1  2.0    8   +34    1784 R 
  g936/C                                        +0    1784   
  g936/Y          OAI21X1        2  4.1   10   +16    1800 F 
  g931/B                                        +0    1800   
  g931/Y          OAI21X1        1  2.0   41   +39    1839 R 
  g930/C                                        +0    1839   
  g930/Y          OAI21X1        1 10.9   27   +35    1874 F 
  g2/A                                          +0    1874   
  g2/YC           FAX1           1  1.5   14   +78    1952 F 
  g3/A                                          +0    1952   
  g3/Y            INVX1          1  2.0    0    +2    1954 R 
  g927/C                                        +0    1954   
  g927/Y          OAI21X1        1  1.9    3   +10    1964 F 
  g991/A                                        +0    1964   
  g991/Y          AND2X1         1  2.6   19   +32    1996 F 
  g990/A                                        +0    1996   
  g990/Y          OAI21X1        1  2.3   42   +44    2040 R 
  g923/A                                        +0    2040   
  g923/Y          AND2X1         1  2.0   30   +30    2069 R 
  g922/C                                        +0    2069   
  g922/Y          OAI21X1        1  1.9    3   +18    2088 F 
  g921/A                                        +0    2088   
  g921/Y          AND2X1         1  1.9   17   +30    2118 F 
  g920/C                                        +0    2118   
  g920/Y          OAI21X1       20 82.0  414  +270    2388 R 
  g917/S                                        +0    2388   
  g917/Y          MUX2X1         1  1.5   59  +103    2492 F 
  g907/A                                        +0    2492   
  g907/Y          INVX1          1 10.0   23   +44    2535 R 
cas5/b_new[2] 
c_new[2]          out port                      +0    2535 R 
-------------------------------------------------------------
Timing slack :  UNCONSTRAINED
Start-point  : a[0]
End-point    : c_new[2]

path   4:

     Pin           Type     Fanout Load Slew Delay Arrival   
                                   (fF) (ps)  (ps)   (ps)    
-------------------------------------------------------------
a[0]              in port        4 10.2   20    +0       0 R 
cas1/a[0] 
  g945/B                                        +0       0   
  g945/Y          NAND2X1        1  1.5   20   +16      16 F 
  drc_bufs961/A                                 +0      16   
  drc_bufs961/Y   BUFX2          1  1.9    3   +34      51 F 
  g938/B                                        +0      51   
  g938/Y          NAND2X1        1  1.5   32    +8      59 R 
  drc_bufs960/A                                 +0      59   
  drc_bufs960/Y   BUFX2          1  2.0    8   +34      93 R 
  g936/C                                        +0      93   
  g936/Y          OAI21X1        2  4.1   10   +16     109 F 
  g931/B                                        +0     109   
  g931/Y          OAI21X1        1  2.0   41   +39     148 R 
  g930/C                                        +0     148   
  g930/Y          OAI21X1        1 10.9   27   +35     183 F 
  g2/A                                          +0     183   
  g2/YC           FAX1           1  1.5   14   +78     261 F 
  g3/A                                          +0     261   
  g3/Y            INVX1          1  2.0    0    +2     262 R 
  g927/C                                        +0     262   
  g927/Y          OAI21X1        1  1.9    4   +10     273 F 
  g991/A                                        +0     273   
  g991/Y          AND2X1         1  2.6   19   +32     305 F 
  g990/A                                        +0     305   
  g990/Y          OAI21X1        1  2.3   42   +44     349 R 
  g923/A                                        +0     349   
  g923/Y          AND2X1         1  2.0   30   +30     378 R 
  g922/C                                        +0     378   
  g922/Y          OAI21X1        1  1.9    4   +18     396 F 
  g921/A                                        +0     396   
  g921/Y          AND2X1         1  1.9   17   +30     427 F 
  g920/C                                        +0     427   
  g920/Y          OAI21X1       20 82.0  415  +270     697 R 
  g897/S                                        +0     697   
  g897/Y          MUX2X1         1  1.5   59  +103     800 F 
  g887/A                                        +0     800   
  g887/Y          INVX1          4 10.3   25   +44     845 R 
cas1/a_new[1] 
cas3/a[1] 
  g945/B                                        +0     845   
  g945/Y          NAND2X1        1  1.5   20   +17     862 F 
  drc_bufs961/A                                 +0     862   
  drc_bufs961/Y   BUFX2          1  1.9    3   +34     897 F 
  g938/B                                        +0     897   
  g938/Y          NAND2X1        1  1.5   32    +8     904 R 
  drc_bufs960/A                                 +0     904   
  drc_bufs960/Y   BUFX2          1  2.0    8   +34     939 R 
  g936/C                                        +0     939   
  g936/Y          OAI21X1        2  4.1   10   +16     955 F 
  g931/B                                        +0     955   
  g931/Y          OAI21X1        1  2.0   41   +39     994 R 
  g930/C                                        +0     994   
  g930/Y          OAI21X1        1 10.9   27   +35    1029 F 
  g2/A                                          +0    1029   
  g2/YC           FAX1           1  1.5   14   +78    1107 F 
  g3/A                                          +0    1107   
  g3/Y            INVX1          1  2.0    0    +2    1108 R 
  g927/C                                        +0    1108   
  g927/Y          OAI21X1        1  1.9    3   +10    1119 F 
  g991/A                                        +0    1119   
  g991/Y          AND2X1         1  2.6   19   +32    1150 F 
  g990/A                                        +0    1150   
  g990/Y          OAI21X1        1  2.3   42   +44    1194 R 
  g923/A                                        +0    1194   
  g923/Y          AND2X1         1  2.0   30   +30    1224 R 
  g922/C                                        +0    1224   
  g922/Y          OAI21X1        1  1.9    3   +18    1242 F 
  g921/A                                        +0    1242   
  g921/Y          AND2X1         1  1.9   17   +30    1272 F 
  g920/C                                        +0    1272   
  g920/Y          OAI21X1       20 82.0  414  +270    1543 R 
  g918/S                                        +0    1543   
  g918/Y          MUX2X1         1  1.5   59  +103    1646 F 
  g908/A                                        +0    1646   
  g908/Y          INVX1          4 10.3   25   +44    1690 R 
cas3/b_new[1] 
cas5/a[1] 
  g945/B                                        +0    1690   
  g945/Y          NAND2X1        1  1.5   20   +17    1708 F 
  drc_bufs961/A                                 +0    1708   
  drc_bufs961/Y   BUFX2          1  1.9    3   +34    1742 F 
  g938/B                                        +0    1742   
  g938/Y          NAND2X1        1  1.5   32    +8    1750 R 
  drc_bufs960/A                                 +0    1750   
  drc_bufs960/Y   BUFX2          1  2.0    8   +34    1784 R 
  g936/C                                        +0    1784   
  g936/Y          OAI21X1        2  4.1   10   +16    1800 F 
  g931/B                                        +0    1800   
  g931/Y          OAI21X1        1  2.0   41   +39    1839 R 
  g930/C                                        +0    1839   
  g930/Y          OAI21X1        1 10.9   27   +35    1874 F 
  g2/A                                          +0    1874   
  g2/YC           FAX1           1  1.5   14   +78    1952 F 
  g3/A                                          +0    1952   
  g3/Y            INVX1          1  2.0    0    +2    1954 R 
  g927/C                                        +0    1954   
  g927/Y          OAI21X1        1  1.9    3   +10    1964 F 
  g991/A                                        +0    1964   
  g991/Y          AND2X1         1  2.6   19   +32    1996 F 
  g990/A                                        +0    1996   
  g990/Y          OAI21X1        1  2.3   42   +44    2040 R 
  g923/A                                        +0    2040   
  g923/Y          AND2X1         1  2.0   30   +30    2069 R 
  g922/C                                        +0    2069   
  g922/Y          OAI21X1        1  1.9    3   +18    2088 F 
  g921/A                                        +0    2088   
  g921/Y          AND2X1         1  1.9   17   +30    2118 F 
  g920/C                                        +0    2118   
  g920/Y          OAI21X1       20 82.0  414  +270    2388 R 
  g916/S                                        +0    2388   
  g916/Y          MUX2X1         1  1.5   59  +103    2492 F 
  g906/A                                        +0    2492   
  g906/Y          INVX1          1 10.0   23   +44    2535 R 
cas5/b_new[3] 
c_new[3]          out port                      +0    2535 R 
-------------------------------------------------------------
Timing slack :  UNCONSTRAINED
Start-point  : a[0]
End-point    : c_new[3]

path   5:

     Pin           Type     Fanout Load Slew Delay Arrival   
                                   (fF) (ps)  (ps)   (ps)    
-------------------------------------------------------------
a[0]              in port        4 10.2   20    +0       0 R 
cas1/a[0] 
  g945/B                                        +0       0   
  g945/Y          NAND2X1        1  1.5   20   +16      16 F 
  drc_bufs961/A                                 +0      16   
  drc_bufs961/Y   BUFX2          1  1.9    3   +34      51 F 
  g938/B                                        +0      51   
  g938/Y          NAND2X1        1  1.5   32    +8      59 R 
  drc_bufs960/A                                 +0      59   
  drc_bufs960/Y   BUFX2          1  2.0    8   +34      93 R 
  g936/C                                        +0      93   
  g936/Y          OAI21X1        2  4.1   10   +16     109 F 
  g931/B                                        +0     109   
  g931/Y          OAI21X1        1  2.0   41   +39     148 R 
  g930/C                                        +0     148   
  g930/Y          OAI21X1        1 10.9   27   +35     183 F 
  g2/A                                          +0     183   
  g2/YC           FAX1           1  1.5   14   +78     261 F 
  g3/A                                          +0     261   
  g3/Y            INVX1          1  2.0    0    +2     262 R 
  g927/C                                        +0     262   
  g927/Y          OAI21X1        1  1.9    4   +10     273 F 
  g991/A                                        +0     273   
  g991/Y          AND2X1         1  2.6   19   +32     305 F 
  g990/A                                        +0     305   
  g990/Y          OAI21X1        1  2.3   42   +44     349 R 
  g923/A                                        +0     349   
  g923/Y          AND2X1         1  2.0   30   +30     378 R 
  g922/C                                        +0     378   
  g922/Y          OAI21X1        1  1.9    4   +18     396 F 
  g921/A                                        +0     396   
  g921/Y          AND2X1         1  1.9   17   +30     427 F 
  g920/C                                        +0     427   
  g920/Y          OAI21X1       20 82.0  415  +270     697 R 
  g897/S                                        +0     697   
  g897/Y          MUX2X1         1  1.5   59  +103     800 F 
  g887/A                                        +0     800   
  g887/Y          INVX1          4 10.3   25   +44     845 R 
cas1/a_new[1] 
cas3/a[1] 
  g945/B                                        +0     845   
  g945/Y          NAND2X1        1  1.5   20   +17     862 F 
  drc_bufs961/A                                 +0     862   
  drc_bufs961/Y   BUFX2          1  1.9    3   +34     897 F 
  g938/B                                        +0     897   
  g938/Y          NAND2X1        1  1.5   32    +8     904 R 
  drc_bufs960/A                                 +0     904   
  drc_bufs960/Y   BUFX2          1  2.0    8   +34     939 R 
  g936/C                                        +0     939   
  g936/Y          OAI21X1        2  4.1   10   +16     955 F 
  g931/B                                        +0     955   
  g931/Y          OAI21X1        1  2.0   41   +39     994 R 
  g930/C                                        +0     994   
  g930/Y          OAI21X1        1 10.9   27   +35    1029 F 
  g2/A                                          +0    1029   
  g2/YC           FAX1           1  1.5   14   +78    1107 F 
  g3/A                                          +0    1107   
  g3/Y            INVX1          1  2.0    0    +2    1108 R 
  g927/C                                        +0    1108   
  g927/Y          OAI21X1        1  1.9    3   +10    1119 F 
  g991/A                                        +0    1119   
  g991/Y          AND2X1         1  2.6   19   +32    1150 F 
  g990/A                                        +0    1150   
  g990/Y          OAI21X1        1  2.3   42   +44    1194 R 
  g923/A                                        +0    1194   
  g923/Y          AND2X1         1  2.0   30   +30    1224 R 
  g922/C                                        +0    1224   
  g922/Y          OAI21X1        1  1.9    3   +18    1242 F 
  g921/A                                        +0    1242   
  g921/Y          AND2X1         1  1.9   17   +30    1272 F 
  g920/C                                        +0    1272   
  g920/Y          OAI21X1       20 82.0  414  +270    1543 R 
  g918/S                                        +0    1543   
  g918/Y          MUX2X1         1  1.5   59  +103    1646 F 
  g908/A                                        +0    1646   
  g908/Y          INVX1          4 10.3   25   +44    1690 R 
cas3/b_new[1] 
cas5/a[1] 
  g945/B                                        +0    1690   
  g945/Y          NAND2X1        1  1.5   20   +17    1708 F 
  drc_bufs961/A                                 +0    1708   
  drc_bufs961/Y   BUFX2          1  1.9    3   +34    1742 F 
  g938/B                                        +0    1742   
  g938/Y          NAND2X1        1  1.5   32    +8    1750 R 
  drc_bufs960/A                                 +0    1750   
  drc_bufs960/Y   BUFX2          1  2.0    8   +34    1784 R 
  g936/C                                        +0    1784   
  g936/Y          OAI21X1        2  4.1   10   +16    1800 F 
  g931/B                                        +0    1800   
  g931/Y          OAI21X1        1  2.0   41   +39    1839 R 
  g930/C                                        +0    1839   
  g930/Y          OAI21X1        1 10.9   27   +35    1874 F 
  g2/A                                          +0    1874   
  g2/YC           FAX1           1  1.5   14   +78    1952 F 
  g3/A                                          +0    1952   
  g3/Y            INVX1          1  2.0    0    +2    1954 R 
  g927/C                                        +0    1954   
  g927/Y          OAI21X1        1  1.9    3   +10    1964 F 
  g991/A                                        +0    1964   
  g991/Y          AND2X1         1  2.6   19   +32    1996 F 
  g990/A                                        +0    1996   
  g990/Y          OAI21X1        1  2.3   42   +44    2040 R 
  g923/A                                        +0    2040   
  g923/Y          AND2X1         1  2.0   30   +30    2069 R 
  g922/C                                        +0    2069   
  g922/Y          OAI21X1        1  1.9    3   +18    2088 F 
  g921/A                                        +0    2088   
  g921/Y          AND2X1         1  1.9   17   +30    2118 F 
  g920/C                                        +0    2118   
  g920/Y          OAI21X1       20 82.0  414  +270    2388 R 
  g915/S                                        +0    2388   
  g915/Y          MUX2X1         1  1.5   59  +103    2492 F 
  g905/A                                        +0    2492   
  g905/Y          INVX1          1 10.0   23   +44    2535 R 
cas5/b_new[4] 
c_new[4]          out port                      +0    2535 R 
-------------------------------------------------------------
Timing slack :  UNCONSTRAINED
Start-point  : a[0]
End-point    : c_new[4]

path   6:

     Pin           Type     Fanout Load Slew Delay Arrival   
                                   (fF) (ps)  (ps)   (ps)    
-------------------------------------------------------------
a[0]              in port        4 10.2   20    +0       0 R 
cas1/a[0] 
  g945/B                                        +0       0   
  g945/Y          NAND2X1        1  1.5   20   +16      16 F 
  drc_bufs961/A                                 +0      16   
  drc_bufs961/Y   BUFX2          1  1.9    3   +34      51 F 
  g938/B                                        +0      51   
  g938/Y          NAND2X1        1  1.5   32    +8      59 R 
  drc_bufs960/A                                 +0      59   
  drc_bufs960/Y   BUFX2          1  2.0    8   +34      93 R 
  g936/C                                        +0      93   
  g936/Y          OAI21X1        2  4.1   10   +16     109 F 
  g931/B                                        +0     109   
  g931/Y          OAI21X1        1  2.0   41   +39     148 R 
  g930/C                                        +0     148   
  g930/Y          OAI21X1        1 10.9   27   +35     183 F 
  g2/A                                          +0     183   
  g2/YC           FAX1           1  1.5   14   +78     261 F 
  g3/A                                          +0     261   
  g3/Y            INVX1          1  2.0    0    +2     262 R 
  g927/C                                        +0     262   
  g927/Y          OAI21X1        1  1.9    4   +10     273 F 
  g991/A                                        +0     273   
  g991/Y          AND2X1         1  2.6   19   +32     305 F 
  g990/A                                        +0     305   
  g990/Y          OAI21X1        1  2.3   42   +44     349 R 
  g923/A                                        +0     349   
  g923/Y          AND2X1         1  2.0   30   +30     378 R 
  g922/C                                        +0     378   
  g922/Y          OAI21X1        1  1.9    4   +18     396 F 
  g921/A                                        +0     396   
  g921/Y          AND2X1         1  1.9   17   +30     427 F 
  g920/C                                        +0     427   
  g920/Y          OAI21X1       20 82.0  415  +270     697 R 
  g897/S                                        +0     697   
  g897/Y          MUX2X1         1  1.5   59  +103     800 F 
  g887/A                                        +0     800   
  g887/Y          INVX1          4 10.3   25   +44     845 R 
cas1/a_new[1] 
cas3/a[1] 
  g945/B                                        +0     845   
  g945/Y          NAND2X1        1  1.5   20   +17     862 F 
  drc_bufs961/A                                 +0     862   
  drc_bufs961/Y   BUFX2          1  1.9    3   +34     897 F 
  g938/B                                        +0     897   
  g938/Y          NAND2X1        1  1.5   32    +8     904 R 
  drc_bufs960/A                                 +0     904   
  drc_bufs960/Y   BUFX2          1  2.0    8   +34     939 R 
  g936/C                                        +0     939   
  g936/Y          OAI21X1        2  4.1   10   +16     955 F 
  g931/B                                        +0     955   
  g931/Y          OAI21X1        1  2.0   41   +39     994 R 
  g930/C                                        +0     994   
  g930/Y          OAI21X1        1 10.9   27   +35    1029 F 
  g2/A                                          +0    1029   
  g2/YC           FAX1           1  1.5   14   +78    1107 F 
  g3/A                                          +0    1107   
  g3/Y            INVX1          1  2.0    0    +2    1108 R 
  g927/C                                        +0    1108   
  g927/Y          OAI21X1        1  1.9    3   +10    1119 F 
  g991/A                                        +0    1119   
  g991/Y          AND2X1         1  2.6   19   +32    1150 F 
  g990/A                                        +0    1150   
  g990/Y          OAI21X1        1  2.3   42   +44    1194 R 
  g923/A                                        +0    1194   
  g923/Y          AND2X1         1  2.0   30   +30    1224 R 
  g922/C                                        +0    1224   
  g922/Y          OAI21X1        1  1.9    3   +18    1242 F 
  g921/A                                        +0    1242   
  g921/Y          AND2X1         1  1.9   17   +30    1272 F 
  g920/C                                        +0    1272   
  g920/Y          OAI21X1       20 82.0  414  +270    1543 R 
  g918/S                                        +0    1543   
  g918/Y          MUX2X1         1  1.5   59  +103    1646 F 
  g908/A                                        +0    1646   
  g908/Y          INVX1          4 10.3   25   +44    1690 R 
cas3/b_new[1] 
cas5/a[1] 
  g945/B                                        +0    1690   
  g945/Y          NAND2X1        1  1.5   20   +17    1708 F 
  drc_bufs961/A                                 +0    1708   
  drc_bufs961/Y   BUFX2          1  1.9    3   +34    1742 F 
  g938/B                                        +0    1742   
  g938/Y          NAND2X1        1  1.5   32    +8    1750 R 
  drc_bufs960/A                                 +0    1750   
  drc_bufs960/Y   BUFX2          1  2.0    8   +34    1784 R 
  g936/C                                        +0    1784   
  g936/Y          OAI21X1        2  4.1   10   +16    1800 F 
  g931/B                                        +0    1800   
  g931/Y          OAI21X1        1  2.0   41   +39    1839 R 
  g930/C                                        +0    1839   
  g930/Y          OAI21X1        1 10.9   27   +35    1874 F 
  g2/A                                          +0    1874   
  g2/YC           FAX1           1  1.5   14   +78    1952 F 
  g3/A                                          +0    1952   
  g3/Y            INVX1          1  2.0    0    +2    1954 R 
  g927/C                                        +0    1954   
  g927/Y          OAI21X1        1  1.9    3   +10    1964 F 
  g991/A                                        +0    1964   
  g991/Y          AND2X1         1  2.6   19   +32    1996 F 
  g990/A                                        +0    1996   
  g990/Y          OAI21X1        1  2.3   42   +44    2040 R 
  g923/A                                        +0    2040   
  g923/Y          AND2X1         1  2.0   30   +30    2069 R 
  g922/C                                        +0    2069   
  g922/Y          OAI21X1        1  1.9    3   +18    2088 F 
  g921/A                                        +0    2088   
  g921/Y          AND2X1         1  1.9   17   +30    2118 F 
  g920/C                                        +0    2118   
  g920/Y          OAI21X1       20 82.0  414  +270    2388 R 
  g914/S                                        +0    2388   
  g914/Y          MUX2X1         1  1.5   59  +103    2492 F 
  g904/A                                        +0    2492   
  g904/Y          INVX1          1 10.0   23   +44    2535 R 
cas5/b_new[5] 
c_new[5]          out port                      +0    2535 R 
-------------------------------------------------------------
Timing slack :  UNCONSTRAINED
Start-point  : a[0]
End-point    : c_new[5]

path   7:

     Pin           Type     Fanout Load Slew Delay Arrival   
                                   (fF) (ps)  (ps)   (ps)    
-------------------------------------------------------------
a[0]              in port        4 10.2   20    +0       0 R 
cas1/a[0] 
  g945/B                                        +0       0   
  g945/Y          NAND2X1        1  1.5   20   +16      16 F 
  drc_bufs961/A                                 +0      16   
  drc_bufs961/Y   BUFX2          1  1.9    3   +34      51 F 
  g938/B                                        +0      51   
  g938/Y          NAND2X1        1  1.5   32    +8      59 R 
  drc_bufs960/A                                 +0      59   
  drc_bufs960/Y   BUFX2          1  2.0    8   +34      93 R 
  g936/C                                        +0      93   
  g936/Y          OAI21X1        2  4.1   10   +16     109 F 
  g931/B                                        +0     109   
  g931/Y          OAI21X1        1  2.0   41   +39     148 R 
  g930/C                                        +0     148   
  g930/Y          OAI21X1        1 10.9   27   +35     183 F 
  g2/A                                          +0     183   
  g2/YC           FAX1           1  1.5   14   +78     261 F 
  g3/A                                          +0     261   
  g3/Y            INVX1          1  2.0    0    +2     262 R 
  g927/C                                        +0     262   
  g927/Y          OAI21X1        1  1.9    4   +10     273 F 
  g991/A                                        +0     273   
  g991/Y          AND2X1         1  2.6   19   +32     305 F 
  g990/A                                        +0     305   
  g990/Y          OAI21X1        1  2.3   42   +44     349 R 
  g923/A                                        +0     349   
  g923/Y          AND2X1         1  2.0   30   +30     378 R 
  g922/C                                        +0     378   
  g922/Y          OAI21X1        1  1.9    4   +18     396 F 
  g921/A                                        +0     396   
  g921/Y          AND2X1         1  1.9   17   +30     427 F 
  g920/C                                        +0     427   
  g920/Y          OAI21X1       20 82.0  415  +270     697 R 
  g897/S                                        +0     697   
  g897/Y          MUX2X1         1  1.5   59  +103     800 F 
  g887/A                                        +0     800   
  g887/Y          INVX1          4 10.3   25   +44     845 R 
cas1/a_new[1] 
cas3/a[1] 
  g945/B                                        +0     845   
  g945/Y          NAND2X1        1  1.5   20   +17     862 F 
  drc_bufs961/A                                 +0     862   
  drc_bufs961/Y   BUFX2          1  1.9    3   +34     897 F 
  g938/B                                        +0     897   
  g938/Y          NAND2X1        1  1.5   32    +8     904 R 
  drc_bufs960/A                                 +0     904   
  drc_bufs960/Y   BUFX2          1  2.0    8   +34     939 R 
  g936/C                                        +0     939   
  g936/Y          OAI21X1        2  4.1   10   +16     955 F 
  g931/B                                        +0     955   
  g931/Y          OAI21X1        1  2.0   41   +39     994 R 
  g930/C                                        +0     994   
  g930/Y          OAI21X1        1 10.9   27   +35    1029 F 
  g2/A                                          +0    1029   
  g2/YC           FAX1           1  1.5   14   +78    1107 F 
  g3/A                                          +0    1107   
  g3/Y            INVX1          1  2.0    0    +2    1108 R 
  g927/C                                        +0    1108   
  g927/Y          OAI21X1        1  1.9    3   +10    1119 F 
  g991/A                                        +0    1119   
  g991/Y          AND2X1         1  2.6   19   +32    1150 F 
  g990/A                                        +0    1150   
  g990/Y          OAI21X1        1  2.3   42   +44    1194 R 
  g923/A                                        +0    1194   
  g923/Y          AND2X1         1  2.0   30   +30    1224 R 
  g922/C                                        +0    1224   
  g922/Y          OAI21X1        1  1.9    3   +18    1242 F 
  g921/A                                        +0    1242   
  g921/Y          AND2X1         1  1.9   17   +30    1272 F 
  g920/C                                        +0    1272   
  g920/Y          OAI21X1       20 82.0  414  +270    1543 R 
  g918/S                                        +0    1543   
  g918/Y          MUX2X1         1  1.5   59  +103    1646 F 
  g908/A                                        +0    1646   
  g908/Y          INVX1          4 10.3   25   +44    1690 R 
cas3/b_new[1] 
cas5/a[1] 
  g945/B                                        +0    1690   
  g945/Y          NAND2X1        1  1.5   20   +17    1708 F 
  drc_bufs961/A                                 +0    1708   
  drc_bufs961/Y   BUFX2          1  1.9    3   +34    1742 F 
  g938/B                                        +0    1742   
  g938/Y          NAND2X1        1  1.5   32    +8    1750 R 
  drc_bufs960/A                                 +0    1750   
  drc_bufs960/Y   BUFX2          1  2.0    8   +34    1784 R 
  g936/C                                        +0    1784   
  g936/Y          OAI21X1        2  4.1   10   +16    1800 F 
  g931/B                                        +0    1800   
  g931/Y          OAI21X1        1  2.0   41   +39    1839 R 
  g930/C                                        +0    1839   
  g930/Y          OAI21X1        1 10.9   27   +35    1874 F 
  g2/A                                          +0    1874   
  g2/YC           FAX1           1  1.5   14   +78    1952 F 
  g3/A                                          +0    1952   
  g3/Y            INVX1          1  2.0    0    +2    1954 R 
  g927/C                                        +0    1954   
  g927/Y          OAI21X1        1  1.9    3   +10    1964 F 
  g991/A                                        +0    1964   
  g991/Y          AND2X1         1  2.6   19   +32    1996 F 
  g990/A                                        +0    1996   
  g990/Y          OAI21X1        1  2.3   42   +44    2040 R 
  g923/A                                        +0    2040   
  g923/Y          AND2X1         1  2.0   30   +30    2069 R 
  g922/C                                        +0    2069   
  g922/Y          OAI21X1        1  1.9    3   +18    2088 F 
  g921/A                                        +0    2088   
  g921/Y          AND2X1         1  1.9   17   +30    2118 F 
  g920/C                                        +0    2118   
  g920/Y          OAI21X1       20 82.0  414  +270    2388 R 
  g913/S                                        +0    2388   
  g913/Y          MUX2X1         1  1.5   59  +103    2492 F 
  g903/A                                        +0    2492   
  g903/Y          INVX1          1 10.0   23   +44    2535 R 
cas5/b_new[6] 
c_new[6]          out port                      +0    2535 R 
-------------------------------------------------------------
Timing slack :  UNCONSTRAINED
Start-point  : a[0]
End-point    : c_new[6]

path   8:

     Pin           Type     Fanout Load Slew Delay Arrival   
                                   (fF) (ps)  (ps)   (ps)    
-------------------------------------------------------------
a[0]              in port        4 10.2   20    +0       0 R 
cas1/a[0] 
  g945/B                                        +0       0   
  g945/Y          NAND2X1        1  1.5   20   +16      16 F 
  drc_bufs961/A                                 +0      16   
  drc_bufs961/Y   BUFX2          1  1.9    3   +34      51 F 
  g938/B                                        +0      51   
  g938/Y          NAND2X1        1  1.5   32    +8      59 R 
  drc_bufs960/A                                 +0      59   
  drc_bufs960/Y   BUFX2          1  2.0    8   +34      93 R 
  g936/C                                        +0      93   
  g936/Y          OAI21X1        2  4.1   10   +16     109 F 
  g931/B                                        +0     109   
  g931/Y          OAI21X1        1  2.0   41   +39     148 R 
  g930/C                                        +0     148   
  g930/Y          OAI21X1        1 10.9   27   +35     183 F 
  g2/A                                          +0     183   
  g2/YC           FAX1           1  1.5   14   +78     261 F 
  g3/A                                          +0     261   
  g3/Y            INVX1          1  2.0    0    +2     262 R 
  g927/C                                        +0     262   
  g927/Y          OAI21X1        1  1.9    4   +10     273 F 
  g991/A                                        +0     273   
  g991/Y          AND2X1         1  2.6   19   +32     305 F 
  g990/A                                        +0     305   
  g990/Y          OAI21X1        1  2.3   42   +44     349 R 
  g923/A                                        +0     349   
  g923/Y          AND2X1         1  2.0   30   +30     378 R 
  g922/C                                        +0     378   
  g922/Y          OAI21X1        1  1.9    4   +18     396 F 
  g921/A                                        +0     396   
  g921/Y          AND2X1         1  1.9   17   +30     427 F 
  g920/C                                        +0     427   
  g920/Y          OAI21X1       20 82.0  415  +270     697 R 
  g897/S                                        +0     697   
  g897/Y          MUX2X1         1  1.5   59  +103     800 F 
  g887/A                                        +0     800   
  g887/Y          INVX1          4 10.3   25   +44     845 R 
cas1/a_new[1] 
cas3/a[1] 
  g945/B                                        +0     845   
  g945/Y          NAND2X1        1  1.5   20   +17     862 F 
  drc_bufs961/A                                 +0     862   
  drc_bufs961/Y   BUFX2          1  1.9    3   +34     897 F 
  g938/B                                        +0     897   
  g938/Y          NAND2X1        1  1.5   32    +8     904 R 
  drc_bufs960/A                                 +0     904   
  drc_bufs960/Y   BUFX2          1  2.0    8   +34     939 R 
  g936/C                                        +0     939   
  g936/Y          OAI21X1        2  4.1   10   +16     955 F 
  g931/B                                        +0     955   
  g931/Y          OAI21X1        1  2.0   41   +39     994 R 
  g930/C                                        +0     994   
  g930/Y          OAI21X1        1 10.9   27   +35    1029 F 
  g2/A                                          +0    1029   
  g2/YC           FAX1           1  1.5   14   +78    1107 F 
  g3/A                                          +0    1107   
  g3/Y            INVX1          1  2.0    0    +2    1108 R 
  g927/C                                        +0    1108   
  g927/Y          OAI21X1        1  1.9    3   +10    1119 F 
  g991/A                                        +0    1119   
  g991/Y          AND2X1         1  2.6   19   +32    1150 F 
  g990/A                                        +0    1150   
  g990/Y          OAI21X1        1  2.3   42   +44    1194 R 
  g923/A                                        +0    1194   
  g923/Y          AND2X1         1  2.0   30   +30    1224 R 
  g922/C                                        +0    1224   
  g922/Y          OAI21X1        1  1.9    3   +18    1242 F 
  g921/A                                        +0    1242   
  g921/Y          AND2X1         1  1.9   17   +30    1272 F 
  g920/C                                        +0    1272   
  g920/Y          OAI21X1       20 82.0  414  +270    1543 R 
  g918/S                                        +0    1543   
  g918/Y          MUX2X1         1  1.5   59  +103    1646 F 
  g908/A                                        +0    1646   
  g908/Y          INVX1          4 10.3   25   +44    1690 R 
cas3/b_new[1] 
cas5/a[1] 
  g945/B                                        +0    1690   
  g945/Y          NAND2X1        1  1.5   20   +17    1708 F 
  drc_bufs961/A                                 +0    1708   
  drc_bufs961/Y   BUFX2          1  1.9    3   +34    1742 F 
  g938/B                                        +0    1742   
  g938/Y          NAND2X1        1  1.5   32    +8    1750 R 
  drc_bufs960/A                                 +0    1750   
  drc_bufs960/Y   BUFX2          1  2.0    8   +34    1784 R 
  g936/C                                        +0    1784   
  g936/Y          OAI21X1        2  4.1   10   +16    1800 F 
  g931/B                                        +0    1800   
  g931/Y          OAI21X1        1  2.0   41   +39    1839 R 
  g930/C                                        +0    1839   
  g930/Y          OAI21X1        1 10.9   27   +35    1874 F 
  g2/A                                          +0    1874   
  g2/YC           FAX1           1  1.5   14   +78    1952 F 
  g3/A                                          +0    1952   
  g3/Y            INVX1          1  2.0    0    +2    1954 R 
  g927/C                                        +0    1954   
  g927/Y          OAI21X1        1  1.9    3   +10    1964 F 
  g991/A                                        +0    1964   
  g991/Y          AND2X1         1  2.6   19   +32    1996 F 
  g990/A                                        +0    1996   
  g990/Y          OAI21X1        1  2.3   42   +44    2040 R 
  g923/A                                        +0    2040   
  g923/Y          AND2X1         1  2.0   30   +30    2069 R 
  g922/C                                        +0    2069   
  g922/Y          OAI21X1        1  1.9    3   +18    2088 F 
  g921/A                                        +0    2088   
  g921/Y          AND2X1         1  1.9   17   +30    2118 F 
  g920/C                                        +0    2118   
  g920/Y          OAI21X1       20 82.0  414  +270    2388 R 
  g912/S                                        +0    2388   
  g912/Y          MUX2X1         1  1.5   59  +103    2492 F 
  g902/A                                        +0    2492   
  g902/Y          INVX1          1 10.0   23   +44    2535 R 
cas5/b_new[7] 
c_new[7]          out port                      +0    2535 R 
-------------------------------------------------------------
Timing slack :  UNCONSTRAINED
Start-point  : a[0]
End-point    : c_new[7]

path   9:

     Pin           Type     Fanout Load Slew Delay Arrival   
                                   (fF) (ps)  (ps)   (ps)    
-------------------------------------------------------------
a[0]              in port        4 10.2   20    +0       0 R 
cas1/a[0] 
  g945/B                                        +0       0   
  g945/Y          NAND2X1        1  1.5   20   +16      16 F 
  drc_bufs961/A                                 +0      16   
  drc_bufs961/Y   BUFX2          1  1.9    3   +34      51 F 
  g938/B                                        +0      51   
  g938/Y          NAND2X1        1  1.5   32    +8      59 R 
  drc_bufs960/A                                 +0      59   
  drc_bufs960/Y   BUFX2          1  2.0    8   +34      93 R 
  g936/C                                        +0      93   
  g936/Y          OAI21X1        2  4.1   10   +16     109 F 
  g931/B                                        +0     109   
  g931/Y          OAI21X1        1  2.0   41   +39     148 R 
  g930/C                                        +0     148   
  g930/Y          OAI21X1        1 10.9   27   +35     183 F 
  g2/A                                          +0     183   
  g2/YC           FAX1           1  1.5   14   +78     261 F 
  g3/A                                          +0     261   
  g3/Y            INVX1          1  2.0    0    +2     262 R 
  g927/C                                        +0     262   
  g927/Y          OAI21X1        1  1.9    4   +10     273 F 
  g991/A                                        +0     273   
  g991/Y          AND2X1         1  2.6   19   +32     305 F 
  g990/A                                        +0     305   
  g990/Y          OAI21X1        1  2.3   42   +44     349 R 
  g923/A                                        +0     349   
  g923/Y          AND2X1         1  2.0   30   +30     378 R 
  g922/C                                        +0     378   
  g922/Y          OAI21X1        1  1.9    4   +18     396 F 
  g921/A                                        +0     396   
  g921/Y          AND2X1         1  1.9   17   +30     427 F 
  g920/C                                        +0     427   
  g920/Y          OAI21X1       20 82.0  415  +270     697 R 
  g897/S                                        +0     697   
  g897/Y          MUX2X1         1  1.5   59  +103     800 F 
  g887/A                                        +0     800   
  g887/Y          INVX1          4 10.3   25   +44     845 R 
cas1/a_new[1] 
cas3/a[1] 
  g945/B                                        +0     845   
  g945/Y          NAND2X1        1  1.5   20   +17     862 F 
  drc_bufs961/A                                 +0     862   
  drc_bufs961/Y   BUFX2          1  1.9    3   +34     897 F 
  g938/B                                        +0     897   
  g938/Y          NAND2X1        1  1.5   32    +8     904 R 
  drc_bufs960/A                                 +0     904   
  drc_bufs960/Y   BUFX2          1  2.0    8   +34     939 R 
  g936/C                                        +0     939   
  g936/Y          OAI21X1        2  4.1   10   +16     955 F 
  g931/B                                        +0     955   
  g931/Y          OAI21X1        1  2.0   41   +39     994 R 
  g930/C                                        +0     994   
  g930/Y          OAI21X1        1 10.9   27   +35    1029 F 
  g2/A                                          +0    1029   
  g2/YC           FAX1           1  1.5   14   +78    1107 F 
  g3/A                                          +0    1107   
  g3/Y            INVX1          1  2.0    0    +2    1108 R 
  g927/C                                        +0    1108   
  g927/Y          OAI21X1        1  1.9    3   +10    1119 F 
  g991/A                                        +0    1119   
  g991/Y          AND2X1         1  2.6   19   +32    1150 F 
  g990/A                                        +0    1150   
  g990/Y          OAI21X1        1  2.3   42   +44    1194 R 
  g923/A                                        +0    1194   
  g923/Y          AND2X1         1  2.0   30   +30    1224 R 
  g922/C                                        +0    1224   
  g922/Y          OAI21X1        1  1.9    3   +18    1242 F 
  g921/A                                        +0    1242   
  g921/Y          AND2X1         1  1.9   17   +30    1272 F 
  g920/C                                        +0    1272   
  g920/Y          OAI21X1       20 82.0  414  +270    1543 R 
  g918/S                                        +0    1543   
  g918/Y          MUX2X1         1  1.5   59  +103    1646 F 
  g908/A                                        +0    1646   
  g908/Y          INVX1          4 10.3   25   +44    1690 R 
cas3/b_new[1] 
cas5/a[1] 
  g945/B                                        +0    1690   
  g945/Y          NAND2X1        1  1.5   20   +17    1708 F 
  drc_bufs961/A                                 +0    1708   
  drc_bufs961/Y   BUFX2          1  1.9    3   +34    1742 F 
  g938/B                                        +0    1742   
  g938/Y          NAND2X1        1  1.5   32    +8    1750 R 
  drc_bufs960/A                                 +0    1750   
  drc_bufs960/Y   BUFX2          1  2.0    8   +34    1784 R 
  g936/C                                        +0    1784   
  g936/Y          OAI21X1        2  4.1   10   +16    1800 F 
  g931/B                                        +0    1800   
  g931/Y          OAI21X1        1  2.0   41   +39    1839 R 
  g930/C                                        +0    1839   
  g930/Y          OAI21X1        1 10.9   27   +35    1874 F 
  g2/A                                          +0    1874   
  g2/YC           FAX1           1  1.5   14   +78    1952 F 
  g3/A                                          +0    1952   
  g3/Y            INVX1          1  2.0    0    +2    1954 R 
  g927/C                                        +0    1954   
  g927/Y          OAI21X1        1  1.9    3   +10    1964 F 
  g991/A                                        +0    1964   
  g991/Y          AND2X1         1  2.6   19   +32    1996 F 
  g990/A                                        +0    1996   
  g990/Y          OAI21X1        1  2.3   42   +44    2040 R 
  g923/A                                        +0    2040   
  g923/Y          AND2X1         1  2.0   30   +30    2069 R 
  g922/C                                        +0    2069   
  g922/Y          OAI21X1        1  1.9    3   +18    2088 F 
  g921/A                                        +0    2088   
  g921/Y          AND2X1         1  1.9   17   +30    2118 F 
  g920/C                                        +0    2118   
  g920/Y          OAI21X1       20 82.0  414  +270    2388 R 
  g910/S                                        +0    2388   
  g910/Y          MUX2X1         1  1.5   59  +103    2492 F 
  g900/A                                        +0    2492   
  g900/Y          INVX1          1 10.0   23   +44    2535 R 
cas5/b_new[8] 
c_new[8]          out port                      +0    2535 R 
-------------------------------------------------------------
Timing slack :  UNCONSTRAINED
Start-point  : a[0]
End-point    : c_new[8]

path  10:

     Pin           Type     Fanout Load Slew Delay Arrival   
                                   (fF) (ps)  (ps)   (ps)    
-------------------------------------------------------------
a[0]              in port        4 10.2   20    +0       0 R 
cas1/a[0] 
  g945/B                                        +0       0   
  g945/Y          NAND2X1        1  1.5   20   +16      16 F 
  drc_bufs961/A                                 +0      16   
  drc_bufs961/Y   BUFX2          1  1.9    3   +34      51 F 
  g938/B                                        +0      51   
  g938/Y          NAND2X1        1  1.5   32    +8      59 R 
  drc_bufs960/A                                 +0      59   
  drc_bufs960/Y   BUFX2          1  2.0    8   +34      93 R 
  g936/C                                        +0      93   
  g936/Y          OAI21X1        2  4.1   10   +16     109 F 
  g931/B                                        +0     109   
  g931/Y          OAI21X1        1  2.0   41   +39     148 R 
  g930/C                                        +0     148   
  g930/Y          OAI21X1        1 10.9   27   +35     183 F 
  g2/A                                          +0     183   
  g2/YC           FAX1           1  1.5   14   +78     261 F 
  g3/A                                          +0     261   
  g3/Y            INVX1          1  2.0    0    +2     262 R 
  g927/C                                        +0     262   
  g927/Y          OAI21X1        1  1.9    4   +10     273 F 
  g991/A                                        +0     273   
  g991/Y          AND2X1         1  2.6   19   +32     305 F 
  g990/A                                        +0     305   
  g990/Y          OAI21X1        1  2.3   42   +44     349 R 
  g923/A                                        +0     349   
  g923/Y          AND2X1         1  2.0   30   +30     378 R 
  g922/C                                        +0     378   
  g922/Y          OAI21X1        1  1.9    4   +18     396 F 
  g921/A                                        +0     396   
  g921/Y          AND2X1         1  1.9   17   +30     427 F 
  g920/C                                        +0     427   
  g920/Y          OAI21X1       20 82.0  415  +270     697 R 
  g897/S                                        +0     697   
  g897/Y          MUX2X1         1  1.5   59  +103     800 F 
  g887/A                                        +0     800   
  g887/Y          INVX1          4 10.3   25   +44     845 R 
cas1/a_new[1] 
cas3/a[1] 
  g945/B                                        +0     845   
  g945/Y          NAND2X1        1  1.5   20   +17     862 F 
  drc_bufs961/A                                 +0     862   
  drc_bufs961/Y   BUFX2          1  1.9    3   +34     897 F 
  g938/B                                        +0     897   
  g938/Y          NAND2X1        1  1.5   32    +8     904 R 
  drc_bufs960/A                                 +0     904   
  drc_bufs960/Y   BUFX2          1  2.0    8   +34     939 R 
  g936/C                                        +0     939   
  g936/Y          OAI21X1        2  4.1   10   +16     955 F 
  g931/B                                        +0     955   
  g931/Y          OAI21X1        1  2.0   41   +39     994 R 
  g930/C                                        +0     994   
  g930/Y          OAI21X1        1 10.9   27   +35    1029 F 
  g2/A                                          +0    1029   
  g2/YC           FAX1           1  1.5   14   +78    1107 F 
  g3/A                                          +0    1107   
  g3/Y            INVX1          1  2.0    0    +2    1108 R 
  g927/C                                        +0    1108   
  g927/Y          OAI21X1        1  1.9    3   +10    1119 F 
  g991/A                                        +0    1119   
  g991/Y          AND2X1         1  2.6   19   +32    1150 F 
  g990/A                                        +0    1150   
  g990/Y          OAI21X1        1  2.3   42   +44    1194 R 
  g923/A                                        +0    1194   
  g923/Y          AND2X1         1  2.0   30   +30    1224 R 
  g922/C                                        +0    1224   
  g922/Y          OAI21X1        1  1.9    3   +18    1242 F 
  g921/A                                        +0    1242   
  g921/Y          AND2X1         1  1.9   17   +30    1272 F 
  g920/C                                        +0    1272   
  g920/Y          OAI21X1       20 82.0  414  +270    1543 R 
  g918/S                                        +0    1543   
  g918/Y          MUX2X1         1  1.5   59  +103    1646 F 
  g908/A                                        +0    1646   
  g908/Y          INVX1          4 10.3   25   +44    1690 R 
cas3/b_new[1] 
cas5/a[1] 
  g945/B                                        +0    1690   
  g945/Y          NAND2X1        1  1.5   20   +17    1708 F 
  drc_bufs961/A                                 +0    1708   
  drc_bufs961/Y   BUFX2          1  1.9    3   +34    1742 F 
  g938/B                                        +0    1742   
  g938/Y          NAND2X1        1  1.5   32    +8    1750 R 
  drc_bufs960/A                                 +0    1750   
  drc_bufs960/Y   BUFX2          1  2.0    8   +34    1784 R 
  g936/C                                        +0    1784   
  g936/Y          OAI21X1        2  4.1   10   +16    1800 F 
  g931/B                                        +0    1800   
  g931/Y          OAI21X1        1  2.0   41   +39    1839 R 
  g930/C                                        +0    1839   
  g930/Y          OAI21X1        1 10.9   27   +35    1874 F 
  g2/A                                          +0    1874   
  g2/YC           FAX1           1  1.5   14   +78    1952 F 
  g3/A                                          +0    1952   
  g3/Y            INVX1          1  2.0    0    +2    1954 R 
  g927/C                                        +0    1954   
  g927/Y          OAI21X1        1  1.9    3   +10    1964 F 
  g991/A                                        +0    1964   
  g991/Y          AND2X1         1  2.6   19   +32    1996 F 
  g990/A                                        +0    1996   
  g990/Y          OAI21X1        1  2.3   42   +44    2040 R 
  g923/A                                        +0    2040   
  g923/Y          AND2X1         1  2.0   30   +30    2069 R 
  g922/C                                        +0    2069   
  g922/Y          OAI21X1        1  1.9    3   +18    2088 F 
  g921/A                                        +0    2088   
  g921/Y          AND2X1         1  1.9   17   +30    2118 F 
  g920/C                                        +0    2118   
  g920/Y          OAI21X1       20 82.0  414  +270    2388 R 
  g899/S                                        +0    2388   
  g899/Y          MUX2X1         1  1.5   59  +103    2492 F 
  g889/A                                        +0    2492   
  g889/Y          INVX1          1 10.0   23   +44    2535 R 
cas5/b_new[9] 
c_new[9]          out port                      +0    2535 R 
-------------------------------------------------------------
Timing slack :  UNCONSTRAINED
Start-point  : a[0]
End-point    : c_new[9]
