============================================================
  Generated by:           Encounter(R) RTL Compiler RC14.28 - v14.20-s067_1
  Generated on:           Mar 26 2019  09:41:46 pm
  Module:                 dsc_mul
  Technology library:     gscl45nm 
  Operating conditions:   typical (balanced_tree)
  Wireload mode:          enclosed
  Area mode:              timing library
============================================================


-------------------------------------------------------
TCF summary for top design
-------------------------------------------------------
Asserted Primary inputs in design         : 0 (0.00%)
Total connected primary inputs in design  : 15 (100.00%)
-------------------------------------------------------
Asserted sequential outputs               : 0 (0.00%)
Total connected sequential outputs        : 28 (100.00%)
-------------------------------------------------------
Total nets in design                      : 1044 (100.00%)
Nets asserted                             : 0 (0.00%)
Nets computed                             : 692 (66.28%)
Default nets                              : 185 (17.72%)
Clock nets with no assertions             : 19 (1.82%)
Constant nets                             : 116 (11.11%)
Nets with no assertions                   : 1044 (100.00%)
-------------------------------------------------------
