============================================================
  Generated by:           Encounter(R) RTL Compiler RC14.28 - v14.20-s067_1
  Generated on:           Mar 27 2019  12:16:11 am
  Module:                 dsc_mul
  Technology library:     gscl45nm 
  Operating conditions:   typical (balanced_tree)
  Wireload mode:          enclosed
  Area mode:              timing library
============================================================


-------------------------------------------------------
TCF summary for top design
-------------------------------------------------------
Asserted Primary inputs in design         : 0 (0.00%)
Total connected primary inputs in design  : 19 (100.00%)
-------------------------------------------------------
Asserted sequential outputs               : 0 (0.00%)
Total connected sequential outputs        : 37 (100.00%)
-------------------------------------------------------
Total nets in design                      : 1643 (100.00%)
Nets asserted                             : 0 (0.00%)
Nets computed                             : 1113 (67.74%)
Default nets                              : 309 (18.81%)
Clock nets with no assertions             : 26 (1.58%)
Constant nets                             : 153 (9.31%)
Nets with no assertions                   : 1643 (100.00%)
-------------------------------------------------------
