============================================================
  Generated by:           Encounter(R) RTL Compiler RC14.28 - v14.20-s067_1
  Generated on:           Mar 27 2019  01:46:20 am
  Module:                 array_mul
  Technology library:     gscl45nm 
  Operating conditions:   typical (balanced_tree)
  Wireload mode:          enclosed
  Area mode:              timing library
============================================================

 Instance  Cells  Cell Area  Net Area  Total Area  Wireload     
----------------------------------------------------------------
array_mul     27        125         0         125    <none> (D) 
  fa8          1          9         0           9    <none> (D) 
  fa7          1          9         0           9    <none> (D) 
  fa6          1          9         0           9    <none> (D) 
  fa5          1          9         0           9    <none> (D) 
  fa4          1          9         0           9    <none> (D) 
  fa3          1          9         0           9    <none> (D) 
  fa11         1          9         0           9    <none> (D) 
  fa10         1          9         0           9    <none> (D) 
  ha9          1          5         0           5    <none> (D) 
  ha2          1          5         0           5    <none> (D) 
  ha1          1          5         0           5    <none> (D) 
  ha0          1          5         0           5    <none> (D) 

 (D) = wireload is default in technology library
