============================================================
  Generated by:           Encounter(R) RTL Compiler RC14.28 - v14.20-s067_1
  Generated on:           Mar 23 2019  12:48:21 pm
  Module:                 cas3
  Technology library:     gscl45nm 
  Operating conditions:   typical (balanced_tree)
  Wireload mode:          enclosed
  Area mode:              timing library
============================================================


-------------------------------------------------------
TCF summary for top design
-------------------------------------------------------
Asserted Primary inputs in design         : 0 (0.00%)
Total connected primary inputs in design  : 30 (100.00%)
-------------------------------------------------------
Asserted sequential outputs               : 0 (0%)
Total connected sequential outputs        : 0 (100.00%)
-------------------------------------------------------
Total nets in design                      : 804 (100.00%)
Nets asserted                             : 0 (0.00%)
Nets computed                             : 654 (81.34%)
Default nets                              : 150 (18.66%)
Clock nets with no assertions             : 0 (0.00%)
Constant nets                             : 0 (0.00%)
Nets with no assertions                   : 804 (100.00%)
-------------------------------------------------------
