============================================================
  Generated by:           Encounter(R) RTL Compiler RC14.28 - v14.20-s067_1
  Generated on:           Mar 27 2019  12:34:56 am
  Module:                 dsc_mul
  Technology library:     gscl45nm 
  Operating conditions:   typical (balanced_tree)
  Wireload mode:          enclosed
  Area mode:              timing library
============================================================

path   1:

      Pin             Type       Fanout Load Slew Delay Arrival   
                                        (fF) (ps)  (ps)   (ps)    
------------------------------------------------------------------
(clock clk)         launch                                    0 R 
stoch2bin_out
  out_reg[0]/CLK                                0             0 R 
  out_reg[0]/Q      DFFSR             1  1.5   10  +115     115 F 
  drc_bufs279/A                                      +0     115   
  drc_bufs279/Y     BUFX2             3 19.1   25   +50     165 F 
  inc_add_36_16_1/A[0] 
    g247/A                                           +0     165   
    g247/YC         HAX1              1  3.4   20   +55     220 F 
    g246/B                                           +0     220   
    g246/YC         HAX1              1  3.4   20   +50     271 F 
    g245/B                                           +0     271   
    g245/YC         HAX1              1  3.4   20   +50     321 F 
    g244/B                                           +0     321   
    g244/YC         HAX1              1  3.4   20   +50     371 F 
    g243/B                                           +0     371   
    g243/YC         HAX1              1  3.4   20   +50     421 F 
    g242/B                                           +0     421   
    g242/YC         HAX1              1  3.4   20   +50     472 F 
    g241/B                                           +0     472   
    g241/YC         HAX1              1  3.4   20   +50     522 F 
    g240/B                                           +0     522   
    g240/YC         HAX1              1  3.4   20   +50     572 F 
    g239/B                                           +0     572   
    g239/YC         HAX1              1  3.4   20   +50     622 F 
    g238/B                                           +0     622   
    g238/YC         HAX1              1  3.4   20   +50     672 F 
    g237/B                                           +0     672   
    g237/YC         HAX1              1  3.4   20   +50     722 F 
    g236/B                                           +0     722   
    g236/YC         HAX1              1  3.4   20   +50     773 F 
    g235/B                                           +0     773   
    g235/YC         HAX1              1  3.4   20   +50     823 F 
    g234/B                                           +0     823   
    g234/YC         HAX1              1  3.4   20   +50     873 F 
    g233/B                                           +0     873   
    g233/YC         HAX1              1  3.4   20   +50     923 F 
    g232/B                                           +0     923   
    g232/YC         HAX1              1  3.4   20   +50     974 F 
    g231/B                                           +0     974   
    g231/YC         HAX1              1  3.4   20   +50    1024 F 
    g230/B                                           +0    1024   
    g230/YC         HAX1              1  3.4   20   +50    1074 F 
    g229/B                                           +0    1074   
    g229/YC         HAX1              1  3.4   20   +50    1124 F 
    g228/B                                           +0    1124   
    g228/YC         HAX1              1  3.4   20   +50    1174 F 
    g227/B                                           +0    1174   
    g227/YC         HAX1              1  3.4   20   +50    1224 F 
    g226/B                                           +0    1224   
    g226/YC         HAX1              1  3.4   20   +50    1275 F 
    g225/B                                           +0    1275   
    g225/YC         HAX1              1  3.4   20   +50    1325 F 
    g224/B                                           +0    1325   
    g224/YC         HAX1              1  3.4   20   +50    1375 F 
    g223/B                                           +0    1375   
    g223/YC         HAX1              1  3.4   20   +50    1425 F 
    g222/B                                           +0    1425   
    g222/YC         HAX1              1  3.4   20   +50    1476 F 
    g221/B                                           +0    1476   
    g221/YC         HAX1              1  3.4   20   +50    1526 F 
    g220/B                                           +0    1526   
    g220/YC         HAX1              1  3.4   20   +50    1576 F 
    g219/B                                           +0    1576   
    g219/YC         HAX1              1  3.4   20   +50    1626 F 
    g218/B                                           +0    1626   
    g218/YC         HAX1              1  5.0   24   +54    1680 F 
    g217/A                                           +0    1680   
    g217/Y          XOR2X1            1  2.8   45   +36    1716 R 
  inc_add_36_16_1/Z[31] 
  g113/A                                             +0    1716   
  g113/Y            MUX2X1            1  1.5  103   +28    1744 F 
  g97/A                                              +0    1744   
  g97/Y             INVX1             1  2.0    0   +33    1778 R 
  out_reg[31]/D     DFFSR                            +0    1778   
  out_reg[31]/CLK   setup                       0   +70    1848 R 
- - - - - - - - - - - - - - - - - - - - - - - - - - - - - - - - - 
(clock clk)         capture                                5000 R 
                    uncertainty                     -50    4950 R 
------------------------------------------------------------------
Cost Group   : 'clk' (path_group 'clk')
Timing slack :    3102ps 
Start-point  : stoch2bin_out/out_reg[0]/CLK
End-point    : stoch2bin_out/out_reg[31]/D

path   2:

      Pin             Type       Fanout Load Slew Delay Arrival   
                                        (fF) (ps)  (ps)   (ps)    
------------------------------------------------------------------
(clock clk)         launch                                    0 R 
stoch2bin_out
  out_reg[0]/CLK                                0             0 R 
  out_reg[0]/Q      DFFSR             1  1.5   10  +115     115 F 
  drc_bufs279/A                                      +0     115   
  drc_bufs279/Y     BUFX2             3 19.1   25   +50     165 F 
  inc_add_36_16_1/A[0] 
    g247/A                                           +0     165   
    g247/YC         HAX1              1  3.4   20   +55     220 F 
    g246/B                                           +0     220   
    g246/YC         HAX1              1  3.4   20   +50     271 F 
    g245/B                                           +0     271   
    g245/YC         HAX1              1  3.4   20   +50     321 F 
    g244/B                                           +0     321   
    g244/YC         HAX1              1  3.4   20   +50     371 F 
    g243/B                                           +0     371   
    g243/YC         HAX1              1  3.4   20   +50     421 F 
    g242/B                                           +0     421   
    g242/YC         HAX1              1  3.4   20   +50     472 F 
    g241/B                                           +0     472   
    g241/YC         HAX1              1  3.4   20   +50     522 F 
    g240/B                                           +0     522   
    g240/YC         HAX1              1  3.4   20   +50     572 F 
    g239/B                                           +0     572   
    g239/YC         HAX1              1  3.4   20   +50     622 F 
    g238/B                                           +0     622   
    g238/YC         HAX1              1  3.4   20   +50     672 F 
    g237/B                                           +0     672   
    g237/YC         HAX1              1  3.4   20   +50     722 F 
    g236/B                                           +0     722   
    g236/YC         HAX1              1  3.4   20   +50     773 F 
    g235/B                                           +0     773   
    g235/YC         HAX1              1  3.4   20   +50     823 F 
    g234/B                                           +0     823   
    g234/YC         HAX1              1  3.4   20   +50     873 F 
    g233/B                                           +0     873   
    g233/YC         HAX1              1  3.4   20   +50     923 F 
    g232/B                                           +0     923   
    g232/YC         HAX1              1  3.4   20   +50     974 F 
    g231/B                                           +0     974   
    g231/YC         HAX1              1  3.4   20   +50    1024 F 
    g230/B                                           +0    1024   
    g230/YC         HAX1              1  3.4   20   +50    1074 F 
    g229/B                                           +0    1074   
    g229/YC         HAX1              1  3.4   20   +50    1124 F 
    g228/B                                           +0    1124   
    g228/YC         HAX1              1  3.4   20   +50    1174 F 
    g227/B                                           +0    1174   
    g227/YC         HAX1              1  3.4   20   +50    1224 F 
    g226/B                                           +0    1224   
    g226/YC         HAX1              1  3.4   20   +50    1275 F 
    g225/B                                           +0    1275   
    g225/YC         HAX1              1  3.4   20   +50    1325 F 
    g224/B                                           +0    1325   
    g224/YC         HAX1              1  3.4   20   +50    1375 F 
    g223/B                                           +0    1375   
    g223/YC         HAX1              1  3.4   20   +50    1425 F 
    g222/B                                           +0    1425   
    g222/YC         HAX1              1  3.4   20   +50    1476 F 
    g221/B                                           +0    1476   
    g221/YC         HAX1              1  3.4   20   +50    1526 F 
    g220/B                                           +0    1526   
    g220/YC         HAX1              1  3.4   20   +50    1576 F 
    g219/B                                           +0    1576   
    g219/YC         HAX1              1  3.4   20   +50    1626 F 
    g218/B                                           +0    1626   
    g218/YS         HAX1              1  2.8   18   +51    1677 R 
  inc_add_36_16_1/Z[30] 
  g112/A                                             +0    1677   
  g112/Y            MUX2X1            1  1.5  103   +22    1699 F 
  g96/A                                              +0    1699   
  g96/Y             INVX1             1  2.0    0   +33    1732 R 
  out_reg[30]/D     DFFSR                            +0    1732   
  out_reg[30]/CLK   setup                       0   +70    1803 R 
- - - - - - - - - - - - - - - - - - - - - - - - - - - - - - - - - 
(clock clk)         capture                                5000 R 
                    uncertainty                     -50    4950 R 
------------------------------------------------------------------
Cost Group   : 'clk' (path_group 'clk')
Timing slack :    3147ps 
Start-point  : stoch2bin_out/out_reg[0]/CLK
End-point    : stoch2bin_out/out_reg[30]/D

path   3:

      Pin             Type       Fanout Load Slew Delay Arrival   
                                        (fF) (ps)  (ps)   (ps)    
------------------------------------------------------------------
(clock clk)         launch                                    0 R 
stoch2bin_out
  out_reg[0]/CLK                                0             0 R 
  out_reg[0]/Q      DFFSR             1  1.5   10  +115     115 F 
  drc_bufs279/A                                      +0     115   
  drc_bufs279/Y     BUFX2             3 19.1   25   +50     165 F 
  inc_add_36_16_1/A[0] 
    g247/A                                           +0     165   
    g247/YC         HAX1              1  3.4   20   +55     220 F 
    g246/B                                           +0     220   
    g246/YC         HAX1              1  3.4   20   +50     271 F 
    g245/B                                           +0     271   
    g245/YC         HAX1              1  3.4   20   +50     321 F 
    g244/B                                           +0     321   
    g244/YC         HAX1              1  3.4   20   +50     371 F 
    g243/B                                           +0     371   
    g243/YC         HAX1              1  3.4   20   +50     421 F 
    g242/B                                           +0     421   
    g242/YC         HAX1              1  3.4   20   +50     472 F 
    g241/B                                           +0     472   
    g241/YC         HAX1              1  3.4   20   +50     522 F 
    g240/B                                           +0     522   
    g240/YC         HAX1              1  3.4   20   +50     572 F 
    g239/B                                           +0     572   
    g239/YC         HAX1              1  3.4   20   +50     622 F 
    g238/B                                           +0     622   
    g238/YC         HAX1              1  3.4   20   +50     672 F 
    g237/B                                           +0     672   
    g237/YC         HAX1              1  3.4   20   +50     722 F 
    g236/B                                           +0     722   
    g236/YC         HAX1              1  3.4   20   +50     773 F 
    g235/B                                           +0     773   
    g235/YC         HAX1              1  3.4   20   +50     823 F 
    g234/B                                           +0     823   
    g234/YC         HAX1              1  3.4   20   +50     873 F 
    g233/B                                           +0     873   
    g233/YC         HAX1              1  3.4   20   +50     923 F 
    g232/B                                           +0     923   
    g232/YC         HAX1              1  3.4   20   +50     974 F 
    g231/B                                           +0     974   
    g231/YC         HAX1              1  3.4   20   +50    1024 F 
    g230/B                                           +0    1024   
    g230/YC         HAX1              1  3.4   20   +50    1074 F 
    g229/B                                           +0    1074   
    g229/YC         HAX1              1  3.4   20   +50    1124 F 
    g228/B                                           +0    1124   
    g228/YC         HAX1              1  3.4   20   +50    1174 F 
    g227/B                                           +0    1174   
    g227/YC         HAX1              1  3.4   20   +50    1224 F 
    g226/B                                           +0    1224   
    g226/YC         HAX1              1  3.4   20   +50    1275 F 
    g225/B                                           +0    1275   
    g225/YC         HAX1              1  3.4   20   +50    1325 F 
    g224/B                                           +0    1325   
    g224/YC         HAX1              1  3.4   20   +50    1375 F 
    g223/B                                           +0    1375   
    g223/YC         HAX1              1  3.4   20   +50    1425 F 
    g222/B                                           +0    1425   
    g222/YC         HAX1              1  3.4   20   +50    1476 F 
    g221/B                                           +0    1476   
    g221/YC         HAX1              1  3.4   20   +50    1526 F 
    g220/B                                           +0    1526   
    g220/YC         HAX1              1  3.4   20   +50    1576 F 
    g219/B                                           +0    1576   
    g219/YS         HAX1              1  2.8   18   +51    1627 R 
  inc_add_36_16_1/Z[29] 
  g110/A                                             +0    1627   
  g110/Y            MUX2X1            1  1.5  103   +22    1649 F 
  g94/A                                              +0    1649   
  g94/Y             INVX1             1  2.0    0   +33    1682 R 
  out_reg[29]/D     DFFSR                            +0    1682   
  out_reg[29]/CLK   setup                       0   +70    1753 R 
- - - - - - - - - - - - - - - - - - - - - - - - - - - - - - - - - 
(clock clk)         capture                                5000 R 
                    uncertainty                     -50    4950 R 
------------------------------------------------------------------
Cost Group   : 'clk' (path_group 'clk')
Timing slack :    3197ps 
Start-point  : stoch2bin_out/out_reg[0]/CLK
End-point    : stoch2bin_out/out_reg[29]/D

path   4:

      Pin             Type       Fanout Load Slew Delay Arrival   
                                        (fF) (ps)  (ps)   (ps)    
------------------------------------------------------------------
(clock clk)         launch                                    0 R 
stoch2bin_out
  out_reg[0]/CLK                                0             0 R 
  out_reg[0]/Q      DFFSR             1  1.5   10  +115     115 F 
  drc_bufs279/A                                      +0     115   
  drc_bufs279/Y     BUFX2             3 19.1   25   +50     165 F 
  inc_add_36_16_1/A[0] 
    g247/A                                           +0     165   
    g247/YC         HAX1              1  3.4   20   +55     220 F 
    g246/B                                           +0     220   
    g246/YC         HAX1              1  3.4   20   +50     271 F 
    g245/B                                           +0     271   
    g245/YC         HAX1              1  3.4   20   +50     321 F 
    g244/B                                           +0     321   
    g244/YC         HAX1              1  3.4   20   +50     371 F 
    g243/B                                           +0     371   
    g243/YC         HAX1              1  3.4   20   +50     421 F 
    g242/B                                           +0     421   
    g242/YC         HAX1              1  3.4   20   +50     472 F 
    g241/B                                           +0     472   
    g241/YC         HAX1              1  3.4   20   +50     522 F 
    g240/B                                           +0     522   
    g240/YC         HAX1              1  3.4   20   +50     572 F 
    g239/B                                           +0     572   
    g239/YC         HAX1              1  3.4   20   +50     622 F 
    g238/B                                           +0     622   
    g238/YC         HAX1              1  3.4   20   +50     672 F 
    g237/B                                           +0     672   
    g237/YC         HAX1              1  3.4   20   +50     722 F 
    g236/B                                           +0     722   
    g236/YC         HAX1              1  3.4   20   +50     773 F 
    g235/B                                           +0     773   
    g235/YC         HAX1              1  3.4   20   +50     823 F 
    g234/B                                           +0     823   
    g234/YC         HAX1              1  3.4   20   +50     873 F 
    g233/B                                           +0     873   
    g233/YC         HAX1              1  3.4   20   +50     923 F 
    g232/B                                           +0     923   
    g232/YC         HAX1              1  3.4   20   +50     974 F 
    g231/B                                           +0     974   
    g231/YC         HAX1              1  3.4   20   +50    1024 F 
    g230/B                                           +0    1024   
    g230/YC         HAX1              1  3.4   20   +50    1074 F 
    g229/B                                           +0    1074   
    g229/YC         HAX1              1  3.4   20   +50    1124 F 
    g228/B                                           +0    1124   
    g228/YC         HAX1              1  3.4   20   +50    1174 F 
    g227/B                                           +0    1174   
    g227/YC         HAX1              1  3.4   20   +50    1224 F 
    g226/B                                           +0    1224   
    g226/YC         HAX1              1  3.4   20   +50    1275 F 
    g225/B                                           +0    1275   
    g225/YC         HAX1              1  3.4   20   +50    1325 F 
    g224/B                                           +0    1325   
    g224/YC         HAX1              1  3.4   20   +50    1375 F 
    g223/B                                           +0    1375   
    g223/YC         HAX1              1  3.4   20   +50    1425 F 
    g222/B                                           +0    1425   
    g222/YC         HAX1              1  3.4   20   +50    1476 F 
    g221/B                                           +0    1476   
    g221/YC         HAX1              1  3.4   20   +50    1526 F 
    g220/B                                           +0    1526   
    g220/YS         HAX1              1  2.8   18   +51    1577 R 
  inc_add_36_16_1/Z[28] 
  g108/A                                             +0    1577   
  g108/Y            MUX2X1            1  1.5  103   +22    1599 F 
  g92/A                                              +0    1599   
  g92/Y             INVX1             1  2.0    0   +33    1632 R 
  out_reg[28]/D     DFFSR                            +0    1632   
  out_reg[28]/CLK   setup                       0   +70    1702 R 
- - - - - - - - - - - - - - - - - - - - - - - - - - - - - - - - - 
(clock clk)         capture                                5000 R 
                    uncertainty                     -50    4950 R 
------------------------------------------------------------------
Cost Group   : 'clk' (path_group 'clk')
Timing slack :    3248ps 
Start-point  : stoch2bin_out/out_reg[0]/CLK
End-point    : stoch2bin_out/out_reg[28]/D

path   5:

      Pin             Type       Fanout Load Slew Delay Arrival   
                                        (fF) (ps)  (ps)   (ps)    
------------------------------------------------------------------
(clock clk)         launch                                    0 R 
stoch2bin_out
  out_reg[0]/CLK                                0             0 R 
  out_reg[0]/Q      DFFSR             1  1.5   10  +115     115 F 
  drc_bufs279/A                                      +0     115   
  drc_bufs279/Y     BUFX2             3 19.1   25   +50     165 F 
  inc_add_36_16_1/A[0] 
    g247/A                                           +0     165   
    g247/YC         HAX1              1  3.4   20   +55     220 F 
    g246/B                                           +0     220   
    g246/YC         HAX1              1  3.4   20   +50     271 F 
    g245/B                                           +0     271   
    g245/YC         HAX1              1  3.4   20   +50     321 F 
    g244/B                                           +0     321   
    g244/YC         HAX1              1  3.4   20   +50     371 F 
    g243/B                                           +0     371   
    g243/YC         HAX1              1  3.4   20   +50     421 F 
    g242/B                                           +0     421   
    g242/YC         HAX1              1  3.4   20   +50     472 F 
    g241/B                                           +0     472   
    g241/YC         HAX1              1  3.4   20   +50     522 F 
    g240/B                                           +0     522   
    g240/YC         HAX1              1  3.4   20   +50     572 F 
    g239/B                                           +0     572   
    g239/YC         HAX1              1  3.4   20   +50     622 F 
    g238/B                                           +0     622   
    g238/YC         HAX1              1  3.4   20   +50     672 F 
    g237/B                                           +0     672   
    g237/YC         HAX1              1  3.4   20   +50     722 F 
    g236/B                                           +0     722   
    g236/YC         HAX1              1  3.4   20   +50     773 F 
    g235/B                                           +0     773   
    g235/YC         HAX1              1  3.4   20   +50     823 F 
    g234/B                                           +0     823   
    g234/YC         HAX1              1  3.4   20   +50     873 F 
    g233/B                                           +0     873   
    g233/YC         HAX1              1  3.4   20   +50     923 F 
    g232/B                                           +0     923   
    g232/YC         HAX1              1  3.4   20   +50     974 F 
    g231/B                                           +0     974   
    g231/YC         HAX1              1  3.4   20   +50    1024 F 
    g230/B                                           +0    1024   
    g230/YC         HAX1              1  3.4   20   +50    1074 F 
    g229/B                                           +0    1074   
    g229/YC         HAX1              1  3.4   20   +50    1124 F 
    g228/B                                           +0    1124   
    g228/YC         HAX1              1  3.4   20   +50    1174 F 
    g227/B                                           +0    1174   
    g227/YC         HAX1              1  3.4   20   +50    1224 F 
    g226/B                                           +0    1224   
    g226/YC         HAX1              1  3.4   20   +50    1275 F 
    g225/B                                           +0    1275   
    g225/YC         HAX1              1  3.4   20   +50    1325 F 
    g224/B                                           +0    1325   
    g224/YC         HAX1              1  3.4   20   +50    1375 F 
    g223/B                                           +0    1375   
    g223/YC         HAX1              1  3.4   20   +50    1425 F 
    g222/B                                           +0    1425   
    g222/YC         HAX1              1  3.4   20   +50    1476 F 
    g221/B                                           +0    1476   
    g221/YS         HAX1              1  2.8   18   +51    1526 R 
  inc_add_36_16_1/Z[27] 
  g106/A                                             +0    1526   
  g106/Y            MUX2X1            1  1.5  103   +22    1549 F 
  g90/A                                              +0    1549   
  g90/Y             INVX1             1  2.0    0   +33    1582 R 
  out_reg[27]/D     DFFSR                            +0    1582   
  out_reg[27]/CLK   setup                       0   +70    1652 R 
- - - - - - - - - - - - - - - - - - - - - - - - - - - - - - - - - 
(clock clk)         capture                                5000 R 
                    uncertainty                     -50    4950 R 
------------------------------------------------------------------
Cost Group   : 'clk' (path_group 'clk')
Timing slack :    3298ps 
Start-point  : stoch2bin_out/out_reg[0]/CLK
End-point    : stoch2bin_out/out_reg[27]/D

path   6:

      Pin             Type       Fanout Load Slew Delay Arrival   
                                        (fF) (ps)  (ps)   (ps)    
------------------------------------------------------------------
(clock clk)         launch                                    0 R 
stoch2bin_out
  out_reg[0]/CLK                                0             0 R 
  out_reg[0]/Q      DFFSR             1  1.5   10  +115     115 F 
  drc_bufs279/A                                      +0     115   
  drc_bufs279/Y     BUFX2             3 19.1   25   +50     165 F 
  inc_add_36_16_1/A[0] 
    g247/A                                           +0     165   
    g247/YC         HAX1              1  3.4   20   +55     220 F 
    g246/B                                           +0     220   
    g246/YC         HAX1              1  3.4   20   +50     271 F 
    g245/B                                           +0     271   
    g245/YC         HAX1              1  3.4   20   +50     321 F 
    g244/B                                           +0     321   
    g244/YC         HAX1              1  3.4   20   +50     371 F 
    g243/B                                           +0     371   
    g243/YC         HAX1              1  3.4   20   +50     421 F 
    g242/B                                           +0     421   
    g242/YC         HAX1              1  3.4   20   +50     472 F 
    g241/B                                           +0     472   
    g241/YC         HAX1              1  3.4   20   +50     522 F 
    g240/B                                           +0     522   
    g240/YC         HAX1              1  3.4   20   +50     572 F 
    g239/B                                           +0     572   
    g239/YC         HAX1              1  3.4   20   +50     622 F 
    g238/B                                           +0     622   
    g238/YC         HAX1              1  3.4   20   +50     672 F 
    g237/B                                           +0     672   
    g237/YC         HAX1              1  3.4   20   +50     722 F 
    g236/B                                           +0     722   
    g236/YC         HAX1              1  3.4   20   +50     773 F 
    g235/B                                           +0     773   
    g235/YC         HAX1              1  3.4   20   +50     823 F 
    g234/B                                           +0     823   
    g234/YC         HAX1              1  3.4   20   +50     873 F 
    g233/B                                           +0     873   
    g233/YC         HAX1              1  3.4   20   +50     923 F 
    g232/B                                           +0     923   
    g232/YC         HAX1              1  3.4   20   +50     974 F 
    g231/B                                           +0     974   
    g231/YC         HAX1              1  3.4   20   +50    1024 F 
    g230/B                                           +0    1024   
    g230/YC         HAX1              1  3.4   20   +50    1074 F 
    g229/B                                           +0    1074   
    g229/YC         HAX1              1  3.4   20   +50    1124 F 
    g228/B                                           +0    1124   
    g228/YC         HAX1              1  3.4   20   +50    1174 F 
    g227/B                                           +0    1174   
    g227/YC         HAX1              1  3.4   20   +50    1224 F 
    g226/B                                           +0    1224   
    g226/YC         HAX1              1  3.4   20   +50    1275 F 
    g225/B                                           +0    1275   
    g225/YC         HAX1              1  3.4   20   +50    1325 F 
    g224/B                                           +0    1325   
    g224/YC         HAX1              1  3.4   20   +50    1375 F 
    g223/B                                           +0    1375   
    g223/YC         HAX1              1  3.4   20   +50    1425 F 
    g222/B                                           +0    1425   
    g222/YS         HAX1              1  2.8   18   +51    1476 R 
  inc_add_36_16_1/Z[26] 
  g105/A                                             +0    1476   
  g105/Y            MUX2X1            1  1.5  103   +22    1498 F 
  g89/A                                              +0    1498   
  g89/Y             INVX1             1  2.0    0   +33    1532 R 
  out_reg[26]/D     DFFSR                            +0    1532   
  out_reg[26]/CLK   setup                       0   +70    1602 R 
- - - - - - - - - - - - - - - - - - - - - - - - - - - - - - - - - 
(clock clk)         capture                                5000 R 
                    uncertainty                     -50    4950 R 
------------------------------------------------------------------
Cost Group   : 'clk' (path_group 'clk')
Timing slack :    3348ps 
Start-point  : stoch2bin_out/out_reg[0]/CLK
End-point    : stoch2bin_out/out_reg[26]/D

path   7:

      Pin             Type       Fanout Load Slew Delay Arrival   
                                        (fF) (ps)  (ps)   (ps)    
------------------------------------------------------------------
(clock clk)         launch                                    0 R 
stoch2bin_out
  out_reg[0]/CLK                                0             0 R 
  out_reg[0]/Q      DFFSR             1  1.5   10  +115     115 F 
  drc_bufs279/A                                      +0     115   
  drc_bufs279/Y     BUFX2             3 19.1   25   +50     165 F 
  inc_add_36_16_1/A[0] 
    g247/A                                           +0     165   
    g247/YC         HAX1              1  3.4   20   +55     220 F 
    g246/B                                           +0     220   
    g246/YC         HAX1              1  3.4   20   +50     271 F 
    g245/B                                           +0     271   
    g245/YC         HAX1              1  3.4   20   +50     321 F 
    g244/B                                           +0     321   
    g244/YC         HAX1              1  3.4   20   +50     371 F 
    g243/B                                           +0     371   
    g243/YC         HAX1              1  3.4   20   +50     421 F 
    g242/B                                           +0     421   
    g242/YC         HAX1              1  3.4   20   +50     472 F 
    g241/B                                           +0     472   
    g241/YC         HAX1              1  3.4   20   +50     522 F 
    g240/B                                           +0     522   
    g240/YC         HAX1              1  3.4   20   +50     572 F 
    g239/B                                           +0     572   
    g239/YC         HAX1              1  3.4   20   +50     622 F 
    g238/B                                           +0     622   
    g238/YC         HAX1              1  3.4   20   +50     672 F 
    g237/B                                           +0     672   
    g237/YC         HAX1              1  3.4   20   +50     722 F 
    g236/B                                           +0     722   
    g236/YC         HAX1              1  3.4   20   +50     773 F 
    g235/B                                           +0     773   
    g235/YC         HAX1              1  3.4   20   +50     823 F 
    g234/B                                           +0     823   
    g234/YC         HAX1              1  3.4   20   +50     873 F 
    g233/B                                           +0     873   
    g233/YC         HAX1              1  3.4   20   +50     923 F 
    g232/B                                           +0     923   
    g232/YC         HAX1              1  3.4   20   +50     974 F 
    g231/B                                           +0     974   
    g231/YC         HAX1              1  3.4   20   +50    1024 F 
    g230/B                                           +0    1024   
    g230/YC         HAX1              1  3.4   20   +50    1074 F 
    g229/B                                           +0    1074   
    g229/YC         HAX1              1  3.4   20   +50    1124 F 
    g228/B                                           +0    1124   
    g228/YC         HAX1              1  3.4   20   +50    1174 F 
    g227/B                                           +0    1174   
    g227/YC         HAX1              1  3.4   20   +50    1224 F 
    g226/B                                           +0    1224   
    g226/YC         HAX1              1  3.4   20   +50    1275 F 
    g225/B                                           +0    1275   
    g225/YC         HAX1              1  3.4   20   +50    1325 F 
    g224/B                                           +0    1325   
    g224/YC         HAX1              1  3.4   20   +50    1375 F 
    g223/B                                           +0    1375   
    g223/YS         HAX1              1  2.8   18   +51    1426 R 
  inc_add_36_16_1/Z[25] 
  g104/A                                             +0    1426   
  g104/Y            MUX2X1            1  1.5  103   +22    1448 F 
  g88/A                                              +0    1448   
  g88/Y             INVX1             1  2.0    0   +33    1482 R 
  out_reg[25]/D     DFFSR                            +0    1482   
  out_reg[25]/CLK   setup                       0   +70    1552 R 
- - - - - - - - - - - - - - - - - - - - - - - - - - - - - - - - - 
(clock clk)         capture                                5000 R 
                    uncertainty                     -50    4950 R 
------------------------------------------------------------------
Cost Group   : 'clk' (path_group 'clk')
Timing slack :    3398ps 
Start-point  : stoch2bin_out/out_reg[0]/CLK
End-point    : stoch2bin_out/out_reg[25]/D

path   8:

      Pin             Type       Fanout Load Slew Delay Arrival   
                                        (fF) (ps)  (ps)   (ps)    
------------------------------------------------------------------
(clock clk)         launch                                    0 R 
stoch2bin_out
  out_reg[0]/CLK                                0             0 R 
  out_reg[0]/Q      DFFSR             1  1.5   10  +115     115 F 
  drc_bufs279/A                                      +0     115   
  drc_bufs279/Y     BUFX2             3 19.1   25   +50     165 F 
  inc_add_36_16_1/A[0] 
    g247/A                                           +0     165   
    g247/YC         HAX1              1  3.4   20   +55     220 F 
    g246/B                                           +0     220   
    g246/YC         HAX1              1  3.4   20   +50     271 F 
    g245/B                                           +0     271   
    g245/YC         HAX1              1  3.4   20   +50     321 F 
    g244/B                                           +0     321   
    g244/YC         HAX1              1  3.4   20   +50     371 F 
    g243/B                                           +0     371   
    g243/YC         HAX1              1  3.4   20   +50     421 F 
    g242/B                                           +0     421   
    g242/YC         HAX1              1  3.4   20   +50     472 F 
    g241/B                                           +0     472   
    g241/YC         HAX1              1  3.4   20   +50     522 F 
    g240/B                                           +0     522   
    g240/YC         HAX1              1  3.4   20   +50     572 F 
    g239/B                                           +0     572   
    g239/YC         HAX1              1  3.4   20   +50     622 F 
    g238/B                                           +0     622   
    g238/YC         HAX1              1  3.4   20   +50     672 F 
    g237/B                                           +0     672   
    g237/YC         HAX1              1  3.4   20   +50     722 F 
    g236/B                                           +0     722   
    g236/YC         HAX1              1  3.4   20   +50     773 F 
    g235/B                                           +0     773   
    g235/YC         HAX1              1  3.4   20   +50     823 F 
    g234/B                                           +0     823   
    g234/YC         HAX1              1  3.4   20   +50     873 F 
    g233/B                                           +0     873   
    g233/YC         HAX1              1  3.4   20   +50     923 F 
    g232/B                                           +0     923   
    g232/YC         HAX1              1  3.4   20   +50     974 F 
    g231/B                                           +0     974   
    g231/YC         HAX1              1  3.4   20   +50    1024 F 
    g230/B                                           +0    1024   
    g230/YC         HAX1              1  3.4   20   +50    1074 F 
    g229/B                                           +0    1074   
    g229/YC         HAX1              1  3.4   20   +50    1124 F 
    g228/B                                           +0    1124   
    g228/YC         HAX1              1  3.4   20   +50    1174 F 
    g227/B                                           +0    1174   
    g227/YC         HAX1              1  3.4   20   +50    1224 F 
    g226/B                                           +0    1224   
    g226/YC         HAX1              1  3.4   20   +50    1275 F 
    g225/B                                           +0    1275   
    g225/YC         HAX1              1  3.4   20   +50    1325 F 
    g224/B                                           +0    1325   
    g224/YS         HAX1              1  2.8   18   +51    1376 R 
  inc_add_36_16_1/Z[24] 
  g103/A                                             +0    1376   
  g103/Y            MUX2X1            1  1.5  103   +22    1398 F 
  g87/A                                              +0    1398   
  g87/Y             INVX1             1  2.0    0   +33    1431 R 
  out_reg[24]/D     DFFSR                            +0    1431   
  out_reg[24]/CLK   setup                       0   +70    1502 R 
- - - - - - - - - - - - - - - - - - - - - - - - - - - - - - - - - 
(clock clk)         capture                                5000 R 
                    uncertainty                     -50    4950 R 
------------------------------------------------------------------
Cost Group   : 'clk' (path_group 'clk')
Timing slack :    3448ps 
Start-point  : stoch2bin_out/out_reg[0]/CLK
End-point    : stoch2bin_out/out_reg[24]/D

path   9:

      Pin             Type       Fanout Load Slew Delay Arrival   
                                        (fF) (ps)  (ps)   (ps)    
------------------------------------------------------------------
(clock clk)         launch                                    0 R 
stoch2bin_out
  out_reg[0]/CLK                                0             0 R 
  out_reg[0]/Q      DFFSR             1  1.5   10  +115     115 F 
  drc_bufs279/A                                      +0     115   
  drc_bufs279/Y     BUFX2             3 19.1   25   +50     165 F 
  inc_add_36_16_1/A[0] 
    g247/A                                           +0     165   
    g247/YC         HAX1              1  3.4   20   +55     220 F 
    g246/B                                           +0     220   
    g246/YC         HAX1              1  3.4   20   +50     271 F 
    g245/B                                           +0     271   
    g245/YC         HAX1              1  3.4   20   +50     321 F 
    g244/B                                           +0     321   
    g244/YC         HAX1              1  3.4   20   +50     371 F 
    g243/B                                           +0     371   
    g243/YC         HAX1              1  3.4   20   +50     421 F 
    g242/B                                           +0     421   
    g242/YC         HAX1              1  3.4   20   +50     472 F 
    g241/B                                           +0     472   
    g241/YC         HAX1              1  3.4   20   +50     522 F 
    g240/B                                           +0     522   
    g240/YC         HAX1              1  3.4   20   +50     572 F 
    g239/B                                           +0     572   
    g239/YC         HAX1              1  3.4   20   +50     622 F 
    g238/B                                           +0     622   
    g238/YC         HAX1              1  3.4   20   +50     672 F 
    g237/B                                           +0     672   
    g237/YC         HAX1              1  3.4   20   +50     722 F 
    g236/B                                           +0     722   
    g236/YC         HAX1              1  3.4   20   +50     773 F 
    g235/B                                           +0     773   
    g235/YC         HAX1              1  3.4   20   +50     823 F 
    g234/B                                           +0     823   
    g234/YC         HAX1              1  3.4   20   +50     873 F 
    g233/B                                           +0     873   
    g233/YC         HAX1              1  3.4   20   +50     923 F 
    g232/B                                           +0     923   
    g232/YC         HAX1              1  3.4   20   +50     974 F 
    g231/B                                           +0     974   
    g231/YC         HAX1              1  3.4   20   +50    1024 F 
    g230/B                                           +0    1024   
    g230/YC         HAX1              1  3.4   20   +50    1074 F 
    g229/B                                           +0    1074   
    g229/YC         HAX1              1  3.4   20   +50    1124 F 
    g228/B                                           +0    1124   
    g228/YC         HAX1              1  3.4   20   +50    1174 F 
    g227/B                                           +0    1174   
    g227/YC         HAX1              1  3.4   20   +50    1224 F 
    g226/B                                           +0    1224   
    g226/YC         HAX1              1  3.4   20   +50    1275 F 
    g225/B                                           +0    1275   
    g225/YS         HAX1              1  2.8   18   +51    1326 R 
  inc_add_36_16_1/Z[23] 
  g102/A                                             +0    1326   
  g102/Y            MUX2X1            1  1.5  103   +22    1348 F 
  g86/A                                              +0    1348   
  g86/Y             INVX1             1  2.0    0   +33    1381 R 
  out_reg[23]/D     DFFSR                            +0    1381   
  out_reg[23]/CLK   setup                       0   +70    1452 R 
- - - - - - - - - - - - - - - - - - - - - - - - - - - - - - - - - 
(clock clk)         capture                                5000 R 
                    uncertainty                     -50    4950 R 
------------------------------------------------------------------
Cost Group   : 'clk' (path_group 'clk')
Timing slack :    3498ps 
Start-point  : stoch2bin_out/out_reg[0]/CLK
End-point    : stoch2bin_out/out_reg[23]/D

path  10:

        Pin              Type       Fanout  Load Slew Delay Arrival   
                                            (fF) (ps)  (ps)   (ps)    
----------------------------------------------------------------------
(clock clk_int1)       launch                                     0 R 
prg_c
  prg_ab
    ctr4
      out_reg[1]/CLK                                0             0 R 
      out_reg[1]/Q     DFFSR             1   1.5   10  +109     109 R 
      drc_bufs312/A                                      +0     109   
      drc_bufs312/Y    BUFX2             6  13.7   33   +51     159 R 
    ctr4/out[1] 
    comp8_a/b[1] 
      comp1/b 
        g28/A                                            +0     159   
        g28/Y          INVX1             1   3.4   14   +24     184 F 
        g27/B                                            +0     184   
        g27/YS         HAX1              1   2.7   18   +50     234 R 
      comp1/equal 
      g190/B                                             +0     234   
      g190/Y           AOI21X1           1   1.5   15   +25     259 F 
      drc_bufs196/A                                      +0     259   
      drc_bufs196/Y    BUFX2             1   1.5    2   +33     292 F 
      g189/A                                             +0     292   
      g189/Y           INVX1             1   2.7    0    -0     291 R 
      g188/B                                             +0     291   
      g188/Y           AOI21X1           1   1.5   16   +21     312 F 
      drc_bufs195/A                                      +0     312   
      drc_bufs195/Y    BUFX2             1   2.6    3   +34     346 F 
      g187/B                                             +0     346   
      g187/Y           OAI21X1           1   2.7   44   +40     386 R 
      g186/B                                             +0     386   
      g186/Y           AOI21X1           1   1.5   15   +31     417 F 
      drc_bufs194/A                                      +0     417   
      drc_bufs194/Y    BUFX2             1   2.6    3   +34     451 F 
      g185/B                                             +0     451   
      g185/Y           OAI21X1           1   2.7   44   +40     491 R 
      g184/B                                             +0     491   
      g184/Y           AOI21X1           1   1.5   15   +31     522 F 
      drc_bufs/A                                         +0     522   
      drc_bufs/Y       BUFX2             1   2.6    3   +34     556 F 
      g183/B                                             +0     556   
      g183/Y           OAI21X1           2   4.8   54   +46     603 R 
    comp8_a/a_gt_b 
  prg_ab/sn_out_a 
  g70/B                                                  +0     603   
  g70/Y                NAND2X1           1   1.5   16   +24     626 F 
  drc_bufs72/A                                           +0     626   
  drc_bufs72/Y         BUFX2             1   2.6    4   +34     661 F 
  g67/A                                                  +0     661   
  g67/Y                OAI21X1           1   2.8   46   +42     703 R 
prg_c/sn_out 
g30/B                                                    +0     703   
g30/Y                  NAND3X1           1   1.5   14   +20     724 F 
drc_bufs/A                                               +0     724   
drc_bufs/Y             BUFX2             1   1.5    1   +33     757 F 
g29/A                                                    +0     757   
g29/Y                  INVX1             1   2.3    0    -2     755 R 
g28/B                                                    +0     755   
g28/Y                  AND2X1           32 132.5  656  +444    1199 R 
stoch2bin_out/en 
  g147/S                                                 +0    1199   
  g147/Y               MUX2X1            1   1.5  103  +140    1338 F 
  g132/A                                                 +0    1338   
  g132/Y               INVX1             1   2.0    0   +33    1372 R 
  out_reg[22]/D        DFFSR                             +0    1372   
  out_reg[22]/CLK      setup                        0   +70    1442 R 
- - - - - - - - - - - - - - - - - - - - - - - - - - - - - - - - - - - 
(clock clk)            capture                                 5000 R 
                       uncertainty                      -50    4950 R 
----------------------------------------------------------------------
Cost Group   : 'clk' (path_group 'clk')
Timing slack :    3508ps 
Start-point  : prg_c/prg_ab/ctr4/out_reg[1]/CLK
End-point    : stoch2bin_out/out_reg[22]/D
