============================================================
  Generated by:           Encounter(R) RTL Compiler RC14.28 - v14.20-s067_1
  Generated on:           Mar 22 2019  07:40:19 pm
  Module:                 dsc_mul
  Technology library:     gscl45nm 
  Operating conditions:   typical (balanced_tree)
  Wireload mode:          enclosed
  Area mode:              timing library
============================================================

                       Leakage    Dynamic     Total   
    Instance    Cells Power(nW)  Power(nW)  Power(nW) 
------------------------------------------------------
dsc_mul           239  7707.301 456685.094 464392.394 
  stoch2bin_out    78  3111.507 155327.303 158438.810 
  prg_d            40  1152.573  61053.196  62205.768 
    ctr4           24   930.125  50266.846  51196.972 
    comp4          16   222.447  10786.349  11008.797 
      comp1         2    49.307   2129.561   2178.867 
      comp2         2    49.307   2124.989   2174.296 
      comp3         2    49.307   1734.885   1784.192 
      comp0         2    17.348    630.850    648.198 
  prg_b            39  1132.819  71522.875  72655.694 
    ctr4           23   910.372  61090.360  62000.732 
    comp4          16   222.447  10432.514  10654.962 
      comp1         2    49.307   1974.527   2023.833 
      comp2         2    49.307   2243.346   2292.653 
      comp3         2    49.307   1915.344   1964.650 
      comp0         2    17.348    595.547    612.895 
  prg_c            39  1132.819  71497.141  72629.960 
    ctr4           23   910.372  60708.889  61619.261 
    comp4          16   222.447  10788.253  11010.700 
      comp1         2    49.307   2046.542   2095.848 
      comp2         2    49.307   2209.009   2258.316 
      comp3         2    49.307   1854.125   1903.432 
      comp0         2    17.348    597.388    614.735 
  prg_a            38  1115.280  73306.872  74422.152 
    ctr4           22   892.833  62166.587  63059.419 
    comp4          16   222.447  11140.285  11362.732 
      comp1         2    49.307   2258.619   2307.925 
      comp2         2    49.307   2156.206   2205.512 
      comp3         2    49.307   1872.849   1922.156 
      comp0         2    17.348    641.878    659.226 

