============================================================
  Generated by:           Encounter(R) RTL Compiler RC14.28 - v14.20-s067_1
  Generated on:           Mar 26 2019  09:21:46 pm
  Module:                 dsc_mul
  Technology library:     gscl45nm 
  Operating conditions:   typical (balanced_tree)
  Wireload mode:          enclosed
  Area mode:              timing library
============================================================


-------------------------------------------------------
TCF summary for top design
-------------------------------------------------------
Asserted Primary inputs in design         : 0 (0.00%)
Total connected primary inputs in design  : 23 (100.00%)
-------------------------------------------------------
Asserted sequential outputs               : 0 (0.00%)
Total connected sequential outputs        : 43 (100.00%)
-------------------------------------------------------
Total nets in design                      : 1396 (100.00%)
Nets asserted                             : 0 (0.00%)
Nets computed                             : 962 (68.91%)
Default nets                              : 201 (14.40%)
Clock nets with no assertions             : 12 (0.86%)
Constant nets                             : 175 (12.54%)
Nets with no assertions                   : 1396 (100.00%)
-------------------------------------------------------
